[2023-11-16T09:44:18.371+0000] {processor.py:157} INFO - Started process (PID=6265) to work on /opt/airflow/dags/update_dwh_dag.py
[2023-11-16T09:44:18.371+0000] {processor.py:829} INFO - Processing file /opt/airflow/dags/update_dwh_dag.py for tasks to queue
[2023-11-16T09:44:18.373+0000] {logging_mixin.py:151} INFO - [2023-11-16T09:44:18.373+0000] {dagbag.py:536} INFO - Filling up the DagBag from /opt/airflow/dags/update_dwh_dag.py
[2023-11-16T09:44:18.389+0000] {processor.py:839} INFO - DAG(s) dict_keys(['update_dwh']) retrieved from /opt/airflow/dags/update_dwh_dag.py
[2023-11-16T09:44:18.411+0000] {logging_mixin.py:151} INFO - [2023-11-16T09:44:18.410+0000] {dag.py:2941} INFO - Sync 1 DAGs
[2023-11-16T09:44:18.431+0000] {logging_mixin.py:151} INFO - [2023-11-16T09:44:18.431+0000] {dag.py:3722} INFO - Setting next_dagrun for update_dwh to 2023-11-15T00:00:00+00:00, run_after=2023-11-16T00:00:00+00:00
[2023-11-16T09:44:18.445+0000] {processor.py:179} INFO - Processing /opt/airflow/dags/update_dwh_dag.py took 0.077 seconds
[2023-11-16T09:44:48.483+0000] {processor.py:157} INFO - Started process (PID=6320) to work on /opt/airflow/dags/update_dwh_dag.py
[2023-11-16T09:44:48.484+0000] {processor.py:829} INFO - Processing file /opt/airflow/dags/update_dwh_dag.py for tasks to queue
[2023-11-16T09:44:48.487+0000] {logging_mixin.py:151} INFO - [2023-11-16T09:44:48.487+0000] {dagbag.py:536} INFO - Filling up the DagBag from /opt/airflow/dags/update_dwh_dag.py
[2023-11-16T09:44:48.497+0000] {processor.py:839} INFO - DAG(s) dict_keys(['update_dwh']) retrieved from /opt/airflow/dags/update_dwh_dag.py
[2023-11-16T09:44:48.512+0000] {logging_mixin.py:151} INFO - [2023-11-16T09:44:48.512+0000] {dag.py:2941} INFO - Sync 1 DAGs
[2023-11-16T09:44:48.528+0000] {logging_mixin.py:151} INFO - [2023-11-16T09:44:48.528+0000] {dag.py:3722} INFO - Setting next_dagrun for update_dwh to 2023-11-16T00:00:00+00:00, run_after=2023-11-17T00:00:00+00:00
[2023-11-16T09:44:48.540+0000] {processor.py:179} INFO - Processing /opt/airflow/dags/update_dwh_dag.py took 0.061 seconds
[2023-11-16T09:45:18.590+0000] {processor.py:157} INFO - Started process (PID=6376) to work on /opt/airflow/dags/update_dwh_dag.py
[2023-11-16T09:45:18.590+0000] {processor.py:829} INFO - Processing file /opt/airflow/dags/update_dwh_dag.py for tasks to queue
[2023-11-16T09:45:18.592+0000] {logging_mixin.py:151} INFO - [2023-11-16T09:45:18.591+0000] {dagbag.py:536} INFO - Filling up the DagBag from /opt/airflow/dags/update_dwh_dag.py
[2023-11-16T09:45:18.599+0000] {processor.py:839} INFO - DAG(s) dict_keys(['update_dwh']) retrieved from /opt/airflow/dags/update_dwh_dag.py
[2023-11-16T09:45:18.617+0000] {logging_mixin.py:151} INFO - [2023-11-16T09:45:18.617+0000] {dag.py:2941} INFO - Sync 1 DAGs
[2023-11-16T09:45:18.635+0000] {logging_mixin.py:151} INFO - [2023-11-16T09:45:18.634+0000] {dag.py:3722} INFO - Setting next_dagrun for update_dwh to 2023-11-16T00:00:00+00:00, run_after=2023-11-17T00:00:00+00:00
[2023-11-16T09:45:18.648+0000] {processor.py:179} INFO - Processing /opt/airflow/dags/update_dwh_dag.py took 0.061 seconds
[2023-11-16T09:45:48.685+0000] {processor.py:157} INFO - Started process (PID=6432) to work on /opt/airflow/dags/update_dwh_dag.py
[2023-11-16T09:45:48.686+0000] {processor.py:829} INFO - Processing file /opt/airflow/dags/update_dwh_dag.py for tasks to queue
[2023-11-16T09:45:48.687+0000] {logging_mixin.py:151} INFO - [2023-11-16T09:45:48.687+0000] {dagbag.py:536} INFO - Filling up the DagBag from /opt/airflow/dags/update_dwh_dag.py
[2023-11-16T09:45:48.694+0000] {processor.py:839} INFO - DAG(s) dict_keys(['update_dwh']) retrieved from /opt/airflow/dags/update_dwh_dag.py
[2023-11-16T09:45:48.711+0000] {logging_mixin.py:151} INFO - [2023-11-16T09:45:48.711+0000] {dag.py:2941} INFO - Sync 1 DAGs
[2023-11-16T09:45:48.728+0000] {logging_mixin.py:151} INFO - [2023-11-16T09:45:48.728+0000] {dag.py:3722} INFO - Setting next_dagrun for update_dwh to 2023-11-16T00:00:00+00:00, run_after=2023-11-17T00:00:00+00:00
[2023-11-16T09:45:48.741+0000] {processor.py:179} INFO - Processing /opt/airflow/dags/update_dwh_dag.py took 0.058 seconds
[2023-11-16T09:46:18.856+0000] {processor.py:157} INFO - Started process (PID=6489) to work on /opt/airflow/dags/update_dwh_dag.py
[2023-11-16T09:46:18.857+0000] {processor.py:829} INFO - Processing file /opt/airflow/dags/update_dwh_dag.py for tasks to queue
[2023-11-16T09:46:18.859+0000] {logging_mixin.py:151} INFO - [2023-11-16T09:46:18.858+0000] {dagbag.py:536} INFO - Filling up the DagBag from /opt/airflow/dags/update_dwh_dag.py
[2023-11-16T09:46:18.866+0000] {processor.py:839} INFO - DAG(s) dict_keys(['update_dwh']) retrieved from /opt/airflow/dags/update_dwh_dag.py
[2023-11-16T09:46:18.887+0000] {logging_mixin.py:151} INFO - [2023-11-16T09:46:18.887+0000] {dag.py:2941} INFO - Sync 1 DAGs
[2023-11-16T09:46:18.908+0000] {logging_mixin.py:151} INFO - [2023-11-16T09:46:18.908+0000] {dag.py:3722} INFO - Setting next_dagrun for update_dwh to 2023-11-16T00:00:00+00:00, run_after=2023-11-17T00:00:00+00:00
[2023-11-16T09:46:18.920+0000] {processor.py:179} INFO - Processing /opt/airflow/dags/update_dwh_dag.py took 0.066 seconds
[2023-11-16T09:46:49.035+0000] {processor.py:157} INFO - Started process (PID=6552) to work on /opt/airflow/dags/update_dwh_dag.py
[2023-11-16T09:46:49.036+0000] {processor.py:829} INFO - Processing file /opt/airflow/dags/update_dwh_dag.py for tasks to queue
[2023-11-16T09:46:49.038+0000] {logging_mixin.py:151} INFO - [2023-11-16T09:46:49.038+0000] {dagbag.py:536} INFO - Filling up the DagBag from /opt/airflow/dags/update_dwh_dag.py
[2023-11-16T09:46:49.048+0000] {processor.py:839} INFO - DAG(s) dict_keys(['update_dwh']) retrieved from /opt/airflow/dags/update_dwh_dag.py
[2023-11-16T09:46:49.069+0000] {logging_mixin.py:151} INFO - [2023-11-16T09:46:49.069+0000] {dag.py:2941} INFO - Sync 1 DAGs
[2023-11-16T09:46:49.083+0000] {logging_mixin.py:151} INFO - [2023-11-16T09:46:49.083+0000] {dag.py:3722} INFO - Setting next_dagrun for update_dwh to 2023-11-16T00:00:00+00:00, run_after=2023-11-17T00:00:00+00:00
[2023-11-16T09:46:49.094+0000] {processor.py:179} INFO - Processing /opt/airflow/dags/update_dwh_dag.py took 0.062 seconds
[2023-11-16T09:47:19.117+0000] {processor.py:157} INFO - Started process (PID=6609) to work on /opt/airflow/dags/update_dwh_dag.py
[2023-11-16T09:47:19.117+0000] {processor.py:829} INFO - Processing file /opt/airflow/dags/update_dwh_dag.py for tasks to queue
[2023-11-16T09:47:19.119+0000] {logging_mixin.py:151} INFO - [2023-11-16T09:47:19.118+0000] {dagbag.py:536} INFO - Filling up the DagBag from /opt/airflow/dags/update_dwh_dag.py
[2023-11-16T09:47:19.126+0000] {processor.py:839} INFO - DAG(s) dict_keys(['update_dwh']) retrieved from /opt/airflow/dags/update_dwh_dag.py
[2023-11-16T09:47:19.140+0000] {logging_mixin.py:151} INFO - [2023-11-16T09:47:19.140+0000] {dag.py:2941} INFO - Sync 1 DAGs
[2023-11-16T09:47:19.154+0000] {logging_mixin.py:151} INFO - [2023-11-16T09:47:19.154+0000] {dag.py:3722} INFO - Setting next_dagrun for update_dwh to 2023-11-16T00:00:00+00:00, run_after=2023-11-17T00:00:00+00:00
[2023-11-16T09:47:19.165+0000] {processor.py:179} INFO - Processing /opt/airflow/dags/update_dwh_dag.py took 0.050 seconds
[2023-11-16T09:47:49.264+0000] {processor.py:157} INFO - Started process (PID=6664) to work on /opt/airflow/dags/update_dwh_dag.py
[2023-11-16T09:47:49.265+0000] {processor.py:829} INFO - Processing file /opt/airflow/dags/update_dwh_dag.py for tasks to queue
[2023-11-16T09:47:49.267+0000] {logging_mixin.py:151} INFO - [2023-11-16T09:47:49.266+0000] {dagbag.py:536} INFO - Filling up the DagBag from /opt/airflow/dags/update_dwh_dag.py
[2023-11-16T09:47:49.275+0000] {processor.py:839} INFO - DAG(s) dict_keys(['update_dwh']) retrieved from /opt/airflow/dags/update_dwh_dag.py
[2023-11-16T09:47:49.293+0000] {logging_mixin.py:151} INFO - [2023-11-16T09:47:49.292+0000] {dag.py:2941} INFO - Sync 1 DAGs
[2023-11-16T09:47:49.308+0000] {logging_mixin.py:151} INFO - [2023-11-16T09:47:49.308+0000] {dag.py:3722} INFO - Setting next_dagrun for update_dwh to 2023-11-16T00:00:00+00:00, run_after=2023-11-17T00:00:00+00:00
[2023-11-16T09:47:49.320+0000] {processor.py:179} INFO - Processing /opt/airflow/dags/update_dwh_dag.py took 0.059 seconds
[2023-11-16T09:48:19.337+0000] {processor.py:157} INFO - Started process (PID=6721) to work on /opt/airflow/dags/update_dwh_dag.py
[2023-11-16T09:48:19.338+0000] {processor.py:829} INFO - Processing file /opt/airflow/dags/update_dwh_dag.py for tasks to queue
[2023-11-16T09:48:19.339+0000] {logging_mixin.py:151} INFO - [2023-11-16T09:48:19.339+0000] {dagbag.py:536} INFO - Filling up the DagBag from /opt/airflow/dags/update_dwh_dag.py
[2023-11-16T09:48:19.347+0000] {processor.py:839} INFO - DAG(s) dict_keys(['update_dwh']) retrieved from /opt/airflow/dags/update_dwh_dag.py
[2023-11-16T09:48:19.361+0000] {logging_mixin.py:151} INFO - [2023-11-16T09:48:19.361+0000] {dag.py:2941} INFO - Sync 1 DAGs
[2023-11-16T09:48:19.375+0000] {logging_mixin.py:151} INFO - [2023-11-16T09:48:19.375+0000] {dag.py:3722} INFO - Setting next_dagrun for update_dwh to 2023-11-16T00:00:00+00:00, run_after=2023-11-17T00:00:00+00:00
[2023-11-16T09:48:19.384+0000] {processor.py:179} INFO - Processing /opt/airflow/dags/update_dwh_dag.py took 0.049 seconds
[2023-11-16T09:48:49.448+0000] {processor.py:157} INFO - Started process (PID=6776) to work on /opt/airflow/dags/update_dwh_dag.py
[2023-11-16T09:48:49.450+0000] {processor.py:829} INFO - Processing file /opt/airflow/dags/update_dwh_dag.py for tasks to queue
[2023-11-16T09:48:49.452+0000] {logging_mixin.py:151} INFO - [2023-11-16T09:48:49.452+0000] {dagbag.py:536} INFO - Filling up the DagBag from /opt/airflow/dags/update_dwh_dag.py
[2023-11-16T09:48:49.462+0000] {processor.py:839} INFO - DAG(s) dict_keys(['update_dwh']) retrieved from /opt/airflow/dags/update_dwh_dag.py
[2023-11-16T09:48:49.480+0000] {logging_mixin.py:151} INFO - [2023-11-16T09:48:49.480+0000] {dag.py:2941} INFO - Sync 1 DAGs
[2023-11-16T09:48:49.501+0000] {logging_mixin.py:151} INFO - [2023-11-16T09:48:49.501+0000] {dag.py:3722} INFO - Setting next_dagrun for update_dwh to 2023-11-16T00:00:00+00:00, run_after=2023-11-17T00:00:00+00:00
[2023-11-16T09:48:49.515+0000] {processor.py:179} INFO - Processing /opt/airflow/dags/update_dwh_dag.py took 0.070 seconds
[2023-11-16T09:49:19.570+0000] {processor.py:157} INFO - Started process (PID=6832) to work on /opt/airflow/dags/update_dwh_dag.py
[2023-11-16T09:49:19.571+0000] {processor.py:829} INFO - Processing file /opt/airflow/dags/update_dwh_dag.py for tasks to queue
[2023-11-16T09:49:19.572+0000] {logging_mixin.py:151} INFO - [2023-11-16T09:49:19.572+0000] {dagbag.py:536} INFO - Filling up the DagBag from /opt/airflow/dags/update_dwh_dag.py
[2023-11-16T09:49:19.579+0000] {processor.py:839} INFO - DAG(s) dict_keys(['update_dwh']) retrieved from /opt/airflow/dags/update_dwh_dag.py
[2023-11-16T09:49:19.595+0000] {logging_mixin.py:151} INFO - [2023-11-16T09:49:19.595+0000] {dag.py:2941} INFO - Sync 1 DAGs
[2023-11-16T09:49:19.612+0000] {logging_mixin.py:151} INFO - [2023-11-16T09:49:19.611+0000] {dag.py:3722} INFO - Setting next_dagrun for update_dwh to 2023-11-16T00:00:00+00:00, run_after=2023-11-17T00:00:00+00:00
[2023-11-16T09:49:19.626+0000] {processor.py:179} INFO - Processing /opt/airflow/dags/update_dwh_dag.py took 0.059 seconds
[2023-11-16T09:49:49.664+0000] {processor.py:157} INFO - Started process (PID=6889) to work on /opt/airflow/dags/update_dwh_dag.py
[2023-11-16T09:49:49.665+0000] {processor.py:829} INFO - Processing file /opt/airflow/dags/update_dwh_dag.py for tasks to queue
[2023-11-16T09:49:49.666+0000] {logging_mixin.py:151} INFO - [2023-11-16T09:49:49.666+0000] {dagbag.py:536} INFO - Filling up the DagBag from /opt/airflow/dags/update_dwh_dag.py
[2023-11-16T09:49:49.673+0000] {processor.py:839} INFO - DAG(s) dict_keys(['update_dwh']) retrieved from /opt/airflow/dags/update_dwh_dag.py
[2023-11-16T09:49:49.688+0000] {logging_mixin.py:151} INFO - [2023-11-16T09:49:49.688+0000] {dag.py:2941} INFO - Sync 1 DAGs
[2023-11-16T09:49:49.705+0000] {logging_mixin.py:151} INFO - [2023-11-16T09:49:49.705+0000] {dag.py:3722} INFO - Setting next_dagrun for update_dwh to 2023-11-16T00:00:00+00:00, run_after=2023-11-17T00:00:00+00:00
[2023-11-16T09:49:49.718+0000] {processor.py:179} INFO - Processing /opt/airflow/dags/update_dwh_dag.py took 0.056 seconds
[2023-11-16T09:50:19.788+0000] {processor.py:157} INFO - Started process (PID=6946) to work on /opt/airflow/dags/update_dwh_dag.py
[2023-11-16T09:50:19.789+0000] {processor.py:829} INFO - Processing file /opt/airflow/dags/update_dwh_dag.py for tasks to queue
[2023-11-16T09:50:19.790+0000] {logging_mixin.py:151} INFO - [2023-11-16T09:50:19.790+0000] {dagbag.py:536} INFO - Filling up the DagBag from /opt/airflow/dags/update_dwh_dag.py
[2023-11-16T09:50:19.800+0000] {processor.py:839} INFO - DAG(s) dict_keys(['update_dwh']) retrieved from /opt/airflow/dags/update_dwh_dag.py
[2023-11-16T09:50:19.819+0000] {logging_mixin.py:151} INFO - [2023-11-16T09:50:19.819+0000] {dag.py:2941} INFO - Sync 1 DAGs
[2023-11-16T09:50:19.835+0000] {logging_mixin.py:151} INFO - [2023-11-16T09:50:19.835+0000] {dag.py:3722} INFO - Setting next_dagrun for update_dwh to 2023-11-16T00:00:00+00:00, run_after=2023-11-17T00:00:00+00:00
[2023-11-16T09:50:19.846+0000] {processor.py:179} INFO - Processing /opt/airflow/dags/update_dwh_dag.py took 0.061 seconds
[2023-11-16T09:50:49.992+0000] {processor.py:157} INFO - Started process (PID=7000) to work on /opt/airflow/dags/update_dwh_dag.py
[2023-11-16T09:50:49.993+0000] {processor.py:829} INFO - Processing file /opt/airflow/dags/update_dwh_dag.py for tasks to queue
[2023-11-16T09:50:49.994+0000] {logging_mixin.py:151} INFO - [2023-11-16T09:50:49.994+0000] {dagbag.py:536} INFO - Filling up the DagBag from /opt/airflow/dags/update_dwh_dag.py
[2023-11-16T09:50:50.002+0000] {processor.py:839} INFO - DAG(s) dict_keys(['update_dwh']) retrieved from /opt/airflow/dags/update_dwh_dag.py
[2023-11-16T09:50:50.027+0000] {logging_mixin.py:151} INFO - [2023-11-16T09:50:50.027+0000] {dag.py:2941} INFO - Sync 1 DAGs
[2023-11-16T09:50:50.059+0000] {logging_mixin.py:151} INFO - [2023-11-16T09:50:50.058+0000] {dag.py:3722} INFO - Setting next_dagrun for update_dwh to 2023-11-16T00:00:00+00:00, run_after=2023-11-17T00:00:00+00:00
[2023-11-16T09:50:50.081+0000] {processor.py:179} INFO - Processing /opt/airflow/dags/update_dwh_dag.py took 0.092 seconds
[2023-11-16T09:51:20.130+0000] {processor.py:157} INFO - Started process (PID=7058) to work on /opt/airflow/dags/update_dwh_dag.py
[2023-11-16T09:51:20.130+0000] {processor.py:829} INFO - Processing file /opt/airflow/dags/update_dwh_dag.py for tasks to queue
[2023-11-16T09:51:20.132+0000] {logging_mixin.py:151} INFO - [2023-11-16T09:51:20.132+0000] {dagbag.py:536} INFO - Filling up the DagBag from /opt/airflow/dags/update_dwh_dag.py
[2023-11-16T09:51:20.140+0000] {processor.py:839} INFO - DAG(s) dict_keys(['update_dwh']) retrieved from /opt/airflow/dags/update_dwh_dag.py
[2023-11-16T09:51:20.158+0000] {logging_mixin.py:151} INFO - [2023-11-16T09:51:20.157+0000] {dag.py:2941} INFO - Sync 1 DAGs
[2023-11-16T09:51:20.172+0000] {logging_mixin.py:151} INFO - [2023-11-16T09:51:20.172+0000] {dag.py:3722} INFO - Setting next_dagrun for update_dwh to 2023-11-16T00:00:00+00:00, run_after=2023-11-17T00:00:00+00:00
[2023-11-16T09:51:20.183+0000] {processor.py:179} INFO - Processing /opt/airflow/dags/update_dwh_dag.py took 0.055 seconds
[2023-11-16T09:51:50.401+0000] {processor.py:157} INFO - Started process (PID=7112) to work on /opt/airflow/dags/update_dwh_dag.py
[2023-11-16T09:51:50.404+0000] {processor.py:829} INFO - Processing file /opt/airflow/dags/update_dwh_dag.py for tasks to queue
[2023-11-16T09:51:50.405+0000] {logging_mixin.py:151} INFO - [2023-11-16T09:51:50.405+0000] {dagbag.py:536} INFO - Filling up the DagBag from /opt/airflow/dags/update_dwh_dag.py
[2023-11-16T09:51:50.412+0000] {processor.py:839} INFO - DAG(s) dict_keys(['update_dwh']) retrieved from /opt/airflow/dags/update_dwh_dag.py
[2023-11-16T09:51:50.429+0000] {logging_mixin.py:151} INFO - [2023-11-16T09:51:50.429+0000] {dag.py:2941} INFO - Sync 1 DAGs
[2023-11-16T09:51:50.446+0000] {logging_mixin.py:151} INFO - [2023-11-16T09:51:50.446+0000] {dag.py:3722} INFO - Setting next_dagrun for update_dwh to 2023-11-16T00:00:00+00:00, run_after=2023-11-17T00:00:00+00:00
[2023-11-16T09:51:50.460+0000] {processor.py:179} INFO - Processing /opt/airflow/dags/update_dwh_dag.py took 0.061 seconds
[2023-11-16T09:52:20.486+0000] {processor.py:157} INFO - Started process (PID=7168) to work on /opt/airflow/dags/update_dwh_dag.py
[2023-11-16T09:52:20.487+0000] {processor.py:829} INFO - Processing file /opt/airflow/dags/update_dwh_dag.py for tasks to queue
[2023-11-16T09:52:20.488+0000] {logging_mixin.py:151} INFO - [2023-11-16T09:52:20.488+0000] {dagbag.py:536} INFO - Filling up the DagBag from /opt/airflow/dags/update_dwh_dag.py
[2023-11-16T09:52:20.496+0000] {processor.py:839} INFO - DAG(s) dict_keys(['update_dwh']) retrieved from /opt/airflow/dags/update_dwh_dag.py
[2023-11-16T09:52:20.515+0000] {logging_mixin.py:151} INFO - [2023-11-16T09:52:20.515+0000] {dag.py:2941} INFO - Sync 1 DAGs
[2023-11-16T09:52:20.531+0000] {logging_mixin.py:151} INFO - [2023-11-16T09:52:20.531+0000] {dag.py:3722} INFO - Setting next_dagrun for update_dwh to 2023-11-16T00:00:00+00:00, run_after=2023-11-17T00:00:00+00:00
[2023-11-16T09:52:20.543+0000] {processor.py:179} INFO - Processing /opt/airflow/dags/update_dwh_dag.py took 0.060 seconds
[2023-11-16T09:52:51.324+0000] {processor.py:157} INFO - Started process (PID=7225) to work on /opt/airflow/dags/update_dwh_dag.py
[2023-11-16T09:52:51.324+0000] {processor.py:829} INFO - Processing file /opt/airflow/dags/update_dwh_dag.py for tasks to queue
[2023-11-16T09:52:51.325+0000] {logging_mixin.py:151} INFO - [2023-11-16T09:52:51.325+0000] {dagbag.py:536} INFO - Filling up the DagBag from /opt/airflow/dags/update_dwh_dag.py
[2023-11-16T09:52:51.333+0000] {processor.py:839} INFO - DAG(s) dict_keys(['update_dwh']) retrieved from /opt/airflow/dags/update_dwh_dag.py
[2023-11-16T09:52:51.348+0000] {logging_mixin.py:151} INFO - [2023-11-16T09:52:51.347+0000] {dag.py:2941} INFO - Sync 1 DAGs
[2023-11-16T09:52:51.363+0000] {logging_mixin.py:151} INFO - [2023-11-16T09:52:51.363+0000] {dag.py:3722} INFO - Setting next_dagrun for update_dwh to 2023-11-16T00:00:00+00:00, run_after=2023-11-17T00:00:00+00:00
[2023-11-16T09:52:51.374+0000] {processor.py:179} INFO - Processing /opt/airflow/dags/update_dwh_dag.py took 0.052 seconds
[2023-11-16T09:53:22.046+0000] {processor.py:157} INFO - Started process (PID=7281) to work on /opt/airflow/dags/update_dwh_dag.py
[2023-11-16T09:53:22.047+0000] {processor.py:829} INFO - Processing file /opt/airflow/dags/update_dwh_dag.py for tasks to queue
[2023-11-16T09:53:22.048+0000] {logging_mixin.py:151} INFO - [2023-11-16T09:53:22.048+0000] {dagbag.py:536} INFO - Filling up the DagBag from /opt/airflow/dags/update_dwh_dag.py
[2023-11-16T09:53:22.055+0000] {processor.py:839} INFO - DAG(s) dict_keys(['update_dwh']) retrieved from /opt/airflow/dags/update_dwh_dag.py
[2023-11-16T09:53:22.075+0000] {logging_mixin.py:151} INFO - [2023-11-16T09:53:22.075+0000] {dag.py:2941} INFO - Sync 1 DAGs
[2023-11-16T09:53:22.093+0000] {logging_mixin.py:151} INFO - [2023-11-16T09:53:22.092+0000] {dag.py:3722} INFO - Setting next_dagrun for update_dwh to 2023-11-16T00:00:00+00:00, run_after=2023-11-17T00:00:00+00:00
[2023-11-16T09:53:22.105+0000] {processor.py:179} INFO - Processing /opt/airflow/dags/update_dwh_dag.py took 0.064 seconds
[2023-11-16T09:53:52.137+0000] {processor.py:157} INFO - Started process (PID=7337) to work on /opt/airflow/dags/update_dwh_dag.py
[2023-11-16T09:53:52.138+0000] {processor.py:829} INFO - Processing file /opt/airflow/dags/update_dwh_dag.py for tasks to queue
[2023-11-16T09:53:52.139+0000] {logging_mixin.py:151} INFO - [2023-11-16T09:53:52.139+0000] {dagbag.py:536} INFO - Filling up the DagBag from /opt/airflow/dags/update_dwh_dag.py
[2023-11-16T09:53:52.146+0000] {processor.py:839} INFO - DAG(s) dict_keys(['update_dwh']) retrieved from /opt/airflow/dags/update_dwh_dag.py
[2023-11-16T09:53:52.160+0000] {logging_mixin.py:151} INFO - [2023-11-16T09:53:52.160+0000] {dag.py:2941} INFO - Sync 1 DAGs
[2023-11-16T09:53:52.175+0000] {logging_mixin.py:151} INFO - [2023-11-16T09:53:52.175+0000] {dag.py:3722} INFO - Setting next_dagrun for update_dwh to 2023-11-16T00:00:00+00:00, run_after=2023-11-17T00:00:00+00:00
[2023-11-16T09:53:52.185+0000] {processor.py:179} INFO - Processing /opt/airflow/dags/update_dwh_dag.py took 0.050 seconds
[2023-11-16T09:54:22.205+0000] {processor.py:157} INFO - Started process (PID=7392) to work on /opt/airflow/dags/update_dwh_dag.py
[2023-11-16T09:54:22.207+0000] {processor.py:829} INFO - Processing file /opt/airflow/dags/update_dwh_dag.py for tasks to queue
[2023-11-16T09:54:22.209+0000] {logging_mixin.py:151} INFO - [2023-11-16T09:54:22.208+0000] {dagbag.py:536} INFO - Filling up the DagBag from /opt/airflow/dags/update_dwh_dag.py
[2023-11-16T09:54:22.217+0000] {processor.py:839} INFO - DAG(s) dict_keys(['update_dwh']) retrieved from /opt/airflow/dags/update_dwh_dag.py
[2023-11-16T09:54:22.232+0000] {logging_mixin.py:151} INFO - [2023-11-16T09:54:22.231+0000] {dag.py:2941} INFO - Sync 1 DAGs
[2023-11-16T09:54:22.245+0000] {logging_mixin.py:151} INFO - [2023-11-16T09:54:22.245+0000] {dag.py:3722} INFO - Setting next_dagrun for update_dwh to 2023-11-16T00:00:00+00:00, run_after=2023-11-17T00:00:00+00:00
[2023-11-16T09:54:22.255+0000] {processor.py:179} INFO - Processing /opt/airflow/dags/update_dwh_dag.py took 0.053 seconds
[2023-11-16T09:54:52.286+0000] {processor.py:157} INFO - Started process (PID=7448) to work on /opt/airflow/dags/update_dwh_dag.py
[2023-11-16T09:54:52.287+0000] {processor.py:829} INFO - Processing file /opt/airflow/dags/update_dwh_dag.py for tasks to queue
[2023-11-16T09:54:52.288+0000] {logging_mixin.py:151} INFO - [2023-11-16T09:54:52.288+0000] {dagbag.py:536} INFO - Filling up the DagBag from /opt/airflow/dags/update_dwh_dag.py
[2023-11-16T09:54:52.295+0000] {processor.py:839} INFO - DAG(s) dict_keys(['update_dwh']) retrieved from /opt/airflow/dags/update_dwh_dag.py
[2023-11-16T09:54:52.310+0000] {logging_mixin.py:151} INFO - [2023-11-16T09:54:52.310+0000] {dag.py:2941} INFO - Sync 1 DAGs
[2023-11-16T09:54:52.324+0000] {logging_mixin.py:151} INFO - [2023-11-16T09:54:52.324+0000] {dag.py:3722} INFO - Setting next_dagrun for update_dwh to 2023-11-16T00:00:00+00:00, run_after=2023-11-17T00:00:00+00:00
[2023-11-16T09:54:52.337+0000] {processor.py:179} INFO - Processing /opt/airflow/dags/update_dwh_dag.py took 0.053 seconds
[2023-11-16T09:55:22.424+0000] {processor.py:157} INFO - Started process (PID=7504) to work on /opt/airflow/dags/update_dwh_dag.py
[2023-11-16T09:55:22.426+0000] {processor.py:829} INFO - Processing file /opt/airflow/dags/update_dwh_dag.py for tasks to queue
[2023-11-16T09:55:22.428+0000] {logging_mixin.py:151} INFO - [2023-11-16T09:55:22.428+0000] {dagbag.py:536} INFO - Filling up the DagBag from /opt/airflow/dags/update_dwh_dag.py
[2023-11-16T09:55:22.437+0000] {processor.py:839} INFO - DAG(s) dict_keys(['update_dwh']) retrieved from /opt/airflow/dags/update_dwh_dag.py
[2023-11-16T09:55:22.453+0000] {logging_mixin.py:151} INFO - [2023-11-16T09:55:22.453+0000] {dag.py:2941} INFO - Sync 1 DAGs
[2023-11-16T09:55:22.470+0000] {logging_mixin.py:151} INFO - [2023-11-16T09:55:22.470+0000] {dag.py:3722} INFO - Setting next_dagrun for update_dwh to 2023-11-16T00:00:00+00:00, run_after=2023-11-17T00:00:00+00:00
[2023-11-16T09:55:22.483+0000] {processor.py:179} INFO - Processing /opt/airflow/dags/update_dwh_dag.py took 0.064 seconds
[2023-11-16T09:55:52.588+0000] {processor.py:157} INFO - Started process (PID=7560) to work on /opt/airflow/dags/update_dwh_dag.py
[2023-11-16T09:55:52.588+0000] {processor.py:829} INFO - Processing file /opt/airflow/dags/update_dwh_dag.py for tasks to queue
[2023-11-16T09:55:52.589+0000] {logging_mixin.py:151} INFO - [2023-11-16T09:55:52.589+0000] {dagbag.py:536} INFO - Filling up the DagBag from /opt/airflow/dags/update_dwh_dag.py
[2023-11-16T09:55:52.599+0000] {processor.py:839} INFO - DAG(s) dict_keys(['update_dwh']) retrieved from /opt/airflow/dags/update_dwh_dag.py
[2023-11-16T09:55:52.617+0000] {logging_mixin.py:151} INFO - [2023-11-16T09:55:52.616+0000] {dag.py:2941} INFO - Sync 1 DAGs
[2023-11-16T09:55:52.633+0000] {logging_mixin.py:151} INFO - [2023-11-16T09:55:52.633+0000] {dag.py:3722} INFO - Setting next_dagrun for update_dwh to 2023-11-16T00:00:00+00:00, run_after=2023-11-17T00:00:00+00:00
[2023-11-16T09:55:52.644+0000] {processor.py:179} INFO - Processing /opt/airflow/dags/update_dwh_dag.py took 0.059 seconds
[2023-11-16T09:56:22.670+0000] {processor.py:157} INFO - Started process (PID=7616) to work on /opt/airflow/dags/update_dwh_dag.py
[2023-11-16T09:56:22.673+0000] {processor.py:829} INFO - Processing file /opt/airflow/dags/update_dwh_dag.py for tasks to queue
[2023-11-16T09:56:22.674+0000] {logging_mixin.py:151} INFO - [2023-11-16T09:56:22.674+0000] {dagbag.py:536} INFO - Filling up the DagBag from /opt/airflow/dags/update_dwh_dag.py
[2023-11-16T09:56:22.682+0000] {processor.py:839} INFO - DAG(s) dict_keys(['update_dwh']) retrieved from /opt/airflow/dags/update_dwh_dag.py
[2023-11-16T09:56:22.701+0000] {logging_mixin.py:151} INFO - [2023-11-16T09:56:22.700+0000] {dag.py:2941} INFO - Sync 1 DAGs
[2023-11-16T09:56:22.717+0000] {logging_mixin.py:151} INFO - [2023-11-16T09:56:22.717+0000] {dag.py:3722} INFO - Setting next_dagrun for update_dwh to 2023-11-16T00:00:00+00:00, run_after=2023-11-17T00:00:00+00:00
[2023-11-16T09:56:22.730+0000] {processor.py:179} INFO - Processing /opt/airflow/dags/update_dwh_dag.py took 0.063 seconds
[2023-11-16T09:56:53.065+0000] {processor.py:157} INFO - Started process (PID=7672) to work on /opt/airflow/dags/update_dwh_dag.py
[2023-11-16T09:56:53.066+0000] {processor.py:829} INFO - Processing file /opt/airflow/dags/update_dwh_dag.py for tasks to queue
[2023-11-16T09:56:53.068+0000] {logging_mixin.py:151} INFO - [2023-11-16T09:56:53.068+0000] {dagbag.py:536} INFO - Filling up the DagBag from /opt/airflow/dags/update_dwh_dag.py
[2023-11-16T09:56:53.076+0000] {processor.py:839} INFO - DAG(s) dict_keys(['update_dwh']) retrieved from /opt/airflow/dags/update_dwh_dag.py
[2023-11-16T09:56:53.093+0000] {logging_mixin.py:151} INFO - [2023-11-16T09:56:53.092+0000] {dag.py:2941} INFO - Sync 1 DAGs
[2023-11-16T09:56:53.110+0000] {logging_mixin.py:151} INFO - [2023-11-16T09:56:53.110+0000] {dag.py:3722} INFO - Setting next_dagrun for update_dwh to 2023-11-16T00:00:00+00:00, run_after=2023-11-17T00:00:00+00:00
[2023-11-16T09:56:53.125+0000] {processor.py:179} INFO - Processing /opt/airflow/dags/update_dwh_dag.py took 0.063 seconds
[2023-11-16T09:57:23.222+0000] {processor.py:157} INFO - Started process (PID=7728) to work on /opt/airflow/dags/update_dwh_dag.py
[2023-11-16T09:57:23.225+0000] {processor.py:829} INFO - Processing file /opt/airflow/dags/update_dwh_dag.py for tasks to queue
[2023-11-16T09:57:23.226+0000] {logging_mixin.py:151} INFO - [2023-11-16T09:57:23.226+0000] {dagbag.py:536} INFO - Filling up the DagBag from /opt/airflow/dags/update_dwh_dag.py
[2023-11-16T09:57:23.234+0000] {processor.py:839} INFO - DAG(s) dict_keys(['update_dwh']) retrieved from /opt/airflow/dags/update_dwh_dag.py
[2023-11-16T09:57:23.250+0000] {logging_mixin.py:151} INFO - [2023-11-16T09:57:23.250+0000] {dag.py:2941} INFO - Sync 1 DAGs
[2023-11-16T09:57:23.267+0000] {logging_mixin.py:151} INFO - [2023-11-16T09:57:23.266+0000] {dag.py:3722} INFO - Setting next_dagrun for update_dwh to 2023-11-16T00:00:00+00:00, run_after=2023-11-17T00:00:00+00:00
[2023-11-16T09:57:23.280+0000] {processor.py:179} INFO - Processing /opt/airflow/dags/update_dwh_dag.py took 0.060 seconds
[2023-11-16T09:57:53.333+0000] {processor.py:157} INFO - Started process (PID=7784) to work on /opt/airflow/dags/update_dwh_dag.py
[2023-11-16T09:57:53.336+0000] {processor.py:829} INFO - Processing file /opt/airflow/dags/update_dwh_dag.py for tasks to queue
[2023-11-16T09:57:53.338+0000] {logging_mixin.py:151} INFO - [2023-11-16T09:57:53.338+0000] {dagbag.py:536} INFO - Filling up the DagBag from /opt/airflow/dags/update_dwh_dag.py
[2023-11-16T09:57:53.349+0000] {processor.py:839} INFO - DAG(s) dict_keys(['update_dwh']) retrieved from /opt/airflow/dags/update_dwh_dag.py
[2023-11-16T09:57:53.366+0000] {logging_mixin.py:151} INFO - [2023-11-16T09:57:53.366+0000] {dag.py:2941} INFO - Sync 1 DAGs
[2023-11-16T09:57:53.383+0000] {logging_mixin.py:151} INFO - [2023-11-16T09:57:53.383+0000] {dag.py:3722} INFO - Setting next_dagrun for update_dwh to 2023-11-16T00:00:00+00:00, run_after=2023-11-17T00:00:00+00:00
[2023-11-16T09:57:53.396+0000] {processor.py:179} INFO - Processing /opt/airflow/dags/update_dwh_dag.py took 0.067 seconds
[2023-11-16T09:58:23.447+0000] {processor.py:157} INFO - Started process (PID=7840) to work on /opt/airflow/dags/update_dwh_dag.py
[2023-11-16T09:58:23.450+0000] {processor.py:829} INFO - Processing file /opt/airflow/dags/update_dwh_dag.py for tasks to queue
[2023-11-16T09:58:23.451+0000] {logging_mixin.py:151} INFO - [2023-11-16T09:58:23.451+0000] {dagbag.py:536} INFO - Filling up the DagBag from /opt/airflow/dags/update_dwh_dag.py
[2023-11-16T09:58:23.459+0000] {processor.py:839} INFO - DAG(s) dict_keys(['update_dwh']) retrieved from /opt/airflow/dags/update_dwh_dag.py
[2023-11-16T09:58:23.476+0000] {logging_mixin.py:151} INFO - [2023-11-16T09:58:23.476+0000] {dag.py:2941} INFO - Sync 1 DAGs
[2023-11-16T09:58:23.492+0000] {logging_mixin.py:151} INFO - [2023-11-16T09:58:23.492+0000] {dag.py:3722} INFO - Setting next_dagrun for update_dwh to 2023-11-16T00:00:00+00:00, run_after=2023-11-17T00:00:00+00:00
[2023-11-16T09:58:23.505+0000] {processor.py:179} INFO - Processing /opt/airflow/dags/update_dwh_dag.py took 0.060 seconds
[2023-11-16T09:58:53.561+0000] {processor.py:157} INFO - Started process (PID=7896) to work on /opt/airflow/dags/update_dwh_dag.py
[2023-11-16T09:58:53.564+0000] {processor.py:829} INFO - Processing file /opt/airflow/dags/update_dwh_dag.py for tasks to queue
[2023-11-16T09:58:53.565+0000] {logging_mixin.py:151} INFO - [2023-11-16T09:58:53.565+0000] {dagbag.py:536} INFO - Filling up the DagBag from /opt/airflow/dags/update_dwh_dag.py
[2023-11-16T09:58:53.573+0000] {processor.py:839} INFO - DAG(s) dict_keys(['update_dwh']) retrieved from /opt/airflow/dags/update_dwh_dag.py
[2023-11-16T09:58:53.590+0000] {logging_mixin.py:151} INFO - [2023-11-16T09:58:53.590+0000] {dag.py:2941} INFO - Sync 1 DAGs
[2023-11-16T09:58:53.608+0000] {logging_mixin.py:151} INFO - [2023-11-16T09:58:53.608+0000] {dag.py:3722} INFO - Setting next_dagrun for update_dwh to 2023-11-16T00:00:00+00:00, run_after=2023-11-17T00:00:00+00:00
[2023-11-16T09:58:53.623+0000] {processor.py:179} INFO - Processing /opt/airflow/dags/update_dwh_dag.py took 0.066 seconds
[2023-11-16T09:59:23.745+0000] {processor.py:157} INFO - Started process (PID=7952) to work on /opt/airflow/dags/update_dwh_dag.py
[2023-11-16T09:59:23.748+0000] {processor.py:829} INFO - Processing file /opt/airflow/dags/update_dwh_dag.py for tasks to queue
[2023-11-16T09:59:23.749+0000] {logging_mixin.py:151} INFO - [2023-11-16T09:59:23.749+0000] {dagbag.py:536} INFO - Filling up the DagBag from /opt/airflow/dags/update_dwh_dag.py
[2023-11-16T09:59:23.759+0000] {processor.py:839} INFO - DAG(s) dict_keys(['update_dwh']) retrieved from /opt/airflow/dags/update_dwh_dag.py
[2023-11-16T09:59:23.776+0000] {logging_mixin.py:151} INFO - [2023-11-16T09:59:23.775+0000] {dag.py:2941} INFO - Sync 1 DAGs
[2023-11-16T09:59:23.793+0000] {logging_mixin.py:151} INFO - [2023-11-16T09:59:23.793+0000] {dag.py:3722} INFO - Setting next_dagrun for update_dwh to 2023-11-16T00:00:00+00:00, run_after=2023-11-17T00:00:00+00:00
[2023-11-16T09:59:23.807+0000] {processor.py:179} INFO - Processing /opt/airflow/dags/update_dwh_dag.py took 0.066 seconds
[2023-11-16T09:59:53.895+0000] {processor.py:157} INFO - Started process (PID=8009) to work on /opt/airflow/dags/update_dwh_dag.py
[2023-11-16T09:59:53.898+0000] {processor.py:829} INFO - Processing file /opt/airflow/dags/update_dwh_dag.py for tasks to queue
[2023-11-16T09:59:53.899+0000] {logging_mixin.py:151} INFO - [2023-11-16T09:59:53.899+0000] {dagbag.py:536} INFO - Filling up the DagBag from /opt/airflow/dags/update_dwh_dag.py
[2023-11-16T09:59:53.906+0000] {processor.py:839} INFO - DAG(s) dict_keys(['update_dwh']) retrieved from /opt/airflow/dags/update_dwh_dag.py
[2023-11-16T09:59:53.922+0000] {logging_mixin.py:151} INFO - [2023-11-16T09:59:53.922+0000] {dag.py:2941} INFO - Sync 1 DAGs
[2023-11-16T09:59:53.938+0000] {logging_mixin.py:151} INFO - [2023-11-16T09:59:53.937+0000] {dag.py:3722} INFO - Setting next_dagrun for update_dwh to 2023-11-16T00:00:00+00:00, run_after=2023-11-17T00:00:00+00:00
[2023-11-16T09:59:53.949+0000] {processor.py:179} INFO - Processing /opt/airflow/dags/update_dwh_dag.py took 0.056 seconds
[2023-11-16T10:00:24.937+0000] {processor.py:157} INFO - Started process (PID=8066) to work on /opt/airflow/dags/update_dwh_dag.py
[2023-11-16T10:00:24.938+0000] {processor.py:829} INFO - Processing file /opt/airflow/dags/update_dwh_dag.py for tasks to queue
[2023-11-16T10:00:24.939+0000] {logging_mixin.py:151} INFO - [2023-11-16T10:00:24.939+0000] {dagbag.py:536} INFO - Filling up the DagBag from /opt/airflow/dags/update_dwh_dag.py
[2023-11-16T10:00:24.947+0000] {processor.py:839} INFO - DAG(s) dict_keys(['update_dwh']) retrieved from /opt/airflow/dags/update_dwh_dag.py
[2023-11-16T10:00:24.964+0000] {logging_mixin.py:151} INFO - [2023-11-16T10:00:24.964+0000] {dag.py:2941} INFO - Sync 1 DAGs
[2023-11-16T10:00:24.982+0000] {logging_mixin.py:151} INFO - [2023-11-16T10:00:24.982+0000] {dag.py:3722} INFO - Setting next_dagrun for update_dwh to 2023-11-16T00:00:00+00:00, run_after=2023-11-17T00:00:00+00:00
[2023-11-16T10:00:24.995+0000] {processor.py:179} INFO - Processing /opt/airflow/dags/update_dwh_dag.py took 0.062 seconds
[2023-11-16T10:00:55.026+0000] {processor.py:157} INFO - Started process (PID=8122) to work on /opt/airflow/dags/update_dwh_dag.py
[2023-11-16T10:00:55.029+0000] {processor.py:829} INFO - Processing file /opt/airflow/dags/update_dwh_dag.py for tasks to queue
[2023-11-16T10:00:55.030+0000] {logging_mixin.py:151} INFO - [2023-11-16T10:00:55.030+0000] {dagbag.py:536} INFO - Filling up the DagBag from /opt/airflow/dags/update_dwh_dag.py
[2023-11-16T10:00:55.039+0000] {processor.py:839} INFO - DAG(s) dict_keys(['update_dwh']) retrieved from /opt/airflow/dags/update_dwh_dag.py
[2023-11-16T10:00:55.056+0000] {logging_mixin.py:151} INFO - [2023-11-16T10:00:55.056+0000] {dag.py:2941} INFO - Sync 1 DAGs
[2023-11-16T10:00:55.071+0000] {logging_mixin.py:151} INFO - [2023-11-16T10:00:55.071+0000] {dag.py:3722} INFO - Setting next_dagrun for update_dwh to 2023-11-16T00:00:00+00:00, run_after=2023-11-17T00:00:00+00:00
[2023-11-16T10:00:55.083+0000] {processor.py:179} INFO - Processing /opt/airflow/dags/update_dwh_dag.py took 0.059 seconds
[2023-11-16T10:01:25.361+0000] {processor.py:157} INFO - Started process (PID=8178) to work on /opt/airflow/dags/update_dwh_dag.py
[2023-11-16T10:01:25.361+0000] {processor.py:829} INFO - Processing file /opt/airflow/dags/update_dwh_dag.py for tasks to queue
[2023-11-16T10:01:25.363+0000] {logging_mixin.py:151} INFO - [2023-11-16T10:01:25.363+0000] {dagbag.py:536} INFO - Filling up the DagBag from /opt/airflow/dags/update_dwh_dag.py
[2023-11-16T10:01:25.373+0000] {processor.py:839} INFO - DAG(s) dict_keys(['update_dwh']) retrieved from /opt/airflow/dags/update_dwh_dag.py
[2023-11-16T10:01:25.392+0000] {logging_mixin.py:151} INFO - [2023-11-16T10:01:25.392+0000] {dag.py:2941} INFO - Sync 1 DAGs
[2023-11-16T10:01:25.411+0000] {logging_mixin.py:151} INFO - [2023-11-16T10:01:25.411+0000] {dag.py:3722} INFO - Setting next_dagrun for update_dwh to 2023-11-16T00:00:00+00:00, run_after=2023-11-17T00:00:00+00:00
[2023-11-16T10:01:25.427+0000] {processor.py:179} INFO - Processing /opt/airflow/dags/update_dwh_dag.py took 0.069 seconds
[2023-11-16T10:01:55.589+0000] {processor.py:157} INFO - Started process (PID=8234) to work on /opt/airflow/dags/update_dwh_dag.py
[2023-11-16T10:01:55.592+0000] {processor.py:829} INFO - Processing file /opt/airflow/dags/update_dwh_dag.py for tasks to queue
[2023-11-16T10:01:55.605+0000] {logging_mixin.py:151} INFO - [2023-11-16T10:01:55.602+0000] {dagbag.py:536} INFO - Filling up the DagBag from /opt/airflow/dags/update_dwh_dag.py
[2023-11-16T10:01:55.617+0000] {processor.py:839} INFO - DAG(s) dict_keys(['update_dwh']) retrieved from /opt/airflow/dags/update_dwh_dag.py
[2023-11-16T10:01:55.641+0000] {logging_mixin.py:151} INFO - [2023-11-16T10:01:55.641+0000] {dag.py:2941} INFO - Sync 1 DAGs
[2023-11-16T10:01:55.667+0000] {logging_mixin.py:151} INFO - [2023-11-16T10:01:55.666+0000] {dag.py:3722} INFO - Setting next_dagrun for update_dwh to 2023-11-16T00:00:00+00:00, run_after=2023-11-17T00:00:00+00:00
[2023-11-16T10:01:55.700+0000] {processor.py:179} INFO - Processing /opt/airflow/dags/update_dwh_dag.py took 0.113 seconds
[2023-11-16T10:02:25.902+0000] {processor.py:157} INFO - Started process (PID=8290) to work on /opt/airflow/dags/update_dwh_dag.py
[2023-11-16T10:02:25.903+0000] {processor.py:829} INFO - Processing file /opt/airflow/dags/update_dwh_dag.py for tasks to queue
[2023-11-16T10:02:25.904+0000] {logging_mixin.py:151} INFO - [2023-11-16T10:02:25.904+0000] {dagbag.py:536} INFO - Filling up the DagBag from /opt/airflow/dags/update_dwh_dag.py
[2023-11-16T10:02:25.911+0000] {processor.py:839} INFO - DAG(s) dict_keys(['update_dwh']) retrieved from /opt/airflow/dags/update_dwh_dag.py
[2023-11-16T10:02:25.930+0000] {logging_mixin.py:151} INFO - [2023-11-16T10:02:25.929+0000] {dag.py:2941} INFO - Sync 1 DAGs
[2023-11-16T10:02:25.949+0000] {logging_mixin.py:151} INFO - [2023-11-16T10:02:25.949+0000] {dag.py:3722} INFO - Setting next_dagrun for update_dwh to 2023-11-16T00:00:00+00:00, run_after=2023-11-17T00:00:00+00:00
[2023-11-16T10:02:25.964+0000] {processor.py:179} INFO - Processing /opt/airflow/dags/update_dwh_dag.py took 0.064 seconds
[2023-11-16T10:02:56.246+0000] {processor.py:157} INFO - Started process (PID=8346) to work on /opt/airflow/dags/update_dwh_dag.py
[2023-11-16T10:02:56.248+0000] {processor.py:829} INFO - Processing file /opt/airflow/dags/update_dwh_dag.py for tasks to queue
[2023-11-16T10:02:56.250+0000] {logging_mixin.py:151} INFO - [2023-11-16T10:02:56.250+0000] {dagbag.py:536} INFO - Filling up the DagBag from /opt/airflow/dags/update_dwh_dag.py
[2023-11-16T10:02:56.260+0000] {processor.py:839} INFO - DAG(s) dict_keys(['update_dwh']) retrieved from /opt/airflow/dags/update_dwh_dag.py
[2023-11-16T10:02:56.277+0000] {logging_mixin.py:151} INFO - [2023-11-16T10:02:56.277+0000] {dag.py:2941} INFO - Sync 1 DAGs
[2023-11-16T10:02:56.298+0000] {logging_mixin.py:151} INFO - [2023-11-16T10:02:56.297+0000] {dag.py:3722} INFO - Setting next_dagrun for update_dwh to 2023-11-16T00:00:00+00:00, run_after=2023-11-17T00:00:00+00:00
[2023-11-16T10:02:56.313+0000] {processor.py:179} INFO - Processing /opt/airflow/dags/update_dwh_dag.py took 0.069 seconds
[2023-11-16T10:03:26.429+0000] {processor.py:157} INFO - Started process (PID=8398) to work on /opt/airflow/dags/update_dwh_dag.py
[2023-11-16T10:03:26.431+0000] {processor.py:829} INFO - Processing file /opt/airflow/dags/update_dwh_dag.py for tasks to queue
[2023-11-16T10:03:26.433+0000] {logging_mixin.py:151} INFO - [2023-11-16T10:03:26.433+0000] {dagbag.py:536} INFO - Filling up the DagBag from /opt/airflow/dags/update_dwh_dag.py
[2023-11-16T10:03:26.442+0000] {processor.py:839} INFO - DAG(s) dict_keys(['update_dwh']) retrieved from /opt/airflow/dags/update_dwh_dag.py
[2023-11-16T10:03:26.459+0000] {logging_mixin.py:151} INFO - [2023-11-16T10:03:26.459+0000] {dag.py:2941} INFO - Sync 1 DAGs
[2023-11-16T10:03:26.477+0000] {logging_mixin.py:151} INFO - [2023-11-16T10:03:26.477+0000] {dag.py:3722} INFO - Setting next_dagrun for update_dwh to 2023-11-16T00:00:00+00:00, run_after=2023-11-17T00:00:00+00:00
[2023-11-16T10:03:26.489+0000] {processor.py:179} INFO - Processing /opt/airflow/dags/update_dwh_dag.py took 0.062 seconds
[2023-11-16T10:03:56.596+0000] {processor.py:157} INFO - Started process (PID=8454) to work on /opt/airflow/dags/update_dwh_dag.py
[2023-11-16T10:03:56.598+0000] {processor.py:829} INFO - Processing file /opt/airflow/dags/update_dwh_dag.py for tasks to queue
[2023-11-16T10:03:56.600+0000] {logging_mixin.py:151} INFO - [2023-11-16T10:03:56.600+0000] {dagbag.py:536} INFO - Filling up the DagBag from /opt/airflow/dags/update_dwh_dag.py
[2023-11-16T10:03:56.609+0000] {processor.py:839} INFO - DAG(s) dict_keys(['update_dwh']) retrieved from /opt/airflow/dags/update_dwh_dag.py
[2023-11-16T10:03:56.629+0000] {logging_mixin.py:151} INFO - [2023-11-16T10:03:56.629+0000] {dag.py:2941} INFO - Sync 1 DAGs
[2023-11-16T10:03:56.646+0000] {logging_mixin.py:151} INFO - [2023-11-16T10:03:56.646+0000] {dag.py:3722} INFO - Setting next_dagrun for update_dwh to 2023-11-16T00:00:00+00:00, run_after=2023-11-17T00:00:00+00:00
[2023-11-16T10:03:56.658+0000] {processor.py:179} INFO - Processing /opt/airflow/dags/update_dwh_dag.py took 0.064 seconds
[2023-11-16T10:04:26.755+0000] {processor.py:157} INFO - Started process (PID=8511) to work on /opt/airflow/dags/update_dwh_dag.py
[2023-11-16T10:04:26.756+0000] {processor.py:829} INFO - Processing file /opt/airflow/dags/update_dwh_dag.py for tasks to queue
[2023-11-16T10:04:26.757+0000] {logging_mixin.py:151} INFO - [2023-11-16T10:04:26.757+0000] {dagbag.py:536} INFO - Filling up the DagBag from /opt/airflow/dags/update_dwh_dag.py
[2023-11-16T10:04:26.765+0000] {processor.py:839} INFO - DAG(s) dict_keys(['update_dwh']) retrieved from /opt/airflow/dags/update_dwh_dag.py
[2023-11-16T10:04:26.784+0000] {logging_mixin.py:151} INFO - [2023-11-16T10:04:26.784+0000] {dag.py:2941} INFO - Sync 1 DAGs
[2023-11-16T10:04:26.805+0000] {logging_mixin.py:151} INFO - [2023-11-16T10:04:26.805+0000] {dag.py:3722} INFO - Setting next_dagrun for update_dwh to 2023-11-16T00:00:00+00:00, run_after=2023-11-17T00:00:00+00:00
[2023-11-16T10:04:26.820+0000] {processor.py:179} INFO - Processing /opt/airflow/dags/update_dwh_dag.py took 0.067 seconds
[2023-11-16T10:04:57.520+0000] {processor.py:157} INFO - Started process (PID=8568) to work on /opt/airflow/dags/update_dwh_dag.py
[2023-11-16T10:04:57.523+0000] {processor.py:829} INFO - Processing file /opt/airflow/dags/update_dwh_dag.py for tasks to queue
[2023-11-16T10:04:57.524+0000] {logging_mixin.py:151} INFO - [2023-11-16T10:04:57.524+0000] {dagbag.py:536} INFO - Filling up the DagBag from /opt/airflow/dags/update_dwh_dag.py
[2023-11-16T10:04:57.533+0000] {processor.py:839} INFO - DAG(s) dict_keys(['update_dwh']) retrieved from /opt/airflow/dags/update_dwh_dag.py
[2023-11-16T10:04:57.551+0000] {logging_mixin.py:151} INFO - [2023-11-16T10:04:57.551+0000] {dag.py:2941} INFO - Sync 1 DAGs
[2023-11-16T10:04:57.568+0000] {logging_mixin.py:151} INFO - [2023-11-16T10:04:57.568+0000] {dag.py:3722} INFO - Setting next_dagrun for update_dwh to 2023-11-16T00:00:00+00:00, run_after=2023-11-17T00:00:00+00:00
[2023-11-16T10:04:57.581+0000] {processor.py:179} INFO - Processing /opt/airflow/dags/update_dwh_dag.py took 0.062 seconds
[2023-11-16T10:05:27.693+0000] {processor.py:157} INFO - Started process (PID=8624) to work on /opt/airflow/dags/update_dwh_dag.py
[2023-11-16T10:05:27.695+0000] {processor.py:829} INFO - Processing file /opt/airflow/dags/update_dwh_dag.py for tasks to queue
[2023-11-16T10:05:27.697+0000] {logging_mixin.py:151} INFO - [2023-11-16T10:05:27.696+0000] {dagbag.py:536} INFO - Filling up the DagBag from /opt/airflow/dags/update_dwh_dag.py
[2023-11-16T10:05:27.704+0000] {processor.py:839} INFO - DAG(s) dict_keys(['update_dwh']) retrieved from /opt/airflow/dags/update_dwh_dag.py
[2023-11-16T10:05:27.720+0000] {logging_mixin.py:151} INFO - [2023-11-16T10:05:27.720+0000] {dag.py:2941} INFO - Sync 1 DAGs
[2023-11-16T10:05:27.737+0000] {logging_mixin.py:151} INFO - [2023-11-16T10:05:27.736+0000] {dag.py:3722} INFO - Setting next_dagrun for update_dwh to 2023-11-16T00:00:00+00:00, run_after=2023-11-17T00:00:00+00:00
[2023-11-16T10:05:27.747+0000] {processor.py:179} INFO - Processing /opt/airflow/dags/update_dwh_dag.py took 0.056 seconds
[2023-11-16T10:05:57.773+0000] {processor.py:157} INFO - Started process (PID=8681) to work on /opt/airflow/dags/update_dwh_dag.py
[2023-11-16T10:05:57.776+0000] {processor.py:829} INFO - Processing file /opt/airflow/dags/update_dwh_dag.py for tasks to queue
[2023-11-16T10:05:57.777+0000] {logging_mixin.py:151} INFO - [2023-11-16T10:05:57.777+0000] {dagbag.py:536} INFO - Filling up the DagBag from /opt/airflow/dags/update_dwh_dag.py
[2023-11-16T10:05:57.784+0000] {processor.py:839} INFO - DAG(s) dict_keys(['update_dwh']) retrieved from /opt/airflow/dags/update_dwh_dag.py
[2023-11-16T10:05:57.800+0000] {logging_mixin.py:151} INFO - [2023-11-16T10:05:57.800+0000] {dag.py:2941} INFO - Sync 1 DAGs
[2023-11-16T10:05:57.815+0000] {logging_mixin.py:151} INFO - [2023-11-16T10:05:57.814+0000] {dag.py:3722} INFO - Setting next_dagrun for update_dwh to 2023-11-16T00:00:00+00:00, run_after=2023-11-17T00:00:00+00:00
[2023-11-16T10:05:57.826+0000] {processor.py:179} INFO - Processing /opt/airflow/dags/update_dwh_dag.py took 0.055 seconds
[2023-11-16T10:06:28.484+0000] {processor.py:157} INFO - Started process (PID=8736) to work on /opt/airflow/dags/update_dwh_dag.py
[2023-11-16T10:06:28.485+0000] {processor.py:829} INFO - Processing file /opt/airflow/dags/update_dwh_dag.py for tasks to queue
[2023-11-16T10:06:28.486+0000] {logging_mixin.py:151} INFO - [2023-11-16T10:06:28.486+0000] {dagbag.py:536} INFO - Filling up the DagBag from /opt/airflow/dags/update_dwh_dag.py
[2023-11-16T10:06:28.494+0000] {processor.py:839} INFO - DAG(s) dict_keys(['update_dwh']) retrieved from /opt/airflow/dags/update_dwh_dag.py
[2023-11-16T10:06:28.509+0000] {logging_mixin.py:151} INFO - [2023-11-16T10:06:28.508+0000] {dag.py:2941} INFO - Sync 1 DAGs
[2023-11-16T10:06:28.524+0000] {logging_mixin.py:151} INFO - [2023-11-16T10:06:28.524+0000] {dag.py:3722} INFO - Setting next_dagrun for update_dwh to 2023-11-16T00:00:00+00:00, run_after=2023-11-17T00:00:00+00:00
[2023-11-16T10:06:28.536+0000] {processor.py:179} INFO - Processing /opt/airflow/dags/update_dwh_dag.py took 0.054 seconds
[2023-11-16T10:06:59.084+0000] {processor.py:157} INFO - Started process (PID=8792) to work on /opt/airflow/dags/update_dwh_dag.py
[2023-11-16T10:06:59.085+0000] {processor.py:829} INFO - Processing file /opt/airflow/dags/update_dwh_dag.py for tasks to queue
[2023-11-16T10:06:59.086+0000] {logging_mixin.py:151} INFO - [2023-11-16T10:06:59.086+0000] {dagbag.py:536} INFO - Filling up the DagBag from /opt/airflow/dags/update_dwh_dag.py
[2023-11-16T10:06:59.094+0000] {processor.py:839} INFO - DAG(s) dict_keys(['update_dwh']) retrieved from /opt/airflow/dags/update_dwh_dag.py
[2023-11-16T10:06:59.110+0000] {logging_mixin.py:151} INFO - [2023-11-16T10:06:59.110+0000] {dag.py:2941} INFO - Sync 1 DAGs
[2023-11-16T10:06:59.127+0000] {logging_mixin.py:151} INFO - [2023-11-16T10:06:59.126+0000] {dag.py:3722} INFO - Setting next_dagrun for update_dwh to 2023-11-16T00:00:00+00:00, run_after=2023-11-17T00:00:00+00:00
[2023-11-16T10:06:59.140+0000] {processor.py:179} INFO - Processing /opt/airflow/dags/update_dwh_dag.py took 0.059 seconds
[2023-11-16T10:07:29.699+0000] {processor.py:157} INFO - Started process (PID=8849) to work on /opt/airflow/dags/update_dwh_dag.py
[2023-11-16T10:07:29.701+0000] {processor.py:829} INFO - Processing file /opt/airflow/dags/update_dwh_dag.py for tasks to queue
[2023-11-16T10:07:29.702+0000] {logging_mixin.py:151} INFO - [2023-11-16T10:07:29.702+0000] {dagbag.py:536} INFO - Filling up the DagBag from /opt/airflow/dags/update_dwh_dag.py
[2023-11-16T10:07:29.709+0000] {processor.py:839} INFO - DAG(s) dict_keys(['update_dwh']) retrieved from /opt/airflow/dags/update_dwh_dag.py
[2023-11-16T10:07:29.725+0000] {logging_mixin.py:151} INFO - [2023-11-16T10:07:29.724+0000] {dag.py:2941} INFO - Sync 1 DAGs
[2023-11-16T10:07:29.742+0000] {logging_mixin.py:151} INFO - [2023-11-16T10:07:29.741+0000] {dag.py:3722} INFO - Setting next_dagrun for update_dwh to 2023-11-16T00:00:00+00:00, run_after=2023-11-17T00:00:00+00:00
[2023-11-16T10:07:29.752+0000] {processor.py:179} INFO - Processing /opt/airflow/dags/update_dwh_dag.py took 0.056 seconds
[2023-11-16T10:08:00.337+0000] {processor.py:157} INFO - Started process (PID=8905) to work on /opt/airflow/dags/update_dwh_dag.py
[2023-11-16T10:08:00.340+0000] {processor.py:829} INFO - Processing file /opt/airflow/dags/update_dwh_dag.py for tasks to queue
[2023-11-16T10:08:00.341+0000] {logging_mixin.py:151} INFO - [2023-11-16T10:08:00.341+0000] {dagbag.py:536} INFO - Filling up the DagBag from /opt/airflow/dags/update_dwh_dag.py
[2023-11-16T10:08:00.348+0000] {processor.py:839} INFO - DAG(s) dict_keys(['update_dwh']) retrieved from /opt/airflow/dags/update_dwh_dag.py
[2023-11-16T10:08:00.366+0000] {logging_mixin.py:151} INFO - [2023-11-16T10:08:00.366+0000] {dag.py:2941} INFO - Sync 1 DAGs
[2023-11-16T10:08:00.381+0000] {logging_mixin.py:151} INFO - [2023-11-16T10:08:00.381+0000] {dag.py:3722} INFO - Setting next_dagrun for update_dwh to 2023-11-16T00:00:00+00:00, run_after=2023-11-17T00:00:00+00:00
[2023-11-16T10:08:00.392+0000] {processor.py:179} INFO - Processing /opt/airflow/dags/update_dwh_dag.py took 0.057 seconds
[2023-11-16T10:08:31.092+0000] {processor.py:157} INFO - Started process (PID=8961) to work on /opt/airflow/dags/update_dwh_dag.py
[2023-11-16T10:08:31.095+0000] {processor.py:829} INFO - Processing file /opt/airflow/dags/update_dwh_dag.py for tasks to queue
[2023-11-16T10:08:31.096+0000] {logging_mixin.py:151} INFO - [2023-11-16T10:08:31.096+0000] {dagbag.py:536} INFO - Filling up the DagBag from /opt/airflow/dags/update_dwh_dag.py
[2023-11-16T10:08:31.104+0000] {processor.py:839} INFO - DAG(s) dict_keys(['update_dwh']) retrieved from /opt/airflow/dags/update_dwh_dag.py
[2023-11-16T10:08:31.121+0000] {logging_mixin.py:151} INFO - [2023-11-16T10:08:31.120+0000] {dag.py:2941} INFO - Sync 1 DAGs
[2023-11-16T10:08:31.138+0000] {logging_mixin.py:151} INFO - [2023-11-16T10:08:31.138+0000] {dag.py:3722} INFO - Setting next_dagrun for update_dwh to 2023-11-16T00:00:00+00:00, run_after=2023-11-17T00:00:00+00:00
[2023-11-16T10:08:31.152+0000] {processor.py:179} INFO - Processing /opt/airflow/dags/update_dwh_dag.py took 0.064 seconds
[2023-11-16T10:09:01.718+0000] {processor.py:157} INFO - Started process (PID=9018) to work on /opt/airflow/dags/update_dwh_dag.py
[2023-11-16T10:09:01.719+0000] {processor.py:829} INFO - Processing file /opt/airflow/dags/update_dwh_dag.py for tasks to queue
[2023-11-16T10:09:01.720+0000] {logging_mixin.py:151} INFO - [2023-11-16T10:09:01.720+0000] {dagbag.py:536} INFO - Filling up the DagBag from /opt/airflow/dags/update_dwh_dag.py
[2023-11-16T10:09:01.727+0000] {processor.py:839} INFO - DAG(s) dict_keys(['update_dwh']) retrieved from /opt/airflow/dags/update_dwh_dag.py
[2023-11-16T10:09:01.742+0000] {logging_mixin.py:151} INFO - [2023-11-16T10:09:01.742+0000] {dag.py:2941} INFO - Sync 1 DAGs
[2023-11-16T10:09:01.757+0000] {logging_mixin.py:151} INFO - [2023-11-16T10:09:01.757+0000] {dag.py:3722} INFO - Setting next_dagrun for update_dwh to 2023-11-16T00:00:00+00:00, run_after=2023-11-17T00:00:00+00:00
[2023-11-16T10:09:01.769+0000] {processor.py:179} INFO - Processing /opt/airflow/dags/update_dwh_dag.py took 0.053 seconds
[2023-11-16T10:09:32.508+0000] {processor.py:157} INFO - Started process (PID=9074) to work on /opt/airflow/dags/update_dwh_dag.py
[2023-11-16T10:09:32.510+0000] {processor.py:829} INFO - Processing file /opt/airflow/dags/update_dwh_dag.py for tasks to queue
[2023-11-16T10:09:32.511+0000] {logging_mixin.py:151} INFO - [2023-11-16T10:09:32.511+0000] {dagbag.py:536} INFO - Filling up the DagBag from /opt/airflow/dags/update_dwh_dag.py
[2023-11-16T10:09:32.519+0000] {processor.py:839} INFO - DAG(s) dict_keys(['update_dwh']) retrieved from /opt/airflow/dags/update_dwh_dag.py
[2023-11-16T10:09:32.538+0000] {logging_mixin.py:151} INFO - [2023-11-16T10:09:32.538+0000] {dag.py:2941} INFO - Sync 1 DAGs
[2023-11-16T10:09:32.556+0000] {logging_mixin.py:151} INFO - [2023-11-16T10:09:32.556+0000] {dag.py:3722} INFO - Setting next_dagrun for update_dwh to 2023-11-16T00:00:00+00:00, run_after=2023-11-17T00:00:00+00:00
[2023-11-16T10:09:32.570+0000] {processor.py:179} INFO - Processing /opt/airflow/dags/update_dwh_dag.py took 0.065 seconds
[2023-11-16T10:10:02.606+0000] {processor.py:157} INFO - Started process (PID=9131) to work on /opt/airflow/dags/update_dwh_dag.py
[2023-11-16T10:10:02.607+0000] {processor.py:829} INFO - Processing file /opt/airflow/dags/update_dwh_dag.py for tasks to queue
[2023-11-16T10:10:02.608+0000] {logging_mixin.py:151} INFO - [2023-11-16T10:10:02.608+0000] {dagbag.py:536} INFO - Filling up the DagBag from /opt/airflow/dags/update_dwh_dag.py
[2023-11-16T10:10:02.615+0000] {processor.py:839} INFO - DAG(s) dict_keys(['update_dwh']) retrieved from /opt/airflow/dags/update_dwh_dag.py
[2023-11-16T10:10:02.630+0000] {logging_mixin.py:151} INFO - [2023-11-16T10:10:02.629+0000] {dag.py:2941} INFO - Sync 1 DAGs
[2023-11-16T10:10:02.646+0000] {logging_mixin.py:151} INFO - [2023-11-16T10:10:02.646+0000] {dag.py:3722} INFO - Setting next_dagrun for update_dwh to 2023-11-16T00:00:00+00:00, run_after=2023-11-17T00:00:00+00:00
[2023-11-16T10:10:02.658+0000] {processor.py:179} INFO - Processing /opt/airflow/dags/update_dwh_dag.py took 0.054 seconds
[2023-11-16T10:10:32.879+0000] {processor.py:157} INFO - Started process (PID=9187) to work on /opt/airflow/dags/update_dwh_dag.py
[2023-11-16T10:10:32.879+0000] {processor.py:829} INFO - Processing file /opt/airflow/dags/update_dwh_dag.py for tasks to queue
[2023-11-16T10:10:32.881+0000] {logging_mixin.py:151} INFO - [2023-11-16T10:10:32.881+0000] {dagbag.py:536} INFO - Filling up the DagBag from /opt/airflow/dags/update_dwh_dag.py
[2023-11-16T10:10:32.888+0000] {processor.py:839} INFO - DAG(s) dict_keys(['update_dwh']) retrieved from /opt/airflow/dags/update_dwh_dag.py
[2023-11-16T10:10:32.904+0000] {logging_mixin.py:151} INFO - [2023-11-16T10:10:32.903+0000] {dag.py:2941} INFO - Sync 1 DAGs
[2023-11-16T10:10:32.919+0000] {logging_mixin.py:151} INFO - [2023-11-16T10:10:32.919+0000] {dag.py:3722} INFO - Setting next_dagrun for update_dwh to 2023-11-16T00:00:00+00:00, run_after=2023-11-17T00:00:00+00:00
[2023-11-16T10:10:32.930+0000] {processor.py:179} INFO - Processing /opt/airflow/dags/update_dwh_dag.py took 0.056 seconds
[2023-11-16T10:11:02.975+0000] {processor.py:157} INFO - Started process (PID=9243) to work on /opt/airflow/dags/update_dwh_dag.py
[2023-11-16T10:11:02.978+0000] {processor.py:829} INFO - Processing file /opt/airflow/dags/update_dwh_dag.py for tasks to queue
[2023-11-16T10:11:02.979+0000] {logging_mixin.py:151} INFO - [2023-11-16T10:11:02.979+0000] {dagbag.py:536} INFO - Filling up the DagBag from /opt/airflow/dags/update_dwh_dag.py
[2023-11-16T10:11:02.987+0000] {processor.py:839} INFO - DAG(s) dict_keys(['update_dwh']) retrieved from /opt/airflow/dags/update_dwh_dag.py
[2023-11-16T10:11:03.002+0000] {logging_mixin.py:151} INFO - [2023-11-16T10:11:03.002+0000] {dag.py:2941} INFO - Sync 1 DAGs
[2023-11-16T10:11:03.017+0000] {logging_mixin.py:151} INFO - [2023-11-16T10:11:03.017+0000] {dag.py:3722} INFO - Setting next_dagrun for update_dwh to 2023-11-16T00:00:00+00:00, run_after=2023-11-17T00:00:00+00:00
[2023-11-16T10:11:03.028+0000] {processor.py:179} INFO - Processing /opt/airflow/dags/update_dwh_dag.py took 0.055 seconds
[2023-11-16T10:11:33.208+0000] {processor.py:157} INFO - Started process (PID=9299) to work on /opt/airflow/dags/update_dwh_dag.py
[2023-11-16T10:11:33.211+0000] {processor.py:829} INFO - Processing file /opt/airflow/dags/update_dwh_dag.py for tasks to queue
[2023-11-16T10:11:33.212+0000] {logging_mixin.py:151} INFO - [2023-11-16T10:11:33.212+0000] {dagbag.py:536} INFO - Filling up the DagBag from /opt/airflow/dags/update_dwh_dag.py
[2023-11-16T10:11:33.220+0000] {processor.py:839} INFO - DAG(s) dict_keys(['update_dwh']) retrieved from /opt/airflow/dags/update_dwh_dag.py
[2023-11-16T10:11:33.237+0000] {logging_mixin.py:151} INFO - [2023-11-16T10:11:33.237+0000] {dag.py:2941} INFO - Sync 1 DAGs
[2023-11-16T10:11:33.375+0000] {logging_mixin.py:151} INFO - [2023-11-16T10:11:33.375+0000] {dag.py:3722} INFO - Setting next_dagrun for update_dwh to 2023-11-16T00:00:00+00:00, run_after=2023-11-17T00:00:00+00:00
[2023-11-16T10:11:33.385+0000] {processor.py:179} INFO - Processing /opt/airflow/dags/update_dwh_dag.py took 0.179 seconds
[2023-11-16T10:12:03.507+0000] {processor.py:157} INFO - Started process (PID=9356) to work on /opt/airflow/dags/update_dwh_dag.py
[2023-11-16T10:12:03.510+0000] {processor.py:829} INFO - Processing file /opt/airflow/dags/update_dwh_dag.py for tasks to queue
[2023-11-16T10:12:03.511+0000] {logging_mixin.py:151} INFO - [2023-11-16T10:12:03.511+0000] {dagbag.py:536} INFO - Filling up the DagBag from /opt/airflow/dags/update_dwh_dag.py
[2023-11-16T10:12:03.519+0000] {processor.py:839} INFO - DAG(s) dict_keys(['update_dwh']) retrieved from /opt/airflow/dags/update_dwh_dag.py
[2023-11-16T10:12:03.535+0000] {logging_mixin.py:151} INFO - [2023-11-16T10:12:03.534+0000] {dag.py:2941} INFO - Sync 1 DAGs
[2023-11-16T10:12:03.552+0000] {logging_mixin.py:151} INFO - [2023-11-16T10:12:03.552+0000] {dag.py:3722} INFO - Setting next_dagrun for update_dwh to 2023-11-16T00:00:00+00:00, run_after=2023-11-17T00:00:00+00:00
[2023-11-16T10:12:03.680+0000] {processor.py:179} INFO - Processing /opt/airflow/dags/update_dwh_dag.py took 0.177 seconds
[2023-11-16T10:12:33.861+0000] {processor.py:157} INFO - Started process (PID=9413) to work on /opt/airflow/dags/update_dwh_dag.py
[2023-11-16T10:12:33.862+0000] {processor.py:829} INFO - Processing file /opt/airflow/dags/update_dwh_dag.py for tasks to queue
[2023-11-16T10:12:33.863+0000] {logging_mixin.py:151} INFO - [2023-11-16T10:12:33.863+0000] {dagbag.py:536} INFO - Filling up the DagBag from /opt/airflow/dags/update_dwh_dag.py
[2023-11-16T10:12:33.871+0000] {processor.py:839} INFO - DAG(s) dict_keys(['update_dwh']) retrieved from /opt/airflow/dags/update_dwh_dag.py
[2023-11-16T10:12:33.889+0000] {logging_mixin.py:151} INFO - [2023-11-16T10:12:33.889+0000] {dag.py:2941} INFO - Sync 1 DAGs
[2023-11-16T10:12:33.905+0000] {logging_mixin.py:151} INFO - [2023-11-16T10:12:33.905+0000] {dag.py:3722} INFO - Setting next_dagrun for update_dwh to 2023-11-16T00:00:00+00:00, run_after=2023-11-17T00:00:00+00:00
[2023-11-16T10:12:33.919+0000] {processor.py:179} INFO - Processing /opt/airflow/dags/update_dwh_dag.py took 0.061 seconds
[2023-11-16T10:13:04.282+0000] {processor.py:157} INFO - Started process (PID=9470) to work on /opt/airflow/dags/update_dwh_dag.py
[2023-11-16T10:13:04.285+0000] {processor.py:829} INFO - Processing file /opt/airflow/dags/update_dwh_dag.py for tasks to queue
[2023-11-16T10:13:04.286+0000] {logging_mixin.py:151} INFO - [2023-11-16T10:13:04.286+0000] {dagbag.py:536} INFO - Filling up the DagBag from /opt/airflow/dags/update_dwh_dag.py
[2023-11-16T10:13:04.293+0000] {processor.py:839} INFO - DAG(s) dict_keys(['update_dwh']) retrieved from /opt/airflow/dags/update_dwh_dag.py
[2023-11-16T10:13:04.309+0000] {logging_mixin.py:151} INFO - [2023-11-16T10:13:04.309+0000] {dag.py:2941} INFO - Sync 1 DAGs
[2023-11-16T10:13:04.325+0000] {logging_mixin.py:151} INFO - [2023-11-16T10:13:04.325+0000] {dag.py:3722} INFO - Setting next_dagrun for update_dwh to 2023-11-16T00:00:00+00:00, run_after=2023-11-17T00:00:00+00:00
[2023-11-16T10:13:04.340+0000] {processor.py:179} INFO - Processing /opt/airflow/dags/update_dwh_dag.py took 0.059 seconds
[2023-11-16T10:13:34.743+0000] {processor.py:157} INFO - Started process (PID=9526) to work on /opt/airflow/dags/update_dwh_dag.py
[2023-11-16T10:13:34.745+0000] {processor.py:829} INFO - Processing file /opt/airflow/dags/update_dwh_dag.py for tasks to queue
[2023-11-16T10:13:34.747+0000] {logging_mixin.py:151} INFO - [2023-11-16T10:13:34.747+0000] {dagbag.py:536} INFO - Filling up the DagBag from /opt/airflow/dags/update_dwh_dag.py
[2023-11-16T10:13:34.755+0000] {processor.py:839} INFO - DAG(s) dict_keys(['update_dwh']) retrieved from /opt/airflow/dags/update_dwh_dag.py
[2023-11-16T10:13:34.882+0000] {logging_mixin.py:151} INFO - [2023-11-16T10:13:34.881+0000] {dag.py:2941} INFO - Sync 1 DAGs
[2023-11-16T10:13:34.903+0000] {logging_mixin.py:151} INFO - [2023-11-16T10:13:34.903+0000] {dag.py:3722} INFO - Setting next_dagrun for update_dwh to 2023-11-16T00:00:00+00:00, run_after=2023-11-17T00:00:00+00:00
[2023-11-16T10:13:34.916+0000] {processor.py:179} INFO - Processing /opt/airflow/dags/update_dwh_dag.py took 0.178 seconds
[2023-11-16T10:14:05.023+0000] {processor.py:157} INFO - Started process (PID=9582) to work on /opt/airflow/dags/update_dwh_dag.py
[2023-11-16T10:14:05.024+0000] {processor.py:829} INFO - Processing file /opt/airflow/dags/update_dwh_dag.py for tasks to queue
[2023-11-16T10:14:05.025+0000] {logging_mixin.py:151} INFO - [2023-11-16T10:14:05.025+0000] {dagbag.py:536} INFO - Filling up the DagBag from /opt/airflow/dags/update_dwh_dag.py
[2023-11-16T10:14:05.035+0000] {processor.py:839} INFO - DAG(s) dict_keys(['update_dwh']) retrieved from /opt/airflow/dags/update_dwh_dag.py
[2023-11-16T10:14:05.052+0000] {logging_mixin.py:151} INFO - [2023-11-16T10:14:05.052+0000] {dag.py:2941} INFO - Sync 1 DAGs
[2023-11-16T10:14:05.181+0000] {logging_mixin.py:151} INFO - [2023-11-16T10:14:05.181+0000] {dag.py:3722} INFO - Setting next_dagrun for update_dwh to 2023-11-16T00:00:00+00:00, run_after=2023-11-17T00:00:00+00:00
[2023-11-16T10:14:05.191+0000] {processor.py:179} INFO - Processing /opt/airflow/dags/update_dwh_dag.py took 0.170 seconds
[2023-11-16T10:14:36.108+0000] {processor.py:157} INFO - Started process (PID=9640) to work on /opt/airflow/dags/update_dwh_dag.py
[2023-11-16T10:14:36.111+0000] {processor.py:829} INFO - Processing file /opt/airflow/dags/update_dwh_dag.py for tasks to queue
[2023-11-16T10:14:36.112+0000] {logging_mixin.py:151} INFO - [2023-11-16T10:14:36.112+0000] {dagbag.py:536} INFO - Filling up the DagBag from /opt/airflow/dags/update_dwh_dag.py
[2023-11-16T10:14:36.120+0000] {processor.py:839} INFO - DAG(s) dict_keys(['update_dwh']) retrieved from /opt/airflow/dags/update_dwh_dag.py
[2023-11-16T10:14:36.139+0000] {logging_mixin.py:151} INFO - [2023-11-16T10:14:36.138+0000] {dag.py:2941} INFO - Sync 1 DAGs
[2023-11-16T10:14:36.266+0000] {logging_mixin.py:151} INFO - [2023-11-16T10:14:36.266+0000] {dag.py:3722} INFO - Setting next_dagrun for update_dwh to 2023-11-16T00:00:00+00:00, run_after=2023-11-17T00:00:00+00:00
[2023-11-16T10:14:36.276+0000] {processor.py:179} INFO - Processing /opt/airflow/dags/update_dwh_dag.py took 0.170 seconds
[2023-11-16T10:15:06.818+0000] {processor.py:157} INFO - Started process (PID=9696) to work on /opt/airflow/dags/update_dwh_dag.py
[2023-11-16T10:15:06.821+0000] {processor.py:829} INFO - Processing file /opt/airflow/dags/update_dwh_dag.py for tasks to queue
[2023-11-16T10:15:06.823+0000] {logging_mixin.py:151} INFO - [2023-11-16T10:15:06.822+0000] {dagbag.py:536} INFO - Filling up the DagBag from /opt/airflow/dags/update_dwh_dag.py
[2023-11-16T10:15:06.833+0000] {processor.py:839} INFO - DAG(s) dict_keys(['update_dwh']) retrieved from /opt/airflow/dags/update_dwh_dag.py
[2023-11-16T10:15:06.855+0000] {logging_mixin.py:151} INFO - [2023-11-16T10:15:06.855+0000] {dag.py:2941} INFO - Sync 1 DAGs
[2023-11-16T10:15:06.875+0000] {logging_mixin.py:151} INFO - [2023-11-16T10:15:06.875+0000] {dag.py:3722} INFO - Setting next_dagrun for update_dwh to 2023-11-16T00:00:00+00:00, run_after=2023-11-17T00:00:00+00:00
[2023-11-16T10:15:06.889+0000] {processor.py:179} INFO - Processing /opt/airflow/dags/update_dwh_dag.py took 0.073 seconds
[2023-11-16T10:15:37.491+0000] {processor.py:157} INFO - Started process (PID=9753) to work on /opt/airflow/dags/update_dwh_dag.py
[2023-11-16T10:15:37.493+0000] {processor.py:829} INFO - Processing file /opt/airflow/dags/update_dwh_dag.py for tasks to queue
[2023-11-16T10:15:37.494+0000] {logging_mixin.py:151} INFO - [2023-11-16T10:15:37.494+0000] {dagbag.py:536} INFO - Filling up the DagBag from /opt/airflow/dags/update_dwh_dag.py
[2023-11-16T10:15:37.502+0000] {processor.py:839} INFO - DAG(s) dict_keys(['update_dwh']) retrieved from /opt/airflow/dags/update_dwh_dag.py
[2023-11-16T10:15:37.521+0000] {logging_mixin.py:151} INFO - [2023-11-16T10:15:37.521+0000] {dag.py:2941} INFO - Sync 1 DAGs
[2023-11-16T10:15:37.543+0000] {logging_mixin.py:151} INFO - [2023-11-16T10:15:37.543+0000] {dag.py:3722} INFO - Setting next_dagrun for update_dwh to 2023-11-16T00:00:00+00:00, run_after=2023-11-17T00:00:00+00:00
[2023-11-16T10:15:37.561+0000] {processor.py:179} INFO - Processing /opt/airflow/dags/update_dwh_dag.py took 0.072 seconds
[2023-11-16T10:16:08.090+0000] {processor.py:157} INFO - Started process (PID=9809) to work on /opt/airflow/dags/update_dwh_dag.py
[2023-11-16T10:16:08.091+0000] {processor.py:829} INFO - Processing file /opt/airflow/dags/update_dwh_dag.py for tasks to queue
[2023-11-16T10:16:08.092+0000] {logging_mixin.py:151} INFO - [2023-11-16T10:16:08.092+0000] {dagbag.py:536} INFO - Filling up the DagBag from /opt/airflow/dags/update_dwh_dag.py
[2023-11-16T10:16:08.099+0000] {processor.py:839} INFO - DAG(s) dict_keys(['update_dwh']) retrieved from /opt/airflow/dags/update_dwh_dag.py
[2023-11-16T10:16:08.114+0000] {logging_mixin.py:151} INFO - [2023-11-16T10:16:08.114+0000] {dag.py:2941} INFO - Sync 1 DAGs
[2023-11-16T10:16:08.129+0000] {logging_mixin.py:151} INFO - [2023-11-16T10:16:08.129+0000] {dag.py:3722} INFO - Setting next_dagrun for update_dwh to 2023-11-16T00:00:00+00:00, run_after=2023-11-17T00:00:00+00:00
[2023-11-16T10:16:08.142+0000] {processor.py:179} INFO - Processing /opt/airflow/dags/update_dwh_dag.py took 0.054 seconds
[2023-11-16T10:16:38.667+0000] {processor.py:157} INFO - Started process (PID=9865) to work on /opt/airflow/dags/update_dwh_dag.py
[2023-11-16T10:16:38.670+0000] {processor.py:829} INFO - Processing file /opt/airflow/dags/update_dwh_dag.py for tasks to queue
[2023-11-16T10:16:38.671+0000] {logging_mixin.py:151} INFO - [2023-11-16T10:16:38.671+0000] {dagbag.py:536} INFO - Filling up the DagBag from /opt/airflow/dags/update_dwh_dag.py
[2023-11-16T10:16:38.678+0000] {processor.py:839} INFO - DAG(s) dict_keys(['update_dwh']) retrieved from /opt/airflow/dags/update_dwh_dag.py
[2023-11-16T10:16:38.694+0000] {logging_mixin.py:151} INFO - [2023-11-16T10:16:38.693+0000] {dag.py:2941} INFO - Sync 1 DAGs
[2023-11-16T10:16:38.709+0000] {logging_mixin.py:151} INFO - [2023-11-16T10:16:38.709+0000] {dag.py:3722} INFO - Setting next_dagrun for update_dwh to 2023-11-16T00:00:00+00:00, run_after=2023-11-17T00:00:00+00:00
[2023-11-16T10:16:38.722+0000] {processor.py:179} INFO - Processing /opt/airflow/dags/update_dwh_dag.py took 0.057 seconds
[2023-11-16T10:17:09.321+0000] {processor.py:157} INFO - Started process (PID=9921) to work on /opt/airflow/dags/update_dwh_dag.py
[2023-11-16T10:17:09.324+0000] {processor.py:829} INFO - Processing file /opt/airflow/dags/update_dwh_dag.py for tasks to queue
[2023-11-16T10:17:09.325+0000] {logging_mixin.py:151} INFO - [2023-11-16T10:17:09.325+0000] {dagbag.py:536} INFO - Filling up the DagBag from /opt/airflow/dags/update_dwh_dag.py
[2023-11-16T10:17:09.332+0000] {processor.py:839} INFO - DAG(s) dict_keys(['update_dwh']) retrieved from /opt/airflow/dags/update_dwh_dag.py
[2023-11-16T10:17:09.352+0000] {logging_mixin.py:151} INFO - [2023-11-16T10:17:09.352+0000] {dag.py:2941} INFO - Sync 1 DAGs
[2023-11-16T10:17:09.372+0000] {logging_mixin.py:151} INFO - [2023-11-16T10:17:09.371+0000] {dag.py:3722} INFO - Setting next_dagrun for update_dwh to 2023-11-16T00:00:00+00:00, run_after=2023-11-17T00:00:00+00:00
[2023-11-16T10:17:09.385+0000] {processor.py:179} INFO - Processing /opt/airflow/dags/update_dwh_dag.py took 0.066 seconds
[2023-11-16T10:17:39.903+0000] {processor.py:157} INFO - Started process (PID=9977) to work on /opt/airflow/dags/update_dwh_dag.py
[2023-11-16T10:17:39.906+0000] {processor.py:829} INFO - Processing file /opt/airflow/dags/update_dwh_dag.py for tasks to queue
[2023-11-16T10:17:39.907+0000] {logging_mixin.py:151} INFO - [2023-11-16T10:17:39.907+0000] {dagbag.py:536} INFO - Filling up the DagBag from /opt/airflow/dags/update_dwh_dag.py
[2023-11-16T10:17:39.915+0000] {processor.py:839} INFO - DAG(s) dict_keys(['update_dwh']) retrieved from /opt/airflow/dags/update_dwh_dag.py
[2023-11-16T10:17:39.935+0000] {logging_mixin.py:151} INFO - [2023-11-16T10:17:39.935+0000] {dag.py:2941} INFO - Sync 1 DAGs
[2023-11-16T10:17:39.952+0000] {logging_mixin.py:151} INFO - [2023-11-16T10:17:39.952+0000] {dag.py:3722} INFO - Setting next_dagrun for update_dwh to 2023-11-16T00:00:00+00:00, run_after=2023-11-17T00:00:00+00:00
[2023-11-16T10:17:39.965+0000] {processor.py:179} INFO - Processing /opt/airflow/dags/update_dwh_dag.py took 0.064 seconds
[2023-11-16T10:18:10.548+0000] {processor.py:157} INFO - Started process (PID=10033) to work on /opt/airflow/dags/update_dwh_dag.py
[2023-11-16T10:18:10.550+0000] {processor.py:829} INFO - Processing file /opt/airflow/dags/update_dwh_dag.py for tasks to queue
[2023-11-16T10:18:10.551+0000] {logging_mixin.py:151} INFO - [2023-11-16T10:18:10.551+0000] {dagbag.py:536} INFO - Filling up the DagBag from /opt/airflow/dags/update_dwh_dag.py
[2023-11-16T10:18:10.562+0000] {processor.py:839} INFO - DAG(s) dict_keys(['update_dwh']) retrieved from /opt/airflow/dags/update_dwh_dag.py
[2023-11-16T10:18:10.576+0000] {logging_mixin.py:151} INFO - [2023-11-16T10:18:10.576+0000] {dag.py:2941} INFO - Sync 1 DAGs
[2023-11-16T10:18:10.591+0000] {logging_mixin.py:151} INFO - [2023-11-16T10:18:10.591+0000] {dag.py:3722} INFO - Setting next_dagrun for update_dwh to 2023-11-16T00:00:00+00:00, run_after=2023-11-17T00:00:00+00:00
[2023-11-16T10:18:10.604+0000] {processor.py:179} INFO - Processing /opt/airflow/dags/update_dwh_dag.py took 0.058 seconds
[2023-11-16T10:18:41.187+0000] {processor.py:157} INFO - Started process (PID=10089) to work on /opt/airflow/dags/update_dwh_dag.py
[2023-11-16T10:18:41.189+0000] {processor.py:829} INFO - Processing file /opt/airflow/dags/update_dwh_dag.py for tasks to queue
[2023-11-16T10:18:41.191+0000] {logging_mixin.py:151} INFO - [2023-11-16T10:18:41.191+0000] {dagbag.py:536} INFO - Filling up the DagBag from /opt/airflow/dags/update_dwh_dag.py
[2023-11-16T10:18:41.198+0000] {processor.py:839} INFO - DAG(s) dict_keys(['update_dwh']) retrieved from /opt/airflow/dags/update_dwh_dag.py
[2023-11-16T10:18:41.218+0000] {logging_mixin.py:151} INFO - [2023-11-16T10:18:41.217+0000] {dag.py:2941} INFO - Sync 1 DAGs
[2023-11-16T10:18:41.237+0000] {logging_mixin.py:151} INFO - [2023-11-16T10:18:41.237+0000] {dag.py:3722} INFO - Setting next_dagrun for update_dwh to 2023-11-16T00:00:00+00:00, run_after=2023-11-17T00:00:00+00:00
[2023-11-16T10:18:41.251+0000] {processor.py:179} INFO - Processing /opt/airflow/dags/update_dwh_dag.py took 0.069 seconds
[2023-11-16T10:19:11.867+0000] {processor.py:157} INFO - Started process (PID=10145) to work on /opt/airflow/dags/update_dwh_dag.py
[2023-11-16T10:19:11.868+0000] {processor.py:829} INFO - Processing file /opt/airflow/dags/update_dwh_dag.py for tasks to queue
[2023-11-16T10:19:11.870+0000] {logging_mixin.py:151} INFO - [2023-11-16T10:19:11.869+0000] {dagbag.py:536} INFO - Filling up the DagBag from /opt/airflow/dags/update_dwh_dag.py
[2023-11-16T10:19:11.877+0000] {processor.py:839} INFO - DAG(s) dict_keys(['update_dwh']) retrieved from /opt/airflow/dags/update_dwh_dag.py
[2023-11-16T10:19:11.897+0000] {logging_mixin.py:151} INFO - [2023-11-16T10:19:11.896+0000] {dag.py:2941} INFO - Sync 1 DAGs
[2023-11-16T10:19:11.920+0000] {logging_mixin.py:151} INFO - [2023-11-16T10:19:11.919+0000] {dag.py:3722} INFO - Setting next_dagrun for update_dwh to 2023-11-16T00:00:00+00:00, run_after=2023-11-17T00:00:00+00:00
[2023-11-16T10:19:11.934+0000] {processor.py:179} INFO - Processing /opt/airflow/dags/update_dwh_dag.py took 0.069 seconds
[2023-11-16T10:19:42.657+0000] {processor.py:157} INFO - Started process (PID=10201) to work on /opt/airflow/dags/update_dwh_dag.py
[2023-11-16T10:19:42.658+0000] {processor.py:829} INFO - Processing file /opt/airflow/dags/update_dwh_dag.py for tasks to queue
[2023-11-16T10:19:42.659+0000] {logging_mixin.py:151} INFO - [2023-11-16T10:19:42.659+0000] {dagbag.py:536} INFO - Filling up the DagBag from /opt/airflow/dags/update_dwh_dag.py
[2023-11-16T10:19:42.666+0000] {processor.py:839} INFO - DAG(s) dict_keys(['update_dwh']) retrieved from /opt/airflow/dags/update_dwh_dag.py
[2023-11-16T10:19:42.683+0000] {logging_mixin.py:151} INFO - [2023-11-16T10:19:42.683+0000] {dag.py:2941} INFO - Sync 1 DAGs
[2023-11-16T10:19:42.698+0000] {logging_mixin.py:151} INFO - [2023-11-16T10:19:42.698+0000] {dag.py:3722} INFO - Setting next_dagrun for update_dwh to 2023-11-16T00:00:00+00:00, run_after=2023-11-17T00:00:00+00:00
[2023-11-16T10:19:42.710+0000] {processor.py:179} INFO - Processing /opt/airflow/dags/update_dwh_dag.py took 0.055 seconds
[2023-11-16T10:20:13.345+0000] {processor.py:157} INFO - Started process (PID=10257) to work on /opt/airflow/dags/update_dwh_dag.py
[2023-11-16T10:20:13.347+0000] {processor.py:829} INFO - Processing file /opt/airflow/dags/update_dwh_dag.py for tasks to queue
[2023-11-16T10:20:13.348+0000] {logging_mixin.py:151} INFO - [2023-11-16T10:20:13.348+0000] {dagbag.py:536} INFO - Filling up the DagBag from /opt/airflow/dags/update_dwh_dag.py
[2023-11-16T10:20:13.356+0000] {processor.py:839} INFO - DAG(s) dict_keys(['update_dwh']) retrieved from /opt/airflow/dags/update_dwh_dag.py
[2023-11-16T10:20:13.371+0000] {logging_mixin.py:151} INFO - [2023-11-16T10:20:13.371+0000] {dag.py:2941} INFO - Sync 1 DAGs
[2023-11-16T10:20:13.385+0000] {logging_mixin.py:151} INFO - [2023-11-16T10:20:13.385+0000] {dag.py:3722} INFO - Setting next_dagrun for update_dwh to 2023-11-16T00:00:00+00:00, run_after=2023-11-17T00:00:00+00:00
[2023-11-16T10:20:13.397+0000] {processor.py:179} INFO - Processing /opt/airflow/dags/update_dwh_dag.py took 0.055 seconds
[2023-11-16T10:20:44.018+0000] {processor.py:157} INFO - Started process (PID=10313) to work on /opt/airflow/dags/update_dwh_dag.py
[2023-11-16T10:20:44.019+0000] {processor.py:829} INFO - Processing file /opt/airflow/dags/update_dwh_dag.py for tasks to queue
[2023-11-16T10:20:44.021+0000] {logging_mixin.py:151} INFO - [2023-11-16T10:20:44.020+0000] {dagbag.py:536} INFO - Filling up the DagBag from /opt/airflow/dags/update_dwh_dag.py
[2023-11-16T10:20:44.029+0000] {processor.py:839} INFO - DAG(s) dict_keys(['update_dwh']) retrieved from /opt/airflow/dags/update_dwh_dag.py
[2023-11-16T10:20:44.043+0000] {logging_mixin.py:151} INFO - [2023-11-16T10:20:44.043+0000] {dag.py:2941} INFO - Sync 1 DAGs
[2023-11-16T10:20:44.060+0000] {logging_mixin.py:151} INFO - [2023-11-16T10:20:44.060+0000] {dag.py:3722} INFO - Setting next_dagrun for update_dwh to 2023-11-16T00:00:00+00:00, run_after=2023-11-17T00:00:00+00:00
[2023-11-16T10:20:44.073+0000] {processor.py:179} INFO - Processing /opt/airflow/dags/update_dwh_dag.py took 0.058 seconds
