[2023-10-22T17:49:32.320+0000] {taskinstance.py:1159} INFO - Dependencies all met for dep_context=non-requeueable deps ti=<TaskInstance: update_dwh.hub_department_update manual__2023-10-22T17:49:27.702053+00:00 [queued]>
[2023-10-22T17:49:32.330+0000] {taskinstance.py:1159} INFO - Dependencies all met for dep_context=requeueable deps ti=<TaskInstance: update_dwh.hub_department_update manual__2023-10-22T17:49:27.702053+00:00 [queued]>
[2023-10-22T17:49:32.330+0000] {taskinstance.py:1361} INFO - Starting attempt 1 of 1
[2023-10-22T17:49:32.346+0000] {taskinstance.py:1382} INFO - Executing <Task(PostgresOperator): hub_department_update> on 2023-10-22 17:49:27.702053+00:00
[2023-10-22T17:49:32.354+0000] {standard_task_runner.py:57} INFO - Started process 1547 to run task
[2023-10-22T17:49:32.357+0000] {standard_task_runner.py:84} INFO - Running: ['***', 'tasks', 'run', 'update_dwh', 'hub_department_update', 'manual__2023-10-22T17:49:27.702053+00:00', '--job-id', '202', '--raw', '--subdir', 'DAGS_FOLDER/update_dwh_dag.py', '--cfg-path', '/tmp/tmp2vma15s6']
[2023-10-22T17:49:32.359+0000] {standard_task_runner.py:85} INFO - Job 202: Subtask hub_department_update
[2023-10-22T17:49:32.406+0000] {task_command.py:416} INFO - Running <TaskInstance: update_dwh.hub_department_update manual__2023-10-22T17:49:27.702053+00:00 [running]> on host 1f8bb8a692af
[2023-10-22T17:49:32.485+0000] {taskinstance.py:1662} INFO - Exporting env vars: AIRFLOW_CTX_DAG_OWNER='***' AIRFLOW_CTX_DAG_ID='update_dwh' AIRFLOW_CTX_TASK_ID='hub_department_update' AIRFLOW_CTX_EXECUTION_DATE='2023-10-22T17:49:27.702053+00:00' AIRFLOW_CTX_TRY_NUMBER='1' AIRFLOW_CTX_DAG_RUN_ID='manual__2023-10-22T17:49:27.702053+00:00'
[2023-10-22T17:49:32.486+0000] {sql.py:274} INFO - Executing: 
INSERT INTO rdv.hub_department
SELECT DISTINCT
    MD5(p.department),
    now(),
    'csv',
    p.department
FROM 
    staging.stg_table p
WHERE p.department NOT IN (
    SELECT hub.department_name FROM rdv.hub_department hub
)
[2023-10-22T17:49:32.494+0000] {base.py:73} INFO - Using connection ID 'stg_conn' for task execution.
[2023-10-22T17:49:32.498+0000] {warnings.py:109} WARNING - /home/***/.local/lib/python3.8/site-packages/***/models/connection.py:374: AirflowProviderDeprecationWarning: The "schema" arg has been renamed to "database" as it contained the database name.Please use "database" to set the database name.
  return hook_class(**{hook.connection_id_attribute_name: self.conn_id}, **hook_params)

[2023-10-22T17:49:32.505+0000] {base.py:73} INFO - Using connection ID 'stg_conn' for task execution.
[2023-10-22T17:49:32.602+0000] {sql.py:418} INFO - Running statement: 
INSERT INTO rdv.hub_department
SELECT DISTINCT
    MD5(p.department),
    now(),
    'csv',
    p.department
FROM 
    staging.stg_table p
WHERE p.department NOT IN (
    SELECT hub.department_name FROM rdv.hub_department hub
), parameters: None
[2023-10-22T17:49:32.840+0000] {taskinstance.py:1937} ERROR - Task failed with exception
Traceback (most recent call last):
  File "/home/airflow/.local/lib/python3.8/site-packages/airflow/providers/common/sql/operators/sql.py", line 280, in execute
    output = hook.run(
  File "/home/airflow/.local/lib/python3.8/site-packages/airflow/providers/common/sql/hooks/sql.py", line 392, in run
    self._run_command(cur, sql_statement, parameters)
  File "/home/airflow/.local/lib/python3.8/site-packages/airflow/providers/common/sql/hooks/sql.py", line 423, in _run_command
    cur.execute(sql_statement)
psycopg2.errors.DatatypeMismatch: column "department_hash_key" is of type uuid but expression is of type text
LINE 4:     MD5(p.department),
            ^
HINT:  You will need to rewrite or cast the expression.

[2023-10-22T17:49:32.847+0000] {taskinstance.py:1400} INFO - Marking task as FAILED. dag_id=update_dwh, task_id=hub_department_update, execution_date=20231022T174927, start_date=20231022T174932, end_date=20231022T174932
[2023-10-22T17:49:32.854+0000] {standard_task_runner.py:104} ERROR - Failed to execute job 202 for task hub_department_update (column "department_hash_key" is of type uuid but expression is of type text
LINE 4:     MD5(p.department),
            ^
HINT:  You will need to rewrite or cast the expression.
; 1547)
[2023-10-22T17:49:32.897+0000] {local_task_job_runner.py:228} INFO - Task exited with return code 1
[2023-10-22T17:49:32.918+0000] {taskinstance.py:2778} INFO - 0 downstream tasks scheduled from follow-on schedule check
