[2023-10-27T16:56:47.344+0000] {processor.py:157} INFO - Started process (PID=3616) to work on /opt/airflow/dags/utils/const.py
[2023-10-27T16:56:47.344+0000] {processor.py:829} INFO - Processing file /opt/airflow/dags/utils/const.py for tasks to queue
[2023-10-27T16:56:47.346+0000] {logging_mixin.py:151} INFO - [2023-10-27T16:56:47.345+0000] {dagbag.py:536} INFO - Filling up the DagBag from /opt/airflow/dags/utils/const.py
[2023-10-27T16:56:47.347+0000] {processor.py:841} WARNING - No viable dags retrieved from /opt/airflow/dags/utils/const.py
[2023-10-27T16:56:47.368+0000] {processor.py:179} INFO - Processing /opt/airflow/dags/utils/const.py took 0.027 seconds
[2023-10-27T16:57:17.476+0000] {processor.py:157} INFO - Started process (PID=3672) to work on /opt/airflow/dags/utils/const.py
[2023-10-27T16:57:17.476+0000] {processor.py:829} INFO - Processing file /opt/airflow/dags/utils/const.py for tasks to queue
[2023-10-27T16:57:17.477+0000] {logging_mixin.py:151} INFO - [2023-10-27T16:57:17.477+0000] {dagbag.py:536} INFO - Filling up the DagBag from /opt/airflow/dags/utils/const.py
[2023-10-27T16:57:17.479+0000] {processor.py:841} WARNING - No viable dags retrieved from /opt/airflow/dags/utils/const.py
[2023-10-27T16:57:17.487+0000] {processor.py:179} INFO - Processing /opt/airflow/dags/utils/const.py took 0.014 seconds
[2023-10-27T16:57:48.462+0000] {processor.py:157} INFO - Started process (PID=3728) to work on /opt/airflow/dags/utils/const.py
[2023-10-27T16:57:48.463+0000] {processor.py:829} INFO - Processing file /opt/airflow/dags/utils/const.py for tasks to queue
[2023-10-27T16:57:48.464+0000] {logging_mixin.py:151} INFO - [2023-10-27T16:57:48.463+0000] {dagbag.py:536} INFO - Filling up the DagBag from /opt/airflow/dags/utils/const.py
[2023-10-27T16:57:48.465+0000] {processor.py:841} WARNING - No viable dags retrieved from /opt/airflow/dags/utils/const.py
[2023-10-27T16:57:48.473+0000] {processor.py:179} INFO - Processing /opt/airflow/dags/utils/const.py took 0.013 seconds
[2023-10-27T16:58:19.191+0000] {processor.py:157} INFO - Started process (PID=3785) to work on /opt/airflow/dags/utils/const.py
[2023-10-27T16:58:19.192+0000] {processor.py:829} INFO - Processing file /opt/airflow/dags/utils/const.py for tasks to queue
[2023-10-27T16:58:19.193+0000] {logging_mixin.py:151} INFO - [2023-10-27T16:58:19.193+0000] {dagbag.py:536} INFO - Filling up the DagBag from /opt/airflow/dags/utils/const.py
[2023-10-27T16:58:19.194+0000] {processor.py:841} WARNING - No viable dags retrieved from /opt/airflow/dags/utils/const.py
[2023-10-27T16:58:19.201+0000] {processor.py:179} INFO - Processing /opt/airflow/dags/utils/const.py took 0.012 seconds
[2023-10-27T16:58:50.130+0000] {processor.py:157} INFO - Started process (PID=3842) to work on /opt/airflow/dags/utils/const.py
[2023-10-27T16:58:50.130+0000] {processor.py:829} INFO - Processing file /opt/airflow/dags/utils/const.py for tasks to queue
[2023-10-27T16:58:50.131+0000] {logging_mixin.py:151} INFO - [2023-10-27T16:58:50.131+0000] {dagbag.py:536} INFO - Filling up the DagBag from /opt/airflow/dags/utils/const.py
[2023-10-27T16:58:50.133+0000] {processor.py:841} WARNING - No viable dags retrieved from /opt/airflow/dags/utils/const.py
[2023-10-27T16:58:50.140+0000] {processor.py:179} INFO - Processing /opt/airflow/dags/utils/const.py took 0.012 seconds
[2023-10-27T16:59:21.137+0000] {processor.py:157} INFO - Started process (PID=3898) to work on /opt/airflow/dags/utils/const.py
[2023-10-27T16:59:21.137+0000] {processor.py:829} INFO - Processing file /opt/airflow/dags/utils/const.py for tasks to queue
[2023-10-27T16:59:21.138+0000] {logging_mixin.py:151} INFO - [2023-10-27T16:59:21.138+0000] {dagbag.py:536} INFO - Filling up the DagBag from /opt/airflow/dags/utils/const.py
[2023-10-27T16:59:21.139+0000] {processor.py:841} WARNING - No viable dags retrieved from /opt/airflow/dags/utils/const.py
[2023-10-27T16:59:21.147+0000] {processor.py:179} INFO - Processing /opt/airflow/dags/utils/const.py took 0.013 seconds
[2023-10-27T16:59:51.868+0000] {processor.py:157} INFO - Started process (PID=3954) to work on /opt/airflow/dags/utils/const.py
[2023-10-27T16:59:51.869+0000] {processor.py:829} INFO - Processing file /opt/airflow/dags/utils/const.py for tasks to queue
[2023-10-27T16:59:51.870+0000] {logging_mixin.py:151} INFO - [2023-10-27T16:59:51.870+0000] {dagbag.py:536} INFO - Filling up the DagBag from /opt/airflow/dags/utils/const.py
[2023-10-27T16:59:51.871+0000] {processor.py:841} WARNING - No viable dags retrieved from /opt/airflow/dags/utils/const.py
[2023-10-27T16:59:51.879+0000] {processor.py:179} INFO - Processing /opt/airflow/dags/utils/const.py took 0.012 seconds
[2023-10-27T17:00:22.634+0000] {processor.py:157} INFO - Started process (PID=4010) to work on /opt/airflow/dags/utils/const.py
[2023-10-27T17:00:22.635+0000] {processor.py:829} INFO - Processing file /opt/airflow/dags/utils/const.py for tasks to queue
[2023-10-27T17:00:22.636+0000] {logging_mixin.py:151} INFO - [2023-10-27T17:00:22.636+0000] {dagbag.py:536} INFO - Filling up the DagBag from /opt/airflow/dags/utils/const.py
[2023-10-27T17:00:22.637+0000] {processor.py:841} WARNING - No viable dags retrieved from /opt/airflow/dags/utils/const.py
[2023-10-27T17:00:22.646+0000] {processor.py:179} INFO - Processing /opt/airflow/dags/utils/const.py took 0.013 seconds
[2023-10-27T17:00:53.635+0000] {processor.py:157} INFO - Started process (PID=4066) to work on /opt/airflow/dags/utils/const.py
[2023-10-27T17:00:53.635+0000] {processor.py:829} INFO - Processing file /opt/airflow/dags/utils/const.py for tasks to queue
[2023-10-27T17:00:53.636+0000] {logging_mixin.py:151} INFO - [2023-10-27T17:00:53.636+0000] {dagbag.py:536} INFO - Filling up the DagBag from /opt/airflow/dags/utils/const.py
[2023-10-27T17:00:53.637+0000] {processor.py:841} WARNING - No viable dags retrieved from /opt/airflow/dags/utils/const.py
[2023-10-27T17:00:53.645+0000] {processor.py:179} INFO - Processing /opt/airflow/dags/utils/const.py took 0.013 seconds
[2023-10-27T17:01:24.583+0000] {processor.py:157} INFO - Started process (PID=4129) to work on /opt/airflow/dags/utils/const.py
[2023-10-27T17:01:24.583+0000] {processor.py:829} INFO - Processing file /opt/airflow/dags/utils/const.py for tasks to queue
[2023-10-27T17:01:24.584+0000] {logging_mixin.py:151} INFO - [2023-10-27T17:01:24.584+0000] {dagbag.py:536} INFO - Filling up the DagBag from /opt/airflow/dags/utils/const.py
[2023-10-27T17:01:24.585+0000] {processor.py:841} WARNING - No viable dags retrieved from /opt/airflow/dags/utils/const.py
[2023-10-27T17:01:24.593+0000] {processor.py:179} INFO - Processing /opt/airflow/dags/utils/const.py took 0.013 seconds
[2023-10-27T17:01:55.286+0000] {processor.py:157} INFO - Started process (PID=4185) to work on /opt/airflow/dags/utils/const.py
[2023-10-27T17:01:55.286+0000] {processor.py:829} INFO - Processing file /opt/airflow/dags/utils/const.py for tasks to queue
[2023-10-27T17:01:55.287+0000] {logging_mixin.py:151} INFO - [2023-10-27T17:01:55.287+0000] {dagbag.py:536} INFO - Filling up the DagBag from /opt/airflow/dags/utils/const.py
[2023-10-27T17:01:55.288+0000] {processor.py:841} WARNING - No viable dags retrieved from /opt/airflow/dags/utils/const.py
[2023-10-27T17:01:55.296+0000] {processor.py:179} INFO - Processing /opt/airflow/dags/utils/const.py took 0.012 seconds
[2023-10-27T17:02:26.249+0000] {processor.py:157} INFO - Started process (PID=4241) to work on /opt/airflow/dags/utils/const.py
[2023-10-27T17:02:26.250+0000] {processor.py:829} INFO - Processing file /opt/airflow/dags/utils/const.py for tasks to queue
[2023-10-27T17:02:26.251+0000] {logging_mixin.py:151} INFO - [2023-10-27T17:02:26.250+0000] {dagbag.py:536} INFO - Filling up the DagBag from /opt/airflow/dags/utils/const.py
[2023-10-27T17:02:26.252+0000] {processor.py:841} WARNING - No viable dags retrieved from /opt/airflow/dags/utils/const.py
[2023-10-27T17:02:26.260+0000] {processor.py:179} INFO - Processing /opt/airflow/dags/utils/const.py took 0.013 seconds
[2023-10-27T17:02:57.140+0000] {processor.py:157} INFO - Started process (PID=4297) to work on /opt/airflow/dags/utils/const.py
[2023-10-27T17:02:57.140+0000] {processor.py:829} INFO - Processing file /opt/airflow/dags/utils/const.py for tasks to queue
[2023-10-27T17:02:57.141+0000] {logging_mixin.py:151} INFO - [2023-10-27T17:02:57.141+0000] {dagbag.py:536} INFO - Filling up the DagBag from /opt/airflow/dags/utils/const.py
[2023-10-27T17:02:57.142+0000] {processor.py:841} WARNING - No viable dags retrieved from /opt/airflow/dags/utils/const.py
[2023-10-27T17:02:57.151+0000] {processor.py:179} INFO - Processing /opt/airflow/dags/utils/const.py took 0.013 seconds
[2023-10-27T17:03:28.092+0000] {processor.py:157} INFO - Started process (PID=4354) to work on /opt/airflow/dags/utils/const.py
[2023-10-27T17:03:28.093+0000] {processor.py:829} INFO - Processing file /opt/airflow/dags/utils/const.py for tasks to queue
[2023-10-27T17:03:28.094+0000] {logging_mixin.py:151} INFO - [2023-10-27T17:03:28.094+0000] {dagbag.py:536} INFO - Filling up the DagBag from /opt/airflow/dags/utils/const.py
[2023-10-27T17:03:28.096+0000] {processor.py:841} WARNING - No viable dags retrieved from /opt/airflow/dags/utils/const.py
[2023-10-27T17:03:28.105+0000] {processor.py:179} INFO - Processing /opt/airflow/dags/utils/const.py took 0.016 seconds
[2023-10-27T17:03:59.050+0000] {processor.py:157} INFO - Started process (PID=4410) to work on /opt/airflow/dags/utils/const.py
[2023-10-27T17:03:59.050+0000] {processor.py:829} INFO - Processing file /opt/airflow/dags/utils/const.py for tasks to queue
[2023-10-27T17:03:59.052+0000] {logging_mixin.py:151} INFO - [2023-10-27T17:03:59.052+0000] {dagbag.py:536} INFO - Filling up the DagBag from /opt/airflow/dags/utils/const.py
[2023-10-27T17:03:59.053+0000] {processor.py:841} WARNING - No viable dags retrieved from /opt/airflow/dags/utils/const.py
[2023-10-27T17:03:59.063+0000] {processor.py:179} INFO - Processing /opt/airflow/dags/utils/const.py took 0.016 seconds
[2023-10-27T17:04:30.012+0000] {processor.py:157} INFO - Started process (PID=4466) to work on /opt/airflow/dags/utils/const.py
[2023-10-27T17:04:30.013+0000] {processor.py:829} INFO - Processing file /opt/airflow/dags/utils/const.py for tasks to queue
[2023-10-27T17:04:30.014+0000] {logging_mixin.py:151} INFO - [2023-10-27T17:04:30.014+0000] {dagbag.py:536} INFO - Filling up the DagBag from /opt/airflow/dags/utils/const.py
[2023-10-27T17:04:30.016+0000] {processor.py:841} WARNING - No viable dags retrieved from /opt/airflow/dags/utils/const.py
[2023-10-27T17:04:30.025+0000] {processor.py:179} INFO - Processing /opt/airflow/dags/utils/const.py took 0.016 seconds
[2023-10-27T17:05:00.943+0000] {processor.py:157} INFO - Started process (PID=4523) to work on /opt/airflow/dags/utils/const.py
[2023-10-27T17:05:00.944+0000] {processor.py:829} INFO - Processing file /opt/airflow/dags/utils/const.py for tasks to queue
[2023-10-27T17:05:00.945+0000] {logging_mixin.py:151} INFO - [2023-10-27T17:05:00.945+0000] {dagbag.py:536} INFO - Filling up the DagBag from /opt/airflow/dags/utils/const.py
[2023-10-27T17:05:00.946+0000] {processor.py:841} WARNING - No viable dags retrieved from /opt/airflow/dags/utils/const.py
[2023-10-27T17:05:00.954+0000] {processor.py:179} INFO - Processing /opt/airflow/dags/utils/const.py took 0.012 seconds
[2023-10-27T17:05:31.784+0000] {processor.py:157} INFO - Started process (PID=4579) to work on /opt/airflow/dags/utils/const.py
[2023-10-27T17:05:31.784+0000] {processor.py:829} INFO - Processing file /opt/airflow/dags/utils/const.py for tasks to queue
[2023-10-27T17:05:31.785+0000] {logging_mixin.py:151} INFO - [2023-10-27T17:05:31.785+0000] {dagbag.py:536} INFO - Filling up the DagBag from /opt/airflow/dags/utils/const.py
[2023-10-27T17:05:31.786+0000] {processor.py:841} WARNING - No viable dags retrieved from /opt/airflow/dags/utils/const.py
[2023-10-27T17:05:31.795+0000] {processor.py:179} INFO - Processing /opt/airflow/dags/utils/const.py took 0.013 seconds
[2023-10-27T17:06:02.663+0000] {processor.py:157} INFO - Started process (PID=4635) to work on /opt/airflow/dags/utils/const.py
[2023-10-27T17:06:02.664+0000] {processor.py:829} INFO - Processing file /opt/airflow/dags/utils/const.py for tasks to queue
[2023-10-27T17:06:02.665+0000] {logging_mixin.py:151} INFO - [2023-10-27T17:06:02.665+0000] {dagbag.py:536} INFO - Filling up the DagBag from /opt/airflow/dags/utils/const.py
[2023-10-27T17:06:02.666+0000] {processor.py:841} WARNING - No viable dags retrieved from /opt/airflow/dags/utils/const.py
[2023-10-27T17:06:02.674+0000] {processor.py:179} INFO - Processing /opt/airflow/dags/utils/const.py took 0.012 seconds
[2023-10-27T17:06:32.814+0000] {processor.py:157} INFO - Started process (PID=4691) to work on /opt/airflow/dags/utils/const.py
[2023-10-27T17:06:32.815+0000] {processor.py:829} INFO - Processing file /opt/airflow/dags/utils/const.py for tasks to queue
[2023-10-27T17:06:32.816+0000] {logging_mixin.py:151} INFO - [2023-10-27T17:06:32.816+0000] {dagbag.py:536} INFO - Filling up the DagBag from /opt/airflow/dags/utils/const.py
[2023-10-27T17:06:32.818+0000] {processor.py:841} WARNING - No viable dags retrieved from /opt/airflow/dags/utils/const.py
[2023-10-27T17:06:32.827+0000] {processor.py:179} INFO - Processing /opt/airflow/dags/utils/const.py took 0.015 seconds
[2023-10-27T17:07:02.930+0000] {processor.py:157} INFO - Started process (PID=4747) to work on /opt/airflow/dags/utils/const.py
[2023-10-27T17:07:02.931+0000] {processor.py:829} INFO - Processing file /opt/airflow/dags/utils/const.py for tasks to queue
[2023-10-27T17:07:02.932+0000] {logging_mixin.py:151} INFO - [2023-10-27T17:07:02.932+0000] {dagbag.py:536} INFO - Filling up the DagBag from /opt/airflow/dags/utils/const.py
[2023-10-27T17:07:02.933+0000] {processor.py:841} WARNING - No viable dags retrieved from /opt/airflow/dags/utils/const.py
[2023-10-27T17:07:02.942+0000] {processor.py:179} INFO - Processing /opt/airflow/dags/utils/const.py took 0.014 seconds
[2023-10-27T17:07:33.088+0000] {processor.py:157} INFO - Started process (PID=4803) to work on /opt/airflow/dags/utils/const.py
[2023-10-27T17:07:33.089+0000] {processor.py:829} INFO - Processing file /opt/airflow/dags/utils/const.py for tasks to queue
[2023-10-27T17:07:33.090+0000] {logging_mixin.py:151} INFO - [2023-10-27T17:07:33.090+0000] {dagbag.py:536} INFO - Filling up the DagBag from /opt/airflow/dags/utils/const.py
[2023-10-27T17:07:33.091+0000] {processor.py:841} WARNING - No viable dags retrieved from /opt/airflow/dags/utils/const.py
[2023-10-27T17:07:33.099+0000] {processor.py:179} INFO - Processing /opt/airflow/dags/utils/const.py took 0.013 seconds
[2023-10-27T17:08:03.227+0000] {processor.py:157} INFO - Started process (PID=4859) to work on /opt/airflow/dags/utils/const.py
[2023-10-27T17:08:03.227+0000] {processor.py:829} INFO - Processing file /opt/airflow/dags/utils/const.py for tasks to queue
[2023-10-27T17:08:03.228+0000] {logging_mixin.py:151} INFO - [2023-10-27T17:08:03.228+0000] {dagbag.py:536} INFO - Filling up the DagBag from /opt/airflow/dags/utils/const.py
[2023-10-27T17:08:03.230+0000] {processor.py:841} WARNING - No viable dags retrieved from /opt/airflow/dags/utils/const.py
[2023-10-27T17:08:03.238+0000] {processor.py:179} INFO - Processing /opt/airflow/dags/utils/const.py took 0.014 seconds
[2023-10-27T17:08:34.025+0000] {processor.py:157} INFO - Started process (PID=4915) to work on /opt/airflow/dags/utils/const.py
[2023-10-27T17:08:34.025+0000] {processor.py:829} INFO - Processing file /opt/airflow/dags/utils/const.py for tasks to queue
[2023-10-27T17:08:34.027+0000] {logging_mixin.py:151} INFO - [2023-10-27T17:08:34.026+0000] {dagbag.py:536} INFO - Filling up the DagBag from /opt/airflow/dags/utils/const.py
[2023-10-27T17:08:34.028+0000] {processor.py:841} WARNING - No viable dags retrieved from /opt/airflow/dags/utils/const.py
[2023-10-27T17:08:34.036+0000] {processor.py:179} INFO - Processing /opt/airflow/dags/utils/const.py took 0.013 seconds
[2023-10-27T17:09:04.783+0000] {processor.py:157} INFO - Started process (PID=4971) to work on /opt/airflow/dags/utils/const.py
[2023-10-27T17:09:04.784+0000] {processor.py:829} INFO - Processing file /opt/airflow/dags/utils/const.py for tasks to queue
[2023-10-27T17:09:04.785+0000] {logging_mixin.py:151} INFO - [2023-10-27T17:09:04.785+0000] {dagbag.py:536} INFO - Filling up the DagBag from /opt/airflow/dags/utils/const.py
[2023-10-27T17:09:04.786+0000] {processor.py:841} WARNING - No viable dags retrieved from /opt/airflow/dags/utils/const.py
[2023-10-27T17:09:04.794+0000] {processor.py:179} INFO - Processing /opt/airflow/dags/utils/const.py took 0.013 seconds
[2023-10-27T17:09:35.538+0000] {processor.py:157} INFO - Started process (PID=5028) to work on /opt/airflow/dags/utils/const.py
[2023-10-27T17:09:35.539+0000] {processor.py:829} INFO - Processing file /opt/airflow/dags/utils/const.py for tasks to queue
[2023-10-27T17:09:35.540+0000] {logging_mixin.py:151} INFO - [2023-10-27T17:09:35.539+0000] {dagbag.py:536} INFO - Filling up the DagBag from /opt/airflow/dags/utils/const.py
[2023-10-27T17:09:35.541+0000] {processor.py:841} WARNING - No viable dags retrieved from /opt/airflow/dags/utils/const.py
[2023-10-27T17:09:35.548+0000] {processor.py:179} INFO - Processing /opt/airflow/dags/utils/const.py took 0.012 seconds
[2023-10-27T17:10:06.276+0000] {processor.py:157} INFO - Started process (PID=5084) to work on /opt/airflow/dags/utils/const.py
[2023-10-27T17:10:06.277+0000] {processor.py:829} INFO - Processing file /opt/airflow/dags/utils/const.py for tasks to queue
[2023-10-27T17:10:06.278+0000] {logging_mixin.py:151} INFO - [2023-10-27T17:10:06.278+0000] {dagbag.py:536} INFO - Filling up the DagBag from /opt/airflow/dags/utils/const.py
[2023-10-27T17:10:06.279+0000] {processor.py:841} WARNING - No viable dags retrieved from /opt/airflow/dags/utils/const.py
[2023-10-27T17:10:06.287+0000] {processor.py:179} INFO - Processing /opt/airflow/dags/utils/const.py took 0.013 seconds
[2023-10-27T17:10:37.007+0000] {processor.py:157} INFO - Started process (PID=5140) to work on /opt/airflow/dags/utils/const.py
[2023-10-27T17:10:37.008+0000] {processor.py:829} INFO - Processing file /opt/airflow/dags/utils/const.py for tasks to queue
[2023-10-27T17:10:37.009+0000] {logging_mixin.py:151} INFO - [2023-10-27T17:10:37.009+0000] {dagbag.py:536} INFO - Filling up the DagBag from /opt/airflow/dags/utils/const.py
[2023-10-27T17:10:37.010+0000] {processor.py:841} WARNING - No viable dags retrieved from /opt/airflow/dags/utils/const.py
[2023-10-27T17:10:37.018+0000] {processor.py:179} INFO - Processing /opt/airflow/dags/utils/const.py took 0.012 seconds
[2023-10-27T17:11:07.720+0000] {processor.py:157} INFO - Started process (PID=5196) to work on /opt/airflow/dags/utils/const.py
[2023-10-27T17:11:07.720+0000] {processor.py:829} INFO - Processing file /opt/airflow/dags/utils/const.py for tasks to queue
[2023-10-27T17:11:07.722+0000] {logging_mixin.py:151} INFO - [2023-10-27T17:11:07.721+0000] {dagbag.py:536} INFO - Filling up the DagBag from /opt/airflow/dags/utils/const.py
[2023-10-27T17:11:07.723+0000] {processor.py:841} WARNING - No viable dags retrieved from /opt/airflow/dags/utils/const.py
[2023-10-27T17:11:07.731+0000] {processor.py:179} INFO - Processing /opt/airflow/dags/utils/const.py took 0.013 seconds
[2023-10-27T17:11:38.467+0000] {processor.py:157} INFO - Started process (PID=5252) to work on /opt/airflow/dags/utils/const.py
[2023-10-27T17:11:38.468+0000] {processor.py:829} INFO - Processing file /opt/airflow/dags/utils/const.py for tasks to queue
[2023-10-27T17:11:38.469+0000] {logging_mixin.py:151} INFO - [2023-10-27T17:11:38.469+0000] {dagbag.py:536} INFO - Filling up the DagBag from /opt/airflow/dags/utils/const.py
[2023-10-27T17:11:38.470+0000] {processor.py:841} WARNING - No viable dags retrieved from /opt/airflow/dags/utils/const.py
[2023-10-27T17:11:38.479+0000] {processor.py:179} INFO - Processing /opt/airflow/dags/utils/const.py took 0.013 seconds
