[2023-11-16T09:44:18.377+0000] {processor.py:157} INFO - Started process (PID=6271) to work on /opt/airflow/dags/utils/const.py
[2023-11-16T09:44:18.377+0000] {processor.py:829} INFO - Processing file /opt/airflow/dags/utils/const.py for tasks to queue
[2023-11-16T09:44:18.392+0000] {logging_mixin.py:151} INFO - [2023-11-16T09:44:18.392+0000] {dagbag.py:536} INFO - Filling up the DagBag from /opt/airflow/dags/utils/const.py
[2023-11-16T09:44:18.394+0000] {processor.py:841} WARNING - No viable dags retrieved from /opt/airflow/dags/utils/const.py
[2023-11-16T09:44:18.405+0000] {processor.py:179} INFO - Processing /opt/airflow/dags/utils/const.py took 0.031 seconds
[2023-11-16T09:44:48.492+0000] {processor.py:157} INFO - Started process (PID=6321) to work on /opt/airflow/dags/utils/const.py
[2023-11-16T09:44:48.493+0000] {processor.py:829} INFO - Processing file /opt/airflow/dags/utils/const.py for tasks to queue
[2023-11-16T09:44:48.494+0000] {logging_mixin.py:151} INFO - [2023-11-16T09:44:48.494+0000] {dagbag.py:536} INFO - Filling up the DagBag from /opt/airflow/dags/utils/const.py
[2023-11-16T09:44:48.496+0000] {processor.py:841} WARNING - No viable dags retrieved from /opt/airflow/dags/utils/const.py
[2023-11-16T09:44:48.505+0000] {processor.py:179} INFO - Processing /opt/airflow/dags/utils/const.py took 0.016 seconds
[2023-11-16T09:45:18.593+0000] {processor.py:157} INFO - Started process (PID=6377) to work on /opt/airflow/dags/utils/const.py
[2023-11-16T09:45:18.594+0000] {processor.py:829} INFO - Processing file /opt/airflow/dags/utils/const.py for tasks to queue
[2023-11-16T09:45:18.595+0000] {logging_mixin.py:151} INFO - [2023-11-16T09:45:18.595+0000] {dagbag.py:536} INFO - Filling up the DagBag from /opt/airflow/dags/utils/const.py
[2023-11-16T09:45:18.596+0000] {processor.py:841} WARNING - No viable dags retrieved from /opt/airflow/dags/utils/const.py
[2023-11-16T09:45:18.605+0000] {processor.py:179} INFO - Processing /opt/airflow/dags/utils/const.py took 0.014 seconds
[2023-11-16T09:45:48.689+0000] {processor.py:157} INFO - Started process (PID=6433) to work on /opt/airflow/dags/utils/const.py
[2023-11-16T09:45:48.689+0000] {processor.py:829} INFO - Processing file /opt/airflow/dags/utils/const.py for tasks to queue
[2023-11-16T09:45:48.690+0000] {logging_mixin.py:151} INFO - [2023-11-16T09:45:48.690+0000] {dagbag.py:536} INFO - Filling up the DagBag from /opt/airflow/dags/utils/const.py
[2023-11-16T09:45:48.691+0000] {processor.py:841} WARNING - No viable dags retrieved from /opt/airflow/dags/utils/const.py
[2023-11-16T09:45:48.700+0000] {processor.py:179} INFO - Processing /opt/airflow/dags/utils/const.py took 0.013 seconds
[2023-11-16T09:46:18.861+0000] {processor.py:157} INFO - Started process (PID=6496) to work on /opt/airflow/dags/utils/const.py
[2023-11-16T09:46:18.862+0000] {processor.py:829} INFO - Processing file /opt/airflow/dags/utils/const.py for tasks to queue
[2023-11-16T09:46:18.863+0000] {logging_mixin.py:151} INFO - [2023-11-16T09:46:18.863+0000] {dagbag.py:536} INFO - Filling up the DagBag from /opt/airflow/dags/utils/const.py
[2023-11-16T09:46:18.864+0000] {processor.py:841} WARNING - No viable dags retrieved from /opt/airflow/dags/utils/const.py
[2023-11-16T09:46:18.875+0000] {processor.py:179} INFO - Processing /opt/airflow/dags/utils/const.py took 0.016 seconds
[2023-11-16T09:46:49.040+0000] {processor.py:157} INFO - Started process (PID=6553) to work on /opt/airflow/dags/utils/const.py
[2023-11-16T09:46:49.040+0000] {processor.py:829} INFO - Processing file /opt/airflow/dags/utils/const.py for tasks to queue
[2023-11-16T09:46:49.042+0000] {logging_mixin.py:151} INFO - [2023-11-16T09:46:49.042+0000] {dagbag.py:536} INFO - Filling up the DagBag from /opt/airflow/dags/utils/const.py
[2023-11-16T09:46:49.043+0000] {processor.py:841} WARNING - No viable dags retrieved from /opt/airflow/dags/utils/const.py
[2023-11-16T09:46:49.053+0000] {processor.py:179} INFO - Processing /opt/airflow/dags/utils/const.py took 0.016 seconds
[2023-11-16T09:47:19.092+0000] {processor.py:157} INFO - Started process (PID=6608) to work on /opt/airflow/dags/utils/const.py
[2023-11-16T09:47:19.092+0000] {processor.py:829} INFO - Processing file /opt/airflow/dags/utils/const.py for tasks to queue
[2023-11-16T09:47:19.094+0000] {logging_mixin.py:151} INFO - [2023-11-16T09:47:19.094+0000] {dagbag.py:536} INFO - Filling up the DagBag from /opt/airflow/dags/utils/const.py
[2023-11-16T09:47:19.095+0000] {processor.py:841} WARNING - No viable dags retrieved from /opt/airflow/dags/utils/const.py
[2023-11-16T09:47:19.103+0000] {processor.py:179} INFO - Processing /opt/airflow/dags/utils/const.py took 0.014 seconds
[2023-11-16T09:47:49.268+0000] {processor.py:157} INFO - Started process (PID=6665) to work on /opt/airflow/dags/utils/const.py
[2023-11-16T09:47:49.269+0000] {processor.py:829} INFO - Processing file /opt/airflow/dags/utils/const.py for tasks to queue
[2023-11-16T09:47:49.270+0000] {logging_mixin.py:151} INFO - [2023-11-16T09:47:49.270+0000] {dagbag.py:536} INFO - Filling up the DagBag from /opt/airflow/dags/utils/const.py
[2023-11-16T09:47:49.272+0000] {processor.py:841} WARNING - No viable dags retrieved from /opt/airflow/dags/utils/const.py
[2023-11-16T09:47:49.280+0000] {processor.py:179} INFO - Processing /opt/airflow/dags/utils/const.py took 0.015 seconds
[2023-11-16T09:48:19.302+0000] {processor.py:157} INFO - Started process (PID=6720) to work on /opt/airflow/dags/utils/const.py
[2023-11-16T09:48:19.304+0000] {processor.py:829} INFO - Processing file /opt/airflow/dags/utils/const.py for tasks to queue
[2023-11-16T09:48:19.307+0000] {logging_mixin.py:151} INFO - [2023-11-16T09:48:19.307+0000] {dagbag.py:536} INFO - Filling up the DagBag from /opt/airflow/dags/utils/const.py
[2023-11-16T09:48:19.310+0000] {processor.py:841} WARNING - No viable dags retrieved from /opt/airflow/dags/utils/const.py
[2023-11-16T09:48:19.322+0000] {processor.py:179} INFO - Processing /opt/airflow/dags/utils/const.py took 0.025 seconds
[2023-11-16T09:48:49.453+0000] {processor.py:157} INFO - Started process (PID=6777) to work on /opt/airflow/dags/utils/const.py
[2023-11-16T09:48:49.453+0000] {processor.py:829} INFO - Processing file /opt/airflow/dags/utils/const.py for tasks to queue
[2023-11-16T09:48:49.455+0000] {logging_mixin.py:151} INFO - [2023-11-16T09:48:49.455+0000] {dagbag.py:536} INFO - Filling up the DagBag from /opt/airflow/dags/utils/const.py
[2023-11-16T09:48:49.457+0000] {processor.py:841} WARNING - No viable dags retrieved from /opt/airflow/dags/utils/const.py
[2023-11-16T09:48:49.468+0000] {processor.py:179} INFO - Processing /opt/airflow/dags/utils/const.py took 0.018 seconds
[2023-11-16T09:49:19.574+0000] {processor.py:157} INFO - Started process (PID=6833) to work on /opt/airflow/dags/utils/const.py
[2023-11-16T09:49:19.574+0000] {processor.py:829} INFO - Processing file /opt/airflow/dags/utils/const.py for tasks to queue
[2023-11-16T09:49:19.575+0000] {logging_mixin.py:151} INFO - [2023-11-16T09:49:19.575+0000] {dagbag.py:536} INFO - Filling up the DagBag from /opt/airflow/dags/utils/const.py
[2023-11-16T09:49:19.576+0000] {processor.py:841} WARNING - No viable dags retrieved from /opt/airflow/dags/utils/const.py
[2023-11-16T09:49:19.585+0000] {processor.py:179} INFO - Processing /opt/airflow/dags/utils/const.py took 0.013 seconds
[2023-11-16T09:49:49.637+0000] {processor.py:157} INFO - Started process (PID=6888) to work on /opt/airflow/dags/utils/const.py
[2023-11-16T09:49:49.639+0000] {processor.py:829} INFO - Processing file /opt/airflow/dags/utils/const.py for tasks to queue
[2023-11-16T09:49:49.641+0000] {logging_mixin.py:151} INFO - [2023-11-16T09:49:49.640+0000] {dagbag.py:536} INFO - Filling up the DagBag from /opt/airflow/dags/utils/const.py
[2023-11-16T09:49:49.642+0000] {processor.py:841} WARNING - No viable dags retrieved from /opt/airflow/dags/utils/const.py
[2023-11-16T09:49:49.650+0000] {processor.py:179} INFO - Processing /opt/airflow/dags/utils/const.py took 0.016 seconds
[2023-11-16T09:50:19.734+0000] {processor.py:157} INFO - Started process (PID=6944) to work on /opt/airflow/dags/utils/const.py
[2023-11-16T09:50:19.735+0000] {processor.py:829} INFO - Processing file /opt/airflow/dags/utils/const.py for tasks to queue
[2023-11-16T09:50:19.738+0000] {logging_mixin.py:151} INFO - [2023-11-16T09:50:19.738+0000] {dagbag.py:536} INFO - Filling up the DagBag from /opt/airflow/dags/utils/const.py
[2023-11-16T09:50:19.742+0000] {processor.py:841} WARNING - No viable dags retrieved from /opt/airflow/dags/utils/const.py
[2023-11-16T09:50:19.762+0000] {processor.py:179} INFO - Processing /opt/airflow/dags/utils/const.py took 0.033 seconds
[2023-11-16T09:50:49.997+0000] {processor.py:157} INFO - Started process (PID=7001) to work on /opt/airflow/dags/utils/const.py
[2023-11-16T09:50:49.998+0000] {processor.py:829} INFO - Processing file /opt/airflow/dags/utils/const.py for tasks to queue
[2023-11-16T09:50:50.000+0000] {logging_mixin.py:151} INFO - [2023-11-16T09:50:49.999+0000] {dagbag.py:536} INFO - Filling up the DagBag from /opt/airflow/dags/utils/const.py
[2023-11-16T09:50:50.001+0000] {processor.py:841} WARNING - No viable dags retrieved from /opt/airflow/dags/utils/const.py
[2023-11-16T09:50:50.012+0000] {processor.py:179} INFO - Processing /opt/airflow/dags/utils/const.py took 0.017 seconds
[2023-11-16T09:51:20.101+0000] {processor.py:157} INFO - Started process (PID=7056) to work on /opt/airflow/dags/utils/const.py
[2023-11-16T09:51:20.102+0000] {processor.py:829} INFO - Processing file /opt/airflow/dags/utils/const.py for tasks to queue
[2023-11-16T09:51:20.103+0000] {logging_mixin.py:151} INFO - [2023-11-16T09:51:20.103+0000] {dagbag.py:536} INFO - Filling up the DagBag from /opt/airflow/dags/utils/const.py
[2023-11-16T09:51:20.104+0000] {processor.py:841} WARNING - No viable dags retrieved from /opt/airflow/dags/utils/const.py
[2023-11-16T09:51:20.114+0000] {processor.py:179} INFO - Processing /opt/airflow/dags/utils/const.py took 0.017 seconds
[2023-11-16T09:51:50.404+0000] {processor.py:157} INFO - Started process (PID=7113) to work on /opt/airflow/dags/utils/const.py
[2023-11-16T09:51:50.405+0000] {processor.py:829} INFO - Processing file /opt/airflow/dags/utils/const.py for tasks to queue
[2023-11-16T09:51:50.406+0000] {logging_mixin.py:151} INFO - [2023-11-16T09:51:50.406+0000] {dagbag.py:536} INFO - Filling up the DagBag from /opt/airflow/dags/utils/const.py
[2023-11-16T09:51:50.407+0000] {processor.py:841} WARNING - No viable dags retrieved from /opt/airflow/dags/utils/const.py
[2023-11-16T09:51:50.416+0000] {processor.py:179} INFO - Processing /opt/airflow/dags/utils/const.py took 0.013 seconds
[2023-11-16T09:52:20.489+0000] {processor.py:157} INFO - Started process (PID=7169) to work on /opt/airflow/dags/utils/const.py
[2023-11-16T09:52:20.490+0000] {processor.py:829} INFO - Processing file /opt/airflow/dags/utils/const.py for tasks to queue
[2023-11-16T09:52:20.491+0000] {logging_mixin.py:151} INFO - [2023-11-16T09:52:20.491+0000] {dagbag.py:536} INFO - Filling up the DagBag from /opt/airflow/dags/utils/const.py
[2023-11-16T09:52:20.492+0000] {processor.py:841} WARNING - No viable dags retrieved from /opt/airflow/dags/utils/const.py
[2023-11-16T09:52:20.501+0000] {processor.py:179} INFO - Processing /opt/airflow/dags/utils/const.py took 0.014 seconds
[2023-11-16T09:52:51.327+0000] {processor.py:157} INFO - Started process (PID=7226) to work on /opt/airflow/dags/utils/const.py
[2023-11-16T09:52:51.328+0000] {processor.py:829} INFO - Processing file /opt/airflow/dags/utils/const.py for tasks to queue
[2023-11-16T09:52:51.329+0000] {logging_mixin.py:151} INFO - [2023-11-16T09:52:51.329+0000] {dagbag.py:536} INFO - Filling up the DagBag from /opt/airflow/dags/utils/const.py
[2023-11-16T09:52:51.330+0000] {processor.py:841} WARNING - No viable dags retrieved from /opt/airflow/dags/utils/const.py
[2023-11-16T09:52:51.338+0000] {processor.py:179} INFO - Processing /opt/airflow/dags/utils/const.py took 0.012 seconds
[2023-11-16T09:53:22.049+0000] {processor.py:157} INFO - Started process (PID=7282) to work on /opt/airflow/dags/utils/const.py
[2023-11-16T09:53:22.049+0000] {processor.py:829} INFO - Processing file /opt/airflow/dags/utils/const.py for tasks to queue
[2023-11-16T09:53:22.051+0000] {logging_mixin.py:151} INFO - [2023-11-16T09:53:22.051+0000] {dagbag.py:536} INFO - Filling up the DagBag from /opt/airflow/dags/utils/const.py
[2023-11-16T09:53:22.052+0000] {processor.py:841} WARNING - No viable dags retrieved from /opt/airflow/dags/utils/const.py
[2023-11-16T09:53:22.061+0000] {processor.py:179} INFO - Processing /opt/airflow/dags/utils/const.py took 0.014 seconds
[2023-11-16T09:53:52.102+0000] {processor.py:157} INFO - Started process (PID=7336) to work on /opt/airflow/dags/utils/const.py
[2023-11-16T09:53:52.105+0000] {processor.py:829} INFO - Processing file /opt/airflow/dags/utils/const.py for tasks to queue
[2023-11-16T09:53:52.107+0000] {logging_mixin.py:151} INFO - [2023-11-16T09:53:52.106+0000] {dagbag.py:536} INFO - Filling up the DagBag from /opt/airflow/dags/utils/const.py
[2023-11-16T09:53:52.109+0000] {processor.py:841} WARNING - No viable dags retrieved from /opt/airflow/dags/utils/const.py
[2023-11-16T09:53:52.121+0000] {processor.py:179} INFO - Processing /opt/airflow/dags/utils/const.py took 0.021 seconds
[2023-11-16T09:54:22.208+0000] {processor.py:157} INFO - Started process (PID=7393) to work on /opt/airflow/dags/utils/const.py
[2023-11-16T09:54:22.209+0000] {processor.py:829} INFO - Processing file /opt/airflow/dags/utils/const.py for tasks to queue
[2023-11-16T09:54:22.210+0000] {logging_mixin.py:151} INFO - [2023-11-16T09:54:22.210+0000] {dagbag.py:536} INFO - Filling up the DagBag from /opt/airflow/dags/utils/const.py
[2023-11-16T09:54:22.211+0000] {processor.py:841} WARNING - No viable dags retrieved from /opt/airflow/dags/utils/const.py
[2023-11-16T09:54:22.219+0000] {processor.py:179} INFO - Processing /opt/airflow/dags/utils/const.py took 0.013 seconds
[2023-11-16T09:54:52.290+0000] {processor.py:157} INFO - Started process (PID=7449) to work on /opt/airflow/dags/utils/const.py
[2023-11-16T09:54:52.290+0000] {processor.py:829} INFO - Processing file /opt/airflow/dags/utils/const.py for tasks to queue
[2023-11-16T09:54:52.291+0000] {logging_mixin.py:151} INFO - [2023-11-16T09:54:52.291+0000] {dagbag.py:536} INFO - Filling up the DagBag from /opt/airflow/dags/utils/const.py
[2023-11-16T09:54:52.292+0000] {processor.py:841} WARNING - No viable dags retrieved from /opt/airflow/dags/utils/const.py
[2023-11-16T09:54:52.300+0000] {processor.py:179} INFO - Processing /opt/airflow/dags/utils/const.py took 0.012 seconds
[2023-11-16T09:55:22.428+0000] {processor.py:157} INFO - Started process (PID=7505) to work on /opt/airflow/dags/utils/const.py
[2023-11-16T09:55:22.429+0000] {processor.py:829} INFO - Processing file /opt/airflow/dags/utils/const.py for tasks to queue
[2023-11-16T09:55:22.430+0000] {logging_mixin.py:151} INFO - [2023-11-16T09:55:22.430+0000] {dagbag.py:536} INFO - Filling up the DagBag from /opt/airflow/dags/utils/const.py
[2023-11-16T09:55:22.431+0000] {processor.py:841} WARNING - No viable dags retrieved from /opt/airflow/dags/utils/const.py
[2023-11-16T09:55:22.440+0000] {processor.py:179} INFO - Processing /opt/airflow/dags/utils/const.py took 0.015 seconds
[2023-11-16T09:55:52.591+0000] {processor.py:157} INFO - Started process (PID=7561) to work on /opt/airflow/dags/utils/const.py
[2023-11-16T09:55:52.591+0000] {processor.py:829} INFO - Processing file /opt/airflow/dags/utils/const.py for tasks to queue
[2023-11-16T09:55:52.592+0000] {logging_mixin.py:151} INFO - [2023-11-16T09:55:52.592+0000] {dagbag.py:536} INFO - Filling up the DagBag from /opt/airflow/dags/utils/const.py
[2023-11-16T09:55:52.593+0000] {processor.py:841} WARNING - No viable dags retrieved from /opt/airflow/dags/utils/const.py
[2023-11-16T09:55:52.602+0000] {processor.py:179} INFO - Processing /opt/airflow/dags/utils/const.py took 0.013 seconds
[2023-11-16T09:56:22.674+0000] {processor.py:157} INFO - Started process (PID=7617) to work on /opt/airflow/dags/utils/const.py
[2023-11-16T09:56:22.675+0000] {processor.py:829} INFO - Processing file /opt/airflow/dags/utils/const.py for tasks to queue
[2023-11-16T09:56:22.676+0000] {logging_mixin.py:151} INFO - [2023-11-16T09:56:22.676+0000] {dagbag.py:536} INFO - Filling up the DagBag from /opt/airflow/dags/utils/const.py
[2023-11-16T09:56:22.677+0000] {processor.py:841} WARNING - No viable dags retrieved from /opt/airflow/dags/utils/const.py
[2023-11-16T09:56:22.685+0000] {processor.py:179} INFO - Processing /opt/airflow/dags/utils/const.py took 0.013 seconds
[2023-11-16T09:56:53.069+0000] {processor.py:157} INFO - Started process (PID=7673) to work on /opt/airflow/dags/utils/const.py
[2023-11-16T09:56:53.070+0000] {processor.py:829} INFO - Processing file /opt/airflow/dags/utils/const.py for tasks to queue
[2023-11-16T09:56:53.071+0000] {logging_mixin.py:151} INFO - [2023-11-16T09:56:53.071+0000] {dagbag.py:536} INFO - Filling up the DagBag from /opt/airflow/dags/utils/const.py
[2023-11-16T09:56:53.072+0000] {processor.py:841} WARNING - No viable dags retrieved from /opt/airflow/dags/utils/const.py
[2023-11-16T09:56:53.081+0000] {processor.py:179} INFO - Processing /opt/airflow/dags/utils/const.py took 0.014 seconds
[2023-11-16T09:57:23.226+0000] {processor.py:157} INFO - Started process (PID=7729) to work on /opt/airflow/dags/utils/const.py
[2023-11-16T09:57:23.226+0000] {processor.py:829} INFO - Processing file /opt/airflow/dags/utils/const.py for tasks to queue
[2023-11-16T09:57:23.227+0000] {logging_mixin.py:151} INFO - [2023-11-16T09:57:23.227+0000] {dagbag.py:536} INFO - Filling up the DagBag from /opt/airflow/dags/utils/const.py
[2023-11-16T09:57:23.228+0000] {processor.py:841} WARNING - No viable dags retrieved from /opt/airflow/dags/utils/const.py
[2023-11-16T09:57:23.237+0000] {processor.py:179} INFO - Processing /opt/airflow/dags/utils/const.py took 0.013 seconds
[2023-11-16T09:57:53.337+0000] {processor.py:157} INFO - Started process (PID=7785) to work on /opt/airflow/dags/utils/const.py
[2023-11-16T09:57:53.338+0000] {processor.py:829} INFO - Processing file /opt/airflow/dags/utils/const.py for tasks to queue
[2023-11-16T09:57:53.340+0000] {logging_mixin.py:151} INFO - [2023-11-16T09:57:53.340+0000] {dagbag.py:536} INFO - Filling up the DagBag from /opt/airflow/dags/utils/const.py
[2023-11-16T09:57:53.342+0000] {processor.py:841} WARNING - No viable dags retrieved from /opt/airflow/dags/utils/const.py
[2023-11-16T09:57:53.351+0000] {processor.py:179} INFO - Processing /opt/airflow/dags/utils/const.py took 0.017 seconds
[2023-11-16T09:58:23.451+0000] {processor.py:157} INFO - Started process (PID=7841) to work on /opt/airflow/dags/utils/const.py
[2023-11-16T09:58:23.451+0000] {processor.py:829} INFO - Processing file /opt/airflow/dags/utils/const.py for tasks to queue
[2023-11-16T09:58:23.453+0000] {logging_mixin.py:151} INFO - [2023-11-16T09:58:23.453+0000] {dagbag.py:536} INFO - Filling up the DagBag from /opt/airflow/dags/utils/const.py
[2023-11-16T09:58:23.454+0000] {processor.py:841} WARNING - No viable dags retrieved from /opt/airflow/dags/utils/const.py
[2023-11-16T09:58:23.462+0000] {processor.py:179} INFO - Processing /opt/airflow/dags/utils/const.py took 0.013 seconds
[2023-11-16T09:58:53.565+0000] {processor.py:157} INFO - Started process (PID=7897) to work on /opt/airflow/dags/utils/const.py
[2023-11-16T09:58:53.565+0000] {processor.py:829} INFO - Processing file /opt/airflow/dags/utils/const.py for tasks to queue
[2023-11-16T09:58:53.567+0000] {logging_mixin.py:151} INFO - [2023-11-16T09:58:53.566+0000] {dagbag.py:536} INFO - Filling up the DagBag from /opt/airflow/dags/utils/const.py
[2023-11-16T09:58:53.568+0000] {processor.py:841} WARNING - No viable dags retrieved from /opt/airflow/dags/utils/const.py
[2023-11-16T09:58:53.576+0000] {processor.py:179} INFO - Processing /opt/airflow/dags/utils/const.py took 0.013 seconds
[2023-11-16T09:59:23.749+0000] {processor.py:157} INFO - Started process (PID=7953) to work on /opt/airflow/dags/utils/const.py
[2023-11-16T09:59:23.750+0000] {processor.py:829} INFO - Processing file /opt/airflow/dags/utils/const.py for tasks to queue
[2023-11-16T09:59:23.751+0000] {logging_mixin.py:151} INFO - [2023-11-16T09:59:23.751+0000] {dagbag.py:536} INFO - Filling up the DagBag from /opt/airflow/dags/utils/const.py
[2023-11-16T09:59:23.752+0000] {processor.py:841} WARNING - No viable dags retrieved from /opt/airflow/dags/utils/const.py
[2023-11-16T09:59:23.761+0000] {processor.py:179} INFO - Processing /opt/airflow/dags/utils/const.py took 0.015 seconds
[2023-11-16T09:59:53.899+0000] {processor.py:157} INFO - Started process (PID=8010) to work on /opt/airflow/dags/utils/const.py
[2023-11-16T09:59:53.899+0000] {processor.py:829} INFO - Processing file /opt/airflow/dags/utils/const.py for tasks to queue
[2023-11-16T09:59:53.900+0000] {logging_mixin.py:151} INFO - [2023-11-16T09:59:53.900+0000] {dagbag.py:536} INFO - Filling up the DagBag from /opt/airflow/dags/utils/const.py
[2023-11-16T09:59:53.901+0000] {processor.py:841} WARNING - No viable dags retrieved from /opt/airflow/dags/utils/const.py
[2023-11-16T09:59:53.909+0000] {processor.py:179} INFO - Processing /opt/airflow/dags/utils/const.py took 0.012 seconds
[2023-11-16T10:00:23.925+0000] {processor.py:157} INFO - Started process (PID=8065) to work on /opt/airflow/dags/utils/const.py
[2023-11-16T10:00:23.926+0000] {processor.py:829} INFO - Processing file /opt/airflow/dags/utils/const.py for tasks to queue
[2023-11-16T10:00:23.927+0000] {logging_mixin.py:151} INFO - [2023-11-16T10:00:23.927+0000] {dagbag.py:536} INFO - Filling up the DagBag from /opt/airflow/dags/utils/const.py
[2023-11-16T10:00:23.928+0000] {processor.py:841} WARNING - No viable dags retrieved from /opt/airflow/dags/utils/const.py
[2023-11-16T10:00:23.936+0000] {processor.py:179} INFO - Processing /opt/airflow/dags/utils/const.py took 0.013 seconds
[2023-11-16T10:00:54.019+0000] {processor.py:157} INFO - Started process (PID=8121) to work on /opt/airflow/dags/utils/const.py
[2023-11-16T10:00:54.021+0000] {processor.py:829} INFO - Processing file /opt/airflow/dags/utils/const.py for tasks to queue
[2023-11-16T10:00:54.023+0000] {logging_mixin.py:151} INFO - [2023-11-16T10:00:54.022+0000] {dagbag.py:536} INFO - Filling up the DagBag from /opt/airflow/dags/utils/const.py
[2023-11-16T10:00:54.024+0000] {processor.py:841} WARNING - No viable dags retrieved from /opt/airflow/dags/utils/const.py
[2023-11-16T10:00:54.032+0000] {processor.py:179} INFO - Processing /opt/airflow/dags/utils/const.py took 0.015 seconds
[2023-11-16T10:01:24.355+0000] {processor.py:157} INFO - Started process (PID=8177) to work on /opt/airflow/dags/utils/const.py
[2023-11-16T10:01:24.356+0000] {processor.py:829} INFO - Processing file /opt/airflow/dags/utils/const.py for tasks to queue
[2023-11-16T10:01:24.358+0000] {logging_mixin.py:151} INFO - [2023-11-16T10:01:24.357+0000] {dagbag.py:536} INFO - Filling up the DagBag from /opt/airflow/dags/utils/const.py
[2023-11-16T10:01:24.359+0000] {processor.py:841} WARNING - No viable dags retrieved from /opt/airflow/dags/utils/const.py
[2023-11-16T10:01:24.371+0000] {processor.py:179} INFO - Processing /opt/airflow/dags/utils/const.py took 0.018 seconds
[2023-11-16T10:01:55.168+0000] {processor.py:157} INFO - Started process (PID=8231) to work on /opt/airflow/dags/utils/const.py
[2023-11-16T10:01:55.169+0000] {processor.py:829} INFO - Processing file /opt/airflow/dags/utils/const.py for tasks to queue
[2023-11-16T10:01:55.170+0000] {logging_mixin.py:151} INFO - [2023-11-16T10:01:55.170+0000] {dagbag.py:536} INFO - Filling up the DagBag from /opt/airflow/dags/utils/const.py
[2023-11-16T10:01:55.172+0000] {processor.py:841} WARNING - No viable dags retrieved from /opt/airflow/dags/utils/const.py
[2023-11-16T10:01:55.184+0000] {processor.py:179} INFO - Processing /opt/airflow/dags/utils/const.py took 0.018 seconds
[2023-11-16T10:02:25.568+0000] {processor.py:157} INFO - Started process (PID=8287) to work on /opt/airflow/dags/utils/const.py
[2023-11-16T10:02:25.569+0000] {processor.py:829} INFO - Processing file /opt/airflow/dags/utils/const.py for tasks to queue
[2023-11-16T10:02:25.570+0000] {logging_mixin.py:151} INFO - [2023-11-16T10:02:25.570+0000] {dagbag.py:536} INFO - Filling up the DagBag from /opt/airflow/dags/utils/const.py
[2023-11-16T10:02:25.571+0000] {processor.py:841} WARNING - No viable dags retrieved from /opt/airflow/dags/utils/const.py
[2023-11-16T10:02:25.579+0000] {processor.py:179} INFO - Processing /opt/airflow/dags/utils/const.py took 0.013 seconds
[2023-11-16T10:02:55.924+0000] {processor.py:157} INFO - Started process (PID=8343) to work on /opt/airflow/dags/utils/const.py
[2023-11-16T10:02:55.926+0000] {processor.py:829} INFO - Processing file /opt/airflow/dags/utils/const.py for tasks to queue
[2023-11-16T10:02:55.928+0000] {logging_mixin.py:151} INFO - [2023-11-16T10:02:55.927+0000] {dagbag.py:536} INFO - Filling up the DagBag from /opt/airflow/dags/utils/const.py
[2023-11-16T10:02:55.929+0000] {processor.py:841} WARNING - No viable dags retrieved from /opt/airflow/dags/utils/const.py
[2023-11-16T10:02:55.939+0000] {processor.py:179} INFO - Processing /opt/airflow/dags/utils/const.py took 0.018 seconds
[2023-11-16T10:03:26.433+0000] {processor.py:157} INFO - Started process (PID=8399) to work on /opt/airflow/dags/utils/const.py
[2023-11-16T10:03:26.434+0000] {processor.py:829} INFO - Processing file /opt/airflow/dags/utils/const.py for tasks to queue
[2023-11-16T10:03:26.435+0000] {logging_mixin.py:151} INFO - [2023-11-16T10:03:26.435+0000] {dagbag.py:536} INFO - Filling up the DagBag from /opt/airflow/dags/utils/const.py
[2023-11-16T10:03:26.437+0000] {processor.py:841} WARNING - No viable dags retrieved from /opt/airflow/dags/utils/const.py
[2023-11-16T10:03:26.446+0000] {processor.py:179} INFO - Processing /opt/airflow/dags/utils/const.py took 0.016 seconds
[2023-11-16T10:03:56.599+0000] {processor.py:157} INFO - Started process (PID=8455) to work on /opt/airflow/dags/utils/const.py
[2023-11-16T10:03:56.600+0000] {processor.py:829} INFO - Processing file /opt/airflow/dags/utils/const.py for tasks to queue
[2023-11-16T10:03:56.601+0000] {logging_mixin.py:151} INFO - [2023-11-16T10:03:56.601+0000] {dagbag.py:536} INFO - Filling up the DagBag from /opt/airflow/dags/utils/const.py
[2023-11-16T10:03:56.602+0000] {processor.py:841} WARNING - No viable dags retrieved from /opt/airflow/dags/utils/const.py
[2023-11-16T10:03:56.611+0000] {processor.py:179} INFO - Processing /opt/airflow/dags/utils/const.py took 0.013 seconds
[2023-11-16T10:04:26.760+0000] {processor.py:157} INFO - Started process (PID=8512) to work on /opt/airflow/dags/utils/const.py
[2023-11-16T10:04:26.761+0000] {processor.py:829} INFO - Processing file /opt/airflow/dags/utils/const.py for tasks to queue
[2023-11-16T10:04:26.763+0000] {logging_mixin.py:151} INFO - [2023-11-16T10:04:26.762+0000] {dagbag.py:536} INFO - Filling up the DagBag from /opt/airflow/dags/utils/const.py
[2023-11-16T10:04:26.764+0000] {processor.py:841} WARNING - No viable dags retrieved from /opt/airflow/dags/utils/const.py
[2023-11-16T10:04:26.773+0000] {processor.py:179} INFO - Processing /opt/airflow/dags/utils/const.py took 0.015 seconds
[2023-11-16T10:04:57.525+0000] {processor.py:157} INFO - Started process (PID=8569) to work on /opt/airflow/dags/utils/const.py
[2023-11-16T10:04:57.525+0000] {processor.py:829} INFO - Processing file /opt/airflow/dags/utils/const.py for tasks to queue
[2023-11-16T10:04:57.526+0000] {logging_mixin.py:151} INFO - [2023-11-16T10:04:57.526+0000] {dagbag.py:536} INFO - Filling up the DagBag from /opt/airflow/dags/utils/const.py
[2023-11-16T10:04:57.528+0000] {processor.py:841} WARNING - No viable dags retrieved from /opt/airflow/dags/utils/const.py
[2023-11-16T10:04:57.539+0000] {processor.py:179} INFO - Processing /opt/airflow/dags/utils/const.py took 0.016 seconds
[2023-11-16T10:05:27.696+0000] {processor.py:157} INFO - Started process (PID=8625) to work on /opt/airflow/dags/utils/const.py
[2023-11-16T10:05:27.697+0000] {processor.py:829} INFO - Processing file /opt/airflow/dags/utils/const.py for tasks to queue
[2023-11-16T10:05:27.698+0000] {logging_mixin.py:151} INFO - [2023-11-16T10:05:27.698+0000] {dagbag.py:536} INFO - Filling up the DagBag from /opt/airflow/dags/utils/const.py
[2023-11-16T10:05:27.699+0000] {processor.py:841} WARNING - No viable dags retrieved from /opt/airflow/dags/utils/const.py
[2023-11-16T10:05:27.708+0000] {processor.py:179} INFO - Processing /opt/airflow/dags/utils/const.py took 0.013 seconds
[2023-11-16T10:05:57.776+0000] {processor.py:157} INFO - Started process (PID=8682) to work on /opt/airflow/dags/utils/const.py
[2023-11-16T10:05:57.777+0000] {processor.py:829} INFO - Processing file /opt/airflow/dags/utils/const.py for tasks to queue
[2023-11-16T10:05:57.778+0000] {logging_mixin.py:151} INFO - [2023-11-16T10:05:57.778+0000] {dagbag.py:536} INFO - Filling up the DagBag from /opt/airflow/dags/utils/const.py
[2023-11-16T10:05:57.779+0000] {processor.py:841} WARNING - No viable dags retrieved from /opt/airflow/dags/utils/const.py
[2023-11-16T10:05:57.787+0000] {processor.py:179} INFO - Processing /opt/airflow/dags/utils/const.py took 0.012 seconds
[2023-11-16T10:06:28.488+0000] {processor.py:157} INFO - Started process (PID=8737) to work on /opt/airflow/dags/utils/const.py
[2023-11-16T10:06:28.489+0000] {processor.py:829} INFO - Processing file /opt/airflow/dags/utils/const.py for tasks to queue
[2023-11-16T10:06:28.490+0000] {logging_mixin.py:151} INFO - [2023-11-16T10:06:28.490+0000] {dagbag.py:536} INFO - Filling up the DagBag from /opt/airflow/dags/utils/const.py
[2023-11-16T10:06:28.491+0000] {processor.py:841} WARNING - No viable dags retrieved from /opt/airflow/dags/utils/const.py
[2023-11-16T10:06:28.499+0000] {processor.py:179} INFO - Processing /opt/airflow/dags/utils/const.py took 0.013 seconds
[2023-11-16T10:06:59.087+0000] {processor.py:157} INFO - Started process (PID=8793) to work on /opt/airflow/dags/utils/const.py
[2023-11-16T10:06:59.088+0000] {processor.py:829} INFO - Processing file /opt/airflow/dags/utils/const.py for tasks to queue
[2023-11-16T10:06:59.089+0000] {logging_mixin.py:151} INFO - [2023-11-16T10:06:59.089+0000] {dagbag.py:536} INFO - Filling up the DagBag from /opt/airflow/dags/utils/const.py
[2023-11-16T10:06:59.090+0000] {processor.py:841} WARNING - No viable dags retrieved from /opt/airflow/dags/utils/const.py
[2023-11-16T10:06:59.098+0000] {processor.py:179} INFO - Processing /opt/airflow/dags/utils/const.py took 0.013 seconds
[2023-11-16T10:07:29.702+0000] {processor.py:157} INFO - Started process (PID=8850) to work on /opt/airflow/dags/utils/const.py
[2023-11-16T10:07:29.703+0000] {processor.py:829} INFO - Processing file /opt/airflow/dags/utils/const.py for tasks to queue
[2023-11-16T10:07:29.704+0000] {logging_mixin.py:151} INFO - [2023-11-16T10:07:29.704+0000] {dagbag.py:536} INFO - Filling up the DagBag from /opt/airflow/dags/utils/const.py
[2023-11-16T10:07:29.705+0000] {processor.py:841} WARNING - No viable dags retrieved from /opt/airflow/dags/utils/const.py
[2023-11-16T10:07:29.713+0000] {processor.py:179} INFO - Processing /opt/airflow/dags/utils/const.py took 0.013 seconds
[2023-11-16T10:08:00.341+0000] {processor.py:157} INFO - Started process (PID=8906) to work on /opt/airflow/dags/utils/const.py
[2023-11-16T10:08:00.341+0000] {processor.py:829} INFO - Processing file /opt/airflow/dags/utils/const.py for tasks to queue
[2023-11-16T10:08:00.342+0000] {logging_mixin.py:151} INFO - [2023-11-16T10:08:00.342+0000] {dagbag.py:536} INFO - Filling up the DagBag from /opt/airflow/dags/utils/const.py
[2023-11-16T10:08:00.343+0000] {processor.py:841} WARNING - No viable dags retrieved from /opt/airflow/dags/utils/const.py
[2023-11-16T10:08:00.351+0000] {processor.py:179} INFO - Processing /opt/airflow/dags/utils/const.py took 0.013 seconds
[2023-11-16T10:08:31.096+0000] {processor.py:157} INFO - Started process (PID=8962) to work on /opt/airflow/dags/utils/const.py
[2023-11-16T10:08:31.097+0000] {processor.py:829} INFO - Processing file /opt/airflow/dags/utils/const.py for tasks to queue
[2023-11-16T10:08:31.098+0000] {logging_mixin.py:151} INFO - [2023-11-16T10:08:31.098+0000] {dagbag.py:536} INFO - Filling up the DagBag from /opt/airflow/dags/utils/const.py
[2023-11-16T10:08:31.099+0000] {processor.py:841} WARNING - No viable dags retrieved from /opt/airflow/dags/utils/const.py
[2023-11-16T10:08:31.107+0000] {processor.py:179} INFO - Processing /opt/airflow/dags/utils/const.py took 0.014 seconds
[2023-11-16T10:09:01.721+0000] {processor.py:157} INFO - Started process (PID=9019) to work on /opt/airflow/dags/utils/const.py
[2023-11-16T10:09:01.722+0000] {processor.py:829} INFO - Processing file /opt/airflow/dags/utils/const.py for tasks to queue
[2023-11-16T10:09:01.723+0000] {logging_mixin.py:151} INFO - [2023-11-16T10:09:01.723+0000] {dagbag.py:536} INFO - Filling up the DagBag from /opt/airflow/dags/utils/const.py
[2023-11-16T10:09:01.724+0000] {processor.py:841} WARNING - No viable dags retrieved from /opt/airflow/dags/utils/const.py
[2023-11-16T10:09:01.732+0000] {processor.py:179} INFO - Processing /opt/airflow/dags/utils/const.py took 0.013 seconds
[2023-11-16T10:09:32.511+0000] {processor.py:157} INFO - Started process (PID=9075) to work on /opt/airflow/dags/utils/const.py
[2023-11-16T10:09:32.512+0000] {processor.py:829} INFO - Processing file /opt/airflow/dags/utils/const.py for tasks to queue
[2023-11-16T10:09:32.513+0000] {logging_mixin.py:151} INFO - [2023-11-16T10:09:32.513+0000] {dagbag.py:536} INFO - Filling up the DagBag from /opt/airflow/dags/utils/const.py
[2023-11-16T10:09:32.514+0000] {processor.py:841} WARNING - No viable dags retrieved from /opt/airflow/dags/utils/const.py
[2023-11-16T10:09:32.522+0000] {processor.py:179} INFO - Processing /opt/airflow/dags/utils/const.py took 0.013 seconds
[2023-11-16T10:10:02.575+0000] {processor.py:157} INFO - Started process (PID=9130) to work on /opt/airflow/dags/utils/const.py
[2023-11-16T10:10:02.578+0000] {processor.py:829} INFO - Processing file /opt/airflow/dags/utils/const.py for tasks to queue
[2023-11-16T10:10:02.583+0000] {logging_mixin.py:151} INFO - [2023-11-16T10:10:02.582+0000] {dagbag.py:536} INFO - Filling up the DagBag from /opt/airflow/dags/utils/const.py
[2023-11-16T10:10:02.584+0000] {processor.py:841} WARNING - No viable dags retrieved from /opt/airflow/dags/utils/const.py
[2023-11-16T10:10:02.592+0000] {processor.py:179} INFO - Processing /opt/airflow/dags/utils/const.py took 0.019 seconds
[2023-11-16T10:10:32.883+0000] {processor.py:157} INFO - Started process (PID=9188) to work on /opt/airflow/dags/utils/const.py
[2023-11-16T10:10:32.883+0000] {processor.py:829} INFO - Processing file /opt/airflow/dags/utils/const.py for tasks to queue
[2023-11-16T10:10:32.884+0000] {logging_mixin.py:151} INFO - [2023-11-16T10:10:32.884+0000] {dagbag.py:536} INFO - Filling up the DagBag from /opt/airflow/dags/utils/const.py
[2023-11-16T10:10:32.885+0000] {processor.py:841} WARNING - No viable dags retrieved from /opt/airflow/dags/utils/const.py
[2023-11-16T10:10:32.893+0000] {processor.py:179} INFO - Processing /opt/airflow/dags/utils/const.py took 0.013 seconds
[2023-11-16T10:11:02.979+0000] {processor.py:157} INFO - Started process (PID=9244) to work on /opt/airflow/dags/utils/const.py
[2023-11-16T10:11:02.979+0000] {processor.py:829} INFO - Processing file /opt/airflow/dags/utils/const.py for tasks to queue
[2023-11-16T10:11:02.980+0000] {logging_mixin.py:151} INFO - [2023-11-16T10:11:02.980+0000] {dagbag.py:536} INFO - Filling up the DagBag from /opt/airflow/dags/utils/const.py
[2023-11-16T10:11:02.981+0000] {processor.py:841} WARNING - No viable dags retrieved from /opt/airflow/dags/utils/const.py
[2023-11-16T10:11:02.989+0000] {processor.py:179} INFO - Processing /opt/airflow/dags/utils/const.py took 0.013 seconds
[2023-11-16T10:11:33.214+0000] {processor.py:157} INFO - Started process (PID=9300) to work on /opt/airflow/dags/utils/const.py
[2023-11-16T10:11:33.214+0000] {processor.py:829} INFO - Processing file /opt/airflow/dags/utils/const.py for tasks to queue
[2023-11-16T10:11:33.215+0000] {logging_mixin.py:151} INFO - [2023-11-16T10:11:33.215+0000] {dagbag.py:536} INFO - Filling up the DagBag from /opt/airflow/dags/utils/const.py
[2023-11-16T10:11:33.217+0000] {processor.py:841} WARNING - No viable dags retrieved from /opt/airflow/dags/utils/const.py
[2023-11-16T10:11:33.225+0000] {processor.py:179} INFO - Processing /opt/airflow/dags/utils/const.py took 0.014 seconds
[2023-11-16T10:12:03.511+0000] {processor.py:157} INFO - Started process (PID=9357) to work on /opt/airflow/dags/utils/const.py
[2023-11-16T10:12:03.512+0000] {processor.py:829} INFO - Processing file /opt/airflow/dags/utils/const.py for tasks to queue
[2023-11-16T10:12:03.513+0000] {logging_mixin.py:151} INFO - [2023-11-16T10:12:03.513+0000] {dagbag.py:536} INFO - Filling up the DagBag from /opt/airflow/dags/utils/const.py
[2023-11-16T10:12:03.514+0000] {processor.py:841} WARNING - No viable dags retrieved from /opt/airflow/dags/utils/const.py
[2023-11-16T10:12:03.522+0000] {processor.py:179} INFO - Processing /opt/airflow/dags/utils/const.py took 0.013 seconds
[2023-11-16T10:12:33.865+0000] {processor.py:157} INFO - Started process (PID=9414) to work on /opt/airflow/dags/utils/const.py
[2023-11-16T10:12:33.866+0000] {processor.py:829} INFO - Processing file /opt/airflow/dags/utils/const.py for tasks to queue
[2023-11-16T10:12:33.867+0000] {logging_mixin.py:151} INFO - [2023-11-16T10:12:33.867+0000] {dagbag.py:536} INFO - Filling up the DagBag from /opt/airflow/dags/utils/const.py
[2023-11-16T10:12:33.868+0000] {processor.py:841} WARNING - No viable dags retrieved from /opt/airflow/dags/utils/const.py
[2023-11-16T10:12:33.878+0000] {processor.py:179} INFO - Processing /opt/airflow/dags/utils/const.py took 0.016 seconds
[2023-11-16T10:13:04.286+0000] {processor.py:157} INFO - Started process (PID=9471) to work on /opt/airflow/dags/utils/const.py
[2023-11-16T10:13:04.286+0000] {processor.py:829} INFO - Processing file /opt/airflow/dags/utils/const.py for tasks to queue
[2023-11-16T10:13:04.287+0000] {logging_mixin.py:151} INFO - [2023-11-16T10:13:04.287+0000] {dagbag.py:536} INFO - Filling up the DagBag from /opt/airflow/dags/utils/const.py
[2023-11-16T10:13:04.288+0000] {processor.py:841} WARNING - No viable dags retrieved from /opt/airflow/dags/utils/const.py
[2023-11-16T10:13:04.296+0000] {processor.py:179} INFO - Processing /opt/airflow/dags/utils/const.py took 0.013 seconds
[2023-11-16T10:13:34.747+0000] {processor.py:157} INFO - Started process (PID=9527) to work on /opt/airflow/dags/utils/const.py
[2023-11-16T10:13:34.748+0000] {processor.py:829} INFO - Processing file /opt/airflow/dags/utils/const.py for tasks to queue
[2023-11-16T10:13:34.749+0000] {logging_mixin.py:151} INFO - [2023-11-16T10:13:34.749+0000] {dagbag.py:536} INFO - Filling up the DagBag from /opt/airflow/dags/utils/const.py
[2023-11-16T10:13:34.750+0000] {processor.py:841} WARNING - No viable dags retrieved from /opt/airflow/dags/utils/const.py
[2023-11-16T10:13:34.758+0000] {processor.py:179} INFO - Processing /opt/airflow/dags/utils/const.py took 0.014 seconds
[2023-11-16T10:14:05.027+0000] {processor.py:157} INFO - Started process (PID=9583) to work on /opt/airflow/dags/utils/const.py
[2023-11-16T10:14:05.028+0000] {processor.py:829} INFO - Processing file /opt/airflow/dags/utils/const.py for tasks to queue
[2023-11-16T10:14:05.029+0000] {logging_mixin.py:151} INFO - [2023-11-16T10:14:05.029+0000] {dagbag.py:536} INFO - Filling up the DagBag from /opt/airflow/dags/utils/const.py
[2023-11-16T10:14:05.030+0000] {processor.py:841} WARNING - No viable dags retrieved from /opt/airflow/dags/utils/const.py
[2023-11-16T10:14:05.040+0000] {processor.py:179} INFO - Processing /opt/airflow/dags/utils/const.py took 0.014 seconds
[2023-11-16T10:14:35.091+0000] {processor.py:157} INFO - Started process (PID=9639) to work on /opt/airflow/dags/utils/const.py
[2023-11-16T10:14:35.094+0000] {processor.py:829} INFO - Processing file /opt/airflow/dags/utils/const.py for tasks to queue
[2023-11-16T10:14:35.095+0000] {logging_mixin.py:151} INFO - [2023-11-16T10:14:35.095+0000] {dagbag.py:536} INFO - Filling up the DagBag from /opt/airflow/dags/utils/const.py
[2023-11-16T10:14:35.096+0000] {processor.py:841} WARNING - No viable dags retrieved from /opt/airflow/dags/utils/const.py
[2023-11-16T10:14:35.105+0000] {processor.py:179} INFO - Processing /opt/airflow/dags/utils/const.py took 0.016 seconds
[2023-11-16T10:15:05.813+0000] {processor.py:157} INFO - Started process (PID=9695) to work on /opt/airflow/dags/utils/const.py
[2023-11-16T10:15:05.816+0000] {processor.py:829} INFO - Processing file /opt/airflow/dags/utils/const.py for tasks to queue
[2023-11-16T10:15:05.819+0000] {logging_mixin.py:151} INFO - [2023-11-16T10:15:05.818+0000] {dagbag.py:536} INFO - Filling up the DagBag from /opt/airflow/dags/utils/const.py
[2023-11-16T10:15:05.821+0000] {processor.py:841} WARNING - No viable dags retrieved from /opt/airflow/dags/utils/const.py
[2023-11-16T10:15:05.834+0000] {processor.py:179} INFO - Processing /opt/airflow/dags/utils/const.py took 0.025 seconds
[2023-11-16T10:15:36.481+0000] {processor.py:157} INFO - Started process (PID=9752) to work on /opt/airflow/dags/utils/const.py
[2023-11-16T10:15:36.484+0000] {processor.py:829} INFO - Processing file /opt/airflow/dags/utils/const.py for tasks to queue
[2023-11-16T10:15:36.487+0000] {logging_mixin.py:151} INFO - [2023-11-16T10:15:36.487+0000] {dagbag.py:536} INFO - Filling up the DagBag from /opt/airflow/dags/utils/const.py
[2023-11-16T10:15:36.490+0000] {processor.py:841} WARNING - No viable dags retrieved from /opt/airflow/dags/utils/const.py
[2023-11-16T10:15:36.501+0000] {processor.py:179} INFO - Processing /opt/airflow/dags/utils/const.py took 0.023 seconds
[2023-11-16T10:16:07.078+0000] {processor.py:157} INFO - Started process (PID=9808) to work on /opt/airflow/dags/utils/const.py
[2023-11-16T10:16:07.081+0000] {processor.py:829} INFO - Processing file /opt/airflow/dags/utils/const.py for tasks to queue
[2023-11-16T10:16:07.083+0000] {logging_mixin.py:151} INFO - [2023-11-16T10:16:07.083+0000] {dagbag.py:536} INFO - Filling up the DagBag from /opt/airflow/dags/utils/const.py
[2023-11-16T10:16:07.084+0000] {processor.py:841} WARNING - No viable dags retrieved from /opt/airflow/dags/utils/const.py
[2023-11-16T10:16:07.093+0000] {processor.py:179} INFO - Processing /opt/airflow/dags/utils/const.py took 0.017 seconds
[2023-11-16T10:16:37.654+0000] {processor.py:157} INFO - Started process (PID=9864) to work on /opt/airflow/dags/utils/const.py
[2023-11-16T10:16:37.656+0000] {processor.py:829} INFO - Processing file /opt/airflow/dags/utils/const.py for tasks to queue
[2023-11-16T10:16:37.659+0000] {logging_mixin.py:151} INFO - [2023-11-16T10:16:37.658+0000] {dagbag.py:536} INFO - Filling up the DagBag from /opt/airflow/dags/utils/const.py
[2023-11-16T10:16:37.661+0000] {processor.py:841} WARNING - No viable dags retrieved from /opt/airflow/dags/utils/const.py
[2023-11-16T10:16:37.673+0000] {processor.py:179} INFO - Processing /opt/airflow/dags/utils/const.py took 0.021 seconds
[2023-11-16T10:17:08.312+0000] {processor.py:157} INFO - Started process (PID=9920) to work on /opt/airflow/dags/utils/const.py
[2023-11-16T10:17:08.312+0000] {processor.py:829} INFO - Processing file /opt/airflow/dags/utils/const.py for tasks to queue
[2023-11-16T10:17:08.313+0000] {logging_mixin.py:151} INFO - [2023-11-16T10:17:08.313+0000] {dagbag.py:536} INFO - Filling up the DagBag from /opt/airflow/dags/utils/const.py
[2023-11-16T10:17:08.314+0000] {processor.py:841} WARNING - No viable dags retrieved from /opt/airflow/dags/utils/const.py
[2023-11-16T10:17:08.322+0000] {processor.py:179} INFO - Processing /opt/airflow/dags/utils/const.py took 0.013 seconds
[2023-11-16T10:17:38.896+0000] {processor.py:157} INFO - Started process (PID=9976) to work on /opt/airflow/dags/utils/const.py
[2023-11-16T10:17:38.899+0000] {processor.py:829} INFO - Processing file /opt/airflow/dags/utils/const.py for tasks to queue
[2023-11-16T10:17:38.902+0000] {logging_mixin.py:151} INFO - [2023-11-16T10:17:38.902+0000] {dagbag.py:536} INFO - Filling up the DagBag from /opt/airflow/dags/utils/const.py
[2023-11-16T10:17:38.905+0000] {processor.py:841} WARNING - No viable dags retrieved from /opt/airflow/dags/utils/const.py
[2023-11-16T10:17:38.916+0000] {processor.py:179} INFO - Processing /opt/airflow/dags/utils/const.py took 0.025 seconds
[2023-11-16T10:18:09.535+0000] {processor.py:157} INFO - Started process (PID=10032) to work on /opt/airflow/dags/utils/const.py
[2023-11-16T10:18:09.536+0000] {processor.py:829} INFO - Processing file /opt/airflow/dags/utils/const.py for tasks to queue
[2023-11-16T10:18:09.538+0000] {logging_mixin.py:151} INFO - [2023-11-16T10:18:09.538+0000] {dagbag.py:536} INFO - Filling up the DagBag from /opt/airflow/dags/utils/const.py
[2023-11-16T10:18:09.539+0000] {processor.py:841} WARNING - No viable dags retrieved from /opt/airflow/dags/utils/const.py
[2023-11-16T10:18:09.547+0000] {processor.py:179} INFO - Processing /opt/airflow/dags/utils/const.py took 0.013 seconds
[2023-11-16T10:18:40.169+0000] {processor.py:157} INFO - Started process (PID=10088) to work on /opt/airflow/dags/utils/const.py
[2023-11-16T10:18:40.171+0000] {processor.py:829} INFO - Processing file /opt/airflow/dags/utils/const.py for tasks to queue
[2023-11-16T10:18:40.173+0000] {logging_mixin.py:151} INFO - [2023-11-16T10:18:40.173+0000] {dagbag.py:536} INFO - Filling up the DagBag from /opt/airflow/dags/utils/const.py
[2023-11-16T10:18:40.174+0000] {processor.py:841} WARNING - No viable dags retrieved from /opt/airflow/dags/utils/const.py
[2023-11-16T10:18:40.182+0000] {processor.py:179} INFO - Processing /opt/airflow/dags/utils/const.py took 0.015 seconds
[2023-11-16T10:19:10.861+0000] {processor.py:157} INFO - Started process (PID=10144) to work on /opt/airflow/dags/utils/const.py
[2023-11-16T10:19:10.863+0000] {processor.py:829} INFO - Processing file /opt/airflow/dags/utils/const.py for tasks to queue
[2023-11-16T10:19:10.867+0000] {logging_mixin.py:151} INFO - [2023-11-16T10:19:10.866+0000] {dagbag.py:536} INFO - Filling up the DagBag from /opt/airflow/dags/utils/const.py
[2023-11-16T10:19:10.869+0000] {processor.py:841} WARNING - No viable dags retrieved from /opt/airflow/dags/utils/const.py
[2023-11-16T10:19:10.882+0000] {processor.py:179} INFO - Processing /opt/airflow/dags/utils/const.py took 0.025 seconds
[2023-11-16T10:19:41.652+0000] {processor.py:157} INFO - Started process (PID=10200) to work on /opt/airflow/dags/utils/const.py
[2023-11-16T10:19:41.652+0000] {processor.py:829} INFO - Processing file /opt/airflow/dags/utils/const.py for tasks to queue
[2023-11-16T10:19:41.654+0000] {logging_mixin.py:151} INFO - [2023-11-16T10:19:41.654+0000] {dagbag.py:536} INFO - Filling up the DagBag from /opt/airflow/dags/utils/const.py
[2023-11-16T10:19:41.655+0000] {processor.py:841} WARNING - No viable dags retrieved from /opt/airflow/dags/utils/const.py
[2023-11-16T10:19:41.663+0000] {processor.py:179} INFO - Processing /opt/airflow/dags/utils/const.py took 0.014 seconds
[2023-11-16T10:20:12.334+0000] {processor.py:157} INFO - Started process (PID=10256) to work on /opt/airflow/dags/utils/const.py
[2023-11-16T10:20:12.335+0000] {processor.py:829} INFO - Processing file /opt/airflow/dags/utils/const.py for tasks to queue
[2023-11-16T10:20:12.336+0000] {logging_mixin.py:151} INFO - [2023-11-16T10:20:12.336+0000] {dagbag.py:536} INFO - Filling up the DagBag from /opt/airflow/dags/utils/const.py
[2023-11-16T10:20:12.338+0000] {processor.py:841} WARNING - No viable dags retrieved from /opt/airflow/dags/utils/const.py
[2023-11-16T10:20:12.350+0000] {processor.py:179} INFO - Processing /opt/airflow/dags/utils/const.py took 0.019 seconds
[2023-11-16T10:20:43.002+0000] {processor.py:157} INFO - Started process (PID=10312) to work on /opt/airflow/dags/utils/const.py
[2023-11-16T10:20:43.003+0000] {processor.py:829} INFO - Processing file /opt/airflow/dags/utils/const.py for tasks to queue
[2023-11-16T10:20:43.004+0000] {logging_mixin.py:151} INFO - [2023-11-16T10:20:43.004+0000] {dagbag.py:536} INFO - Filling up the DagBag from /opt/airflow/dags/utils/const.py
[2023-11-16T10:20:43.005+0000] {processor.py:841} WARNING - No viable dags retrieved from /opt/airflow/dags/utils/const.py
[2023-11-16T10:20:43.014+0000] {processor.py:179} INFO - Processing /opt/airflow/dags/utils/const.py took 0.013 seconds
