[2023-12-20T11:12:06.346+0000] {processor.py:157} INFO - Started process (PID=10697) to work on /opt/airflow/dags/utils/const.py
[2023-12-20T11:12:06.347+0000] {processor.py:829} INFO - Processing file /opt/airflow/dags/utils/const.py for tasks to queue
[2023-12-20T11:12:06.349+0000] {logging_mixin.py:151} INFO - [2023-12-20T11:12:06.349+0000] {dagbag.py:536} INFO - Filling up the DagBag from /opt/airflow/dags/utils/const.py
[2023-12-20T11:12:06.350+0000] {processor.py:841} WARNING - No viable dags retrieved from /opt/airflow/dags/utils/const.py
[2023-12-20T11:12:06.382+0000] {processor.py:179} INFO - Processing /opt/airflow/dags/utils/const.py took 0.038 seconds
[2023-12-20T11:12:36.454+0000] {processor.py:157} INFO - Started process (PID=10754) to work on /opt/airflow/dags/utils/const.py
[2023-12-20T11:12:36.455+0000] {processor.py:829} INFO - Processing file /opt/airflow/dags/utils/const.py for tasks to queue
[2023-12-20T11:12:36.456+0000] {logging_mixin.py:151} INFO - [2023-12-20T11:12:36.456+0000] {dagbag.py:536} INFO - Filling up the DagBag from /opt/airflow/dags/utils/const.py
[2023-12-20T11:12:36.458+0000] {processor.py:841} WARNING - No viable dags retrieved from /opt/airflow/dags/utils/const.py
[2023-12-20T11:12:36.466+0000] {processor.py:179} INFO - Processing /opt/airflow/dags/utils/const.py took 0.014 seconds
[2023-12-20T11:13:06.690+0000] {processor.py:157} INFO - Started process (PID=10810) to work on /opt/airflow/dags/utils/const.py
[2023-12-20T11:13:06.691+0000] {processor.py:829} INFO - Processing file /opt/airflow/dags/utils/const.py for tasks to queue
[2023-12-20T11:13:06.692+0000] {logging_mixin.py:151} INFO - [2023-12-20T11:13:06.692+0000] {dagbag.py:536} INFO - Filling up the DagBag from /opt/airflow/dags/utils/const.py
[2023-12-20T11:13:06.694+0000] {processor.py:841} WARNING - No viable dags retrieved from /opt/airflow/dags/utils/const.py
[2023-12-20T11:13:06.705+0000] {processor.py:179} INFO - Processing /opt/airflow/dags/utils/const.py took 0.018 seconds
[2023-12-20T11:13:37.283+0000] {processor.py:157} INFO - Started process (PID=10867) to work on /opt/airflow/dags/utils/const.py
[2023-12-20T11:13:37.286+0000] {processor.py:829} INFO - Processing file /opt/airflow/dags/utils/const.py for tasks to queue
[2023-12-20T11:13:37.287+0000] {logging_mixin.py:151} INFO - [2023-12-20T11:13:37.287+0000] {dagbag.py:536} INFO - Filling up the DagBag from /opt/airflow/dags/utils/const.py
[2023-12-20T11:13:37.288+0000] {processor.py:841} WARNING - No viable dags retrieved from /opt/airflow/dags/utils/const.py
[2023-12-20T11:13:37.296+0000] {processor.py:179} INFO - Processing /opt/airflow/dags/utils/const.py took 0.016 seconds
[2023-12-20T11:14:07.509+0000] {processor.py:157} INFO - Started process (PID=10924) to work on /opt/airflow/dags/utils/const.py
[2023-12-20T11:14:07.510+0000] {processor.py:829} INFO - Processing file /opt/airflow/dags/utils/const.py for tasks to queue
[2023-12-20T11:14:07.511+0000] {logging_mixin.py:151} INFO - [2023-12-20T11:14:07.511+0000] {dagbag.py:536} INFO - Filling up the DagBag from /opt/airflow/dags/utils/const.py
[2023-12-20T11:14:07.513+0000] {processor.py:841} WARNING - No viable dags retrieved from /opt/airflow/dags/utils/const.py
[2023-12-20T11:14:07.522+0000] {processor.py:179} INFO - Processing /opt/airflow/dags/utils/const.py took 0.015 seconds
