[2023-12-19T19:33:21.652+0000] {taskinstance.py:1159} INFO - Dependencies all met for dep_context=non-requeueable deps ti=<TaskInstance: update_dwh.hub_job_role_update manual__2023-12-19T19:33:16.158731+00:00 [queued]>
[2023-12-19T19:33:21.661+0000] {taskinstance.py:1159} INFO - Dependencies all met for dep_context=requeueable deps ti=<TaskInstance: update_dwh.hub_job_role_update manual__2023-12-19T19:33:16.158731+00:00 [queued]>
[2023-12-19T19:33:21.661+0000] {taskinstance.py:1361} INFO - Starting attempt 1 of 1
[2023-12-19T19:33:21.674+0000] {taskinstance.py:1382} INFO - Executing <Task(PostgresOperator): hub_job_role_update> on 2023-12-19 19:33:16.158731+00:00
[2023-12-19T19:33:21.679+0000] {standard_task_runner.py:57} INFO - Started process 902 to run task
[2023-12-19T19:33:21.681+0000] {standard_task_runner.py:84} INFO - Running: ['***', 'tasks', 'run', 'update_dwh', 'hub_job_role_update', 'manual__2023-12-19T19:33:16.158731+00:00', '--job-id', '354', '--raw', '--subdir', 'DAGS_FOLDER/update_dwh_dag.py', '--cfg-path', '/tmp/tmpvcyunqr2']
[2023-12-19T19:33:21.685+0000] {standard_task_runner.py:85} INFO - Job 354: Subtask hub_job_role_update
[2023-12-19T19:33:21.724+0000] {task_command.py:416} INFO - Running <TaskInstance: update_dwh.hub_job_role_update manual__2023-12-19T19:33:16.158731+00:00 [running]> on host 5e0c64ad45d7
[2023-12-19T19:33:21.799+0000] {taskinstance.py:1662} INFO - Exporting env vars: AIRFLOW_CTX_DAG_OWNER='***' AIRFLOW_CTX_DAG_ID='update_dwh' AIRFLOW_CTX_TASK_ID='hub_job_role_update' AIRFLOW_CTX_EXECUTION_DATE='2023-12-19T19:33:16.158731+00:00' AIRFLOW_CTX_TRY_NUMBER='1' AIRFLOW_CTX_DAG_RUN_ID='manual__2023-12-19T19:33:16.158731+00:00'
[2023-12-19T19:33:21.801+0000] {sql.py:274} INFO - Executing: 
INSERT INTO rdv.hub_job_role
SELECT DISTINCT
    MD5(p.jobrole),
    '2023-07-01',
    'csv',
    p.jobrole
FROM 
    staging.stg_table p
WHERE p.jobrole NOT IN (
    SELECT hub.job_role_name FROM rdv.hub_job_role hub
)
[2023-12-19T19:33:21.814+0000] {base.py:73} INFO - Using connection ID 'stg_conn' for task execution.
[2023-12-19T19:33:21.818+0000] {warnings.py:109} WARNING - /home/***/.local/lib/python3.8/site-packages/***/models/connection.py:374: AirflowProviderDeprecationWarning: The "schema" arg has been renamed to "database" as it contained the database name.Please use "database" to set the database name.
  return hook_class(**{hook.connection_id_attribute_name: self.conn_id}, **hook_params)

[2023-12-19T19:33:21.827+0000] {base.py:73} INFO - Using connection ID 'stg_conn' for task execution.
[2023-12-19T19:33:21.900+0000] {sql.py:418} INFO - Running statement: 
INSERT INTO rdv.hub_job_role
SELECT DISTINCT
    MD5(p.jobrole),
    '2023-07-01',
    'csv',
    p.jobrole
FROM 
    staging.stg_table p
WHERE p.jobrole NOT IN (
    SELECT hub.job_role_name FROM rdv.hub_job_role hub
), parameters: None
[2023-12-19T19:33:21.920+0000] {taskinstance.py:1937} ERROR - Task failed with exception
Traceback (most recent call last):
  File "/home/airflow/.local/lib/python3.8/site-packages/airflow/providers/common/sql/operators/sql.py", line 280, in execute
    output = hook.run(
  File "/home/airflow/.local/lib/python3.8/site-packages/airflow/providers/common/sql/hooks/sql.py", line 392, in run
    self._run_command(cur, sql_statement, parameters)
  File "/home/airflow/.local/lib/python3.8/site-packages/airflow/providers/common/sql/hooks/sql.py", line 423, in _run_command
    cur.execute(sql_statement)
psycopg2.errors.DatatypeMismatch: column "load_date" is of type timestamp with time zone but expression is of type text
LINE 5:     '2023-07-01',
            ^
HINT:  You will need to rewrite or cast the expression.

[2023-12-19T19:33:21.929+0000] {taskinstance.py:1400} INFO - Marking task as FAILED. dag_id=update_dwh, task_id=hub_job_role_update, execution_date=20231219T193316, start_date=20231219T193321, end_date=20231219T193321
[2023-12-19T19:33:21.938+0000] {standard_task_runner.py:104} ERROR - Failed to execute job 354 for task hub_job_role_update (column "load_date" is of type timestamp with time zone but expression is of type text
LINE 5:     '2023-07-01',
            ^
HINT:  You will need to rewrite or cast the expression.
; 902)
[2023-12-19T19:33:21.981+0000] {local_task_job_runner.py:228} INFO - Task exited with return code 1
[2023-12-19T19:33:22.029+0000] {taskinstance.py:2778} INFO - 0 downstream tasks scheduled from follow-on schedule check
