[2023-12-19T19:59:31.533+0000] {taskinstance.py:1159} INFO - Dependencies all met for dep_context=non-requeueable deps ti=<TaskInstance: update_dwh.sat_employee_job_details_update manual__2023-12-19T19:59:20.918361+00:00 [queued]>
[2023-12-19T19:59:31.557+0000] {taskinstance.py:1159} INFO - Dependencies all met for dep_context=requeueable deps ti=<TaskInstance: update_dwh.sat_employee_job_details_update manual__2023-12-19T19:59:20.918361+00:00 [queued]>
[2023-12-19T19:59:31.558+0000] {taskinstance.py:1361} INFO - Starting attempt 1 of 1
[2023-12-19T19:59:31.598+0000] {taskinstance.py:1382} INFO - Executing <Task(PostgresOperator): sat_employee_job_details_update> on 2023-12-19 19:59:20.918361+00:00
[2023-12-19T19:59:31.605+0000] {standard_task_runner.py:57} INFO - Started process 1539 to run task
[2023-12-19T19:59:31.612+0000] {standard_task_runner.py:84} INFO - Running: ['***', 'tasks', 'run', 'update_dwh', 'sat_employee_job_details_update', 'manual__2023-12-19T19:59:20.918361+00:00', '--job-id', '429', '--raw', '--subdir', 'DAGS_FOLDER/update_dwh_dag.py', '--cfg-path', '/tmp/tmp2kbs41_u']
[2023-12-19T19:59:31.614+0000] {standard_task_runner.py:85} INFO - Job 429: Subtask sat_employee_job_details_update
[2023-12-19T19:59:31.711+0000] {task_command.py:416} INFO - Running <TaskInstance: update_dwh.sat_employee_job_details_update manual__2023-12-19T19:59:20.918361+00:00 [running]> on host 5e0c64ad45d7
[2023-12-19T19:59:32.302+0000] {taskinstance.py:1662} INFO - Exporting env vars: AIRFLOW_CTX_DAG_OWNER='***' AIRFLOW_CTX_DAG_ID='update_dwh' AIRFLOW_CTX_TASK_ID='sat_employee_job_details_update' AIRFLOW_CTX_EXECUTION_DATE='2023-12-19T19:59:20.918361+00:00' AIRFLOW_CTX_TRY_NUMBER='1' AIRFLOW_CTX_DAG_RUN_ID='manual__2023-12-19T19:59:20.918361+00:00'
[2023-12-19T19:59:32.311+0000] {sql.py:274} INFO - Executing: 
    INSERT INTO rdv.sat_employee_job_details
    SELECT DISTINCT
        md5(so.employeenumber::text),
        'csv',
        now() ,
        case when so.attrition = 'Yes' then true else false end,
        so.hourlyrate,
        so.joblevel,
        so.standardhours,
        so.stockoptionlevel
    FROM
        staging.stg_table so
    LEFT OUTER JOIN rdv.sat_employee_job_details sat ON (sat.employee_hash_key = md5(so.employeenumber::text) AND sat.created_at IS NULL)
    where 
        coalesce(case when so.attrition = 'Yes' then true else false end, false) != coalesce(sat.attrition, false) or
        coalesce(so.joblevel, 0) != coalesce(sat.job_level, 0) or
        coalesce(so.hourlyrate, 0) != coalesce(sat.hourly_rate, 0) or
        coalesce(so.standardhours, 0) != coalesce(sat.standard_hours, 0) or
        coalesce(so.stockoptionlevel, 0) != coalesce(sat.stock_option_level, 0)
[2023-12-19T19:59:32.439+0000] {base.py:73} INFO - Using connection ID 'stg_conn' for task execution.
[2023-12-19T19:59:32.453+0000] {warnings.py:109} WARNING - /home/***/.local/lib/python3.8/site-packages/***/models/connection.py:374: AirflowProviderDeprecationWarning: The "schema" arg has been renamed to "database" as it contained the database name.Please use "database" to set the database name.
  return hook_class(**{hook.connection_id_attribute_name: self.conn_id}, **hook_params)

[2023-12-19T19:59:32.587+0000] {base.py:73} INFO - Using connection ID 'stg_conn' for task execution.
[2023-12-19T19:59:32.744+0000] {sql.py:418} INFO - Running statement: 
    INSERT INTO rdv.sat_employee_job_details
    SELECT DISTINCT
        md5(so.employeenumber::text),
        'csv',
        now() ,
        case when so.attrition = 'Yes' then true else false end,
        so.hourlyrate,
        so.joblevel,
        so.standardhours,
        so.stockoptionlevel
    FROM
        staging.stg_table so
    LEFT OUTER JOIN rdv.sat_employee_job_details sat ON (sat.employee_hash_key = md5(so.employeenumber::text) AND sat.created_at IS NULL)
    where 
        coalesce(case when so.attrition = 'Yes' then true else false end, false) != coalesce(sat.attrition, false) or
        coalesce(so.joblevel, 0) != coalesce(sat.job_level, 0) or
        coalesce(so.hourlyrate, 0) != coalesce(sat.hourly_rate, 0) or
        coalesce(so.standardhours, 0) != coalesce(sat.standard_hours, 0) or
        coalesce(so.stockoptionlevel, 0) != coalesce(sat.stock_option_level, 0), parameters: None
[2023-12-19T19:59:32.792+0000] {sql.py:427} INFO - Rows affected: 1470
[2023-12-19T19:59:33.250+0000] {taskinstance.py:1400} INFO - Marking task as SUCCESS. dag_id=update_dwh, task_id=sat_employee_job_details_update, execution_date=20231219T195920, start_date=20231219T195931, end_date=20231219T195933
[2023-12-19T19:59:33.514+0000] {local_task_job_runner.py:228} INFO - Task exited with return code 0
[2023-12-19T19:59:33.588+0000] {taskinstance.py:2778} INFO - 0 downstream tasks scheduled from follow-on schedule check
