[2023-10-25T16:18:46.828+0000] {processor.py:157} INFO - Started process (PID=60) to work on /home/airflow/.local/lib/python3.8/site-packages/airflow/example_dags/example_branch_datetime_operator.py
[2023-10-25T16:18:46.828+0000] {processor.py:829} INFO - Processing file /home/airflow/.local/lib/python3.8/site-packages/airflow/example_dags/example_branch_datetime_operator.py for tasks to queue
[2023-10-25T16:18:46.830+0000] {logging_mixin.py:151} INFO - [2023-10-25T16:18:46.830+0000] {dagbag.py:536} INFO - Filling up the DagBag from /home/airflow/.local/lib/python3.8/site-packages/airflow/example_dags/example_branch_datetime_operator.py
[2023-10-25T16:18:46.843+0000] {processor.py:839} INFO - DAG(s) dict_keys(['example_branch_datetime_operator_3', 'example_branch_datetime_operator', 'example_branch_datetime_operator_2']) retrieved from /home/airflow/.local/lib/python3.8/site-packages/airflow/example_dags/example_branch_datetime_operator.py
[2023-10-25T16:18:46.866+0000] {logging_mixin.py:151} INFO - [2023-10-25T16:18:46.865+0000] {dag.py:2941} INFO - Sync 3 DAGs
[2023-10-25T16:18:46.886+0000] {logging_mixin.py:151} INFO - [2023-10-25T16:18:46.886+0000] {dag.py:3722} INFO - Setting next_dagrun for example_branch_datetime_operator to 2023-10-24T00:00:00+00:00, run_after=2023-10-25T00:00:00+00:00
[2023-10-25T16:18:46.891+0000] {logging_mixin.py:151} INFO - [2023-10-25T16:18:46.890+0000] {dag.py:3722} INFO - Setting next_dagrun for example_branch_datetime_operator_2 to 2023-10-24T00:00:00+00:00, run_after=2023-10-25T00:00:00+00:00
[2023-10-25T16:18:46.893+0000] {logging_mixin.py:151} INFO - [2023-10-25T16:18:46.893+0000] {dag.py:3722} INFO - Setting next_dagrun for example_branch_datetime_operator_3 to 2023-10-24T00:00:00+00:00, run_after=2023-10-25T00:00:00+00:00
[2023-10-25T16:18:46.907+0000] {processor.py:179} INFO - Processing /home/airflow/.local/lib/python3.8/site-packages/airflow/example_dags/example_branch_datetime_operator.py took 0.081 seconds
[2023-10-25T16:19:17.029+0000] {processor.py:157} INFO - Started process (PID=116) to work on /home/airflow/.local/lib/python3.8/site-packages/airflow/example_dags/example_branch_datetime_operator.py
[2023-10-25T16:19:17.030+0000] {processor.py:829} INFO - Processing file /home/airflow/.local/lib/python3.8/site-packages/airflow/example_dags/example_branch_datetime_operator.py for tasks to queue
[2023-10-25T16:19:17.031+0000] {logging_mixin.py:151} INFO - [2023-10-25T16:19:17.031+0000] {dagbag.py:536} INFO - Filling up the DagBag from /home/airflow/.local/lib/python3.8/site-packages/airflow/example_dags/example_branch_datetime_operator.py
[2023-10-25T16:19:17.039+0000] {processor.py:839} INFO - DAG(s) dict_keys(['example_branch_datetime_operator', 'example_branch_datetime_operator_3', 'example_branch_datetime_operator_2']) retrieved from /home/airflow/.local/lib/python3.8/site-packages/airflow/example_dags/example_branch_datetime_operator.py
[2023-10-25T16:19:17.059+0000] {logging_mixin.py:151} INFO - [2023-10-25T16:19:17.059+0000] {dag.py:2941} INFO - Sync 3 DAGs
[2023-10-25T16:19:17.079+0000] {logging_mixin.py:151} INFO - [2023-10-25T16:19:17.079+0000] {dag.py:3722} INFO - Setting next_dagrun for example_branch_datetime_operator to 2023-10-24T00:00:00+00:00, run_after=2023-10-25T00:00:00+00:00
[2023-10-25T16:19:17.084+0000] {logging_mixin.py:151} INFO - [2023-10-25T16:19:17.084+0000] {dag.py:3722} INFO - Setting next_dagrun for example_branch_datetime_operator_2 to 2023-10-24T00:00:00+00:00, run_after=2023-10-25T00:00:00+00:00
[2023-10-25T16:19:17.086+0000] {logging_mixin.py:151} INFO - [2023-10-25T16:19:17.086+0000] {dag.py:3722} INFO - Setting next_dagrun for example_branch_datetime_operator_3 to 2023-10-24T00:00:00+00:00, run_after=2023-10-25T00:00:00+00:00
[2023-10-25T16:19:17.100+0000] {processor.py:179} INFO - Processing /home/airflow/.local/lib/python3.8/site-packages/airflow/example_dags/example_branch_datetime_operator.py took 0.073 seconds
[2023-10-25T16:19:47.206+0000] {processor.py:157} INFO - Started process (PID=172) to work on /home/airflow/.local/lib/python3.8/site-packages/airflow/example_dags/example_branch_datetime_operator.py
[2023-10-25T16:19:47.207+0000] {processor.py:829} INFO - Processing file /home/airflow/.local/lib/python3.8/site-packages/airflow/example_dags/example_branch_datetime_operator.py for tasks to queue
[2023-10-25T16:19:47.208+0000] {logging_mixin.py:151} INFO - [2023-10-25T16:19:47.208+0000] {dagbag.py:536} INFO - Filling up the DagBag from /home/airflow/.local/lib/python3.8/site-packages/airflow/example_dags/example_branch_datetime_operator.py
[2023-10-25T16:19:47.214+0000] {processor.py:839} INFO - DAG(s) dict_keys(['example_branch_datetime_operator_3', 'example_branch_datetime_operator_2', 'example_branch_datetime_operator']) retrieved from /home/airflow/.local/lib/python3.8/site-packages/airflow/example_dags/example_branch_datetime_operator.py
[2023-10-25T16:19:47.235+0000] {logging_mixin.py:151} INFO - [2023-10-25T16:19:47.235+0000] {dag.py:2941} INFO - Sync 3 DAGs
[2023-10-25T16:19:47.252+0000] {logging_mixin.py:151} INFO - [2023-10-25T16:19:47.251+0000] {dag.py:3722} INFO - Setting next_dagrun for example_branch_datetime_operator to 2023-10-24T00:00:00+00:00, run_after=2023-10-25T00:00:00+00:00
[2023-10-25T16:19:47.255+0000] {logging_mixin.py:151} INFO - [2023-10-25T16:19:47.255+0000] {dag.py:3722} INFO - Setting next_dagrun for example_branch_datetime_operator_2 to 2023-10-24T00:00:00+00:00, run_after=2023-10-25T00:00:00+00:00
[2023-10-25T16:19:47.257+0000] {logging_mixin.py:151} INFO - [2023-10-25T16:19:47.257+0000] {dag.py:3722} INFO - Setting next_dagrun for example_branch_datetime_operator_3 to 2023-10-24T00:00:00+00:00, run_after=2023-10-25T00:00:00+00:00
[2023-10-25T16:19:47.269+0000] {processor.py:179} INFO - Processing /home/airflow/.local/lib/python3.8/site-packages/airflow/example_dags/example_branch_datetime_operator.py took 0.065 seconds
