[2023-10-25T16:18:45.076+0000] {processor.py:157} INFO - Started process (PID=38) to work on /home/airflow/.local/lib/python3.8/site-packages/airflow/example_dags/example_short_circuit_operator.py
[2023-10-25T16:18:45.076+0000] {processor.py:829} INFO - Processing file /home/airflow/.local/lib/python3.8/site-packages/airflow/example_dags/example_short_circuit_operator.py for tasks to queue
[2023-10-25T16:18:45.079+0000] {logging_mixin.py:151} INFO - [2023-10-25T16:18:45.079+0000] {dagbag.py:536} INFO - Filling up the DagBag from /home/airflow/.local/lib/python3.8/site-packages/airflow/example_dags/example_short_circuit_operator.py
[2023-10-25T16:18:45.091+0000] {processor.py:839} INFO - DAG(s) dict_keys(['example_short_circuit_operator']) retrieved from /home/airflow/.local/lib/python3.8/site-packages/airflow/example_dags/example_short_circuit_operator.py
[2023-10-25T16:18:45.116+0000] {logging_mixin.py:151} INFO - [2023-10-25T16:18:45.116+0000] {dag.py:2941} INFO - Sync 1 DAGs
[2023-10-25T16:18:45.140+0000] {logging_mixin.py:151} INFO - [2023-10-25T16:18:45.140+0000] {dag.py:3722} INFO - Setting next_dagrun for example_short_circuit_operator to 2023-10-24T16:18:45.140443+00:00, run_after=2023-10-25T16:18:45.140443+00:00
[2023-10-25T16:18:45.167+0000] {processor.py:179} INFO - Processing /home/airflow/.local/lib/python3.8/site-packages/airflow/example_dags/example_short_circuit_operator.py took 0.094 seconds
[2023-10-25T16:19:16.114+0000] {processor.py:157} INFO - Started process (PID=94) to work on /home/airflow/.local/lib/python3.8/site-packages/airflow/example_dags/example_short_circuit_operator.py
[2023-10-25T16:19:16.115+0000] {processor.py:829} INFO - Processing file /home/airflow/.local/lib/python3.8/site-packages/airflow/example_dags/example_short_circuit_operator.py for tasks to queue
[2023-10-25T16:19:16.116+0000] {logging_mixin.py:151} INFO - [2023-10-25T16:19:16.116+0000] {dagbag.py:536} INFO - Filling up the DagBag from /home/airflow/.local/lib/python3.8/site-packages/airflow/example_dags/example_short_circuit_operator.py
[2023-10-25T16:19:16.121+0000] {processor.py:839} INFO - DAG(s) dict_keys(['example_short_circuit_operator']) retrieved from /home/airflow/.local/lib/python3.8/site-packages/airflow/example_dags/example_short_circuit_operator.py
[2023-10-25T16:19:16.138+0000] {logging_mixin.py:151} INFO - [2023-10-25T16:19:16.138+0000] {dag.py:2941} INFO - Sync 1 DAGs
[2023-10-25T16:19:16.157+0000] {logging_mixin.py:151} INFO - [2023-10-25T16:19:16.157+0000] {dag.py:3722} INFO - Setting next_dagrun for example_short_circuit_operator to 2023-10-24T16:19:16.157287+00:00, run_after=2023-10-25T16:19:16.157287+00:00
[2023-10-25T16:19:16.171+0000] {processor.py:179} INFO - Processing /home/airflow/.local/lib/python3.8/site-packages/airflow/example_dags/example_short_circuit_operator.py took 0.059 seconds
[2023-10-25T16:19:46.285+0000] {processor.py:157} INFO - Started process (PID=150) to work on /home/airflow/.local/lib/python3.8/site-packages/airflow/example_dags/example_short_circuit_operator.py
[2023-10-25T16:19:46.286+0000] {processor.py:829} INFO - Processing file /home/airflow/.local/lib/python3.8/site-packages/airflow/example_dags/example_short_circuit_operator.py for tasks to queue
[2023-10-25T16:19:46.287+0000] {logging_mixin.py:151} INFO - [2023-10-25T16:19:46.287+0000] {dagbag.py:536} INFO - Filling up the DagBag from /home/airflow/.local/lib/python3.8/site-packages/airflow/example_dags/example_short_circuit_operator.py
[2023-10-25T16:19:46.292+0000] {processor.py:839} INFO - DAG(s) dict_keys(['example_short_circuit_operator']) retrieved from /home/airflow/.local/lib/python3.8/site-packages/airflow/example_dags/example_short_circuit_operator.py
[2023-10-25T16:19:46.313+0000] {logging_mixin.py:151} INFO - [2023-10-25T16:19:46.313+0000] {dag.py:2941} INFO - Sync 1 DAGs
[2023-10-25T16:19:46.332+0000] {logging_mixin.py:151} INFO - [2023-10-25T16:19:46.332+0000] {dag.py:3722} INFO - Setting next_dagrun for example_short_circuit_operator to 2023-10-24T16:19:46.331927+00:00, run_after=2023-10-25T16:19:46.331927+00:00
[2023-10-25T16:19:46.348+0000] {processor.py:179} INFO - Processing /home/airflow/.local/lib/python3.8/site-packages/airflow/example_dags/example_short_circuit_operator.py took 0.064 seconds
