[2023-10-25T16:18:45.484+0000] {processor.py:157} INFO - Started process (PID=45) to work on /home/airflow/.local/lib/python3.8/site-packages/airflow/example_dags/example_params_ui_tutorial.py
[2023-10-25T16:18:45.485+0000] {processor.py:829} INFO - Processing file /home/airflow/.local/lib/python3.8/site-packages/airflow/example_dags/example_params_ui_tutorial.py for tasks to queue
[2023-10-25T16:18:45.486+0000] {logging_mixin.py:151} INFO - [2023-10-25T16:18:45.486+0000] {dagbag.py:536} INFO - Filling up the DagBag from /home/airflow/.local/lib/python3.8/site-packages/airflow/example_dags/example_params_ui_tutorial.py
[2023-10-25T16:18:45.526+0000] {processor.py:839} INFO - DAG(s) dict_keys(['example_params_ui_tutorial']) retrieved from /home/airflow/.local/lib/python3.8/site-packages/airflow/example_dags/example_params_ui_tutorial.py
[2023-10-25T16:18:45.733+0000] {logging_mixin.py:151} INFO - [2023-10-25T16:18:45.732+0000] {dag.py:2941} INFO - Sync 1 DAGs
[2023-10-25T16:18:45.782+0000] {logging_mixin.py:151} INFO - [2023-10-25T16:18:45.782+0000] {dag.py:3722} INFO - Setting next_dagrun for example_params_ui_tutorial to None, run_after=None
[2023-10-25T16:18:45.843+0000] {processor.py:179} INFO - Processing /home/airflow/.local/lib/python3.8/site-packages/airflow/example_dags/example_params_ui_tutorial.py took 0.362 seconds
[2023-10-25T16:19:16.431+0000] {processor.py:157} INFO - Started process (PID=101) to work on /home/airflow/.local/lib/python3.8/site-packages/airflow/example_dags/example_params_ui_tutorial.py
[2023-10-25T16:19:16.432+0000] {processor.py:829} INFO - Processing file /home/airflow/.local/lib/python3.8/site-packages/airflow/example_dags/example_params_ui_tutorial.py for tasks to queue
[2023-10-25T16:19:16.433+0000] {logging_mixin.py:151} INFO - [2023-10-25T16:19:16.433+0000] {dagbag.py:536} INFO - Filling up the DagBag from /home/airflow/.local/lib/python3.8/site-packages/airflow/example_dags/example_params_ui_tutorial.py
[2023-10-25T16:19:16.454+0000] {processor.py:839} INFO - DAG(s) dict_keys(['example_params_ui_tutorial']) retrieved from /home/airflow/.local/lib/python3.8/site-packages/airflow/example_dags/example_params_ui_tutorial.py
[2023-10-25T16:19:16.486+0000] {logging_mixin.py:151} INFO - [2023-10-25T16:19:16.486+0000] {dag.py:2941} INFO - Sync 1 DAGs
[2023-10-25T16:19:16.494+0000] {logging_mixin.py:151} INFO - [2023-10-25T16:19:16.493+0000] {dag.py:3722} INFO - Setting next_dagrun for example_params_ui_tutorial to None, run_after=None
[2023-10-25T16:19:16.505+0000] {processor.py:179} INFO - Processing /home/airflow/.local/lib/python3.8/site-packages/airflow/example_dags/example_params_ui_tutorial.py took 0.075 seconds
[2023-10-25T16:19:46.632+0000] {processor.py:157} INFO - Started process (PID=157) to work on /home/airflow/.local/lib/python3.8/site-packages/airflow/example_dags/example_params_ui_tutorial.py
[2023-10-25T16:19:46.633+0000] {processor.py:829} INFO - Processing file /home/airflow/.local/lib/python3.8/site-packages/airflow/example_dags/example_params_ui_tutorial.py for tasks to queue
[2023-10-25T16:19:46.634+0000] {logging_mixin.py:151} INFO - [2023-10-25T16:19:46.634+0000] {dagbag.py:536} INFO - Filling up the DagBag from /home/airflow/.local/lib/python3.8/site-packages/airflow/example_dags/example_params_ui_tutorial.py
[2023-10-25T16:19:46.658+0000] {processor.py:839} INFO - DAG(s) dict_keys(['example_params_ui_tutorial']) retrieved from /home/airflow/.local/lib/python3.8/site-packages/airflow/example_dags/example_params_ui_tutorial.py
[2023-10-25T16:19:46.717+0000] {logging_mixin.py:151} INFO - [2023-10-25T16:19:46.717+0000] {dag.py:2941} INFO - Sync 1 DAGs
[2023-10-25T16:19:46.726+0000] {logging_mixin.py:151} INFO - [2023-10-25T16:19:46.725+0000] {dag.py:3722} INFO - Setting next_dagrun for example_params_ui_tutorial to None, run_after=None
[2023-10-25T16:19:46.740+0000] {processor.py:179} INFO - Processing /home/airflow/.local/lib/python3.8/site-packages/airflow/example_dags/example_params_ui_tutorial.py took 0.110 seconds
