[2023-10-25T16:18:44.990+0000] {processor.py:157} INFO - Started process (PID=36) to work on /home/airflow/.local/lib/python3.8/site-packages/airflow/example_dags/example_latest_only.py
[2023-10-25T16:18:44.991+0000] {processor.py:829} INFO - Processing file /home/airflow/.local/lib/python3.8/site-packages/airflow/example_dags/example_latest_only.py for tasks to queue
[2023-10-25T16:18:44.993+0000] {logging_mixin.py:151} INFO - [2023-10-25T16:18:44.992+0000] {dagbag.py:536} INFO - Filling up the DagBag from /home/airflow/.local/lib/python3.8/site-packages/airflow/example_dags/example_latest_only.py
[2023-10-25T16:18:44.998+0000] {processor.py:839} INFO - DAG(s) dict_keys(['latest_only']) retrieved from /home/airflow/.local/lib/python3.8/site-packages/airflow/example_dags/example_latest_only.py
[2023-10-25T16:18:45.013+0000] {logging_mixin.py:151} INFO - [2023-10-25T16:18:45.013+0000] {dag.py:2941} INFO - Sync 1 DAGs
[2023-10-25T16:18:45.031+0000] {logging_mixin.py:151} INFO - [2023-10-25T16:18:45.031+0000] {dag.py:3722} INFO - Setting next_dagrun for latest_only to 2023-10-25T12:18:45.031579+00:00, run_after=2023-10-25T16:18:45.031579+00:00
[2023-10-25T16:18:45.045+0000] {processor.py:179} INFO - Processing /home/airflow/.local/lib/python3.8/site-packages/airflow/example_dags/example_latest_only.py took 0.056 seconds
[2023-10-25T16:19:15.076+0000] {processor.py:157} INFO - Started process (PID=92) to work on /home/airflow/.local/lib/python3.8/site-packages/airflow/example_dags/example_latest_only.py
[2023-10-25T16:19:15.076+0000] {processor.py:829} INFO - Processing file /home/airflow/.local/lib/python3.8/site-packages/airflow/example_dags/example_latest_only.py for tasks to queue
[2023-10-25T16:19:15.078+0000] {logging_mixin.py:151} INFO - [2023-10-25T16:19:15.078+0000] {dagbag.py:536} INFO - Filling up the DagBag from /home/airflow/.local/lib/python3.8/site-packages/airflow/example_dags/example_latest_only.py
[2023-10-25T16:19:15.082+0000] {processor.py:839} INFO - DAG(s) dict_keys(['latest_only']) retrieved from /home/airflow/.local/lib/python3.8/site-packages/airflow/example_dags/example_latest_only.py
[2023-10-25T16:19:15.097+0000] {logging_mixin.py:151} INFO - [2023-10-25T16:19:15.097+0000] {dag.py:2941} INFO - Sync 1 DAGs
[2023-10-25T16:19:15.111+0000] {logging_mixin.py:151} INFO - [2023-10-25T16:19:15.111+0000] {dag.py:3722} INFO - Setting next_dagrun for latest_only to 2023-10-25T12:19:15.111637+00:00, run_after=2023-10-25T16:19:15.111637+00:00
[2023-10-25T16:19:15.123+0000] {processor.py:179} INFO - Processing /home/airflow/.local/lib/python3.8/site-packages/airflow/example_dags/example_latest_only.py took 0.049 seconds
[2023-10-25T16:19:45.265+0000] {processor.py:157} INFO - Started process (PID=148) to work on /home/airflow/.local/lib/python3.8/site-packages/airflow/example_dags/example_latest_only.py
[2023-10-25T16:19:45.265+0000] {processor.py:829} INFO - Processing file /home/airflow/.local/lib/python3.8/site-packages/airflow/example_dags/example_latest_only.py for tasks to queue
[2023-10-25T16:19:45.266+0000] {logging_mixin.py:151} INFO - [2023-10-25T16:19:45.266+0000] {dagbag.py:536} INFO - Filling up the DagBag from /home/airflow/.local/lib/python3.8/site-packages/airflow/example_dags/example_latest_only.py
[2023-10-25T16:19:45.270+0000] {processor.py:839} INFO - DAG(s) dict_keys(['latest_only']) retrieved from /home/airflow/.local/lib/python3.8/site-packages/airflow/example_dags/example_latest_only.py
[2023-10-25T16:19:45.282+0000] {logging_mixin.py:151} INFO - [2023-10-25T16:19:45.282+0000] {dag.py:2941} INFO - Sync 1 DAGs
[2023-10-25T16:19:45.302+0000] {logging_mixin.py:151} INFO - [2023-10-25T16:19:45.302+0000] {dag.py:3722} INFO - Setting next_dagrun for latest_only to 2023-10-25T12:19:45.302463+00:00, run_after=2023-10-25T16:19:45.302463+00:00
[2023-10-25T16:19:45.316+0000] {processor.py:179} INFO - Processing /home/airflow/.local/lib/python3.8/site-packages/airflow/example_dags/example_latest_only.py took 0.053 seconds
