[2023-10-25T16:18:47.206+0000] {processor.py:157} INFO - Started process (PID=66) to work on /home/airflow/.local/lib/python3.8/site-packages/airflow/example_dags/example_kubernetes_executor.py
[2023-10-25T16:18:47.206+0000] {processor.py:829} INFO - Processing file /home/airflow/.local/lib/python3.8/site-packages/airflow/example_dags/example_kubernetes_executor.py for tasks to queue
[2023-10-25T16:18:47.208+0000] {logging_mixin.py:151} INFO - [2023-10-25T16:18:47.208+0000] {dagbag.py:536} INFO - Filling up the DagBag from /home/airflow/.local/lib/python3.8/site-packages/airflow/example_dags/example_kubernetes_executor.py
[2023-10-25T16:18:47.223+0000] {processor.py:839} INFO - DAG(s) dict_keys(['example_kubernetes_executor']) retrieved from /home/airflow/.local/lib/python3.8/site-packages/airflow/example_dags/example_kubernetes_executor.py
[2023-10-25T16:18:47.266+0000] {logging_mixin.py:151} INFO - [2023-10-25T16:18:47.265+0000] {dag.py:2941} INFO - Sync 1 DAGs
[2023-10-25T16:18:47.279+0000] {logging_mixin.py:151} INFO - [2023-10-25T16:18:47.278+0000] {dag.py:3722} INFO - Setting next_dagrun for example_kubernetes_executor to None, run_after=None
[2023-10-25T16:18:47.301+0000] {processor.py:179} INFO - Processing /home/airflow/.local/lib/python3.8/site-packages/airflow/example_dags/example_kubernetes_executor.py took 0.099 seconds
[2023-10-25T16:19:18.259+0000] {processor.py:157} INFO - Started process (PID=122) to work on /home/airflow/.local/lib/python3.8/site-packages/airflow/example_dags/example_kubernetes_executor.py
[2023-10-25T16:19:18.260+0000] {processor.py:829} INFO - Processing file /home/airflow/.local/lib/python3.8/site-packages/airflow/example_dags/example_kubernetes_executor.py for tasks to queue
[2023-10-25T16:19:18.262+0000] {logging_mixin.py:151} INFO - [2023-10-25T16:19:18.261+0000] {dagbag.py:536} INFO - Filling up the DagBag from /home/airflow/.local/lib/python3.8/site-packages/airflow/example_dags/example_kubernetes_executor.py
[2023-10-25T16:19:18.272+0000] {processor.py:839} INFO - DAG(s) dict_keys(['example_kubernetes_executor']) retrieved from /home/airflow/.local/lib/python3.8/site-packages/airflow/example_dags/example_kubernetes_executor.py
[2023-10-25T16:19:18.301+0000] {logging_mixin.py:151} INFO - [2023-10-25T16:19:18.301+0000] {dag.py:2941} INFO - Sync 1 DAGs
[2023-10-25T16:19:18.310+0000] {logging_mixin.py:151} INFO - [2023-10-25T16:19:18.310+0000] {dag.py:3722} INFO - Setting next_dagrun for example_kubernetes_executor to None, run_after=None
[2023-10-25T16:19:18.324+0000] {processor.py:179} INFO - Processing /home/airflow/.local/lib/python3.8/site-packages/airflow/example_dags/example_kubernetes_executor.py took 0.067 seconds
[2023-10-25T16:19:48.418+0000] {processor.py:157} INFO - Started process (PID=178) to work on /home/airflow/.local/lib/python3.8/site-packages/airflow/example_dags/example_kubernetes_executor.py
[2023-10-25T16:19:48.419+0000] {processor.py:829} INFO - Processing file /home/airflow/.local/lib/python3.8/site-packages/airflow/example_dags/example_kubernetes_executor.py for tasks to queue
[2023-10-25T16:19:48.420+0000] {logging_mixin.py:151} INFO - [2023-10-25T16:19:48.420+0000] {dagbag.py:536} INFO - Filling up the DagBag from /home/airflow/.local/lib/python3.8/site-packages/airflow/example_dags/example_kubernetes_executor.py
[2023-10-25T16:19:48.431+0000] {processor.py:839} INFO - DAG(s) dict_keys(['example_kubernetes_executor']) retrieved from /home/airflow/.local/lib/python3.8/site-packages/airflow/example_dags/example_kubernetes_executor.py
[2023-10-25T16:19:48.455+0000] {logging_mixin.py:151} INFO - [2023-10-25T16:19:48.455+0000] {dag.py:2941} INFO - Sync 1 DAGs
[2023-10-25T16:19:48.463+0000] {logging_mixin.py:151} INFO - [2023-10-25T16:19:48.463+0000] {dag.py:3722} INFO - Setting next_dagrun for example_kubernetes_executor to None, run_after=None
[2023-10-25T16:19:48.478+0000] {processor.py:179} INFO - Processing /home/airflow/.local/lib/python3.8/site-packages/airflow/example_dags/example_kubernetes_executor.py took 0.062 seconds
