[2023-10-25T16:18:47.321+0000] {processor.py:157} INFO - Started process (PID=69) to work on /home/airflow/.local/lib/python3.8/site-packages/airflow/example_dags/example_dag_decorator.py
[2023-10-25T16:18:47.322+0000] {processor.py:829} INFO - Processing file /home/airflow/.local/lib/python3.8/site-packages/airflow/example_dags/example_dag_decorator.py for tasks to queue
[2023-10-25T16:18:47.323+0000] {logging_mixin.py:151} INFO - [2023-10-25T16:18:47.323+0000] {dagbag.py:536} INFO - Filling up the DagBag from /home/airflow/.local/lib/python3.8/site-packages/airflow/example_dags/example_dag_decorator.py
[2023-10-25T16:18:47.407+0000] {processor.py:839} INFO - DAG(s) dict_keys(['example_dag_decorator']) retrieved from /home/airflow/.local/lib/python3.8/site-packages/airflow/example_dags/example_dag_decorator.py
[2023-10-25T16:18:47.501+0000] {logging_mixin.py:151} INFO - [2023-10-25T16:18:47.500+0000] {dag.py:2941} INFO - Sync 1 DAGs
[2023-10-25T16:18:47.511+0000] {logging_mixin.py:151} INFO - [2023-10-25T16:18:47.511+0000] {dag.py:3722} INFO - Setting next_dagrun for example_dag_decorator to None, run_after=None
[2023-10-25T16:18:47.529+0000] {processor.py:179} INFO - Processing /home/airflow/.local/lib/python3.8/site-packages/airflow/example_dags/example_dag_decorator.py took 0.210 seconds
[2023-10-25T16:19:18.363+0000] {processor.py:157} INFO - Started process (PID=125) to work on /home/airflow/.local/lib/python3.8/site-packages/airflow/example_dags/example_dag_decorator.py
[2023-10-25T16:19:18.363+0000] {processor.py:829} INFO - Processing file /home/airflow/.local/lib/python3.8/site-packages/airflow/example_dags/example_dag_decorator.py for tasks to queue
[2023-10-25T16:19:18.365+0000] {logging_mixin.py:151} INFO - [2023-10-25T16:19:18.364+0000] {dagbag.py:536} INFO - Filling up the DagBag from /home/airflow/.local/lib/python3.8/site-packages/airflow/example_dags/example_dag_decorator.py
[2023-10-25T16:19:18.415+0000] {processor.py:839} INFO - DAG(s) dict_keys(['example_dag_decorator']) retrieved from /home/airflow/.local/lib/python3.8/site-packages/airflow/example_dags/example_dag_decorator.py
[2023-10-25T16:19:18.489+0000] {logging_mixin.py:151} INFO - [2023-10-25T16:19:18.489+0000] {dag.py:2941} INFO - Sync 1 DAGs
[2023-10-25T16:19:18.497+0000] {logging_mixin.py:151} INFO - [2023-10-25T16:19:18.497+0000] {dag.py:3722} INFO - Setting next_dagrun for example_dag_decorator to None, run_after=None
[2023-10-25T16:19:18.512+0000] {processor.py:179} INFO - Processing /home/airflow/.local/lib/python3.8/site-packages/airflow/example_dags/example_dag_decorator.py took 0.151 seconds
[2023-10-25T16:19:48.569+0000] {processor.py:157} INFO - Started process (PID=182) to work on /home/airflow/.local/lib/python3.8/site-packages/airflow/example_dags/example_dag_decorator.py
[2023-10-25T16:19:48.570+0000] {processor.py:829} INFO - Processing file /home/airflow/.local/lib/python3.8/site-packages/airflow/example_dags/example_dag_decorator.py for tasks to queue
[2023-10-25T16:19:48.572+0000] {logging_mixin.py:151} INFO - [2023-10-25T16:19:48.571+0000] {dagbag.py:536} INFO - Filling up the DagBag from /home/airflow/.local/lib/python3.8/site-packages/airflow/example_dags/example_dag_decorator.py
[2023-10-25T16:19:48.617+0000] {processor.py:839} INFO - DAG(s) dict_keys(['example_dag_decorator']) retrieved from /home/airflow/.local/lib/python3.8/site-packages/airflow/example_dags/example_dag_decorator.py
[2023-10-25T16:19:48.677+0000] {logging_mixin.py:151} INFO - [2023-10-25T16:19:48.677+0000] {dag.py:2941} INFO - Sync 1 DAGs
[2023-10-25T16:19:48.683+0000] {logging_mixin.py:151} INFO - [2023-10-25T16:19:48.683+0000] {dag.py:3722} INFO - Setting next_dagrun for example_dag_decorator to None, run_after=None
[2023-10-25T16:19:48.696+0000] {processor.py:179} INFO - Processing /home/airflow/.local/lib/python3.8/site-packages/airflow/example_dags/example_dag_decorator.py took 0.128 seconds
