[2023-10-25T16:18:45.173+0000] {processor.py:157} INFO - Started process (PID=39) to work on /home/airflow/.local/lib/python3.8/site-packages/airflow/example_dags/example_sla_dag.py
[2023-10-25T16:18:45.174+0000] {processor.py:829} INFO - Processing file /home/airflow/.local/lib/python3.8/site-packages/airflow/example_dags/example_sla_dag.py for tasks to queue
[2023-10-25T16:18:45.175+0000] {logging_mixin.py:151} INFO - [2023-10-25T16:18:45.175+0000] {dagbag.py:536} INFO - Filling up the DagBag from /home/airflow/.local/lib/python3.8/site-packages/airflow/example_dags/example_sla_dag.py
[2023-10-25T16:18:45.184+0000] {processor.py:839} INFO - DAG(s) dict_keys(['example_sla_dag']) retrieved from /home/airflow/.local/lib/python3.8/site-packages/airflow/example_dags/example_sla_dag.py
[2023-10-25T16:18:45.222+0000] {logging_mixin.py:151} INFO - [2023-10-25T16:18:45.222+0000] {dag.py:2941} INFO - Sync 1 DAGs
[2023-10-25T16:18:45.249+0000] {logging_mixin.py:151} INFO - [2023-10-25T16:18:45.249+0000] {dag.py:3722} INFO - Setting next_dagrun for example_sla_dag to 2023-10-25T16:16:00+00:00, run_after=2023-10-25T16:18:00+00:00
[2023-10-25T16:18:45.267+0000] {processor.py:179} INFO - Processing /home/airflow/.local/lib/python3.8/site-packages/airflow/example_dags/example_sla_dag.py took 0.097 seconds
[2023-10-25T16:19:16.182+0000] {processor.py:157} INFO - Started process (PID=95) to work on /home/airflow/.local/lib/python3.8/site-packages/airflow/example_dags/example_sla_dag.py
[2023-10-25T16:19:16.183+0000] {processor.py:829} INFO - Processing file /home/airflow/.local/lib/python3.8/site-packages/airflow/example_dags/example_sla_dag.py for tasks to queue
[2023-10-25T16:19:16.184+0000] {logging_mixin.py:151} INFO - [2023-10-25T16:19:16.184+0000] {dagbag.py:536} INFO - Filling up the DagBag from /home/airflow/.local/lib/python3.8/site-packages/airflow/example_dags/example_sla_dag.py
[2023-10-25T16:19:16.189+0000] {processor.py:839} INFO - DAG(s) dict_keys(['example_sla_dag']) retrieved from /home/airflow/.local/lib/python3.8/site-packages/airflow/example_dags/example_sla_dag.py
[2023-10-25T16:19:16.201+0000] {logging_mixin.py:151} INFO - [2023-10-25T16:19:16.201+0000] {dag.py:2941} INFO - Sync 1 DAGs
[2023-10-25T16:19:16.218+0000] {logging_mixin.py:151} INFO - [2023-10-25T16:19:16.218+0000] {dag.py:3722} INFO - Setting next_dagrun for example_sla_dag to 2023-10-25T16:16:00+00:00, run_after=2023-10-25T16:18:00+00:00
[2023-10-25T16:19:16.229+0000] {processor.py:179} INFO - Processing /home/airflow/.local/lib/python3.8/site-packages/airflow/example_dags/example_sla_dag.py took 0.049 seconds
[2023-10-25T16:19:46.365+0000] {processor.py:157} INFO - Started process (PID=151) to work on /home/airflow/.local/lib/python3.8/site-packages/airflow/example_dags/example_sla_dag.py
[2023-10-25T16:19:46.365+0000] {processor.py:829} INFO - Processing file /home/airflow/.local/lib/python3.8/site-packages/airflow/example_dags/example_sla_dag.py for tasks to queue
[2023-10-25T16:19:46.367+0000] {logging_mixin.py:151} INFO - [2023-10-25T16:19:46.366+0000] {dagbag.py:536} INFO - Filling up the DagBag from /home/airflow/.local/lib/python3.8/site-packages/airflow/example_dags/example_sla_dag.py
[2023-10-25T16:19:46.373+0000] {processor.py:839} INFO - DAG(s) dict_keys(['example_sla_dag']) retrieved from /home/airflow/.local/lib/python3.8/site-packages/airflow/example_dags/example_sla_dag.py
[2023-10-25T16:19:46.387+0000] {logging_mixin.py:151} INFO - [2023-10-25T16:19:46.387+0000] {dag.py:2941} INFO - Sync 1 DAGs
[2023-10-25T16:19:46.408+0000] {logging_mixin.py:151} INFO - [2023-10-25T16:19:46.408+0000] {dag.py:3722} INFO - Setting next_dagrun for example_sla_dag to 2023-10-25T16:16:00+00:00, run_after=2023-10-25T16:18:00+00:00
[2023-10-25T16:19:46.422+0000] {processor.py:179} INFO - Processing /home/airflow/.local/lib/python3.8/site-packages/airflow/example_dags/example_sla_dag.py took 0.059 seconds
