[2023-10-25T16:18:45.069+0000] {processor.py:157} INFO - Started process (PID=37) to work on /home/airflow/.local/lib/python3.8/site-packages/airflow/example_dags/example_branch_labels.py
[2023-10-25T16:18:45.070+0000] {processor.py:829} INFO - Processing file /home/airflow/.local/lib/python3.8/site-packages/airflow/example_dags/example_branch_labels.py for tasks to queue
[2023-10-25T16:18:45.080+0000] {logging_mixin.py:151} INFO - [2023-10-25T16:18:45.080+0000] {dagbag.py:536} INFO - Filling up the DagBag from /home/airflow/.local/lib/python3.8/site-packages/airflow/example_dags/example_branch_labels.py
[2023-10-25T16:18:45.092+0000] {processor.py:839} INFO - DAG(s) dict_keys(['example_branch_labels']) retrieved from /home/airflow/.local/lib/python3.8/site-packages/airflow/example_dags/example_branch_labels.py
[2023-10-25T16:18:45.112+0000] {logging_mixin.py:151} INFO - [2023-10-25T16:18:45.112+0000] {dag.py:2941} INFO - Sync 1 DAGs
[2023-10-25T16:18:45.137+0000] {logging_mixin.py:151} INFO - [2023-10-25T16:18:45.136+0000] {dag.py:3722} INFO - Setting next_dagrun for example_branch_labels to 2023-10-24T00:00:00+00:00, run_after=2023-10-25T00:00:00+00:00
[2023-10-25T16:18:45.153+0000] {processor.py:179} INFO - Processing /home/airflow/.local/lib/python3.8/site-packages/airflow/example_dags/example_branch_labels.py took 0.087 seconds
[2023-10-25T16:19:16.110+0000] {processor.py:157} INFO - Started process (PID=93) to work on /home/airflow/.local/lib/python3.8/site-packages/airflow/example_dags/example_branch_labels.py
[2023-10-25T16:19:16.112+0000] {processor.py:829} INFO - Processing file /home/airflow/.local/lib/python3.8/site-packages/airflow/example_dags/example_branch_labels.py for tasks to queue
[2023-10-25T16:19:16.114+0000] {logging_mixin.py:151} INFO - [2023-10-25T16:19:16.114+0000] {dagbag.py:536} INFO - Filling up the DagBag from /home/airflow/.local/lib/python3.8/site-packages/airflow/example_dags/example_branch_labels.py
[2023-10-25T16:19:16.118+0000] {processor.py:839} INFO - DAG(s) dict_keys(['example_branch_labels']) retrieved from /home/airflow/.local/lib/python3.8/site-packages/airflow/example_dags/example_branch_labels.py
[2023-10-25T16:19:16.133+0000] {logging_mixin.py:151} INFO - [2023-10-25T16:19:16.133+0000] {dag.py:2941} INFO - Sync 1 DAGs
[2023-10-25T16:19:16.156+0000] {logging_mixin.py:151} INFO - [2023-10-25T16:19:16.155+0000] {dag.py:3722} INFO - Setting next_dagrun for example_branch_labels to 2023-10-24T00:00:00+00:00, run_after=2023-10-25T00:00:00+00:00
[2023-10-25T16:19:16.168+0000] {processor.py:179} INFO - Processing /home/airflow/.local/lib/python3.8/site-packages/airflow/example_dags/example_branch_labels.py took 0.062 seconds
[2023-10-25T16:19:46.280+0000] {processor.py:157} INFO - Started process (PID=149) to work on /home/airflow/.local/lib/python3.8/site-packages/airflow/example_dags/example_branch_labels.py
[2023-10-25T16:19:46.281+0000] {processor.py:829} INFO - Processing file /home/airflow/.local/lib/python3.8/site-packages/airflow/example_dags/example_branch_labels.py for tasks to queue
[2023-10-25T16:19:46.282+0000] {logging_mixin.py:151} INFO - [2023-10-25T16:19:46.282+0000] {dagbag.py:536} INFO - Filling up the DagBag from /home/airflow/.local/lib/python3.8/site-packages/airflow/example_dags/example_branch_labels.py
[2023-10-25T16:19:46.287+0000] {processor.py:839} INFO - DAG(s) dict_keys(['example_branch_labels']) retrieved from /home/airflow/.local/lib/python3.8/site-packages/airflow/example_dags/example_branch_labels.py
[2023-10-25T16:19:46.306+0000] {logging_mixin.py:151} INFO - [2023-10-25T16:19:46.306+0000] {dag.py:2941} INFO - Sync 1 DAGs
[2023-10-25T16:19:46.335+0000] {logging_mixin.py:151} INFO - [2023-10-25T16:19:46.335+0000] {dag.py:3722} INFO - Setting next_dagrun for example_branch_labels to 2023-10-24T00:00:00+00:00, run_after=2023-10-25T00:00:00+00:00
[2023-10-25T16:19:46.354+0000] {processor.py:179} INFO - Processing /home/airflow/.local/lib/python3.8/site-packages/airflow/example_dags/example_branch_labels.py took 0.077 seconds
