[2023-10-25T16:18:47.023+0000] {processor.py:157} INFO - Started process (PID=63) to work on /home/airflow/.local/lib/python3.8/site-packages/airflow/example_dags/example_dynamic_task_mapping_with_no_taskflow_operators.py
[2023-10-25T16:18:47.023+0000] {processor.py:829} INFO - Processing file /home/airflow/.local/lib/python3.8/site-packages/airflow/example_dags/example_dynamic_task_mapping_with_no_taskflow_operators.py for tasks to queue
[2023-10-25T16:18:47.030+0000] {logging_mixin.py:151} INFO - [2023-10-25T16:18:47.029+0000] {dagbag.py:536} INFO - Filling up the DagBag from /home/airflow/.local/lib/python3.8/site-packages/airflow/example_dags/example_dynamic_task_mapping_with_no_taskflow_operators.py
[2023-10-25T16:18:47.035+0000] {processor.py:839} INFO - DAG(s) dict_keys(['example_dynamic_task_mapping_with_no_taskflow_operators']) retrieved from /home/airflow/.local/lib/python3.8/site-packages/airflow/example_dags/example_dynamic_task_mapping_with_no_taskflow_operators.py
[2023-10-25T16:18:47.053+0000] {logging_mixin.py:151} INFO - [2023-10-25T16:18:47.052+0000] {dag.py:2941} INFO - Sync 1 DAGs
[2023-10-25T16:18:47.080+0000] {logging_mixin.py:151} INFO - [2023-10-25T16:18:47.080+0000] {dag.py:3722} INFO - Setting next_dagrun for example_dynamic_task_mapping_with_no_taskflow_operators to 2023-10-24T16:18:47.079907+00:00, run_after=2023-10-25T16:18:47.079907+00:00
[2023-10-25T16:18:47.099+0000] {processor.py:179} INFO - Processing /home/airflow/.local/lib/python3.8/site-packages/airflow/example_dags/example_dynamic_task_mapping_with_no_taskflow_operators.py took 0.079 seconds
[2023-10-25T16:19:17.118+0000] {processor.py:157} INFO - Started process (PID=119) to work on /home/airflow/.local/lib/python3.8/site-packages/airflow/example_dags/example_dynamic_task_mapping_with_no_taskflow_operators.py
[2023-10-25T16:19:17.118+0000] {processor.py:829} INFO - Processing file /home/airflow/.local/lib/python3.8/site-packages/airflow/example_dags/example_dynamic_task_mapping_with_no_taskflow_operators.py for tasks to queue
[2023-10-25T16:19:17.119+0000] {logging_mixin.py:151} INFO - [2023-10-25T16:19:17.119+0000] {dagbag.py:536} INFO - Filling up the DagBag from /home/airflow/.local/lib/python3.8/site-packages/airflow/example_dags/example_dynamic_task_mapping_with_no_taskflow_operators.py
[2023-10-25T16:19:17.124+0000] {processor.py:839} INFO - DAG(s) dict_keys(['example_dynamic_task_mapping_with_no_taskflow_operators']) retrieved from /home/airflow/.local/lib/python3.8/site-packages/airflow/example_dags/example_dynamic_task_mapping_with_no_taskflow_operators.py
[2023-10-25T16:19:17.139+0000] {logging_mixin.py:151} INFO - [2023-10-25T16:19:17.138+0000] {dag.py:2941} INFO - Sync 1 DAGs
[2023-10-25T16:19:17.156+0000] {logging_mixin.py:151} INFO - [2023-10-25T16:19:17.156+0000] {dag.py:3722} INFO - Setting next_dagrun for example_dynamic_task_mapping_with_no_taskflow_operators to 2023-10-24T16:19:17.156084+00:00, run_after=2023-10-25T16:19:17.156084+00:00
[2023-10-25T16:19:17.169+0000] {processor.py:179} INFO - Processing /home/airflow/.local/lib/python3.8/site-packages/airflow/example_dags/example_dynamic_task_mapping_with_no_taskflow_operators.py took 0.055 seconds
[2023-10-25T16:19:47.319+0000] {processor.py:157} INFO - Started process (PID=175) to work on /home/airflow/.local/lib/python3.8/site-packages/airflow/example_dags/example_dynamic_task_mapping_with_no_taskflow_operators.py
[2023-10-25T16:19:47.320+0000] {processor.py:829} INFO - Processing file /home/airflow/.local/lib/python3.8/site-packages/airflow/example_dags/example_dynamic_task_mapping_with_no_taskflow_operators.py for tasks to queue
[2023-10-25T16:19:47.321+0000] {logging_mixin.py:151} INFO - [2023-10-25T16:19:47.321+0000] {dagbag.py:536} INFO - Filling up the DagBag from /home/airflow/.local/lib/python3.8/site-packages/airflow/example_dags/example_dynamic_task_mapping_with_no_taskflow_operators.py
[2023-10-25T16:19:47.325+0000] {processor.py:839} INFO - DAG(s) dict_keys(['example_dynamic_task_mapping_with_no_taskflow_operators']) retrieved from /home/airflow/.local/lib/python3.8/site-packages/airflow/example_dags/example_dynamic_task_mapping_with_no_taskflow_operators.py
[2023-10-25T16:19:47.340+0000] {logging_mixin.py:151} INFO - [2023-10-25T16:19:47.340+0000] {dag.py:2941} INFO - Sync 1 DAGs
[2023-10-25T16:19:47.354+0000] {logging_mixin.py:151} INFO - [2023-10-25T16:19:47.354+0000] {dag.py:3722} INFO - Setting next_dagrun for example_dynamic_task_mapping_with_no_taskflow_operators to 2023-10-24T16:19:47.354680+00:00, run_after=2023-10-25T16:19:47.354680+00:00
[2023-10-25T16:19:47.366+0000] {processor.py:179} INFO - Processing /home/airflow/.local/lib/python3.8/site-packages/airflow/example_dags/example_dynamic_task_mapping_with_no_taskflow_operators.py took 0.049 seconds
