[2023-10-25T16:18:45.280+0000] {processor.py:157} INFO - Started process (PID=41) to work on /home/airflow/.local/lib/python3.8/site-packages/airflow/example_dags/example_sensors.py
[2023-10-25T16:18:45.281+0000] {processor.py:829} INFO - Processing file /home/airflow/.local/lib/python3.8/site-packages/airflow/example_dags/example_sensors.py for tasks to queue
[2023-10-25T16:18:45.283+0000] {logging_mixin.py:151} INFO - [2023-10-25T16:18:45.283+0000] {dagbag.py:536} INFO - Filling up the DagBag from /home/airflow/.local/lib/python3.8/site-packages/airflow/example_dags/example_sensors.py
[2023-10-25T16:18:45.294+0000] {processor.py:839} INFO - DAG(s) dict_keys(['example_sensors']) retrieved from /home/airflow/.local/lib/python3.8/site-packages/airflow/example_dags/example_sensors.py
[2023-10-25T16:18:45.322+0000] {logging_mixin.py:151} INFO - [2023-10-25T16:18:45.322+0000] {dag.py:2941} INFO - Sync 1 DAGs
[2023-10-25T16:18:45.335+0000] {logging_mixin.py:151} INFO - [2023-10-25T16:18:45.335+0000] {dag.py:3722} INFO - Setting next_dagrun for example_sensors to None, run_after=None
[2023-10-25T16:18:45.361+0000] {processor.py:179} INFO - Processing /home/airflow/.local/lib/python3.8/site-packages/airflow/example_dags/example_sensors.py took 0.083 seconds
[2023-10-25T16:19:16.245+0000] {processor.py:157} INFO - Started process (PID=97) to work on /home/airflow/.local/lib/python3.8/site-packages/airflow/example_dags/example_sensors.py
[2023-10-25T16:19:16.245+0000] {processor.py:829} INFO - Processing file /home/airflow/.local/lib/python3.8/site-packages/airflow/example_dags/example_sensors.py for tasks to queue
[2023-10-25T16:19:16.246+0000] {logging_mixin.py:151} INFO - [2023-10-25T16:19:16.246+0000] {dagbag.py:536} INFO - Filling up the DagBag from /home/airflow/.local/lib/python3.8/site-packages/airflow/example_dags/example_sensors.py
[2023-10-25T16:19:16.253+0000] {processor.py:839} INFO - DAG(s) dict_keys(['example_sensors']) retrieved from /home/airflow/.local/lib/python3.8/site-packages/airflow/example_dags/example_sensors.py
[2023-10-25T16:19:16.276+0000] {logging_mixin.py:151} INFO - [2023-10-25T16:19:16.276+0000] {dag.py:2941} INFO - Sync 1 DAGs
[2023-10-25T16:19:16.284+0000] {logging_mixin.py:151} INFO - [2023-10-25T16:19:16.284+0000] {dag.py:3722} INFO - Setting next_dagrun for example_sensors to None, run_after=None
[2023-10-25T16:19:16.296+0000] {processor.py:179} INFO - Processing /home/airflow/.local/lib/python3.8/site-packages/airflow/example_dags/example_sensors.py took 0.053 seconds
[2023-10-25T16:19:46.440+0000] {processor.py:157} INFO - Started process (PID=153) to work on /home/airflow/.local/lib/python3.8/site-packages/airflow/example_dags/example_sensors.py
[2023-10-25T16:19:46.440+0000] {processor.py:829} INFO - Processing file /home/airflow/.local/lib/python3.8/site-packages/airflow/example_dags/example_sensors.py for tasks to queue
[2023-10-25T16:19:46.441+0000] {logging_mixin.py:151} INFO - [2023-10-25T16:19:46.441+0000] {dagbag.py:536} INFO - Filling up the DagBag from /home/airflow/.local/lib/python3.8/site-packages/airflow/example_dags/example_sensors.py
[2023-10-25T16:19:46.448+0000] {processor.py:839} INFO - DAG(s) dict_keys(['example_sensors']) retrieved from /home/airflow/.local/lib/python3.8/site-packages/airflow/example_dags/example_sensors.py
[2023-10-25T16:19:46.470+0000] {logging_mixin.py:151} INFO - [2023-10-25T16:19:46.470+0000] {dag.py:2941} INFO - Sync 1 DAGs
[2023-10-25T16:19:46.482+0000] {logging_mixin.py:151} INFO - [2023-10-25T16:19:46.482+0000] {dag.py:3722} INFO - Setting next_dagrun for example_sensors to None, run_after=None
[2023-10-25T16:19:46.501+0000] {processor.py:179} INFO - Processing /home/airflow/.local/lib/python3.8/site-packages/airflow/example_dags/example_sensors.py took 0.064 seconds
