[2023-10-25T16:18:47.229+0000] {processor.py:157} INFO - Started process (PID=67) to work on /home/airflow/.local/lib/python3.8/site-packages/airflow/example_dags/example_branch_python_dop_operator_3.py
[2023-10-25T16:18:47.230+0000] {processor.py:829} INFO - Processing file /home/airflow/.local/lib/python3.8/site-packages/airflow/example_dags/example_branch_python_dop_operator_3.py for tasks to queue
[2023-10-25T16:18:47.232+0000] {logging_mixin.py:151} INFO - [2023-10-25T16:18:47.232+0000] {dagbag.py:536} INFO - Filling up the DagBag from /home/airflow/.local/lib/python3.8/site-packages/airflow/example_dags/example_branch_python_dop_operator_3.py
[2023-10-25T16:18:47.238+0000] {processor.py:839} INFO - DAG(s) dict_keys(['example_branch_dop_operator_v3']) retrieved from /home/airflow/.local/lib/python3.8/site-packages/airflow/example_dags/example_branch_python_dop_operator_3.py
[2023-10-25T16:18:47.252+0000] {logging_mixin.py:151} INFO - [2023-10-25T16:18:47.252+0000] {dag.py:2941} INFO - Sync 1 DAGs
[2023-10-25T16:18:47.269+0000] {logging_mixin.py:151} INFO - [2023-10-25T16:18:47.269+0000] {dag.py:3722} INFO - Setting next_dagrun for example_branch_dop_operator_v3 to 2023-10-25T16:17:00+00:00, run_after=2023-10-25T16:18:00+00:00
[2023-10-25T16:18:47.285+0000] {processor.py:179} INFO - Processing /home/airflow/.local/lib/python3.8/site-packages/airflow/example_dags/example_branch_python_dop_operator_3.py took 0.058 seconds
[2023-10-25T16:19:18.272+0000] {processor.py:157} INFO - Started process (PID=123) to work on /home/airflow/.local/lib/python3.8/site-packages/airflow/example_dags/example_branch_python_dop_operator_3.py
[2023-10-25T16:19:18.272+0000] {processor.py:829} INFO - Processing file /home/airflow/.local/lib/python3.8/site-packages/airflow/example_dags/example_branch_python_dop_operator_3.py for tasks to queue
[2023-10-25T16:19:18.273+0000] {logging_mixin.py:151} INFO - [2023-10-25T16:19:18.273+0000] {dagbag.py:536} INFO - Filling up the DagBag from /home/airflow/.local/lib/python3.8/site-packages/airflow/example_dags/example_branch_python_dop_operator_3.py
[2023-10-25T16:19:18.283+0000] {processor.py:839} INFO - DAG(s) dict_keys(['example_branch_dop_operator_v3']) retrieved from /home/airflow/.local/lib/python3.8/site-packages/airflow/example_dags/example_branch_python_dop_operator_3.py
[2023-10-25T16:19:18.303+0000] {logging_mixin.py:151} INFO - [2023-10-25T16:19:18.303+0000] {dag.py:2941} INFO - Sync 1 DAGs
[2023-10-25T16:19:18.331+0000] {logging_mixin.py:151} INFO - [2023-10-25T16:19:18.331+0000] {dag.py:3722} INFO - Setting next_dagrun for example_branch_dop_operator_v3 to 2023-10-25T16:18:00+00:00, run_after=2023-10-25T16:19:00+00:00
[2023-10-25T16:19:18.347+0000] {processor.py:179} INFO - Processing /home/airflow/.local/lib/python3.8/site-packages/airflow/example_dags/example_branch_python_dop_operator_3.py took 0.078 seconds
[2023-10-25T16:19:48.433+0000] {processor.py:157} INFO - Started process (PID=179) to work on /home/airflow/.local/lib/python3.8/site-packages/airflow/example_dags/example_branch_python_dop_operator_3.py
[2023-10-25T16:19:48.433+0000] {processor.py:829} INFO - Processing file /home/airflow/.local/lib/python3.8/site-packages/airflow/example_dags/example_branch_python_dop_operator_3.py for tasks to queue
[2023-10-25T16:19:48.434+0000] {logging_mixin.py:151} INFO - [2023-10-25T16:19:48.434+0000] {dagbag.py:536} INFO - Filling up the DagBag from /home/airflow/.local/lib/python3.8/site-packages/airflow/example_dags/example_branch_python_dop_operator_3.py
[2023-10-25T16:19:48.441+0000] {processor.py:839} INFO - DAG(s) dict_keys(['example_branch_dop_operator_v3']) retrieved from /home/airflow/.local/lib/python3.8/site-packages/airflow/example_dags/example_branch_python_dop_operator_3.py
[2023-10-25T16:19:48.455+0000] {logging_mixin.py:151} INFO - [2023-10-25T16:19:48.455+0000] {dag.py:2941} INFO - Sync 1 DAGs
[2023-10-25T16:19:48.476+0000] {logging_mixin.py:151} INFO - [2023-10-25T16:19:48.476+0000] {dag.py:3722} INFO - Setting next_dagrun for example_branch_dop_operator_v3 to 2023-10-25T16:18:00+00:00, run_after=2023-10-25T16:19:00+00:00
[2023-10-25T16:19:48.488+0000] {processor.py:179} INFO - Processing /home/airflow/.local/lib/python3.8/site-packages/airflow/example_dags/example_branch_python_dop_operator_3.py took 0.058 seconds
