[2023-10-25T16:18:46.714+0000] {processor.py:157} INFO - Started process (PID=58) to work on /home/airflow/.local/lib/python3.8/site-packages/airflow/example_dags/example_nested_branch_dag.py
[2023-10-25T16:18:46.715+0000] {processor.py:829} INFO - Processing file /home/airflow/.local/lib/python3.8/site-packages/airflow/example_dags/example_nested_branch_dag.py for tasks to queue
[2023-10-25T16:18:46.716+0000] {logging_mixin.py:151} INFO - [2023-10-25T16:18:46.716+0000] {dagbag.py:536} INFO - Filling up the DagBag from /home/airflow/.local/lib/python3.8/site-packages/airflow/example_dags/example_nested_branch_dag.py
[2023-10-25T16:18:46.727+0000] {processor.py:839} INFO - DAG(s) dict_keys(['example_nested_branch_dag']) retrieved from /home/airflow/.local/lib/python3.8/site-packages/airflow/example_dags/example_nested_branch_dag.py
[2023-10-25T16:18:46.748+0000] {logging_mixin.py:151} INFO - [2023-10-25T16:18:46.748+0000] {dag.py:2941} INFO - Sync 1 DAGs
[2023-10-25T16:18:46.775+0000] {logging_mixin.py:151} INFO - [2023-10-25T16:18:46.775+0000] {dag.py:3722} INFO - Setting next_dagrun for example_nested_branch_dag to 2023-10-24T00:00:00+00:00, run_after=2023-10-25T00:00:00+00:00
[2023-10-25T16:18:46.805+0000] {processor.py:179} INFO - Processing /home/airflow/.local/lib/python3.8/site-packages/airflow/example_dags/example_nested_branch_dag.py took 0.094 seconds
[2023-10-25T16:19:16.953+0000] {processor.py:157} INFO - Started process (PID=114) to work on /home/airflow/.local/lib/python3.8/site-packages/airflow/example_dags/example_nested_branch_dag.py
[2023-10-25T16:19:16.955+0000] {processor.py:829} INFO - Processing file /home/airflow/.local/lib/python3.8/site-packages/airflow/example_dags/example_nested_branch_dag.py for tasks to queue
[2023-10-25T16:19:16.956+0000] {logging_mixin.py:151} INFO - [2023-10-25T16:19:16.956+0000] {dagbag.py:536} INFO - Filling up the DagBag from /home/airflow/.local/lib/python3.8/site-packages/airflow/example_dags/example_nested_branch_dag.py
[2023-10-25T16:19:16.963+0000] {processor.py:839} INFO - DAG(s) dict_keys(['example_nested_branch_dag']) retrieved from /home/airflow/.local/lib/python3.8/site-packages/airflow/example_dags/example_nested_branch_dag.py
[2023-10-25T16:19:16.980+0000] {logging_mixin.py:151} INFO - [2023-10-25T16:19:16.979+0000] {dag.py:2941} INFO - Sync 1 DAGs
[2023-10-25T16:19:16.998+0000] {logging_mixin.py:151} INFO - [2023-10-25T16:19:16.998+0000] {dag.py:3722} INFO - Setting next_dagrun for example_nested_branch_dag to 2023-10-24T00:00:00+00:00, run_after=2023-10-25T00:00:00+00:00
[2023-10-25T16:19:17.013+0000] {processor.py:179} INFO - Processing /home/airflow/.local/lib/python3.8/site-packages/airflow/example_dags/example_nested_branch_dag.py took 0.063 seconds
[2023-10-25T16:19:47.128+0000] {processor.py:157} INFO - Started process (PID=170) to work on /home/airflow/.local/lib/python3.8/site-packages/airflow/example_dags/example_nested_branch_dag.py
[2023-10-25T16:19:47.129+0000] {processor.py:829} INFO - Processing file /home/airflow/.local/lib/python3.8/site-packages/airflow/example_dags/example_nested_branch_dag.py for tasks to queue
[2023-10-25T16:19:47.130+0000] {logging_mixin.py:151} INFO - [2023-10-25T16:19:47.130+0000] {dagbag.py:536} INFO - Filling up the DagBag from /home/airflow/.local/lib/python3.8/site-packages/airflow/example_dags/example_nested_branch_dag.py
[2023-10-25T16:19:47.137+0000] {processor.py:839} INFO - DAG(s) dict_keys(['example_nested_branch_dag']) retrieved from /home/airflow/.local/lib/python3.8/site-packages/airflow/example_dags/example_nested_branch_dag.py
[2023-10-25T16:19:47.154+0000] {logging_mixin.py:151} INFO - [2023-10-25T16:19:47.154+0000] {dag.py:2941} INFO - Sync 1 DAGs
[2023-10-25T16:19:47.176+0000] {logging_mixin.py:151} INFO - [2023-10-25T16:19:47.175+0000] {dag.py:3722} INFO - Setting next_dagrun for example_nested_branch_dag to 2023-10-24T00:00:00+00:00, run_after=2023-10-25T00:00:00+00:00
[2023-10-25T16:19:47.190+0000] {processor.py:179} INFO - Processing /home/airflow/.local/lib/python3.8/site-packages/airflow/example_dags/example_nested_branch_dag.py took 0.064 seconds
