[2023-10-25T16:18:44.794+0000] {processor.py:157} INFO - Started process (PID=33) to work on /home/airflow/.local/lib/python3.8/site-packages/airflow/example_dags/example_short_circuit_decorator.py
[2023-10-25T16:18:44.794+0000] {processor.py:829} INFO - Processing file /home/airflow/.local/lib/python3.8/site-packages/airflow/example_dags/example_short_circuit_decorator.py for tasks to queue
[2023-10-25T16:18:44.795+0000] {logging_mixin.py:151} INFO - [2023-10-25T16:18:44.795+0000] {dagbag.py:536} INFO - Filling up the DagBag from /home/airflow/.local/lib/python3.8/site-packages/airflow/example_dags/example_short_circuit_decorator.py
[2023-10-25T16:18:44.802+0000] {processor.py:839} INFO - DAG(s) dict_keys(['example_short_circuit_decorator']) retrieved from /home/airflow/.local/lib/python3.8/site-packages/airflow/example_dags/example_short_circuit_decorator.py
[2023-10-25T16:18:44.824+0000] {logging_mixin.py:151} INFO - [2023-10-25T16:18:44.824+0000] {dag.py:2941} INFO - Sync 1 DAGs
[2023-10-25T16:18:44.849+0000] {logging_mixin.py:151} INFO - [2023-10-25T16:18:44.849+0000] {dag.py:3722} INFO - Setting next_dagrun for example_short_circuit_decorator to 2023-10-24T16:18:44.849388+00:00, run_after=2023-10-25T16:18:44.849388+00:00
[2023-10-25T16:18:44.865+0000] {processor.py:179} INFO - Processing /home/airflow/.local/lib/python3.8/site-packages/airflow/example_dags/example_short_circuit_decorator.py took 0.074 seconds
[2023-10-25T16:19:14.960+0000] {processor.py:157} INFO - Started process (PID=89) to work on /home/airflow/.local/lib/python3.8/site-packages/airflow/example_dags/example_short_circuit_decorator.py
[2023-10-25T16:19:14.961+0000] {processor.py:829} INFO - Processing file /home/airflow/.local/lib/python3.8/site-packages/airflow/example_dags/example_short_circuit_decorator.py for tasks to queue
[2023-10-25T16:19:14.962+0000] {logging_mixin.py:151} INFO - [2023-10-25T16:19:14.961+0000] {dagbag.py:536} INFO - Filling up the DagBag from /home/airflow/.local/lib/python3.8/site-packages/airflow/example_dags/example_short_circuit_decorator.py
[2023-10-25T16:19:14.968+0000] {processor.py:839} INFO - DAG(s) dict_keys(['example_short_circuit_decorator']) retrieved from /home/airflow/.local/lib/python3.8/site-packages/airflow/example_dags/example_short_circuit_decorator.py
[2023-10-25T16:19:14.984+0000] {logging_mixin.py:151} INFO - [2023-10-25T16:19:14.984+0000] {dag.py:2941} INFO - Sync 1 DAGs
[2023-10-25T16:19:14.998+0000] {logging_mixin.py:151} INFO - [2023-10-25T16:19:14.998+0000] {dag.py:3722} INFO - Setting next_dagrun for example_short_circuit_decorator to 2023-10-24T16:19:14.998178+00:00, run_after=2023-10-25T16:19:14.998178+00:00
[2023-10-25T16:19:15.009+0000] {processor.py:179} INFO - Processing /home/airflow/.local/lib/python3.8/site-packages/airflow/example_dags/example_short_circuit_decorator.py took 0.051 seconds
[2023-10-25T16:19:45.186+0000] {processor.py:157} INFO - Started process (PID=145) to work on /home/airflow/.local/lib/python3.8/site-packages/airflow/example_dags/example_short_circuit_decorator.py
[2023-10-25T16:19:45.187+0000] {processor.py:829} INFO - Processing file /home/airflow/.local/lib/python3.8/site-packages/airflow/example_dags/example_short_circuit_decorator.py for tasks to queue
[2023-10-25T16:19:45.188+0000] {logging_mixin.py:151} INFO - [2023-10-25T16:19:45.188+0000] {dagbag.py:536} INFO - Filling up the DagBag from /home/airflow/.local/lib/python3.8/site-packages/airflow/example_dags/example_short_circuit_decorator.py
[2023-10-25T16:19:45.193+0000] {processor.py:839} INFO - DAG(s) dict_keys(['example_short_circuit_decorator']) retrieved from /home/airflow/.local/lib/python3.8/site-packages/airflow/example_dags/example_short_circuit_decorator.py
[2023-10-25T16:19:45.208+0000] {logging_mixin.py:151} INFO - [2023-10-25T16:19:45.208+0000] {dag.py:2941} INFO - Sync 1 DAGs
[2023-10-25T16:19:45.225+0000] {logging_mixin.py:151} INFO - [2023-10-25T16:19:45.225+0000] {dag.py:3722} INFO - Setting next_dagrun for example_short_circuit_decorator to 2023-10-24T16:19:45.224907+00:00, run_after=2023-10-25T16:19:45.224907+00:00
[2023-10-25T16:19:45.239+0000] {processor.py:179} INFO - Processing /home/airflow/.local/lib/python3.8/site-packages/airflow/example_dags/example_short_circuit_decorator.py took 0.055 seconds
