[2023-10-25T16:18:45.475+0000] {processor.py:157} INFO - Started process (PID=44) to work on /home/airflow/.local/lib/python3.8/site-packages/airflow/example_dags/tutorial_dag.py
[2023-10-25T16:18:45.476+0000] {processor.py:829} INFO - Processing file /home/airflow/.local/lib/python3.8/site-packages/airflow/example_dags/tutorial_dag.py for tasks to queue
[2023-10-25T16:18:45.478+0000] {logging_mixin.py:151} INFO - [2023-10-25T16:18:45.477+0000] {dagbag.py:536} INFO - Filling up the DagBag from /home/airflow/.local/lib/python3.8/site-packages/airflow/example_dags/tutorial_dag.py
[2023-10-25T16:18:45.484+0000] {processor.py:839} INFO - DAG(s) dict_keys(['tutorial_dag']) retrieved from /home/airflow/.local/lib/python3.8/site-packages/airflow/example_dags/tutorial_dag.py
[2023-10-25T16:18:45.506+0000] {logging_mixin.py:151} INFO - [2023-10-25T16:18:45.506+0000] {dag.py:2941} INFO - Sync 1 DAGs
[2023-10-25T16:18:45.519+0000] {logging_mixin.py:151} INFO - [2023-10-25T16:18:45.518+0000] {dag.py:3722} INFO - Setting next_dagrun for tutorial_dag to None, run_after=None
[2023-10-25T16:18:45.547+0000] {processor.py:179} INFO - Processing /home/airflow/.local/lib/python3.8/site-packages/airflow/example_dags/tutorial_dag.py took 0.075 seconds
[2023-10-25T16:19:16.375+0000] {processor.py:157} INFO - Started process (PID=100) to work on /home/airflow/.local/lib/python3.8/site-packages/airflow/example_dags/tutorial_dag.py
[2023-10-25T16:19:16.375+0000] {processor.py:829} INFO - Processing file /home/airflow/.local/lib/python3.8/site-packages/airflow/example_dags/tutorial_dag.py for tasks to queue
[2023-10-25T16:19:16.376+0000] {logging_mixin.py:151} INFO - [2023-10-25T16:19:16.376+0000] {dagbag.py:536} INFO - Filling up the DagBag from /home/airflow/.local/lib/python3.8/site-packages/airflow/example_dags/tutorial_dag.py
[2023-10-25T16:19:16.379+0000] {processor.py:839} INFO - DAG(s) dict_keys(['tutorial_dag']) retrieved from /home/airflow/.local/lib/python3.8/site-packages/airflow/example_dags/tutorial_dag.py
[2023-10-25T16:19:16.394+0000] {logging_mixin.py:151} INFO - [2023-10-25T16:19:16.394+0000] {dag.py:2941} INFO - Sync 1 DAGs
[2023-10-25T16:19:16.404+0000] {logging_mixin.py:151} INFO - [2023-10-25T16:19:16.404+0000] {dag.py:3722} INFO - Setting next_dagrun for tutorial_dag to None, run_after=None
[2023-10-25T16:19:16.418+0000] {processor.py:179} INFO - Processing /home/airflow/.local/lib/python3.8/site-packages/airflow/example_dags/tutorial_dag.py took 0.045 seconds
[2023-10-25T16:19:46.577+0000] {processor.py:157} INFO - Started process (PID=155) to work on /home/airflow/.local/lib/python3.8/site-packages/airflow/example_dags/tutorial_dag.py
[2023-10-25T16:19:46.578+0000] {processor.py:829} INFO - Processing file /home/airflow/.local/lib/python3.8/site-packages/airflow/example_dags/tutorial_dag.py for tasks to queue
[2023-10-25T16:19:46.579+0000] {logging_mixin.py:151} INFO - [2023-10-25T16:19:46.579+0000] {dagbag.py:536} INFO - Filling up the DagBag from /home/airflow/.local/lib/python3.8/site-packages/airflow/example_dags/tutorial_dag.py
[2023-10-25T16:19:46.582+0000] {processor.py:839} INFO - DAG(s) dict_keys(['tutorial_dag']) retrieved from /home/airflow/.local/lib/python3.8/site-packages/airflow/example_dags/tutorial_dag.py
[2023-10-25T16:19:46.593+0000] {logging_mixin.py:151} INFO - [2023-10-25T16:19:46.593+0000] {dag.py:2941} INFO - Sync 1 DAGs
[2023-10-25T16:19:46.601+0000] {logging_mixin.py:151} INFO - [2023-10-25T16:19:46.601+0000] {dag.py:3722} INFO - Setting next_dagrun for tutorial_dag to None, run_after=None
[2023-10-25T16:19:46.611+0000] {processor.py:179} INFO - Processing /home/airflow/.local/lib/python3.8/site-packages/airflow/example_dags/tutorial_dag.py took 0.036 seconds
