[2023-12-19T19:02:53.932+0000] {taskinstance.py:1159} INFO - Dependencies all met for dep_context=non-requeueable deps ti=<TaskInstance: update_dwh.lnk_employee_job_role__update manual__2023-12-19T19:02:44.316454+00:00 [queued]>
[2023-12-19T19:02:53.941+0000] {taskinstance.py:1159} INFO - Dependencies all met for dep_context=requeueable deps ti=<TaskInstance: update_dwh.lnk_employee_job_role__update manual__2023-12-19T19:02:44.316454+00:00 [queued]>
[2023-12-19T19:02:53.941+0000] {taskinstance.py:1361} INFO - Starting attempt 1 of 1
[2023-12-19T19:02:53.949+0000] {taskinstance.py:1382} INFO - Executing <Task(PostgresOperator): lnk_employee_job_role__update> on 2023-12-19 19:02:44.316454+00:00
[2023-12-19T19:02:53.954+0000] {standard_task_runner.py:57} INFO - Started process 371 to run task
[2023-12-19T19:02:53.956+0000] {standard_task_runner.py:84} INFO - Running: ['***', 'tasks', 'run', 'update_dwh', 'lnk_employee_job_role__update', 'manual__2023-12-19T19:02:44.316454+00:00', '--job-id', '334', '--raw', '--subdir', 'DAGS_FOLDER/update_dwh_dag.py', '--cfg-path', '/tmp/tmpe176l1f8']
[2023-12-19T19:02:53.958+0000] {standard_task_runner.py:85} INFO - Job 334: Subtask lnk_employee_job_role__update
[2023-12-19T19:02:53.987+0000] {task_command.py:416} INFO - Running <TaskInstance: update_dwh.lnk_employee_job_role__update manual__2023-12-19T19:02:44.316454+00:00 [running]> on host 5e0c64ad45d7
[2023-12-19T19:02:54.041+0000] {taskinstance.py:1662} INFO - Exporting env vars: AIRFLOW_CTX_DAG_OWNER='***' AIRFLOW_CTX_DAG_ID='update_dwh' AIRFLOW_CTX_TASK_ID='lnk_employee_job_role__update' AIRFLOW_CTX_EXECUTION_DATE='2023-12-19T19:02:44.316454+00:00' AIRFLOW_CTX_TRY_NUMBER='1' AIRFLOW_CTX_DAG_RUN_ID='manual__2023-12-19T19:02:44.316454+00:00'
[2023-12-19T19:02:54.043+0000] {sql.py:274} INFO - Executing: 
INSERT INTO rdv.lnk_employee_job_role
SELECT distinct
	md5(concat(sod.jobrole, sod.employeenumber::text)),
	now(),
	'csv',
	md5(sod.employeenumber::text),
    md5(sod.jobrole)
FROM
    staging.stg_table sod
WHERE
    NOT EXISTS (
        SELECT
            l.employee_hash_key
        FROM rdv.lnk_employee_job_role l
        WHERE
            l.employee_hash_key= md5(sod.employeenumber::text)
        AND
            l.job_role_hash_key = md5(sod.jobrole)
    )
[2023-12-19T19:02:54.049+0000] {base.py:73} INFO - Using connection ID 'stg_conn' for task execution.
[2023-12-19T19:02:54.050+0000] {warnings.py:109} WARNING - /home/***/.local/lib/python3.8/site-packages/***/models/connection.py:374: AirflowProviderDeprecationWarning: The "schema" arg has been renamed to "database" as it contained the database name.Please use "database" to set the database name.
  return hook_class(**{hook.connection_id_attribute_name: self.conn_id}, **hook_params)

[2023-12-19T19:02:54.055+0000] {base.py:73} INFO - Using connection ID 'stg_conn' for task execution.
[2023-12-19T19:02:54.126+0000] {sql.py:418} INFO - Running statement: 
INSERT INTO rdv.lnk_employee_job_role
SELECT distinct
	md5(concat(sod.jobrole, sod.employeenumber::text)),
	now(),
	'csv',
	md5(sod.employeenumber::text),
    md5(sod.jobrole)
FROM
    staging.stg_table sod
WHERE
    NOT EXISTS (
        SELECT
            l.employee_hash_key
        FROM rdv.lnk_employee_job_role l
        WHERE
            l.employee_hash_key= md5(sod.employeenumber::text)
        AND
            l.job_role_hash_key = md5(sod.jobrole)
    ), parameters: None
[2023-12-19T19:02:54.155+0000] {sql.py:427} INFO - Rows affected: 0
[2023-12-19T19:02:54.185+0000] {taskinstance.py:1400} INFO - Marking task as SUCCESS. dag_id=update_dwh, task_id=lnk_employee_job_role__update, execution_date=20231219T190244, start_date=20231219T190253, end_date=20231219T190254
[2023-12-19T19:02:54.248+0000] {local_task_job_runner.py:228} INFO - Task exited with return code 0
[2023-12-19T19:02:54.275+0000] {taskinstance.py:2778} INFO - 0 downstream tasks scheduled from follow-on schedule check
