[2023-10-23T17:46:59.500+0000] {taskinstance.py:1159} INFO - Dependencies all met for dep_context=non-requeueable deps ti=<TaskInstance: update_dwh.hub_department_update manual__2023-10-23T17:44:02.944833+00:00 [queued]>
[2023-10-23T17:46:59.516+0000] {taskinstance.py:1159} INFO - Dependencies all met for dep_context=requeueable deps ti=<TaskInstance: update_dwh.hub_department_update manual__2023-10-23T17:44:02.944833+00:00 [queued]>
[2023-10-23T17:46:59.516+0000] {taskinstance.py:1361} INFO - Starting attempt 1 of 1
[2023-10-23T17:46:59.536+0000] {taskinstance.py:1382} INFO - Executing <Task(PostgresOperator): hub_department_update> on 2023-10-23 17:44:02.944833+00:00
[2023-10-23T17:46:59.546+0000] {standard_task_runner.py:57} INFO - Started process 4406 to run task
[2023-10-23T17:46:59.550+0000] {standard_task_runner.py:84} INFO - Running: ['***', 'tasks', 'run', 'update_dwh', 'hub_department_update', 'manual__2023-10-23T17:44:02.944833+00:00', '--job-id', '224', '--raw', '--subdir', 'DAGS_FOLDER/update_dwh_dag.py', '--cfg-path', '/tmp/tmpijs83p6a']
[2023-10-23T17:46:59.553+0000] {standard_task_runner.py:85} INFO - Job 224: Subtask hub_department_update
[2023-10-23T17:46:59.601+0000] {task_command.py:416} INFO - Running <TaskInstance: update_dwh.hub_department_update manual__2023-10-23T17:44:02.944833+00:00 [running]> on host 1f8bb8a692af
[2023-10-23T17:46:59.693+0000] {taskinstance.py:1662} INFO - Exporting env vars: AIRFLOW_CTX_DAG_OWNER='***' AIRFLOW_CTX_DAG_ID='update_dwh' AIRFLOW_CTX_TASK_ID='hub_department_update' AIRFLOW_CTX_EXECUTION_DATE='2023-10-23T17:44:02.944833+00:00' AIRFLOW_CTX_TRY_NUMBER='1' AIRFLOW_CTX_DAG_RUN_ID='manual__2023-10-23T17:44:02.944833+00:00'
[2023-10-23T17:46:59.700+0000] {sql.py:274} INFO - Executing: 
INSERT INTO rdv.hub_department
SELECT DISTINCT
    MD5(p.department),
    now(),
    'csv',
    p.department
FROM 
    staging.stg_table p
WHERE p.department NOT IN (
    SELECT hub.department_name FROM rdv.hub_department hub
)
[2023-10-23T17:46:59.710+0000] {base.py:73} INFO - Using connection ID 'stg_conn' for task execution.
[2023-10-23T17:46:59.711+0000] {warnings.py:109} WARNING - /home/***/.local/lib/python3.8/site-packages/***/models/connection.py:374: AirflowProviderDeprecationWarning: The "schema" arg has been renamed to "database" as it contained the database name.Please use "database" to set the database name.
  return hook_class(**{hook.connection_id_attribute_name: self.conn_id}, **hook_params)

[2023-10-23T17:46:59.716+0000] {base.py:73} INFO - Using connection ID 'stg_conn' for task execution.
[2023-10-23T17:46:59.803+0000] {sql.py:418} INFO - Running statement: 
INSERT INTO rdv.hub_department
SELECT DISTINCT
    MD5(p.department),
    now(),
    'csv',
    p.department
FROM 
    staging.stg_table p
WHERE p.department NOT IN (
    SELECT hub.department_name FROM rdv.hub_department hub
), parameters: None
[2023-10-23T17:46:59.828+0000] {sql.py:427} INFO - Rows affected: 0
[2023-10-23T17:46:59.857+0000] {taskinstance.py:1400} INFO - Marking task as SUCCESS. dag_id=update_dwh, task_id=hub_department_update, execution_date=20231023T174402, start_date=20231023T174659, end_date=20231023T174659
[2023-10-23T17:46:59.884+0000] {local_task_job_runner.py:228} INFO - Task exited with return code 0
[2023-10-23T17:46:59.914+0000] {taskinstance.py:2778} INFO - 0 downstream tasks scheduled from follow-on schedule check
