[2023-10-26T09:41:04.332+0000] {processor.py:157} INFO - Started process (PID=198) to work on /opt/airflow/dags/update_dwh_dag.py
[2023-10-26T09:41:04.333+0000] {processor.py:829} INFO - Processing file /opt/airflow/dags/update_dwh_dag.py for tasks to queue
[2023-10-26T09:41:04.338+0000] {logging_mixin.py:151} INFO - [2023-10-26T09:41:04.338+0000] {dagbag.py:536} INFO - Filling up the DagBag from /opt/airflow/dags/update_dwh_dag.py
[2023-10-26T09:41:04.360+0000] {processor.py:839} INFO - DAG(s) dict_keys(['update_dwh']) retrieved from /opt/airflow/dags/update_dwh_dag.py
[2023-10-26T09:41:04.406+0000] {logging_mixin.py:151} INFO - [2023-10-26T09:41:04.406+0000] {dag.py:2941} INFO - Sync 1 DAGs
[2023-10-26T09:41:04.439+0000] {logging_mixin.py:151} INFO - [2023-10-26T09:41:04.438+0000] {dag.py:3722} INFO - Setting next_dagrun for update_dwh to 2023-10-25T00:00:00+00:00, run_after=2023-10-26T00:00:00+00:00
[2023-10-26T09:41:04.466+0000] {processor.py:179} INFO - Processing /opt/airflow/dags/update_dwh_dag.py took 0.136 seconds
[2023-10-26T09:41:34.906+0000] {processor.py:157} INFO - Started process (PID=254) to work on /opt/airflow/dags/update_dwh_dag.py
[2023-10-26T09:41:34.909+0000] {processor.py:829} INFO - Processing file /opt/airflow/dags/update_dwh_dag.py for tasks to queue
[2023-10-26T09:41:34.910+0000] {logging_mixin.py:151} INFO - [2023-10-26T09:41:34.910+0000] {dagbag.py:536} INFO - Filling up the DagBag from /opt/airflow/dags/update_dwh_dag.py
[2023-10-26T09:41:34.918+0000] {processor.py:839} INFO - DAG(s) dict_keys(['update_dwh']) retrieved from /opt/airflow/dags/update_dwh_dag.py
[2023-10-26T09:41:34.940+0000] {logging_mixin.py:151} INFO - [2023-10-26T09:41:34.940+0000] {dag.py:2941} INFO - Sync 1 DAGs
[2023-10-26T09:41:34.961+0000] {logging_mixin.py:151} INFO - [2023-10-26T09:41:34.961+0000] {dag.py:3722} INFO - Setting next_dagrun for update_dwh to 2023-10-26T00:00:00+00:00, run_after=2023-10-27T00:00:00+00:00
[2023-10-26T09:41:34.974+0000] {processor.py:179} INFO - Processing /opt/airflow/dags/update_dwh_dag.py took 0.073 seconds
[2023-10-26T09:42:05.437+0000] {processor.py:157} INFO - Started process (PID=310) to work on /opt/airflow/dags/update_dwh_dag.py
[2023-10-26T09:42:05.437+0000] {processor.py:829} INFO - Processing file /opt/airflow/dags/update_dwh_dag.py for tasks to queue
[2023-10-26T09:42:05.439+0000] {logging_mixin.py:151} INFO - [2023-10-26T09:42:05.438+0000] {dagbag.py:536} INFO - Filling up the DagBag from /opt/airflow/dags/update_dwh_dag.py
[2023-10-26T09:42:05.449+0000] {processor.py:839} INFO - DAG(s) dict_keys(['update_dwh']) retrieved from /opt/airflow/dags/update_dwh_dag.py
[2023-10-26T09:42:05.465+0000] {logging_mixin.py:151} INFO - [2023-10-26T09:42:05.464+0000] {dag.py:2941} INFO - Sync 1 DAGs
[2023-10-26T09:42:05.484+0000] {logging_mixin.py:151} INFO - [2023-10-26T09:42:05.484+0000] {dag.py:3722} INFO - Setting next_dagrun for update_dwh to 2023-10-26T00:00:00+00:00, run_after=2023-10-27T00:00:00+00:00
[2023-10-26T09:42:05.522+0000] {processor.py:179} INFO - Processing /opt/airflow/dags/update_dwh_dag.py took 0.088 seconds
[2023-10-26T09:42:36.203+0000] {processor.py:157} INFO - Started process (PID=366) to work on /opt/airflow/dags/update_dwh_dag.py
[2023-10-26T09:42:36.206+0000] {processor.py:829} INFO - Processing file /opt/airflow/dags/update_dwh_dag.py for tasks to queue
[2023-10-26T09:42:36.207+0000] {logging_mixin.py:151} INFO - [2023-10-26T09:42:36.207+0000] {dagbag.py:536} INFO - Filling up the DagBag from /opt/airflow/dags/update_dwh_dag.py
[2023-10-26T09:42:36.215+0000] {processor.py:839} INFO - DAG(s) dict_keys(['update_dwh']) retrieved from /opt/airflow/dags/update_dwh_dag.py
[2023-10-26T09:42:36.230+0000] {logging_mixin.py:151} INFO - [2023-10-26T09:42:36.230+0000] {dag.py:2941} INFO - Sync 1 DAGs
[2023-10-26T09:42:36.246+0000] {logging_mixin.py:151} INFO - [2023-10-26T09:42:36.245+0000] {dag.py:3722} INFO - Setting next_dagrun for update_dwh to 2023-10-26T00:00:00+00:00, run_after=2023-10-27T00:00:00+00:00
[2023-10-26T09:42:36.257+0000] {processor.py:179} INFO - Processing /opt/airflow/dags/update_dwh_dag.py took 0.057 seconds
[2023-10-26T09:43:07.012+0000] {processor.py:157} INFO - Started process (PID=423) to work on /opt/airflow/dags/update_dwh_dag.py
[2023-10-26T09:43:07.014+0000] {processor.py:829} INFO - Processing file /opt/airflow/dags/update_dwh_dag.py for tasks to queue
[2023-10-26T09:43:07.016+0000] {logging_mixin.py:151} INFO - [2023-10-26T09:43:07.015+0000] {dagbag.py:536} INFO - Filling up the DagBag from /opt/airflow/dags/update_dwh_dag.py
[2023-10-26T09:43:07.023+0000] {processor.py:839} INFO - DAG(s) dict_keys(['update_dwh']) retrieved from /opt/airflow/dags/update_dwh_dag.py
[2023-10-26T09:43:07.038+0000] {logging_mixin.py:151} INFO - [2023-10-26T09:43:07.038+0000] {dag.py:2941} INFO - Sync 1 DAGs
[2023-10-26T09:43:07.056+0000] {logging_mixin.py:151} INFO - [2023-10-26T09:43:07.056+0000] {dag.py:3722} INFO - Setting next_dagrun for update_dwh to 2023-10-26T00:00:00+00:00, run_after=2023-10-27T00:00:00+00:00
[2023-10-26T09:43:07.071+0000] {processor.py:179} INFO - Processing /opt/airflow/dags/update_dwh_dag.py took 0.063 seconds
[2023-10-26T09:43:37.791+0000] {processor.py:157} INFO - Started process (PID=480) to work on /opt/airflow/dags/update_dwh_dag.py
[2023-10-26T09:43:37.794+0000] {processor.py:829} INFO - Processing file /opt/airflow/dags/update_dwh_dag.py for tasks to queue
[2023-10-26T09:43:37.795+0000] {logging_mixin.py:151} INFO - [2023-10-26T09:43:37.795+0000] {dagbag.py:536} INFO - Filling up the DagBag from /opt/airflow/dags/update_dwh_dag.py
[2023-10-26T09:43:37.803+0000] {processor.py:839} INFO - DAG(s) dict_keys(['update_dwh']) retrieved from /opt/airflow/dags/update_dwh_dag.py
[2023-10-26T09:43:37.823+0000] {logging_mixin.py:151} INFO - [2023-10-26T09:43:37.823+0000] {dag.py:2941} INFO - Sync 1 DAGs
[2023-10-26T09:43:37.840+0000] {logging_mixin.py:151} INFO - [2023-10-26T09:43:37.840+0000] {dag.py:3722} INFO - Setting next_dagrun for update_dwh to 2023-10-26T00:00:00+00:00, run_after=2023-10-27T00:00:00+00:00
[2023-10-26T09:43:37.853+0000] {processor.py:179} INFO - Processing /opt/airflow/dags/update_dwh_dag.py took 0.064 seconds
[2023-10-26T09:44:08.837+0000] {processor.py:157} INFO - Started process (PID=537) to work on /opt/airflow/dags/update_dwh_dag.py
[2023-10-26T09:44:08.840+0000] {processor.py:829} INFO - Processing file /opt/airflow/dags/update_dwh_dag.py for tasks to queue
[2023-10-26T09:44:08.841+0000] {logging_mixin.py:151} INFO - [2023-10-26T09:44:08.841+0000] {dagbag.py:536} INFO - Filling up the DagBag from /opt/airflow/dags/update_dwh_dag.py
[2023-10-26T09:44:08.848+0000] {processor.py:839} INFO - DAG(s) dict_keys(['update_dwh']) retrieved from /opt/airflow/dags/update_dwh_dag.py
[2023-10-26T09:44:08.863+0000] {logging_mixin.py:151} INFO - [2023-10-26T09:44:08.863+0000] {dag.py:2941} INFO - Sync 1 DAGs
[2023-10-26T09:44:08.879+0000] {logging_mixin.py:151} INFO - [2023-10-26T09:44:08.879+0000] {dag.py:3722} INFO - Setting next_dagrun for update_dwh to 2023-10-26T00:00:00+00:00, run_after=2023-10-27T00:00:00+00:00
[2023-10-26T09:44:08.891+0000] {processor.py:179} INFO - Processing /opt/airflow/dags/update_dwh_dag.py took 0.056 seconds
[2023-10-26T09:44:39.577+0000] {processor.py:157} INFO - Started process (PID=593) to work on /opt/airflow/dags/update_dwh_dag.py
[2023-10-26T09:44:39.577+0000] {processor.py:829} INFO - Processing file /opt/airflow/dags/update_dwh_dag.py for tasks to queue
[2023-10-26T09:44:39.579+0000] {logging_mixin.py:151} INFO - [2023-10-26T09:44:39.579+0000] {dagbag.py:536} INFO - Filling up the DagBag from /opt/airflow/dags/update_dwh_dag.py
[2023-10-26T09:44:39.586+0000] {processor.py:839} INFO - DAG(s) dict_keys(['update_dwh']) retrieved from /opt/airflow/dags/update_dwh_dag.py
[2023-10-26T09:44:39.601+0000] {logging_mixin.py:151} INFO - [2023-10-26T09:44:39.601+0000] {dag.py:2941} INFO - Sync 1 DAGs
[2023-10-26T09:44:39.618+0000] {logging_mixin.py:151} INFO - [2023-10-26T09:44:39.618+0000] {dag.py:3722} INFO - Setting next_dagrun for update_dwh to 2023-10-26T00:00:00+00:00, run_after=2023-10-27T00:00:00+00:00
[2023-10-26T09:44:39.631+0000] {processor.py:179} INFO - Processing /opt/airflow/dags/update_dwh_dag.py took 0.056 seconds
[2023-10-26T09:45:10.265+0000] {processor.py:157} INFO - Started process (PID=649) to work on /opt/airflow/dags/update_dwh_dag.py
[2023-10-26T09:45:10.267+0000] {processor.py:829} INFO - Processing file /opt/airflow/dags/update_dwh_dag.py for tasks to queue
[2023-10-26T09:45:10.268+0000] {logging_mixin.py:151} INFO - [2023-10-26T09:45:10.268+0000] {dagbag.py:536} INFO - Filling up the DagBag from /opt/airflow/dags/update_dwh_dag.py
[2023-10-26T09:45:10.276+0000] {processor.py:839} INFO - DAG(s) dict_keys(['update_dwh']) retrieved from /opt/airflow/dags/update_dwh_dag.py
[2023-10-26T09:45:10.295+0000] {logging_mixin.py:151} INFO - [2023-10-26T09:45:10.295+0000] {dag.py:2941} INFO - Sync 1 DAGs
[2023-10-26T09:45:10.314+0000] {logging_mixin.py:151} INFO - [2023-10-26T09:45:10.314+0000] {dag.py:3722} INFO - Setting next_dagrun for update_dwh to 2023-10-26T00:00:00+00:00, run_after=2023-10-27T00:00:00+00:00
[2023-10-26T09:45:10.328+0000] {processor.py:179} INFO - Processing /opt/airflow/dags/update_dwh_dag.py took 0.065 seconds
[2023-10-26T09:45:41.038+0000] {processor.py:157} INFO - Started process (PID=705) to work on /opt/airflow/dags/update_dwh_dag.py
[2023-10-26T09:45:41.039+0000] {processor.py:829} INFO - Processing file /opt/airflow/dags/update_dwh_dag.py for tasks to queue
[2023-10-26T09:45:41.040+0000] {logging_mixin.py:151} INFO - [2023-10-26T09:45:41.040+0000] {dagbag.py:536} INFO - Filling up the DagBag from /opt/airflow/dags/update_dwh_dag.py
[2023-10-26T09:45:41.047+0000] {processor.py:839} INFO - DAG(s) dict_keys(['update_dwh']) retrieved from /opt/airflow/dags/update_dwh_dag.py
[2023-10-26T09:45:41.061+0000] {logging_mixin.py:151} INFO - [2023-10-26T09:45:41.061+0000] {dag.py:2941} INFO - Sync 1 DAGs
[2023-10-26T09:45:41.075+0000] {logging_mixin.py:151} INFO - [2023-10-26T09:45:41.075+0000] {dag.py:3722} INFO - Setting next_dagrun for update_dwh to 2023-10-26T00:00:00+00:00, run_after=2023-10-27T00:00:00+00:00
[2023-10-26T09:45:41.086+0000] {processor.py:179} INFO - Processing /opt/airflow/dags/update_dwh_dag.py took 0.050 seconds
[2023-10-26T09:46:11.704+0000] {processor.py:157} INFO - Started process (PID=761) to work on /opt/airflow/dags/update_dwh_dag.py
[2023-10-26T09:46:11.707+0000] {processor.py:829} INFO - Processing file /opt/airflow/dags/update_dwh_dag.py for tasks to queue
[2023-10-26T09:46:11.709+0000] {logging_mixin.py:151} INFO - [2023-10-26T09:46:11.708+0000] {dagbag.py:536} INFO - Filling up the DagBag from /opt/airflow/dags/update_dwh_dag.py
[2023-10-26T09:46:11.719+0000] {processor.py:839} INFO - DAG(s) dict_keys(['update_dwh']) retrieved from /opt/airflow/dags/update_dwh_dag.py
[2023-10-26T09:46:11.742+0000] {logging_mixin.py:151} INFO - [2023-10-26T09:46:11.741+0000] {dag.py:2941} INFO - Sync 1 DAGs
[2023-10-26T09:46:11.765+0000] {logging_mixin.py:151} INFO - [2023-10-26T09:46:11.765+0000] {dag.py:3722} INFO - Setting next_dagrun for update_dwh to 2023-10-26T00:00:00+00:00, run_after=2023-10-27T00:00:00+00:00
[2023-10-26T09:46:11.784+0000] {processor.py:179} INFO - Processing /opt/airflow/dags/update_dwh_dag.py took 0.082 seconds
[2023-10-26T09:46:41.915+0000] {processor.py:157} INFO - Started process (PID=818) to work on /opt/airflow/dags/update_dwh_dag.py
[2023-10-26T09:46:41.918+0000] {processor.py:829} INFO - Processing file /opt/airflow/dags/update_dwh_dag.py for tasks to queue
[2023-10-26T09:46:41.919+0000] {logging_mixin.py:151} INFO - [2023-10-26T09:46:41.919+0000] {dagbag.py:536} INFO - Filling up the DagBag from /opt/airflow/dags/update_dwh_dag.py
[2023-10-26T09:46:41.926+0000] {processor.py:839} INFO - DAG(s) dict_keys(['update_dwh']) retrieved from /opt/airflow/dags/update_dwh_dag.py
[2023-10-26T09:46:41.946+0000] {logging_mixin.py:151} INFO - [2023-10-26T09:46:41.946+0000] {dag.py:2941} INFO - Sync 1 DAGs
[2023-10-26T09:46:41.967+0000] {logging_mixin.py:151} INFO - [2023-10-26T09:46:41.967+0000] {dag.py:3722} INFO - Setting next_dagrun for update_dwh to 2023-10-26T00:00:00+00:00, run_after=2023-10-27T00:00:00+00:00
[2023-10-26T09:46:41.983+0000] {processor.py:179} INFO - Processing /opt/airflow/dags/update_dwh_dag.py took 0.070 seconds
[2023-10-26T09:47:12.040+0000] {processor.py:157} INFO - Started process (PID=874) to work on /opt/airflow/dags/update_dwh_dag.py
[2023-10-26T09:47:12.043+0000] {processor.py:829} INFO - Processing file /opt/airflow/dags/update_dwh_dag.py for tasks to queue
[2023-10-26T09:47:12.044+0000] {logging_mixin.py:151} INFO - [2023-10-26T09:47:12.044+0000] {dagbag.py:536} INFO - Filling up the DagBag from /opt/airflow/dags/update_dwh_dag.py
[2023-10-26T09:47:12.051+0000] {processor.py:839} INFO - DAG(s) dict_keys(['update_dwh']) retrieved from /opt/airflow/dags/update_dwh_dag.py
[2023-10-26T09:47:12.066+0000] {logging_mixin.py:151} INFO - [2023-10-26T09:47:12.066+0000] {dag.py:2941} INFO - Sync 1 DAGs
[2023-10-26T09:47:12.083+0000] {logging_mixin.py:151} INFO - [2023-10-26T09:47:12.083+0000] {dag.py:3722} INFO - Setting next_dagrun for update_dwh to 2023-10-26T00:00:00+00:00, run_after=2023-10-27T00:00:00+00:00
[2023-10-26T09:47:12.095+0000] {processor.py:179} INFO - Processing /opt/airflow/dags/update_dwh_dag.py took 0.058 seconds
[2023-10-26T09:47:42.156+0000] {processor.py:157} INFO - Started process (PID=932) to work on /opt/airflow/dags/update_dwh_dag.py
[2023-10-26T09:47:42.156+0000] {processor.py:829} INFO - Processing file /opt/airflow/dags/update_dwh_dag.py for tasks to queue
[2023-10-26T09:47:42.157+0000] {logging_mixin.py:151} INFO - [2023-10-26T09:47:42.157+0000] {dagbag.py:536} INFO - Filling up the DagBag from /opt/airflow/dags/update_dwh_dag.py
[2023-10-26T09:47:42.164+0000] {processor.py:839} INFO - DAG(s) dict_keys(['update_dwh']) retrieved from /opt/airflow/dags/update_dwh_dag.py
[2023-10-26T09:47:42.178+0000] {logging_mixin.py:151} INFO - [2023-10-26T09:47:42.178+0000] {dag.py:2941} INFO - Sync 1 DAGs
[2023-10-26T09:47:42.193+0000] {logging_mixin.py:151} INFO - [2023-10-26T09:47:42.193+0000] {dag.py:3722} INFO - Setting next_dagrun for update_dwh to 2023-10-26T00:00:00+00:00, run_after=2023-10-27T00:00:00+00:00
[2023-10-26T09:47:42.203+0000] {processor.py:179} INFO - Processing /opt/airflow/dags/update_dwh_dag.py took 0.050 seconds
[2023-10-26T09:48:12.235+0000] {processor.py:157} INFO - Started process (PID=988) to work on /opt/airflow/dags/update_dwh_dag.py
[2023-10-26T09:48:12.235+0000] {processor.py:829} INFO - Processing file /opt/airflow/dags/update_dwh_dag.py for tasks to queue
[2023-10-26T09:48:12.236+0000] {logging_mixin.py:151} INFO - [2023-10-26T09:48:12.236+0000] {dagbag.py:536} INFO - Filling up the DagBag from /opt/airflow/dags/update_dwh_dag.py
[2023-10-26T09:48:12.245+0000] {processor.py:839} INFO - DAG(s) dict_keys(['update_dwh']) retrieved from /opt/airflow/dags/update_dwh_dag.py
[2023-10-26T09:48:12.262+0000] {logging_mixin.py:151} INFO - [2023-10-26T09:48:12.261+0000] {dag.py:2941} INFO - Sync 1 DAGs
[2023-10-26T09:48:12.279+0000] {logging_mixin.py:151} INFO - [2023-10-26T09:48:12.279+0000] {dag.py:3722} INFO - Setting next_dagrun for update_dwh to 2023-10-26T00:00:00+00:00, run_after=2023-10-27T00:00:00+00:00
[2023-10-26T09:48:12.290+0000] {processor.py:179} INFO - Processing /opt/airflow/dags/update_dwh_dag.py took 0.057 seconds
[2023-10-26T09:48:42.938+0000] {processor.py:157} INFO - Started process (PID=1043) to work on /opt/airflow/dags/update_dwh_dag.py
[2023-10-26T09:48:42.941+0000] {processor.py:829} INFO - Processing file /opt/airflow/dags/update_dwh_dag.py for tasks to queue
[2023-10-26T09:48:42.942+0000] {logging_mixin.py:151} INFO - [2023-10-26T09:48:42.942+0000] {dagbag.py:536} INFO - Filling up the DagBag from /opt/airflow/dags/update_dwh_dag.py
[2023-10-26T09:48:42.949+0000] {processor.py:839} INFO - DAG(s) dict_keys(['update_dwh']) retrieved from /opt/airflow/dags/update_dwh_dag.py
[2023-10-26T09:48:42.965+0000] {logging_mixin.py:151} INFO - [2023-10-26T09:48:42.965+0000] {dag.py:2941} INFO - Sync 1 DAGs
[2023-10-26T09:48:42.981+0000] {logging_mixin.py:151} INFO - [2023-10-26T09:48:42.981+0000] {dag.py:3722} INFO - Setting next_dagrun for update_dwh to 2023-10-26T00:00:00+00:00, run_after=2023-10-27T00:00:00+00:00
[2023-10-26T09:48:42.993+0000] {processor.py:179} INFO - Processing /opt/airflow/dags/update_dwh_dag.py took 0.057 seconds
[2023-10-26T09:49:13.606+0000] {processor.py:157} INFO - Started process (PID=1099) to work on /opt/airflow/dags/update_dwh_dag.py
[2023-10-26T09:49:13.606+0000] {processor.py:829} INFO - Processing file /opt/airflow/dags/update_dwh_dag.py for tasks to queue
[2023-10-26T09:49:13.607+0000] {logging_mixin.py:151} INFO - [2023-10-26T09:49:13.607+0000] {dagbag.py:536} INFO - Filling up the DagBag from /opt/airflow/dags/update_dwh_dag.py
[2023-10-26T09:49:13.614+0000] {processor.py:839} INFO - DAG(s) dict_keys(['update_dwh']) retrieved from /opt/airflow/dags/update_dwh_dag.py
[2023-10-26T09:49:13.628+0000] {logging_mixin.py:151} INFO - [2023-10-26T09:49:13.628+0000] {dag.py:2941} INFO - Sync 1 DAGs
[2023-10-26T09:49:13.643+0000] {logging_mixin.py:151} INFO - [2023-10-26T09:49:13.643+0000] {dag.py:3722} INFO - Setting next_dagrun for update_dwh to 2023-10-26T00:00:00+00:00, run_after=2023-10-27T00:00:00+00:00
[2023-10-26T09:49:13.654+0000] {processor.py:179} INFO - Processing /opt/airflow/dags/update_dwh_dag.py took 0.051 seconds
[2023-10-26T09:49:43.701+0000] {processor.py:157} INFO - Started process (PID=1155) to work on /opt/airflow/dags/update_dwh_dag.py
[2023-10-26T09:49:43.704+0000] {processor.py:829} INFO - Processing file /opt/airflow/dags/update_dwh_dag.py for tasks to queue
[2023-10-26T09:49:43.705+0000] {logging_mixin.py:151} INFO - [2023-10-26T09:49:43.705+0000] {dagbag.py:536} INFO - Filling up the DagBag from /opt/airflow/dags/update_dwh_dag.py
[2023-10-26T09:49:43.712+0000] {processor.py:839} INFO - DAG(s) dict_keys(['update_dwh']) retrieved from /opt/airflow/dags/update_dwh_dag.py
[2023-10-26T09:49:43.731+0000] {logging_mixin.py:151} INFO - [2023-10-26T09:49:43.731+0000] {dag.py:2941} INFO - Sync 1 DAGs
[2023-10-26T09:49:43.750+0000] {logging_mixin.py:151} INFO - [2023-10-26T09:49:43.750+0000] {dag.py:3722} INFO - Setting next_dagrun for update_dwh to 2023-10-26T00:00:00+00:00, run_after=2023-10-27T00:00:00+00:00
[2023-10-26T09:49:43.764+0000] {processor.py:179} INFO - Processing /opt/airflow/dags/update_dwh_dag.py took 0.064 seconds
[2023-10-26T09:50:14.045+0000] {processor.py:157} INFO - Started process (PID=1211) to work on /opt/airflow/dags/update_dwh_dag.py
[2023-10-26T09:50:14.047+0000] {processor.py:829} INFO - Processing file /opt/airflow/dags/update_dwh_dag.py for tasks to queue
[2023-10-26T09:50:14.049+0000] {logging_mixin.py:151} INFO - [2023-10-26T09:50:14.048+0000] {dagbag.py:536} INFO - Filling up the DagBag from /opt/airflow/dags/update_dwh_dag.py
[2023-10-26T09:50:14.056+0000] {processor.py:839} INFO - DAG(s) dict_keys(['update_dwh']) retrieved from /opt/airflow/dags/update_dwh_dag.py
[2023-10-26T09:50:14.070+0000] {logging_mixin.py:151} INFO - [2023-10-26T09:50:14.070+0000] {dag.py:2941} INFO - Sync 1 DAGs
[2023-10-26T09:50:14.085+0000] {logging_mixin.py:151} INFO - [2023-10-26T09:50:14.085+0000] {dag.py:3722} INFO - Setting next_dagrun for update_dwh to 2023-10-26T00:00:00+00:00, run_after=2023-10-27T00:00:00+00:00
[2023-10-26T09:50:14.096+0000] {processor.py:179} INFO - Processing /opt/airflow/dags/update_dwh_dag.py took 0.053 seconds
[2023-10-26T09:50:44.873+0000] {processor.py:157} INFO - Started process (PID=1267) to work on /opt/airflow/dags/update_dwh_dag.py
[2023-10-26T09:50:44.876+0000] {processor.py:829} INFO - Processing file /opt/airflow/dags/update_dwh_dag.py for tasks to queue
[2023-10-26T09:50:44.878+0000] {logging_mixin.py:151} INFO - [2023-10-26T09:50:44.877+0000] {dagbag.py:536} INFO - Filling up the DagBag from /opt/airflow/dags/update_dwh_dag.py
[2023-10-26T09:50:44.885+0000] {processor.py:839} INFO - DAG(s) dict_keys(['update_dwh']) retrieved from /opt/airflow/dags/update_dwh_dag.py
[2023-10-26T09:50:44.899+0000] {logging_mixin.py:151} INFO - [2023-10-26T09:50:44.899+0000] {dag.py:2941} INFO - Sync 1 DAGs
[2023-10-26T09:50:44.914+0000] {logging_mixin.py:151} INFO - [2023-10-26T09:50:44.914+0000] {dag.py:3722} INFO - Setting next_dagrun for update_dwh to 2023-10-26T00:00:00+00:00, run_after=2023-10-27T00:00:00+00:00
[2023-10-26T09:50:44.925+0000] {processor.py:179} INFO - Processing /opt/airflow/dags/update_dwh_dag.py took 0.056 seconds
[2023-10-26T09:51:15.681+0000] {processor.py:157} INFO - Started process (PID=1324) to work on /opt/airflow/dags/update_dwh_dag.py
[2023-10-26T09:51:15.684+0000] {processor.py:829} INFO - Processing file /opt/airflow/dags/update_dwh_dag.py for tasks to queue
[2023-10-26T09:51:15.685+0000] {logging_mixin.py:151} INFO - [2023-10-26T09:51:15.685+0000] {dagbag.py:536} INFO - Filling up the DagBag from /opt/airflow/dags/update_dwh_dag.py
[2023-10-26T09:51:15.692+0000] {processor.py:839} INFO - DAG(s) dict_keys(['update_dwh']) retrieved from /opt/airflow/dags/update_dwh_dag.py
[2023-10-26T09:51:15.711+0000] {logging_mixin.py:151} INFO - [2023-10-26T09:51:15.711+0000] {dag.py:2941} INFO - Sync 1 DAGs
[2023-10-26T09:51:15.730+0000] {logging_mixin.py:151} INFO - [2023-10-26T09:51:15.730+0000] {dag.py:3722} INFO - Setting next_dagrun for update_dwh to 2023-10-26T00:00:00+00:00, run_after=2023-10-27T00:00:00+00:00
[2023-10-26T09:51:15.743+0000] {processor.py:179} INFO - Processing /opt/airflow/dags/update_dwh_dag.py took 0.063 seconds
[2023-10-26T09:51:46.445+0000] {processor.py:157} INFO - Started process (PID=1381) to work on /opt/airflow/dags/update_dwh_dag.py
[2023-10-26T09:51:46.448+0000] {processor.py:829} INFO - Processing file /opt/airflow/dags/update_dwh_dag.py for tasks to queue
[2023-10-26T09:51:46.449+0000] {logging_mixin.py:151} INFO - [2023-10-26T09:51:46.449+0000] {dagbag.py:536} INFO - Filling up the DagBag from /opt/airflow/dags/update_dwh_dag.py
[2023-10-26T09:51:46.456+0000] {processor.py:839} INFO - DAG(s) dict_keys(['update_dwh']) retrieved from /opt/airflow/dags/update_dwh_dag.py
[2023-10-26T09:51:46.476+0000] {logging_mixin.py:151} INFO - [2023-10-26T09:51:46.475+0000] {dag.py:2941} INFO - Sync 1 DAGs
[2023-10-26T09:51:46.492+0000] {logging_mixin.py:151} INFO - [2023-10-26T09:51:46.492+0000] {dag.py:3722} INFO - Setting next_dagrun for update_dwh to 2023-10-26T00:00:00+00:00, run_after=2023-10-27T00:00:00+00:00
[2023-10-26T09:51:46.504+0000] {processor.py:179} INFO - Processing /opt/airflow/dags/update_dwh_dag.py took 0.060 seconds
[2023-10-26T09:52:17.204+0000] {processor.py:157} INFO - Started process (PID=1437) to work on /opt/airflow/dags/update_dwh_dag.py
[2023-10-26T09:52:17.205+0000] {processor.py:829} INFO - Processing file /opt/airflow/dags/update_dwh_dag.py for tasks to queue
[2023-10-26T09:52:17.206+0000] {logging_mixin.py:151} INFO - [2023-10-26T09:52:17.206+0000] {dagbag.py:536} INFO - Filling up the DagBag from /opt/airflow/dags/update_dwh_dag.py
[2023-10-26T09:52:17.213+0000] {processor.py:839} INFO - DAG(s) dict_keys(['update_dwh']) retrieved from /opt/airflow/dags/update_dwh_dag.py
[2023-10-26T09:52:17.228+0000] {logging_mixin.py:151} INFO - [2023-10-26T09:52:17.228+0000] {dag.py:2941} INFO - Sync 1 DAGs
[2023-10-26T09:52:17.247+0000] {logging_mixin.py:151} INFO - [2023-10-26T09:52:17.247+0000] {dag.py:3722} INFO - Setting next_dagrun for update_dwh to 2023-10-26T00:00:00+00:00, run_after=2023-10-27T00:00:00+00:00
[2023-10-26T09:52:17.260+0000] {processor.py:179} INFO - Processing /opt/airflow/dags/update_dwh_dag.py took 0.057 seconds
[2023-10-26T09:52:47.991+0000] {processor.py:157} INFO - Started process (PID=1493) to work on /opt/airflow/dags/update_dwh_dag.py
[2023-10-26T09:52:47.993+0000] {processor.py:829} INFO - Processing file /opt/airflow/dags/update_dwh_dag.py for tasks to queue
[2023-10-26T09:52:47.995+0000] {logging_mixin.py:151} INFO - [2023-10-26T09:52:47.995+0000] {dagbag.py:536} INFO - Filling up the DagBag from /opt/airflow/dags/update_dwh_dag.py
[2023-10-26T09:52:48.002+0000] {processor.py:839} INFO - DAG(s) dict_keys(['update_dwh']) retrieved from /opt/airflow/dags/update_dwh_dag.py
[2023-10-26T09:52:48.017+0000] {logging_mixin.py:151} INFO - [2023-10-26T09:52:48.017+0000] {dag.py:2941} INFO - Sync 1 DAGs
[2023-10-26T09:52:48.034+0000] {logging_mixin.py:151} INFO - [2023-10-26T09:52:48.033+0000] {dag.py:3722} INFO - Setting next_dagrun for update_dwh to 2023-10-26T00:00:00+00:00, run_after=2023-10-27T00:00:00+00:00
[2023-10-26T09:52:48.046+0000] {processor.py:179} INFO - Processing /opt/airflow/dags/update_dwh_dag.py took 0.058 seconds
[2023-10-26T09:53:18.705+0000] {processor.py:157} INFO - Started process (PID=1549) to work on /opt/airflow/dags/update_dwh_dag.py
[2023-10-26T09:53:18.708+0000] {processor.py:829} INFO - Processing file /opt/airflow/dags/update_dwh_dag.py for tasks to queue
[2023-10-26T09:53:18.709+0000] {logging_mixin.py:151} INFO - [2023-10-26T09:53:18.709+0000] {dagbag.py:536} INFO - Filling up the DagBag from /opt/airflow/dags/update_dwh_dag.py
[2023-10-26T09:53:18.716+0000] {processor.py:839} INFO - DAG(s) dict_keys(['update_dwh']) retrieved from /opt/airflow/dags/update_dwh_dag.py
[2023-10-26T09:53:18.735+0000] {logging_mixin.py:151} INFO - [2023-10-26T09:53:18.735+0000] {dag.py:2941} INFO - Sync 1 DAGs
[2023-10-26T09:53:18.754+0000] {logging_mixin.py:151} INFO - [2023-10-26T09:53:18.754+0000] {dag.py:3722} INFO - Setting next_dagrun for update_dwh to 2023-10-26T00:00:00+00:00, run_after=2023-10-27T00:00:00+00:00
[2023-10-26T09:53:18.767+0000] {processor.py:179} INFO - Processing /opt/airflow/dags/update_dwh_dag.py took 0.064 seconds
[2023-10-26T09:53:49.418+0000] {processor.py:157} INFO - Started process (PID=1606) to work on /opt/airflow/dags/update_dwh_dag.py
[2023-10-26T09:53:49.421+0000] {processor.py:829} INFO - Processing file /opt/airflow/dags/update_dwh_dag.py for tasks to queue
[2023-10-26T09:53:49.422+0000] {logging_mixin.py:151} INFO - [2023-10-26T09:53:49.422+0000] {dagbag.py:536} INFO - Filling up the DagBag from /opt/airflow/dags/update_dwh_dag.py
[2023-10-26T09:53:49.429+0000] {processor.py:839} INFO - DAG(s) dict_keys(['update_dwh']) retrieved from /opt/airflow/dags/update_dwh_dag.py
[2023-10-26T09:53:49.445+0000] {logging_mixin.py:151} INFO - [2023-10-26T09:53:49.445+0000] {dag.py:2941} INFO - Sync 1 DAGs
[2023-10-26T09:53:49.460+0000] {logging_mixin.py:151} INFO - [2023-10-26T09:53:49.459+0000] {dag.py:3722} INFO - Setting next_dagrun for update_dwh to 2023-10-26T00:00:00+00:00, run_after=2023-10-27T00:00:00+00:00
[2023-10-26T09:53:49.471+0000] {processor.py:179} INFO - Processing /opt/airflow/dags/update_dwh_dag.py took 0.055 seconds
[2023-10-26T09:54:19.748+0000] {processor.py:157} INFO - Started process (PID=1663) to work on /opt/airflow/dags/update_dwh_dag.py
[2023-10-26T09:54:19.751+0000] {processor.py:829} INFO - Processing file /opt/airflow/dags/update_dwh_dag.py for tasks to queue
[2023-10-26T09:54:19.752+0000] {logging_mixin.py:151} INFO - [2023-10-26T09:54:19.752+0000] {dagbag.py:536} INFO - Filling up the DagBag from /opt/airflow/dags/update_dwh_dag.py
[2023-10-26T09:54:19.762+0000] {processor.py:839} INFO - DAG(s) dict_keys(['update_dwh']) retrieved from /opt/airflow/dags/update_dwh_dag.py
[2023-10-26T09:54:19.777+0000] {logging_mixin.py:151} INFO - [2023-10-26T09:54:19.777+0000] {dag.py:2941} INFO - Sync 1 DAGs
[2023-10-26T09:54:19.791+0000] {logging_mixin.py:151} INFO - [2023-10-26T09:54:19.791+0000] {dag.py:3722} INFO - Setting next_dagrun for update_dwh to 2023-10-26T00:00:00+00:00, run_after=2023-10-27T00:00:00+00:00
[2023-10-26T09:54:19.802+0000] {processor.py:179} INFO - Processing /opt/airflow/dags/update_dwh_dag.py took 0.057 seconds
[2023-10-26T09:54:49.926+0000] {processor.py:157} INFO - Started process (PID=1719) to work on /opt/airflow/dags/update_dwh_dag.py
[2023-10-26T09:54:49.926+0000] {processor.py:829} INFO - Processing file /opt/airflow/dags/update_dwh_dag.py for tasks to queue
[2023-10-26T09:54:49.928+0000] {logging_mixin.py:151} INFO - [2023-10-26T09:54:49.927+0000] {dagbag.py:536} INFO - Filling up the DagBag from /opt/airflow/dags/update_dwh_dag.py
[2023-10-26T09:54:49.934+0000] {processor.py:839} INFO - DAG(s) dict_keys(['update_dwh']) retrieved from /opt/airflow/dags/update_dwh_dag.py
[2023-10-26T09:54:49.954+0000] {logging_mixin.py:151} INFO - [2023-10-26T09:54:49.953+0000] {dag.py:2941} INFO - Sync 1 DAGs
[2023-10-26T09:54:49.972+0000] {logging_mixin.py:151} INFO - [2023-10-26T09:54:49.971+0000] {dag.py:3722} INFO - Setting next_dagrun for update_dwh to 2023-10-26T00:00:00+00:00, run_after=2023-10-27T00:00:00+00:00
[2023-10-26T09:54:49.983+0000] {processor.py:179} INFO - Processing /opt/airflow/dags/update_dwh_dag.py took 0.059 seconds
[2023-10-26T09:55:20.082+0000] {processor.py:157} INFO - Started process (PID=1775) to work on /opt/airflow/dags/update_dwh_dag.py
[2023-10-26T09:55:20.085+0000] {processor.py:829} INFO - Processing file /opt/airflow/dags/update_dwh_dag.py for tasks to queue
[2023-10-26T09:55:20.086+0000] {logging_mixin.py:151} INFO - [2023-10-26T09:55:20.086+0000] {dagbag.py:536} INFO - Filling up the DagBag from /opt/airflow/dags/update_dwh_dag.py
[2023-10-26T09:55:20.093+0000] {processor.py:839} INFO - DAG(s) dict_keys(['update_dwh']) retrieved from /opt/airflow/dags/update_dwh_dag.py
[2023-10-26T09:55:20.109+0000] {logging_mixin.py:151} INFO - [2023-10-26T09:55:20.108+0000] {dag.py:2941} INFO - Sync 1 DAGs
[2023-10-26T09:55:20.124+0000] {logging_mixin.py:151} INFO - [2023-10-26T09:55:20.124+0000] {dag.py:3722} INFO - Setting next_dagrun for update_dwh to 2023-10-26T00:00:00+00:00, run_after=2023-10-27T00:00:00+00:00
[2023-10-26T09:55:20.136+0000] {processor.py:179} INFO - Processing /opt/airflow/dags/update_dwh_dag.py took 0.055 seconds
[2023-10-26T09:55:50.990+0000] {processor.py:157} INFO - Started process (PID=1831) to work on /opt/airflow/dags/update_dwh_dag.py
[2023-10-26T09:55:50.993+0000] {processor.py:829} INFO - Processing file /opt/airflow/dags/update_dwh_dag.py for tasks to queue
[2023-10-26T09:55:50.994+0000] {logging_mixin.py:151} INFO - [2023-10-26T09:55:50.994+0000] {dagbag.py:536} INFO - Filling up the DagBag from /opt/airflow/dags/update_dwh_dag.py
[2023-10-26T09:55:51.001+0000] {processor.py:839} INFO - DAG(s) dict_keys(['update_dwh']) retrieved from /opt/airflow/dags/update_dwh_dag.py
[2023-10-26T09:55:51.016+0000] {logging_mixin.py:151} INFO - [2023-10-26T09:55:51.016+0000] {dag.py:2941} INFO - Sync 1 DAGs
[2023-10-26T09:55:51.126+0000] {logging_mixin.py:151} INFO - [2023-10-26T09:55:51.126+0000] {dag.py:3722} INFO - Setting next_dagrun for update_dwh to 2023-10-26T00:00:00+00:00, run_after=2023-10-27T00:00:00+00:00
[2023-10-26T09:55:51.137+0000] {processor.py:179} INFO - Processing /opt/airflow/dags/update_dwh_dag.py took 0.149 seconds
[2023-10-26T09:56:21.749+0000] {processor.py:157} INFO - Started process (PID=1887) to work on /opt/airflow/dags/update_dwh_dag.py
[2023-10-26T09:56:21.750+0000] {processor.py:829} INFO - Processing file /opt/airflow/dags/update_dwh_dag.py for tasks to queue
[2023-10-26T09:56:21.751+0000] {logging_mixin.py:151} INFO - [2023-10-26T09:56:21.751+0000] {dagbag.py:536} INFO - Filling up the DagBag from /opt/airflow/dags/update_dwh_dag.py
[2023-10-26T09:56:21.758+0000] {processor.py:839} INFO - DAG(s) dict_keys(['update_dwh']) retrieved from /opt/airflow/dags/update_dwh_dag.py
[2023-10-26T09:56:21.772+0000] {logging_mixin.py:151} INFO - [2023-10-26T09:56:21.772+0000] {dag.py:2941} INFO - Sync 1 DAGs
[2023-10-26T09:56:21.787+0000] {logging_mixin.py:151} INFO - [2023-10-26T09:56:21.786+0000] {dag.py:3722} INFO - Setting next_dagrun for update_dwh to 2023-10-26T00:00:00+00:00, run_after=2023-10-27T00:00:00+00:00
[2023-10-26T09:56:21.889+0000] {processor.py:179} INFO - Processing /opt/airflow/dags/update_dwh_dag.py took 0.141 seconds
[2023-10-26T09:56:52.322+0000] {processor.py:157} INFO - Started process (PID=1943) to work on /opt/airflow/dags/update_dwh_dag.py
[2023-10-26T09:56:52.325+0000] {processor.py:829} INFO - Processing file /opt/airflow/dags/update_dwh_dag.py for tasks to queue
[2023-10-26T09:56:52.326+0000] {logging_mixin.py:151} INFO - [2023-10-26T09:56:52.326+0000] {dagbag.py:536} INFO - Filling up the DagBag from /opt/airflow/dags/update_dwh_dag.py
[2023-10-26T09:56:52.334+0000] {processor.py:839} INFO - DAG(s) dict_keys(['update_dwh']) retrieved from /opt/airflow/dags/update_dwh_dag.py
[2023-10-26T09:56:52.351+0000] {logging_mixin.py:151} INFO - [2023-10-26T09:56:52.351+0000] {dag.py:2941} INFO - Sync 1 DAGs
[2023-10-26T09:56:52.371+0000] {logging_mixin.py:151} INFO - [2023-10-26T09:56:52.370+0000] {dag.py:3722} INFO - Setting next_dagrun for update_dwh to 2023-10-26T00:00:00+00:00, run_after=2023-10-27T00:00:00+00:00
[2023-10-26T09:56:52.384+0000] {processor.py:179} INFO - Processing /opt/airflow/dags/update_dwh_dag.py took 0.063 seconds
[2023-10-26T09:57:22.563+0000] {processor.py:157} INFO - Started process (PID=1998) to work on /opt/airflow/dags/update_dwh_dag.py
[2023-10-26T09:57:22.566+0000] {processor.py:829} INFO - Processing file /opt/airflow/dags/update_dwh_dag.py for tasks to queue
[2023-10-26T09:57:22.567+0000] {logging_mixin.py:151} INFO - [2023-10-26T09:57:22.567+0000] {dagbag.py:536} INFO - Filling up the DagBag from /opt/airflow/dags/update_dwh_dag.py
[2023-10-26T09:57:22.574+0000] {processor.py:839} INFO - DAG(s) dict_keys(['update_dwh']) retrieved from /opt/airflow/dags/update_dwh_dag.py
[2023-10-26T09:57:22.590+0000] {logging_mixin.py:151} INFO - [2023-10-26T09:57:22.589+0000] {dag.py:2941} INFO - Sync 1 DAGs
[2023-10-26T09:57:22.604+0000] {logging_mixin.py:151} INFO - [2023-10-26T09:57:22.604+0000] {dag.py:3722} INFO - Setting next_dagrun for update_dwh to 2023-10-26T00:00:00+00:00, run_after=2023-10-27T00:00:00+00:00
[2023-10-26T09:57:22.616+0000] {processor.py:179} INFO - Processing /opt/airflow/dags/update_dwh_dag.py took 0.055 seconds
[2023-10-26T09:57:52.667+0000] {processor.py:157} INFO - Started process (PID=2054) to work on /opt/airflow/dags/update_dwh_dag.py
[2023-10-26T09:57:52.668+0000] {processor.py:829} INFO - Processing file /opt/airflow/dags/update_dwh_dag.py for tasks to queue
[2023-10-26T09:57:52.669+0000] {logging_mixin.py:151} INFO - [2023-10-26T09:57:52.669+0000] {dagbag.py:536} INFO - Filling up the DagBag from /opt/airflow/dags/update_dwh_dag.py
[2023-10-26T09:57:52.679+0000] {processor.py:839} INFO - DAG(s) dict_keys(['update_dwh']) retrieved from /opt/airflow/dags/update_dwh_dag.py
[2023-10-26T09:57:52.695+0000] {logging_mixin.py:151} INFO - [2023-10-26T09:57:52.695+0000] {dag.py:2941} INFO - Sync 1 DAGs
[2023-10-26T09:57:52.711+0000] {logging_mixin.py:151} INFO - [2023-10-26T09:57:52.711+0000] {dag.py:3722} INFO - Setting next_dagrun for update_dwh to 2023-10-26T00:00:00+00:00, run_after=2023-10-27T00:00:00+00:00
[2023-10-26T09:57:52.723+0000] {processor.py:179} INFO - Processing /opt/airflow/dags/update_dwh_dag.py took 0.059 seconds
[2023-10-26T09:58:22.799+0000] {processor.py:157} INFO - Started process (PID=2110) to work on /opt/airflow/dags/update_dwh_dag.py
[2023-10-26T09:58:22.799+0000] {processor.py:829} INFO - Processing file /opt/airflow/dags/update_dwh_dag.py for tasks to queue
[2023-10-26T09:58:22.801+0000] {logging_mixin.py:151} INFO - [2023-10-26T09:58:22.801+0000] {dagbag.py:536} INFO - Filling up the DagBag from /opt/airflow/dags/update_dwh_dag.py
[2023-10-26T09:58:22.809+0000] {processor.py:839} INFO - DAG(s) dict_keys(['update_dwh']) retrieved from /opt/airflow/dags/update_dwh_dag.py
[2023-10-26T09:58:22.915+0000] {logging_mixin.py:151} INFO - [2023-10-26T09:58:22.915+0000] {dag.py:2941} INFO - Sync 1 DAGs
[2023-10-26T09:58:22.928+0000] {logging_mixin.py:151} INFO - [2023-10-26T09:58:22.928+0000] {dag.py:3722} INFO - Setting next_dagrun for update_dwh to 2023-10-26T00:00:00+00:00, run_after=2023-10-27T00:00:00+00:00
[2023-10-26T09:58:22.938+0000] {processor.py:179} INFO - Processing /opt/airflow/dags/update_dwh_dag.py took 0.144 seconds
[2023-10-26T09:58:53.407+0000] {processor.py:157} INFO - Started process (PID=2173) to work on /opt/airflow/dags/update_dwh_dag.py
[2023-10-26T09:58:53.410+0000] {processor.py:829} INFO - Processing file /opt/airflow/dags/update_dwh_dag.py for tasks to queue
[2023-10-26T09:58:53.411+0000] {logging_mixin.py:151} INFO - [2023-10-26T09:58:53.411+0000] {dagbag.py:536} INFO - Filling up the DagBag from /opt/airflow/dags/update_dwh_dag.py
[2023-10-26T09:58:53.420+0000] {processor.py:839} INFO - DAG(s) dict_keys(['update_dwh']) retrieved from /opt/airflow/dags/update_dwh_dag.py
[2023-10-26T09:58:53.435+0000] {logging_mixin.py:151} INFO - [2023-10-26T09:58:53.434+0000] {dag.py:2941} INFO - Sync 1 DAGs
[2023-10-26T09:58:53.453+0000] {logging_mixin.py:151} INFO - [2023-10-26T09:58:53.452+0000] {dag.py:3722} INFO - Setting next_dagrun for update_dwh to 2023-10-26T00:00:00+00:00, run_after=2023-10-27T00:00:00+00:00
[2023-10-26T09:58:53.466+0000] {processor.py:179} INFO - Processing /opt/airflow/dags/update_dwh_dag.py took 0.063 seconds
[2023-10-26T09:59:24.316+0000] {processor.py:157} INFO - Started process (PID=2229) to work on /opt/airflow/dags/update_dwh_dag.py
[2023-10-26T09:59:24.317+0000] {processor.py:829} INFO - Processing file /opt/airflow/dags/update_dwh_dag.py for tasks to queue
[2023-10-26T09:59:24.319+0000] {logging_mixin.py:151} INFO - [2023-10-26T09:59:24.319+0000] {dagbag.py:536} INFO - Filling up the DagBag from /opt/airflow/dags/update_dwh_dag.py
[2023-10-26T09:59:24.327+0000] {processor.py:839} INFO - DAG(s) dict_keys(['update_dwh']) retrieved from /opt/airflow/dags/update_dwh_dag.py
[2023-10-26T09:59:24.345+0000] {logging_mixin.py:151} INFO - [2023-10-26T09:59:24.345+0000] {dag.py:2941} INFO - Sync 1 DAGs
[2023-10-26T09:59:24.362+0000] {logging_mixin.py:151} INFO - [2023-10-26T09:59:24.362+0000] {dag.py:3722} INFO - Setting next_dagrun for update_dwh to 2023-10-26T00:00:00+00:00, run_after=2023-10-27T00:00:00+00:00
[2023-10-26T09:59:24.374+0000] {processor.py:179} INFO - Processing /opt/airflow/dags/update_dwh_dag.py took 0.060 seconds
[2023-10-26T09:59:55.031+0000] {processor.py:157} INFO - Started process (PID=2285) to work on /opt/airflow/dags/update_dwh_dag.py
[2023-10-26T09:59:55.033+0000] {processor.py:829} INFO - Processing file /opt/airflow/dags/update_dwh_dag.py for tasks to queue
[2023-10-26T09:59:55.034+0000] {logging_mixin.py:151} INFO - [2023-10-26T09:59:55.034+0000] {dagbag.py:536} INFO - Filling up the DagBag from /opt/airflow/dags/update_dwh_dag.py
[2023-10-26T09:59:55.042+0000] {processor.py:839} INFO - DAG(s) dict_keys(['update_dwh']) retrieved from /opt/airflow/dags/update_dwh_dag.py
[2023-10-26T09:59:55.057+0000] {logging_mixin.py:151} INFO - [2023-10-26T09:59:55.056+0000] {dag.py:2941} INFO - Sync 1 DAGs
[2023-10-26T09:59:55.071+0000] {logging_mixin.py:151} INFO - [2023-10-26T09:59:55.071+0000] {dag.py:3722} INFO - Setting next_dagrun for update_dwh to 2023-10-26T00:00:00+00:00, run_after=2023-10-27T00:00:00+00:00
[2023-10-26T09:59:55.085+0000] {processor.py:179} INFO - Processing /opt/airflow/dags/update_dwh_dag.py took 0.056 seconds
[2023-10-26T10:00:25.771+0000] {processor.py:157} INFO - Started process (PID=2341) to work on /opt/airflow/dags/update_dwh_dag.py
[2023-10-26T10:00:25.773+0000] {processor.py:829} INFO - Processing file /opt/airflow/dags/update_dwh_dag.py for tasks to queue
[2023-10-26T10:00:25.775+0000] {logging_mixin.py:151} INFO - [2023-10-26T10:00:25.774+0000] {dagbag.py:536} INFO - Filling up the DagBag from /opt/airflow/dags/update_dwh_dag.py
[2023-10-26T10:00:25.782+0000] {processor.py:839} INFO - DAG(s) dict_keys(['update_dwh']) retrieved from /opt/airflow/dags/update_dwh_dag.py
[2023-10-26T10:00:25.797+0000] {logging_mixin.py:151} INFO - [2023-10-26T10:00:25.797+0000] {dag.py:2941} INFO - Sync 1 DAGs
[2023-10-26T10:00:25.815+0000] {logging_mixin.py:151} INFO - [2023-10-26T10:00:25.815+0000] {dag.py:3722} INFO - Setting next_dagrun for update_dwh to 2023-10-26T00:00:00+00:00, run_after=2023-10-27T00:00:00+00:00
[2023-10-26T10:00:25.828+0000] {processor.py:179} INFO - Processing /opt/airflow/dags/update_dwh_dag.py took 0.060 seconds
[2023-10-26T10:00:56.517+0000] {processor.py:157} INFO - Started process (PID=2397) to work on /opt/airflow/dags/update_dwh_dag.py
[2023-10-26T10:00:56.520+0000] {processor.py:829} INFO - Processing file /opt/airflow/dags/update_dwh_dag.py for tasks to queue
[2023-10-26T10:00:56.521+0000] {logging_mixin.py:151} INFO - [2023-10-26T10:00:56.521+0000] {dagbag.py:536} INFO - Filling up the DagBag from /opt/airflow/dags/update_dwh_dag.py
[2023-10-26T10:00:56.528+0000] {processor.py:839} INFO - DAG(s) dict_keys(['update_dwh']) retrieved from /opt/airflow/dags/update_dwh_dag.py
[2023-10-26T10:00:56.545+0000] {logging_mixin.py:151} INFO - [2023-10-26T10:00:56.545+0000] {dag.py:2941} INFO - Sync 1 DAGs
[2023-10-26T10:00:56.561+0000] {logging_mixin.py:151} INFO - [2023-10-26T10:00:56.560+0000] {dag.py:3722} INFO - Setting next_dagrun for update_dwh to 2023-10-26T00:00:00+00:00, run_after=2023-10-27T00:00:00+00:00
[2023-10-26T10:00:56.573+0000] {processor.py:179} INFO - Processing /opt/airflow/dags/update_dwh_dag.py took 0.057 seconds
[2023-10-26T10:01:27.307+0000] {processor.py:157} INFO - Started process (PID=2453) to work on /opt/airflow/dags/update_dwh_dag.py
[2023-10-26T10:01:27.309+0000] {processor.py:829} INFO - Processing file /opt/airflow/dags/update_dwh_dag.py for tasks to queue
[2023-10-26T10:01:27.311+0000] {logging_mixin.py:151} INFO - [2023-10-26T10:01:27.311+0000] {dagbag.py:536} INFO - Filling up the DagBag from /opt/airflow/dags/update_dwh_dag.py
[2023-10-26T10:01:27.318+0000] {processor.py:839} INFO - DAG(s) dict_keys(['update_dwh']) retrieved from /opt/airflow/dags/update_dwh_dag.py
[2023-10-26T10:01:27.333+0000] {logging_mixin.py:151} INFO - [2023-10-26T10:01:27.333+0000] {dag.py:2941} INFO - Sync 1 DAGs
[2023-10-26T10:01:27.349+0000] {logging_mixin.py:151} INFO - [2023-10-26T10:01:27.349+0000] {dag.py:3722} INFO - Setting next_dagrun for update_dwh to 2023-10-26T00:00:00+00:00, run_after=2023-10-27T00:00:00+00:00
[2023-10-26T10:01:27.361+0000] {processor.py:179} INFO - Processing /opt/airflow/dags/update_dwh_dag.py took 0.057 seconds
[2023-10-26T10:01:58.093+0000] {processor.py:157} INFO - Started process (PID=2509) to work on /opt/airflow/dags/update_dwh_dag.py
[2023-10-26T10:01:58.096+0000] {processor.py:829} INFO - Processing file /opt/airflow/dags/update_dwh_dag.py for tasks to queue
[2023-10-26T10:01:58.097+0000] {logging_mixin.py:151} INFO - [2023-10-26T10:01:58.097+0000] {dagbag.py:536} INFO - Filling up the DagBag from /opt/airflow/dags/update_dwh_dag.py
[2023-10-26T10:01:58.105+0000] {processor.py:839} INFO - DAG(s) dict_keys(['update_dwh']) retrieved from /opt/airflow/dags/update_dwh_dag.py
[2023-10-26T10:01:58.119+0000] {logging_mixin.py:151} INFO - [2023-10-26T10:01:58.119+0000] {dag.py:2941} INFO - Sync 1 DAGs
[2023-10-26T10:01:58.136+0000] {logging_mixin.py:151} INFO - [2023-10-26T10:01:58.135+0000] {dag.py:3722} INFO - Setting next_dagrun for update_dwh to 2023-10-26T00:00:00+00:00, run_after=2023-10-27T00:00:00+00:00
[2023-10-26T10:01:58.148+0000] {processor.py:179} INFO - Processing /opt/airflow/dags/update_dwh_dag.py took 0.057 seconds
[2023-10-26T10:02:28.844+0000] {processor.py:157} INFO - Started process (PID=2565) to work on /opt/airflow/dags/update_dwh_dag.py
[2023-10-26T10:02:28.847+0000] {processor.py:829} INFO - Processing file /opt/airflow/dags/update_dwh_dag.py for tasks to queue
[2023-10-26T10:02:28.849+0000] {logging_mixin.py:151} INFO - [2023-10-26T10:02:28.848+0000] {dagbag.py:536} INFO - Filling up the DagBag from /opt/airflow/dags/update_dwh_dag.py
[2023-10-26T10:02:28.859+0000] {processor.py:839} INFO - DAG(s) dict_keys(['update_dwh']) retrieved from /opt/airflow/dags/update_dwh_dag.py
[2023-10-26T10:02:28.881+0000] {logging_mixin.py:151} INFO - [2023-10-26T10:02:28.881+0000] {dag.py:2941} INFO - Sync 1 DAGs
[2023-10-26T10:02:28.905+0000] {logging_mixin.py:151} INFO - [2023-10-26T10:02:28.904+0000] {dag.py:3722} INFO - Setting next_dagrun for update_dwh to 2023-10-26T00:00:00+00:00, run_after=2023-10-27T00:00:00+00:00
[2023-10-26T10:02:28.916+0000] {processor.py:179} INFO - Processing /opt/airflow/dags/update_dwh_dag.py took 0.074 seconds
[2023-10-26T10:02:59.623+0000] {processor.py:157} INFO - Started process (PID=2621) to work on /opt/airflow/dags/update_dwh_dag.py
[2023-10-26T10:02:59.624+0000] {processor.py:829} INFO - Processing file /opt/airflow/dags/update_dwh_dag.py for tasks to queue
[2023-10-26T10:02:59.626+0000] {logging_mixin.py:151} INFO - [2023-10-26T10:02:59.625+0000] {dagbag.py:536} INFO - Filling up the DagBag from /opt/airflow/dags/update_dwh_dag.py
[2023-10-26T10:02:59.646+0000] {processor.py:839} INFO - DAG(s) dict_keys(['update_dwh']) retrieved from /opt/airflow/dags/update_dwh_dag.py
[2023-10-26T10:02:59.667+0000] {logging_mixin.py:151} INFO - [2023-10-26T10:02:59.667+0000] {dag.py:2941} INFO - Sync 1 DAGs
[2023-10-26T10:02:59.689+0000] {logging_mixin.py:151} INFO - [2023-10-26T10:02:59.688+0000] {dag.py:3722} INFO - Setting next_dagrun for update_dwh to 2023-10-26T00:00:00+00:00, run_after=2023-10-27T00:00:00+00:00
[2023-10-26T10:02:59.706+0000] {processor.py:179} INFO - Processing /opt/airflow/dags/update_dwh_dag.py took 0.085 seconds
[2023-10-26T10:03:30.429+0000] {processor.py:157} INFO - Started process (PID=2678) to work on /opt/airflow/dags/update_dwh_dag.py
[2023-10-26T10:03:30.429+0000] {processor.py:829} INFO - Processing file /opt/airflow/dags/update_dwh_dag.py for tasks to queue
[2023-10-26T10:03:30.431+0000] {logging_mixin.py:151} INFO - [2023-10-26T10:03:30.430+0000] {dagbag.py:536} INFO - Filling up the DagBag from /opt/airflow/dags/update_dwh_dag.py
[2023-10-26T10:03:30.438+0000] {processor.py:839} INFO - DAG(s) dict_keys(['update_dwh']) retrieved from /opt/airflow/dags/update_dwh_dag.py
[2023-10-26T10:03:30.457+0000] {logging_mixin.py:151} INFO - [2023-10-26T10:03:30.457+0000] {dag.py:2941} INFO - Sync 1 DAGs
[2023-10-26T10:03:30.476+0000] {logging_mixin.py:151} INFO - [2023-10-26T10:03:30.476+0000] {dag.py:3722} INFO - Setting next_dagrun for update_dwh to 2023-10-26T00:00:00+00:00, run_after=2023-10-27T00:00:00+00:00
[2023-10-26T10:03:30.490+0000] {processor.py:179} INFO - Processing /opt/airflow/dags/update_dwh_dag.py took 0.064 seconds
[2023-10-26T10:04:01.282+0000] {processor.py:157} INFO - Started process (PID=2734) to work on /opt/airflow/dags/update_dwh_dag.py
[2023-10-26T10:04:01.284+0000] {processor.py:829} INFO - Processing file /opt/airflow/dags/update_dwh_dag.py for tasks to queue
[2023-10-26T10:04:01.285+0000] {logging_mixin.py:151} INFO - [2023-10-26T10:04:01.285+0000] {dagbag.py:536} INFO - Filling up the DagBag from /opt/airflow/dags/update_dwh_dag.py
[2023-10-26T10:04:01.293+0000] {processor.py:839} INFO - DAG(s) dict_keys(['update_dwh']) retrieved from /opt/airflow/dags/update_dwh_dag.py
[2023-10-26T10:04:01.307+0000] {logging_mixin.py:151} INFO - [2023-10-26T10:04:01.307+0000] {dag.py:2941} INFO - Sync 1 DAGs
[2023-10-26T10:04:01.323+0000] {logging_mixin.py:151} INFO - [2023-10-26T10:04:01.323+0000] {dag.py:3722} INFO - Setting next_dagrun for update_dwh to 2023-10-26T00:00:00+00:00, run_after=2023-10-27T00:00:00+00:00
[2023-10-26T10:04:01.336+0000] {processor.py:179} INFO - Processing /opt/airflow/dags/update_dwh_dag.py took 0.057 seconds
[2023-10-26T10:04:32.121+0000] {processor.py:157} INFO - Started process (PID=2790) to work on /opt/airflow/dags/update_dwh_dag.py
[2023-10-26T10:04:32.122+0000] {processor.py:829} INFO - Processing file /opt/airflow/dags/update_dwh_dag.py for tasks to queue
[2023-10-26T10:04:32.123+0000] {logging_mixin.py:151} INFO - [2023-10-26T10:04:32.123+0000] {dagbag.py:536} INFO - Filling up the DagBag from /opt/airflow/dags/update_dwh_dag.py
[2023-10-26T10:04:32.130+0000] {processor.py:839} INFO - DAG(s) dict_keys(['update_dwh']) retrieved from /opt/airflow/dags/update_dwh_dag.py
[2023-10-26T10:04:32.150+0000] {logging_mixin.py:151} INFO - [2023-10-26T10:04:32.150+0000] {dag.py:2941} INFO - Sync 1 DAGs
[2023-10-26T10:04:32.170+0000] {logging_mixin.py:151} INFO - [2023-10-26T10:04:32.170+0000] {dag.py:3722} INFO - Setting next_dagrun for update_dwh to 2023-10-26T00:00:00+00:00, run_after=2023-10-27T00:00:00+00:00
[2023-10-26T10:04:32.183+0000] {processor.py:179} INFO - Processing /opt/airflow/dags/update_dwh_dag.py took 0.065 seconds
[2023-10-26T10:05:02.932+0000] {processor.py:157} INFO - Started process (PID=2846) to work on /opt/airflow/dags/update_dwh_dag.py
[2023-10-26T10:05:02.935+0000] {processor.py:829} INFO - Processing file /opt/airflow/dags/update_dwh_dag.py for tasks to queue
[2023-10-26T10:05:02.936+0000] {logging_mixin.py:151} INFO - [2023-10-26T10:05:02.936+0000] {dagbag.py:536} INFO - Filling up the DagBag from /opt/airflow/dags/update_dwh_dag.py
[2023-10-26T10:05:02.943+0000] {processor.py:839} INFO - DAG(s) dict_keys(['update_dwh']) retrieved from /opt/airflow/dags/update_dwh_dag.py
[2023-10-26T10:05:02.958+0000] {logging_mixin.py:151} INFO - [2023-10-26T10:05:02.958+0000] {dag.py:2941} INFO - Sync 1 DAGs
[2023-10-26T10:05:02.973+0000] {logging_mixin.py:151} INFO - [2023-10-26T10:05:02.973+0000] {dag.py:3722} INFO - Setting next_dagrun for update_dwh to 2023-10-26T00:00:00+00:00, run_after=2023-10-27T00:00:00+00:00
[2023-10-26T10:05:02.984+0000] {processor.py:179} INFO - Processing /opt/airflow/dags/update_dwh_dag.py took 0.053 seconds
[2023-10-26T10:05:33.698+0000] {processor.py:157} INFO - Started process (PID=2902) to work on /opt/airflow/dags/update_dwh_dag.py
[2023-10-26T10:05:33.700+0000] {processor.py:829} INFO - Processing file /opt/airflow/dags/update_dwh_dag.py for tasks to queue
[2023-10-26T10:05:33.702+0000] {logging_mixin.py:151} INFO - [2023-10-26T10:05:33.702+0000] {dagbag.py:536} INFO - Filling up the DagBag from /opt/airflow/dags/update_dwh_dag.py
[2023-10-26T10:05:33.709+0000] {processor.py:839} INFO - DAG(s) dict_keys(['update_dwh']) retrieved from /opt/airflow/dags/update_dwh_dag.py
[2023-10-26T10:05:33.728+0000] {logging_mixin.py:151} INFO - [2023-10-26T10:05:33.728+0000] {dag.py:2941} INFO - Sync 1 DAGs
[2023-10-26T10:05:33.747+0000] {logging_mixin.py:151} INFO - [2023-10-26T10:05:33.747+0000] {dag.py:3722} INFO - Setting next_dagrun for update_dwh to 2023-10-26T00:00:00+00:00, run_after=2023-10-27T00:00:00+00:00
[2023-10-26T10:05:33.760+0000] {processor.py:179} INFO - Processing /opt/airflow/dags/update_dwh_dag.py took 0.064 seconds
[2023-10-26T10:06:04.479+0000] {processor.py:157} INFO - Started process (PID=2958) to work on /opt/airflow/dags/update_dwh_dag.py
[2023-10-26T10:06:04.479+0000] {processor.py:829} INFO - Processing file /opt/airflow/dags/update_dwh_dag.py for tasks to queue
[2023-10-26T10:06:04.480+0000] {logging_mixin.py:151} INFO - [2023-10-26T10:06:04.480+0000] {dagbag.py:536} INFO - Filling up the DagBag from /opt/airflow/dags/update_dwh_dag.py
[2023-10-26T10:06:04.487+0000] {processor.py:839} INFO - DAG(s) dict_keys(['update_dwh']) retrieved from /opt/airflow/dags/update_dwh_dag.py
[2023-10-26T10:06:04.507+0000] {logging_mixin.py:151} INFO - [2023-10-26T10:06:04.507+0000] {dag.py:2941} INFO - Sync 1 DAGs
[2023-10-26T10:06:04.527+0000] {logging_mixin.py:151} INFO - [2023-10-26T10:06:04.527+0000] {dag.py:3722} INFO - Setting next_dagrun for update_dwh to 2023-10-26T00:00:00+00:00, run_after=2023-10-27T00:00:00+00:00
[2023-10-26T10:06:04.541+0000] {processor.py:179} INFO - Processing /opt/airflow/dags/update_dwh_dag.py took 0.065 seconds
[2023-10-26T10:06:35.319+0000] {processor.py:157} INFO - Started process (PID=3015) to work on /opt/airflow/dags/update_dwh_dag.py
[2023-10-26T10:06:35.320+0000] {processor.py:829} INFO - Processing file /opt/airflow/dags/update_dwh_dag.py for tasks to queue
[2023-10-26T10:06:35.321+0000] {logging_mixin.py:151} INFO - [2023-10-26T10:06:35.321+0000] {dagbag.py:536} INFO - Filling up the DagBag from /opt/airflow/dags/update_dwh_dag.py
[2023-10-26T10:06:35.328+0000] {processor.py:839} INFO - DAG(s) dict_keys(['update_dwh']) retrieved from /opt/airflow/dags/update_dwh_dag.py
[2023-10-26T10:06:35.343+0000] {logging_mixin.py:151} INFO - [2023-10-26T10:06:35.343+0000] {dag.py:2941} INFO - Sync 1 DAGs
[2023-10-26T10:06:35.359+0000] {logging_mixin.py:151} INFO - [2023-10-26T10:06:35.359+0000] {dag.py:3722} INFO - Setting next_dagrun for update_dwh to 2023-10-26T00:00:00+00:00, run_after=2023-10-27T00:00:00+00:00
[2023-10-26T10:06:35.371+0000] {processor.py:179} INFO - Processing /opt/airflow/dags/update_dwh_dag.py took 0.054 seconds
[2023-10-26T10:07:06.080+0000] {processor.py:157} INFO - Started process (PID=3071) to work on /opt/airflow/dags/update_dwh_dag.py
[2023-10-26T10:07:06.082+0000] {processor.py:829} INFO - Processing file /opt/airflow/dags/update_dwh_dag.py for tasks to queue
[2023-10-26T10:07:06.083+0000] {logging_mixin.py:151} INFO - [2023-10-26T10:07:06.083+0000] {dagbag.py:536} INFO - Filling up the DagBag from /opt/airflow/dags/update_dwh_dag.py
[2023-10-26T10:07:06.091+0000] {processor.py:839} INFO - DAG(s) dict_keys(['update_dwh']) retrieved from /opt/airflow/dags/update_dwh_dag.py
[2023-10-26T10:07:06.110+0000] {logging_mixin.py:151} INFO - [2023-10-26T10:07:06.110+0000] {dag.py:2941} INFO - Sync 1 DAGs
[2023-10-26T10:07:06.129+0000] {logging_mixin.py:151} INFO - [2023-10-26T10:07:06.129+0000] {dag.py:3722} INFO - Setting next_dagrun for update_dwh to 2023-10-26T00:00:00+00:00, run_after=2023-10-27T00:00:00+00:00
[2023-10-26T10:07:06.142+0000] {processor.py:179} INFO - Processing /opt/airflow/dags/update_dwh_dag.py took 0.064 seconds
[2023-10-26T10:07:36.887+0000] {processor.py:157} INFO - Started process (PID=3127) to work on /opt/airflow/dags/update_dwh_dag.py
[2023-10-26T10:07:36.889+0000] {processor.py:829} INFO - Processing file /opt/airflow/dags/update_dwh_dag.py for tasks to queue
[2023-10-26T10:07:36.891+0000] {logging_mixin.py:151} INFO - [2023-10-26T10:07:36.891+0000] {dagbag.py:536} INFO - Filling up the DagBag from /opt/airflow/dags/update_dwh_dag.py
[2023-10-26T10:07:36.901+0000] {processor.py:839} INFO - DAG(s) dict_keys(['update_dwh']) retrieved from /opt/airflow/dags/update_dwh_dag.py
[2023-10-26T10:07:36.923+0000] {logging_mixin.py:151} INFO - [2023-10-26T10:07:36.923+0000] {dag.py:2941} INFO - Sync 1 DAGs
[2023-10-26T10:07:36.940+0000] {logging_mixin.py:151} INFO - [2023-10-26T10:07:36.939+0000] {dag.py:3722} INFO - Setting next_dagrun for update_dwh to 2023-10-26T00:00:00+00:00, run_after=2023-10-27T00:00:00+00:00
[2023-10-26T10:07:36.951+0000] {processor.py:179} INFO - Processing /opt/airflow/dags/update_dwh_dag.py took 0.066 seconds
[2023-10-26T14:28:33.507+0000] {processor.py:157} INFO - Started process (PID=3141) to work on /opt/airflow/dags/update_dwh_dag.py
[2023-10-26T14:28:33.507+0000] {processor.py:829} INFO - Processing file /opt/airflow/dags/update_dwh_dag.py for tasks to queue
[2023-10-26T14:28:33.509+0000] {logging_mixin.py:151} INFO - [2023-10-26T14:28:33.509+0000] {dagbag.py:536} INFO - Filling up the DagBag from /opt/airflow/dags/update_dwh_dag.py
[2023-10-26T14:28:33.520+0000] {processor.py:839} INFO - DAG(s) dict_keys(['update_dwh']) retrieved from /opt/airflow/dags/update_dwh_dag.py
[2023-10-26T14:28:33.541+0000] {logging_mixin.py:151} INFO - [2023-10-26T14:28:33.541+0000] {dag.py:2941} INFO - Sync 1 DAGs
[2023-10-26T14:28:33.570+0000] {logging_mixin.py:151} INFO - [2023-10-26T14:28:33.570+0000] {dag.py:3722} INFO - Setting next_dagrun for update_dwh to 2023-10-26T00:00:00+00:00, run_after=2023-10-27T00:00:00+00:00
[2023-10-26T14:28:33.623+0000] {processor.py:179} INFO - Processing /opt/airflow/dags/update_dwh_dag.py took 0.119 seconds
[2023-10-26T14:29:04.114+0000] {processor.py:157} INFO - Started process (PID=3198) to work on /opt/airflow/dags/update_dwh_dag.py
[2023-10-26T14:29:04.116+0000] {processor.py:829} INFO - Processing file /opt/airflow/dags/update_dwh_dag.py for tasks to queue
[2023-10-26T14:29:04.117+0000] {logging_mixin.py:151} INFO - [2023-10-26T14:29:04.117+0000] {dagbag.py:536} INFO - Filling up the DagBag from /opt/airflow/dags/update_dwh_dag.py
[2023-10-26T14:29:04.127+0000] {processor.py:839} INFO - DAG(s) dict_keys(['update_dwh']) retrieved from /opt/airflow/dags/update_dwh_dag.py
[2023-10-26T14:29:04.144+0000] {logging_mixin.py:151} INFO - [2023-10-26T14:29:04.144+0000] {dag.py:2941} INFO - Sync 1 DAGs
[2023-10-26T14:29:04.162+0000] {logging_mixin.py:151} INFO - [2023-10-26T14:29:04.162+0000] {dag.py:3722} INFO - Setting next_dagrun for update_dwh to 2023-10-26T00:00:00+00:00, run_after=2023-10-27T00:00:00+00:00
[2023-10-26T14:29:04.176+0000] {processor.py:179} INFO - Processing /opt/airflow/dags/update_dwh_dag.py took 0.067 seconds
[2023-10-26T14:29:34.206+0000] {processor.py:157} INFO - Started process (PID=3254) to work on /opt/airflow/dags/update_dwh_dag.py
[2023-10-26T14:29:34.209+0000] {processor.py:829} INFO - Processing file /opt/airflow/dags/update_dwh_dag.py for tasks to queue
[2023-10-26T14:29:34.210+0000] {logging_mixin.py:151} INFO - [2023-10-26T14:29:34.210+0000] {dagbag.py:536} INFO - Filling up the DagBag from /opt/airflow/dags/update_dwh_dag.py
[2023-10-26T14:29:34.219+0000] {processor.py:839} INFO - DAG(s) dict_keys(['update_dwh']) retrieved from /opt/airflow/dags/update_dwh_dag.py
[2023-10-26T14:29:34.237+0000] {logging_mixin.py:151} INFO - [2023-10-26T14:29:34.237+0000] {dag.py:2941} INFO - Sync 1 DAGs
[2023-10-26T14:29:34.253+0000] {logging_mixin.py:151} INFO - [2023-10-26T14:29:34.253+0000] {dag.py:3722} INFO - Setting next_dagrun for update_dwh to 2023-10-26T00:00:00+00:00, run_after=2023-10-27T00:00:00+00:00
[2023-10-26T14:29:34.264+0000] {processor.py:179} INFO - Processing /opt/airflow/dags/update_dwh_dag.py took 0.061 seconds
[2023-10-26T14:30:05.033+0000] {processor.py:157} INFO - Started process (PID=3310) to work on /opt/airflow/dags/update_dwh_dag.py
[2023-10-26T14:30:05.033+0000] {processor.py:829} INFO - Processing file /opt/airflow/dags/update_dwh_dag.py for tasks to queue
[2023-10-26T14:30:05.035+0000] {logging_mixin.py:151} INFO - [2023-10-26T14:30:05.035+0000] {dagbag.py:536} INFO - Filling up the DagBag from /opt/airflow/dags/update_dwh_dag.py
[2023-10-26T14:30:05.042+0000] {processor.py:839} INFO - DAG(s) dict_keys(['update_dwh']) retrieved from /opt/airflow/dags/update_dwh_dag.py
[2023-10-26T14:30:05.058+0000] {logging_mixin.py:151} INFO - [2023-10-26T14:30:05.058+0000] {dag.py:2941} INFO - Sync 1 DAGs
[2023-10-26T14:30:05.074+0000] {logging_mixin.py:151} INFO - [2023-10-26T14:30:05.074+0000] {dag.py:3722} INFO - Setting next_dagrun for update_dwh to 2023-10-26T00:00:00+00:00, run_after=2023-10-27T00:00:00+00:00
[2023-10-26T14:30:05.086+0000] {processor.py:179} INFO - Processing /opt/airflow/dags/update_dwh_dag.py took 0.057 seconds
[2023-10-26T14:30:35.841+0000] {processor.py:157} INFO - Started process (PID=3366) to work on /opt/airflow/dags/update_dwh_dag.py
[2023-10-26T14:30:35.844+0000] {processor.py:829} INFO - Processing file /opt/airflow/dags/update_dwh_dag.py for tasks to queue
[2023-10-26T14:30:35.845+0000] {logging_mixin.py:151} INFO - [2023-10-26T14:30:35.845+0000] {dagbag.py:536} INFO - Filling up the DagBag from /opt/airflow/dags/update_dwh_dag.py
[2023-10-26T14:30:35.853+0000] {processor.py:839} INFO - DAG(s) dict_keys(['update_dwh']) retrieved from /opt/airflow/dags/update_dwh_dag.py
[2023-10-26T14:30:35.869+0000] {logging_mixin.py:151} INFO - [2023-10-26T14:30:35.868+0000] {dag.py:2941} INFO - Sync 1 DAGs
[2023-10-26T14:30:35.884+0000] {logging_mixin.py:151} INFO - [2023-10-26T14:30:35.884+0000] {dag.py:3722} INFO - Setting next_dagrun for update_dwh to 2023-10-26T00:00:00+00:00, run_after=2023-10-27T00:00:00+00:00
[2023-10-26T14:30:35.895+0000] {processor.py:179} INFO - Processing /opt/airflow/dags/update_dwh_dag.py took 0.057 seconds
[2023-10-26T14:31:06.646+0000] {processor.py:157} INFO - Started process (PID=3423) to work on /opt/airflow/dags/update_dwh_dag.py
[2023-10-26T14:31:06.648+0000] {processor.py:829} INFO - Processing file /opt/airflow/dags/update_dwh_dag.py for tasks to queue
[2023-10-26T14:31:06.650+0000] {logging_mixin.py:151} INFO - [2023-10-26T14:31:06.650+0000] {dagbag.py:536} INFO - Filling up the DagBag from /opt/airflow/dags/update_dwh_dag.py
[2023-10-26T14:31:06.658+0000] {processor.py:839} INFO - DAG(s) dict_keys(['update_dwh']) retrieved from /opt/airflow/dags/update_dwh_dag.py
[2023-10-26T14:31:06.674+0000] {logging_mixin.py:151} INFO - [2023-10-26T14:31:06.674+0000] {dag.py:2941} INFO - Sync 1 DAGs
[2023-10-26T14:31:06.690+0000] {logging_mixin.py:151} INFO - [2023-10-26T14:31:06.689+0000] {dag.py:3722} INFO - Setting next_dagrun for update_dwh to 2023-10-26T00:00:00+00:00, run_after=2023-10-27T00:00:00+00:00
[2023-10-26T14:31:06.701+0000] {processor.py:179} INFO - Processing /opt/airflow/dags/update_dwh_dag.py took 0.058 seconds
[2023-10-26T14:31:37.446+0000] {processor.py:157} INFO - Started process (PID=3479) to work on /opt/airflow/dags/update_dwh_dag.py
[2023-10-26T14:31:37.449+0000] {processor.py:829} INFO - Processing file /opt/airflow/dags/update_dwh_dag.py for tasks to queue
[2023-10-26T14:31:37.450+0000] {logging_mixin.py:151} INFO - [2023-10-26T14:31:37.450+0000] {dagbag.py:536} INFO - Filling up the DagBag from /opt/airflow/dags/update_dwh_dag.py
[2023-10-26T14:31:37.458+0000] {processor.py:839} INFO - DAG(s) dict_keys(['update_dwh']) retrieved from /opt/airflow/dags/update_dwh_dag.py
[2023-10-26T14:31:37.474+0000] {logging_mixin.py:151} INFO - [2023-10-26T14:31:37.473+0000] {dag.py:2941} INFO - Sync 1 DAGs
[2023-10-26T14:31:37.491+0000] {logging_mixin.py:151} INFO - [2023-10-26T14:31:37.491+0000] {dag.py:3722} INFO - Setting next_dagrun for update_dwh to 2023-10-26T00:00:00+00:00, run_after=2023-10-27T00:00:00+00:00
[2023-10-26T14:31:37.504+0000] {processor.py:179} INFO - Processing /opt/airflow/dags/update_dwh_dag.py took 0.060 seconds
[2023-10-26T14:32:08.214+0000] {processor.py:157} INFO - Started process (PID=3535) to work on /opt/airflow/dags/update_dwh_dag.py
[2023-10-26T14:32:08.217+0000] {processor.py:829} INFO - Processing file /opt/airflow/dags/update_dwh_dag.py for tasks to queue
[2023-10-26T14:32:08.218+0000] {logging_mixin.py:151} INFO - [2023-10-26T14:32:08.218+0000] {dagbag.py:536} INFO - Filling up the DagBag from /opt/airflow/dags/update_dwh_dag.py
[2023-10-26T14:32:08.226+0000] {processor.py:839} INFO - DAG(s) dict_keys(['update_dwh']) retrieved from /opt/airflow/dags/update_dwh_dag.py
[2023-10-26T14:32:08.242+0000] {logging_mixin.py:151} INFO - [2023-10-26T14:32:08.242+0000] {dag.py:2941} INFO - Sync 1 DAGs
[2023-10-26T14:32:08.257+0000] {logging_mixin.py:151} INFO - [2023-10-26T14:32:08.256+0000] {dag.py:3722} INFO - Setting next_dagrun for update_dwh to 2023-10-26T00:00:00+00:00, run_after=2023-10-27T00:00:00+00:00
[2023-10-26T14:32:08.267+0000] {processor.py:179} INFO - Processing /opt/airflow/dags/update_dwh_dag.py took 0.055 seconds
[2023-10-26T14:32:38.952+0000] {processor.py:157} INFO - Started process (PID=3590) to work on /opt/airflow/dags/update_dwh_dag.py
[2023-10-26T14:32:38.954+0000] {processor.py:829} INFO - Processing file /opt/airflow/dags/update_dwh_dag.py for tasks to queue
[2023-10-26T14:32:38.955+0000] {logging_mixin.py:151} INFO - [2023-10-26T14:32:38.955+0000] {dagbag.py:536} INFO - Filling up the DagBag from /opt/airflow/dags/update_dwh_dag.py
[2023-10-26T14:32:38.962+0000] {processor.py:839} INFO - DAG(s) dict_keys(['update_dwh']) retrieved from /opt/airflow/dags/update_dwh_dag.py
[2023-10-26T14:32:38.979+0000] {logging_mixin.py:151} INFO - [2023-10-26T14:32:38.979+0000] {dag.py:2941} INFO - Sync 1 DAGs
[2023-10-26T14:32:38.999+0000] {logging_mixin.py:151} INFO - [2023-10-26T14:32:38.999+0000] {dag.py:3722} INFO - Setting next_dagrun for update_dwh to 2023-10-26T00:00:00+00:00, run_after=2023-10-27T00:00:00+00:00
[2023-10-26T14:32:39.013+0000] {processor.py:179} INFO - Processing /opt/airflow/dags/update_dwh_dag.py took 0.064 seconds
