[2023-10-22T18:17:43.459+0000] {taskinstance.py:1159} INFO - Dependencies all met for dep_context=non-requeueable deps ti=<TaskInstance: update_dwh.hub_job_role_update manual__2023-10-22T18:17:39.059910+00:00 [queued]>
[2023-10-22T18:17:43.469+0000] {taskinstance.py:1159} INFO - Dependencies all met for dep_context=requeueable deps ti=<TaskInstance: update_dwh.hub_job_role_update manual__2023-10-22T18:17:39.059910+00:00 [queued]>
[2023-10-22T18:17:43.469+0000] {taskinstance.py:1361} INFO - Starting attempt 1 of 1
[2023-10-22T18:17:43.485+0000] {taskinstance.py:1382} INFO - Executing <Task(PostgresOperator): hub_job_role_update> on 2023-10-22 18:17:39.059910+00:00
[2023-10-22T18:17:43.491+0000] {standard_task_runner.py:57} INFO - Started process 2022 to run task
[2023-10-22T18:17:43.496+0000] {standard_task_runner.py:84} INFO - Running: ['***', 'tasks', 'run', 'update_dwh', 'hub_job_role_update', 'manual__2023-10-22T18:17:39.059910+00:00', '--job-id', '220', '--raw', '--subdir', 'DAGS_FOLDER/update_dwh_dag.py', '--cfg-path', '/tmp/tmpqlevv0j9']
[2023-10-22T18:17:43.499+0000] {standard_task_runner.py:85} INFO - Job 220: Subtask hub_job_role_update
[2023-10-22T18:17:43.551+0000] {task_command.py:416} INFO - Running <TaskInstance: update_dwh.hub_job_role_update manual__2023-10-22T18:17:39.059910+00:00 [running]> on host 1f8bb8a692af
[2023-10-22T18:17:43.620+0000] {taskinstance.py:1662} INFO - Exporting env vars: AIRFLOW_CTX_DAG_OWNER='***' AIRFLOW_CTX_DAG_ID='update_dwh' AIRFLOW_CTX_TASK_ID='hub_job_role_update' AIRFLOW_CTX_EXECUTION_DATE='2023-10-22T18:17:39.059910+00:00' AIRFLOW_CTX_TRY_NUMBER='1' AIRFLOW_CTX_DAG_RUN_ID='manual__2023-10-22T18:17:39.059910+00:00'
[2023-10-22T18:17:43.621+0000] {sql.py:274} INFO - Executing: 
INSERT INTO rdv.hub_job_role
SELECT DISTINCT
    MD5(p.jobrole),
    now(),
    'csv',
    p.jobrole
FROM 
    staging.stg_table p
WHERE p.jobrole NOT IN (
    SELECT hub.job_role_name FROM rdv.hub_job_role hub
)
[2023-10-22T18:17:43.626+0000] {base.py:73} INFO - Using connection ID 'stg_conn' for task execution.
[2023-10-22T18:17:43.628+0000] {warnings.py:109} WARNING - /home/***/.local/lib/python3.8/site-packages/***/models/connection.py:374: AirflowProviderDeprecationWarning: The "schema" arg has been renamed to "database" as it contained the database name.Please use "database" to set the database name.
  return hook_class(**{hook.connection_id_attribute_name: self.conn_id}, **hook_params)

[2023-10-22T18:17:43.633+0000] {base.py:73} INFO - Using connection ID 'stg_conn' for task execution.
[2023-10-22T18:17:43.720+0000] {sql.py:418} INFO - Running statement: 
INSERT INTO rdv.hub_job_role
SELECT DISTINCT
    MD5(p.jobrole),
    now(),
    'csv',
    p.jobrole
FROM 
    staging.stg_table p
WHERE p.jobrole NOT IN (
    SELECT hub.job_role_name FROM rdv.hub_job_role hub
), parameters: None
[2023-10-22T18:17:43.756+0000] {sql.py:427} INFO - Rows affected: 9
[2023-10-22T18:17:43.784+0000] {taskinstance.py:1400} INFO - Marking task as SUCCESS. dag_id=update_dwh, task_id=hub_job_role_update, execution_date=20231022T181739, start_date=20231022T181743, end_date=20231022T181743
[2023-10-22T18:17:43.836+0000] {local_task_job_runner.py:228} INFO - Task exited with return code 0
[2023-10-22T18:17:43.863+0000] {taskinstance.py:2778} INFO - 0 downstream tasks scheduled from follow-on schedule check
