[2023-11-16T09:44:20.621+0000] {processor.py:157} INFO - Started process (PID=6310) to work on /home/airflow/.local/lib/python3.8/site-packages/airflow/example_dags/example_dag_decorator.py
[2023-11-16T09:44:20.622+0000] {processor.py:829} INFO - Processing file /home/airflow/.local/lib/python3.8/site-packages/airflow/example_dags/example_dag_decorator.py for tasks to queue
[2023-11-16T09:44:20.623+0000] {logging_mixin.py:151} INFO - [2023-11-16T09:44:20.623+0000] {dagbag.py:536} INFO - Filling up the DagBag from /home/airflow/.local/lib/python3.8/site-packages/airflow/example_dags/example_dag_decorator.py
[2023-11-16T09:44:20.712+0000] {processor.py:839} INFO - DAG(s) dict_keys(['example_dag_decorator']) retrieved from /home/airflow/.local/lib/python3.8/site-packages/airflow/example_dags/example_dag_decorator.py
[2023-11-16T09:44:20.824+0000] {logging_mixin.py:151} INFO - [2023-11-16T09:44:20.824+0000] {dag.py:2941} INFO - Sync 1 DAGs
[2023-11-16T09:44:20.834+0000] {logging_mixin.py:151} INFO - [2023-11-16T09:44:20.834+0000] {dag.py:3722} INFO - Setting next_dagrun for example_dag_decorator to None, run_after=None
[2023-11-16T09:44:20.852+0000] {processor.py:179} INFO - Processing /home/airflow/.local/lib/python3.8/site-packages/airflow/example_dags/example_dag_decorator.py took 0.234 seconds
[2023-11-16T09:44:50.886+0000] {processor.py:157} INFO - Started process (PID=6367) to work on /home/airflow/.local/lib/python3.8/site-packages/airflow/example_dags/example_dag_decorator.py
[2023-11-16T09:44:50.887+0000] {processor.py:829} INFO - Processing file /home/airflow/.local/lib/python3.8/site-packages/airflow/example_dags/example_dag_decorator.py for tasks to queue
[2023-11-16T09:44:50.888+0000] {logging_mixin.py:151} INFO - [2023-11-16T09:44:50.888+0000] {dagbag.py:536} INFO - Filling up the DagBag from /home/airflow/.local/lib/python3.8/site-packages/airflow/example_dags/example_dag_decorator.py
[2023-11-16T09:44:50.928+0000] {processor.py:839} INFO - DAG(s) dict_keys(['example_dag_decorator']) retrieved from /home/airflow/.local/lib/python3.8/site-packages/airflow/example_dags/example_dag_decorator.py
[2023-11-16T09:44:50.987+0000] {logging_mixin.py:151} INFO - [2023-11-16T09:44:50.987+0000] {dag.py:2941} INFO - Sync 1 DAGs
[2023-11-16T09:44:50.993+0000] {logging_mixin.py:151} INFO - [2023-11-16T09:44:50.993+0000] {dag.py:3722} INFO - Setting next_dagrun for example_dag_decorator to None, run_after=None
[2023-11-16T09:44:51.003+0000] {processor.py:179} INFO - Processing /home/airflow/.local/lib/python3.8/site-packages/airflow/example_dags/example_dag_decorator.py took 0.119 seconds
[2023-11-16T09:45:21.023+0000] {processor.py:157} INFO - Started process (PID=6423) to work on /home/airflow/.local/lib/python3.8/site-packages/airflow/example_dags/example_dag_decorator.py
[2023-11-16T09:45:21.023+0000] {processor.py:829} INFO - Processing file /home/airflow/.local/lib/python3.8/site-packages/airflow/example_dags/example_dag_decorator.py for tasks to queue
[2023-11-16T09:45:21.024+0000] {logging_mixin.py:151} INFO - [2023-11-16T09:45:21.024+0000] {dagbag.py:536} INFO - Filling up the DagBag from /home/airflow/.local/lib/python3.8/site-packages/airflow/example_dags/example_dag_decorator.py
[2023-11-16T09:45:21.064+0000] {processor.py:839} INFO - DAG(s) dict_keys(['example_dag_decorator']) retrieved from /home/airflow/.local/lib/python3.8/site-packages/airflow/example_dags/example_dag_decorator.py
[2023-11-16T09:45:21.078+0000] {logging_mixin.py:151} INFO - [2023-11-16T09:45:21.078+0000] {dag.py:2941} INFO - Sync 1 DAGs
[2023-11-16T09:45:21.086+0000] {logging_mixin.py:151} INFO - [2023-11-16T09:45:21.086+0000] {dag.py:3722} INFO - Setting next_dagrun for example_dag_decorator to None, run_after=None
[2023-11-16T09:45:21.096+0000] {processor.py:179} INFO - Processing /home/airflow/.local/lib/python3.8/site-packages/airflow/example_dags/example_dag_decorator.py took 0.075 seconds
[2023-11-16T09:45:51.134+0000] {processor.py:157} INFO - Started process (PID=6479) to work on /home/airflow/.local/lib/python3.8/site-packages/airflow/example_dags/example_dag_decorator.py
[2023-11-16T09:45:51.135+0000] {processor.py:829} INFO - Processing file /home/airflow/.local/lib/python3.8/site-packages/airflow/example_dags/example_dag_decorator.py for tasks to queue
[2023-11-16T09:45:51.136+0000] {logging_mixin.py:151} INFO - [2023-11-16T09:45:51.136+0000] {dagbag.py:536} INFO - Filling up the DagBag from /home/airflow/.local/lib/python3.8/site-packages/airflow/example_dags/example_dag_decorator.py
[2023-11-16T09:45:51.187+0000] {processor.py:839} INFO - DAG(s) dict_keys(['example_dag_decorator']) retrieved from /home/airflow/.local/lib/python3.8/site-packages/airflow/example_dags/example_dag_decorator.py
[2023-11-16T09:45:51.259+0000] {logging_mixin.py:151} INFO - [2023-11-16T09:45:51.259+0000] {dag.py:2941} INFO - Sync 1 DAGs
[2023-11-16T09:45:51.267+0000] {logging_mixin.py:151} INFO - [2023-11-16T09:45:51.267+0000] {dag.py:3722} INFO - Setting next_dagrun for example_dag_decorator to None, run_after=None
[2023-11-16T09:45:51.279+0000] {processor.py:179} INFO - Processing /home/airflow/.local/lib/python3.8/site-packages/airflow/example_dags/example_dag_decorator.py took 0.147 seconds
[2023-11-16T09:46:21.313+0000] {processor.py:157} INFO - Started process (PID=6536) to work on /home/airflow/.local/lib/python3.8/site-packages/airflow/example_dags/example_dag_decorator.py
[2023-11-16T09:46:21.313+0000] {processor.py:829} INFO - Processing file /home/airflow/.local/lib/python3.8/site-packages/airflow/example_dags/example_dag_decorator.py for tasks to queue
[2023-11-16T09:46:21.314+0000] {logging_mixin.py:151} INFO - [2023-11-16T09:46:21.314+0000] {dagbag.py:536} INFO - Filling up the DagBag from /home/airflow/.local/lib/python3.8/site-packages/airflow/example_dags/example_dag_decorator.py
[2023-11-16T09:46:21.355+0000] {processor.py:839} INFO - DAG(s) dict_keys(['example_dag_decorator']) retrieved from /home/airflow/.local/lib/python3.8/site-packages/airflow/example_dags/example_dag_decorator.py
[2023-11-16T09:46:21.414+0000] {logging_mixin.py:151} INFO - [2023-11-16T09:46:21.413+0000] {dag.py:2941} INFO - Sync 1 DAGs
[2023-11-16T09:46:21.421+0000] {logging_mixin.py:151} INFO - [2023-11-16T09:46:21.421+0000] {dag.py:3722} INFO - Setting next_dagrun for example_dag_decorator to None, run_after=None
[2023-11-16T09:46:21.435+0000] {processor.py:179} INFO - Processing /home/airflow/.local/lib/python3.8/site-packages/airflow/example_dags/example_dag_decorator.py took 0.125 seconds
[2023-11-16T09:46:52.412+0000] {processor.py:157} INFO - Started process (PID=6592) to work on /home/airflow/.local/lib/python3.8/site-packages/airflow/example_dags/example_dag_decorator.py
[2023-11-16T09:46:52.415+0000] {processor.py:829} INFO - Processing file /home/airflow/.local/lib/python3.8/site-packages/airflow/example_dags/example_dag_decorator.py for tasks to queue
[2023-11-16T09:46:52.416+0000] {logging_mixin.py:151} INFO - [2023-11-16T09:46:52.416+0000] {dagbag.py:536} INFO - Filling up the DagBag from /home/airflow/.local/lib/python3.8/site-packages/airflow/example_dags/example_dag_decorator.py
[2023-11-16T09:46:52.482+0000] {processor.py:839} INFO - DAG(s) dict_keys(['example_dag_decorator']) retrieved from /home/airflow/.local/lib/python3.8/site-packages/airflow/example_dags/example_dag_decorator.py
[2023-11-16T09:46:52.559+0000] {logging_mixin.py:151} INFO - [2023-11-16T09:46:52.559+0000] {dag.py:2941} INFO - Sync 1 DAGs
[2023-11-16T09:46:52.569+0000] {logging_mixin.py:151} INFO - [2023-11-16T09:46:52.569+0000] {dag.py:3722} INFO - Setting next_dagrun for example_dag_decorator to None, run_after=None
[2023-11-16T09:46:52.584+0000] {processor.py:179} INFO - Processing /home/airflow/.local/lib/python3.8/site-packages/airflow/example_dags/example_dag_decorator.py took 0.174 seconds
[2023-11-16T09:47:22.613+0000] {processor.py:157} INFO - Started process (PID=6649) to work on /home/airflow/.local/lib/python3.8/site-packages/airflow/example_dags/example_dag_decorator.py
[2023-11-16T09:47:22.613+0000] {processor.py:829} INFO - Processing file /home/airflow/.local/lib/python3.8/site-packages/airflow/example_dags/example_dag_decorator.py for tasks to queue
[2023-11-16T09:47:22.615+0000] {logging_mixin.py:151} INFO - [2023-11-16T09:47:22.615+0000] {dagbag.py:536} INFO - Filling up the DagBag from /home/airflow/.local/lib/python3.8/site-packages/airflow/example_dags/example_dag_decorator.py
[2023-11-16T09:47:22.673+0000] {processor.py:839} INFO - DAG(s) dict_keys(['example_dag_decorator']) retrieved from /home/airflow/.local/lib/python3.8/site-packages/airflow/example_dags/example_dag_decorator.py
[2023-11-16T09:47:22.744+0000] {logging_mixin.py:151} INFO - [2023-11-16T09:47:22.744+0000] {dag.py:2941} INFO - Sync 1 DAGs
[2023-11-16T09:47:22.754+0000] {logging_mixin.py:151} INFO - [2023-11-16T09:47:22.753+0000] {dag.py:3722} INFO - Setting next_dagrun for example_dag_decorator to None, run_after=None
[2023-11-16T09:47:22.766+0000] {processor.py:179} INFO - Processing /home/airflow/.local/lib/python3.8/site-packages/airflow/example_dags/example_dag_decorator.py took 0.156 seconds
[2023-11-16T09:47:53.675+0000] {processor.py:157} INFO - Started process (PID=6704) to work on /home/airflow/.local/lib/python3.8/site-packages/airflow/example_dags/example_dag_decorator.py
[2023-11-16T09:47:53.677+0000] {processor.py:829} INFO - Processing file /home/airflow/.local/lib/python3.8/site-packages/airflow/example_dags/example_dag_decorator.py for tasks to queue
[2023-11-16T09:47:53.679+0000] {logging_mixin.py:151} INFO - [2023-11-16T09:47:53.679+0000] {dagbag.py:536} INFO - Filling up the DagBag from /home/airflow/.local/lib/python3.8/site-packages/airflow/example_dags/example_dag_decorator.py
[2023-11-16T09:47:53.721+0000] {processor.py:839} INFO - DAG(s) dict_keys(['example_dag_decorator']) retrieved from /home/airflow/.local/lib/python3.8/site-packages/airflow/example_dags/example_dag_decorator.py
[2023-11-16T09:47:53.784+0000] {logging_mixin.py:151} INFO - [2023-11-16T09:47:53.784+0000] {dag.py:2941} INFO - Sync 1 DAGs
[2023-11-16T09:47:53.790+0000] {logging_mixin.py:151} INFO - [2023-11-16T09:47:53.790+0000] {dag.py:3722} INFO - Setting next_dagrun for example_dag_decorator to None, run_after=None
[2023-11-16T09:47:53.803+0000] {processor.py:179} INFO - Processing /home/airflow/.local/lib/python3.8/site-packages/airflow/example_dags/example_dag_decorator.py took 0.131 seconds
[2023-11-16T09:48:23.874+0000] {processor.py:157} INFO - Started process (PID=6761) to work on /home/airflow/.local/lib/python3.8/site-packages/airflow/example_dags/example_dag_decorator.py
[2023-11-16T09:48:23.875+0000] {processor.py:829} INFO - Processing file /home/airflow/.local/lib/python3.8/site-packages/airflow/example_dags/example_dag_decorator.py for tasks to queue
[2023-11-16T09:48:23.876+0000] {logging_mixin.py:151} INFO - [2023-11-16T09:48:23.876+0000] {dagbag.py:536} INFO - Filling up the DagBag from /home/airflow/.local/lib/python3.8/site-packages/airflow/example_dags/example_dag_decorator.py
[2023-11-16T09:48:23.918+0000] {processor.py:839} INFO - DAG(s) dict_keys(['example_dag_decorator']) retrieved from /home/airflow/.local/lib/python3.8/site-packages/airflow/example_dags/example_dag_decorator.py
[2023-11-16T09:48:23.982+0000] {logging_mixin.py:151} INFO - [2023-11-16T09:48:23.982+0000] {dag.py:2941} INFO - Sync 1 DAGs
[2023-11-16T09:48:23.989+0000] {logging_mixin.py:151} INFO - [2023-11-16T09:48:23.989+0000] {dag.py:3722} INFO - Setting next_dagrun for example_dag_decorator to None, run_after=None
[2023-11-16T09:48:24.002+0000] {processor.py:179} INFO - Processing /home/airflow/.local/lib/python3.8/site-packages/airflow/example_dags/example_dag_decorator.py took 0.130 seconds
[2023-11-16T09:48:54.050+0000] {processor.py:157} INFO - Started process (PID=6819) to work on /home/airflow/.local/lib/python3.8/site-packages/airflow/example_dags/example_dag_decorator.py
[2023-11-16T09:48:54.050+0000] {processor.py:829} INFO - Processing file /home/airflow/.local/lib/python3.8/site-packages/airflow/example_dags/example_dag_decorator.py for tasks to queue
[2023-11-16T09:48:54.052+0000] {logging_mixin.py:151} INFO - [2023-11-16T09:48:54.052+0000] {dagbag.py:536} INFO - Filling up the DagBag from /home/airflow/.local/lib/python3.8/site-packages/airflow/example_dags/example_dag_decorator.py
[2023-11-16T09:48:54.101+0000] {processor.py:839} INFO - DAG(s) dict_keys(['example_dag_decorator']) retrieved from /home/airflow/.local/lib/python3.8/site-packages/airflow/example_dags/example_dag_decorator.py
[2023-11-16T09:48:54.162+0000] {logging_mixin.py:151} INFO - [2023-11-16T09:48:54.162+0000] {dag.py:2941} INFO - Sync 1 DAGs
[2023-11-16T09:48:54.168+0000] {logging_mixin.py:151} INFO - [2023-11-16T09:48:54.168+0000] {dag.py:3722} INFO - Setting next_dagrun for example_dag_decorator to None, run_after=None
[2023-11-16T09:48:54.179+0000] {processor.py:179} INFO - Processing /home/airflow/.local/lib/python3.8/site-packages/airflow/example_dags/example_dag_decorator.py took 0.131 seconds
[2023-11-16T09:49:24.196+0000] {processor.py:157} INFO - Started process (PID=6878) to work on /home/airflow/.local/lib/python3.8/site-packages/airflow/example_dags/example_dag_decorator.py
[2023-11-16T09:49:24.196+0000] {processor.py:829} INFO - Processing file /home/airflow/.local/lib/python3.8/site-packages/airflow/example_dags/example_dag_decorator.py for tasks to queue
[2023-11-16T09:49:24.197+0000] {logging_mixin.py:151} INFO - [2023-11-16T09:49:24.197+0000] {dagbag.py:536} INFO - Filling up the DagBag from /home/airflow/.local/lib/python3.8/site-packages/airflow/example_dags/example_dag_decorator.py
[2023-11-16T09:49:24.238+0000] {processor.py:839} INFO - DAG(s) dict_keys(['example_dag_decorator']) retrieved from /home/airflow/.local/lib/python3.8/site-packages/airflow/example_dags/example_dag_decorator.py
[2023-11-16T09:49:24.297+0000] {logging_mixin.py:151} INFO - [2023-11-16T09:49:24.297+0000] {dag.py:2941} INFO - Sync 1 DAGs
[2023-11-16T09:49:24.303+0000] {logging_mixin.py:151} INFO - [2023-11-16T09:49:24.303+0000] {dag.py:3722} INFO - Setting next_dagrun for example_dag_decorator to None, run_after=None
[2023-11-16T09:49:24.315+0000] {processor.py:179} INFO - Processing /home/airflow/.local/lib/python3.8/site-packages/airflow/example_dags/example_dag_decorator.py took 0.121 seconds
[2023-11-16T09:49:54.452+0000] {processor.py:157} INFO - Started process (PID=6934) to work on /home/airflow/.local/lib/python3.8/site-packages/airflow/example_dags/example_dag_decorator.py
[2023-11-16T09:49:54.452+0000] {processor.py:829} INFO - Processing file /home/airflow/.local/lib/python3.8/site-packages/airflow/example_dags/example_dag_decorator.py for tasks to queue
[2023-11-16T09:49:54.453+0000] {logging_mixin.py:151} INFO - [2023-11-16T09:49:54.453+0000] {dagbag.py:536} INFO - Filling up the DagBag from /home/airflow/.local/lib/python3.8/site-packages/airflow/example_dags/example_dag_decorator.py
[2023-11-16T09:49:54.494+0000] {processor.py:839} INFO - DAG(s) dict_keys(['example_dag_decorator']) retrieved from /home/airflow/.local/lib/python3.8/site-packages/airflow/example_dags/example_dag_decorator.py
[2023-11-16T09:49:54.553+0000] {logging_mixin.py:151} INFO - [2023-11-16T09:49:54.553+0000] {dag.py:2941} INFO - Sync 1 DAGs
[2023-11-16T09:49:54.560+0000] {logging_mixin.py:151} INFO - [2023-11-16T09:49:54.559+0000] {dag.py:3722} INFO - Setting next_dagrun for example_dag_decorator to None, run_after=None
[2023-11-16T09:49:54.572+0000] {processor.py:179} INFO - Processing /home/airflow/.local/lib/python3.8/site-packages/airflow/example_dags/example_dag_decorator.py took 0.123 seconds
[2023-11-16T09:50:24.652+0000] {processor.py:157} INFO - Started process (PID=6990) to work on /home/airflow/.local/lib/python3.8/site-packages/airflow/example_dags/example_dag_decorator.py
[2023-11-16T09:50:24.653+0000] {processor.py:829} INFO - Processing file /home/airflow/.local/lib/python3.8/site-packages/airflow/example_dags/example_dag_decorator.py for tasks to queue
[2023-11-16T09:50:24.654+0000] {logging_mixin.py:151} INFO - [2023-11-16T09:50:24.654+0000] {dagbag.py:536} INFO - Filling up the DagBag from /home/airflow/.local/lib/python3.8/site-packages/airflow/example_dags/example_dag_decorator.py
[2023-11-16T09:50:24.723+0000] {processor.py:839} INFO - DAG(s) dict_keys(['example_dag_decorator']) retrieved from /home/airflow/.local/lib/python3.8/site-packages/airflow/example_dags/example_dag_decorator.py
[2023-11-16T09:50:24.819+0000] {logging_mixin.py:151} INFO - [2023-11-16T09:50:24.819+0000] {dag.py:2941} INFO - Sync 1 DAGs
[2023-11-16T09:50:24.830+0000] {logging_mixin.py:151} INFO - [2023-11-16T09:50:24.830+0000] {dag.py:3722} INFO - Setting next_dagrun for example_dag_decorator to None, run_after=None
[2023-11-16T09:50:24.848+0000] {processor.py:179} INFO - Processing /home/airflow/.local/lib/python3.8/site-packages/airflow/example_dags/example_dag_decorator.py took 0.198 seconds
[2023-11-16T09:50:55.830+0000] {processor.py:157} INFO - Started process (PID=7046) to work on /home/airflow/.local/lib/python3.8/site-packages/airflow/example_dags/example_dag_decorator.py
[2023-11-16T09:50:55.831+0000] {processor.py:829} INFO - Processing file /home/airflow/.local/lib/python3.8/site-packages/airflow/example_dags/example_dag_decorator.py for tasks to queue
[2023-11-16T09:50:55.833+0000] {logging_mixin.py:151} INFO - [2023-11-16T09:50:55.833+0000] {dagbag.py:536} INFO - Filling up the DagBag from /home/airflow/.local/lib/python3.8/site-packages/airflow/example_dags/example_dag_decorator.py
[2023-11-16T09:50:55.881+0000] {processor.py:839} INFO - DAG(s) dict_keys(['example_dag_decorator']) retrieved from /home/airflow/.local/lib/python3.8/site-packages/airflow/example_dags/example_dag_decorator.py
[2023-11-16T09:50:55.941+0000] {logging_mixin.py:151} INFO - [2023-11-16T09:50:55.941+0000] {dag.py:2941} INFO - Sync 1 DAGs
[2023-11-16T09:50:55.949+0000] {logging_mixin.py:151} INFO - [2023-11-16T09:50:55.949+0000] {dag.py:3722} INFO - Setting next_dagrun for example_dag_decorator to None, run_after=None
[2023-11-16T09:50:55.961+0000] {processor.py:179} INFO - Processing /home/airflow/.local/lib/python3.8/site-packages/airflow/example_dags/example_dag_decorator.py took 0.136 seconds
[2023-11-16T09:51:26.060+0000] {processor.py:157} INFO - Started process (PID=7102) to work on /home/airflow/.local/lib/python3.8/site-packages/airflow/example_dags/example_dag_decorator.py
[2023-11-16T09:51:26.063+0000] {processor.py:829} INFO - Processing file /home/airflow/.local/lib/python3.8/site-packages/airflow/example_dags/example_dag_decorator.py for tasks to queue
[2023-11-16T09:51:26.064+0000] {logging_mixin.py:151} INFO - [2023-11-16T09:51:26.064+0000] {dagbag.py:536} INFO - Filling up the DagBag from /home/airflow/.local/lib/python3.8/site-packages/airflow/example_dags/example_dag_decorator.py
[2023-11-16T09:51:26.118+0000] {processor.py:839} INFO - DAG(s) dict_keys(['example_dag_decorator']) retrieved from /home/airflow/.local/lib/python3.8/site-packages/airflow/example_dags/example_dag_decorator.py
[2023-11-16T09:51:26.217+0000] {logging_mixin.py:151} INFO - [2023-11-16T09:51:26.217+0000] {dag.py:2941} INFO - Sync 1 DAGs
[2023-11-16T09:51:26.227+0000] {logging_mixin.py:151} INFO - [2023-11-16T09:51:26.226+0000] {dag.py:3722} INFO - Setting next_dagrun for example_dag_decorator to None, run_after=None
[2023-11-16T09:51:26.246+0000] {processor.py:179} INFO - Processing /home/airflow/.local/lib/python3.8/site-packages/airflow/example_dags/example_dag_decorator.py took 0.187 seconds
[2023-11-16T09:51:57.172+0000] {processor.py:157} INFO - Started process (PID=7158) to work on /home/airflow/.local/lib/python3.8/site-packages/airflow/example_dags/example_dag_decorator.py
[2023-11-16T09:51:57.175+0000] {processor.py:829} INFO - Processing file /home/airflow/.local/lib/python3.8/site-packages/airflow/example_dags/example_dag_decorator.py for tasks to queue
[2023-11-16T09:51:57.177+0000] {logging_mixin.py:151} INFO - [2023-11-16T09:51:57.176+0000] {dagbag.py:536} INFO - Filling up the DagBag from /home/airflow/.local/lib/python3.8/site-packages/airflow/example_dags/example_dag_decorator.py
[2023-11-16T09:51:57.225+0000] {processor.py:839} INFO - DAG(s) dict_keys(['example_dag_decorator']) retrieved from /home/airflow/.local/lib/python3.8/site-packages/airflow/example_dags/example_dag_decorator.py
[2023-11-16T09:51:57.317+0000] {logging_mixin.py:151} INFO - [2023-11-16T09:51:57.317+0000] {dag.py:2941} INFO - Sync 1 DAGs
[2023-11-16T09:51:57.327+0000] {logging_mixin.py:151} INFO - [2023-11-16T09:51:57.327+0000] {dag.py:3722} INFO - Setting next_dagrun for example_dag_decorator to None, run_after=None
[2023-11-16T09:51:57.341+0000] {processor.py:179} INFO - Processing /home/airflow/.local/lib/python3.8/site-packages/airflow/example_dags/example_dag_decorator.py took 0.173 seconds
[2023-11-16T09:52:28.076+0000] {processor.py:157} INFO - Started process (PID=7214) to work on /home/airflow/.local/lib/python3.8/site-packages/airflow/example_dags/example_dag_decorator.py
[2023-11-16T09:52:28.076+0000] {processor.py:829} INFO - Processing file /home/airflow/.local/lib/python3.8/site-packages/airflow/example_dags/example_dag_decorator.py for tasks to queue
[2023-11-16T09:52:28.078+0000] {logging_mixin.py:151} INFO - [2023-11-16T09:52:28.078+0000] {dagbag.py:536} INFO - Filling up the DagBag from /home/airflow/.local/lib/python3.8/site-packages/airflow/example_dags/example_dag_decorator.py
[2023-11-16T09:52:28.121+0000] {processor.py:839} INFO - DAG(s) dict_keys(['example_dag_decorator']) retrieved from /home/airflow/.local/lib/python3.8/site-packages/airflow/example_dags/example_dag_decorator.py
[2023-11-16T09:52:28.180+0000] {logging_mixin.py:151} INFO - [2023-11-16T09:52:28.180+0000] {dag.py:2941} INFO - Sync 1 DAGs
[2023-11-16T09:52:28.186+0000] {logging_mixin.py:151} INFO - [2023-11-16T09:52:28.186+0000] {dag.py:3722} INFO - Setting next_dagrun for example_dag_decorator to None, run_after=None
[2023-11-16T09:52:28.199+0000] {processor.py:179} INFO - Processing /home/airflow/.local/lib/python3.8/site-packages/airflow/example_dags/example_dag_decorator.py took 0.126 seconds
[2023-11-16T09:52:58.848+0000] {processor.py:157} INFO - Started process (PID=7271) to work on /home/airflow/.local/lib/python3.8/site-packages/airflow/example_dags/example_dag_decorator.py
[2023-11-16T09:52:58.849+0000] {processor.py:829} INFO - Processing file /home/airflow/.local/lib/python3.8/site-packages/airflow/example_dags/example_dag_decorator.py for tasks to queue
[2023-11-16T09:52:58.851+0000] {logging_mixin.py:151} INFO - [2023-11-16T09:52:58.851+0000] {dagbag.py:536} INFO - Filling up the DagBag from /home/airflow/.local/lib/python3.8/site-packages/airflow/example_dags/example_dag_decorator.py
[2023-11-16T09:52:58.893+0000] {processor.py:839} INFO - DAG(s) dict_keys(['example_dag_decorator']) retrieved from /home/airflow/.local/lib/python3.8/site-packages/airflow/example_dags/example_dag_decorator.py
[2023-11-16T09:52:58.907+0000] {logging_mixin.py:151} INFO - [2023-11-16T09:52:58.907+0000] {dag.py:2941} INFO - Sync 1 DAGs
[2023-11-16T09:52:58.914+0000] {logging_mixin.py:151} INFO - [2023-11-16T09:52:58.914+0000] {dag.py:3722} INFO - Setting next_dagrun for example_dag_decorator to None, run_after=None
[2023-11-16T09:52:58.925+0000] {processor.py:179} INFO - Processing /home/airflow/.local/lib/python3.8/site-packages/airflow/example_dags/example_dag_decorator.py took 0.080 seconds
[2023-11-16T09:53:29.679+0000] {processor.py:157} INFO - Started process (PID=7327) to work on /home/airflow/.local/lib/python3.8/site-packages/airflow/example_dags/example_dag_decorator.py
[2023-11-16T09:53:29.682+0000] {processor.py:829} INFO - Processing file /home/airflow/.local/lib/python3.8/site-packages/airflow/example_dags/example_dag_decorator.py for tasks to queue
[2023-11-16T09:53:29.684+0000] {logging_mixin.py:151} INFO - [2023-11-16T09:53:29.684+0000] {dagbag.py:536} INFO - Filling up the DagBag from /home/airflow/.local/lib/python3.8/site-packages/airflow/example_dags/example_dag_decorator.py
[2023-11-16T09:53:29.728+0000] {processor.py:839} INFO - DAG(s) dict_keys(['example_dag_decorator']) retrieved from /home/airflow/.local/lib/python3.8/site-packages/airflow/example_dags/example_dag_decorator.py
[2023-11-16T09:53:29.743+0000] {logging_mixin.py:151} INFO - [2023-11-16T09:53:29.743+0000] {dag.py:2941} INFO - Sync 1 DAGs
[2023-11-16T09:53:29.751+0000] {logging_mixin.py:151} INFO - [2023-11-16T09:53:29.750+0000] {dag.py:3722} INFO - Setting next_dagrun for example_dag_decorator to None, run_after=None
[2023-11-16T09:53:29.761+0000] {processor.py:179} INFO - Processing /home/airflow/.local/lib/python3.8/site-packages/airflow/example_dags/example_dag_decorator.py took 0.086 seconds
[2023-11-16T09:53:59.777+0000] {processor.py:157} INFO - Started process (PID=7382) to work on /home/airflow/.local/lib/python3.8/site-packages/airflow/example_dags/example_dag_decorator.py
[2023-11-16T09:53:59.779+0000] {processor.py:829} INFO - Processing file /home/airflow/.local/lib/python3.8/site-packages/airflow/example_dags/example_dag_decorator.py for tasks to queue
[2023-11-16T09:53:59.780+0000] {logging_mixin.py:151} INFO - [2023-11-16T09:53:59.780+0000] {dagbag.py:536} INFO - Filling up the DagBag from /home/airflow/.local/lib/python3.8/site-packages/airflow/example_dags/example_dag_decorator.py
[2023-11-16T09:53:59.823+0000] {processor.py:839} INFO - DAG(s) dict_keys(['example_dag_decorator']) retrieved from /home/airflow/.local/lib/python3.8/site-packages/airflow/example_dags/example_dag_decorator.py
[2023-11-16T09:53:59.883+0000] {logging_mixin.py:151} INFO - [2023-11-16T09:53:59.883+0000] {dag.py:2941} INFO - Sync 1 DAGs
[2023-11-16T09:53:59.890+0000] {logging_mixin.py:151} INFO - [2023-11-16T09:53:59.890+0000] {dag.py:3722} INFO - Setting next_dagrun for example_dag_decorator to None, run_after=None
[2023-11-16T09:53:59.904+0000] {processor.py:179} INFO - Processing /home/airflow/.local/lib/python3.8/site-packages/airflow/example_dags/example_dag_decorator.py took 0.129 seconds
[2023-11-16T09:54:30.887+0000] {processor.py:157} INFO - Started process (PID=7438) to work on /home/airflow/.local/lib/python3.8/site-packages/airflow/example_dags/example_dag_decorator.py
[2023-11-16T09:54:30.887+0000] {processor.py:829} INFO - Processing file /home/airflow/.local/lib/python3.8/site-packages/airflow/example_dags/example_dag_decorator.py for tasks to queue
[2023-11-16T09:54:30.888+0000] {logging_mixin.py:151} INFO - [2023-11-16T09:54:30.888+0000] {dagbag.py:536} INFO - Filling up the DagBag from /home/airflow/.local/lib/python3.8/site-packages/airflow/example_dags/example_dag_decorator.py
[2023-11-16T09:54:30.933+0000] {processor.py:839} INFO - DAG(s) dict_keys(['example_dag_decorator']) retrieved from /home/airflow/.local/lib/python3.8/site-packages/airflow/example_dags/example_dag_decorator.py
[2023-11-16T09:54:31.002+0000] {logging_mixin.py:151} INFO - [2023-11-16T09:54:31.002+0000] {dag.py:2941} INFO - Sync 1 DAGs
[2023-11-16T09:54:31.008+0000] {logging_mixin.py:151} INFO - [2023-11-16T09:54:31.008+0000] {dag.py:3722} INFO - Setting next_dagrun for example_dag_decorator to None, run_after=None
[2023-11-16T09:54:31.027+0000] {processor.py:179} INFO - Processing /home/airflow/.local/lib/python3.8/site-packages/airflow/example_dags/example_dag_decorator.py took 0.142 seconds
[2023-11-16T09:55:02.010+0000] {processor.py:157} INFO - Started process (PID=7494) to work on /home/airflow/.local/lib/python3.8/site-packages/airflow/example_dags/example_dag_decorator.py
[2023-11-16T09:55:02.013+0000] {processor.py:829} INFO - Processing file /home/airflow/.local/lib/python3.8/site-packages/airflow/example_dags/example_dag_decorator.py for tasks to queue
[2023-11-16T09:55:02.014+0000] {logging_mixin.py:151} INFO - [2023-11-16T09:55:02.014+0000] {dagbag.py:536} INFO - Filling up the DagBag from /home/airflow/.local/lib/python3.8/site-packages/airflow/example_dags/example_dag_decorator.py
[2023-11-16T09:55:02.058+0000] {processor.py:839} INFO - DAG(s) dict_keys(['example_dag_decorator']) retrieved from /home/airflow/.local/lib/python3.8/site-packages/airflow/example_dags/example_dag_decorator.py
[2023-11-16T09:55:02.123+0000] {logging_mixin.py:151} INFO - [2023-11-16T09:55:02.123+0000] {dag.py:2941} INFO - Sync 1 DAGs
[2023-11-16T09:55:02.130+0000] {logging_mixin.py:151} INFO - [2023-11-16T09:55:02.129+0000] {dag.py:3722} INFO - Setting next_dagrun for example_dag_decorator to None, run_after=None
[2023-11-16T09:55:02.144+0000] {processor.py:179} INFO - Processing /home/airflow/.local/lib/python3.8/site-packages/airflow/example_dags/example_dag_decorator.py took 0.137 seconds
[2023-11-16T09:55:32.168+0000] {processor.py:157} INFO - Started process (PID=7550) to work on /home/airflow/.local/lib/python3.8/site-packages/airflow/example_dags/example_dag_decorator.py
[2023-11-16T09:55:32.169+0000] {processor.py:829} INFO - Processing file /home/airflow/.local/lib/python3.8/site-packages/airflow/example_dags/example_dag_decorator.py for tasks to queue
[2023-11-16T09:55:32.170+0000] {logging_mixin.py:151} INFO - [2023-11-16T09:55:32.170+0000] {dagbag.py:536} INFO - Filling up the DagBag from /home/airflow/.local/lib/python3.8/site-packages/airflow/example_dags/example_dag_decorator.py
[2023-11-16T09:55:32.214+0000] {processor.py:839} INFO - DAG(s) dict_keys(['example_dag_decorator']) retrieved from /home/airflow/.local/lib/python3.8/site-packages/airflow/example_dags/example_dag_decorator.py
[2023-11-16T09:55:32.275+0000] {logging_mixin.py:151} INFO - [2023-11-16T09:55:32.275+0000] {dag.py:2941} INFO - Sync 1 DAGs
[2023-11-16T09:55:32.281+0000] {logging_mixin.py:151} INFO - [2023-11-16T09:55:32.281+0000] {dag.py:3722} INFO - Setting next_dagrun for example_dag_decorator to None, run_after=None
[2023-11-16T09:55:32.294+0000] {processor.py:179} INFO - Processing /home/airflow/.local/lib/python3.8/site-packages/airflow/example_dags/example_dag_decorator.py took 0.129 seconds
[2023-11-16T09:56:03.261+0000] {processor.py:157} INFO - Started process (PID=7606) to work on /home/airflow/.local/lib/python3.8/site-packages/airflow/example_dags/example_dag_decorator.py
[2023-11-16T09:56:03.264+0000] {processor.py:829} INFO - Processing file /home/airflow/.local/lib/python3.8/site-packages/airflow/example_dags/example_dag_decorator.py for tasks to queue
[2023-11-16T09:56:03.266+0000] {logging_mixin.py:151} INFO - [2023-11-16T09:56:03.266+0000] {dagbag.py:536} INFO - Filling up the DagBag from /home/airflow/.local/lib/python3.8/site-packages/airflow/example_dags/example_dag_decorator.py
[2023-11-16T09:56:03.314+0000] {processor.py:839} INFO - DAG(s) dict_keys(['example_dag_decorator']) retrieved from /home/airflow/.local/lib/python3.8/site-packages/airflow/example_dags/example_dag_decorator.py
[2023-11-16T09:56:03.373+0000] {logging_mixin.py:151} INFO - [2023-11-16T09:56:03.373+0000] {dag.py:2941} INFO - Sync 1 DAGs
[2023-11-16T09:56:03.379+0000] {logging_mixin.py:151} INFO - [2023-11-16T09:56:03.379+0000] {dag.py:3722} INFO - Setting next_dagrun for example_dag_decorator to None, run_after=None
[2023-11-16T09:56:03.390+0000] {processor.py:179} INFO - Processing /home/airflow/.local/lib/python3.8/site-packages/airflow/example_dags/example_dag_decorator.py took 0.133 seconds
[2023-11-16T09:56:33.424+0000] {processor.py:157} INFO - Started process (PID=7662) to work on /home/airflow/.local/lib/python3.8/site-packages/airflow/example_dags/example_dag_decorator.py
[2023-11-16T09:56:33.425+0000] {processor.py:829} INFO - Processing file /home/airflow/.local/lib/python3.8/site-packages/airflow/example_dags/example_dag_decorator.py for tasks to queue
[2023-11-16T09:56:33.429+0000] {logging_mixin.py:151} INFO - [2023-11-16T09:56:33.429+0000] {dagbag.py:536} INFO - Filling up the DagBag from /home/airflow/.local/lib/python3.8/site-packages/airflow/example_dags/example_dag_decorator.py
[2023-11-16T09:56:33.506+0000] {processor.py:839} INFO - DAG(s) dict_keys(['example_dag_decorator']) retrieved from /home/airflow/.local/lib/python3.8/site-packages/airflow/example_dags/example_dag_decorator.py
[2023-11-16T09:56:33.575+0000] {logging_mixin.py:151} INFO - [2023-11-16T09:56:33.575+0000] {dag.py:2941} INFO - Sync 1 DAGs
[2023-11-16T09:56:33.583+0000] {logging_mixin.py:151} INFO - [2023-11-16T09:56:33.582+0000] {dag.py:3722} INFO - Setting next_dagrun for example_dag_decorator to None, run_after=None
[2023-11-16T09:56:33.598+0000] {processor.py:179} INFO - Processing /home/airflow/.local/lib/python3.8/site-packages/airflow/example_dags/example_dag_decorator.py took 0.179 seconds
[2023-11-16T09:57:03.815+0000] {processor.py:157} INFO - Started process (PID=7718) to work on /home/airflow/.local/lib/python3.8/site-packages/airflow/example_dags/example_dag_decorator.py
[2023-11-16T09:57:03.818+0000] {processor.py:829} INFO - Processing file /home/airflow/.local/lib/python3.8/site-packages/airflow/example_dags/example_dag_decorator.py for tasks to queue
[2023-11-16T09:57:03.820+0000] {logging_mixin.py:151} INFO - [2023-11-16T09:57:03.820+0000] {dagbag.py:536} INFO - Filling up the DagBag from /home/airflow/.local/lib/python3.8/site-packages/airflow/example_dags/example_dag_decorator.py
[2023-11-16T09:57:03.869+0000] {processor.py:839} INFO - DAG(s) dict_keys(['example_dag_decorator']) retrieved from /home/airflow/.local/lib/python3.8/site-packages/airflow/example_dags/example_dag_decorator.py
[2023-11-16T09:57:03.935+0000] {logging_mixin.py:151} INFO - [2023-11-16T09:57:03.935+0000] {dag.py:2941} INFO - Sync 1 DAGs
[2023-11-16T09:57:03.942+0000] {logging_mixin.py:151} INFO - [2023-11-16T09:57:03.942+0000] {dag.py:3722} INFO - Setting next_dagrun for example_dag_decorator to None, run_after=None
[2023-11-16T09:57:03.954+0000] {processor.py:179} INFO - Processing /home/airflow/.local/lib/python3.8/site-packages/airflow/example_dags/example_dag_decorator.py took 0.143 seconds
[2023-11-16T09:57:34.937+0000] {processor.py:157} INFO - Started process (PID=7774) to work on /home/airflow/.local/lib/python3.8/site-packages/airflow/example_dags/example_dag_decorator.py
[2023-11-16T09:57:34.937+0000] {processor.py:829} INFO - Processing file /home/airflow/.local/lib/python3.8/site-packages/airflow/example_dags/example_dag_decorator.py for tasks to queue
[2023-11-16T09:57:34.939+0000] {logging_mixin.py:151} INFO - [2023-11-16T09:57:34.939+0000] {dagbag.py:536} INFO - Filling up the DagBag from /home/airflow/.local/lib/python3.8/site-packages/airflow/example_dags/example_dag_decorator.py
[2023-11-16T09:57:34.981+0000] {processor.py:839} INFO - DAG(s) dict_keys(['example_dag_decorator']) retrieved from /home/airflow/.local/lib/python3.8/site-packages/airflow/example_dags/example_dag_decorator.py
[2023-11-16T09:57:35.045+0000] {logging_mixin.py:151} INFO - [2023-11-16T09:57:35.044+0000] {dag.py:2941} INFO - Sync 1 DAGs
[2023-11-16T09:57:35.052+0000] {logging_mixin.py:151} INFO - [2023-11-16T09:57:35.052+0000] {dag.py:3722} INFO - Setting next_dagrun for example_dag_decorator to None, run_after=None
[2023-11-16T09:57:35.063+0000] {processor.py:179} INFO - Processing /home/airflow/.local/lib/python3.8/site-packages/airflow/example_dags/example_dag_decorator.py took 0.129 seconds
[2023-11-16T09:58:06.056+0000] {processor.py:157} INFO - Started process (PID=7830) to work on /home/airflow/.local/lib/python3.8/site-packages/airflow/example_dags/example_dag_decorator.py
[2023-11-16T09:58:06.059+0000] {processor.py:829} INFO - Processing file /home/airflow/.local/lib/python3.8/site-packages/airflow/example_dags/example_dag_decorator.py for tasks to queue
[2023-11-16T09:58:06.062+0000] {logging_mixin.py:151} INFO - [2023-11-16T09:58:06.062+0000] {dagbag.py:536} INFO - Filling up the DagBag from /home/airflow/.local/lib/python3.8/site-packages/airflow/example_dags/example_dag_decorator.py
[2023-11-16T09:58:06.105+0000] {processor.py:839} INFO - DAG(s) dict_keys(['example_dag_decorator']) retrieved from /home/airflow/.local/lib/python3.8/site-packages/airflow/example_dags/example_dag_decorator.py
[2023-11-16T09:58:06.169+0000] {logging_mixin.py:151} INFO - [2023-11-16T09:58:06.169+0000] {dag.py:2941} INFO - Sync 1 DAGs
[2023-11-16T09:58:06.176+0000] {logging_mixin.py:151} INFO - [2023-11-16T09:58:06.176+0000] {dag.py:3722} INFO - Setting next_dagrun for example_dag_decorator to None, run_after=None
[2023-11-16T09:58:06.190+0000] {processor.py:179} INFO - Processing /home/airflow/.local/lib/python3.8/site-packages/airflow/example_dags/example_dag_decorator.py took 0.138 seconds
[2023-11-16T09:58:37.165+0000] {processor.py:157} INFO - Started process (PID=7886) to work on /home/airflow/.local/lib/python3.8/site-packages/airflow/example_dags/example_dag_decorator.py
[2023-11-16T09:58:37.166+0000] {processor.py:829} INFO - Processing file /home/airflow/.local/lib/python3.8/site-packages/airflow/example_dags/example_dag_decorator.py for tasks to queue
[2023-11-16T09:58:37.168+0000] {logging_mixin.py:151} INFO - [2023-11-16T09:58:37.168+0000] {dagbag.py:536} INFO - Filling up the DagBag from /home/airflow/.local/lib/python3.8/site-packages/airflow/example_dags/example_dag_decorator.py
[2023-11-16T09:58:37.210+0000] {processor.py:839} INFO - DAG(s) dict_keys(['example_dag_decorator']) retrieved from /home/airflow/.local/lib/python3.8/site-packages/airflow/example_dags/example_dag_decorator.py
[2023-11-16T09:58:37.272+0000] {logging_mixin.py:151} INFO - [2023-11-16T09:58:37.272+0000] {dag.py:2941} INFO - Sync 1 DAGs
[2023-11-16T09:58:37.279+0000] {logging_mixin.py:151} INFO - [2023-11-16T09:58:37.279+0000] {dag.py:3722} INFO - Setting next_dagrun for example_dag_decorator to None, run_after=None
[2023-11-16T09:58:37.292+0000] {processor.py:179} INFO - Processing /home/airflow/.local/lib/python3.8/site-packages/airflow/example_dags/example_dag_decorator.py took 0.130 seconds
[2023-11-16T09:59:07.312+0000] {processor.py:157} INFO - Started process (PID=7942) to work on /home/airflow/.local/lib/python3.8/site-packages/airflow/example_dags/example_dag_decorator.py
[2023-11-16T09:59:07.313+0000] {processor.py:829} INFO - Processing file /home/airflow/.local/lib/python3.8/site-packages/airflow/example_dags/example_dag_decorator.py for tasks to queue
[2023-11-16T09:59:07.314+0000] {logging_mixin.py:151} INFO - [2023-11-16T09:59:07.314+0000] {dagbag.py:536} INFO - Filling up the DagBag from /home/airflow/.local/lib/python3.8/site-packages/airflow/example_dags/example_dag_decorator.py
[2023-11-16T09:59:07.366+0000] {processor.py:839} INFO - DAG(s) dict_keys(['example_dag_decorator']) retrieved from /home/airflow/.local/lib/python3.8/site-packages/airflow/example_dags/example_dag_decorator.py
[2023-11-16T09:59:07.380+0000] {logging_mixin.py:151} INFO - [2023-11-16T09:59:07.380+0000] {dag.py:2941} INFO - Sync 1 DAGs
[2023-11-16T09:59:07.388+0000] {logging_mixin.py:151} INFO - [2023-11-16T09:59:07.388+0000] {dag.py:3722} INFO - Setting next_dagrun for example_dag_decorator to None, run_after=None
[2023-11-16T09:59:07.399+0000] {processor.py:179} INFO - Processing /home/airflow/.local/lib/python3.8/site-packages/airflow/example_dags/example_dag_decorator.py took 0.089 seconds
[2023-11-16T09:59:37.503+0000] {processor.py:157} INFO - Started process (PID=7998) to work on /home/airflow/.local/lib/python3.8/site-packages/airflow/example_dags/example_dag_decorator.py
[2023-11-16T09:59:37.504+0000] {processor.py:829} INFO - Processing file /home/airflow/.local/lib/python3.8/site-packages/airflow/example_dags/example_dag_decorator.py for tasks to queue
[2023-11-16T09:59:37.505+0000] {logging_mixin.py:151} INFO - [2023-11-16T09:59:37.505+0000] {dagbag.py:536} INFO - Filling up the DagBag from /home/airflow/.local/lib/python3.8/site-packages/airflow/example_dags/example_dag_decorator.py
[2023-11-16T09:59:37.554+0000] {processor.py:839} INFO - DAG(s) dict_keys(['example_dag_decorator']) retrieved from /home/airflow/.local/lib/python3.8/site-packages/airflow/example_dags/example_dag_decorator.py
[2023-11-16T09:59:37.621+0000] {logging_mixin.py:151} INFO - [2023-11-16T09:59:37.621+0000] {dag.py:2941} INFO - Sync 1 DAGs
[2023-11-16T09:59:37.627+0000] {logging_mixin.py:151} INFO - [2023-11-16T09:59:37.627+0000] {dag.py:3722} INFO - Setting next_dagrun for example_dag_decorator to None, run_after=None
[2023-11-16T09:59:37.638+0000] {processor.py:179} INFO - Processing /home/airflow/.local/lib/python3.8/site-packages/airflow/example_dags/example_dag_decorator.py took 0.137 seconds
[2023-11-16T10:00:08.559+0000] {processor.py:157} INFO - Started process (PID=8055) to work on /home/airflow/.local/lib/python3.8/site-packages/airflow/example_dags/example_dag_decorator.py
[2023-11-16T10:00:08.560+0000] {processor.py:829} INFO - Processing file /home/airflow/.local/lib/python3.8/site-packages/airflow/example_dags/example_dag_decorator.py for tasks to queue
[2023-11-16T10:00:08.562+0000] {logging_mixin.py:151} INFO - [2023-11-16T10:00:08.562+0000] {dagbag.py:536} INFO - Filling up the DagBag from /home/airflow/.local/lib/python3.8/site-packages/airflow/example_dags/example_dag_decorator.py
[2023-11-16T10:00:08.602+0000] {processor.py:839} INFO - DAG(s) dict_keys(['example_dag_decorator']) retrieved from /home/airflow/.local/lib/python3.8/site-packages/airflow/example_dags/example_dag_decorator.py
[2023-11-16T10:00:08.664+0000] {logging_mixin.py:151} INFO - [2023-11-16T10:00:08.664+0000] {dag.py:2941} INFO - Sync 1 DAGs
[2023-11-16T10:00:08.673+0000] {logging_mixin.py:151} INFO - [2023-11-16T10:00:08.673+0000] {dag.py:3722} INFO - Setting next_dagrun for example_dag_decorator to None, run_after=None
[2023-11-16T10:00:08.685+0000] {processor.py:179} INFO - Processing /home/airflow/.local/lib/python3.8/site-packages/airflow/example_dags/example_dag_decorator.py took 0.130 seconds
[2023-11-16T10:00:38.724+0000] {processor.py:157} INFO - Started process (PID=8111) to work on /home/airflow/.local/lib/python3.8/site-packages/airflow/example_dags/example_dag_decorator.py
[2023-11-16T10:00:38.726+0000] {processor.py:829} INFO - Processing file /home/airflow/.local/lib/python3.8/site-packages/airflow/example_dags/example_dag_decorator.py for tasks to queue
[2023-11-16T10:00:38.728+0000] {logging_mixin.py:151} INFO - [2023-11-16T10:00:38.728+0000] {dagbag.py:536} INFO - Filling up the DagBag from /home/airflow/.local/lib/python3.8/site-packages/airflow/example_dags/example_dag_decorator.py
[2023-11-16T10:00:38.770+0000] {processor.py:839} INFO - DAG(s) dict_keys(['example_dag_decorator']) retrieved from /home/airflow/.local/lib/python3.8/site-packages/airflow/example_dags/example_dag_decorator.py
[2023-11-16T10:00:38.836+0000] {logging_mixin.py:151} INFO - [2023-11-16T10:00:38.836+0000] {dag.py:2941} INFO - Sync 1 DAGs
[2023-11-16T10:00:38.843+0000] {logging_mixin.py:151} INFO - [2023-11-16T10:00:38.843+0000] {dag.py:3722} INFO - Setting next_dagrun for example_dag_decorator to None, run_after=None
[2023-11-16T10:00:38.954+0000] {processor.py:179} INFO - Processing /home/airflow/.local/lib/python3.8/site-packages/airflow/example_dags/example_dag_decorator.py took 0.232 seconds
[2023-11-16T10:01:09.856+0000] {processor.py:157} INFO - Started process (PID=8167) to work on /home/airflow/.local/lib/python3.8/site-packages/airflow/example_dags/example_dag_decorator.py
[2023-11-16T10:01:09.857+0000] {processor.py:829} INFO - Processing file /home/airflow/.local/lib/python3.8/site-packages/airflow/example_dags/example_dag_decorator.py for tasks to queue
[2023-11-16T10:01:09.858+0000] {logging_mixin.py:151} INFO - [2023-11-16T10:01:09.858+0000] {dagbag.py:536} INFO - Filling up the DagBag from /home/airflow/.local/lib/python3.8/site-packages/airflow/example_dags/example_dag_decorator.py
[2023-11-16T10:01:09.903+0000] {processor.py:839} INFO - DAG(s) dict_keys(['example_dag_decorator']) retrieved from /home/airflow/.local/lib/python3.8/site-packages/airflow/example_dags/example_dag_decorator.py
[2023-11-16T10:01:09.918+0000] {logging_mixin.py:151} INFO - [2023-11-16T10:01:09.918+0000] {dag.py:2941} INFO - Sync 1 DAGs
[2023-11-16T10:01:09.926+0000] {logging_mixin.py:151} INFO - [2023-11-16T10:01:09.926+0000] {dag.py:3722} INFO - Setting next_dagrun for example_dag_decorator to None, run_after=None
[2023-11-16T10:01:09.938+0000] {processor.py:179} INFO - Processing /home/airflow/.local/lib/python3.8/site-packages/airflow/example_dags/example_dag_decorator.py took 0.083 seconds
[2023-11-16T10:01:40.097+0000] {processor.py:157} INFO - Started process (PID=8223) to work on /home/airflow/.local/lib/python3.8/site-packages/airflow/example_dags/example_dag_decorator.py
[2023-11-16T10:01:40.099+0000] {processor.py:829} INFO - Processing file /home/airflow/.local/lib/python3.8/site-packages/airflow/example_dags/example_dag_decorator.py for tasks to queue
[2023-11-16T10:01:40.100+0000] {logging_mixin.py:151} INFO - [2023-11-16T10:01:40.100+0000] {dagbag.py:536} INFO - Filling up the DagBag from /home/airflow/.local/lib/python3.8/site-packages/airflow/example_dags/example_dag_decorator.py
[2023-11-16T10:01:40.149+0000] {processor.py:839} INFO - DAG(s) dict_keys(['example_dag_decorator']) retrieved from /home/airflow/.local/lib/python3.8/site-packages/airflow/example_dags/example_dag_decorator.py
[2023-11-16T10:01:40.214+0000] {logging_mixin.py:151} INFO - [2023-11-16T10:01:40.214+0000] {dag.py:2941} INFO - Sync 1 DAGs
[2023-11-16T10:01:40.221+0000] {logging_mixin.py:151} INFO - [2023-11-16T10:01:40.221+0000] {dag.py:3722} INFO - Setting next_dagrun for example_dag_decorator to None, run_after=None
[2023-11-16T10:01:40.235+0000] {processor.py:179} INFO - Processing /home/airflow/.local/lib/python3.8/site-packages/airflow/example_dags/example_dag_decorator.py took 0.140 seconds
[2023-11-16T10:02:10.499+0000] {processor.py:157} INFO - Started process (PID=8279) to work on /home/airflow/.local/lib/python3.8/site-packages/airflow/example_dags/example_dag_decorator.py
[2023-11-16T10:02:10.499+0000] {processor.py:829} INFO - Processing file /home/airflow/.local/lib/python3.8/site-packages/airflow/example_dags/example_dag_decorator.py for tasks to queue
[2023-11-16T10:02:10.501+0000] {logging_mixin.py:151} INFO - [2023-11-16T10:02:10.501+0000] {dagbag.py:536} INFO - Filling up the DagBag from /home/airflow/.local/lib/python3.8/site-packages/airflow/example_dags/example_dag_decorator.py
[2023-11-16T10:02:10.544+0000] {processor.py:839} INFO - DAG(s) dict_keys(['example_dag_decorator']) retrieved from /home/airflow/.local/lib/python3.8/site-packages/airflow/example_dags/example_dag_decorator.py
[2023-11-16T10:02:10.703+0000] {logging_mixin.py:151} INFO - [2023-11-16T10:02:10.703+0000] {dag.py:2941} INFO - Sync 1 DAGs
[2023-11-16T10:02:10.709+0000] {logging_mixin.py:151} INFO - [2023-11-16T10:02:10.709+0000] {dag.py:3722} INFO - Setting next_dagrun for example_dag_decorator to None, run_after=None
[2023-11-16T10:02:10.723+0000] {processor.py:179} INFO - Processing /home/airflow/.local/lib/python3.8/site-packages/airflow/example_dags/example_dag_decorator.py took 0.226 seconds
[2023-11-16T10:02:40.857+0000] {processor.py:157} INFO - Started process (PID=8335) to work on /home/airflow/.local/lib/python3.8/site-packages/airflow/example_dags/example_dag_decorator.py
[2023-11-16T10:02:40.859+0000] {processor.py:829} INFO - Processing file /home/airflow/.local/lib/python3.8/site-packages/airflow/example_dags/example_dag_decorator.py for tasks to queue
[2023-11-16T10:02:40.861+0000] {logging_mixin.py:151} INFO - [2023-11-16T10:02:40.860+0000] {dagbag.py:536} INFO - Filling up the DagBag from /home/airflow/.local/lib/python3.8/site-packages/airflow/example_dags/example_dag_decorator.py
[2023-11-16T10:02:40.902+0000] {processor.py:839} INFO - DAG(s) dict_keys(['example_dag_decorator']) retrieved from /home/airflow/.local/lib/python3.8/site-packages/airflow/example_dags/example_dag_decorator.py
[2023-11-16T10:02:40.972+0000] {logging_mixin.py:151} INFO - [2023-11-16T10:02:40.972+0000] {dag.py:2941} INFO - Sync 1 DAGs
[2023-11-16T10:02:41.080+0000] {logging_mixin.py:151} INFO - [2023-11-16T10:02:41.080+0000] {dag.py:3722} INFO - Setting next_dagrun for example_dag_decorator to None, run_after=None
[2023-11-16T10:02:41.094+0000] {processor.py:179} INFO - Processing /home/airflow/.local/lib/python3.8/site-packages/airflow/example_dags/example_dag_decorator.py took 0.239 seconds
[2023-11-16T10:03:11.366+0000] {processor.py:157} INFO - Started process (PID=8391) to work on /home/airflow/.local/lib/python3.8/site-packages/airflow/example_dags/example_dag_decorator.py
[2023-11-16T10:03:11.368+0000] {processor.py:829} INFO - Processing file /home/airflow/.local/lib/python3.8/site-packages/airflow/example_dags/example_dag_decorator.py for tasks to queue
[2023-11-16T10:03:11.370+0000] {logging_mixin.py:151} INFO - [2023-11-16T10:03:11.370+0000] {dagbag.py:536} INFO - Filling up the DagBag from /home/airflow/.local/lib/python3.8/site-packages/airflow/example_dags/example_dag_decorator.py
[2023-11-16T10:03:11.419+0000] {processor.py:839} INFO - DAG(s) dict_keys(['example_dag_decorator']) retrieved from /home/airflow/.local/lib/python3.8/site-packages/airflow/example_dags/example_dag_decorator.py
[2023-11-16T10:03:11.486+0000] {logging_mixin.py:151} INFO - [2023-11-16T10:03:11.486+0000] {dag.py:2941} INFO - Sync 1 DAGs
[2023-11-16T10:03:11.600+0000] {logging_mixin.py:151} INFO - [2023-11-16T10:03:11.600+0000] {dag.py:3722} INFO - Setting next_dagrun for example_dag_decorator to None, run_after=None
[2023-11-16T10:03:11.615+0000] {processor.py:179} INFO - Processing /home/airflow/.local/lib/python3.8/site-packages/airflow/example_dags/example_dag_decorator.py took 0.252 seconds
[2023-11-16T10:03:42.541+0000] {processor.py:157} INFO - Started process (PID=8446) to work on /home/airflow/.local/lib/python3.8/site-packages/airflow/example_dags/example_dag_decorator.py
[2023-11-16T10:03:42.542+0000] {processor.py:829} INFO - Processing file /home/airflow/.local/lib/python3.8/site-packages/airflow/example_dags/example_dag_decorator.py for tasks to queue
[2023-11-16T10:03:42.543+0000] {logging_mixin.py:151} INFO - [2023-11-16T10:03:42.543+0000] {dagbag.py:536} INFO - Filling up the DagBag from /home/airflow/.local/lib/python3.8/site-packages/airflow/example_dags/example_dag_decorator.py
[2023-11-16T10:03:42.584+0000] {processor.py:839} INFO - DAG(s) dict_keys(['example_dag_decorator']) retrieved from /home/airflow/.local/lib/python3.8/site-packages/airflow/example_dags/example_dag_decorator.py
[2023-11-16T10:03:42.648+0000] {logging_mixin.py:151} INFO - [2023-11-16T10:03:42.648+0000] {dag.py:2941} INFO - Sync 1 DAGs
[2023-11-16T10:03:42.657+0000] {logging_mixin.py:151} INFO - [2023-11-16T10:03:42.657+0000] {dag.py:3722} INFO - Setting next_dagrun for example_dag_decorator to None, run_after=None
[2023-11-16T10:03:42.770+0000] {processor.py:179} INFO - Processing /home/airflow/.local/lib/python3.8/site-packages/airflow/example_dags/example_dag_decorator.py took 0.231 seconds
[2023-11-16T10:04:13.683+0000] {processor.py:157} INFO - Started process (PID=8502) to work on /home/airflow/.local/lib/python3.8/site-packages/airflow/example_dags/example_dag_decorator.py
[2023-11-16T10:04:13.686+0000] {processor.py:829} INFO - Processing file /home/airflow/.local/lib/python3.8/site-packages/airflow/example_dags/example_dag_decorator.py for tasks to queue
[2023-11-16T10:04:13.687+0000] {logging_mixin.py:151} INFO - [2023-11-16T10:04:13.687+0000] {dagbag.py:536} INFO - Filling up the DagBag from /home/airflow/.local/lib/python3.8/site-packages/airflow/example_dags/example_dag_decorator.py
[2023-11-16T10:04:13.734+0000] {processor.py:839} INFO - DAG(s) dict_keys(['example_dag_decorator']) retrieved from /home/airflow/.local/lib/python3.8/site-packages/airflow/example_dags/example_dag_decorator.py
[2023-11-16T10:04:13.801+0000] {logging_mixin.py:151} INFO - [2023-11-16T10:04:13.801+0000] {dag.py:2941} INFO - Sync 1 DAGs
[2023-11-16T10:04:13.808+0000] {logging_mixin.py:151} INFO - [2023-11-16T10:04:13.808+0000] {dag.py:3722} INFO - Setting next_dagrun for example_dag_decorator to None, run_after=None
[2023-11-16T10:04:13.820+0000] {processor.py:179} INFO - Processing /home/airflow/.local/lib/python3.8/site-packages/airflow/example_dags/example_dag_decorator.py took 0.139 seconds
[2023-11-16T10:04:44.452+0000] {processor.py:157} INFO - Started process (PID=8559) to work on /home/airflow/.local/lib/python3.8/site-packages/airflow/example_dags/example_dag_decorator.py
[2023-11-16T10:04:44.455+0000] {processor.py:829} INFO - Processing file /home/airflow/.local/lib/python3.8/site-packages/airflow/example_dags/example_dag_decorator.py for tasks to queue
[2023-11-16T10:04:44.456+0000] {logging_mixin.py:151} INFO - [2023-11-16T10:04:44.456+0000] {dagbag.py:536} INFO - Filling up the DagBag from /home/airflow/.local/lib/python3.8/site-packages/airflow/example_dags/example_dag_decorator.py
[2023-11-16T10:04:44.498+0000] {processor.py:839} INFO - DAG(s) dict_keys(['example_dag_decorator']) retrieved from /home/airflow/.local/lib/python3.8/site-packages/airflow/example_dags/example_dag_decorator.py
[2023-11-16T10:04:44.515+0000] {logging_mixin.py:151} INFO - [2023-11-16T10:04:44.514+0000] {dag.py:2941} INFO - Sync 1 DAGs
[2023-11-16T10:04:44.522+0000] {logging_mixin.py:151} INFO - [2023-11-16T10:04:44.522+0000] {dag.py:3722} INFO - Setting next_dagrun for example_dag_decorator to None, run_after=None
[2023-11-16T10:04:44.534+0000] {processor.py:179} INFO - Processing /home/airflow/.local/lib/python3.8/site-packages/airflow/example_dags/example_dag_decorator.py took 0.084 seconds
[2023-11-16T10:05:14.616+0000] {processor.py:157} INFO - Started process (PID=8616) to work on /home/airflow/.local/lib/python3.8/site-packages/airflow/example_dags/example_dag_decorator.py
[2023-11-16T10:05:14.619+0000] {processor.py:829} INFO - Processing file /home/airflow/.local/lib/python3.8/site-packages/airflow/example_dags/example_dag_decorator.py for tasks to queue
[2023-11-16T10:05:14.620+0000] {logging_mixin.py:151} INFO - [2023-11-16T10:05:14.620+0000] {dagbag.py:536} INFO - Filling up the DagBag from /home/airflow/.local/lib/python3.8/site-packages/airflow/example_dags/example_dag_decorator.py
[2023-11-16T10:05:14.665+0000] {processor.py:839} INFO - DAG(s) dict_keys(['example_dag_decorator']) retrieved from /home/airflow/.local/lib/python3.8/site-packages/airflow/example_dags/example_dag_decorator.py
[2023-11-16T10:05:14.816+0000] {logging_mixin.py:151} INFO - [2023-11-16T10:05:14.816+0000] {dag.py:2941} INFO - Sync 1 DAGs
[2023-11-16T10:05:14.822+0000] {logging_mixin.py:151} INFO - [2023-11-16T10:05:14.822+0000] {dag.py:3722} INFO - Setting next_dagrun for example_dag_decorator to None, run_after=None
[2023-11-16T10:05:14.835+0000] {processor.py:179} INFO - Processing /home/airflow/.local/lib/python3.8/site-packages/airflow/example_dags/example_dag_decorator.py took 0.221 seconds
[2023-11-16T10:05:45.692+0000] {processor.py:157} INFO - Started process (PID=8672) to work on /home/airflow/.local/lib/python3.8/site-packages/airflow/example_dags/example_dag_decorator.py
[2023-11-16T10:05:45.695+0000] {processor.py:829} INFO - Processing file /home/airflow/.local/lib/python3.8/site-packages/airflow/example_dags/example_dag_decorator.py for tasks to queue
[2023-11-16T10:05:45.697+0000] {logging_mixin.py:151} INFO - [2023-11-16T10:05:45.696+0000] {dagbag.py:536} INFO - Filling up the DagBag from /home/airflow/.local/lib/python3.8/site-packages/airflow/example_dags/example_dag_decorator.py
[2023-11-16T10:05:45.742+0000] {processor.py:839} INFO - DAG(s) dict_keys(['example_dag_decorator']) retrieved from /home/airflow/.local/lib/python3.8/site-packages/airflow/example_dags/example_dag_decorator.py
[2023-11-16T10:05:45.756+0000] {logging_mixin.py:151} INFO - [2023-11-16T10:05:45.756+0000] {dag.py:2941} INFO - Sync 1 DAGs
[2023-11-16T10:05:45.763+0000] {logging_mixin.py:151} INFO - [2023-11-16T10:05:45.763+0000] {dag.py:3722} INFO - Setting next_dagrun for example_dag_decorator to None, run_after=None
[2023-11-16T10:05:45.773+0000] {processor.py:179} INFO - Processing /home/airflow/.local/lib/python3.8/site-packages/airflow/example_dags/example_dag_decorator.py took 0.083 seconds
[2023-11-16T10:06:16.399+0000] {processor.py:157} INFO - Started process (PID=8729) to work on /home/airflow/.local/lib/python3.8/site-packages/airflow/example_dags/example_dag_decorator.py
[2023-11-16T10:06:16.402+0000] {processor.py:829} INFO - Processing file /home/airflow/.local/lib/python3.8/site-packages/airflow/example_dags/example_dag_decorator.py for tasks to queue
[2023-11-16T10:06:16.403+0000] {logging_mixin.py:151} INFO - [2023-11-16T10:06:16.403+0000] {dagbag.py:536} INFO - Filling up the DagBag from /home/airflow/.local/lib/python3.8/site-packages/airflow/example_dags/example_dag_decorator.py
[2023-11-16T10:06:16.445+0000] {processor.py:839} INFO - DAG(s) dict_keys(['example_dag_decorator']) retrieved from /home/airflow/.local/lib/python3.8/site-packages/airflow/example_dags/example_dag_decorator.py
[2023-11-16T10:06:16.460+0000] {logging_mixin.py:151} INFO - [2023-11-16T10:06:16.460+0000] {dag.py:2941} INFO - Sync 1 DAGs
[2023-11-16T10:06:16.467+0000] {logging_mixin.py:151} INFO - [2023-11-16T10:06:16.467+0000] {dag.py:3722} INFO - Setting next_dagrun for example_dag_decorator to None, run_after=None
[2023-11-16T10:06:16.477+0000] {processor.py:179} INFO - Processing /home/airflow/.local/lib/python3.8/site-packages/airflow/example_dags/example_dag_decorator.py took 0.080 seconds
[2023-11-16T10:06:46.998+0000] {processor.py:157} INFO - Started process (PID=8784) to work on /home/airflow/.local/lib/python3.8/site-packages/airflow/example_dags/example_dag_decorator.py
[2023-11-16T10:06:46.998+0000] {processor.py:829} INFO - Processing file /home/airflow/.local/lib/python3.8/site-packages/airflow/example_dags/example_dag_decorator.py for tasks to queue
[2023-11-16T10:06:46.999+0000] {logging_mixin.py:151} INFO - [2023-11-16T10:06:46.999+0000] {dagbag.py:536} INFO - Filling up the DagBag from /home/airflow/.local/lib/python3.8/site-packages/airflow/example_dags/example_dag_decorator.py
[2023-11-16T10:06:47.040+0000] {processor.py:839} INFO - DAG(s) dict_keys(['example_dag_decorator']) retrieved from /home/airflow/.local/lib/python3.8/site-packages/airflow/example_dags/example_dag_decorator.py
[2023-11-16T10:06:47.187+0000] {logging_mixin.py:151} INFO - [2023-11-16T10:06:47.187+0000] {dag.py:2941} INFO - Sync 1 DAGs
[2023-11-16T10:06:47.193+0000] {logging_mixin.py:151} INFO - [2023-11-16T10:06:47.193+0000] {dag.py:3722} INFO - Setting next_dagrun for example_dag_decorator to None, run_after=None
[2023-11-16T10:06:47.206+0000] {processor.py:179} INFO - Processing /home/airflow/.local/lib/python3.8/site-packages/airflow/example_dags/example_dag_decorator.py took 0.210 seconds
[2023-11-16T10:07:17.615+0000] {processor.py:157} INFO - Started process (PID=8840) to work on /home/airflow/.local/lib/python3.8/site-packages/airflow/example_dags/example_dag_decorator.py
[2023-11-16T10:07:17.618+0000] {processor.py:829} INFO - Processing file /home/airflow/.local/lib/python3.8/site-packages/airflow/example_dags/example_dag_decorator.py for tasks to queue
[2023-11-16T10:07:17.620+0000] {logging_mixin.py:151} INFO - [2023-11-16T10:07:17.620+0000] {dagbag.py:536} INFO - Filling up the DagBag from /home/airflow/.local/lib/python3.8/site-packages/airflow/example_dags/example_dag_decorator.py
[2023-11-16T10:07:17.665+0000] {processor.py:839} INFO - DAG(s) dict_keys(['example_dag_decorator']) retrieved from /home/airflow/.local/lib/python3.8/site-packages/airflow/example_dags/example_dag_decorator.py
[2023-11-16T10:07:17.679+0000] {logging_mixin.py:151} INFO - [2023-11-16T10:07:17.678+0000] {dag.py:2941} INFO - Sync 1 DAGs
[2023-11-16T10:07:17.686+0000] {logging_mixin.py:151} INFO - [2023-11-16T10:07:17.686+0000] {dag.py:3722} INFO - Setting next_dagrun for example_dag_decorator to None, run_after=None
[2023-11-16T10:07:17.786+0000] {processor.py:179} INFO - Processing /home/airflow/.local/lib/python3.8/site-packages/airflow/example_dags/example_dag_decorator.py took 0.175 seconds
[2023-11-16T10:07:48.253+0000] {processor.py:157} INFO - Started process (PID=8897) to work on /home/airflow/.local/lib/python3.8/site-packages/airflow/example_dags/example_dag_decorator.py
[2023-11-16T10:07:48.256+0000] {processor.py:829} INFO - Processing file /home/airflow/.local/lib/python3.8/site-packages/airflow/example_dags/example_dag_decorator.py for tasks to queue
[2023-11-16T10:07:48.258+0000] {logging_mixin.py:151} INFO - [2023-11-16T10:07:48.258+0000] {dagbag.py:536} INFO - Filling up the DagBag from /home/airflow/.local/lib/python3.8/site-packages/airflow/example_dags/example_dag_decorator.py
[2023-11-16T10:07:48.299+0000] {processor.py:839} INFO - DAG(s) dict_keys(['example_dag_decorator']) retrieved from /home/airflow/.local/lib/python3.8/site-packages/airflow/example_dags/example_dag_decorator.py
[2023-11-16T10:07:48.450+0000] {logging_mixin.py:151} INFO - [2023-11-16T10:07:48.450+0000] {dag.py:2941} INFO - Sync 1 DAGs
[2023-11-16T10:07:48.456+0000] {logging_mixin.py:151} INFO - [2023-11-16T10:07:48.456+0000] {dag.py:3722} INFO - Setting next_dagrun for example_dag_decorator to None, run_after=None
[2023-11-16T10:07:48.468+0000] {processor.py:179} INFO - Processing /home/airflow/.local/lib/python3.8/site-packages/airflow/example_dags/example_dag_decorator.py took 0.217 seconds
[2023-11-16T10:08:19.001+0000] {processor.py:157} INFO - Started process (PID=8953) to work on /home/airflow/.local/lib/python3.8/site-packages/airflow/example_dags/example_dag_decorator.py
[2023-11-16T10:08:19.004+0000] {processor.py:829} INFO - Processing file /home/airflow/.local/lib/python3.8/site-packages/airflow/example_dags/example_dag_decorator.py for tasks to queue
[2023-11-16T10:08:19.006+0000] {logging_mixin.py:151} INFO - [2023-11-16T10:08:19.006+0000] {dagbag.py:536} INFO - Filling up the DagBag from /home/airflow/.local/lib/python3.8/site-packages/airflow/example_dags/example_dag_decorator.py
[2023-11-16T10:08:19.050+0000] {processor.py:839} INFO - DAG(s) dict_keys(['example_dag_decorator']) retrieved from /home/airflow/.local/lib/python3.8/site-packages/airflow/example_dags/example_dag_decorator.py
[2023-11-16T10:08:19.064+0000] {logging_mixin.py:151} INFO - [2023-11-16T10:08:19.064+0000] {dag.py:2941} INFO - Sync 1 DAGs
[2023-11-16T10:08:19.071+0000] {logging_mixin.py:151} INFO - [2023-11-16T10:08:19.071+0000] {dag.py:3722} INFO - Setting next_dagrun for example_dag_decorator to None, run_after=None
[2023-11-16T10:08:19.082+0000] {processor.py:179} INFO - Processing /home/airflow/.local/lib/python3.8/site-packages/airflow/example_dags/example_dag_decorator.py took 0.084 seconds
[2023-11-16T10:08:49.630+0000] {processor.py:157} INFO - Started process (PID=9009) to work on /home/airflow/.local/lib/python3.8/site-packages/airflow/example_dags/example_dag_decorator.py
[2023-11-16T10:08:49.631+0000] {processor.py:829} INFO - Processing file /home/airflow/.local/lib/python3.8/site-packages/airflow/example_dags/example_dag_decorator.py for tasks to queue
[2023-11-16T10:08:49.633+0000] {logging_mixin.py:151} INFO - [2023-11-16T10:08:49.632+0000] {dagbag.py:536} INFO - Filling up the DagBag from /home/airflow/.local/lib/python3.8/site-packages/airflow/example_dags/example_dag_decorator.py
[2023-11-16T10:08:49.676+0000] {processor.py:839} INFO - DAG(s) dict_keys(['example_dag_decorator']) retrieved from /home/airflow/.local/lib/python3.8/site-packages/airflow/example_dags/example_dag_decorator.py
[2023-11-16T10:08:49.690+0000] {logging_mixin.py:151} INFO - [2023-11-16T10:08:49.690+0000] {dag.py:2941} INFO - Sync 1 DAGs
[2023-11-16T10:08:49.697+0000] {logging_mixin.py:151} INFO - [2023-11-16T10:08:49.697+0000] {dag.py:3722} INFO - Setting next_dagrun for example_dag_decorator to None, run_after=None
[2023-11-16T10:08:49.708+0000] {processor.py:179} INFO - Processing /home/airflow/.local/lib/python3.8/site-packages/airflow/example_dags/example_dag_decorator.py took 0.082 seconds
[2023-11-16T10:09:20.421+0000] {processor.py:157} INFO - Started process (PID=9066) to work on /home/airflow/.local/lib/python3.8/site-packages/airflow/example_dags/example_dag_decorator.py
[2023-11-16T10:09:20.423+0000] {processor.py:829} INFO - Processing file /home/airflow/.local/lib/python3.8/site-packages/airflow/example_dags/example_dag_decorator.py for tasks to queue
[2023-11-16T10:09:20.424+0000] {logging_mixin.py:151} INFO - [2023-11-16T10:09:20.424+0000] {dagbag.py:536} INFO - Filling up the DagBag from /home/airflow/.local/lib/python3.8/site-packages/airflow/example_dags/example_dag_decorator.py
[2023-11-16T10:09:20.464+0000] {processor.py:839} INFO - DAG(s) dict_keys(['example_dag_decorator']) retrieved from /home/airflow/.local/lib/python3.8/site-packages/airflow/example_dags/example_dag_decorator.py
[2023-11-16T10:09:20.612+0000] {logging_mixin.py:151} INFO - [2023-11-16T10:09:20.612+0000] {dag.py:2941} INFO - Sync 1 DAGs
[2023-11-16T10:09:20.618+0000] {logging_mixin.py:151} INFO - [2023-11-16T10:09:20.618+0000] {dag.py:3722} INFO - Setting next_dagrun for example_dag_decorator to None, run_after=None
[2023-11-16T10:09:20.631+0000] {processor.py:179} INFO - Processing /home/airflow/.local/lib/python3.8/site-packages/airflow/example_dags/example_dag_decorator.py took 0.212 seconds
[2023-11-16T10:09:51.511+0000] {processor.py:157} INFO - Started process (PID=9122) to work on /home/airflow/.local/lib/python3.8/site-packages/airflow/example_dags/example_dag_decorator.py
[2023-11-16T10:09:51.512+0000] {processor.py:829} INFO - Processing file /home/airflow/.local/lib/python3.8/site-packages/airflow/example_dags/example_dag_decorator.py for tasks to queue
[2023-11-16T10:09:51.513+0000] {logging_mixin.py:151} INFO - [2023-11-16T10:09:51.513+0000] {dagbag.py:536} INFO - Filling up the DagBag from /home/airflow/.local/lib/python3.8/site-packages/airflow/example_dags/example_dag_decorator.py
[2023-11-16T10:09:51.554+0000] {processor.py:839} INFO - DAG(s) dict_keys(['example_dag_decorator']) retrieved from /home/airflow/.local/lib/python3.8/site-packages/airflow/example_dags/example_dag_decorator.py
[2023-11-16T10:09:51.717+0000] {logging_mixin.py:151} INFO - [2023-11-16T10:09:51.717+0000] {dag.py:2941} INFO - Sync 1 DAGs
[2023-11-16T10:09:51.725+0000] {logging_mixin.py:151} INFO - [2023-11-16T10:09:51.725+0000] {dag.py:3722} INFO - Setting next_dagrun for example_dag_decorator to None, run_after=None
[2023-11-16T10:09:51.738+0000] {processor.py:179} INFO - Processing /home/airflow/.local/lib/python3.8/site-packages/airflow/example_dags/example_dag_decorator.py took 0.229 seconds
[2023-11-16T10:10:21.797+0000] {processor.py:157} INFO - Started process (PID=9178) to work on /home/airflow/.local/lib/python3.8/site-packages/airflow/example_dags/example_dag_decorator.py
[2023-11-16T10:10:21.798+0000] {processor.py:829} INFO - Processing file /home/airflow/.local/lib/python3.8/site-packages/airflow/example_dags/example_dag_decorator.py for tasks to queue
[2023-11-16T10:10:21.799+0000] {logging_mixin.py:151} INFO - [2023-11-16T10:10:21.799+0000] {dagbag.py:536} INFO - Filling up the DagBag from /home/airflow/.local/lib/python3.8/site-packages/airflow/example_dags/example_dag_decorator.py
[2023-11-16T10:10:21.841+0000] {processor.py:839} INFO - DAG(s) dict_keys(['example_dag_decorator']) retrieved from /home/airflow/.local/lib/python3.8/site-packages/airflow/example_dags/example_dag_decorator.py
[2023-11-16T10:10:21.856+0000] {logging_mixin.py:151} INFO - [2023-11-16T10:10:21.856+0000] {dag.py:2941} INFO - Sync 1 DAGs
[2023-11-16T10:10:21.867+0000] {logging_mixin.py:151} INFO - [2023-11-16T10:10:21.867+0000] {dag.py:3722} INFO - Setting next_dagrun for example_dag_decorator to None, run_after=None
[2023-11-16T10:10:21.966+0000] {processor.py:179} INFO - Processing /home/airflow/.local/lib/python3.8/site-packages/airflow/example_dags/example_dag_decorator.py took 0.172 seconds
[2023-11-16T10:10:52.689+0000] {processor.py:157} INFO - Started process (PID=9242) to work on /home/airflow/.local/lib/python3.8/site-packages/airflow/example_dags/example_dag_decorator.py
[2023-11-16T10:10:52.690+0000] {processor.py:829} INFO - Processing file /home/airflow/.local/lib/python3.8/site-packages/airflow/example_dags/example_dag_decorator.py for tasks to queue
[2023-11-16T10:10:52.692+0000] {logging_mixin.py:151} INFO - [2023-11-16T10:10:52.692+0000] {dagbag.py:536} INFO - Filling up the DagBag from /home/airflow/.local/lib/python3.8/site-packages/airflow/example_dags/example_dag_decorator.py
[2023-11-16T10:10:52.735+0000] {processor.py:839} INFO - DAG(s) dict_keys(['example_dag_decorator']) retrieved from /home/airflow/.local/lib/python3.8/site-packages/airflow/example_dags/example_dag_decorator.py
[2023-11-16T10:10:52.887+0000] {logging_mixin.py:151} INFO - [2023-11-16T10:10:52.887+0000] {dag.py:2941} INFO - Sync 1 DAGs
[2023-11-16T10:10:52.893+0000] {logging_mixin.py:151} INFO - [2023-11-16T10:10:52.893+0000] {dag.py:3722} INFO - Setting next_dagrun for example_dag_decorator to None, run_after=None
[2023-11-16T10:10:52.904+0000] {processor.py:179} INFO - Processing /home/airflow/.local/lib/python3.8/site-packages/airflow/example_dags/example_dag_decorator.py took 0.218 seconds
[2023-11-16T10:11:22.933+0000] {processor.py:157} INFO - Started process (PID=9298) to work on /home/airflow/.local/lib/python3.8/site-packages/airflow/example_dags/example_dag_decorator.py
[2023-11-16T10:11:22.934+0000] {processor.py:829} INFO - Processing file /home/airflow/.local/lib/python3.8/site-packages/airflow/example_dags/example_dag_decorator.py for tasks to queue
[2023-11-16T10:11:22.936+0000] {logging_mixin.py:151} INFO - [2023-11-16T10:11:22.936+0000] {dagbag.py:536} INFO - Filling up the DagBag from /home/airflow/.local/lib/python3.8/site-packages/airflow/example_dags/example_dag_decorator.py
[2023-11-16T10:11:22.981+0000] {processor.py:839} INFO - DAG(s) dict_keys(['example_dag_decorator']) retrieved from /home/airflow/.local/lib/python3.8/site-packages/airflow/example_dags/example_dag_decorator.py
[2023-11-16T10:11:23.131+0000] {logging_mixin.py:151} INFO - [2023-11-16T10:11:23.130+0000] {dag.py:2941} INFO - Sync 1 DAGs
[2023-11-16T10:11:23.137+0000] {logging_mixin.py:151} INFO - [2023-11-16T10:11:23.137+0000] {dag.py:3722} INFO - Setting next_dagrun for example_dag_decorator to None, run_after=None
[2023-11-16T10:11:23.147+0000] {processor.py:179} INFO - Processing /home/airflow/.local/lib/python3.8/site-packages/airflow/example_dags/example_dag_decorator.py took 0.219 seconds
[2023-11-16T10:11:53.441+0000] {processor.py:157} INFO - Started process (PID=9355) to work on /home/airflow/.local/lib/python3.8/site-packages/airflow/example_dags/example_dag_decorator.py
[2023-11-16T10:11:53.442+0000] {processor.py:829} INFO - Processing file /home/airflow/.local/lib/python3.8/site-packages/airflow/example_dags/example_dag_decorator.py for tasks to queue
[2023-11-16T10:11:53.445+0000] {logging_mixin.py:151} INFO - [2023-11-16T10:11:53.445+0000] {dagbag.py:536} INFO - Filling up the DagBag from /home/airflow/.local/lib/python3.8/site-packages/airflow/example_dags/example_dag_decorator.py
[2023-11-16T10:11:53.577+0000] {processor.py:839} INFO - DAG(s) dict_keys(['example_dag_decorator']) retrieved from /home/airflow/.local/lib/python3.8/site-packages/airflow/example_dags/example_dag_decorator.py
[2023-11-16T10:11:53.590+0000] {logging_mixin.py:151} INFO - [2023-11-16T10:11:53.590+0000] {dag.py:2941} INFO - Sync 1 DAGs
[2023-11-16T10:11:53.596+0000] {logging_mixin.py:151} INFO - [2023-11-16T10:11:53.596+0000] {dag.py:3722} INFO - Setting next_dagrun for example_dag_decorator to None, run_after=None
[2023-11-16T10:11:53.608+0000] {processor.py:179} INFO - Processing /home/airflow/.local/lib/python3.8/site-packages/airflow/example_dags/example_dag_decorator.py took 0.172 seconds
[2023-11-16T10:12:23.803+0000] {processor.py:157} INFO - Started process (PID=9412) to work on /home/airflow/.local/lib/python3.8/site-packages/airflow/example_dags/example_dag_decorator.py
[2023-11-16T10:12:23.804+0000] {processor.py:829} INFO - Processing file /home/airflow/.local/lib/python3.8/site-packages/airflow/example_dags/example_dag_decorator.py for tasks to queue
[2023-11-16T10:12:23.805+0000] {logging_mixin.py:151} INFO - [2023-11-16T10:12:23.805+0000] {dagbag.py:536} INFO - Filling up the DagBag from /home/airflow/.local/lib/python3.8/site-packages/airflow/example_dags/example_dag_decorator.py
[2023-11-16T10:12:23.845+0000] {processor.py:839} INFO - DAG(s) dict_keys(['example_dag_decorator']) retrieved from /home/airflow/.local/lib/python3.8/site-packages/airflow/example_dags/example_dag_decorator.py
[2023-11-16T10:12:24.032+0000] {logging_mixin.py:151} INFO - [2023-11-16T10:12:24.032+0000] {dag.py:2941} INFO - Sync 1 DAGs
[2023-11-16T10:12:24.041+0000] {logging_mixin.py:151} INFO - [2023-11-16T10:12:24.041+0000] {dag.py:3722} INFO - Setting next_dagrun for example_dag_decorator to None, run_after=None
[2023-11-16T10:12:24.055+0000] {processor.py:179} INFO - Processing /home/airflow/.local/lib/python3.8/site-packages/airflow/example_dags/example_dag_decorator.py took 0.253 seconds
[2023-11-16T10:12:54.227+0000] {processor.py:157} INFO - Started process (PID=9469) to work on /home/airflow/.local/lib/python3.8/site-packages/airflow/example_dags/example_dag_decorator.py
[2023-11-16T10:12:54.231+0000] {processor.py:829} INFO - Processing file /home/airflow/.local/lib/python3.8/site-packages/airflow/example_dags/example_dag_decorator.py for tasks to queue
[2023-11-16T10:12:54.233+0000] {logging_mixin.py:151} INFO - [2023-11-16T10:12:54.233+0000] {dagbag.py:536} INFO - Filling up the DagBag from /home/airflow/.local/lib/python3.8/site-packages/airflow/example_dags/example_dag_decorator.py
[2023-11-16T10:12:54.276+0000] {processor.py:839} INFO - DAG(s) dict_keys(['example_dag_decorator']) retrieved from /home/airflow/.local/lib/python3.8/site-packages/airflow/example_dags/example_dag_decorator.py
[2023-11-16T10:12:54.422+0000] {logging_mixin.py:151} INFO - [2023-11-16T10:12:54.422+0000] {dag.py:2941} INFO - Sync 1 DAGs
[2023-11-16T10:12:54.428+0000] {logging_mixin.py:151} INFO - [2023-11-16T10:12:54.428+0000] {dag.py:3722} INFO - Setting next_dagrun for example_dag_decorator to None, run_after=None
[2023-11-16T10:12:54.441+0000] {processor.py:179} INFO - Processing /home/airflow/.local/lib/python3.8/site-packages/airflow/example_dags/example_dag_decorator.py took 0.216 seconds
[2023-11-16T10:13:24.683+0000] {processor.py:157} INFO - Started process (PID=9525) to work on /home/airflow/.local/lib/python3.8/site-packages/airflow/example_dags/example_dag_decorator.py
[2023-11-16T10:13:24.686+0000] {processor.py:829} INFO - Processing file /home/airflow/.local/lib/python3.8/site-packages/airflow/example_dags/example_dag_decorator.py for tasks to queue
[2023-11-16T10:13:24.688+0000] {logging_mixin.py:151} INFO - [2023-11-16T10:13:24.688+0000] {dagbag.py:536} INFO - Filling up the DagBag from /home/airflow/.local/lib/python3.8/site-packages/airflow/example_dags/example_dag_decorator.py
[2023-11-16T10:13:24.819+0000] {processor.py:839} INFO - DAG(s) dict_keys(['example_dag_decorator']) retrieved from /home/airflow/.local/lib/python3.8/site-packages/airflow/example_dags/example_dag_decorator.py
[2023-11-16T10:13:24.876+0000] {logging_mixin.py:151} INFO - [2023-11-16T10:13:24.876+0000] {dag.py:2941} INFO - Sync 1 DAGs
[2023-11-16T10:13:24.883+0000] {logging_mixin.py:151} INFO - [2023-11-16T10:13:24.883+0000] {dag.py:3722} INFO - Setting next_dagrun for example_dag_decorator to None, run_after=None
[2023-11-16T10:13:24.896+0000] {processor.py:179} INFO - Processing /home/airflow/.local/lib/python3.8/site-packages/airflow/example_dags/example_dag_decorator.py took 0.214 seconds
[2023-11-16T10:13:54.969+0000] {processor.py:157} INFO - Started process (PID=9581) to work on /home/airflow/.local/lib/python3.8/site-packages/airflow/example_dags/example_dag_decorator.py
[2023-11-16T10:13:54.970+0000] {processor.py:829} INFO - Processing file /home/airflow/.local/lib/python3.8/site-packages/airflow/example_dags/example_dag_decorator.py for tasks to queue
[2023-11-16T10:13:54.972+0000] {logging_mixin.py:151} INFO - [2023-11-16T10:13:54.972+0000] {dagbag.py:536} INFO - Filling up the DagBag from /home/airflow/.local/lib/python3.8/site-packages/airflow/example_dags/example_dag_decorator.py
[2023-11-16T10:13:55.110+0000] {processor.py:839} INFO - DAG(s) dict_keys(['example_dag_decorator']) retrieved from /home/airflow/.local/lib/python3.8/site-packages/airflow/example_dags/example_dag_decorator.py
[2023-11-16T10:13:55.183+0000] {logging_mixin.py:151} INFO - [2023-11-16T10:13:55.182+0000] {dag.py:2941} INFO - Sync 1 DAGs
[2023-11-16T10:13:55.189+0000] {logging_mixin.py:151} INFO - [2023-11-16T10:13:55.189+0000] {dag.py:3722} INFO - Setting next_dagrun for example_dag_decorator to None, run_after=None
[2023-11-16T10:13:55.200+0000] {processor.py:179} INFO - Processing /home/airflow/.local/lib/python3.8/site-packages/airflow/example_dags/example_dag_decorator.py took 0.235 seconds
[2023-11-16T10:14:25.827+0000] {processor.py:157} INFO - Started process (PID=9638) to work on /home/airflow/.local/lib/python3.8/site-packages/airflow/example_dags/example_dag_decorator.py
[2023-11-16T10:14:25.828+0000] {processor.py:829} INFO - Processing file /home/airflow/.local/lib/python3.8/site-packages/airflow/example_dags/example_dag_decorator.py for tasks to queue
[2023-11-16T10:14:25.829+0000] {logging_mixin.py:151} INFO - [2023-11-16T10:14:25.829+0000] {dagbag.py:536} INFO - Filling up the DagBag from /home/airflow/.local/lib/python3.8/site-packages/airflow/example_dags/example_dag_decorator.py
[2023-11-16T10:14:25.959+0000] {processor.py:839} INFO - DAG(s) dict_keys(['example_dag_decorator']) retrieved from /home/airflow/.local/lib/python3.8/site-packages/airflow/example_dags/example_dag_decorator.py
[2023-11-16T10:14:26.016+0000] {logging_mixin.py:151} INFO - [2023-11-16T10:14:26.016+0000] {dag.py:2941} INFO - Sync 1 DAGs
[2023-11-16T10:14:26.022+0000] {logging_mixin.py:151} INFO - [2023-11-16T10:14:26.022+0000] {dag.py:3722} INFO - Setting next_dagrun for example_dag_decorator to None, run_after=None
[2023-11-16T10:14:26.036+0000] {processor.py:179} INFO - Processing /home/airflow/.local/lib/python3.8/site-packages/airflow/example_dags/example_dag_decorator.py took 0.211 seconds
[2023-11-16T10:14:56.767+0000] {processor.py:157} INFO - Started process (PID=9694) to work on /home/airflow/.local/lib/python3.8/site-packages/airflow/example_dags/example_dag_decorator.py
[2023-11-16T10:14:56.770+0000] {processor.py:829} INFO - Processing file /home/airflow/.local/lib/python3.8/site-packages/airflow/example_dags/example_dag_decorator.py for tasks to queue
[2023-11-16T10:14:56.772+0000] {logging_mixin.py:151} INFO - [2023-11-16T10:14:56.772+0000] {dagbag.py:536} INFO - Filling up the DagBag from /home/airflow/.local/lib/python3.8/site-packages/airflow/example_dags/example_dag_decorator.py
[2023-11-16T10:14:56.817+0000] {processor.py:839} INFO - DAG(s) dict_keys(['example_dag_decorator']) retrieved from /home/airflow/.local/lib/python3.8/site-packages/airflow/example_dags/example_dag_decorator.py
[2023-11-16T10:14:56.877+0000] {logging_mixin.py:151} INFO - [2023-11-16T10:14:56.876+0000] {dag.py:2941} INFO - Sync 1 DAGs
[2023-11-16T10:14:56.883+0000] {logging_mixin.py:151} INFO - [2023-11-16T10:14:56.883+0000] {dag.py:3722} INFO - Setting next_dagrun for example_dag_decorator to None, run_after=None
[2023-11-16T10:14:56.896+0000] {processor.py:179} INFO - Processing /home/airflow/.local/lib/python3.8/site-packages/airflow/example_dags/example_dag_decorator.py took 0.134 seconds
[2023-11-16T10:15:27.423+0000] {processor.py:157} INFO - Started process (PID=9751) to work on /home/airflow/.local/lib/python3.8/site-packages/airflow/example_dags/example_dag_decorator.py
[2023-11-16T10:15:27.426+0000] {processor.py:829} INFO - Processing file /home/airflow/.local/lib/python3.8/site-packages/airflow/example_dags/example_dag_decorator.py for tasks to queue
[2023-11-16T10:15:27.428+0000] {logging_mixin.py:151} INFO - [2023-11-16T10:15:27.428+0000] {dagbag.py:536} INFO - Filling up the DagBag from /home/airflow/.local/lib/python3.8/site-packages/airflow/example_dags/example_dag_decorator.py
[2023-11-16T10:15:27.470+0000] {processor.py:839} INFO - DAG(s) dict_keys(['example_dag_decorator']) retrieved from /home/airflow/.local/lib/python3.8/site-packages/airflow/example_dags/example_dag_decorator.py
[2023-11-16T10:15:27.531+0000] {logging_mixin.py:151} INFO - [2023-11-16T10:15:27.531+0000] {dag.py:2941} INFO - Sync 1 DAGs
[2023-11-16T10:15:27.537+0000] {logging_mixin.py:151} INFO - [2023-11-16T10:15:27.537+0000] {dag.py:3722} INFO - Setting next_dagrun for example_dag_decorator to None, run_after=None
[2023-11-16T10:15:27.548+0000] {processor.py:179} INFO - Processing /home/airflow/.local/lib/python3.8/site-packages/airflow/example_dags/example_dag_decorator.py took 0.128 seconds
[2023-11-16T10:15:58.027+0000] {processor.py:157} INFO - Started process (PID=9807) to work on /home/airflow/.local/lib/python3.8/site-packages/airflow/example_dags/example_dag_decorator.py
[2023-11-16T10:15:58.031+0000] {processor.py:829} INFO - Processing file /home/airflow/.local/lib/python3.8/site-packages/airflow/example_dags/example_dag_decorator.py for tasks to queue
[2023-11-16T10:15:58.033+0000] {logging_mixin.py:151} INFO - [2023-11-16T10:15:58.033+0000] {dagbag.py:536} INFO - Filling up the DagBag from /home/airflow/.local/lib/python3.8/site-packages/airflow/example_dags/example_dag_decorator.py
[2023-11-16T10:15:58.078+0000] {processor.py:839} INFO - DAG(s) dict_keys(['example_dag_decorator']) retrieved from /home/airflow/.local/lib/python3.8/site-packages/airflow/example_dags/example_dag_decorator.py
[2023-11-16T10:15:58.140+0000] {logging_mixin.py:151} INFO - [2023-11-16T10:15:58.140+0000] {dag.py:2941} INFO - Sync 1 DAGs
[2023-11-16T10:15:58.147+0000] {logging_mixin.py:151} INFO - [2023-11-16T10:15:58.146+0000] {dag.py:3722} INFO - Setting next_dagrun for example_dag_decorator to None, run_after=None
[2023-11-16T10:15:58.159+0000] {processor.py:179} INFO - Processing /home/airflow/.local/lib/python3.8/site-packages/airflow/example_dags/example_dag_decorator.py took 0.135 seconds
[2023-11-16T10:16:28.597+0000] {processor.py:157} INFO - Started process (PID=9863) to work on /home/airflow/.local/lib/python3.8/site-packages/airflow/example_dags/example_dag_decorator.py
[2023-11-16T10:16:28.600+0000] {processor.py:829} INFO - Processing file /home/airflow/.local/lib/python3.8/site-packages/airflow/example_dags/example_dag_decorator.py for tasks to queue
[2023-11-16T10:16:28.601+0000] {logging_mixin.py:151} INFO - [2023-11-16T10:16:28.601+0000] {dagbag.py:536} INFO - Filling up the DagBag from /home/airflow/.local/lib/python3.8/site-packages/airflow/example_dags/example_dag_decorator.py
[2023-11-16T10:16:28.646+0000] {processor.py:839} INFO - DAG(s) dict_keys(['example_dag_decorator']) retrieved from /home/airflow/.local/lib/python3.8/site-packages/airflow/example_dags/example_dag_decorator.py
[2023-11-16T10:16:28.708+0000] {logging_mixin.py:151} INFO - [2023-11-16T10:16:28.707+0000] {dag.py:2941} INFO - Sync 1 DAGs
[2023-11-16T10:16:28.715+0000] {logging_mixin.py:151} INFO - [2023-11-16T10:16:28.715+0000] {dag.py:3722} INFO - Setting next_dagrun for example_dag_decorator to None, run_after=None
[2023-11-16T10:16:28.728+0000] {processor.py:179} INFO - Processing /home/airflow/.local/lib/python3.8/site-packages/airflow/example_dags/example_dag_decorator.py took 0.133 seconds
[2023-11-16T10:16:59.256+0000] {processor.py:157} INFO - Started process (PID=9919) to work on /home/airflow/.local/lib/python3.8/site-packages/airflow/example_dags/example_dag_decorator.py
[2023-11-16T10:16:59.259+0000] {processor.py:829} INFO - Processing file /home/airflow/.local/lib/python3.8/site-packages/airflow/example_dags/example_dag_decorator.py for tasks to queue
[2023-11-16T10:16:59.262+0000] {logging_mixin.py:151} INFO - [2023-11-16T10:16:59.261+0000] {dagbag.py:536} INFO - Filling up the DagBag from /home/airflow/.local/lib/python3.8/site-packages/airflow/example_dags/example_dag_decorator.py
[2023-11-16T10:16:59.307+0000] {processor.py:839} INFO - DAG(s) dict_keys(['example_dag_decorator']) retrieved from /home/airflow/.local/lib/python3.8/site-packages/airflow/example_dags/example_dag_decorator.py
[2023-11-16T10:16:59.370+0000] {logging_mixin.py:151} INFO - [2023-11-16T10:16:59.370+0000] {dag.py:2941} INFO - Sync 1 DAGs
[2023-11-16T10:16:59.377+0000] {logging_mixin.py:151} INFO - [2023-11-16T10:16:59.377+0000] {dag.py:3722} INFO - Setting next_dagrun for example_dag_decorator to None, run_after=None
[2023-11-16T10:16:59.391+0000] {processor.py:179} INFO - Processing /home/airflow/.local/lib/python3.8/site-packages/airflow/example_dags/example_dag_decorator.py took 0.139 seconds
[2023-11-16T10:17:29.840+0000] {processor.py:157} INFO - Started process (PID=9975) to work on /home/airflow/.local/lib/python3.8/site-packages/airflow/example_dags/example_dag_decorator.py
[2023-11-16T10:17:29.843+0000] {processor.py:829} INFO - Processing file /home/airflow/.local/lib/python3.8/site-packages/airflow/example_dags/example_dag_decorator.py for tasks to queue
[2023-11-16T10:17:29.844+0000] {logging_mixin.py:151} INFO - [2023-11-16T10:17:29.844+0000] {dagbag.py:536} INFO - Filling up the DagBag from /home/airflow/.local/lib/python3.8/site-packages/airflow/example_dags/example_dag_decorator.py
[2023-11-16T10:17:29.891+0000] {processor.py:839} INFO - DAG(s) dict_keys(['example_dag_decorator']) retrieved from /home/airflow/.local/lib/python3.8/site-packages/airflow/example_dags/example_dag_decorator.py
[2023-11-16T10:17:29.951+0000] {logging_mixin.py:151} INFO - [2023-11-16T10:17:29.951+0000] {dag.py:2941} INFO - Sync 1 DAGs
[2023-11-16T10:17:29.958+0000] {logging_mixin.py:151} INFO - [2023-11-16T10:17:29.958+0000] {dag.py:3722} INFO - Setting next_dagrun for example_dag_decorator to None, run_after=None
[2023-11-16T10:17:29.971+0000] {processor.py:179} INFO - Processing /home/airflow/.local/lib/python3.8/site-packages/airflow/example_dags/example_dag_decorator.py took 0.134 seconds
[2023-11-16T10:18:00.486+0000] {processor.py:157} INFO - Started process (PID=10031) to work on /home/airflow/.local/lib/python3.8/site-packages/airflow/example_dags/example_dag_decorator.py
[2023-11-16T10:18:00.489+0000] {processor.py:829} INFO - Processing file /home/airflow/.local/lib/python3.8/site-packages/airflow/example_dags/example_dag_decorator.py for tasks to queue
[2023-11-16T10:18:00.492+0000] {logging_mixin.py:151} INFO - [2023-11-16T10:18:00.491+0000] {dagbag.py:536} INFO - Filling up the DagBag from /home/airflow/.local/lib/python3.8/site-packages/airflow/example_dags/example_dag_decorator.py
[2023-11-16T10:18:00.542+0000] {processor.py:839} INFO - DAG(s) dict_keys(['example_dag_decorator']) retrieved from /home/airflow/.local/lib/python3.8/site-packages/airflow/example_dags/example_dag_decorator.py
[2023-11-16T10:18:00.602+0000] {logging_mixin.py:151} INFO - [2023-11-16T10:18:00.602+0000] {dag.py:2941} INFO - Sync 1 DAGs
[2023-11-16T10:18:00.608+0000] {logging_mixin.py:151} INFO - [2023-11-16T10:18:00.608+0000] {dag.py:3722} INFO - Setting next_dagrun for example_dag_decorator to None, run_after=None
[2023-11-16T10:18:00.620+0000] {processor.py:179} INFO - Processing /home/airflow/.local/lib/python3.8/site-packages/airflow/example_dags/example_dag_decorator.py took 0.138 seconds
[2023-11-16T10:18:31.115+0000] {processor.py:157} INFO - Started process (PID=10087) to work on /home/airflow/.local/lib/python3.8/site-packages/airflow/example_dags/example_dag_decorator.py
[2023-11-16T10:18:31.117+0000] {processor.py:829} INFO - Processing file /home/airflow/.local/lib/python3.8/site-packages/airflow/example_dags/example_dag_decorator.py for tasks to queue
[2023-11-16T10:18:31.120+0000] {logging_mixin.py:151} INFO - [2023-11-16T10:18:31.120+0000] {dagbag.py:536} INFO - Filling up the DagBag from /home/airflow/.local/lib/python3.8/site-packages/airflow/example_dags/example_dag_decorator.py
[2023-11-16T10:18:31.165+0000] {processor.py:839} INFO - DAG(s) dict_keys(['example_dag_decorator']) retrieved from /home/airflow/.local/lib/python3.8/site-packages/airflow/example_dags/example_dag_decorator.py
[2023-11-16T10:18:31.227+0000] {logging_mixin.py:151} INFO - [2023-11-16T10:18:31.227+0000] {dag.py:2941} INFO - Sync 1 DAGs
[2023-11-16T10:18:31.233+0000] {logging_mixin.py:151} INFO - [2023-11-16T10:18:31.233+0000] {dag.py:3722} INFO - Setting next_dagrun for example_dag_decorator to None, run_after=None
[2023-11-16T10:18:31.246+0000] {processor.py:179} INFO - Processing /home/airflow/.local/lib/python3.8/site-packages/airflow/example_dags/example_dag_decorator.py took 0.134 seconds
[2023-11-16T10:19:01.800+0000] {processor.py:157} INFO - Started process (PID=10143) to work on /home/airflow/.local/lib/python3.8/site-packages/airflow/example_dags/example_dag_decorator.py
[2023-11-16T10:19:01.803+0000] {processor.py:829} INFO - Processing file /home/airflow/.local/lib/python3.8/site-packages/airflow/example_dags/example_dag_decorator.py for tasks to queue
[2023-11-16T10:19:01.805+0000] {logging_mixin.py:151} INFO - [2023-11-16T10:19:01.805+0000] {dagbag.py:536} INFO - Filling up the DagBag from /home/airflow/.local/lib/python3.8/site-packages/airflow/example_dags/example_dag_decorator.py
[2023-11-16T10:19:01.848+0000] {processor.py:839} INFO - DAG(s) dict_keys(['example_dag_decorator']) retrieved from /home/airflow/.local/lib/python3.8/site-packages/airflow/example_dags/example_dag_decorator.py
[2023-11-16T10:19:01.913+0000] {logging_mixin.py:151} INFO - [2023-11-16T10:19:01.913+0000] {dag.py:2941} INFO - Sync 1 DAGs
[2023-11-16T10:19:01.920+0000] {logging_mixin.py:151} INFO - [2023-11-16T10:19:01.919+0000] {dag.py:3722} INFO - Setting next_dagrun for example_dag_decorator to None, run_after=None
[2023-11-16T10:19:01.932+0000] {processor.py:179} INFO - Processing /home/airflow/.local/lib/python3.8/site-packages/airflow/example_dags/example_dag_decorator.py took 0.136 seconds
[2023-11-16T10:19:32.596+0000] {processor.py:157} INFO - Started process (PID=10199) to work on /home/airflow/.local/lib/python3.8/site-packages/airflow/example_dags/example_dag_decorator.py
[2023-11-16T10:19:32.596+0000] {processor.py:829} INFO - Processing file /home/airflow/.local/lib/python3.8/site-packages/airflow/example_dags/example_dag_decorator.py for tasks to queue
[2023-11-16T10:19:32.597+0000] {logging_mixin.py:151} INFO - [2023-11-16T10:19:32.597+0000] {dagbag.py:536} INFO - Filling up the DagBag from /home/airflow/.local/lib/python3.8/site-packages/airflow/example_dags/example_dag_decorator.py
[2023-11-16T10:19:32.637+0000] {processor.py:839} INFO - DAG(s) dict_keys(['example_dag_decorator']) retrieved from /home/airflow/.local/lib/python3.8/site-packages/airflow/example_dags/example_dag_decorator.py
[2023-11-16T10:19:32.697+0000] {logging_mixin.py:151} INFO - [2023-11-16T10:19:32.697+0000] {dag.py:2941} INFO - Sync 1 DAGs
[2023-11-16T10:19:32.704+0000] {logging_mixin.py:151} INFO - [2023-11-16T10:19:32.704+0000] {dag.py:3722} INFO - Setting next_dagrun for example_dag_decorator to None, run_after=None
[2023-11-16T10:19:32.716+0000] {processor.py:179} INFO - Processing /home/airflow/.local/lib/python3.8/site-packages/airflow/example_dags/example_dag_decorator.py took 0.122 seconds
[2023-11-16T10:20:03.275+0000] {processor.py:157} INFO - Started process (PID=10255) to work on /home/airflow/.local/lib/python3.8/site-packages/airflow/example_dags/example_dag_decorator.py
[2023-11-16T10:20:03.278+0000] {processor.py:829} INFO - Processing file /home/airflow/.local/lib/python3.8/site-packages/airflow/example_dags/example_dag_decorator.py for tasks to queue
[2023-11-16T10:20:03.279+0000] {logging_mixin.py:151} INFO - [2023-11-16T10:20:03.279+0000] {dagbag.py:536} INFO - Filling up the DagBag from /home/airflow/.local/lib/python3.8/site-packages/airflow/example_dags/example_dag_decorator.py
[2023-11-16T10:20:03.325+0000] {processor.py:839} INFO - DAG(s) dict_keys(['example_dag_decorator']) retrieved from /home/airflow/.local/lib/python3.8/site-packages/airflow/example_dags/example_dag_decorator.py
[2023-11-16T10:20:03.385+0000] {logging_mixin.py:151} INFO - [2023-11-16T10:20:03.385+0000] {dag.py:2941} INFO - Sync 1 DAGs
[2023-11-16T10:20:03.392+0000] {logging_mixin.py:151} INFO - [2023-11-16T10:20:03.392+0000] {dag.py:3722} INFO - Setting next_dagrun for example_dag_decorator to None, run_after=None
[2023-11-16T10:20:03.405+0000] {processor.py:179} INFO - Processing /home/airflow/.local/lib/python3.8/site-packages/airflow/example_dags/example_dag_decorator.py took 0.135 seconds
[2023-11-16T10:20:33.941+0000] {processor.py:157} INFO - Started process (PID=10311) to work on /home/airflow/.local/lib/python3.8/site-packages/airflow/example_dags/example_dag_decorator.py
[2023-11-16T10:20:33.942+0000] {processor.py:829} INFO - Processing file /home/airflow/.local/lib/python3.8/site-packages/airflow/example_dags/example_dag_decorator.py for tasks to queue
[2023-11-16T10:20:33.945+0000] {logging_mixin.py:151} INFO - [2023-11-16T10:20:33.944+0000] {dagbag.py:536} INFO - Filling up the DagBag from /home/airflow/.local/lib/python3.8/site-packages/airflow/example_dags/example_dag_decorator.py
[2023-11-16T10:20:33.990+0000] {processor.py:839} INFO - DAG(s) dict_keys(['example_dag_decorator']) retrieved from /home/airflow/.local/lib/python3.8/site-packages/airflow/example_dags/example_dag_decorator.py
[2023-11-16T10:20:34.051+0000] {logging_mixin.py:151} INFO - [2023-11-16T10:20:34.050+0000] {dag.py:2941} INFO - Sync 1 DAGs
[2023-11-16T10:20:34.057+0000] {logging_mixin.py:151} INFO - [2023-11-16T10:20:34.057+0000] {dag.py:3722} INFO - Setting next_dagrun for example_dag_decorator to None, run_after=None
[2023-11-16T10:20:34.071+0000] {processor.py:179} INFO - Processing /home/airflow/.local/lib/python3.8/site-packages/airflow/example_dags/example_dag_decorator.py took 0.132 seconds
[2023-11-16T10:21:04.597+0000] {processor.py:157} INFO - Started process (PID=10366) to work on /home/airflow/.local/lib/python3.8/site-packages/airflow/example_dags/example_dag_decorator.py
[2023-11-16T10:21:04.600+0000] {processor.py:829} INFO - Processing file /home/airflow/.local/lib/python3.8/site-packages/airflow/example_dags/example_dag_decorator.py for tasks to queue
[2023-11-16T10:21:04.601+0000] {logging_mixin.py:151} INFO - [2023-11-16T10:21:04.601+0000] {dagbag.py:536} INFO - Filling up the DagBag from /home/airflow/.local/lib/python3.8/site-packages/airflow/example_dags/example_dag_decorator.py
[2023-11-16T10:21:04.641+0000] {processor.py:839} INFO - DAG(s) dict_keys(['example_dag_decorator']) retrieved from /home/airflow/.local/lib/python3.8/site-packages/airflow/example_dags/example_dag_decorator.py
[2023-11-16T10:21:04.700+0000] {logging_mixin.py:151} INFO - [2023-11-16T10:21:04.700+0000] {dag.py:2941} INFO - Sync 1 DAGs
[2023-11-16T10:21:04.706+0000] {logging_mixin.py:151} INFO - [2023-11-16T10:21:04.706+0000] {dag.py:3722} INFO - Setting next_dagrun for example_dag_decorator to None, run_after=None
[2023-11-16T10:21:04.718+0000] {processor.py:179} INFO - Processing /home/airflow/.local/lib/python3.8/site-packages/airflow/example_dags/example_dag_decorator.py took 0.123 seconds
