[2023-11-16T09:44:20.388+0000] {processor.py:157} INFO - Started process (PID=6305) to work on /home/airflow/.local/lib/python3.8/site-packages/airflow/example_dags/example_python_operator.py
[2023-11-16T09:44:20.388+0000] {processor.py:829} INFO - Processing file /home/airflow/.local/lib/python3.8/site-packages/airflow/example_dags/example_python_operator.py for tasks to queue
[2023-11-16T09:44:20.390+0000] {logging_mixin.py:151} INFO - [2023-11-16T09:44:20.390+0000] {dagbag.py:536} INFO - Filling up the DagBag from /home/airflow/.local/lib/python3.8/site-packages/airflow/example_dags/example_python_operator.py
[2023-11-16T09:44:20.405+0000] {processor.py:839} INFO - DAG(s) dict_keys(['example_python_operator']) retrieved from /home/airflow/.local/lib/python3.8/site-packages/airflow/example_dags/example_python_operator.py
[2023-11-16T09:44:20.436+0000] {logging_mixin.py:151} INFO - [2023-11-16T09:44:20.435+0000] {dag.py:2941} INFO - Sync 1 DAGs
[2023-11-16T09:44:20.450+0000] {logging_mixin.py:151} INFO - [2023-11-16T09:44:20.450+0000] {dag.py:3722} INFO - Setting next_dagrun for example_python_operator to None, run_after=None
[2023-11-16T09:44:20.475+0000] {processor.py:179} INFO - Processing /home/airflow/.local/lib/python3.8/site-packages/airflow/example_dags/example_python_operator.py took 0.098 seconds
[2023-11-16T09:44:50.661+0000] {processor.py:157} INFO - Started process (PID=6361) to work on /home/airflow/.local/lib/python3.8/site-packages/airflow/example_dags/example_python_operator.py
[2023-11-16T09:44:50.661+0000] {processor.py:829} INFO - Processing file /home/airflow/.local/lib/python3.8/site-packages/airflow/example_dags/example_python_operator.py for tasks to queue
[2023-11-16T09:44:50.662+0000] {logging_mixin.py:151} INFO - [2023-11-16T09:44:50.662+0000] {dagbag.py:536} INFO - Filling up the DagBag from /home/airflow/.local/lib/python3.8/site-packages/airflow/example_dags/example_python_operator.py
[2023-11-16T09:44:50.669+0000] {processor.py:839} INFO - DAG(s) dict_keys(['example_python_operator']) retrieved from /home/airflow/.local/lib/python3.8/site-packages/airflow/example_dags/example_python_operator.py
[2023-11-16T09:44:50.684+0000] {logging_mixin.py:151} INFO - [2023-11-16T09:44:50.684+0000] {dag.py:2941} INFO - Sync 1 DAGs
[2023-11-16T09:44:50.692+0000] {logging_mixin.py:151} INFO - [2023-11-16T09:44:50.692+0000] {dag.py:3722} INFO - Setting next_dagrun for example_python_operator to None, run_after=None
[2023-11-16T09:44:50.704+0000] {processor.py:179} INFO - Processing /home/airflow/.local/lib/python3.8/site-packages/airflow/example_dags/example_python_operator.py took 0.045 seconds
[2023-11-16T09:45:20.805+0000] {processor.py:157} INFO - Started process (PID=6417) to work on /home/airflow/.local/lib/python3.8/site-packages/airflow/example_dags/example_python_operator.py
[2023-11-16T09:45:20.806+0000] {processor.py:829} INFO - Processing file /home/airflow/.local/lib/python3.8/site-packages/airflow/example_dags/example_python_operator.py for tasks to queue
[2023-11-16T09:45:20.807+0000] {logging_mixin.py:151} INFO - [2023-11-16T09:45:20.807+0000] {dagbag.py:536} INFO - Filling up the DagBag from /home/airflow/.local/lib/python3.8/site-packages/airflow/example_dags/example_python_operator.py
[2023-11-16T09:45:20.813+0000] {processor.py:839} INFO - DAG(s) dict_keys(['example_python_operator']) retrieved from /home/airflow/.local/lib/python3.8/site-packages/airflow/example_dags/example_python_operator.py
[2023-11-16T09:45:20.827+0000] {logging_mixin.py:151} INFO - [2023-11-16T09:45:20.827+0000] {dag.py:2941} INFO - Sync 1 DAGs
[2023-11-16T09:45:20.835+0000] {logging_mixin.py:151} INFO - [2023-11-16T09:45:20.835+0000] {dag.py:3722} INFO - Setting next_dagrun for example_python_operator to None, run_after=None
[2023-11-16T09:45:20.847+0000] {processor.py:179} INFO - Processing /home/airflow/.local/lib/python3.8/site-packages/airflow/example_dags/example_python_operator.py took 0.044 seconds
[2023-11-16T09:45:50.949+0000] {processor.py:157} INFO - Started process (PID=6474) to work on /home/airflow/.local/lib/python3.8/site-packages/airflow/example_dags/example_python_operator.py
[2023-11-16T09:45:50.949+0000] {processor.py:829} INFO - Processing file /home/airflow/.local/lib/python3.8/site-packages/airflow/example_dags/example_python_operator.py for tasks to queue
[2023-11-16T09:45:50.951+0000] {logging_mixin.py:151} INFO - [2023-11-16T09:45:50.951+0000] {dagbag.py:536} INFO - Filling up the DagBag from /home/airflow/.local/lib/python3.8/site-packages/airflow/example_dags/example_python_operator.py
[2023-11-16T09:45:50.959+0000] {processor.py:839} INFO - DAG(s) dict_keys(['example_python_operator']) retrieved from /home/airflow/.local/lib/python3.8/site-packages/airflow/example_dags/example_python_operator.py
[2023-11-16T09:45:50.977+0000] {logging_mixin.py:151} INFO - [2023-11-16T09:45:50.976+0000] {dag.py:2941} INFO - Sync 1 DAGs
[2023-11-16T09:45:50.988+0000] {logging_mixin.py:151} INFO - [2023-11-16T09:45:50.988+0000] {dag.py:3722} INFO - Setting next_dagrun for example_python_operator to None, run_after=None
[2023-11-16T09:45:51.002+0000] {processor.py:179} INFO - Processing /home/airflow/.local/lib/python3.8/site-packages/airflow/example_dags/example_python_operator.py took 0.056 seconds
[2023-11-16T09:46:21.083+0000] {processor.py:157} INFO - Started process (PID=6530) to work on /home/airflow/.local/lib/python3.8/site-packages/airflow/example_dags/example_python_operator.py
[2023-11-16T09:46:21.084+0000] {processor.py:829} INFO - Processing file /home/airflow/.local/lib/python3.8/site-packages/airflow/example_dags/example_python_operator.py for tasks to queue
[2023-11-16T09:46:21.085+0000] {logging_mixin.py:151} INFO - [2023-11-16T09:46:21.085+0000] {dagbag.py:536} INFO - Filling up the DagBag from /home/airflow/.local/lib/python3.8/site-packages/airflow/example_dags/example_python_operator.py
[2023-11-16T09:46:21.092+0000] {processor.py:839} INFO - DAG(s) dict_keys(['example_python_operator']) retrieved from /home/airflow/.local/lib/python3.8/site-packages/airflow/example_dags/example_python_operator.py
[2023-11-16T09:46:21.107+0000] {logging_mixin.py:151} INFO - [2023-11-16T09:46:21.107+0000] {dag.py:2941} INFO - Sync 1 DAGs
[2023-11-16T09:46:21.117+0000] {logging_mixin.py:151} INFO - [2023-11-16T09:46:21.117+0000] {dag.py:3722} INFO - Setting next_dagrun for example_python_operator to None, run_after=None
[2023-11-16T09:46:21.128+0000] {processor.py:179} INFO - Processing /home/airflow/.local/lib/python3.8/site-packages/airflow/example_dags/example_python_operator.py took 0.047 seconds
[2023-11-16T09:46:51.202+0000] {processor.py:157} INFO - Started process (PID=6586) to work on /home/airflow/.local/lib/python3.8/site-packages/airflow/example_dags/example_python_operator.py
[2023-11-16T09:46:51.203+0000] {processor.py:829} INFO - Processing file /home/airflow/.local/lib/python3.8/site-packages/airflow/example_dags/example_python_operator.py for tasks to queue
[2023-11-16T09:46:51.204+0000] {logging_mixin.py:151} INFO - [2023-11-16T09:46:51.204+0000] {dagbag.py:536} INFO - Filling up the DagBag from /home/airflow/.local/lib/python3.8/site-packages/airflow/example_dags/example_python_operator.py
[2023-11-16T09:46:51.211+0000] {processor.py:839} INFO - DAG(s) dict_keys(['example_python_operator']) retrieved from /home/airflow/.local/lib/python3.8/site-packages/airflow/example_dags/example_python_operator.py
[2023-11-16T09:46:51.229+0000] {logging_mixin.py:151} INFO - [2023-11-16T09:46:51.228+0000] {dag.py:2941} INFO - Sync 1 DAGs
[2023-11-16T09:46:51.237+0000] {logging_mixin.py:151} INFO - [2023-11-16T09:46:51.236+0000] {dag.py:3722} INFO - Setting next_dagrun for example_python_operator to None, run_after=None
[2023-11-16T09:46:51.248+0000] {processor.py:179} INFO - Processing /home/airflow/.local/lib/python3.8/site-packages/airflow/example_dags/example_python_operator.py took 0.048 seconds
[2023-11-16T09:47:21.362+0000] {processor.py:157} INFO - Started process (PID=6642) to work on /home/airflow/.local/lib/python3.8/site-packages/airflow/example_dags/example_python_operator.py
[2023-11-16T09:47:21.363+0000] {processor.py:829} INFO - Processing file /home/airflow/.local/lib/python3.8/site-packages/airflow/example_dags/example_python_operator.py for tasks to queue
[2023-11-16T09:47:21.364+0000] {logging_mixin.py:151} INFO - [2023-11-16T09:47:21.364+0000] {dagbag.py:536} INFO - Filling up the DagBag from /home/airflow/.local/lib/python3.8/site-packages/airflow/example_dags/example_python_operator.py
[2023-11-16T09:47:21.371+0000] {processor.py:839} INFO - DAG(s) dict_keys(['example_python_operator']) retrieved from /home/airflow/.local/lib/python3.8/site-packages/airflow/example_dags/example_python_operator.py
[2023-11-16T09:47:21.387+0000] {logging_mixin.py:151} INFO - [2023-11-16T09:47:21.387+0000] {dag.py:2941} INFO - Sync 1 DAGs
[2023-11-16T09:47:21.398+0000] {logging_mixin.py:151} INFO - [2023-11-16T09:47:21.398+0000] {dag.py:3722} INFO - Setting next_dagrun for example_python_operator to None, run_after=None
[2023-11-16T09:47:21.413+0000] {processor.py:179} INFO - Processing /home/airflow/.local/lib/python3.8/site-packages/airflow/example_dags/example_python_operator.py took 0.053 seconds
[2023-11-16T09:47:51.462+0000] {processor.py:157} INFO - Started process (PID=6698) to work on /home/airflow/.local/lib/python3.8/site-packages/airflow/example_dags/example_python_operator.py
[2023-11-16T09:47:51.463+0000] {processor.py:829} INFO - Processing file /home/airflow/.local/lib/python3.8/site-packages/airflow/example_dags/example_python_operator.py for tasks to queue
[2023-11-16T09:47:51.464+0000] {logging_mixin.py:151} INFO - [2023-11-16T09:47:51.464+0000] {dagbag.py:536} INFO - Filling up the DagBag from /home/airflow/.local/lib/python3.8/site-packages/airflow/example_dags/example_python_operator.py
[2023-11-16T09:47:51.471+0000] {processor.py:839} INFO - DAG(s) dict_keys(['example_python_operator']) retrieved from /home/airflow/.local/lib/python3.8/site-packages/airflow/example_dags/example_python_operator.py
[2023-11-16T09:47:51.486+0000] {logging_mixin.py:151} INFO - [2023-11-16T09:47:51.485+0000] {dag.py:2941} INFO - Sync 1 DAGs
[2023-11-16T09:47:51.494+0000] {logging_mixin.py:151} INFO - [2023-11-16T09:47:51.494+0000] {dag.py:3722} INFO - Setting next_dagrun for example_python_operator to None, run_after=None
[2023-11-16T09:47:51.505+0000] {processor.py:179} INFO - Processing /home/airflow/.local/lib/python3.8/site-packages/airflow/example_dags/example_python_operator.py took 0.045 seconds
[2023-11-16T09:48:21.588+0000] {processor.py:157} INFO - Started process (PID=6754) to work on /home/airflow/.local/lib/python3.8/site-packages/airflow/example_dags/example_python_operator.py
[2023-11-16T09:48:21.589+0000] {processor.py:829} INFO - Processing file /home/airflow/.local/lib/python3.8/site-packages/airflow/example_dags/example_python_operator.py for tasks to queue
[2023-11-16T09:48:21.590+0000] {logging_mixin.py:151} INFO - [2023-11-16T09:48:21.590+0000] {dagbag.py:536} INFO - Filling up the DagBag from /home/airflow/.local/lib/python3.8/site-packages/airflow/example_dags/example_python_operator.py
[2023-11-16T09:48:21.598+0000] {processor.py:839} INFO - DAG(s) dict_keys(['example_python_operator']) retrieved from /home/airflow/.local/lib/python3.8/site-packages/airflow/example_dags/example_python_operator.py
[2023-11-16T09:48:21.613+0000] {logging_mixin.py:151} INFO - [2023-11-16T09:48:21.613+0000] {dag.py:2941} INFO - Sync 1 DAGs
[2023-11-16T09:48:21.620+0000] {logging_mixin.py:151} INFO - [2023-11-16T09:48:21.620+0000] {dag.py:3722} INFO - Setting next_dagrun for example_python_operator to None, run_after=None
[2023-11-16T09:48:21.632+0000] {processor.py:179} INFO - Processing /home/airflow/.local/lib/python3.8/site-packages/airflow/example_dags/example_python_operator.py took 0.046 seconds
[2023-11-16T09:48:51.699+0000] {processor.py:157} INFO - Started process (PID=6810) to work on /home/airflow/.local/lib/python3.8/site-packages/airflow/example_dags/example_python_operator.py
[2023-11-16T09:48:51.699+0000] {processor.py:829} INFO - Processing file /home/airflow/.local/lib/python3.8/site-packages/airflow/example_dags/example_python_operator.py for tasks to queue
[2023-11-16T09:48:51.701+0000] {logging_mixin.py:151} INFO - [2023-11-16T09:48:51.700+0000] {dagbag.py:536} INFO - Filling up the DagBag from /home/airflow/.local/lib/python3.8/site-packages/airflow/example_dags/example_python_operator.py
[2023-11-16T09:48:51.708+0000] {processor.py:839} INFO - DAG(s) dict_keys(['example_python_operator']) retrieved from /home/airflow/.local/lib/python3.8/site-packages/airflow/example_dags/example_python_operator.py
[2023-11-16T09:48:51.726+0000] {logging_mixin.py:151} INFO - [2023-11-16T09:48:51.725+0000] {dag.py:2941} INFO - Sync 1 DAGs
[2023-11-16T09:48:51.733+0000] {logging_mixin.py:151} INFO - [2023-11-16T09:48:51.733+0000] {dag.py:3722} INFO - Setting next_dagrun for example_python_operator to None, run_after=None
[2023-11-16T09:48:51.745+0000] {processor.py:179} INFO - Processing /home/airflow/.local/lib/python3.8/site-packages/airflow/example_dags/example_python_operator.py took 0.048 seconds
[2023-11-16T09:49:21.811+0000] {processor.py:157} INFO - Started process (PID=6866) to work on /home/airflow/.local/lib/python3.8/site-packages/airflow/example_dags/example_python_operator.py
[2023-11-16T09:49:21.811+0000] {processor.py:829} INFO - Processing file /home/airflow/.local/lib/python3.8/site-packages/airflow/example_dags/example_python_operator.py for tasks to queue
[2023-11-16T09:49:21.812+0000] {logging_mixin.py:151} INFO - [2023-11-16T09:49:21.812+0000] {dagbag.py:536} INFO - Filling up the DagBag from /home/airflow/.local/lib/python3.8/site-packages/airflow/example_dags/example_python_operator.py
[2023-11-16T09:49:21.819+0000] {processor.py:839} INFO - DAG(s) dict_keys(['example_python_operator']) retrieved from /home/airflow/.local/lib/python3.8/site-packages/airflow/example_dags/example_python_operator.py
[2023-11-16T09:49:21.835+0000] {logging_mixin.py:151} INFO - [2023-11-16T09:49:21.835+0000] {dag.py:2941} INFO - Sync 1 DAGs
[2023-11-16T09:49:21.842+0000] {logging_mixin.py:151} INFO - [2023-11-16T09:49:21.842+0000] {dag.py:3722} INFO - Setting next_dagrun for example_python_operator to None, run_after=None
[2023-11-16T09:49:21.853+0000] {processor.py:179} INFO - Processing /home/airflow/.local/lib/python3.8/site-packages/airflow/example_dags/example_python_operator.py took 0.045 seconds
[2023-11-16T09:49:52.018+0000] {processor.py:157} INFO - Started process (PID=6922) to work on /home/airflow/.local/lib/python3.8/site-packages/airflow/example_dags/example_python_operator.py
[2023-11-16T09:49:52.018+0000] {processor.py:829} INFO - Processing file /home/airflow/.local/lib/python3.8/site-packages/airflow/example_dags/example_python_operator.py for tasks to queue
[2023-11-16T09:49:52.019+0000] {logging_mixin.py:151} INFO - [2023-11-16T09:49:52.019+0000] {dagbag.py:536} INFO - Filling up the DagBag from /home/airflow/.local/lib/python3.8/site-packages/airflow/example_dags/example_python_operator.py
[2023-11-16T09:49:52.026+0000] {processor.py:839} INFO - DAG(s) dict_keys(['example_python_operator']) retrieved from /home/airflow/.local/lib/python3.8/site-packages/airflow/example_dags/example_python_operator.py
[2023-11-16T09:49:52.040+0000] {logging_mixin.py:151} INFO - [2023-11-16T09:49:52.040+0000] {dag.py:2941} INFO - Sync 1 DAGs
[2023-11-16T09:49:52.048+0000] {logging_mixin.py:151} INFO - [2023-11-16T09:49:52.048+0000] {dag.py:3722} INFO - Setting next_dagrun for example_python_operator to None, run_after=None
[2023-11-16T09:49:52.061+0000] {processor.py:179} INFO - Processing /home/airflow/.local/lib/python3.8/site-packages/airflow/example_dags/example_python_operator.py took 0.046 seconds
[2023-11-16T09:50:22.199+0000] {processor.py:157} INFO - Started process (PID=6978) to work on /home/airflow/.local/lib/python3.8/site-packages/airflow/example_dags/example_python_operator.py
[2023-11-16T09:50:22.200+0000] {processor.py:829} INFO - Processing file /home/airflow/.local/lib/python3.8/site-packages/airflow/example_dags/example_python_operator.py for tasks to queue
[2023-11-16T09:50:22.201+0000] {logging_mixin.py:151} INFO - [2023-11-16T09:50:22.201+0000] {dagbag.py:536} INFO - Filling up the DagBag from /home/airflow/.local/lib/python3.8/site-packages/airflow/example_dags/example_python_operator.py
[2023-11-16T09:50:22.208+0000] {processor.py:839} INFO - DAG(s) dict_keys(['example_python_operator']) retrieved from /home/airflow/.local/lib/python3.8/site-packages/airflow/example_dags/example_python_operator.py
[2023-11-16T09:50:22.225+0000] {logging_mixin.py:151} INFO - [2023-11-16T09:50:22.225+0000] {dag.py:2941} INFO - Sync 1 DAGs
[2023-11-16T09:50:22.235+0000] {logging_mixin.py:151} INFO - [2023-11-16T09:50:22.235+0000] {dag.py:3722} INFO - Setting next_dagrun for example_python_operator to None, run_after=None
[2023-11-16T09:50:22.247+0000] {processor.py:179} INFO - Processing /home/airflow/.local/lib/python3.8/site-packages/airflow/example_dags/example_python_operator.py took 0.050 seconds
[2023-11-16T09:50:52.407+0000] {processor.py:157} INFO - Started process (PID=7034) to work on /home/airflow/.local/lib/python3.8/site-packages/airflow/example_dags/example_python_operator.py
[2023-11-16T09:50:52.408+0000] {processor.py:829} INFO - Processing file /home/airflow/.local/lib/python3.8/site-packages/airflow/example_dags/example_python_operator.py for tasks to queue
[2023-11-16T09:50:52.410+0000] {logging_mixin.py:151} INFO - [2023-11-16T09:50:52.409+0000] {dagbag.py:536} INFO - Filling up the DagBag from /home/airflow/.local/lib/python3.8/site-packages/airflow/example_dags/example_python_operator.py
[2023-11-16T09:50:52.416+0000] {processor.py:839} INFO - DAG(s) dict_keys(['example_python_operator']) retrieved from /home/airflow/.local/lib/python3.8/site-packages/airflow/example_dags/example_python_operator.py
[2023-11-16T09:50:52.434+0000] {logging_mixin.py:151} INFO - [2023-11-16T09:50:52.433+0000] {dag.py:2941} INFO - Sync 1 DAGs
[2023-11-16T09:50:52.444+0000] {logging_mixin.py:151} INFO - [2023-11-16T09:50:52.444+0000] {dag.py:3722} INFO - Setting next_dagrun for example_python_operator to None, run_after=None
[2023-11-16T09:50:52.456+0000] {processor.py:179} INFO - Processing /home/airflow/.local/lib/python3.8/site-packages/airflow/example_dags/example_python_operator.py took 0.051 seconds
[2023-11-16T09:51:22.663+0000] {processor.py:157} INFO - Started process (PID=7090) to work on /home/airflow/.local/lib/python3.8/site-packages/airflow/example_dags/example_python_operator.py
[2023-11-16T09:51:22.664+0000] {processor.py:829} INFO - Processing file /home/airflow/.local/lib/python3.8/site-packages/airflow/example_dags/example_python_operator.py for tasks to queue
[2023-11-16T09:51:22.665+0000] {logging_mixin.py:151} INFO - [2023-11-16T09:51:22.665+0000] {dagbag.py:536} INFO - Filling up the DagBag from /home/airflow/.local/lib/python3.8/site-packages/airflow/example_dags/example_python_operator.py
[2023-11-16T09:51:22.672+0000] {processor.py:839} INFO - DAG(s) dict_keys(['example_python_operator']) retrieved from /home/airflow/.local/lib/python3.8/site-packages/airflow/example_dags/example_python_operator.py
[2023-11-16T09:51:22.687+0000] {logging_mixin.py:151} INFO - [2023-11-16T09:51:22.686+0000] {dag.py:2941} INFO - Sync 1 DAGs
[2023-11-16T09:51:22.698+0000] {logging_mixin.py:151} INFO - [2023-11-16T09:51:22.698+0000] {dag.py:3722} INFO - Setting next_dagrun for example_python_operator to None, run_after=None
[2023-11-16T09:51:22.715+0000] {processor.py:179} INFO - Processing /home/airflow/.local/lib/python3.8/site-packages/airflow/example_dags/example_python_operator.py took 0.054 seconds
[2023-11-16T09:51:52.759+0000] {processor.py:157} INFO - Started process (PID=7146) to work on /home/airflow/.local/lib/python3.8/site-packages/airflow/example_dags/example_python_operator.py
[2023-11-16T09:51:52.759+0000] {processor.py:829} INFO - Processing file /home/airflow/.local/lib/python3.8/site-packages/airflow/example_dags/example_python_operator.py for tasks to queue
[2023-11-16T09:51:52.761+0000] {logging_mixin.py:151} INFO - [2023-11-16T09:51:52.760+0000] {dagbag.py:536} INFO - Filling up the DagBag from /home/airflow/.local/lib/python3.8/site-packages/airflow/example_dags/example_python_operator.py
[2023-11-16T09:51:52.767+0000] {processor.py:839} INFO - DAG(s) dict_keys(['example_python_operator']) retrieved from /home/airflow/.local/lib/python3.8/site-packages/airflow/example_dags/example_python_operator.py
[2023-11-16T09:51:52.781+0000] {logging_mixin.py:151} INFO - [2023-11-16T09:51:52.780+0000] {dag.py:2941} INFO - Sync 1 DAGs
[2023-11-16T09:51:52.789+0000] {logging_mixin.py:151} INFO - [2023-11-16T09:51:52.789+0000] {dag.py:3722} INFO - Setting next_dagrun for example_python_operator to None, run_after=None
[2023-11-16T09:51:52.800+0000] {processor.py:179} INFO - Processing /home/airflow/.local/lib/python3.8/site-packages/airflow/example_dags/example_python_operator.py took 0.043 seconds
[2023-11-16T09:52:23.686+0000] {processor.py:157} INFO - Started process (PID=7202) to work on /home/airflow/.local/lib/python3.8/site-packages/airflow/example_dags/example_python_operator.py
[2023-11-16T09:52:23.686+0000] {processor.py:829} INFO - Processing file /home/airflow/.local/lib/python3.8/site-packages/airflow/example_dags/example_python_operator.py for tasks to queue
[2023-11-16T09:52:23.688+0000] {logging_mixin.py:151} INFO - [2023-11-16T09:52:23.687+0000] {dagbag.py:536} INFO - Filling up the DagBag from /home/airflow/.local/lib/python3.8/site-packages/airflow/example_dags/example_python_operator.py
[2023-11-16T09:52:23.694+0000] {processor.py:839} INFO - DAG(s) dict_keys(['example_python_operator']) retrieved from /home/airflow/.local/lib/python3.8/site-packages/airflow/example_dags/example_python_operator.py
[2023-11-16T09:52:23.709+0000] {logging_mixin.py:151} INFO - [2023-11-16T09:52:23.708+0000] {dag.py:2941} INFO - Sync 1 DAGs
[2023-11-16T09:52:23.717+0000] {logging_mixin.py:151} INFO - [2023-11-16T09:52:23.717+0000] {dag.py:3722} INFO - Setting next_dagrun for example_python_operator to None, run_after=None
[2023-11-16T09:52:23.729+0000] {processor.py:179} INFO - Processing /home/airflow/.local/lib/python3.8/site-packages/airflow/example_dags/example_python_operator.py took 0.045 seconds
[2023-11-16T09:52:54.479+0000] {processor.py:157} INFO - Started process (PID=7259) to work on /home/airflow/.local/lib/python3.8/site-packages/airflow/example_dags/example_python_operator.py
[2023-11-16T09:52:54.480+0000] {processor.py:829} INFO - Processing file /home/airflow/.local/lib/python3.8/site-packages/airflow/example_dags/example_python_operator.py for tasks to queue
[2023-11-16T09:52:54.481+0000] {logging_mixin.py:151} INFO - [2023-11-16T09:52:54.481+0000] {dagbag.py:536} INFO - Filling up the DagBag from /home/airflow/.local/lib/python3.8/site-packages/airflow/example_dags/example_python_operator.py
[2023-11-16T09:52:54.487+0000] {processor.py:839} INFO - DAG(s) dict_keys(['example_python_operator']) retrieved from /home/airflow/.local/lib/python3.8/site-packages/airflow/example_dags/example_python_operator.py
[2023-11-16T09:52:54.501+0000] {logging_mixin.py:151} INFO - [2023-11-16T09:52:54.501+0000] {dag.py:2941} INFO - Sync 1 DAGs
[2023-11-16T09:52:54.508+0000] {logging_mixin.py:151} INFO - [2023-11-16T09:52:54.508+0000] {dag.py:3722} INFO - Setting next_dagrun for example_python_operator to None, run_after=None
[2023-11-16T09:52:54.521+0000] {processor.py:179} INFO - Processing /home/airflow/.local/lib/python3.8/site-packages/airflow/example_dags/example_python_operator.py took 0.044 seconds
[2023-11-16T09:53:25.278+0000] {processor.py:157} INFO - Started process (PID=7315) to work on /home/airflow/.local/lib/python3.8/site-packages/airflow/example_dags/example_python_operator.py
[2023-11-16T09:53:25.279+0000] {processor.py:829} INFO - Processing file /home/airflow/.local/lib/python3.8/site-packages/airflow/example_dags/example_python_operator.py for tasks to queue
[2023-11-16T09:53:25.280+0000] {logging_mixin.py:151} INFO - [2023-11-16T09:53:25.280+0000] {dagbag.py:536} INFO - Filling up the DagBag from /home/airflow/.local/lib/python3.8/site-packages/airflow/example_dags/example_python_operator.py
[2023-11-16T09:53:25.289+0000] {processor.py:839} INFO - DAG(s) dict_keys(['example_python_operator']) retrieved from /home/airflow/.local/lib/python3.8/site-packages/airflow/example_dags/example_python_operator.py
[2023-11-16T09:53:25.310+0000] {logging_mixin.py:151} INFO - [2023-11-16T09:53:25.310+0000] {dag.py:2941} INFO - Sync 1 DAGs
[2023-11-16T09:53:25.320+0000] {logging_mixin.py:151} INFO - [2023-11-16T09:53:25.319+0000] {dag.py:3722} INFO - Setting next_dagrun for example_python_operator to None, run_after=None
[2023-11-16T09:53:25.334+0000] {processor.py:179} INFO - Processing /home/airflow/.local/lib/python3.8/site-packages/airflow/example_dags/example_python_operator.py took 0.059 seconds
[2023-11-16T09:53:55.408+0000] {processor.py:157} INFO - Started process (PID=7370) to work on /home/airflow/.local/lib/python3.8/site-packages/airflow/example_dags/example_python_operator.py
[2023-11-16T09:53:55.409+0000] {processor.py:829} INFO - Processing file /home/airflow/.local/lib/python3.8/site-packages/airflow/example_dags/example_python_operator.py for tasks to queue
[2023-11-16T09:53:55.410+0000] {logging_mixin.py:151} INFO - [2023-11-16T09:53:55.410+0000] {dagbag.py:536} INFO - Filling up the DagBag from /home/airflow/.local/lib/python3.8/site-packages/airflow/example_dags/example_python_operator.py
[2023-11-16T09:53:55.417+0000] {processor.py:839} INFO - DAG(s) dict_keys(['example_python_operator']) retrieved from /home/airflow/.local/lib/python3.8/site-packages/airflow/example_dags/example_python_operator.py
[2023-11-16T09:53:55.433+0000] {logging_mixin.py:151} INFO - [2023-11-16T09:53:55.433+0000] {dag.py:2941} INFO - Sync 1 DAGs
[2023-11-16T09:53:55.442+0000] {logging_mixin.py:151} INFO - [2023-11-16T09:53:55.442+0000] {dag.py:3722} INFO - Setting next_dagrun for example_python_operator to None, run_after=None
[2023-11-16T09:53:55.456+0000] {processor.py:179} INFO - Processing /home/airflow/.local/lib/python3.8/site-packages/airflow/example_dags/example_python_operator.py took 0.049 seconds
[2023-11-16T09:54:25.505+0000] {processor.py:157} INFO - Started process (PID=7426) to work on /home/airflow/.local/lib/python3.8/site-packages/airflow/example_dags/example_python_operator.py
[2023-11-16T09:54:25.506+0000] {processor.py:829} INFO - Processing file /home/airflow/.local/lib/python3.8/site-packages/airflow/example_dags/example_python_operator.py for tasks to queue
[2023-11-16T09:54:25.507+0000] {logging_mixin.py:151} INFO - [2023-11-16T09:54:25.507+0000] {dagbag.py:536} INFO - Filling up the DagBag from /home/airflow/.local/lib/python3.8/site-packages/airflow/example_dags/example_python_operator.py
[2023-11-16T09:54:25.515+0000] {processor.py:839} INFO - DAG(s) dict_keys(['example_python_operator']) retrieved from /home/airflow/.local/lib/python3.8/site-packages/airflow/example_dags/example_python_operator.py
[2023-11-16T09:54:25.531+0000] {logging_mixin.py:151} INFO - [2023-11-16T09:54:25.531+0000] {dag.py:2941} INFO - Sync 1 DAGs
[2023-11-16T09:54:25.539+0000] {logging_mixin.py:151} INFO - [2023-11-16T09:54:25.539+0000] {dag.py:3722} INFO - Setting next_dagrun for example_python_operator to None, run_after=None
[2023-11-16T09:54:25.554+0000] {processor.py:179} INFO - Processing /home/airflow/.local/lib/python3.8/site-packages/airflow/example_dags/example_python_operator.py took 0.052 seconds
[2023-11-16T09:54:55.621+0000] {processor.py:157} INFO - Started process (PID=7482) to work on /home/airflow/.local/lib/python3.8/site-packages/airflow/example_dags/example_python_operator.py
[2023-11-16T09:54:55.622+0000] {processor.py:829} INFO - Processing file /home/airflow/.local/lib/python3.8/site-packages/airflow/example_dags/example_python_operator.py for tasks to queue
[2023-11-16T09:54:55.624+0000] {logging_mixin.py:151} INFO - [2023-11-16T09:54:55.624+0000] {dagbag.py:536} INFO - Filling up the DagBag from /home/airflow/.local/lib/python3.8/site-packages/airflow/example_dags/example_python_operator.py
[2023-11-16T09:54:55.633+0000] {processor.py:839} INFO - DAG(s) dict_keys(['example_python_operator']) retrieved from /home/airflow/.local/lib/python3.8/site-packages/airflow/example_dags/example_python_operator.py
[2023-11-16T09:54:55.650+0000] {logging_mixin.py:151} INFO - [2023-11-16T09:54:55.650+0000] {dag.py:2941} INFO - Sync 1 DAGs
[2023-11-16T09:54:55.658+0000] {logging_mixin.py:151} INFO - [2023-11-16T09:54:55.658+0000] {dag.py:3722} INFO - Setting next_dagrun for example_python_operator to None, run_after=None
[2023-11-16T09:54:55.673+0000] {processor.py:179} INFO - Processing /home/airflow/.local/lib/python3.8/site-packages/airflow/example_dags/example_python_operator.py took 0.054 seconds
[2023-11-16T09:55:25.741+0000] {processor.py:157} INFO - Started process (PID=7538) to work on /home/airflow/.local/lib/python3.8/site-packages/airflow/example_dags/example_python_operator.py
[2023-11-16T09:55:25.741+0000] {processor.py:829} INFO - Processing file /home/airflow/.local/lib/python3.8/site-packages/airflow/example_dags/example_python_operator.py for tasks to queue
[2023-11-16T09:55:25.743+0000] {logging_mixin.py:151} INFO - [2023-11-16T09:55:25.742+0000] {dagbag.py:536} INFO - Filling up the DagBag from /home/airflow/.local/lib/python3.8/site-packages/airflow/example_dags/example_python_operator.py
[2023-11-16T09:55:25.749+0000] {processor.py:839} INFO - DAG(s) dict_keys(['example_python_operator']) retrieved from /home/airflow/.local/lib/python3.8/site-packages/airflow/example_dags/example_python_operator.py
[2023-11-16T09:55:25.766+0000] {logging_mixin.py:151} INFO - [2023-11-16T09:55:25.766+0000] {dag.py:2941} INFO - Sync 1 DAGs
[2023-11-16T09:55:25.777+0000] {logging_mixin.py:151} INFO - [2023-11-16T09:55:25.777+0000] {dag.py:3722} INFO - Setting next_dagrun for example_python_operator to None, run_after=None
[2023-11-16T09:55:25.797+0000] {processor.py:179} INFO - Processing /home/airflow/.local/lib/python3.8/site-packages/airflow/example_dags/example_python_operator.py took 0.059 seconds
[2023-11-16T09:55:55.859+0000] {processor.py:157} INFO - Started process (PID=7594) to work on /home/airflow/.local/lib/python3.8/site-packages/airflow/example_dags/example_python_operator.py
[2023-11-16T09:55:55.860+0000] {processor.py:829} INFO - Processing file /home/airflow/.local/lib/python3.8/site-packages/airflow/example_dags/example_python_operator.py for tasks to queue
[2023-11-16T09:55:55.861+0000] {logging_mixin.py:151} INFO - [2023-11-16T09:55:55.861+0000] {dagbag.py:536} INFO - Filling up the DagBag from /home/airflow/.local/lib/python3.8/site-packages/airflow/example_dags/example_python_operator.py
[2023-11-16T09:55:55.867+0000] {processor.py:839} INFO - DAG(s) dict_keys(['example_python_operator']) retrieved from /home/airflow/.local/lib/python3.8/site-packages/airflow/example_dags/example_python_operator.py
[2023-11-16T09:55:55.881+0000] {logging_mixin.py:151} INFO - [2023-11-16T09:55:55.881+0000] {dag.py:2941} INFO - Sync 1 DAGs
[2023-11-16T09:55:55.889+0000] {logging_mixin.py:151} INFO - [2023-11-16T09:55:55.889+0000] {dag.py:3722} INFO - Setting next_dagrun for example_python_operator to None, run_after=None
[2023-11-16T09:55:55.904+0000] {processor.py:179} INFO - Processing /home/airflow/.local/lib/python3.8/site-packages/airflow/example_dags/example_python_operator.py took 0.046 seconds
[2023-11-16T09:56:25.991+0000] {processor.py:157} INFO - Started process (PID=7650) to work on /home/airflow/.local/lib/python3.8/site-packages/airflow/example_dags/example_python_operator.py
[2023-11-16T09:56:25.992+0000] {processor.py:829} INFO - Processing file /home/airflow/.local/lib/python3.8/site-packages/airflow/example_dags/example_python_operator.py for tasks to queue
[2023-11-16T09:56:25.993+0000] {logging_mixin.py:151} INFO - [2023-11-16T09:56:25.993+0000] {dagbag.py:536} INFO - Filling up the DagBag from /home/airflow/.local/lib/python3.8/site-packages/airflow/example_dags/example_python_operator.py
[2023-11-16T09:56:26.002+0000] {processor.py:839} INFO - DAG(s) dict_keys(['example_python_operator']) retrieved from /home/airflow/.local/lib/python3.8/site-packages/airflow/example_dags/example_python_operator.py
[2023-11-16T09:56:26.019+0000] {logging_mixin.py:151} INFO - [2023-11-16T09:56:26.019+0000] {dag.py:2941} INFO - Sync 1 DAGs
[2023-11-16T09:56:26.032+0000] {logging_mixin.py:151} INFO - [2023-11-16T09:56:26.032+0000] {dag.py:3722} INFO - Setting next_dagrun for example_python_operator to None, run_after=None
[2023-11-16T09:56:26.048+0000] {processor.py:179} INFO - Processing /home/airflow/.local/lib/python3.8/site-packages/airflow/example_dags/example_python_operator.py took 0.059 seconds
[2023-11-16T09:56:56.396+0000] {processor.py:157} INFO - Started process (PID=7706) to work on /home/airflow/.local/lib/python3.8/site-packages/airflow/example_dags/example_python_operator.py
[2023-11-16T09:56:56.396+0000] {processor.py:829} INFO - Processing file /home/airflow/.local/lib/python3.8/site-packages/airflow/example_dags/example_python_operator.py for tasks to queue
[2023-11-16T09:56:56.398+0000] {logging_mixin.py:151} INFO - [2023-11-16T09:56:56.397+0000] {dagbag.py:536} INFO - Filling up the DagBag from /home/airflow/.local/lib/python3.8/site-packages/airflow/example_dags/example_python_operator.py
[2023-11-16T09:56:56.405+0000] {processor.py:839} INFO - DAG(s) dict_keys(['example_python_operator']) retrieved from /home/airflow/.local/lib/python3.8/site-packages/airflow/example_dags/example_python_operator.py
[2023-11-16T09:56:56.425+0000] {logging_mixin.py:151} INFO - [2023-11-16T09:56:56.425+0000] {dag.py:2941} INFO - Sync 1 DAGs
[2023-11-16T09:56:56.436+0000] {logging_mixin.py:151} INFO - [2023-11-16T09:56:56.436+0000] {dag.py:3722} INFO - Setting next_dagrun for example_python_operator to None, run_after=None
[2023-11-16T09:56:56.452+0000] {processor.py:179} INFO - Processing /home/airflow/.local/lib/python3.8/site-packages/airflow/example_dags/example_python_operator.py took 0.059 seconds
[2023-11-16T09:57:26.484+0000] {processor.py:157} INFO - Started process (PID=7762) to work on /home/airflow/.local/lib/python3.8/site-packages/airflow/example_dags/example_python_operator.py
[2023-11-16T09:57:26.485+0000] {processor.py:829} INFO - Processing file /home/airflow/.local/lib/python3.8/site-packages/airflow/example_dags/example_python_operator.py for tasks to queue
[2023-11-16T09:57:26.486+0000] {logging_mixin.py:151} INFO - [2023-11-16T09:57:26.486+0000] {dagbag.py:536} INFO - Filling up the DagBag from /home/airflow/.local/lib/python3.8/site-packages/airflow/example_dags/example_python_operator.py
[2023-11-16T09:57:26.493+0000] {processor.py:839} INFO - DAG(s) dict_keys(['example_python_operator']) retrieved from /home/airflow/.local/lib/python3.8/site-packages/airflow/example_dags/example_python_operator.py
[2023-11-16T09:57:26.506+0000] {logging_mixin.py:151} INFO - [2023-11-16T09:57:26.506+0000] {dag.py:2941} INFO - Sync 1 DAGs
[2023-11-16T09:57:26.514+0000] {logging_mixin.py:151} INFO - [2023-11-16T09:57:26.514+0000] {dag.py:3722} INFO - Setting next_dagrun for example_python_operator to None, run_after=None
[2023-11-16T09:57:26.524+0000] {processor.py:179} INFO - Processing /home/airflow/.local/lib/python3.8/site-packages/airflow/example_dags/example_python_operator.py took 0.042 seconds
[2023-11-16T09:57:56.587+0000] {processor.py:157} INFO - Started process (PID=7818) to work on /home/airflow/.local/lib/python3.8/site-packages/airflow/example_dags/example_python_operator.py
[2023-11-16T09:57:56.588+0000] {processor.py:829} INFO - Processing file /home/airflow/.local/lib/python3.8/site-packages/airflow/example_dags/example_python_operator.py for tasks to queue
[2023-11-16T09:57:56.589+0000] {logging_mixin.py:151} INFO - [2023-11-16T09:57:56.589+0000] {dagbag.py:536} INFO - Filling up the DagBag from /home/airflow/.local/lib/python3.8/site-packages/airflow/example_dags/example_python_operator.py
[2023-11-16T09:57:56.595+0000] {processor.py:839} INFO - DAG(s) dict_keys(['example_python_operator']) retrieved from /home/airflow/.local/lib/python3.8/site-packages/airflow/example_dags/example_python_operator.py
[2023-11-16T09:57:56.608+0000] {logging_mixin.py:151} INFO - [2023-11-16T09:57:56.608+0000] {dag.py:2941} INFO - Sync 1 DAGs
[2023-11-16T09:57:56.617+0000] {logging_mixin.py:151} INFO - [2023-11-16T09:57:56.616+0000] {dag.py:3722} INFO - Setting next_dagrun for example_python_operator to None, run_after=None
[2023-11-16T09:57:56.628+0000] {processor.py:179} INFO - Processing /home/airflow/.local/lib/python3.8/site-packages/airflow/example_dags/example_python_operator.py took 0.043 seconds
[2023-11-16T09:58:26.746+0000] {processor.py:157} INFO - Started process (PID=7874) to work on /home/airflow/.local/lib/python3.8/site-packages/airflow/example_dags/example_python_operator.py
[2023-11-16T09:58:26.746+0000] {processor.py:829} INFO - Processing file /home/airflow/.local/lib/python3.8/site-packages/airflow/example_dags/example_python_operator.py for tasks to queue
[2023-11-16T09:58:26.747+0000] {logging_mixin.py:151} INFO - [2023-11-16T09:58:26.747+0000] {dagbag.py:536} INFO - Filling up the DagBag from /home/airflow/.local/lib/python3.8/site-packages/airflow/example_dags/example_python_operator.py
[2023-11-16T09:58:26.754+0000] {processor.py:839} INFO - DAG(s) dict_keys(['example_python_operator']) retrieved from /home/airflow/.local/lib/python3.8/site-packages/airflow/example_dags/example_python_operator.py
[2023-11-16T09:58:26.768+0000] {logging_mixin.py:151} INFO - [2023-11-16T09:58:26.768+0000] {dag.py:2941} INFO - Sync 1 DAGs
[2023-11-16T09:58:26.776+0000] {logging_mixin.py:151} INFO - [2023-11-16T09:58:26.776+0000] {dag.py:3722} INFO - Setting next_dagrun for example_python_operator to None, run_after=None
[2023-11-16T09:58:26.788+0000] {processor.py:179} INFO - Processing /home/airflow/.local/lib/python3.8/site-packages/airflow/example_dags/example_python_operator.py took 0.045 seconds
[2023-11-16T09:58:56.885+0000] {processor.py:157} INFO - Started process (PID=7930) to work on /home/airflow/.local/lib/python3.8/site-packages/airflow/example_dags/example_python_operator.py
[2023-11-16T09:58:56.886+0000] {processor.py:829} INFO - Processing file /home/airflow/.local/lib/python3.8/site-packages/airflow/example_dags/example_python_operator.py for tasks to queue
[2023-11-16T09:58:56.888+0000] {logging_mixin.py:151} INFO - [2023-11-16T09:58:56.887+0000] {dagbag.py:536} INFO - Filling up the DagBag from /home/airflow/.local/lib/python3.8/site-packages/airflow/example_dags/example_python_operator.py
[2023-11-16T09:58:56.894+0000] {processor.py:839} INFO - DAG(s) dict_keys(['example_python_operator']) retrieved from /home/airflow/.local/lib/python3.8/site-packages/airflow/example_dags/example_python_operator.py
[2023-11-16T09:58:56.911+0000] {logging_mixin.py:151} INFO - [2023-11-16T09:58:56.911+0000] {dag.py:2941} INFO - Sync 1 DAGs
[2023-11-16T09:58:56.923+0000] {logging_mixin.py:151} INFO - [2023-11-16T09:58:56.923+0000] {dag.py:3722} INFO - Setting next_dagrun for example_python_operator to None, run_after=None
[2023-11-16T09:58:56.935+0000] {processor.py:179} INFO - Processing /home/airflow/.local/lib/python3.8/site-packages/airflow/example_dags/example_python_operator.py took 0.052 seconds
[2023-11-16T09:59:27.064+0000] {processor.py:157} INFO - Started process (PID=7986) to work on /home/airflow/.local/lib/python3.8/site-packages/airflow/example_dags/example_python_operator.py
[2023-11-16T09:59:27.065+0000] {processor.py:829} INFO - Processing file /home/airflow/.local/lib/python3.8/site-packages/airflow/example_dags/example_python_operator.py for tasks to queue
[2023-11-16T09:59:27.066+0000] {logging_mixin.py:151} INFO - [2023-11-16T09:59:27.066+0000] {dagbag.py:536} INFO - Filling up the DagBag from /home/airflow/.local/lib/python3.8/site-packages/airflow/example_dags/example_python_operator.py
[2023-11-16T09:59:27.074+0000] {processor.py:839} INFO - DAG(s) dict_keys(['example_python_operator']) retrieved from /home/airflow/.local/lib/python3.8/site-packages/airflow/example_dags/example_python_operator.py
[2023-11-16T09:59:27.090+0000] {logging_mixin.py:151} INFO - [2023-11-16T09:59:27.090+0000] {dag.py:2941} INFO - Sync 1 DAGs
[2023-11-16T09:59:27.100+0000] {logging_mixin.py:151} INFO - [2023-11-16T09:59:27.100+0000] {dag.py:3722} INFO - Setting next_dagrun for example_python_operator to None, run_after=None
[2023-11-16T09:59:27.115+0000] {processor.py:179} INFO - Processing /home/airflow/.local/lib/python3.8/site-packages/airflow/example_dags/example_python_operator.py took 0.053 seconds
[2023-11-16T09:59:57.137+0000] {processor.py:157} INFO - Started process (PID=8043) to work on /home/airflow/.local/lib/python3.8/site-packages/airflow/example_dags/example_python_operator.py
[2023-11-16T09:59:57.138+0000] {processor.py:829} INFO - Processing file /home/airflow/.local/lib/python3.8/site-packages/airflow/example_dags/example_python_operator.py for tasks to queue
[2023-11-16T09:59:57.139+0000] {logging_mixin.py:151} INFO - [2023-11-16T09:59:57.139+0000] {dagbag.py:536} INFO - Filling up the DagBag from /home/airflow/.local/lib/python3.8/site-packages/airflow/example_dags/example_python_operator.py
[2023-11-16T09:59:57.145+0000] {processor.py:839} INFO - DAG(s) dict_keys(['example_python_operator']) retrieved from /home/airflow/.local/lib/python3.8/site-packages/airflow/example_dags/example_python_operator.py
[2023-11-16T09:59:57.163+0000] {logging_mixin.py:151} INFO - [2023-11-16T09:59:57.162+0000] {dag.py:2941} INFO - Sync 1 DAGs
[2023-11-16T09:59:57.172+0000] {logging_mixin.py:151} INFO - [2023-11-16T09:59:57.172+0000] {dag.py:3722} INFO - Setting next_dagrun for example_python_operator to None, run_after=None
[2023-11-16T09:59:57.184+0000] {processor.py:179} INFO - Processing /home/airflow/.local/lib/python3.8/site-packages/airflow/example_dags/example_python_operator.py took 0.048 seconds
[2023-11-16T10:00:28.298+0000] {processor.py:157} INFO - Started process (PID=8099) to work on /home/airflow/.local/lib/python3.8/site-packages/airflow/example_dags/example_python_operator.py
[2023-11-16T10:00:28.298+0000] {processor.py:829} INFO - Processing file /home/airflow/.local/lib/python3.8/site-packages/airflow/example_dags/example_python_operator.py for tasks to queue
[2023-11-16T10:00:28.300+0000] {logging_mixin.py:151} INFO - [2023-11-16T10:00:28.300+0000] {dagbag.py:536} INFO - Filling up the DagBag from /home/airflow/.local/lib/python3.8/site-packages/airflow/example_dags/example_python_operator.py
[2023-11-16T10:00:28.308+0000] {processor.py:839} INFO - DAG(s) dict_keys(['example_python_operator']) retrieved from /home/airflow/.local/lib/python3.8/site-packages/airflow/example_dags/example_python_operator.py
[2023-11-16T10:00:28.324+0000] {logging_mixin.py:151} INFO - [2023-11-16T10:00:28.324+0000] {dag.py:2941} INFO - Sync 1 DAGs
[2023-11-16T10:00:28.332+0000] {logging_mixin.py:151} INFO - [2023-11-16T10:00:28.331+0000] {dag.py:3722} INFO - Setting next_dagrun for example_python_operator to None, run_after=None
[2023-11-16T10:00:28.348+0000] {processor.py:179} INFO - Processing /home/airflow/.local/lib/python3.8/site-packages/airflow/example_dags/example_python_operator.py took 0.052 seconds
[2023-11-16T10:00:58.371+0000] {processor.py:157} INFO - Started process (PID=8155) to work on /home/airflow/.local/lib/python3.8/site-packages/airflow/example_dags/example_python_operator.py
[2023-11-16T10:00:58.371+0000] {processor.py:829} INFO - Processing file /home/airflow/.local/lib/python3.8/site-packages/airflow/example_dags/example_python_operator.py for tasks to queue
[2023-11-16T10:00:58.373+0000] {logging_mixin.py:151} INFO - [2023-11-16T10:00:58.373+0000] {dagbag.py:536} INFO - Filling up the DagBag from /home/airflow/.local/lib/python3.8/site-packages/airflow/example_dags/example_python_operator.py
[2023-11-16T10:00:58.380+0000] {processor.py:839} INFO - DAG(s) dict_keys(['example_python_operator']) retrieved from /home/airflow/.local/lib/python3.8/site-packages/airflow/example_dags/example_python_operator.py
[2023-11-16T10:00:58.400+0000] {logging_mixin.py:151} INFO - [2023-11-16T10:00:58.400+0000] {dag.py:2941} INFO - Sync 1 DAGs
[2023-11-16T10:00:58.410+0000] {logging_mixin.py:151} INFO - [2023-11-16T10:00:58.410+0000] {dag.py:3722} INFO - Setting next_dagrun for example_python_operator to None, run_after=None
[2023-11-16T10:00:58.428+0000] {processor.py:179} INFO - Processing /home/airflow/.local/lib/python3.8/site-packages/airflow/example_dags/example_python_operator.py took 0.059 seconds
[2023-11-16T10:01:28.675+0000] {processor.py:157} INFO - Started process (PID=8211) to work on /home/airflow/.local/lib/python3.8/site-packages/airflow/example_dags/example_python_operator.py
[2023-11-16T10:01:28.675+0000] {processor.py:829} INFO - Processing file /home/airflow/.local/lib/python3.8/site-packages/airflow/example_dags/example_python_operator.py for tasks to queue
[2023-11-16T10:01:28.677+0000] {logging_mixin.py:151} INFO - [2023-11-16T10:01:28.676+0000] {dagbag.py:536} INFO - Filling up the DagBag from /home/airflow/.local/lib/python3.8/site-packages/airflow/example_dags/example_python_operator.py
[2023-11-16T10:01:28.683+0000] {processor.py:839} INFO - DAG(s) dict_keys(['example_python_operator']) retrieved from /home/airflow/.local/lib/python3.8/site-packages/airflow/example_dags/example_python_operator.py
[2023-11-16T10:01:28.698+0000] {logging_mixin.py:151} INFO - [2023-11-16T10:01:28.698+0000] {dag.py:2941} INFO - Sync 1 DAGs
[2023-11-16T10:01:28.707+0000] {logging_mixin.py:151} INFO - [2023-11-16T10:01:28.707+0000] {dag.py:3722} INFO - Setting next_dagrun for example_python_operator to None, run_after=None
[2023-11-16T10:01:28.722+0000] {processor.py:179} INFO - Processing /home/airflow/.local/lib/python3.8/site-packages/airflow/example_dags/example_python_operator.py took 0.050 seconds
[2023-11-16T10:01:59.061+0000] {processor.py:157} INFO - Started process (PID=8267) to work on /home/airflow/.local/lib/python3.8/site-packages/airflow/example_dags/example_python_operator.py
[2023-11-16T10:01:59.062+0000] {processor.py:829} INFO - Processing file /home/airflow/.local/lib/python3.8/site-packages/airflow/example_dags/example_python_operator.py for tasks to queue
[2023-11-16T10:01:59.063+0000] {logging_mixin.py:151} INFO - [2023-11-16T10:01:59.063+0000] {dagbag.py:536} INFO - Filling up the DagBag from /home/airflow/.local/lib/python3.8/site-packages/airflow/example_dags/example_python_operator.py
[2023-11-16T10:01:59.071+0000] {processor.py:839} INFO - DAG(s) dict_keys(['example_python_operator']) retrieved from /home/airflow/.local/lib/python3.8/site-packages/airflow/example_dags/example_python_operator.py
[2023-11-16T10:01:59.094+0000] {logging_mixin.py:151} INFO - [2023-11-16T10:01:59.094+0000] {dag.py:2941} INFO - Sync 1 DAGs
[2023-11-16T10:01:59.104+0000] {logging_mixin.py:151} INFO - [2023-11-16T10:01:59.104+0000] {dag.py:3722} INFO - Setting next_dagrun for example_python_operator to None, run_after=None
[2023-11-16T10:01:59.120+0000] {processor.py:179} INFO - Processing /home/airflow/.local/lib/python3.8/site-packages/airflow/example_dags/example_python_operator.py took 0.061 seconds
[2023-11-16T10:02:29.440+0000] {processor.py:157} INFO - Started process (PID=8323) to work on /home/airflow/.local/lib/python3.8/site-packages/airflow/example_dags/example_python_operator.py
[2023-11-16T10:02:29.441+0000] {processor.py:829} INFO - Processing file /home/airflow/.local/lib/python3.8/site-packages/airflow/example_dags/example_python_operator.py for tasks to queue
[2023-11-16T10:02:29.443+0000] {logging_mixin.py:151} INFO - [2023-11-16T10:02:29.442+0000] {dagbag.py:536} INFO - Filling up the DagBag from /home/airflow/.local/lib/python3.8/site-packages/airflow/example_dags/example_python_operator.py
[2023-11-16T10:02:29.451+0000] {processor.py:839} INFO - DAG(s) dict_keys(['example_python_operator']) retrieved from /home/airflow/.local/lib/python3.8/site-packages/airflow/example_dags/example_python_operator.py
[2023-11-16T10:02:29.469+0000] {logging_mixin.py:151} INFO - [2023-11-16T10:02:29.469+0000] {dag.py:2941} INFO - Sync 1 DAGs
[2023-11-16T10:02:29.478+0000] {logging_mixin.py:151} INFO - [2023-11-16T10:02:29.478+0000] {dag.py:3722} INFO - Setting next_dagrun for example_python_operator to None, run_after=None
[2023-11-16T10:02:29.491+0000] {processor.py:179} INFO - Processing /home/airflow/.local/lib/python3.8/site-packages/airflow/example_dags/example_python_operator.py took 0.054 seconds
[2023-11-16T10:02:59.788+0000] {processor.py:157} INFO - Started process (PID=8379) to work on /home/airflow/.local/lib/python3.8/site-packages/airflow/example_dags/example_python_operator.py
[2023-11-16T10:02:59.789+0000] {processor.py:829} INFO - Processing file /home/airflow/.local/lib/python3.8/site-packages/airflow/example_dags/example_python_operator.py for tasks to queue
[2023-11-16T10:02:59.792+0000] {logging_mixin.py:151} INFO - [2023-11-16T10:02:59.791+0000] {dagbag.py:536} INFO - Filling up the DagBag from /home/airflow/.local/lib/python3.8/site-packages/airflow/example_dags/example_python_operator.py
[2023-11-16T10:02:59.804+0000] {processor.py:839} INFO - DAG(s) dict_keys(['example_python_operator']) retrieved from /home/airflow/.local/lib/python3.8/site-packages/airflow/example_dags/example_python_operator.py
[2023-11-16T10:02:59.831+0000] {logging_mixin.py:151} INFO - [2023-11-16T10:02:59.831+0000] {dag.py:2941} INFO - Sync 1 DAGs
[2023-11-16T10:02:59.843+0000] {logging_mixin.py:151} INFO - [2023-11-16T10:02:59.842+0000] {dag.py:3722} INFO - Setting next_dagrun for example_python_operator to None, run_after=None
[2023-11-16T10:02:59.865+0000] {processor.py:179} INFO - Processing /home/airflow/.local/lib/python3.8/site-packages/airflow/example_dags/example_python_operator.py took 0.080 seconds
[2023-11-16T10:03:29.936+0000] {processor.py:157} INFO - Started process (PID=8434) to work on /home/airflow/.local/lib/python3.8/site-packages/airflow/example_dags/example_python_operator.py
[2023-11-16T10:03:29.937+0000] {processor.py:829} INFO - Processing file /home/airflow/.local/lib/python3.8/site-packages/airflow/example_dags/example_python_operator.py for tasks to queue
[2023-11-16T10:03:29.938+0000] {logging_mixin.py:151} INFO - [2023-11-16T10:03:29.938+0000] {dagbag.py:536} INFO - Filling up the DagBag from /home/airflow/.local/lib/python3.8/site-packages/airflow/example_dags/example_python_operator.py
[2023-11-16T10:03:29.944+0000] {processor.py:839} INFO - DAG(s) dict_keys(['example_python_operator']) retrieved from /home/airflow/.local/lib/python3.8/site-packages/airflow/example_dags/example_python_operator.py
[2023-11-16T10:03:29.959+0000] {logging_mixin.py:151} INFO - [2023-11-16T10:03:29.958+0000] {dag.py:2941} INFO - Sync 1 DAGs
[2023-11-16T10:03:29.967+0000] {logging_mixin.py:151} INFO - [2023-11-16T10:03:29.967+0000] {dag.py:3722} INFO - Setting next_dagrun for example_python_operator to None, run_after=None
[2023-11-16T10:03:29.979+0000] {processor.py:179} INFO - Processing /home/airflow/.local/lib/python3.8/site-packages/airflow/example_dags/example_python_operator.py took 0.045 seconds
[2023-11-16T10:04:00.208+0000] {processor.py:157} INFO - Started process (PID=8490) to work on /home/airflow/.local/lib/python3.8/site-packages/airflow/example_dags/example_python_operator.py
[2023-11-16T10:04:00.209+0000] {processor.py:829} INFO - Processing file /home/airflow/.local/lib/python3.8/site-packages/airflow/example_dags/example_python_operator.py for tasks to queue
[2023-11-16T10:04:00.211+0000] {logging_mixin.py:151} INFO - [2023-11-16T10:04:00.210+0000] {dagbag.py:536} INFO - Filling up the DagBag from /home/airflow/.local/lib/python3.8/site-packages/airflow/example_dags/example_python_operator.py
[2023-11-16T10:04:00.218+0000] {processor.py:839} INFO - DAG(s) dict_keys(['example_python_operator']) retrieved from /home/airflow/.local/lib/python3.8/site-packages/airflow/example_dags/example_python_operator.py
[2023-11-16T10:04:00.236+0000] {logging_mixin.py:151} INFO - [2023-11-16T10:04:00.236+0000] {dag.py:2941} INFO - Sync 1 DAGs
[2023-11-16T10:04:00.248+0000] {logging_mixin.py:151} INFO - [2023-11-16T10:04:00.248+0000] {dag.py:3722} INFO - Setting next_dagrun for example_python_operator to None, run_after=None
[2023-11-16T10:04:00.263+0000] {processor.py:179} INFO - Processing /home/airflow/.local/lib/python3.8/site-packages/airflow/example_dags/example_python_operator.py took 0.058 seconds
[2023-11-16T10:04:31.006+0000] {processor.py:157} INFO - Started process (PID=8547) to work on /home/airflow/.local/lib/python3.8/site-packages/airflow/example_dags/example_python_operator.py
[2023-11-16T10:04:31.007+0000] {processor.py:829} INFO - Processing file /home/airflow/.local/lib/python3.8/site-packages/airflow/example_dags/example_python_operator.py for tasks to queue
[2023-11-16T10:04:31.009+0000] {logging_mixin.py:151} INFO - [2023-11-16T10:04:31.008+0000] {dagbag.py:536} INFO - Filling up the DagBag from /home/airflow/.local/lib/python3.8/site-packages/airflow/example_dags/example_python_operator.py
[2023-11-16T10:04:31.016+0000] {processor.py:839} INFO - DAG(s) dict_keys(['example_python_operator']) retrieved from /home/airflow/.local/lib/python3.8/site-packages/airflow/example_dags/example_python_operator.py
[2023-11-16T10:04:31.036+0000] {logging_mixin.py:151} INFO - [2023-11-16T10:04:31.036+0000] {dag.py:2941} INFO - Sync 1 DAGs
[2023-11-16T10:04:31.045+0000] {logging_mixin.py:151} INFO - [2023-11-16T10:04:31.045+0000] {dag.py:3722} INFO - Setting next_dagrun for example_python_operator to None, run_after=None
[2023-11-16T10:04:31.061+0000] {processor.py:179} INFO - Processing /home/airflow/.local/lib/python3.8/site-packages/airflow/example_dags/example_python_operator.py took 0.057 seconds
[2023-11-16T10:05:01.147+0000] {processor.py:157} INFO - Started process (PID=8604) to work on /home/airflow/.local/lib/python3.8/site-packages/airflow/example_dags/example_python_operator.py
[2023-11-16T10:05:01.148+0000] {processor.py:829} INFO - Processing file /home/airflow/.local/lib/python3.8/site-packages/airflow/example_dags/example_python_operator.py for tasks to queue
[2023-11-16T10:05:01.149+0000] {logging_mixin.py:151} INFO - [2023-11-16T10:05:01.149+0000] {dagbag.py:536} INFO - Filling up the DagBag from /home/airflow/.local/lib/python3.8/site-packages/airflow/example_dags/example_python_operator.py
[2023-11-16T10:05:01.156+0000] {processor.py:839} INFO - DAG(s) dict_keys(['example_python_operator']) retrieved from /home/airflow/.local/lib/python3.8/site-packages/airflow/example_dags/example_python_operator.py
[2023-11-16T10:05:01.175+0000] {logging_mixin.py:151} INFO - [2023-11-16T10:05:01.175+0000] {dag.py:2941} INFO - Sync 1 DAGs
[2023-11-16T10:05:01.186+0000] {logging_mixin.py:151} INFO - [2023-11-16T10:05:01.186+0000] {dag.py:3722} INFO - Setting next_dagrun for example_python_operator to None, run_after=None
[2023-11-16T10:05:01.203+0000] {processor.py:179} INFO - Processing /home/airflow/.local/lib/python3.8/site-packages/airflow/example_dags/example_python_operator.py took 0.057 seconds
[2023-11-16T10:05:31.244+0000] {processor.py:157} INFO - Started process (PID=8660) to work on /home/airflow/.local/lib/python3.8/site-packages/airflow/example_dags/example_python_operator.py
[2023-11-16T10:05:31.244+0000] {processor.py:829} INFO - Processing file /home/airflow/.local/lib/python3.8/site-packages/airflow/example_dags/example_python_operator.py for tasks to queue
[2023-11-16T10:05:31.246+0000] {logging_mixin.py:151} INFO - [2023-11-16T10:05:31.245+0000] {dagbag.py:536} INFO - Filling up the DagBag from /home/airflow/.local/lib/python3.8/site-packages/airflow/example_dags/example_python_operator.py
[2023-11-16T10:05:31.252+0000] {processor.py:839} INFO - DAG(s) dict_keys(['example_python_operator']) retrieved from /home/airflow/.local/lib/python3.8/site-packages/airflow/example_dags/example_python_operator.py
[2023-11-16T10:05:31.267+0000] {logging_mixin.py:151} INFO - [2023-11-16T10:05:31.267+0000] {dag.py:2941} INFO - Sync 1 DAGs
[2023-11-16T10:05:31.276+0000] {logging_mixin.py:151} INFO - [2023-11-16T10:05:31.276+0000] {dag.py:3722} INFO - Setting next_dagrun for example_python_operator to None, run_after=None
[2023-11-16T10:05:31.289+0000] {processor.py:179} INFO - Processing /home/airflow/.local/lib/python3.8/site-packages/airflow/example_dags/example_python_operator.py took 0.047 seconds
[2023-11-16T10:06:01.885+0000] {processor.py:157} INFO - Started process (PID=8715) to work on /home/airflow/.local/lib/python3.8/site-packages/airflow/example_dags/example_python_operator.py
[2023-11-16T10:06:01.886+0000] {processor.py:829} INFO - Processing file /home/airflow/.local/lib/python3.8/site-packages/airflow/example_dags/example_python_operator.py for tasks to queue
[2023-11-16T10:06:01.887+0000] {logging_mixin.py:151} INFO - [2023-11-16T10:06:01.887+0000] {dagbag.py:536} INFO - Filling up the DagBag from /home/airflow/.local/lib/python3.8/site-packages/airflow/example_dags/example_python_operator.py
[2023-11-16T10:06:01.894+0000] {processor.py:839} INFO - DAG(s) dict_keys(['example_python_operator']) retrieved from /home/airflow/.local/lib/python3.8/site-packages/airflow/example_dags/example_python_operator.py
[2023-11-16T10:06:01.908+0000] {logging_mixin.py:151} INFO - [2023-11-16T10:06:01.908+0000] {dag.py:2941} INFO - Sync 1 DAGs
[2023-11-16T10:06:01.916+0000] {logging_mixin.py:151} INFO - [2023-11-16T10:06:01.916+0000] {dag.py:3722} INFO - Setting next_dagrun for example_python_operator to None, run_after=None
[2023-11-16T10:06:01.927+0000] {processor.py:179} INFO - Processing /home/airflow/.local/lib/python3.8/site-packages/airflow/example_dags/example_python_operator.py took 0.045 seconds
[2023-11-16T10:06:32.573+0000] {processor.py:157} INFO - Started process (PID=8770) to work on /home/airflow/.local/lib/python3.8/site-packages/airflow/example_dags/example_python_operator.py
[2023-11-16T10:06:32.574+0000] {processor.py:829} INFO - Processing file /home/airflow/.local/lib/python3.8/site-packages/airflow/example_dags/example_python_operator.py for tasks to queue
[2023-11-16T10:06:32.575+0000] {logging_mixin.py:151} INFO - [2023-11-16T10:06:32.575+0000] {dagbag.py:536} INFO - Filling up the DagBag from /home/airflow/.local/lib/python3.8/site-packages/airflow/example_dags/example_python_operator.py
[2023-11-16T10:06:32.581+0000] {processor.py:839} INFO - DAG(s) dict_keys(['example_python_operator']) retrieved from /home/airflow/.local/lib/python3.8/site-packages/airflow/example_dags/example_python_operator.py
[2023-11-16T10:06:32.595+0000] {logging_mixin.py:151} INFO - [2023-11-16T10:06:32.595+0000] {dag.py:2941} INFO - Sync 1 DAGs
[2023-11-16T10:06:32.603+0000] {logging_mixin.py:151} INFO - [2023-11-16T10:06:32.603+0000] {dag.py:3722} INFO - Setting next_dagrun for example_python_operator to None, run_after=None
[2023-11-16T10:06:32.616+0000] {processor.py:179} INFO - Processing /home/airflow/.local/lib/python3.8/site-packages/airflow/example_dags/example_python_operator.py took 0.045 seconds
[2023-11-16T10:07:03.164+0000] {processor.py:157} INFO - Started process (PID=8826) to work on /home/airflow/.local/lib/python3.8/site-packages/airflow/example_dags/example_python_operator.py
[2023-11-16T10:07:03.165+0000] {processor.py:829} INFO - Processing file /home/airflow/.local/lib/python3.8/site-packages/airflow/example_dags/example_python_operator.py for tasks to queue
[2023-11-16T10:07:03.166+0000] {logging_mixin.py:151} INFO - [2023-11-16T10:07:03.166+0000] {dagbag.py:536} INFO - Filling up the DagBag from /home/airflow/.local/lib/python3.8/site-packages/airflow/example_dags/example_python_operator.py
[2023-11-16T10:07:03.172+0000] {processor.py:839} INFO - DAG(s) dict_keys(['example_python_operator']) retrieved from /home/airflow/.local/lib/python3.8/site-packages/airflow/example_dags/example_python_operator.py
[2023-11-16T10:07:03.187+0000] {logging_mixin.py:151} INFO - [2023-11-16T10:07:03.187+0000] {dag.py:2941} INFO - Sync 1 DAGs
[2023-11-16T10:07:03.195+0000] {logging_mixin.py:151} INFO - [2023-11-16T10:07:03.195+0000] {dag.py:3722} INFO - Setting next_dagrun for example_python_operator to None, run_after=None
[2023-11-16T10:07:03.207+0000] {processor.py:179} INFO - Processing /home/airflow/.local/lib/python3.8/site-packages/airflow/example_dags/example_python_operator.py took 0.045 seconds
[2023-11-16T10:07:33.813+0000] {processor.py:157} INFO - Started process (PID=8883) to work on /home/airflow/.local/lib/python3.8/site-packages/airflow/example_dags/example_python_operator.py
[2023-11-16T10:07:33.814+0000] {processor.py:829} INFO - Processing file /home/airflow/.local/lib/python3.8/site-packages/airflow/example_dags/example_python_operator.py for tasks to queue
[2023-11-16T10:07:33.815+0000] {logging_mixin.py:151} INFO - [2023-11-16T10:07:33.815+0000] {dagbag.py:536} INFO - Filling up the DagBag from /home/airflow/.local/lib/python3.8/site-packages/airflow/example_dags/example_python_operator.py
[2023-11-16T10:07:33.822+0000] {processor.py:839} INFO - DAG(s) dict_keys(['example_python_operator']) retrieved from /home/airflow/.local/lib/python3.8/site-packages/airflow/example_dags/example_python_operator.py
[2023-11-16T10:07:33.838+0000] {logging_mixin.py:151} INFO - [2023-11-16T10:07:33.838+0000] {dag.py:2941} INFO - Sync 1 DAGs
[2023-11-16T10:07:33.849+0000] {logging_mixin.py:151} INFO - [2023-11-16T10:07:33.848+0000] {dag.py:3722} INFO - Setting next_dagrun for example_python_operator to None, run_after=None
[2023-11-16T10:07:33.862+0000] {processor.py:179} INFO - Processing /home/airflow/.local/lib/python3.8/site-packages/airflow/example_dags/example_python_operator.py took 0.051 seconds
[2023-11-16T10:08:04.509+0000] {processor.py:157} INFO - Started process (PID=8939) to work on /home/airflow/.local/lib/python3.8/site-packages/airflow/example_dags/example_python_operator.py
[2023-11-16T10:08:04.509+0000] {processor.py:829} INFO - Processing file /home/airflow/.local/lib/python3.8/site-packages/airflow/example_dags/example_python_operator.py for tasks to queue
[2023-11-16T10:08:04.511+0000] {logging_mixin.py:151} INFO - [2023-11-16T10:08:04.511+0000] {dagbag.py:536} INFO - Filling up the DagBag from /home/airflow/.local/lib/python3.8/site-packages/airflow/example_dags/example_python_operator.py
[2023-11-16T10:08:04.518+0000] {processor.py:839} INFO - DAG(s) dict_keys(['example_python_operator']) retrieved from /home/airflow/.local/lib/python3.8/site-packages/airflow/example_dags/example_python_operator.py
[2023-11-16T10:08:04.536+0000] {logging_mixin.py:151} INFO - [2023-11-16T10:08:04.536+0000] {dag.py:2941} INFO - Sync 1 DAGs
[2023-11-16T10:08:04.545+0000] {logging_mixin.py:151} INFO - [2023-11-16T10:08:04.545+0000] {dag.py:3722} INFO - Setting next_dagrun for example_python_operator to None, run_after=None
[2023-11-16T10:08:04.557+0000] {processor.py:179} INFO - Processing /home/airflow/.local/lib/python3.8/site-packages/airflow/example_dags/example_python_operator.py took 0.050 seconds
[2023-11-16T10:08:35.193+0000] {processor.py:157} INFO - Started process (PID=8995) to work on /home/airflow/.local/lib/python3.8/site-packages/airflow/example_dags/example_python_operator.py
[2023-11-16T10:08:35.194+0000] {processor.py:829} INFO - Processing file /home/airflow/.local/lib/python3.8/site-packages/airflow/example_dags/example_python_operator.py for tasks to queue
[2023-11-16T10:08:35.195+0000] {logging_mixin.py:151} INFO - [2023-11-16T10:08:35.195+0000] {dagbag.py:536} INFO - Filling up the DagBag from /home/airflow/.local/lib/python3.8/site-packages/airflow/example_dags/example_python_operator.py
[2023-11-16T10:08:35.202+0000] {processor.py:839} INFO - DAG(s) dict_keys(['example_python_operator']) retrieved from /home/airflow/.local/lib/python3.8/site-packages/airflow/example_dags/example_python_operator.py
[2023-11-16T10:08:35.218+0000] {logging_mixin.py:151} INFO - [2023-11-16T10:08:35.218+0000] {dag.py:2941} INFO - Sync 1 DAGs
[2023-11-16T10:08:35.226+0000] {logging_mixin.py:151} INFO - [2023-11-16T10:08:35.226+0000] {dag.py:3722} INFO - Setting next_dagrun for example_python_operator to None, run_after=None
[2023-11-16T10:08:35.238+0000] {processor.py:179} INFO - Processing /home/airflow/.local/lib/python3.8/site-packages/airflow/example_dags/example_python_operator.py took 0.047 seconds
[2023-11-16T10:09:05.974+0000] {processor.py:157} INFO - Started process (PID=9052) to work on /home/airflow/.local/lib/python3.8/site-packages/airflow/example_dags/example_python_operator.py
[2023-11-16T10:09:05.975+0000] {processor.py:829} INFO - Processing file /home/airflow/.local/lib/python3.8/site-packages/airflow/example_dags/example_python_operator.py for tasks to queue
[2023-11-16T10:09:05.976+0000] {logging_mixin.py:151} INFO - [2023-11-16T10:09:05.976+0000] {dagbag.py:536} INFO - Filling up the DagBag from /home/airflow/.local/lib/python3.8/site-packages/airflow/example_dags/example_python_operator.py
[2023-11-16T10:09:05.983+0000] {processor.py:839} INFO - DAG(s) dict_keys(['example_python_operator']) retrieved from /home/airflow/.local/lib/python3.8/site-packages/airflow/example_dags/example_python_operator.py
[2023-11-16T10:09:05.999+0000] {logging_mixin.py:151} INFO - [2023-11-16T10:09:05.999+0000] {dag.py:2941} INFO - Sync 1 DAGs
[2023-11-16T10:09:06.007+0000] {logging_mixin.py:151} INFO - [2023-11-16T10:09:06.007+0000] {dag.py:3722} INFO - Setting next_dagrun for example_python_operator to None, run_after=None
[2023-11-16T10:09:06.019+0000] {processor.py:179} INFO - Processing /home/airflow/.local/lib/python3.8/site-packages/airflow/example_dags/example_python_operator.py took 0.047 seconds
[2023-11-16T10:09:36.825+0000] {processor.py:157} INFO - Started process (PID=9108) to work on /home/airflow/.local/lib/python3.8/site-packages/airflow/example_dags/example_python_operator.py
[2023-11-16T10:09:36.825+0000] {processor.py:829} INFO - Processing file /home/airflow/.local/lib/python3.8/site-packages/airflow/example_dags/example_python_operator.py for tasks to queue
[2023-11-16T10:09:36.827+0000] {logging_mixin.py:151} INFO - [2023-11-16T10:09:36.826+0000] {dagbag.py:536} INFO - Filling up the DagBag from /home/airflow/.local/lib/python3.8/site-packages/airflow/example_dags/example_python_operator.py
[2023-11-16T10:09:36.833+0000] {processor.py:839} INFO - DAG(s) dict_keys(['example_python_operator']) retrieved from /home/airflow/.local/lib/python3.8/site-packages/airflow/example_dags/example_python_operator.py
[2023-11-16T10:09:36.850+0000] {logging_mixin.py:151} INFO - [2023-11-16T10:09:36.849+0000] {dag.py:2941} INFO - Sync 1 DAGs
[2023-11-16T10:09:36.857+0000] {logging_mixin.py:151} INFO - [2023-11-16T10:09:36.857+0000] {dag.py:3722} INFO - Setting next_dagrun for example_python_operator to None, run_after=None
[2023-11-16T10:09:36.870+0000] {processor.py:179} INFO - Processing /home/airflow/.local/lib/python3.8/site-packages/airflow/example_dags/example_python_operator.py took 0.048 seconds
[2023-11-16T10:10:08.042+0000] {processor.py:157} INFO - Started process (PID=9164) to work on /home/airflow/.local/lib/python3.8/site-packages/airflow/example_dags/example_python_operator.py
[2023-11-16T10:10:08.043+0000] {processor.py:829} INFO - Processing file /home/airflow/.local/lib/python3.8/site-packages/airflow/example_dags/example_python_operator.py for tasks to queue
[2023-11-16T10:10:08.044+0000] {logging_mixin.py:151} INFO - [2023-11-16T10:10:08.044+0000] {dagbag.py:536} INFO - Filling up the DagBag from /home/airflow/.local/lib/python3.8/site-packages/airflow/example_dags/example_python_operator.py
[2023-11-16T10:10:08.050+0000] {processor.py:839} INFO - DAG(s) dict_keys(['example_python_operator']) retrieved from /home/airflow/.local/lib/python3.8/site-packages/airflow/example_dags/example_python_operator.py
[2023-11-16T10:10:08.064+0000] {logging_mixin.py:151} INFO - [2023-11-16T10:10:08.064+0000] {dag.py:2941} INFO - Sync 1 DAGs
[2023-11-16T10:10:08.072+0000] {logging_mixin.py:151} INFO - [2023-11-16T10:10:08.072+0000] {dag.py:3722} INFO - Setting next_dagrun for example_python_operator to None, run_after=None
[2023-11-16T10:10:08.177+0000] {processor.py:179} INFO - Processing /home/airflow/.local/lib/python3.8/site-packages/airflow/example_dags/example_python_operator.py took 0.137 seconds
[2023-11-16T10:10:39.005+0000] {processor.py:157} INFO - Started process (PID=9221) to work on /home/airflow/.local/lib/python3.8/site-packages/airflow/example_dags/example_python_operator.py
[2023-11-16T10:10:39.005+0000] {processor.py:829} INFO - Processing file /home/airflow/.local/lib/python3.8/site-packages/airflow/example_dags/example_python_operator.py for tasks to queue
[2023-11-16T10:10:39.006+0000] {logging_mixin.py:151} INFO - [2023-11-16T10:10:39.006+0000] {dagbag.py:536} INFO - Filling up the DagBag from /home/airflow/.local/lib/python3.8/site-packages/airflow/example_dags/example_python_operator.py
[2023-11-16T10:10:39.013+0000] {processor.py:839} INFO - DAG(s) dict_keys(['example_python_operator']) retrieved from /home/airflow/.local/lib/python3.8/site-packages/airflow/example_dags/example_python_operator.py
[2023-11-16T10:10:39.032+0000] {logging_mixin.py:151} INFO - [2023-11-16T10:10:39.032+0000] {dag.py:2941} INFO - Sync 1 DAGs
[2023-11-16T10:10:39.042+0000] {logging_mixin.py:151} INFO - [2023-11-16T10:10:39.042+0000] {dag.py:3722} INFO - Setting next_dagrun for example_python_operator to None, run_after=None
[2023-11-16T10:10:39.057+0000] {processor.py:179} INFO - Processing /home/airflow/.local/lib/python3.8/site-packages/airflow/example_dags/example_python_operator.py took 0.054 seconds
[2023-11-16T10:11:09.202+0000] {processor.py:157} INFO - Started process (PID=9277) to work on /home/airflow/.local/lib/python3.8/site-packages/airflow/example_dags/example_python_operator.py
[2023-11-16T10:11:09.203+0000] {processor.py:829} INFO - Processing file /home/airflow/.local/lib/python3.8/site-packages/airflow/example_dags/example_python_operator.py for tasks to queue
[2023-11-16T10:11:09.204+0000] {logging_mixin.py:151} INFO - [2023-11-16T10:11:09.204+0000] {dagbag.py:536} INFO - Filling up the DagBag from /home/airflow/.local/lib/python3.8/site-packages/airflow/example_dags/example_python_operator.py
[2023-11-16T10:11:09.210+0000] {processor.py:839} INFO - DAG(s) dict_keys(['example_python_operator']) retrieved from /home/airflow/.local/lib/python3.8/site-packages/airflow/example_dags/example_python_operator.py
[2023-11-16T10:11:09.228+0000] {logging_mixin.py:151} INFO - [2023-11-16T10:11:09.227+0000] {dag.py:2941} INFO - Sync 1 DAGs
[2023-11-16T10:11:09.238+0000] {logging_mixin.py:151} INFO - [2023-11-16T10:11:09.238+0000] {dag.py:3722} INFO - Setting next_dagrun for example_python_operator to None, run_after=None
[2023-11-16T10:11:09.252+0000] {processor.py:179} INFO - Processing /home/airflow/.local/lib/python3.8/site-packages/airflow/example_dags/example_python_operator.py took 0.052 seconds
[2023-11-16T10:11:39.977+0000] {processor.py:157} INFO - Started process (PID=9333) to work on /home/airflow/.local/lib/python3.8/site-packages/airflow/example_dags/example_python_operator.py
[2023-11-16T10:11:39.978+0000] {processor.py:829} INFO - Processing file /home/airflow/.local/lib/python3.8/site-packages/airflow/example_dags/example_python_operator.py for tasks to queue
[2023-11-16T10:11:39.979+0000] {logging_mixin.py:151} INFO - [2023-11-16T10:11:39.978+0000] {dagbag.py:536} INFO - Filling up the DagBag from /home/airflow/.local/lib/python3.8/site-packages/airflow/example_dags/example_python_operator.py
[2023-11-16T10:11:39.985+0000] {processor.py:839} INFO - DAG(s) dict_keys(['example_python_operator']) retrieved from /home/airflow/.local/lib/python3.8/site-packages/airflow/example_dags/example_python_operator.py
[2023-11-16T10:11:40.001+0000] {logging_mixin.py:151} INFO - [2023-11-16T10:11:40.001+0000] {dag.py:2941} INFO - Sync 1 DAGs
[2023-11-16T10:11:40.009+0000] {logging_mixin.py:151} INFO - [2023-11-16T10:11:40.009+0000] {dag.py:3722} INFO - Setting next_dagrun for example_python_operator to None, run_after=None
[2023-11-16T10:11:40.022+0000] {processor.py:179} INFO - Processing /home/airflow/.local/lib/python3.8/site-packages/airflow/example_dags/example_python_operator.py took 0.047 seconds
[2023-11-16T10:12:11.001+0000] {processor.py:157} INFO - Started process (PID=9390) to work on /home/airflow/.local/lib/python3.8/site-packages/airflow/example_dags/example_python_operator.py
[2023-11-16T10:12:11.002+0000] {processor.py:829} INFO - Processing file /home/airflow/.local/lib/python3.8/site-packages/airflow/example_dags/example_python_operator.py for tasks to queue
[2023-11-16T10:12:11.003+0000] {logging_mixin.py:151} INFO - [2023-11-16T10:12:11.003+0000] {dagbag.py:536} INFO - Filling up the DagBag from /home/airflow/.local/lib/python3.8/site-packages/airflow/example_dags/example_python_operator.py
[2023-11-16T10:12:11.009+0000] {processor.py:839} INFO - DAG(s) dict_keys(['example_python_operator']) retrieved from /home/airflow/.local/lib/python3.8/site-packages/airflow/example_dags/example_python_operator.py
[2023-11-16T10:12:11.027+0000] {logging_mixin.py:151} INFO - [2023-11-16T10:12:11.027+0000] {dag.py:2941} INFO - Sync 1 DAGs
[2023-11-16T10:12:11.038+0000] {logging_mixin.py:151} INFO - [2023-11-16T10:12:11.038+0000] {dag.py:3722} INFO - Setting next_dagrun for example_python_operator to None, run_after=None
[2023-11-16T10:12:11.054+0000] {processor.py:179} INFO - Processing /home/airflow/.local/lib/python3.8/site-packages/airflow/example_dags/example_python_operator.py took 0.055 seconds
[2023-11-16T10:12:41.979+0000] {processor.py:157} INFO - Started process (PID=9447) to work on /home/airflow/.local/lib/python3.8/site-packages/airflow/example_dags/example_python_operator.py
[2023-11-16T10:12:41.980+0000] {processor.py:829} INFO - Processing file /home/airflow/.local/lib/python3.8/site-packages/airflow/example_dags/example_python_operator.py for tasks to queue
[2023-11-16T10:12:41.982+0000] {logging_mixin.py:151} INFO - [2023-11-16T10:12:41.981+0000] {dagbag.py:536} INFO - Filling up the DagBag from /home/airflow/.local/lib/python3.8/site-packages/airflow/example_dags/example_python_operator.py
[2023-11-16T10:12:41.988+0000] {processor.py:839} INFO - DAG(s) dict_keys(['example_python_operator']) retrieved from /home/airflow/.local/lib/python3.8/site-packages/airflow/example_dags/example_python_operator.py
[2023-11-16T10:12:42.003+0000] {logging_mixin.py:151} INFO - [2023-11-16T10:12:42.003+0000] {dag.py:2941} INFO - Sync 1 DAGs
[2023-11-16T10:12:42.136+0000] {logging_mixin.py:151} INFO - [2023-11-16T10:12:42.136+0000] {dag.py:3722} INFO - Setting next_dagrun for example_python_operator to None, run_after=None
[2023-11-16T10:12:42.156+0000] {processor.py:179} INFO - Processing /home/airflow/.local/lib/python3.8/site-packages/airflow/example_dags/example_python_operator.py took 0.180 seconds
[2023-11-16T10:13:12.733+0000] {processor.py:157} INFO - Started process (PID=9504) to work on /home/airflow/.local/lib/python3.8/site-packages/airflow/example_dags/example_python_operator.py
[2023-11-16T10:13:12.734+0000] {processor.py:829} INFO - Processing file /home/airflow/.local/lib/python3.8/site-packages/airflow/example_dags/example_python_operator.py for tasks to queue
[2023-11-16T10:13:12.735+0000] {logging_mixin.py:151} INFO - [2023-11-16T10:13:12.735+0000] {dagbag.py:536} INFO - Filling up the DagBag from /home/airflow/.local/lib/python3.8/site-packages/airflow/example_dags/example_python_operator.py
[2023-11-16T10:13:12.741+0000] {processor.py:839} INFO - DAG(s) dict_keys(['example_python_operator']) retrieved from /home/airflow/.local/lib/python3.8/site-packages/airflow/example_dags/example_python_operator.py
[2023-11-16T10:13:12.759+0000] {logging_mixin.py:151} INFO - [2023-11-16T10:13:12.759+0000] {dag.py:2941} INFO - Sync 1 DAGs
[2023-11-16T10:13:12.770+0000] {logging_mixin.py:151} INFO - [2023-11-16T10:13:12.769+0000] {dag.py:3722} INFO - Setting next_dagrun for example_python_operator to None, run_after=None
[2023-11-16T10:13:12.877+0000] {processor.py:179} INFO - Processing /home/airflow/.local/lib/python3.8/site-packages/airflow/example_dags/example_python_operator.py took 0.145 seconds
[2023-11-16T10:13:43.253+0000] {processor.py:157} INFO - Started process (PID=9560) to work on /home/airflow/.local/lib/python3.8/site-packages/airflow/example_dags/example_python_operator.py
[2023-11-16T10:13:43.253+0000] {processor.py:829} INFO - Processing file /home/airflow/.local/lib/python3.8/site-packages/airflow/example_dags/example_python_operator.py for tasks to queue
[2023-11-16T10:13:43.255+0000] {logging_mixin.py:151} INFO - [2023-11-16T10:13:43.254+0000] {dagbag.py:536} INFO - Filling up the DagBag from /home/airflow/.local/lib/python3.8/site-packages/airflow/example_dags/example_python_operator.py
[2023-11-16T10:13:43.263+0000] {processor.py:839} INFO - DAG(s) dict_keys(['example_python_operator']) retrieved from /home/airflow/.local/lib/python3.8/site-packages/airflow/example_dags/example_python_operator.py
[2023-11-16T10:13:43.281+0000] {logging_mixin.py:151} INFO - [2023-11-16T10:13:43.281+0000] {dag.py:2941} INFO - Sync 1 DAGs
[2023-11-16T10:13:43.290+0000] {logging_mixin.py:151} INFO - [2023-11-16T10:13:43.290+0000] {dag.py:3722} INFO - Setting next_dagrun for example_python_operator to None, run_after=None
[2023-11-16T10:13:43.305+0000] {processor.py:179} INFO - Processing /home/airflow/.local/lib/python3.8/site-packages/airflow/example_dags/example_python_operator.py took 0.054 seconds
[2023-11-16T10:14:14.300+0000] {processor.py:157} INFO - Started process (PID=9616) to work on /home/airflow/.local/lib/python3.8/site-packages/airflow/example_dags/example_python_operator.py
[2023-11-16T10:14:14.301+0000] {processor.py:829} INFO - Processing file /home/airflow/.local/lib/python3.8/site-packages/airflow/example_dags/example_python_operator.py for tasks to queue
[2023-11-16T10:14:14.302+0000] {logging_mixin.py:151} INFO - [2023-11-16T10:14:14.302+0000] {dagbag.py:536} INFO - Filling up the DagBag from /home/airflow/.local/lib/python3.8/site-packages/airflow/example_dags/example_python_operator.py
[2023-11-16T10:14:14.310+0000] {processor.py:839} INFO - DAG(s) dict_keys(['example_python_operator']) retrieved from /home/airflow/.local/lib/python3.8/site-packages/airflow/example_dags/example_python_operator.py
[2023-11-16T10:14:14.328+0000] {logging_mixin.py:151} INFO - [2023-11-16T10:14:14.328+0000] {dag.py:2941} INFO - Sync 1 DAGs
[2023-11-16T10:14:14.338+0000] {logging_mixin.py:151} INFO - [2023-11-16T10:14:14.338+0000] {dag.py:3722} INFO - Setting next_dagrun for example_python_operator to None, run_after=None
[2023-11-16T10:14:14.352+0000] {processor.py:179} INFO - Processing /home/airflow/.local/lib/python3.8/site-packages/airflow/example_dags/example_python_operator.py took 0.054 seconds
[2023-11-16T10:14:44.985+0000] {processor.py:157} INFO - Started process (PID=9673) to work on /home/airflow/.local/lib/python3.8/site-packages/airflow/example_dags/example_python_operator.py
[2023-11-16T10:14:44.986+0000] {processor.py:829} INFO - Processing file /home/airflow/.local/lib/python3.8/site-packages/airflow/example_dags/example_python_operator.py for tasks to queue
[2023-11-16T10:14:44.987+0000] {logging_mixin.py:151} INFO - [2023-11-16T10:14:44.987+0000] {dagbag.py:536} INFO - Filling up the DagBag from /home/airflow/.local/lib/python3.8/site-packages/airflow/example_dags/example_python_operator.py
[2023-11-16T10:14:45.088+0000] {processor.py:839} INFO - DAG(s) dict_keys(['example_python_operator']) retrieved from /home/airflow/.local/lib/python3.8/site-packages/airflow/example_dags/example_python_operator.py
[2023-11-16T10:14:45.101+0000] {logging_mixin.py:151} INFO - [2023-11-16T10:14:45.101+0000] {dag.py:2941} INFO - Sync 1 DAGs
[2023-11-16T10:14:45.109+0000] {logging_mixin.py:151} INFO - [2023-11-16T10:14:45.109+0000] {dag.py:3722} INFO - Setting next_dagrun for example_python_operator to None, run_after=None
[2023-11-16T10:14:45.122+0000] {processor.py:179} INFO - Processing /home/airflow/.local/lib/python3.8/site-packages/airflow/example_dags/example_python_operator.py took 0.138 seconds
[2023-11-16T10:15:15.977+0000] {processor.py:157} INFO - Started process (PID=9729) to work on /home/airflow/.local/lib/python3.8/site-packages/airflow/example_dags/example_python_operator.py
[2023-11-16T10:15:15.978+0000] {processor.py:829} INFO - Processing file /home/airflow/.local/lib/python3.8/site-packages/airflow/example_dags/example_python_operator.py for tasks to queue
[2023-11-16T10:15:15.979+0000] {logging_mixin.py:151} INFO - [2023-11-16T10:15:15.979+0000] {dagbag.py:536} INFO - Filling up the DagBag from /home/airflow/.local/lib/python3.8/site-packages/airflow/example_dags/example_python_operator.py
[2023-11-16T10:15:15.987+0000] {processor.py:839} INFO - DAG(s) dict_keys(['example_python_operator']) retrieved from /home/airflow/.local/lib/python3.8/site-packages/airflow/example_dags/example_python_operator.py
[2023-11-16T10:15:16.001+0000] {logging_mixin.py:151} INFO - [2023-11-16T10:15:16.001+0000] {dag.py:2941} INFO - Sync 1 DAGs
[2023-11-16T10:15:16.011+0000] {logging_mixin.py:151} INFO - [2023-11-16T10:15:16.011+0000] {dag.py:3722} INFO - Setting next_dagrun for example_python_operator to None, run_after=None
[2023-11-16T10:15:16.025+0000] {processor.py:179} INFO - Processing /home/airflow/.local/lib/python3.8/site-packages/airflow/example_dags/example_python_operator.py took 0.050 seconds
[2023-11-16T10:15:46.604+0000] {processor.py:157} INFO - Started process (PID=9786) to work on /home/airflow/.local/lib/python3.8/site-packages/airflow/example_dags/example_python_operator.py
[2023-11-16T10:15:46.605+0000] {processor.py:829} INFO - Processing file /home/airflow/.local/lib/python3.8/site-packages/airflow/example_dags/example_python_operator.py for tasks to queue
[2023-11-16T10:15:46.606+0000] {logging_mixin.py:151} INFO - [2023-11-16T10:15:46.606+0000] {dagbag.py:536} INFO - Filling up the DagBag from /home/airflow/.local/lib/python3.8/site-packages/airflow/example_dags/example_python_operator.py
[2023-11-16T10:15:46.615+0000] {processor.py:839} INFO - DAG(s) dict_keys(['example_python_operator']) retrieved from /home/airflow/.local/lib/python3.8/site-packages/airflow/example_dags/example_python_operator.py
[2023-11-16T10:15:46.632+0000] {logging_mixin.py:151} INFO - [2023-11-16T10:15:46.631+0000] {dag.py:2941} INFO - Sync 1 DAGs
[2023-11-16T10:15:46.642+0000] {logging_mixin.py:151} INFO - [2023-11-16T10:15:46.642+0000] {dag.py:3722} INFO - Setting next_dagrun for example_python_operator to None, run_after=None
[2023-11-16T10:15:46.656+0000] {processor.py:179} INFO - Processing /home/airflow/.local/lib/python3.8/site-packages/airflow/example_dags/example_python_operator.py took 0.054 seconds
[2023-11-16T10:16:17.156+0000] {processor.py:157} INFO - Started process (PID=9842) to work on /home/airflow/.local/lib/python3.8/site-packages/airflow/example_dags/example_python_operator.py
[2023-11-16T10:16:17.157+0000] {processor.py:829} INFO - Processing file /home/airflow/.local/lib/python3.8/site-packages/airflow/example_dags/example_python_operator.py for tasks to queue
[2023-11-16T10:16:17.158+0000] {logging_mixin.py:151} INFO - [2023-11-16T10:16:17.158+0000] {dagbag.py:536} INFO - Filling up the DagBag from /home/airflow/.local/lib/python3.8/site-packages/airflow/example_dags/example_python_operator.py
[2023-11-16T10:16:17.165+0000] {processor.py:839} INFO - DAG(s) dict_keys(['example_python_operator']) retrieved from /home/airflow/.local/lib/python3.8/site-packages/airflow/example_dags/example_python_operator.py
[2023-11-16T10:16:17.182+0000] {logging_mixin.py:151} INFO - [2023-11-16T10:16:17.181+0000] {dag.py:2941} INFO - Sync 1 DAGs
[2023-11-16T10:16:17.192+0000] {logging_mixin.py:151} INFO - [2023-11-16T10:16:17.192+0000] {dag.py:3722} INFO - Setting next_dagrun for example_python_operator to None, run_after=None
[2023-11-16T10:16:17.207+0000] {processor.py:179} INFO - Processing /home/airflow/.local/lib/python3.8/site-packages/airflow/example_dags/example_python_operator.py took 0.053 seconds
[2023-11-16T10:16:47.832+0000] {processor.py:157} INFO - Started process (PID=9898) to work on /home/airflow/.local/lib/python3.8/site-packages/airflow/example_dags/example_python_operator.py
[2023-11-16T10:16:47.832+0000] {processor.py:829} INFO - Processing file /home/airflow/.local/lib/python3.8/site-packages/airflow/example_dags/example_python_operator.py for tasks to queue
[2023-11-16T10:16:47.834+0000] {logging_mixin.py:151} INFO - [2023-11-16T10:16:47.833+0000] {dagbag.py:536} INFO - Filling up the DagBag from /home/airflow/.local/lib/python3.8/site-packages/airflow/example_dags/example_python_operator.py
[2023-11-16T10:16:47.842+0000] {processor.py:839} INFO - DAG(s) dict_keys(['example_python_operator']) retrieved from /home/airflow/.local/lib/python3.8/site-packages/airflow/example_dags/example_python_operator.py
[2023-11-16T10:16:47.856+0000] {logging_mixin.py:151} INFO - [2023-11-16T10:16:47.856+0000] {dag.py:2941} INFO - Sync 1 DAGs
[2023-11-16T10:16:47.866+0000] {logging_mixin.py:151} INFO - [2023-11-16T10:16:47.866+0000] {dag.py:3722} INFO - Setting next_dagrun for example_python_operator to None, run_after=None
[2023-11-16T10:16:47.881+0000] {processor.py:179} INFO - Processing /home/airflow/.local/lib/python3.8/site-packages/airflow/example_dags/example_python_operator.py took 0.051 seconds
[2023-11-16T10:17:18.403+0000] {processor.py:157} INFO - Started process (PID=9954) to work on /home/airflow/.local/lib/python3.8/site-packages/airflow/example_dags/example_python_operator.py
[2023-11-16T10:17:18.403+0000] {processor.py:829} INFO - Processing file /home/airflow/.local/lib/python3.8/site-packages/airflow/example_dags/example_python_operator.py for tasks to queue
[2023-11-16T10:17:18.405+0000] {logging_mixin.py:151} INFO - [2023-11-16T10:17:18.405+0000] {dagbag.py:536} INFO - Filling up the DagBag from /home/airflow/.local/lib/python3.8/site-packages/airflow/example_dags/example_python_operator.py
[2023-11-16T10:17:18.412+0000] {processor.py:839} INFO - DAG(s) dict_keys(['example_python_operator']) retrieved from /home/airflow/.local/lib/python3.8/site-packages/airflow/example_dags/example_python_operator.py
[2023-11-16T10:17:18.429+0000] {logging_mixin.py:151} INFO - [2023-11-16T10:17:18.428+0000] {dag.py:2941} INFO - Sync 1 DAGs
[2023-11-16T10:17:18.439+0000] {logging_mixin.py:151} INFO - [2023-11-16T10:17:18.439+0000] {dag.py:3722} INFO - Setting next_dagrun for example_python_operator to None, run_after=None
[2023-11-16T10:17:18.453+0000] {processor.py:179} INFO - Processing /home/airflow/.local/lib/python3.8/site-packages/airflow/example_dags/example_python_operator.py took 0.053 seconds
[2023-11-16T10:17:49.056+0000] {processor.py:157} INFO - Started process (PID=10010) to work on /home/airflow/.local/lib/python3.8/site-packages/airflow/example_dags/example_python_operator.py
[2023-11-16T10:17:49.056+0000] {processor.py:829} INFO - Processing file /home/airflow/.local/lib/python3.8/site-packages/airflow/example_dags/example_python_operator.py for tasks to queue
[2023-11-16T10:17:49.058+0000] {logging_mixin.py:151} INFO - [2023-11-16T10:17:49.058+0000] {dagbag.py:536} INFO - Filling up the DagBag from /home/airflow/.local/lib/python3.8/site-packages/airflow/example_dags/example_python_operator.py
[2023-11-16T10:17:49.065+0000] {processor.py:839} INFO - DAG(s) dict_keys(['example_python_operator']) retrieved from /home/airflow/.local/lib/python3.8/site-packages/airflow/example_dags/example_python_operator.py
[2023-11-16T10:17:49.080+0000] {logging_mixin.py:151} INFO - [2023-11-16T10:17:49.080+0000] {dag.py:2941} INFO - Sync 1 DAGs
[2023-11-16T10:17:49.090+0000] {logging_mixin.py:151} INFO - [2023-11-16T10:17:49.090+0000] {dag.py:3722} INFO - Setting next_dagrun for example_python_operator to None, run_after=None
[2023-11-16T10:17:49.104+0000] {processor.py:179} INFO - Processing /home/airflow/.local/lib/python3.8/site-packages/airflow/example_dags/example_python_operator.py took 0.050 seconds
[2023-11-16T10:18:19.673+0000] {processor.py:157} INFO - Started process (PID=10066) to work on /home/airflow/.local/lib/python3.8/site-packages/airflow/example_dags/example_python_operator.py
[2023-11-16T10:18:19.673+0000] {processor.py:829} INFO - Processing file /home/airflow/.local/lib/python3.8/site-packages/airflow/example_dags/example_python_operator.py for tasks to queue
[2023-11-16T10:18:19.675+0000] {logging_mixin.py:151} INFO - [2023-11-16T10:18:19.675+0000] {dagbag.py:536} INFO - Filling up the DagBag from /home/airflow/.local/lib/python3.8/site-packages/airflow/example_dags/example_python_operator.py
[2023-11-16T10:18:19.683+0000] {processor.py:839} INFO - DAG(s) dict_keys(['example_python_operator']) retrieved from /home/airflow/.local/lib/python3.8/site-packages/airflow/example_dags/example_python_operator.py
[2023-11-16T10:18:19.697+0000] {logging_mixin.py:151} INFO - [2023-11-16T10:18:19.697+0000] {dag.py:2941} INFO - Sync 1 DAGs
[2023-11-16T10:18:19.707+0000] {logging_mixin.py:151} INFO - [2023-11-16T10:18:19.707+0000] {dag.py:3722} INFO - Setting next_dagrun for example_python_operator to None, run_after=None
[2023-11-16T10:18:19.722+0000] {processor.py:179} INFO - Processing /home/airflow/.local/lib/python3.8/site-packages/airflow/example_dags/example_python_operator.py took 0.051 seconds
[2023-11-16T10:18:50.374+0000] {processor.py:157} INFO - Started process (PID=10122) to work on /home/airflow/.local/lib/python3.8/site-packages/airflow/example_dags/example_python_operator.py
[2023-11-16T10:18:50.375+0000] {processor.py:829} INFO - Processing file /home/airflow/.local/lib/python3.8/site-packages/airflow/example_dags/example_python_operator.py for tasks to queue
[2023-11-16T10:18:50.377+0000] {logging_mixin.py:151} INFO - [2023-11-16T10:18:50.376+0000] {dagbag.py:536} INFO - Filling up the DagBag from /home/airflow/.local/lib/python3.8/site-packages/airflow/example_dags/example_python_operator.py
[2023-11-16T10:18:50.384+0000] {processor.py:839} INFO - DAG(s) dict_keys(['example_python_operator']) retrieved from /home/airflow/.local/lib/python3.8/site-packages/airflow/example_dags/example_python_operator.py
[2023-11-16T10:18:50.397+0000] {logging_mixin.py:151} INFO - [2023-11-16T10:18:50.397+0000] {dag.py:2941} INFO - Sync 1 DAGs
[2023-11-16T10:18:50.405+0000] {logging_mixin.py:151} INFO - [2023-11-16T10:18:50.405+0000] {dag.py:3722} INFO - Setting next_dagrun for example_python_operator to None, run_after=None
[2023-11-16T10:18:50.417+0000] {processor.py:179} INFO - Processing /home/airflow/.local/lib/python3.8/site-packages/airflow/example_dags/example_python_operator.py took 0.045 seconds
[2023-11-16T10:19:21.154+0000] {processor.py:157} INFO - Started process (PID=10178) to work on /home/airflow/.local/lib/python3.8/site-packages/airflow/example_dags/example_python_operator.py
[2023-11-16T10:19:21.155+0000] {processor.py:829} INFO - Processing file /home/airflow/.local/lib/python3.8/site-packages/airflow/example_dags/example_python_operator.py for tasks to queue
[2023-11-16T10:19:21.156+0000] {logging_mixin.py:151} INFO - [2023-11-16T10:19:21.156+0000] {dagbag.py:536} INFO - Filling up the DagBag from /home/airflow/.local/lib/python3.8/site-packages/airflow/example_dags/example_python_operator.py
[2023-11-16T10:19:21.163+0000] {processor.py:839} INFO - DAG(s) dict_keys(['example_python_operator']) retrieved from /home/airflow/.local/lib/python3.8/site-packages/airflow/example_dags/example_python_operator.py
[2023-11-16T10:19:21.182+0000] {logging_mixin.py:151} INFO - [2023-11-16T10:19:21.182+0000] {dag.py:2941} INFO - Sync 1 DAGs
[2023-11-16T10:19:21.190+0000] {logging_mixin.py:151} INFO - [2023-11-16T10:19:21.190+0000] {dag.py:3722} INFO - Setting next_dagrun for example_python_operator to None, run_after=None
[2023-11-16T10:19:21.203+0000] {processor.py:179} INFO - Processing /home/airflow/.local/lib/python3.8/site-packages/airflow/example_dags/example_python_operator.py took 0.051 seconds
[2023-11-16T10:19:51.814+0000] {processor.py:157} INFO - Started process (PID=10234) to work on /home/airflow/.local/lib/python3.8/site-packages/airflow/example_dags/example_python_operator.py
[2023-11-16T10:19:51.814+0000] {processor.py:829} INFO - Processing file /home/airflow/.local/lib/python3.8/site-packages/airflow/example_dags/example_python_operator.py for tasks to queue
[2023-11-16T10:19:51.816+0000] {logging_mixin.py:151} INFO - [2023-11-16T10:19:51.815+0000] {dagbag.py:536} INFO - Filling up the DagBag from /home/airflow/.local/lib/python3.8/site-packages/airflow/example_dags/example_python_operator.py
[2023-11-16T10:19:51.822+0000] {processor.py:839} INFO - DAG(s) dict_keys(['example_python_operator']) retrieved from /home/airflow/.local/lib/python3.8/site-packages/airflow/example_dags/example_python_operator.py
[2023-11-16T10:19:51.842+0000] {logging_mixin.py:151} INFO - [2023-11-16T10:19:51.842+0000] {dag.py:2941} INFO - Sync 1 DAGs
[2023-11-16T10:19:51.852+0000] {logging_mixin.py:151} INFO - [2023-11-16T10:19:51.852+0000] {dag.py:3722} INFO - Setting next_dagrun for example_python_operator to None, run_after=None
[2023-11-16T10:19:51.865+0000] {processor.py:179} INFO - Processing /home/airflow/.local/lib/python3.8/site-packages/airflow/example_dags/example_python_operator.py took 0.054 seconds
[2023-11-16T10:20:22.423+0000] {processor.py:157} INFO - Started process (PID=10290) to work on /home/airflow/.local/lib/python3.8/site-packages/airflow/example_dags/example_python_operator.py
[2023-11-16T10:20:22.424+0000] {processor.py:829} INFO - Processing file /home/airflow/.local/lib/python3.8/site-packages/airflow/example_dags/example_python_operator.py for tasks to queue
[2023-11-16T10:20:22.425+0000] {logging_mixin.py:151} INFO - [2023-11-16T10:20:22.425+0000] {dagbag.py:536} INFO - Filling up the DagBag from /home/airflow/.local/lib/python3.8/site-packages/airflow/example_dags/example_python_operator.py
[2023-11-16T10:20:22.431+0000] {processor.py:839} INFO - DAG(s) dict_keys(['example_python_operator']) retrieved from /home/airflow/.local/lib/python3.8/site-packages/airflow/example_dags/example_python_operator.py
[2023-11-16T10:20:22.447+0000] {logging_mixin.py:151} INFO - [2023-11-16T10:20:22.447+0000] {dag.py:2941} INFO - Sync 1 DAGs
[2023-11-16T10:20:22.456+0000] {logging_mixin.py:151} INFO - [2023-11-16T10:20:22.456+0000] {dag.py:3722} INFO - Setting next_dagrun for example_python_operator to None, run_after=None
[2023-11-16T10:20:22.468+0000] {processor.py:179} INFO - Processing /home/airflow/.local/lib/python3.8/site-packages/airflow/example_dags/example_python_operator.py took 0.046 seconds
[2023-11-16T10:20:53.176+0000] {processor.py:157} INFO - Started process (PID=10346) to work on /home/airflow/.local/lib/python3.8/site-packages/airflow/example_dags/example_python_operator.py
[2023-11-16T10:20:53.177+0000] {processor.py:829} INFO - Processing file /home/airflow/.local/lib/python3.8/site-packages/airflow/example_dags/example_python_operator.py for tasks to queue
[2023-11-16T10:20:53.178+0000] {logging_mixin.py:151} INFO - [2023-11-16T10:20:53.178+0000] {dagbag.py:536} INFO - Filling up the DagBag from /home/airflow/.local/lib/python3.8/site-packages/airflow/example_dags/example_python_operator.py
[2023-11-16T10:20:53.184+0000] {processor.py:839} INFO - DAG(s) dict_keys(['example_python_operator']) retrieved from /home/airflow/.local/lib/python3.8/site-packages/airflow/example_dags/example_python_operator.py
[2023-11-16T10:20:53.198+0000] {logging_mixin.py:151} INFO - [2023-11-16T10:20:53.198+0000] {dag.py:2941} INFO - Sync 1 DAGs
[2023-11-16T10:20:53.206+0000] {logging_mixin.py:151} INFO - [2023-11-16T10:20:53.206+0000] {dag.py:3722} INFO - Setting next_dagrun for example_python_operator to None, run_after=None
[2023-11-16T10:20:53.218+0000] {processor.py:179} INFO - Processing /home/airflow/.local/lib/python3.8/site-packages/airflow/example_dags/example_python_operator.py took 0.044 seconds
