[2023-11-16T09:44:18.755+0000] {processor.py:157} INFO - Started process (PID=6282) to work on /home/airflow/.local/lib/python3.8/site-packages/airflow/example_dags/example_sensors.py
[2023-11-16T09:44:18.756+0000] {processor.py:829} INFO - Processing file /home/airflow/.local/lib/python3.8/site-packages/airflow/example_dags/example_sensors.py for tasks to queue
[2023-11-16T09:44:18.757+0000] {logging_mixin.py:151} INFO - [2023-11-16T09:44:18.757+0000] {dagbag.py:536} INFO - Filling up the DagBag from /home/airflow/.local/lib/python3.8/site-packages/airflow/example_dags/example_sensors.py
[2023-11-16T09:44:18.763+0000] {processor.py:839} INFO - DAG(s) dict_keys(['example_sensors']) retrieved from /home/airflow/.local/lib/python3.8/site-packages/airflow/example_dags/example_sensors.py
[2023-11-16T09:44:18.782+0000] {logging_mixin.py:151} INFO - [2023-11-16T09:44:18.782+0000] {dag.py:2941} INFO - Sync 1 DAGs
[2023-11-16T09:44:18.793+0000] {logging_mixin.py:151} INFO - [2023-11-16T09:44:18.792+0000] {dag.py:3722} INFO - Setting next_dagrun for example_sensors to None, run_after=None
[2023-11-16T09:44:18.807+0000] {processor.py:179} INFO - Processing /home/airflow/.local/lib/python3.8/site-packages/airflow/example_dags/example_sensors.py took 0.054 seconds
[2023-11-16T09:44:48.894+0000] {processor.py:157} INFO - Started process (PID=6338) to work on /home/airflow/.local/lib/python3.8/site-packages/airflow/example_dags/example_sensors.py
[2023-11-16T09:44:48.894+0000] {processor.py:829} INFO - Processing file /home/airflow/.local/lib/python3.8/site-packages/airflow/example_dags/example_sensors.py for tasks to queue
[2023-11-16T09:44:48.896+0000] {logging_mixin.py:151} INFO - [2023-11-16T09:44:48.896+0000] {dagbag.py:536} INFO - Filling up the DagBag from /home/airflow/.local/lib/python3.8/site-packages/airflow/example_dags/example_sensors.py
[2023-11-16T09:44:48.903+0000] {processor.py:839} INFO - DAG(s) dict_keys(['example_sensors']) retrieved from /home/airflow/.local/lib/python3.8/site-packages/airflow/example_dags/example_sensors.py
[2023-11-16T09:44:48.924+0000] {logging_mixin.py:151} INFO - [2023-11-16T09:44:48.924+0000] {dag.py:2941} INFO - Sync 1 DAGs
[2023-11-16T09:44:48.933+0000] {logging_mixin.py:151} INFO - [2023-11-16T09:44:48.932+0000] {dag.py:3722} INFO - Setting next_dagrun for example_sensors to None, run_after=None
[2023-11-16T09:44:48.944+0000] {processor.py:179} INFO - Processing /home/airflow/.local/lib/python3.8/site-packages/airflow/example_dags/example_sensors.py took 0.052 seconds
[2023-11-16T09:45:19.044+0000] {processor.py:157} INFO - Started process (PID=6394) to work on /home/airflow/.local/lib/python3.8/site-packages/airflow/example_dags/example_sensors.py
[2023-11-16T09:45:19.045+0000] {processor.py:829} INFO - Processing file /home/airflow/.local/lib/python3.8/site-packages/airflow/example_dags/example_sensors.py for tasks to queue
[2023-11-16T09:45:19.046+0000] {logging_mixin.py:151} INFO - [2023-11-16T09:45:19.046+0000] {dagbag.py:536} INFO - Filling up the DagBag from /home/airflow/.local/lib/python3.8/site-packages/airflow/example_dags/example_sensors.py
[2023-11-16T09:45:19.051+0000] {processor.py:839} INFO - DAG(s) dict_keys(['example_sensors']) retrieved from /home/airflow/.local/lib/python3.8/site-packages/airflow/example_dags/example_sensors.py
[2023-11-16T09:45:19.070+0000] {logging_mixin.py:151} INFO - [2023-11-16T09:45:19.070+0000] {dag.py:2941} INFO - Sync 1 DAGs
[2023-11-16T09:45:19.081+0000] {logging_mixin.py:151} INFO - [2023-11-16T09:45:19.080+0000] {dag.py:3722} INFO - Setting next_dagrun for example_sensors to None, run_after=None
[2023-11-16T09:45:19.093+0000] {processor.py:179} INFO - Processing /home/airflow/.local/lib/python3.8/site-packages/airflow/example_dags/example_sensors.py took 0.050 seconds
[2023-11-16T09:45:49.139+0000] {processor.py:157} INFO - Started process (PID=6451) to work on /home/airflow/.local/lib/python3.8/site-packages/airflow/example_dags/example_sensors.py
[2023-11-16T09:45:49.140+0000] {processor.py:829} INFO - Processing file /home/airflow/.local/lib/python3.8/site-packages/airflow/example_dags/example_sensors.py for tasks to queue
[2023-11-16T09:45:49.141+0000] {logging_mixin.py:151} INFO - [2023-11-16T09:45:49.141+0000] {dagbag.py:536} INFO - Filling up the DagBag from /home/airflow/.local/lib/python3.8/site-packages/airflow/example_dags/example_sensors.py
[2023-11-16T09:45:49.146+0000] {processor.py:839} INFO - DAG(s) dict_keys(['example_sensors']) retrieved from /home/airflow/.local/lib/python3.8/site-packages/airflow/example_dags/example_sensors.py
[2023-11-16T09:45:49.165+0000] {logging_mixin.py:151} INFO - [2023-11-16T09:45:49.165+0000] {dag.py:2941} INFO - Sync 1 DAGs
[2023-11-16T09:45:49.177+0000] {logging_mixin.py:151} INFO - [2023-11-16T09:45:49.177+0000] {dag.py:3722} INFO - Setting next_dagrun for example_sensors to None, run_after=None
[2023-11-16T09:45:49.190+0000] {processor.py:179} INFO - Processing /home/airflow/.local/lib/python3.8/site-packages/airflow/example_dags/example_sensors.py took 0.053 seconds
[2023-11-16T09:46:19.244+0000] {processor.py:157} INFO - Started process (PID=6507) to work on /home/airflow/.local/lib/python3.8/site-packages/airflow/example_dags/example_sensors.py
[2023-11-16T09:46:19.244+0000] {processor.py:829} INFO - Processing file /home/airflow/.local/lib/python3.8/site-packages/airflow/example_dags/example_sensors.py for tasks to queue
[2023-11-16T09:46:19.246+0000] {logging_mixin.py:151} INFO - [2023-11-16T09:46:19.245+0000] {dagbag.py:536} INFO - Filling up the DagBag from /home/airflow/.local/lib/python3.8/site-packages/airflow/example_dags/example_sensors.py
[2023-11-16T09:46:19.250+0000] {processor.py:839} INFO - DAG(s) dict_keys(['example_sensors']) retrieved from /home/airflow/.local/lib/python3.8/site-packages/airflow/example_dags/example_sensors.py
[2023-11-16T09:46:19.265+0000] {logging_mixin.py:151} INFO - [2023-11-16T09:46:19.265+0000] {dag.py:2941} INFO - Sync 1 DAGs
[2023-11-16T09:46:19.273+0000] {logging_mixin.py:151} INFO - [2023-11-16T09:46:19.273+0000] {dag.py:3722} INFO - Setting next_dagrun for example_sensors to None, run_after=None
[2023-11-16T09:46:19.284+0000] {processor.py:179} INFO - Processing /home/airflow/.local/lib/python3.8/site-packages/airflow/example_dags/example_sensors.py took 0.042 seconds
[2023-11-16T09:46:49.372+0000] {processor.py:157} INFO - Started process (PID=6563) to work on /home/airflow/.local/lib/python3.8/site-packages/airflow/example_dags/example_sensors.py
[2023-11-16T09:46:49.372+0000] {processor.py:829} INFO - Processing file /home/airflow/.local/lib/python3.8/site-packages/airflow/example_dags/example_sensors.py for tasks to queue
[2023-11-16T09:46:49.374+0000] {logging_mixin.py:151} INFO - [2023-11-16T09:46:49.373+0000] {dagbag.py:536} INFO - Filling up the DagBag from /home/airflow/.local/lib/python3.8/site-packages/airflow/example_dags/example_sensors.py
[2023-11-16T09:46:49.379+0000] {processor.py:839} INFO - DAG(s) dict_keys(['example_sensors']) retrieved from /home/airflow/.local/lib/python3.8/site-packages/airflow/example_dags/example_sensors.py
[2023-11-16T09:46:49.394+0000] {logging_mixin.py:151} INFO - [2023-11-16T09:46:49.394+0000] {dag.py:2941} INFO - Sync 1 DAGs
[2023-11-16T09:46:49.401+0000] {logging_mixin.py:151} INFO - [2023-11-16T09:46:49.401+0000] {dag.py:3722} INFO - Setting next_dagrun for example_sensors to None, run_after=None
[2023-11-16T09:46:49.414+0000] {processor.py:179} INFO - Processing /home/airflow/.local/lib/python3.8/site-packages/airflow/example_dags/example_sensors.py took 0.044 seconds
[2023-11-16T09:47:19.495+0000] {processor.py:157} INFO - Started process (PID=6619) to work on /home/airflow/.local/lib/python3.8/site-packages/airflow/example_dags/example_sensors.py
[2023-11-16T09:47:19.495+0000] {processor.py:829} INFO - Processing file /home/airflow/.local/lib/python3.8/site-packages/airflow/example_dags/example_sensors.py for tasks to queue
[2023-11-16T09:47:19.496+0000] {logging_mixin.py:151} INFO - [2023-11-16T09:47:19.496+0000] {dagbag.py:536} INFO - Filling up the DagBag from /home/airflow/.local/lib/python3.8/site-packages/airflow/example_dags/example_sensors.py
[2023-11-16T09:47:19.503+0000] {processor.py:839} INFO - DAG(s) dict_keys(['example_sensors']) retrieved from /home/airflow/.local/lib/python3.8/site-packages/airflow/example_dags/example_sensors.py
[2023-11-16T09:47:19.523+0000] {logging_mixin.py:151} INFO - [2023-11-16T09:47:19.523+0000] {dag.py:2941} INFO - Sync 1 DAGs
[2023-11-16T09:47:19.533+0000] {logging_mixin.py:151} INFO - [2023-11-16T09:47:19.533+0000] {dag.py:3722} INFO - Setting next_dagrun for example_sensors to None, run_after=None
[2023-11-16T09:47:19.546+0000] {processor.py:179} INFO - Processing /home/airflow/.local/lib/python3.8/site-packages/airflow/example_dags/example_sensors.py took 0.053 seconds
[2023-11-16T09:47:49.657+0000] {processor.py:157} INFO - Started process (PID=6675) to work on /home/airflow/.local/lib/python3.8/site-packages/airflow/example_dags/example_sensors.py
[2023-11-16T09:47:49.658+0000] {processor.py:829} INFO - Processing file /home/airflow/.local/lib/python3.8/site-packages/airflow/example_dags/example_sensors.py for tasks to queue
[2023-11-16T09:47:49.659+0000] {logging_mixin.py:151} INFO - [2023-11-16T09:47:49.659+0000] {dagbag.py:536} INFO - Filling up the DagBag from /home/airflow/.local/lib/python3.8/site-packages/airflow/example_dags/example_sensors.py
[2023-11-16T09:47:49.664+0000] {processor.py:839} INFO - DAG(s) dict_keys(['example_sensors']) retrieved from /home/airflow/.local/lib/python3.8/site-packages/airflow/example_dags/example_sensors.py
[2023-11-16T09:47:49.679+0000] {logging_mixin.py:151} INFO - [2023-11-16T09:47:49.679+0000] {dag.py:2941} INFO - Sync 1 DAGs
[2023-11-16T09:47:49.686+0000] {logging_mixin.py:151} INFO - [2023-11-16T09:47:49.686+0000] {dag.py:3722} INFO - Setting next_dagrun for example_sensors to None, run_after=None
[2023-11-16T09:47:49.697+0000] {processor.py:179} INFO - Processing /home/airflow/.local/lib/python3.8/site-packages/airflow/example_dags/example_sensors.py took 0.042 seconds
[2023-11-16T09:48:19.775+0000] {processor.py:157} INFO - Started process (PID=6731) to work on /home/airflow/.local/lib/python3.8/site-packages/airflow/example_dags/example_sensors.py
[2023-11-16T09:48:19.776+0000] {processor.py:829} INFO - Processing file /home/airflow/.local/lib/python3.8/site-packages/airflow/example_dags/example_sensors.py for tasks to queue
[2023-11-16T09:48:19.777+0000] {logging_mixin.py:151} INFO - [2023-11-16T09:48:19.777+0000] {dagbag.py:536} INFO - Filling up the DagBag from /home/airflow/.local/lib/python3.8/site-packages/airflow/example_dags/example_sensors.py
[2023-11-16T09:48:19.785+0000] {processor.py:839} INFO - DAG(s) dict_keys(['example_sensors']) retrieved from /home/airflow/.local/lib/python3.8/site-packages/airflow/example_dags/example_sensors.py
[2023-11-16T09:48:19.810+0000] {logging_mixin.py:151} INFO - [2023-11-16T09:48:19.810+0000] {dag.py:2941} INFO - Sync 1 DAGs
[2023-11-16T09:48:19.820+0000] {logging_mixin.py:151} INFO - [2023-11-16T09:48:19.820+0000] {dag.py:3722} INFO - Setting next_dagrun for example_sensors to None, run_after=None
[2023-11-16T09:48:19.837+0000] {processor.py:179} INFO - Processing /home/airflow/.local/lib/python3.8/site-packages/airflow/example_dags/example_sensors.py took 0.065 seconds
[2023-11-16T09:48:49.869+0000] {processor.py:157} INFO - Started process (PID=6787) to work on /home/airflow/.local/lib/python3.8/site-packages/airflow/example_dags/example_sensors.py
[2023-11-16T09:48:49.870+0000] {processor.py:829} INFO - Processing file /home/airflow/.local/lib/python3.8/site-packages/airflow/example_dags/example_sensors.py for tasks to queue
[2023-11-16T09:48:49.872+0000] {logging_mixin.py:151} INFO - [2023-11-16T09:48:49.871+0000] {dagbag.py:536} INFO - Filling up the DagBag from /home/airflow/.local/lib/python3.8/site-packages/airflow/example_dags/example_sensors.py
[2023-11-16T09:48:49.878+0000] {processor.py:839} INFO - DAG(s) dict_keys(['example_sensors']) retrieved from /home/airflow/.local/lib/python3.8/site-packages/airflow/example_dags/example_sensors.py
[2023-11-16T09:48:49.894+0000] {logging_mixin.py:151} INFO - [2023-11-16T09:48:49.894+0000] {dag.py:2941} INFO - Sync 1 DAGs
[2023-11-16T09:48:49.902+0000] {logging_mixin.py:151} INFO - [2023-11-16T09:48:49.902+0000] {dag.py:3722} INFO - Setting next_dagrun for example_sensors to None, run_after=None
[2023-11-16T09:48:49.915+0000] {processor.py:179} INFO - Processing /home/airflow/.local/lib/python3.8/site-packages/airflow/example_dags/example_sensors.py took 0.048 seconds
[2023-11-16T09:49:19.988+0000] {processor.py:157} INFO - Started process (PID=6843) to work on /home/airflow/.local/lib/python3.8/site-packages/airflow/example_dags/example_sensors.py
[2023-11-16T09:49:19.989+0000] {processor.py:829} INFO - Processing file /home/airflow/.local/lib/python3.8/site-packages/airflow/example_dags/example_sensors.py for tasks to queue
[2023-11-16T09:49:19.991+0000] {logging_mixin.py:151} INFO - [2023-11-16T09:49:19.991+0000] {dagbag.py:536} INFO - Filling up the DagBag from /home/airflow/.local/lib/python3.8/site-packages/airflow/example_dags/example_sensors.py
[2023-11-16T09:49:19.999+0000] {processor.py:839} INFO - DAG(s) dict_keys(['example_sensors']) retrieved from /home/airflow/.local/lib/python3.8/site-packages/airflow/example_dags/example_sensors.py
[2023-11-16T09:49:20.023+0000] {logging_mixin.py:151} INFO - [2023-11-16T09:49:20.022+0000] {dag.py:2941} INFO - Sync 1 DAGs
[2023-11-16T09:49:20.034+0000] {logging_mixin.py:151} INFO - [2023-11-16T09:49:20.034+0000] {dag.py:3722} INFO - Setting next_dagrun for example_sensors to None, run_after=None
[2023-11-16T09:49:20.051+0000] {processor.py:179} INFO - Processing /home/airflow/.local/lib/python3.8/site-packages/airflow/example_dags/example_sensors.py took 0.065 seconds
[2023-11-16T09:49:50.081+0000] {processor.py:157} INFO - Started process (PID=6899) to work on /home/airflow/.local/lib/python3.8/site-packages/airflow/example_dags/example_sensors.py
[2023-11-16T09:49:50.082+0000] {processor.py:829} INFO - Processing file /home/airflow/.local/lib/python3.8/site-packages/airflow/example_dags/example_sensors.py for tasks to queue
[2023-11-16T09:49:50.083+0000] {logging_mixin.py:151} INFO - [2023-11-16T09:49:50.083+0000] {dagbag.py:536} INFO - Filling up the DagBag from /home/airflow/.local/lib/python3.8/site-packages/airflow/example_dags/example_sensors.py
[2023-11-16T09:49:50.089+0000] {processor.py:839} INFO - DAG(s) dict_keys(['example_sensors']) retrieved from /home/airflow/.local/lib/python3.8/site-packages/airflow/example_dags/example_sensors.py
[2023-11-16T09:49:50.109+0000] {logging_mixin.py:151} INFO - [2023-11-16T09:49:50.109+0000] {dag.py:2941} INFO - Sync 1 DAGs
[2023-11-16T09:49:50.120+0000] {logging_mixin.py:151} INFO - [2023-11-16T09:49:50.119+0000] {dag.py:3722} INFO - Setting next_dagrun for example_sensors to None, run_after=None
[2023-11-16T09:49:50.133+0000] {processor.py:179} INFO - Processing /home/airflow/.local/lib/python3.8/site-packages/airflow/example_dags/example_sensors.py took 0.054 seconds
[2023-11-16T09:50:20.152+0000] {processor.py:157} INFO - Started process (PID=6955) to work on /home/airflow/.local/lib/python3.8/site-packages/airflow/example_dags/example_sensors.py
[2023-11-16T09:50:20.153+0000] {processor.py:829} INFO - Processing file /home/airflow/.local/lib/python3.8/site-packages/airflow/example_dags/example_sensors.py for tasks to queue
[2023-11-16T09:50:20.154+0000] {logging_mixin.py:151} INFO - [2023-11-16T09:50:20.154+0000] {dagbag.py:536} INFO - Filling up the DagBag from /home/airflow/.local/lib/python3.8/site-packages/airflow/example_dags/example_sensors.py
[2023-11-16T09:50:20.160+0000] {processor.py:839} INFO - DAG(s) dict_keys(['example_sensors']) retrieved from /home/airflow/.local/lib/python3.8/site-packages/airflow/example_dags/example_sensors.py
[2023-11-16T09:50:20.180+0000] {logging_mixin.py:151} INFO - [2023-11-16T09:50:20.180+0000] {dag.py:2941} INFO - Sync 1 DAGs
[2023-11-16T09:50:20.191+0000] {logging_mixin.py:151} INFO - [2023-11-16T09:50:20.191+0000] {dag.py:3722} INFO - Setting next_dagrun for example_sensors to None, run_after=None
[2023-11-16T09:50:20.207+0000] {processor.py:179} INFO - Processing /home/airflow/.local/lib/python3.8/site-packages/airflow/example_dags/example_sensors.py took 0.057 seconds
[2023-11-16T09:50:50.454+0000] {processor.py:157} INFO - Started process (PID=7011) to work on /home/airflow/.local/lib/python3.8/site-packages/airflow/example_dags/example_sensors.py
[2023-11-16T09:50:50.455+0000] {processor.py:829} INFO - Processing file /home/airflow/.local/lib/python3.8/site-packages/airflow/example_dags/example_sensors.py for tasks to queue
[2023-11-16T09:50:50.457+0000] {logging_mixin.py:151} INFO - [2023-11-16T09:50:50.457+0000] {dagbag.py:536} INFO - Filling up the DagBag from /home/airflow/.local/lib/python3.8/site-packages/airflow/example_dags/example_sensors.py
[2023-11-16T09:50:50.463+0000] {processor.py:839} INFO - DAG(s) dict_keys(['example_sensors']) retrieved from /home/airflow/.local/lib/python3.8/site-packages/airflow/example_dags/example_sensors.py
[2023-11-16T09:50:50.478+0000] {logging_mixin.py:151} INFO - [2023-11-16T09:50:50.478+0000] {dag.py:2941} INFO - Sync 1 DAGs
[2023-11-16T09:50:50.486+0000] {logging_mixin.py:151} INFO - [2023-11-16T09:50:50.485+0000] {dag.py:3722} INFO - Setting next_dagrun for example_sensors to None, run_after=None
[2023-11-16T09:50:50.501+0000] {processor.py:179} INFO - Processing /home/airflow/.local/lib/python3.8/site-packages/airflow/example_dags/example_sensors.py took 0.048 seconds
[2023-11-16T09:51:20.538+0000] {processor.py:157} INFO - Started process (PID=7067) to work on /home/airflow/.local/lib/python3.8/site-packages/airflow/example_dags/example_sensors.py
[2023-11-16T09:51:20.539+0000] {processor.py:829} INFO - Processing file /home/airflow/.local/lib/python3.8/site-packages/airflow/example_dags/example_sensors.py for tasks to queue
[2023-11-16T09:51:20.540+0000] {logging_mixin.py:151} INFO - [2023-11-16T09:51:20.540+0000] {dagbag.py:536} INFO - Filling up the DagBag from /home/airflow/.local/lib/python3.8/site-packages/airflow/example_dags/example_sensors.py
[2023-11-16T09:51:20.546+0000] {processor.py:839} INFO - DAG(s) dict_keys(['example_sensors']) retrieved from /home/airflow/.local/lib/python3.8/site-packages/airflow/example_dags/example_sensors.py
[2023-11-16T09:51:20.562+0000] {logging_mixin.py:151} INFO - [2023-11-16T09:51:20.562+0000] {dag.py:2941} INFO - Sync 1 DAGs
[2023-11-16T09:51:20.570+0000] {logging_mixin.py:151} INFO - [2023-11-16T09:51:20.570+0000] {dag.py:3722} INFO - Setting next_dagrun for example_sensors to None, run_after=None
[2023-11-16T09:51:20.583+0000] {processor.py:179} INFO - Processing /home/airflow/.local/lib/python3.8/site-packages/airflow/example_dags/example_sensors.py took 0.046 seconds
[2023-11-16T09:51:50.754+0000] {processor.py:157} INFO - Started process (PID=7123) to work on /home/airflow/.local/lib/python3.8/site-packages/airflow/example_dags/example_sensors.py
[2023-11-16T09:51:50.755+0000] {processor.py:829} INFO - Processing file /home/airflow/.local/lib/python3.8/site-packages/airflow/example_dags/example_sensors.py for tasks to queue
[2023-11-16T09:51:50.756+0000] {logging_mixin.py:151} INFO - [2023-11-16T09:51:50.756+0000] {dagbag.py:536} INFO - Filling up the DagBag from /home/airflow/.local/lib/python3.8/site-packages/airflow/example_dags/example_sensors.py
[2023-11-16T09:51:50.764+0000] {processor.py:839} INFO - DAG(s) dict_keys(['example_sensors']) retrieved from /home/airflow/.local/lib/python3.8/site-packages/airflow/example_dags/example_sensors.py
[2023-11-16T09:51:50.780+0000] {logging_mixin.py:151} INFO - [2023-11-16T09:51:50.779+0000] {dag.py:2941} INFO - Sync 1 DAGs
[2023-11-16T09:51:50.787+0000] {logging_mixin.py:151} INFO - [2023-11-16T09:51:50.787+0000] {dag.py:3722} INFO - Setting next_dagrun for example_sensors to None, run_after=None
[2023-11-16T09:51:50.800+0000] {processor.py:179} INFO - Processing /home/airflow/.local/lib/python3.8/site-packages/airflow/example_dags/example_sensors.py took 0.047 seconds
[2023-11-16T09:52:20.831+0000] {processor.py:157} INFO - Started process (PID=7179) to work on /home/airflow/.local/lib/python3.8/site-packages/airflow/example_dags/example_sensors.py
[2023-11-16T09:52:20.832+0000] {processor.py:829} INFO - Processing file /home/airflow/.local/lib/python3.8/site-packages/airflow/example_dags/example_sensors.py for tasks to queue
[2023-11-16T09:52:20.833+0000] {logging_mixin.py:151} INFO - [2023-11-16T09:52:20.833+0000] {dagbag.py:536} INFO - Filling up the DagBag from /home/airflow/.local/lib/python3.8/site-packages/airflow/example_dags/example_sensors.py
[2023-11-16T09:52:20.840+0000] {processor.py:839} INFO - DAG(s) dict_keys(['example_sensors']) retrieved from /home/airflow/.local/lib/python3.8/site-packages/airflow/example_dags/example_sensors.py
[2023-11-16T09:52:20.860+0000] {logging_mixin.py:151} INFO - [2023-11-16T09:52:20.860+0000] {dag.py:2941} INFO - Sync 1 DAGs
[2023-11-16T09:52:20.870+0000] {logging_mixin.py:151} INFO - [2023-11-16T09:52:20.870+0000] {dag.py:3722} INFO - Setting next_dagrun for example_sensors to None, run_after=None
[2023-11-16T09:52:20.884+0000] {processor.py:179} INFO - Processing /home/airflow/.local/lib/python3.8/site-packages/airflow/example_dags/example_sensors.py took 0.054 seconds
[2023-11-16T09:52:51.698+0000] {processor.py:157} INFO - Started process (PID=7236) to work on /home/airflow/.local/lib/python3.8/site-packages/airflow/example_dags/example_sensors.py
[2023-11-16T09:52:51.699+0000] {processor.py:829} INFO - Processing file /home/airflow/.local/lib/python3.8/site-packages/airflow/example_dags/example_sensors.py for tasks to queue
[2023-11-16T09:52:51.700+0000] {logging_mixin.py:151} INFO - [2023-11-16T09:52:51.700+0000] {dagbag.py:536} INFO - Filling up the DagBag from /home/airflow/.local/lib/python3.8/site-packages/airflow/example_dags/example_sensors.py
[2023-11-16T09:52:51.705+0000] {processor.py:839} INFO - DAG(s) dict_keys(['example_sensors']) retrieved from /home/airflow/.local/lib/python3.8/site-packages/airflow/example_dags/example_sensors.py
[2023-11-16T09:52:51.724+0000] {logging_mixin.py:151} INFO - [2023-11-16T09:52:51.723+0000] {dag.py:2941} INFO - Sync 1 DAGs
[2023-11-16T09:52:51.735+0000] {logging_mixin.py:151} INFO - [2023-11-16T09:52:51.735+0000] {dag.py:3722} INFO - Setting next_dagrun for example_sensors to None, run_after=None
[2023-11-16T09:52:51.749+0000] {processor.py:179} INFO - Processing /home/airflow/.local/lib/python3.8/site-packages/airflow/example_dags/example_sensors.py took 0.052 seconds
[2023-11-16T09:53:22.397+0000] {processor.py:157} INFO - Started process (PID=7292) to work on /home/airflow/.local/lib/python3.8/site-packages/airflow/example_dags/example_sensors.py
[2023-11-16T09:53:22.398+0000] {processor.py:829} INFO - Processing file /home/airflow/.local/lib/python3.8/site-packages/airflow/example_dags/example_sensors.py for tasks to queue
[2023-11-16T09:53:22.399+0000] {logging_mixin.py:151} INFO - [2023-11-16T09:53:22.399+0000] {dagbag.py:536} INFO - Filling up the DagBag from /home/airflow/.local/lib/python3.8/site-packages/airflow/example_dags/example_sensors.py
[2023-11-16T09:53:22.407+0000] {processor.py:839} INFO - DAG(s) dict_keys(['example_sensors']) retrieved from /home/airflow/.local/lib/python3.8/site-packages/airflow/example_dags/example_sensors.py
[2023-11-16T09:53:22.427+0000] {logging_mixin.py:151} INFO - [2023-11-16T09:53:22.427+0000] {dag.py:2941} INFO - Sync 1 DAGs
[2023-11-16T09:53:22.436+0000] {logging_mixin.py:151} INFO - [2023-11-16T09:53:22.436+0000] {dag.py:3722} INFO - Setting next_dagrun for example_sensors to None, run_after=None
[2023-11-16T09:53:22.451+0000] {processor.py:179} INFO - Processing /home/airflow/.local/lib/python3.8/site-packages/airflow/example_dags/example_sensors.py took 0.056 seconds
[2023-11-16T09:53:52.547+0000] {processor.py:157} INFO - Started process (PID=7347) to work on /home/airflow/.local/lib/python3.8/site-packages/airflow/example_dags/example_sensors.py
[2023-11-16T09:53:52.548+0000] {processor.py:829} INFO - Processing file /home/airflow/.local/lib/python3.8/site-packages/airflow/example_dags/example_sensors.py for tasks to queue
[2023-11-16T09:53:52.549+0000] {logging_mixin.py:151} INFO - [2023-11-16T09:53:52.549+0000] {dagbag.py:536} INFO - Filling up the DagBag from /home/airflow/.local/lib/python3.8/site-packages/airflow/example_dags/example_sensors.py
[2023-11-16T09:53:52.554+0000] {processor.py:839} INFO - DAG(s) dict_keys(['example_sensors']) retrieved from /home/airflow/.local/lib/python3.8/site-packages/airflow/example_dags/example_sensors.py
[2023-11-16T09:53:52.568+0000] {logging_mixin.py:151} INFO - [2023-11-16T09:53:52.568+0000] {dag.py:2941} INFO - Sync 1 DAGs
[2023-11-16T09:53:52.576+0000] {logging_mixin.py:151} INFO - [2023-11-16T09:53:52.576+0000] {dag.py:3722} INFO - Setting next_dagrun for example_sensors to None, run_after=None
[2023-11-16T09:53:52.587+0000] {processor.py:179} INFO - Processing /home/airflow/.local/lib/python3.8/site-packages/airflow/example_dags/example_sensors.py took 0.042 seconds
[2023-11-16T09:54:22.612+0000] {processor.py:157} INFO - Started process (PID=7403) to work on /home/airflow/.local/lib/python3.8/site-packages/airflow/example_dags/example_sensors.py
[2023-11-16T09:54:22.612+0000] {processor.py:829} INFO - Processing file /home/airflow/.local/lib/python3.8/site-packages/airflow/example_dags/example_sensors.py for tasks to queue
[2023-11-16T09:54:22.614+0000] {logging_mixin.py:151} INFO - [2023-11-16T09:54:22.613+0000] {dagbag.py:536} INFO - Filling up the DagBag from /home/airflow/.local/lib/python3.8/site-packages/airflow/example_dags/example_sensors.py
[2023-11-16T09:54:22.619+0000] {processor.py:839} INFO - DAG(s) dict_keys(['example_sensors']) retrieved from /home/airflow/.local/lib/python3.8/site-packages/airflow/example_dags/example_sensors.py
[2023-11-16T09:54:22.633+0000] {logging_mixin.py:151} INFO - [2023-11-16T09:54:22.633+0000] {dag.py:2941} INFO - Sync 1 DAGs
[2023-11-16T09:54:22.640+0000] {logging_mixin.py:151} INFO - [2023-11-16T09:54:22.640+0000] {dag.py:3722} INFO - Setting next_dagrun for example_sensors to None, run_after=None
[2023-11-16T09:54:22.651+0000] {processor.py:179} INFO - Processing /home/airflow/.local/lib/python3.8/site-packages/airflow/example_dags/example_sensors.py took 0.042 seconds
[2023-11-16T09:54:52.698+0000] {processor.py:157} INFO - Started process (PID=7459) to work on /home/airflow/.local/lib/python3.8/site-packages/airflow/example_dags/example_sensors.py
[2023-11-16T09:54:52.699+0000] {processor.py:829} INFO - Processing file /home/airflow/.local/lib/python3.8/site-packages/airflow/example_dags/example_sensors.py for tasks to queue
[2023-11-16T09:54:52.700+0000] {logging_mixin.py:151} INFO - [2023-11-16T09:54:52.700+0000] {dagbag.py:536} INFO - Filling up the DagBag from /home/airflow/.local/lib/python3.8/site-packages/airflow/example_dags/example_sensors.py
[2023-11-16T09:54:52.705+0000] {processor.py:839} INFO - DAG(s) dict_keys(['example_sensors']) retrieved from /home/airflow/.local/lib/python3.8/site-packages/airflow/example_dags/example_sensors.py
[2023-11-16T09:54:52.720+0000] {logging_mixin.py:151} INFO - [2023-11-16T09:54:52.719+0000] {dag.py:2941} INFO - Sync 1 DAGs
[2023-11-16T09:54:52.727+0000] {logging_mixin.py:151} INFO - [2023-11-16T09:54:52.727+0000] {dag.py:3722} INFO - Setting next_dagrun for example_sensors to None, run_after=None
[2023-11-16T09:54:52.742+0000] {processor.py:179} INFO - Processing /home/airflow/.local/lib/python3.8/site-packages/airflow/example_dags/example_sensors.py took 0.046 seconds
[2023-11-16T09:55:22.831+0000] {processor.py:157} INFO - Started process (PID=7515) to work on /home/airflow/.local/lib/python3.8/site-packages/airflow/example_dags/example_sensors.py
[2023-11-16T09:55:22.831+0000] {processor.py:829} INFO - Processing file /home/airflow/.local/lib/python3.8/site-packages/airflow/example_dags/example_sensors.py for tasks to queue
[2023-11-16T09:55:22.833+0000] {logging_mixin.py:151} INFO - [2023-11-16T09:55:22.832+0000] {dagbag.py:536} INFO - Filling up the DagBag from /home/airflow/.local/lib/python3.8/site-packages/airflow/example_dags/example_sensors.py
[2023-11-16T09:55:22.838+0000] {processor.py:839} INFO - DAG(s) dict_keys(['example_sensors']) retrieved from /home/airflow/.local/lib/python3.8/site-packages/airflow/example_dags/example_sensors.py
[2023-11-16T09:55:22.858+0000] {logging_mixin.py:151} INFO - [2023-11-16T09:55:22.858+0000] {dag.py:2941} INFO - Sync 1 DAGs
[2023-11-16T09:55:22.866+0000] {logging_mixin.py:151} INFO - [2023-11-16T09:55:22.866+0000] {dag.py:3722} INFO - Setting next_dagrun for example_sensors to None, run_after=None
[2023-11-16T09:55:22.877+0000] {processor.py:179} INFO - Processing /home/airflow/.local/lib/python3.8/site-packages/airflow/example_dags/example_sensors.py took 0.047 seconds
[2023-11-16T09:55:52.961+0000] {processor.py:157} INFO - Started process (PID=7571) to work on /home/airflow/.local/lib/python3.8/site-packages/airflow/example_dags/example_sensors.py
[2023-11-16T09:55:52.962+0000] {processor.py:829} INFO - Processing file /home/airflow/.local/lib/python3.8/site-packages/airflow/example_dags/example_sensors.py for tasks to queue
[2023-11-16T09:55:52.963+0000] {logging_mixin.py:151} INFO - [2023-11-16T09:55:52.962+0000] {dagbag.py:536} INFO - Filling up the DagBag from /home/airflow/.local/lib/python3.8/site-packages/airflow/example_dags/example_sensors.py
[2023-11-16T09:55:52.968+0000] {processor.py:839} INFO - DAG(s) dict_keys(['example_sensors']) retrieved from /home/airflow/.local/lib/python3.8/site-packages/airflow/example_dags/example_sensors.py
[2023-11-16T09:55:52.982+0000] {logging_mixin.py:151} INFO - [2023-11-16T09:55:52.982+0000] {dag.py:2941} INFO - Sync 1 DAGs
[2023-11-16T09:55:52.990+0000] {logging_mixin.py:151} INFO - [2023-11-16T09:55:52.990+0000] {dag.py:3722} INFO - Setting next_dagrun for example_sensors to None, run_after=None
[2023-11-16T09:55:53.000+0000] {processor.py:179} INFO - Processing /home/airflow/.local/lib/python3.8/site-packages/airflow/example_dags/example_sensors.py took 0.041 seconds
[2023-11-16T09:56:23.074+0000] {processor.py:157} INFO - Started process (PID=7627) to work on /home/airflow/.local/lib/python3.8/site-packages/airflow/example_dags/example_sensors.py
[2023-11-16T09:56:23.074+0000] {processor.py:829} INFO - Processing file /home/airflow/.local/lib/python3.8/site-packages/airflow/example_dags/example_sensors.py for tasks to queue
[2023-11-16T09:56:23.075+0000] {logging_mixin.py:151} INFO - [2023-11-16T09:56:23.075+0000] {dagbag.py:536} INFO - Filling up the DagBag from /home/airflow/.local/lib/python3.8/site-packages/airflow/example_dags/example_sensors.py
[2023-11-16T09:56:23.081+0000] {processor.py:839} INFO - DAG(s) dict_keys(['example_sensors']) retrieved from /home/airflow/.local/lib/python3.8/site-packages/airflow/example_dags/example_sensors.py
[2023-11-16T09:56:23.096+0000] {logging_mixin.py:151} INFO - [2023-11-16T09:56:23.096+0000] {dag.py:2941} INFO - Sync 1 DAGs
[2023-11-16T09:56:23.104+0000] {logging_mixin.py:151} INFO - [2023-11-16T09:56:23.104+0000] {dag.py:3722} INFO - Setting next_dagrun for example_sensors to None, run_after=None
[2023-11-16T09:56:23.115+0000] {processor.py:179} INFO - Processing /home/airflow/.local/lib/python3.8/site-packages/airflow/example_dags/example_sensors.py took 0.043 seconds
[2023-11-16T09:56:53.477+0000] {processor.py:157} INFO - Started process (PID=7683) to work on /home/airflow/.local/lib/python3.8/site-packages/airflow/example_dags/example_sensors.py
[2023-11-16T09:56:53.478+0000] {processor.py:829} INFO - Processing file /home/airflow/.local/lib/python3.8/site-packages/airflow/example_dags/example_sensors.py for tasks to queue
[2023-11-16T09:56:53.479+0000] {logging_mixin.py:151} INFO - [2023-11-16T09:56:53.479+0000] {dagbag.py:536} INFO - Filling up the DagBag from /home/airflow/.local/lib/python3.8/site-packages/airflow/example_dags/example_sensors.py
[2023-11-16T09:56:53.485+0000] {processor.py:839} INFO - DAG(s) dict_keys(['example_sensors']) retrieved from /home/airflow/.local/lib/python3.8/site-packages/airflow/example_dags/example_sensors.py
[2023-11-16T09:56:53.502+0000] {logging_mixin.py:151} INFO - [2023-11-16T09:56:53.502+0000] {dag.py:2941} INFO - Sync 1 DAGs
[2023-11-16T09:56:53.510+0000] {logging_mixin.py:151} INFO - [2023-11-16T09:56:53.509+0000] {dag.py:3722} INFO - Setting next_dagrun for example_sensors to None, run_after=None
[2023-11-16T09:56:53.522+0000] {processor.py:179} INFO - Processing /home/airflow/.local/lib/python3.8/site-packages/airflow/example_dags/example_sensors.py took 0.047 seconds
[2023-11-16T09:57:23.594+0000] {processor.py:157} INFO - Started process (PID=7739) to work on /home/airflow/.local/lib/python3.8/site-packages/airflow/example_dags/example_sensors.py
[2023-11-16T09:57:23.595+0000] {processor.py:829} INFO - Processing file /home/airflow/.local/lib/python3.8/site-packages/airflow/example_dags/example_sensors.py for tasks to queue
[2023-11-16T09:57:23.596+0000] {logging_mixin.py:151} INFO - [2023-11-16T09:57:23.596+0000] {dagbag.py:536} INFO - Filling up the DagBag from /home/airflow/.local/lib/python3.8/site-packages/airflow/example_dags/example_sensors.py
[2023-11-16T09:57:23.602+0000] {processor.py:839} INFO - DAG(s) dict_keys(['example_sensors']) retrieved from /home/airflow/.local/lib/python3.8/site-packages/airflow/example_dags/example_sensors.py
[2023-11-16T09:57:23.616+0000] {logging_mixin.py:151} INFO - [2023-11-16T09:57:23.616+0000] {dag.py:2941} INFO - Sync 1 DAGs
[2023-11-16T09:57:23.624+0000] {logging_mixin.py:151} INFO - [2023-11-16T09:57:23.623+0000] {dag.py:3722} INFO - Setting next_dagrun for example_sensors to None, run_after=None
[2023-11-16T09:57:23.635+0000] {processor.py:179} INFO - Processing /home/airflow/.local/lib/python3.8/site-packages/airflow/example_dags/example_sensors.py took 0.042 seconds
[2023-11-16T09:57:53.743+0000] {processor.py:157} INFO - Started process (PID=7795) to work on /home/airflow/.local/lib/python3.8/site-packages/airflow/example_dags/example_sensors.py
[2023-11-16T09:57:53.744+0000] {processor.py:829} INFO - Processing file /home/airflow/.local/lib/python3.8/site-packages/airflow/example_dags/example_sensors.py for tasks to queue
[2023-11-16T09:57:53.745+0000] {logging_mixin.py:151} INFO - [2023-11-16T09:57:53.745+0000] {dagbag.py:536} INFO - Filling up the DagBag from /home/airflow/.local/lib/python3.8/site-packages/airflow/example_dags/example_sensors.py
[2023-11-16T09:57:53.750+0000] {processor.py:839} INFO - DAG(s) dict_keys(['example_sensors']) retrieved from /home/airflow/.local/lib/python3.8/site-packages/airflow/example_dags/example_sensors.py
[2023-11-16T09:57:53.765+0000] {logging_mixin.py:151} INFO - [2023-11-16T09:57:53.765+0000] {dag.py:2941} INFO - Sync 1 DAGs
[2023-11-16T09:57:53.773+0000] {logging_mixin.py:151} INFO - [2023-11-16T09:57:53.773+0000] {dag.py:3722} INFO - Setting next_dagrun for example_sensors to None, run_after=None
[2023-11-16T09:57:53.784+0000] {processor.py:179} INFO - Processing /home/airflow/.local/lib/python3.8/site-packages/airflow/example_dags/example_sensors.py took 0.043 seconds
[2023-11-16T09:58:23.901+0000] {processor.py:157} INFO - Started process (PID=7851) to work on /home/airflow/.local/lib/python3.8/site-packages/airflow/example_dags/example_sensors.py
[2023-11-16T09:58:23.902+0000] {processor.py:829} INFO - Processing file /home/airflow/.local/lib/python3.8/site-packages/airflow/example_dags/example_sensors.py for tasks to queue
[2023-11-16T09:58:23.903+0000] {logging_mixin.py:151} INFO - [2023-11-16T09:58:23.903+0000] {dagbag.py:536} INFO - Filling up the DagBag from /home/airflow/.local/lib/python3.8/site-packages/airflow/example_dags/example_sensors.py
[2023-11-16T09:58:23.909+0000] {processor.py:839} INFO - DAG(s) dict_keys(['example_sensors']) retrieved from /home/airflow/.local/lib/python3.8/site-packages/airflow/example_dags/example_sensors.py
[2023-11-16T09:58:23.929+0000] {logging_mixin.py:151} INFO - [2023-11-16T09:58:23.929+0000] {dag.py:2941} INFO - Sync 1 DAGs
[2023-11-16T09:58:23.939+0000] {logging_mixin.py:151} INFO - [2023-11-16T09:58:23.939+0000] {dag.py:3722} INFO - Setting next_dagrun for example_sensors to None, run_after=None
[2023-11-16T09:58:23.954+0000] {processor.py:179} INFO - Processing /home/airflow/.local/lib/python3.8/site-packages/airflow/example_dags/example_sensors.py took 0.054 seconds
[2023-11-16T09:58:54.026+0000] {processor.py:157} INFO - Started process (PID=7907) to work on /home/airflow/.local/lib/python3.8/site-packages/airflow/example_dags/example_sensors.py
[2023-11-16T09:58:54.026+0000] {processor.py:829} INFO - Processing file /home/airflow/.local/lib/python3.8/site-packages/airflow/example_dags/example_sensors.py for tasks to queue
[2023-11-16T09:58:54.027+0000] {logging_mixin.py:151} INFO - [2023-11-16T09:58:54.027+0000] {dagbag.py:536} INFO - Filling up the DagBag from /home/airflow/.local/lib/python3.8/site-packages/airflow/example_dags/example_sensors.py
[2023-11-16T09:58:54.033+0000] {processor.py:839} INFO - DAG(s) dict_keys(['example_sensors']) retrieved from /home/airflow/.local/lib/python3.8/site-packages/airflow/example_dags/example_sensors.py
[2023-11-16T09:58:54.053+0000] {logging_mixin.py:151} INFO - [2023-11-16T09:58:54.053+0000] {dag.py:2941} INFO - Sync 1 DAGs
[2023-11-16T09:58:54.064+0000] {logging_mixin.py:151} INFO - [2023-11-16T09:58:54.063+0000] {dag.py:3722} INFO - Setting next_dagrun for example_sensors to None, run_after=None
[2023-11-16T09:58:54.077+0000] {processor.py:179} INFO - Processing /home/airflow/.local/lib/python3.8/site-packages/airflow/example_dags/example_sensors.py took 0.053 seconds
[2023-11-16T09:59:24.145+0000] {processor.py:157} INFO - Started process (PID=7963) to work on /home/airflow/.local/lib/python3.8/site-packages/airflow/example_dags/example_sensors.py
[2023-11-16T09:59:24.146+0000] {processor.py:829} INFO - Processing file /home/airflow/.local/lib/python3.8/site-packages/airflow/example_dags/example_sensors.py for tasks to queue
[2023-11-16T09:59:24.147+0000] {logging_mixin.py:151} INFO - [2023-11-16T09:59:24.147+0000] {dagbag.py:536} INFO - Filling up the DagBag from /home/airflow/.local/lib/python3.8/site-packages/airflow/example_dags/example_sensors.py
[2023-11-16T09:59:24.152+0000] {processor.py:839} INFO - DAG(s) dict_keys(['example_sensors']) retrieved from /home/airflow/.local/lib/python3.8/site-packages/airflow/example_dags/example_sensors.py
[2023-11-16T09:59:24.168+0000] {logging_mixin.py:151} INFO - [2023-11-16T09:59:24.167+0000] {dag.py:2941} INFO - Sync 1 DAGs
[2023-11-16T09:59:24.175+0000] {logging_mixin.py:151} INFO - [2023-11-16T09:59:24.175+0000] {dag.py:3722} INFO - Setting next_dagrun for example_sensors to None, run_after=None
[2023-11-16T09:59:24.186+0000] {processor.py:179} INFO - Processing /home/airflow/.local/lib/python3.8/site-packages/airflow/example_dags/example_sensors.py took 0.043 seconds
[2023-11-16T09:59:54.278+0000] {processor.py:157} INFO - Started process (PID=8020) to work on /home/airflow/.local/lib/python3.8/site-packages/airflow/example_dags/example_sensors.py
[2023-11-16T09:59:54.278+0000] {processor.py:829} INFO - Processing file /home/airflow/.local/lib/python3.8/site-packages/airflow/example_dags/example_sensors.py for tasks to queue
[2023-11-16T09:59:54.279+0000] {logging_mixin.py:151} INFO - [2023-11-16T09:59:54.279+0000] {dagbag.py:536} INFO - Filling up the DagBag from /home/airflow/.local/lib/python3.8/site-packages/airflow/example_dags/example_sensors.py
[2023-11-16T09:59:54.284+0000] {processor.py:839} INFO - DAG(s) dict_keys(['example_sensors']) retrieved from /home/airflow/.local/lib/python3.8/site-packages/airflow/example_dags/example_sensors.py
[2023-11-16T09:59:54.299+0000] {logging_mixin.py:151} INFO - [2023-11-16T09:59:54.299+0000] {dag.py:2941} INFO - Sync 1 DAGs
[2023-11-16T09:59:54.307+0000] {logging_mixin.py:151} INFO - [2023-11-16T09:59:54.307+0000] {dag.py:3722} INFO - Setting next_dagrun for example_sensors to None, run_after=None
[2023-11-16T09:59:54.319+0000] {processor.py:179} INFO - Processing /home/airflow/.local/lib/python3.8/site-packages/airflow/example_dags/example_sensors.py took 0.043 seconds
[2023-11-16T10:00:25.319+0000] {processor.py:157} INFO - Started process (PID=8076) to work on /home/airflow/.local/lib/python3.8/site-packages/airflow/example_dags/example_sensors.py
[2023-11-16T10:00:25.320+0000] {processor.py:829} INFO - Processing file /home/airflow/.local/lib/python3.8/site-packages/airflow/example_dags/example_sensors.py for tasks to queue
[2023-11-16T10:00:25.321+0000] {logging_mixin.py:151} INFO - [2023-11-16T10:00:25.321+0000] {dagbag.py:536} INFO - Filling up the DagBag from /home/airflow/.local/lib/python3.8/site-packages/airflow/example_dags/example_sensors.py
[2023-11-16T10:00:25.327+0000] {processor.py:839} INFO - DAG(s) dict_keys(['example_sensors']) retrieved from /home/airflow/.local/lib/python3.8/site-packages/airflow/example_dags/example_sensors.py
[2023-11-16T10:00:25.345+0000] {logging_mixin.py:151} INFO - [2023-11-16T10:00:25.345+0000] {dag.py:2941} INFO - Sync 1 DAGs
[2023-11-16T10:00:25.355+0000] {logging_mixin.py:151} INFO - [2023-11-16T10:00:25.355+0000] {dag.py:3722} INFO - Setting next_dagrun for example_sensors to None, run_after=None
[2023-11-16T10:00:25.367+0000] {processor.py:179} INFO - Processing /home/airflow/.local/lib/python3.8/site-packages/airflow/example_dags/example_sensors.py took 0.050 seconds
[2023-11-16T10:00:55.400+0000] {processor.py:157} INFO - Started process (PID=8132) to work on /home/airflow/.local/lib/python3.8/site-packages/airflow/example_dags/example_sensors.py
[2023-11-16T10:00:55.401+0000] {processor.py:829} INFO - Processing file /home/airflow/.local/lib/python3.8/site-packages/airflow/example_dags/example_sensors.py for tasks to queue
[2023-11-16T10:00:55.402+0000] {logging_mixin.py:151} INFO - [2023-11-16T10:00:55.402+0000] {dagbag.py:536} INFO - Filling up the DagBag from /home/airflow/.local/lib/python3.8/site-packages/airflow/example_dags/example_sensors.py
[2023-11-16T10:00:55.409+0000] {processor.py:839} INFO - DAG(s) dict_keys(['example_sensors']) retrieved from /home/airflow/.local/lib/python3.8/site-packages/airflow/example_dags/example_sensors.py
[2023-11-16T10:00:55.431+0000] {logging_mixin.py:151} INFO - [2023-11-16T10:00:55.430+0000] {dag.py:2941} INFO - Sync 1 DAGs
[2023-11-16T10:00:55.439+0000] {logging_mixin.py:151} INFO - [2023-11-16T10:00:55.439+0000] {dag.py:3722} INFO - Setting next_dagrun for example_sensors to None, run_after=None
[2023-11-16T10:00:55.454+0000] {processor.py:179} INFO - Processing /home/airflow/.local/lib/python3.8/site-packages/airflow/example_dags/example_sensors.py took 0.055 seconds
[2023-11-16T10:01:25.779+0000] {processor.py:157} INFO - Started process (PID=8188) to work on /home/airflow/.local/lib/python3.8/site-packages/airflow/example_dags/example_sensors.py
[2023-11-16T10:01:25.779+0000] {processor.py:829} INFO - Processing file /home/airflow/.local/lib/python3.8/site-packages/airflow/example_dags/example_sensors.py for tasks to queue
[2023-11-16T10:01:25.781+0000] {logging_mixin.py:151} INFO - [2023-11-16T10:01:25.780+0000] {dagbag.py:536} INFO - Filling up the DagBag from /home/airflow/.local/lib/python3.8/site-packages/airflow/example_dags/example_sensors.py
[2023-11-16T10:01:25.786+0000] {processor.py:839} INFO - DAG(s) dict_keys(['example_sensors']) retrieved from /home/airflow/.local/lib/python3.8/site-packages/airflow/example_dags/example_sensors.py
[2023-11-16T10:01:25.803+0000] {logging_mixin.py:151} INFO - [2023-11-16T10:01:25.802+0000] {dag.py:2941} INFO - Sync 1 DAGs
[2023-11-16T10:01:25.814+0000] {logging_mixin.py:151} INFO - [2023-11-16T10:01:25.814+0000] {dag.py:3722} INFO - Setting next_dagrun for example_sensors to None, run_after=None
[2023-11-16T10:01:25.827+0000] {processor.py:179} INFO - Processing /home/airflow/.local/lib/python3.8/site-packages/airflow/example_dags/example_sensors.py took 0.050 seconds
[2023-11-16T10:01:56.158+0000] {processor.py:157} INFO - Started process (PID=8244) to work on /home/airflow/.local/lib/python3.8/site-packages/airflow/example_dags/example_sensors.py
[2023-11-16T10:01:56.160+0000] {processor.py:829} INFO - Processing file /home/airflow/.local/lib/python3.8/site-packages/airflow/example_dags/example_sensors.py for tasks to queue
[2023-11-16T10:01:56.162+0000] {logging_mixin.py:151} INFO - [2023-11-16T10:01:56.161+0000] {dagbag.py:536} INFO - Filling up the DagBag from /home/airflow/.local/lib/python3.8/site-packages/airflow/example_dags/example_sensors.py
[2023-11-16T10:01:56.171+0000] {processor.py:839} INFO - DAG(s) dict_keys(['example_sensors']) retrieved from /home/airflow/.local/lib/python3.8/site-packages/airflow/example_dags/example_sensors.py
[2023-11-16T10:01:56.197+0000] {logging_mixin.py:151} INFO - [2023-11-16T10:01:56.197+0000] {dag.py:2941} INFO - Sync 1 DAGs
[2023-11-16T10:01:56.230+0000] {logging_mixin.py:151} INFO - [2023-11-16T10:01:56.229+0000] {dag.py:3722} INFO - Setting next_dagrun for example_sensors to None, run_after=None
[2023-11-16T10:01:56.247+0000] {processor.py:179} INFO - Processing /home/airflow/.local/lib/python3.8/site-packages/airflow/example_dags/example_sensors.py took 0.092 seconds
[2023-11-16T10:02:26.311+0000] {processor.py:157} INFO - Started process (PID=8300) to work on /home/airflow/.local/lib/python3.8/site-packages/airflow/example_dags/example_sensors.py
[2023-11-16T10:02:26.312+0000] {processor.py:829} INFO - Processing file /home/airflow/.local/lib/python3.8/site-packages/airflow/example_dags/example_sensors.py for tasks to queue
[2023-11-16T10:02:26.313+0000] {logging_mixin.py:151} INFO - [2023-11-16T10:02:26.313+0000] {dagbag.py:536} INFO - Filling up the DagBag from /home/airflow/.local/lib/python3.8/site-packages/airflow/example_dags/example_sensors.py
[2023-11-16T10:02:26.318+0000] {processor.py:839} INFO - DAG(s) dict_keys(['example_sensors']) retrieved from /home/airflow/.local/lib/python3.8/site-packages/airflow/example_dags/example_sensors.py
[2023-11-16T10:02:26.337+0000] {logging_mixin.py:151} INFO - [2023-11-16T10:02:26.337+0000] {dag.py:2941} INFO - Sync 1 DAGs
[2023-11-16T10:02:26.347+0000] {logging_mixin.py:151} INFO - [2023-11-16T10:02:26.346+0000] {dag.py:3722} INFO - Setting next_dagrun for example_sensors to None, run_after=None
[2023-11-16T10:02:26.359+0000] {processor.py:179} INFO - Processing /home/airflow/.local/lib/python3.8/site-packages/airflow/example_dags/example_sensors.py took 0.050 seconds
[2023-11-16T10:02:56.629+0000] {processor.py:157} INFO - Started process (PID=8356) to work on /home/airflow/.local/lib/python3.8/site-packages/airflow/example_dags/example_sensors.py
[2023-11-16T10:02:56.630+0000] {processor.py:829} INFO - Processing file /home/airflow/.local/lib/python3.8/site-packages/airflow/example_dags/example_sensors.py for tasks to queue
[2023-11-16T10:02:56.631+0000] {logging_mixin.py:151} INFO - [2023-11-16T10:02:56.631+0000] {dagbag.py:536} INFO - Filling up the DagBag from /home/airflow/.local/lib/python3.8/site-packages/airflow/example_dags/example_sensors.py
[2023-11-16T10:02:56.639+0000] {processor.py:839} INFO - DAG(s) dict_keys(['example_sensors']) retrieved from /home/airflow/.local/lib/python3.8/site-packages/airflow/example_dags/example_sensors.py
[2023-11-16T10:02:56.659+0000] {logging_mixin.py:151} INFO - [2023-11-16T10:02:56.659+0000] {dag.py:2941} INFO - Sync 1 DAGs
[2023-11-16T10:02:56.669+0000] {logging_mixin.py:151} INFO - [2023-11-16T10:02:56.669+0000] {dag.py:3722} INFO - Setting next_dagrun for example_sensors to None, run_after=None
[2023-11-16T10:02:56.684+0000] {processor.py:179} INFO - Processing /home/airflow/.local/lib/python3.8/site-packages/airflow/example_dags/example_sensors.py took 0.057 seconds
[2023-11-16T10:03:26.968+0000] {processor.py:157} INFO - Started process (PID=8411) to work on /home/airflow/.local/lib/python3.8/site-packages/airflow/example_dags/example_sensors.py
[2023-11-16T10:03:26.969+0000] {processor.py:829} INFO - Processing file /home/airflow/.local/lib/python3.8/site-packages/airflow/example_dags/example_sensors.py for tasks to queue
[2023-11-16T10:03:26.970+0000] {logging_mixin.py:151} INFO - [2023-11-16T10:03:26.970+0000] {dagbag.py:536} INFO - Filling up the DagBag from /home/airflow/.local/lib/python3.8/site-packages/airflow/example_dags/example_sensors.py
[2023-11-16T10:03:26.978+0000] {processor.py:839} INFO - DAG(s) dict_keys(['example_sensors']) retrieved from /home/airflow/.local/lib/python3.8/site-packages/airflow/example_dags/example_sensors.py
[2023-11-16T10:03:27.001+0000] {logging_mixin.py:151} INFO - [2023-11-16T10:03:27.001+0000] {dag.py:2941} INFO - Sync 1 DAGs
[2023-11-16T10:03:27.012+0000] {logging_mixin.py:151} INFO - [2023-11-16T10:03:27.012+0000] {dag.py:3722} INFO - Setting next_dagrun for example_sensors to None, run_after=None
[2023-11-16T10:03:27.027+0000] {processor.py:179} INFO - Processing /home/airflow/.local/lib/python3.8/site-packages/airflow/example_dags/example_sensors.py took 0.061 seconds
[2023-11-16T10:03:57.344+0000] {processor.py:157} INFO - Started process (PID=8467) to work on /home/airflow/.local/lib/python3.8/site-packages/airflow/example_dags/example_sensors.py
[2023-11-16T10:03:57.345+0000] {processor.py:829} INFO - Processing file /home/airflow/.local/lib/python3.8/site-packages/airflow/example_dags/example_sensors.py for tasks to queue
[2023-11-16T10:03:57.346+0000] {logging_mixin.py:151} INFO - [2023-11-16T10:03:57.346+0000] {dagbag.py:536} INFO - Filling up the DagBag from /home/airflow/.local/lib/python3.8/site-packages/airflow/example_dags/example_sensors.py
[2023-11-16T10:03:57.351+0000] {processor.py:839} INFO - DAG(s) dict_keys(['example_sensors']) retrieved from /home/airflow/.local/lib/python3.8/site-packages/airflow/example_dags/example_sensors.py
[2023-11-16T10:03:57.367+0000] {logging_mixin.py:151} INFO - [2023-11-16T10:03:57.366+0000] {dag.py:2941} INFO - Sync 1 DAGs
[2023-11-16T10:03:57.374+0000] {logging_mixin.py:151} INFO - [2023-11-16T10:03:57.374+0000] {dag.py:3722} INFO - Setting next_dagrun for example_sensors to None, run_after=None
[2023-11-16T10:03:57.386+0000] {processor.py:179} INFO - Processing /home/airflow/.local/lib/python3.8/site-packages/airflow/example_dags/example_sensors.py took 0.044 seconds
[2023-11-16T10:04:28.127+0000] {processor.py:157} INFO - Started process (PID=8522) to work on /home/airflow/.local/lib/python3.8/site-packages/airflow/example_dags/example_sensors.py
[2023-11-16T10:04:28.128+0000] {processor.py:829} INFO - Processing file /home/airflow/.local/lib/python3.8/site-packages/airflow/example_dags/example_sensors.py for tasks to queue
[2023-11-16T10:04:28.130+0000] {logging_mixin.py:151} INFO - [2023-11-16T10:04:28.129+0000] {dagbag.py:536} INFO - Filling up the DagBag from /home/airflow/.local/lib/python3.8/site-packages/airflow/example_dags/example_sensors.py
[2023-11-16T10:04:28.136+0000] {processor.py:839} INFO - DAG(s) dict_keys(['example_sensors']) retrieved from /home/airflow/.local/lib/python3.8/site-packages/airflow/example_dags/example_sensors.py
[2023-11-16T10:04:28.156+0000] {logging_mixin.py:151} INFO - [2023-11-16T10:04:28.156+0000] {dag.py:2941} INFO - Sync 1 DAGs
[2023-11-16T10:04:28.167+0000] {logging_mixin.py:151} INFO - [2023-11-16T10:04:28.167+0000] {dag.py:3722} INFO - Setting next_dagrun for example_sensors to None, run_after=None
[2023-11-16T10:04:28.183+0000] {processor.py:179} INFO - Processing /home/airflow/.local/lib/python3.8/site-packages/airflow/example_dags/example_sensors.py took 0.058 seconds
[2023-11-16T10:04:58.909+0000] {processor.py:157} INFO - Started process (PID=8579) to work on /home/airflow/.local/lib/python3.8/site-packages/airflow/example_dags/example_sensors.py
[2023-11-16T10:04:58.910+0000] {processor.py:829} INFO - Processing file /home/airflow/.local/lib/python3.8/site-packages/airflow/example_dags/example_sensors.py for tasks to queue
[2023-11-16T10:04:58.911+0000] {logging_mixin.py:151} INFO - [2023-11-16T10:04:58.911+0000] {dagbag.py:536} INFO - Filling up the DagBag from /home/airflow/.local/lib/python3.8/site-packages/airflow/example_dags/example_sensors.py
[2023-11-16T10:04:58.920+0000] {processor.py:839} INFO - DAG(s) dict_keys(['example_sensors']) retrieved from /home/airflow/.local/lib/python3.8/site-packages/airflow/example_dags/example_sensors.py
[2023-11-16T10:04:58.938+0000] {logging_mixin.py:151} INFO - [2023-11-16T10:04:58.938+0000] {dag.py:2941} INFO - Sync 1 DAGs
[2023-11-16T10:04:58.946+0000] {logging_mixin.py:151} INFO - [2023-11-16T10:04:58.946+0000] {dag.py:3722} INFO - Setting next_dagrun for example_sensors to None, run_after=None
[2023-11-16T10:04:58.957+0000] {processor.py:179} INFO - Processing /home/airflow/.local/lib/python3.8/site-packages/airflow/example_dags/example_sensors.py took 0.051 seconds
[2023-11-16T10:05:29.031+0000] {processor.py:157} INFO - Started process (PID=8635) to work on /home/airflow/.local/lib/python3.8/site-packages/airflow/example_dags/example_sensors.py
[2023-11-16T10:05:29.032+0000] {processor.py:829} INFO - Processing file /home/airflow/.local/lib/python3.8/site-packages/airflow/example_dags/example_sensors.py for tasks to queue
[2023-11-16T10:05:29.033+0000] {logging_mixin.py:151} INFO - [2023-11-16T10:05:29.033+0000] {dagbag.py:536} INFO - Filling up the DagBag from /home/airflow/.local/lib/python3.8/site-packages/airflow/example_dags/example_sensors.py
[2023-11-16T10:05:29.038+0000] {processor.py:839} INFO - DAG(s) dict_keys(['example_sensors']) retrieved from /home/airflow/.local/lib/python3.8/site-packages/airflow/example_dags/example_sensors.py
[2023-11-16T10:05:29.053+0000] {logging_mixin.py:151} INFO - [2023-11-16T10:05:29.053+0000] {dag.py:2941} INFO - Sync 1 DAGs
[2023-11-16T10:05:29.061+0000] {logging_mixin.py:151} INFO - [2023-11-16T10:05:29.060+0000] {dag.py:3722} INFO - Setting next_dagrun for example_sensors to None, run_after=None
[2023-11-16T10:05:29.071+0000] {processor.py:179} INFO - Processing /home/airflow/.local/lib/python3.8/site-packages/airflow/example_dags/example_sensors.py took 0.042 seconds
[2023-11-16T10:05:59.109+0000] {processor.py:157} INFO - Started process (PID=8692) to work on /home/airflow/.local/lib/python3.8/site-packages/airflow/example_dags/example_sensors.py
[2023-11-16T10:05:59.110+0000] {processor.py:829} INFO - Processing file /home/airflow/.local/lib/python3.8/site-packages/airflow/example_dags/example_sensors.py for tasks to queue
[2023-11-16T10:05:59.111+0000] {logging_mixin.py:151} INFO - [2023-11-16T10:05:59.111+0000] {dagbag.py:536} INFO - Filling up the DagBag from /home/airflow/.local/lib/python3.8/site-packages/airflow/example_dags/example_sensors.py
[2023-11-16T10:05:59.116+0000] {processor.py:839} INFO - DAG(s) dict_keys(['example_sensors']) retrieved from /home/airflow/.local/lib/python3.8/site-packages/airflow/example_dags/example_sensors.py
[2023-11-16T10:05:59.131+0000] {logging_mixin.py:151} INFO - [2023-11-16T10:05:59.130+0000] {dag.py:2941} INFO - Sync 1 DAGs
[2023-11-16T10:05:59.138+0000] {logging_mixin.py:151} INFO - [2023-11-16T10:05:59.138+0000] {dag.py:3722} INFO - Setting next_dagrun for example_sensors to None, run_after=None
[2023-11-16T10:05:59.149+0000] {processor.py:179} INFO - Processing /home/airflow/.local/lib/python3.8/site-packages/airflow/example_dags/example_sensors.py took 0.042 seconds
[2023-11-16T10:06:29.819+0000] {processor.py:157} INFO - Started process (PID=8747) to work on /home/airflow/.local/lib/python3.8/site-packages/airflow/example_dags/example_sensors.py
[2023-11-16T10:06:29.820+0000] {processor.py:829} INFO - Processing file /home/airflow/.local/lib/python3.8/site-packages/airflow/example_dags/example_sensors.py for tasks to queue
[2023-11-16T10:06:29.821+0000] {logging_mixin.py:151} INFO - [2023-11-16T10:06:29.821+0000] {dagbag.py:536} INFO - Filling up the DagBag from /home/airflow/.local/lib/python3.8/site-packages/airflow/example_dags/example_sensors.py
[2023-11-16T10:06:29.826+0000] {processor.py:839} INFO - DAG(s) dict_keys(['example_sensors']) retrieved from /home/airflow/.local/lib/python3.8/site-packages/airflow/example_dags/example_sensors.py
[2023-11-16T10:06:29.841+0000] {logging_mixin.py:151} INFO - [2023-11-16T10:06:29.841+0000] {dag.py:2941} INFO - Sync 1 DAGs
[2023-11-16T10:06:29.849+0000] {logging_mixin.py:151} INFO - [2023-11-16T10:06:29.849+0000] {dag.py:3722} INFO - Setting next_dagrun for example_sensors to None, run_after=None
[2023-11-16T10:06:29.860+0000] {processor.py:179} INFO - Processing /home/airflow/.local/lib/python3.8/site-packages/airflow/example_dags/example_sensors.py took 0.043 seconds
[2023-11-16T10:07:00.420+0000] {processor.py:157} INFO - Started process (PID=8803) to work on /home/airflow/.local/lib/python3.8/site-packages/airflow/example_dags/example_sensors.py
[2023-11-16T10:07:00.421+0000] {processor.py:829} INFO - Processing file /home/airflow/.local/lib/python3.8/site-packages/airflow/example_dags/example_sensors.py for tasks to queue
[2023-11-16T10:07:00.422+0000] {logging_mixin.py:151} INFO - [2023-11-16T10:07:00.422+0000] {dagbag.py:536} INFO - Filling up the DagBag from /home/airflow/.local/lib/python3.8/site-packages/airflow/example_dags/example_sensors.py
[2023-11-16T10:07:00.427+0000] {processor.py:839} INFO - DAG(s) dict_keys(['example_sensors']) retrieved from /home/airflow/.local/lib/python3.8/site-packages/airflow/example_dags/example_sensors.py
[2023-11-16T10:07:00.442+0000] {logging_mixin.py:151} INFO - [2023-11-16T10:07:00.441+0000] {dag.py:2941} INFO - Sync 1 DAGs
[2023-11-16T10:07:00.449+0000] {logging_mixin.py:151} INFO - [2023-11-16T10:07:00.449+0000] {dag.py:3722} INFO - Setting next_dagrun for example_sensors to None, run_after=None
[2023-11-16T10:07:00.459+0000] {processor.py:179} INFO - Processing /home/airflow/.local/lib/python3.8/site-packages/airflow/example_dags/example_sensors.py took 0.040 seconds
[2023-11-16T10:07:31.022+0000] {processor.py:157} INFO - Started process (PID=8860) to work on /home/airflow/.local/lib/python3.8/site-packages/airflow/example_dags/example_sensors.py
[2023-11-16T10:07:31.023+0000] {processor.py:829} INFO - Processing file /home/airflow/.local/lib/python3.8/site-packages/airflow/example_dags/example_sensors.py for tasks to queue
[2023-11-16T10:07:31.024+0000] {logging_mixin.py:151} INFO - [2023-11-16T10:07:31.024+0000] {dagbag.py:536} INFO - Filling up the DagBag from /home/airflow/.local/lib/python3.8/site-packages/airflow/example_dags/example_sensors.py
[2023-11-16T10:07:31.030+0000] {processor.py:839} INFO - DAG(s) dict_keys(['example_sensors']) retrieved from /home/airflow/.local/lib/python3.8/site-packages/airflow/example_dags/example_sensors.py
[2023-11-16T10:07:31.046+0000] {logging_mixin.py:151} INFO - [2023-11-16T10:07:31.046+0000] {dag.py:2941} INFO - Sync 1 DAGs
[2023-11-16T10:07:31.057+0000] {logging_mixin.py:151} INFO - [2023-11-16T10:07:31.057+0000] {dag.py:3722} INFO - Setting next_dagrun for example_sensors to None, run_after=None
[2023-11-16T10:07:31.071+0000] {processor.py:179} INFO - Processing /home/airflow/.local/lib/python3.8/site-packages/airflow/example_dags/example_sensors.py took 0.051 seconds
[2023-11-16T10:08:01.703+0000] {processor.py:157} INFO - Started process (PID=8916) to work on /home/airflow/.local/lib/python3.8/site-packages/airflow/example_dags/example_sensors.py
[2023-11-16T10:08:01.703+0000] {processor.py:829} INFO - Processing file /home/airflow/.local/lib/python3.8/site-packages/airflow/example_dags/example_sensors.py for tasks to queue
[2023-11-16T10:08:01.704+0000] {logging_mixin.py:151} INFO - [2023-11-16T10:08:01.704+0000] {dagbag.py:536} INFO - Filling up the DagBag from /home/airflow/.local/lib/python3.8/site-packages/airflow/example_dags/example_sensors.py
[2023-11-16T10:08:01.709+0000] {processor.py:839} INFO - DAG(s) dict_keys(['example_sensors']) retrieved from /home/airflow/.local/lib/python3.8/site-packages/airflow/example_dags/example_sensors.py
[2023-11-16T10:08:01.724+0000] {logging_mixin.py:151} INFO - [2023-11-16T10:08:01.724+0000] {dag.py:2941} INFO - Sync 1 DAGs
[2023-11-16T10:08:01.731+0000] {logging_mixin.py:151} INFO - [2023-11-16T10:08:01.731+0000] {dag.py:3722} INFO - Setting next_dagrun for example_sensors to None, run_after=None
[2023-11-16T10:08:01.742+0000] {processor.py:179} INFO - Processing /home/airflow/.local/lib/python3.8/site-packages/airflow/example_dags/example_sensors.py took 0.041 seconds
[2023-11-16T10:08:32.436+0000] {processor.py:157} INFO - Started process (PID=8972) to work on /home/airflow/.local/lib/python3.8/site-packages/airflow/example_dags/example_sensors.py
[2023-11-16T10:08:32.437+0000] {processor.py:829} INFO - Processing file /home/airflow/.local/lib/python3.8/site-packages/airflow/example_dags/example_sensors.py for tasks to queue
[2023-11-16T10:08:32.438+0000] {logging_mixin.py:151} INFO - [2023-11-16T10:08:32.438+0000] {dagbag.py:536} INFO - Filling up the DagBag from /home/airflow/.local/lib/python3.8/site-packages/airflow/example_dags/example_sensors.py
[2023-11-16T10:08:32.443+0000] {processor.py:839} INFO - DAG(s) dict_keys(['example_sensors']) retrieved from /home/airflow/.local/lib/python3.8/site-packages/airflow/example_dags/example_sensors.py
[2023-11-16T10:08:32.458+0000] {logging_mixin.py:151} INFO - [2023-11-16T10:08:32.457+0000] {dag.py:2941} INFO - Sync 1 DAGs
[2023-11-16T10:08:32.465+0000] {logging_mixin.py:151} INFO - [2023-11-16T10:08:32.465+0000] {dag.py:3722} INFO - Setting next_dagrun for example_sensors to None, run_after=None
[2023-11-16T10:08:32.476+0000] {processor.py:179} INFO - Processing /home/airflow/.local/lib/python3.8/site-packages/airflow/example_dags/example_sensors.py took 0.041 seconds
[2023-11-16T10:09:03.083+0000] {processor.py:157} INFO - Started process (PID=9029) to work on /home/airflow/.local/lib/python3.8/site-packages/airflow/example_dags/example_sensors.py
[2023-11-16T10:09:03.083+0000] {processor.py:829} INFO - Processing file /home/airflow/.local/lib/python3.8/site-packages/airflow/example_dags/example_sensors.py for tasks to queue
[2023-11-16T10:09:03.084+0000] {logging_mixin.py:151} INFO - [2023-11-16T10:09:03.084+0000] {dagbag.py:536} INFO - Filling up the DagBag from /home/airflow/.local/lib/python3.8/site-packages/airflow/example_dags/example_sensors.py
[2023-11-16T10:09:03.089+0000] {processor.py:839} INFO - DAG(s) dict_keys(['example_sensors']) retrieved from /home/airflow/.local/lib/python3.8/site-packages/airflow/example_dags/example_sensors.py
[2023-11-16T10:09:03.104+0000] {logging_mixin.py:151} INFO - [2023-11-16T10:09:03.104+0000] {dag.py:2941} INFO - Sync 1 DAGs
[2023-11-16T10:09:03.112+0000] {logging_mixin.py:151} INFO - [2023-11-16T10:09:03.111+0000] {dag.py:3722} INFO - Setting next_dagrun for example_sensors to None, run_after=None
[2023-11-16T10:09:03.122+0000] {processor.py:179} INFO - Processing /home/airflow/.local/lib/python3.8/site-packages/airflow/example_dags/example_sensors.py took 0.041 seconds
[2023-11-16T10:09:33.853+0000] {processor.py:157} INFO - Started process (PID=9085) to work on /home/airflow/.local/lib/python3.8/site-packages/airflow/example_dags/example_sensors.py
[2023-11-16T10:09:33.853+0000] {processor.py:829} INFO - Processing file /home/airflow/.local/lib/python3.8/site-packages/airflow/example_dags/example_sensors.py for tasks to queue
[2023-11-16T10:09:33.855+0000] {logging_mixin.py:151} INFO - [2023-11-16T10:09:33.854+0000] {dagbag.py:536} INFO - Filling up the DagBag from /home/airflow/.local/lib/python3.8/site-packages/airflow/example_dags/example_sensors.py
[2023-11-16T10:09:33.860+0000] {processor.py:839} INFO - DAG(s) dict_keys(['example_sensors']) retrieved from /home/airflow/.local/lib/python3.8/site-packages/airflow/example_dags/example_sensors.py
[2023-11-16T10:09:33.874+0000] {logging_mixin.py:151} INFO - [2023-11-16T10:09:33.874+0000] {dag.py:2941} INFO - Sync 1 DAGs
[2023-11-16T10:09:33.882+0000] {logging_mixin.py:151} INFO - [2023-11-16T10:09:33.882+0000] {dag.py:3722} INFO - Setting next_dagrun for example_sensors to None, run_after=None
[2023-11-16T10:09:33.892+0000] {processor.py:179} INFO - Processing /home/airflow/.local/lib/python3.8/site-packages/airflow/example_dags/example_sensors.py took 0.042 seconds
[2023-11-16T10:10:03.964+0000] {processor.py:157} INFO - Started process (PID=9141) to work on /home/airflow/.local/lib/python3.8/site-packages/airflow/example_dags/example_sensors.py
[2023-11-16T10:10:03.965+0000] {processor.py:829} INFO - Processing file /home/airflow/.local/lib/python3.8/site-packages/airflow/example_dags/example_sensors.py for tasks to queue
[2023-11-16T10:10:03.966+0000] {logging_mixin.py:151} INFO - [2023-11-16T10:10:03.966+0000] {dagbag.py:536} INFO - Filling up the DagBag from /home/airflow/.local/lib/python3.8/site-packages/airflow/example_dags/example_sensors.py
[2023-11-16T10:10:03.971+0000] {processor.py:839} INFO - DAG(s) dict_keys(['example_sensors']) retrieved from /home/airflow/.local/lib/python3.8/site-packages/airflow/example_dags/example_sensors.py
[2023-11-16T10:10:03.986+0000] {logging_mixin.py:151} INFO - [2023-11-16T10:10:03.986+0000] {dag.py:2941} INFO - Sync 1 DAGs
[2023-11-16T10:10:03.994+0000] {logging_mixin.py:151} INFO - [2023-11-16T10:10:03.993+0000] {dag.py:3722} INFO - Setting next_dagrun for example_sensors to None, run_after=None
[2023-11-16T10:10:04.004+0000] {processor.py:179} INFO - Processing /home/airflow/.local/lib/python3.8/site-packages/airflow/example_dags/example_sensors.py took 0.042 seconds
[2023-11-16T10:10:34.219+0000] {processor.py:157} INFO - Started process (PID=9198) to work on /home/airflow/.local/lib/python3.8/site-packages/airflow/example_dags/example_sensors.py
[2023-11-16T10:10:34.220+0000] {processor.py:829} INFO - Processing file /home/airflow/.local/lib/python3.8/site-packages/airflow/example_dags/example_sensors.py for tasks to queue
[2023-11-16T10:10:34.221+0000] {logging_mixin.py:151} INFO - [2023-11-16T10:10:34.221+0000] {dagbag.py:536} INFO - Filling up the DagBag from /home/airflow/.local/lib/python3.8/site-packages/airflow/example_dags/example_sensors.py
[2023-11-16T10:10:34.226+0000] {processor.py:839} INFO - DAG(s) dict_keys(['example_sensors']) retrieved from /home/airflow/.local/lib/python3.8/site-packages/airflow/example_dags/example_sensors.py
[2023-11-16T10:10:34.241+0000] {logging_mixin.py:151} INFO - [2023-11-16T10:10:34.241+0000] {dag.py:2941} INFO - Sync 1 DAGs
[2023-11-16T10:10:34.248+0000] {logging_mixin.py:151} INFO - [2023-11-16T10:10:34.248+0000] {dag.py:3722} INFO - Setting next_dagrun for example_sensors to None, run_after=None
[2023-11-16T10:10:34.259+0000] {processor.py:179} INFO - Processing /home/airflow/.local/lib/python3.8/site-packages/airflow/example_dags/example_sensors.py took 0.041 seconds
[2023-11-16T10:11:04.317+0000] {processor.py:157} INFO - Started process (PID=9254) to work on /home/airflow/.local/lib/python3.8/site-packages/airflow/example_dags/example_sensors.py
[2023-11-16T10:11:04.318+0000] {processor.py:829} INFO - Processing file /home/airflow/.local/lib/python3.8/site-packages/airflow/example_dags/example_sensors.py for tasks to queue
[2023-11-16T10:11:04.319+0000] {logging_mixin.py:151} INFO - [2023-11-16T10:11:04.319+0000] {dagbag.py:536} INFO - Filling up the DagBag from /home/airflow/.local/lib/python3.8/site-packages/airflow/example_dags/example_sensors.py
[2023-11-16T10:11:04.324+0000] {processor.py:839} INFO - DAG(s) dict_keys(['example_sensors']) retrieved from /home/airflow/.local/lib/python3.8/site-packages/airflow/example_dags/example_sensors.py
[2023-11-16T10:11:04.339+0000] {logging_mixin.py:151} INFO - [2023-11-16T10:11:04.339+0000] {dag.py:2941} INFO - Sync 1 DAGs
[2023-11-16T10:11:04.346+0000] {logging_mixin.py:151} INFO - [2023-11-16T10:11:04.346+0000] {dag.py:3722} INFO - Setting next_dagrun for example_sensors to None, run_after=None
[2023-11-16T10:11:04.356+0000] {processor.py:179} INFO - Processing /home/airflow/.local/lib/python3.8/site-packages/airflow/example_dags/example_sensors.py took 0.041 seconds
[2023-11-16T10:11:35.052+0000] {processor.py:157} INFO - Started process (PID=9310) to work on /home/airflow/.local/lib/python3.8/site-packages/airflow/example_dags/example_sensors.py
[2023-11-16T10:11:35.052+0000] {processor.py:829} INFO - Processing file /home/airflow/.local/lib/python3.8/site-packages/airflow/example_dags/example_sensors.py for tasks to queue
[2023-11-16T10:11:35.053+0000] {logging_mixin.py:151} INFO - [2023-11-16T10:11:35.053+0000] {dagbag.py:536} INFO - Filling up the DagBag from /home/airflow/.local/lib/python3.8/site-packages/airflow/example_dags/example_sensors.py
[2023-11-16T10:11:35.058+0000] {processor.py:839} INFO - DAG(s) dict_keys(['example_sensors']) retrieved from /home/airflow/.local/lib/python3.8/site-packages/airflow/example_dags/example_sensors.py
[2023-11-16T10:11:35.073+0000] {logging_mixin.py:151} INFO - [2023-11-16T10:11:35.073+0000] {dag.py:2941} INFO - Sync 1 DAGs
[2023-11-16T10:11:35.081+0000] {logging_mixin.py:151} INFO - [2023-11-16T10:11:35.081+0000] {dag.py:3722} INFO - Setting next_dagrun for example_sensors to None, run_after=None
[2023-11-16T10:11:35.092+0000] {processor.py:179} INFO - Processing /home/airflow/.local/lib/python3.8/site-packages/airflow/example_dags/example_sensors.py took 0.042 seconds
[2023-11-16T10:12:05.165+0000] {processor.py:157} INFO - Started process (PID=9367) to work on /home/airflow/.local/lib/python3.8/site-packages/airflow/example_dags/example_sensors.py
[2023-11-16T10:12:05.165+0000] {processor.py:829} INFO - Processing file /home/airflow/.local/lib/python3.8/site-packages/airflow/example_dags/example_sensors.py for tasks to queue
[2023-11-16T10:12:05.166+0000] {logging_mixin.py:151} INFO - [2023-11-16T10:12:05.166+0000] {dagbag.py:536} INFO - Filling up the DagBag from /home/airflow/.local/lib/python3.8/site-packages/airflow/example_dags/example_sensors.py
[2023-11-16T10:12:05.171+0000] {processor.py:839} INFO - DAG(s) dict_keys(['example_sensors']) retrieved from /home/airflow/.local/lib/python3.8/site-packages/airflow/example_dags/example_sensors.py
[2023-11-16T10:12:05.187+0000] {logging_mixin.py:151} INFO - [2023-11-16T10:12:05.187+0000] {dag.py:2941} INFO - Sync 1 DAGs
[2023-11-16T10:12:05.195+0000] {logging_mixin.py:151} INFO - [2023-11-16T10:12:05.195+0000] {dag.py:3722} INFO - Setting next_dagrun for example_sensors to None, run_after=None
[2023-11-16T10:12:05.313+0000] {processor.py:179} INFO - Processing /home/airflow/.local/lib/python3.8/site-packages/airflow/example_dags/example_sensors.py took 0.151 seconds
[2023-11-16T10:12:36.162+0000] {processor.py:157} INFO - Started process (PID=9424) to work on /home/airflow/.local/lib/python3.8/site-packages/airflow/example_dags/example_sensors.py
[2023-11-16T10:12:36.162+0000] {processor.py:829} INFO - Processing file /home/airflow/.local/lib/python3.8/site-packages/airflow/example_dags/example_sensors.py for tasks to queue
[2023-11-16T10:12:36.163+0000] {logging_mixin.py:151} INFO - [2023-11-16T10:12:36.163+0000] {dagbag.py:536} INFO - Filling up the DagBag from /home/airflow/.local/lib/python3.8/site-packages/airflow/example_dags/example_sensors.py
[2023-11-16T10:12:36.168+0000] {processor.py:839} INFO - DAG(s) dict_keys(['example_sensors']) retrieved from /home/airflow/.local/lib/python3.8/site-packages/airflow/example_dags/example_sensors.py
[2023-11-16T10:12:36.183+0000] {logging_mixin.py:151} INFO - [2023-11-16T10:12:36.183+0000] {dag.py:2941} INFO - Sync 1 DAGs
[2023-11-16T10:12:36.190+0000] {logging_mixin.py:151} INFO - [2023-11-16T10:12:36.190+0000] {dag.py:3722} INFO - Setting next_dagrun for example_sensors to None, run_after=None
[2023-11-16T10:12:36.200+0000] {processor.py:179} INFO - Processing /home/airflow/.local/lib/python3.8/site-packages/airflow/example_dags/example_sensors.py took 0.040 seconds
[2023-11-16T10:13:06.575+0000] {processor.py:157} INFO - Started process (PID=9481) to work on /home/airflow/.local/lib/python3.8/site-packages/airflow/example_dags/example_sensors.py
[2023-11-16T10:13:06.576+0000] {processor.py:829} INFO - Processing file /home/airflow/.local/lib/python3.8/site-packages/airflow/example_dags/example_sensors.py for tasks to queue
[2023-11-16T10:13:06.577+0000] {logging_mixin.py:151} INFO - [2023-11-16T10:13:06.577+0000] {dagbag.py:536} INFO - Filling up the DagBag from /home/airflow/.local/lib/python3.8/site-packages/airflow/example_dags/example_sensors.py
[2023-11-16T10:13:06.582+0000] {processor.py:839} INFO - DAG(s) dict_keys(['example_sensors']) retrieved from /home/airflow/.local/lib/python3.8/site-packages/airflow/example_dags/example_sensors.py
[2023-11-16T10:13:06.596+0000] {logging_mixin.py:151} INFO - [2023-11-16T10:13:06.596+0000] {dag.py:2941} INFO - Sync 1 DAGs
[2023-11-16T10:13:06.604+0000] {logging_mixin.py:151} INFO - [2023-11-16T10:13:06.604+0000] {dag.py:3722} INFO - Setting next_dagrun for example_sensors to None, run_after=None
[2023-11-16T10:13:06.614+0000] {processor.py:179} INFO - Processing /home/airflow/.local/lib/python3.8/site-packages/airflow/example_dags/example_sensors.py took 0.040 seconds
[2023-11-16T10:13:37.427+0000] {processor.py:157} INFO - Started process (PID=9537) to work on /home/airflow/.local/lib/python3.8/site-packages/airflow/example_dags/example_sensors.py
[2023-11-16T10:13:37.427+0000] {processor.py:829} INFO - Processing file /home/airflow/.local/lib/python3.8/site-packages/airflow/example_dags/example_sensors.py for tasks to queue
[2023-11-16T10:13:37.429+0000] {logging_mixin.py:151} INFO - [2023-11-16T10:13:37.428+0000] {dagbag.py:536} INFO - Filling up the DagBag from /home/airflow/.local/lib/python3.8/site-packages/airflow/example_dags/example_sensors.py
[2023-11-16T10:13:37.434+0000] {processor.py:839} INFO - DAG(s) dict_keys(['example_sensors']) retrieved from /home/airflow/.local/lib/python3.8/site-packages/airflow/example_dags/example_sensors.py
[2023-11-16T10:13:37.448+0000] {logging_mixin.py:151} INFO - [2023-11-16T10:13:37.448+0000] {dag.py:2941} INFO - Sync 1 DAGs
[2023-11-16T10:13:37.456+0000] {logging_mixin.py:151} INFO - [2023-11-16T10:13:37.456+0000] {dag.py:3722} INFO - Setting next_dagrun for example_sensors to None, run_after=None
[2023-11-16T10:13:37.466+0000] {processor.py:179} INFO - Processing /home/airflow/.local/lib/python3.8/site-packages/airflow/example_dags/example_sensors.py took 0.041 seconds
[2023-11-16T10:14:07.834+0000] {processor.py:157} INFO - Started process (PID=9593) to work on /home/airflow/.local/lib/python3.8/site-packages/airflow/example_dags/example_sensors.py
[2023-11-16T10:14:07.834+0000] {processor.py:829} INFO - Processing file /home/airflow/.local/lib/python3.8/site-packages/airflow/example_dags/example_sensors.py for tasks to queue
[2023-11-16T10:14:07.835+0000] {logging_mixin.py:151} INFO - [2023-11-16T10:14:07.835+0000] {dagbag.py:536} INFO - Filling up the DagBag from /home/airflow/.local/lib/python3.8/site-packages/airflow/example_dags/example_sensors.py
[2023-11-16T10:14:07.840+0000] {processor.py:839} INFO - DAG(s) dict_keys(['example_sensors']) retrieved from /home/airflow/.local/lib/python3.8/site-packages/airflow/example_dags/example_sensors.py
[2023-11-16T10:14:07.944+0000] {logging_mixin.py:151} INFO - [2023-11-16T10:14:07.944+0000] {dag.py:2941} INFO - Sync 1 DAGs
[2023-11-16T10:14:07.950+0000] {logging_mixin.py:151} INFO - [2023-11-16T10:14:07.950+0000] {dag.py:3722} INFO - Setting next_dagrun for example_sensors to None, run_after=None
[2023-11-16T10:14:07.962+0000] {processor.py:179} INFO - Processing /home/airflow/.local/lib/python3.8/site-packages/airflow/example_dags/example_sensors.py took 0.130 seconds
[2023-11-16T10:14:38.073+0000] {processor.py:157} INFO - Started process (PID=9650) to work on /home/airflow/.local/lib/python3.8/site-packages/airflow/example_dags/example_sensors.py
[2023-11-16T10:14:38.073+0000] {processor.py:829} INFO - Processing file /home/airflow/.local/lib/python3.8/site-packages/airflow/example_dags/example_sensors.py for tasks to queue
[2023-11-16T10:14:38.074+0000] {logging_mixin.py:151} INFO - [2023-11-16T10:14:38.074+0000] {dagbag.py:536} INFO - Filling up the DagBag from /home/airflow/.local/lib/python3.8/site-packages/airflow/example_dags/example_sensors.py
[2023-11-16T10:14:38.079+0000] {processor.py:839} INFO - DAG(s) dict_keys(['example_sensors']) retrieved from /home/airflow/.local/lib/python3.8/site-packages/airflow/example_dags/example_sensors.py
[2023-11-16T10:14:38.094+0000] {logging_mixin.py:151} INFO - [2023-11-16T10:14:38.094+0000] {dag.py:2941} INFO - Sync 1 DAGs
[2023-11-16T10:14:38.190+0000] {logging_mixin.py:151} INFO - [2023-11-16T10:14:38.190+0000] {dag.py:3722} INFO - Setting next_dagrun for example_sensors to None, run_after=None
[2023-11-16T10:14:38.202+0000] {processor.py:179} INFO - Processing /home/airflow/.local/lib/python3.8/site-packages/airflow/example_dags/example_sensors.py took 0.132 seconds
[2023-11-16T10:15:09.190+0000] {processor.py:157} INFO - Started process (PID=9706) to work on /home/airflow/.local/lib/python3.8/site-packages/airflow/example_dags/example_sensors.py
[2023-11-16T10:15:09.191+0000] {processor.py:829} INFO - Processing file /home/airflow/.local/lib/python3.8/site-packages/airflow/example_dags/example_sensors.py for tasks to queue
[2023-11-16T10:15:09.192+0000] {logging_mixin.py:151} INFO - [2023-11-16T10:15:09.192+0000] {dagbag.py:536} INFO - Filling up the DagBag from /home/airflow/.local/lib/python3.8/site-packages/airflow/example_dags/example_sensors.py
[2023-11-16T10:15:09.197+0000] {processor.py:839} INFO - DAG(s) dict_keys(['example_sensors']) retrieved from /home/airflow/.local/lib/python3.8/site-packages/airflow/example_dags/example_sensors.py
[2023-11-16T10:15:09.211+0000] {logging_mixin.py:151} INFO - [2023-11-16T10:15:09.211+0000] {dag.py:2941} INFO - Sync 1 DAGs
[2023-11-16T10:15:09.219+0000] {logging_mixin.py:151} INFO - [2023-11-16T10:15:09.219+0000] {dag.py:3722} INFO - Setting next_dagrun for example_sensors to None, run_after=None
[2023-11-16T10:15:09.230+0000] {processor.py:179} INFO - Processing /home/airflow/.local/lib/python3.8/site-packages/airflow/example_dags/example_sensors.py took 0.042 seconds
[2023-11-16T10:15:39.858+0000] {processor.py:157} INFO - Started process (PID=9763) to work on /home/airflow/.local/lib/python3.8/site-packages/airflow/example_dags/example_sensors.py
[2023-11-16T10:15:39.861+0000] {processor.py:829} INFO - Processing file /home/airflow/.local/lib/python3.8/site-packages/airflow/example_dags/example_sensors.py for tasks to queue
[2023-11-16T10:15:39.863+0000] {logging_mixin.py:151} INFO - [2023-11-16T10:15:39.863+0000] {dagbag.py:536} INFO - Filling up the DagBag from /home/airflow/.local/lib/python3.8/site-packages/airflow/example_dags/example_sensors.py
[2023-11-16T10:15:39.872+0000] {processor.py:839} INFO - DAG(s) dict_keys(['example_sensors']) retrieved from /home/airflow/.local/lib/python3.8/site-packages/airflow/example_dags/example_sensors.py
[2023-11-16T10:15:39.888+0000] {logging_mixin.py:151} INFO - [2023-11-16T10:15:39.888+0000] {dag.py:2941} INFO - Sync 1 DAGs
[2023-11-16T10:15:39.896+0000] {logging_mixin.py:151} INFO - [2023-11-16T10:15:39.895+0000] {dag.py:3722} INFO - Setting next_dagrun for example_sensors to None, run_after=None
[2023-11-16T10:15:39.906+0000] {processor.py:179} INFO - Processing /home/airflow/.local/lib/python3.8/site-packages/airflow/example_dags/example_sensors.py took 0.050 seconds
[2023-11-16T10:16:10.428+0000] {processor.py:157} INFO - Started process (PID=9819) to work on /home/airflow/.local/lib/python3.8/site-packages/airflow/example_dags/example_sensors.py
[2023-11-16T10:16:10.431+0000] {processor.py:829} INFO - Processing file /home/airflow/.local/lib/python3.8/site-packages/airflow/example_dags/example_sensors.py for tasks to queue
[2023-11-16T10:16:10.432+0000] {logging_mixin.py:151} INFO - [2023-11-16T10:16:10.432+0000] {dagbag.py:536} INFO - Filling up the DagBag from /home/airflow/.local/lib/python3.8/site-packages/airflow/example_dags/example_sensors.py
[2023-11-16T10:16:10.437+0000] {processor.py:839} INFO - DAG(s) dict_keys(['example_sensors']) retrieved from /home/airflow/.local/lib/python3.8/site-packages/airflow/example_dags/example_sensors.py
[2023-11-16T10:16:10.458+0000] {logging_mixin.py:151} INFO - [2023-11-16T10:16:10.458+0000] {dag.py:2941} INFO - Sync 1 DAGs
[2023-11-16T10:16:10.470+0000] {logging_mixin.py:151} INFO - [2023-11-16T10:16:10.470+0000] {dag.py:3722} INFO - Setting next_dagrun for example_sensors to None, run_after=None
[2023-11-16T10:16:10.486+0000] {processor.py:179} INFO - Processing /home/airflow/.local/lib/python3.8/site-packages/airflow/example_dags/example_sensors.py took 0.059 seconds
[2023-11-16T10:16:40.989+0000] {processor.py:157} INFO - Started process (PID=9875) to work on /home/airflow/.local/lib/python3.8/site-packages/airflow/example_dags/example_sensors.py
[2023-11-16T10:16:40.990+0000] {processor.py:829} INFO - Processing file /home/airflow/.local/lib/python3.8/site-packages/airflow/example_dags/example_sensors.py for tasks to queue
[2023-11-16T10:16:40.991+0000] {logging_mixin.py:151} INFO - [2023-11-16T10:16:40.991+0000] {dagbag.py:536} INFO - Filling up the DagBag from /home/airflow/.local/lib/python3.8/site-packages/airflow/example_dags/example_sensors.py
[2023-11-16T10:16:40.996+0000] {processor.py:839} INFO - DAG(s) dict_keys(['example_sensors']) retrieved from /home/airflow/.local/lib/python3.8/site-packages/airflow/example_dags/example_sensors.py
[2023-11-16T10:16:41.012+0000] {logging_mixin.py:151} INFO - [2023-11-16T10:16:41.012+0000] {dag.py:2941} INFO - Sync 1 DAGs
[2023-11-16T10:16:41.020+0000] {logging_mixin.py:151} INFO - [2023-11-16T10:16:41.020+0000] {dag.py:3722} INFO - Setting next_dagrun for example_sensors to None, run_after=None
[2023-11-16T10:16:41.032+0000] {processor.py:179} INFO - Processing /home/airflow/.local/lib/python3.8/site-packages/airflow/example_dags/example_sensors.py took 0.045 seconds
[2023-11-16T10:17:11.652+0000] {processor.py:157} INFO - Started process (PID=9931) to work on /home/airflow/.local/lib/python3.8/site-packages/airflow/example_dags/example_sensors.py
[2023-11-16T10:17:11.653+0000] {processor.py:829} INFO - Processing file /home/airflow/.local/lib/python3.8/site-packages/airflow/example_dags/example_sensors.py for tasks to queue
[2023-11-16T10:17:11.654+0000] {logging_mixin.py:151} INFO - [2023-11-16T10:17:11.654+0000] {dagbag.py:536} INFO - Filling up the DagBag from /home/airflow/.local/lib/python3.8/site-packages/airflow/example_dags/example_sensors.py
[2023-11-16T10:17:11.659+0000] {processor.py:839} INFO - DAG(s) dict_keys(['example_sensors']) retrieved from /home/airflow/.local/lib/python3.8/site-packages/airflow/example_dags/example_sensors.py
[2023-11-16T10:17:11.674+0000] {logging_mixin.py:151} INFO - [2023-11-16T10:17:11.674+0000] {dag.py:2941} INFO - Sync 1 DAGs
[2023-11-16T10:17:11.681+0000] {logging_mixin.py:151} INFO - [2023-11-16T10:17:11.681+0000] {dag.py:3722} INFO - Setting next_dagrun for example_sensors to None, run_after=None
[2023-11-16T10:17:11.692+0000] {processor.py:179} INFO - Processing /home/airflow/.local/lib/python3.8/site-packages/airflow/example_dags/example_sensors.py took 0.043 seconds
[2023-11-16T10:17:42.257+0000] {processor.py:157} INFO - Started process (PID=9987) to work on /home/airflow/.local/lib/python3.8/site-packages/airflow/example_dags/example_sensors.py
[2023-11-16T10:17:42.260+0000] {processor.py:829} INFO - Processing file /home/airflow/.local/lib/python3.8/site-packages/airflow/example_dags/example_sensors.py for tasks to queue
[2023-11-16T10:17:42.262+0000] {logging_mixin.py:151} INFO - [2023-11-16T10:17:42.262+0000] {dagbag.py:536} INFO - Filling up the DagBag from /home/airflow/.local/lib/python3.8/site-packages/airflow/example_dags/example_sensors.py
[2023-11-16T10:17:42.268+0000] {processor.py:839} INFO - DAG(s) dict_keys(['example_sensors']) retrieved from /home/airflow/.local/lib/python3.8/site-packages/airflow/example_dags/example_sensors.py
[2023-11-16T10:17:42.284+0000] {logging_mixin.py:151} INFO - [2023-11-16T10:17:42.284+0000] {dag.py:2941} INFO - Sync 1 DAGs
[2023-11-16T10:17:42.292+0000] {logging_mixin.py:151} INFO - [2023-11-16T10:17:42.292+0000] {dag.py:3722} INFO - Setting next_dagrun for example_sensors to None, run_after=None
[2023-11-16T10:17:42.303+0000] {processor.py:179} INFO - Processing /home/airflow/.local/lib/python3.8/site-packages/airflow/example_dags/example_sensors.py took 0.048 seconds
[2023-11-16T10:18:12.894+0000] {processor.py:157} INFO - Started process (PID=10043) to work on /home/airflow/.local/lib/python3.8/site-packages/airflow/example_dags/example_sensors.py
[2023-11-16T10:18:12.897+0000] {processor.py:829} INFO - Processing file /home/airflow/.local/lib/python3.8/site-packages/airflow/example_dags/example_sensors.py for tasks to queue
[2023-11-16T10:18:12.898+0000] {logging_mixin.py:151} INFO - [2023-11-16T10:18:12.898+0000] {dagbag.py:536} INFO - Filling up the DagBag from /home/airflow/.local/lib/python3.8/site-packages/airflow/example_dags/example_sensors.py
[2023-11-16T10:18:12.907+0000] {processor.py:839} INFO - DAG(s) dict_keys(['example_sensors']) retrieved from /home/airflow/.local/lib/python3.8/site-packages/airflow/example_dags/example_sensors.py
[2023-11-16T10:18:12.924+0000] {logging_mixin.py:151} INFO - [2023-11-16T10:18:12.924+0000] {dag.py:2941} INFO - Sync 1 DAGs
[2023-11-16T10:18:12.931+0000] {logging_mixin.py:151} INFO - [2023-11-16T10:18:12.931+0000] {dag.py:3722} INFO - Setting next_dagrun for example_sensors to None, run_after=None
[2023-11-16T10:18:12.942+0000] {processor.py:179} INFO - Processing /home/airflow/.local/lib/python3.8/site-packages/airflow/example_dags/example_sensors.py took 0.051 seconds
[2023-11-16T10:18:43.530+0000] {processor.py:157} INFO - Started process (PID=10099) to work on /home/airflow/.local/lib/python3.8/site-packages/airflow/example_dags/example_sensors.py
[2023-11-16T10:18:43.533+0000] {processor.py:829} INFO - Processing file /home/airflow/.local/lib/python3.8/site-packages/airflow/example_dags/example_sensors.py for tasks to queue
[2023-11-16T10:18:43.534+0000] {logging_mixin.py:151} INFO - [2023-11-16T10:18:43.534+0000] {dagbag.py:536} INFO - Filling up the DagBag from /home/airflow/.local/lib/python3.8/site-packages/airflow/example_dags/example_sensors.py
[2023-11-16T10:18:43.541+0000] {processor.py:839} INFO - DAG(s) dict_keys(['example_sensors']) retrieved from /home/airflow/.local/lib/python3.8/site-packages/airflow/example_dags/example_sensors.py
[2023-11-16T10:18:43.556+0000] {logging_mixin.py:151} INFO - [2023-11-16T10:18:43.556+0000] {dag.py:2941} INFO - Sync 1 DAGs
[2023-11-16T10:18:43.564+0000] {logging_mixin.py:151} INFO - [2023-11-16T10:18:43.564+0000] {dag.py:3722} INFO - Setting next_dagrun for example_sensors to None, run_after=None
[2023-11-16T10:18:43.575+0000] {processor.py:179} INFO - Processing /home/airflow/.local/lib/python3.8/site-packages/airflow/example_dags/example_sensors.py took 0.046 seconds
[2023-11-16T10:19:14.243+0000] {processor.py:157} INFO - Started process (PID=10155) to work on /home/airflow/.local/lib/python3.8/site-packages/airflow/example_dags/example_sensors.py
[2023-11-16T10:19:14.243+0000] {processor.py:829} INFO - Processing file /home/airflow/.local/lib/python3.8/site-packages/airflow/example_dags/example_sensors.py for tasks to queue
[2023-11-16T10:19:14.245+0000] {logging_mixin.py:151} INFO - [2023-11-16T10:19:14.245+0000] {dagbag.py:536} INFO - Filling up the DagBag from /home/airflow/.local/lib/python3.8/site-packages/airflow/example_dags/example_sensors.py
[2023-11-16T10:19:14.251+0000] {processor.py:839} INFO - DAG(s) dict_keys(['example_sensors']) retrieved from /home/airflow/.local/lib/python3.8/site-packages/airflow/example_dags/example_sensors.py
[2023-11-16T10:19:14.266+0000] {logging_mixin.py:151} INFO - [2023-11-16T10:19:14.266+0000] {dag.py:2941} INFO - Sync 1 DAGs
[2023-11-16T10:19:14.274+0000] {logging_mixin.py:151} INFO - [2023-11-16T10:19:14.274+0000] {dag.py:3722} INFO - Setting next_dagrun for example_sensors to None, run_after=None
[2023-11-16T10:19:14.285+0000] {processor.py:179} INFO - Processing /home/airflow/.local/lib/python3.8/site-packages/airflow/example_dags/example_sensors.py took 0.045 seconds
[2023-11-16T10:19:44.983+0000] {processor.py:157} INFO - Started process (PID=10211) to work on /home/airflow/.local/lib/python3.8/site-packages/airflow/example_dags/example_sensors.py
[2023-11-16T10:19:44.983+0000] {processor.py:829} INFO - Processing file /home/airflow/.local/lib/python3.8/site-packages/airflow/example_dags/example_sensors.py for tasks to queue
[2023-11-16T10:19:44.984+0000] {logging_mixin.py:151} INFO - [2023-11-16T10:19:44.984+0000] {dagbag.py:536} INFO - Filling up the DagBag from /home/airflow/.local/lib/python3.8/site-packages/airflow/example_dags/example_sensors.py
[2023-11-16T10:19:44.991+0000] {processor.py:839} INFO - DAG(s) dict_keys(['example_sensors']) retrieved from /home/airflow/.local/lib/python3.8/site-packages/airflow/example_dags/example_sensors.py
[2023-11-16T10:19:45.005+0000] {logging_mixin.py:151} INFO - [2023-11-16T10:19:45.005+0000] {dag.py:2941} INFO - Sync 1 DAGs
[2023-11-16T10:19:45.012+0000] {logging_mixin.py:151} INFO - [2023-11-16T10:19:45.012+0000] {dag.py:3722} INFO - Setting next_dagrun for example_sensors to None, run_after=None
[2023-11-16T10:19:45.023+0000] {processor.py:179} INFO - Processing /home/airflow/.local/lib/python3.8/site-packages/airflow/example_dags/example_sensors.py took 0.042 seconds
[2023-11-16T10:20:15.688+0000] {processor.py:157} INFO - Started process (PID=10267) to work on /home/airflow/.local/lib/python3.8/site-packages/airflow/example_dags/example_sensors.py
[2023-11-16T10:20:15.690+0000] {processor.py:829} INFO - Processing file /home/airflow/.local/lib/python3.8/site-packages/airflow/example_dags/example_sensors.py for tasks to queue
[2023-11-16T10:20:15.692+0000] {logging_mixin.py:151} INFO - [2023-11-16T10:20:15.692+0000] {dagbag.py:536} INFO - Filling up the DagBag from /home/airflow/.local/lib/python3.8/site-packages/airflow/example_dags/example_sensors.py
[2023-11-16T10:20:15.701+0000] {processor.py:839} INFO - DAG(s) dict_keys(['example_sensors']) retrieved from /home/airflow/.local/lib/python3.8/site-packages/airflow/example_dags/example_sensors.py
[2023-11-16T10:20:15.717+0000] {logging_mixin.py:151} INFO - [2023-11-16T10:20:15.716+0000] {dag.py:2941} INFO - Sync 1 DAGs
[2023-11-16T10:20:15.724+0000] {logging_mixin.py:151} INFO - [2023-11-16T10:20:15.724+0000] {dag.py:3722} INFO - Setting next_dagrun for example_sensors to None, run_after=None
[2023-11-16T10:20:15.735+0000] {processor.py:179} INFO - Processing /home/airflow/.local/lib/python3.8/site-packages/airflow/example_dags/example_sensors.py took 0.051 seconds
[2023-11-16T10:20:46.363+0000] {processor.py:157} INFO - Started process (PID=10323) to work on /home/airflow/.local/lib/python3.8/site-packages/airflow/example_dags/example_sensors.py
[2023-11-16T10:20:46.363+0000] {processor.py:829} INFO - Processing file /home/airflow/.local/lib/python3.8/site-packages/airflow/example_dags/example_sensors.py for tasks to queue
[2023-11-16T10:20:46.364+0000] {logging_mixin.py:151} INFO - [2023-11-16T10:20:46.364+0000] {dagbag.py:536} INFO - Filling up the DagBag from /home/airflow/.local/lib/python3.8/site-packages/airflow/example_dags/example_sensors.py
[2023-11-16T10:20:46.370+0000] {processor.py:839} INFO - DAG(s) dict_keys(['example_sensors']) retrieved from /home/airflow/.local/lib/python3.8/site-packages/airflow/example_dags/example_sensors.py
[2023-11-16T10:20:46.386+0000] {logging_mixin.py:151} INFO - [2023-11-16T10:20:46.385+0000] {dag.py:2941} INFO - Sync 1 DAGs
[2023-11-16T10:20:46.393+0000] {logging_mixin.py:151} INFO - [2023-11-16T10:20:46.393+0000] {dag.py:3722} INFO - Setting next_dagrun for example_sensors to None, run_after=None
[2023-11-16T10:20:46.404+0000] {processor.py:179} INFO - Processing /home/airflow/.local/lib/python3.8/site-packages/airflow/example_dags/example_sensors.py took 0.043 seconds
