[2023-11-16T09:44:20.906+0000] {processor.py:157} INFO - Started process (PID=6314) to work on /home/airflow/.local/lib/python3.8/site-packages/airflow/example_dags/example_sensor_decorator.py
[2023-11-16T09:44:20.906+0000] {processor.py:829} INFO - Processing file /home/airflow/.local/lib/python3.8/site-packages/airflow/example_dags/example_sensor_decorator.py for tasks to queue
[2023-11-16T09:44:20.908+0000] {logging_mixin.py:151} INFO - [2023-11-16T09:44:20.907+0000] {dagbag.py:536} INFO - Filling up the DagBag from /home/airflow/.local/lib/python3.8/site-packages/airflow/example_dags/example_sensor_decorator.py
[2023-11-16T09:44:20.912+0000] {processor.py:839} INFO - DAG(s) dict_keys(['example_sensor_decorator']) retrieved from /home/airflow/.local/lib/python3.8/site-packages/airflow/example_dags/example_sensor_decorator.py
[2023-11-16T09:44:20.928+0000] {logging_mixin.py:151} INFO - [2023-11-16T09:44:20.928+0000] {dag.py:2941} INFO - Sync 1 DAGs
[2023-11-16T09:44:20.940+0000] {logging_mixin.py:151} INFO - [2023-11-16T09:44:20.940+0000] {dag.py:3722} INFO - Setting next_dagrun for example_sensor_decorator to None, run_after=None
[2023-11-16T09:44:20.959+0000] {processor.py:179} INFO - Processing /home/airflow/.local/lib/python3.8/site-packages/airflow/example_dags/example_sensor_decorator.py took 0.056 seconds
[2023-11-16T09:44:51.080+0000] {processor.py:157} INFO - Started process (PID=6370) to work on /home/airflow/.local/lib/python3.8/site-packages/airflow/example_dags/example_sensor_decorator.py
[2023-11-16T09:44:51.081+0000] {processor.py:829} INFO - Processing file /home/airflow/.local/lib/python3.8/site-packages/airflow/example_dags/example_sensor_decorator.py for tasks to queue
[2023-11-16T09:44:51.082+0000] {logging_mixin.py:151} INFO - [2023-11-16T09:44:51.082+0000] {dagbag.py:536} INFO - Filling up the DagBag from /home/airflow/.local/lib/python3.8/site-packages/airflow/example_dags/example_sensor_decorator.py
[2023-11-16T09:44:51.087+0000] {processor.py:839} INFO - DAG(s) dict_keys(['example_sensor_decorator']) retrieved from /home/airflow/.local/lib/python3.8/site-packages/airflow/example_dags/example_sensor_decorator.py
[2023-11-16T09:44:51.100+0000] {logging_mixin.py:151} INFO - [2023-11-16T09:44:51.100+0000] {dag.py:2941} INFO - Sync 1 DAGs
[2023-11-16T09:44:51.111+0000] {logging_mixin.py:151} INFO - [2023-11-16T09:44:51.111+0000] {dag.py:3722} INFO - Setting next_dagrun for example_sensor_decorator to None, run_after=None
[2023-11-16T09:44:51.125+0000] {processor.py:179} INFO - Processing /home/airflow/.local/lib/python3.8/site-packages/airflow/example_dags/example_sensor_decorator.py took 0.047 seconds
[2023-11-16T09:45:21.181+0000] {processor.py:157} INFO - Started process (PID=6426) to work on /home/airflow/.local/lib/python3.8/site-packages/airflow/example_dags/example_sensor_decorator.py
[2023-11-16T09:45:21.181+0000] {processor.py:829} INFO - Processing file /home/airflow/.local/lib/python3.8/site-packages/airflow/example_dags/example_sensor_decorator.py for tasks to queue
[2023-11-16T09:45:21.183+0000] {logging_mixin.py:151} INFO - [2023-11-16T09:45:21.182+0000] {dagbag.py:536} INFO - Filling up the DagBag from /home/airflow/.local/lib/python3.8/site-packages/airflow/example_dags/example_sensor_decorator.py
[2023-11-16T09:45:21.186+0000] {processor.py:839} INFO - DAG(s) dict_keys(['example_sensor_decorator']) retrieved from /home/airflow/.local/lib/python3.8/site-packages/airflow/example_dags/example_sensor_decorator.py
[2023-11-16T09:45:21.200+0000] {logging_mixin.py:151} INFO - [2023-11-16T09:45:21.200+0000] {dag.py:2941} INFO - Sync 1 DAGs
[2023-11-16T09:45:21.208+0000] {logging_mixin.py:151} INFO - [2023-11-16T09:45:21.208+0000] {dag.py:3722} INFO - Setting next_dagrun for example_sensor_decorator to None, run_after=None
[2023-11-16T09:45:21.221+0000] {processor.py:179} INFO - Processing /home/airflow/.local/lib/python3.8/site-packages/airflow/example_dags/example_sensor_decorator.py took 0.042 seconds
[2023-11-16T09:45:51.349+0000] {processor.py:157} INFO - Started process (PID=6484) to work on /home/airflow/.local/lib/python3.8/site-packages/airflow/example_dags/example_sensor_decorator.py
[2023-11-16T09:45:51.350+0000] {processor.py:829} INFO - Processing file /home/airflow/.local/lib/python3.8/site-packages/airflow/example_dags/example_sensor_decorator.py for tasks to queue
[2023-11-16T09:45:51.351+0000] {logging_mixin.py:151} INFO - [2023-11-16T09:45:51.351+0000] {dagbag.py:536} INFO - Filling up the DagBag from /home/airflow/.local/lib/python3.8/site-packages/airflow/example_dags/example_sensor_decorator.py
[2023-11-16T09:45:51.355+0000] {processor.py:839} INFO - DAG(s) dict_keys(['example_sensor_decorator']) retrieved from /home/airflow/.local/lib/python3.8/site-packages/airflow/example_dags/example_sensor_decorator.py
[2023-11-16T09:45:51.368+0000] {logging_mixin.py:151} INFO - [2023-11-16T09:45:51.367+0000] {dag.py:2941} INFO - Sync 1 DAGs
[2023-11-16T09:45:51.376+0000] {logging_mixin.py:151} INFO - [2023-11-16T09:45:51.376+0000] {dag.py:3722} INFO - Setting next_dagrun for example_sensor_decorator to None, run_after=None
[2023-11-16T09:45:51.392+0000] {processor.py:179} INFO - Processing /home/airflow/.local/lib/python3.8/site-packages/airflow/example_dags/example_sensor_decorator.py took 0.045 seconds
[2023-11-16T09:46:21.524+0000] {processor.py:157} INFO - Started process (PID=6539) to work on /home/airflow/.local/lib/python3.8/site-packages/airflow/example_dags/example_sensor_decorator.py
[2023-11-16T09:46:21.525+0000] {processor.py:829} INFO - Processing file /home/airflow/.local/lib/python3.8/site-packages/airflow/example_dags/example_sensor_decorator.py for tasks to queue
[2023-11-16T09:46:21.526+0000] {logging_mixin.py:151} INFO - [2023-11-16T09:46:21.526+0000] {dagbag.py:536} INFO - Filling up the DagBag from /home/airflow/.local/lib/python3.8/site-packages/airflow/example_dags/example_sensor_decorator.py
[2023-11-16T09:46:21.530+0000] {processor.py:839} INFO - DAG(s) dict_keys(['example_sensor_decorator']) retrieved from /home/airflow/.local/lib/python3.8/site-packages/airflow/example_dags/example_sensor_decorator.py
[2023-11-16T09:46:21.544+0000] {logging_mixin.py:151} INFO - [2023-11-16T09:46:21.544+0000] {dag.py:2941} INFO - Sync 1 DAGs
[2023-11-16T09:46:21.552+0000] {logging_mixin.py:151} INFO - [2023-11-16T09:46:21.552+0000] {dag.py:3722} INFO - Setting next_dagrun for example_sensor_decorator to None, run_after=None
[2023-11-16T09:46:21.565+0000] {processor.py:179} INFO - Processing /home/airflow/.local/lib/python3.8/site-packages/airflow/example_dags/example_sensor_decorator.py took 0.043 seconds
[2023-11-16T09:46:52.599+0000] {processor.py:157} INFO - Started process (PID=6595) to work on /home/airflow/.local/lib/python3.8/site-packages/airflow/example_dags/example_sensor_decorator.py
[2023-11-16T09:46:52.600+0000] {processor.py:829} INFO - Processing file /home/airflow/.local/lib/python3.8/site-packages/airflow/example_dags/example_sensor_decorator.py for tasks to queue
[2023-11-16T09:46:52.601+0000] {logging_mixin.py:151} INFO - [2023-11-16T09:46:52.601+0000] {dagbag.py:536} INFO - Filling up the DagBag from /home/airflow/.local/lib/python3.8/site-packages/airflow/example_dags/example_sensor_decorator.py
[2023-11-16T09:46:52.604+0000] {processor.py:839} INFO - DAG(s) dict_keys(['example_sensor_decorator']) retrieved from /home/airflow/.local/lib/python3.8/site-packages/airflow/example_dags/example_sensor_decorator.py
[2023-11-16T09:46:52.616+0000] {logging_mixin.py:151} INFO - [2023-11-16T09:46:52.616+0000] {dag.py:2941} INFO - Sync 1 DAGs
[2023-11-16T09:46:52.623+0000] {logging_mixin.py:151} INFO - [2023-11-16T09:46:52.623+0000] {dag.py:3722} INFO - Setting next_dagrun for example_sensor_decorator to None, run_after=None
[2023-11-16T09:46:52.633+0000] {processor.py:179} INFO - Processing /home/airflow/.local/lib/python3.8/site-packages/airflow/example_dags/example_sensor_decorator.py took 0.036 seconds
[2023-11-16T09:47:22.759+0000] {processor.py:157} INFO - Started process (PID=6651) to work on /home/airflow/.local/lib/python3.8/site-packages/airflow/example_dags/example_sensor_decorator.py
[2023-11-16T09:47:22.759+0000] {processor.py:829} INFO - Processing file /home/airflow/.local/lib/python3.8/site-packages/airflow/example_dags/example_sensor_decorator.py for tasks to queue
[2023-11-16T09:47:22.761+0000] {logging_mixin.py:151} INFO - [2023-11-16T09:47:22.760+0000] {dagbag.py:536} INFO - Filling up the DagBag from /home/airflow/.local/lib/python3.8/site-packages/airflow/example_dags/example_sensor_decorator.py
[2023-11-16T09:47:22.764+0000] {processor.py:839} INFO - DAG(s) dict_keys(['example_sensor_decorator']) retrieved from /home/airflow/.local/lib/python3.8/site-packages/airflow/example_dags/example_sensor_decorator.py
[2023-11-16T09:47:22.777+0000] {logging_mixin.py:151} INFO - [2023-11-16T09:47:22.777+0000] {dag.py:2941} INFO - Sync 1 DAGs
[2023-11-16T09:47:22.789+0000] {logging_mixin.py:151} INFO - [2023-11-16T09:47:22.789+0000] {dag.py:3722} INFO - Setting next_dagrun for example_sensor_decorator to None, run_after=None
[2023-11-16T09:47:22.802+0000] {processor.py:179} INFO - Processing /home/airflow/.local/lib/python3.8/site-packages/airflow/example_dags/example_sensor_decorator.py took 0.045 seconds
[2023-11-16T09:47:53.817+0000] {processor.py:157} INFO - Started process (PID=6707) to work on /home/airflow/.local/lib/python3.8/site-packages/airflow/example_dags/example_sensor_decorator.py
[2023-11-16T09:47:53.818+0000] {processor.py:829} INFO - Processing file /home/airflow/.local/lib/python3.8/site-packages/airflow/example_dags/example_sensor_decorator.py for tasks to queue
[2023-11-16T09:47:53.819+0000] {logging_mixin.py:151} INFO - [2023-11-16T09:47:53.819+0000] {dagbag.py:536} INFO - Filling up the DagBag from /home/airflow/.local/lib/python3.8/site-packages/airflow/example_dags/example_sensor_decorator.py
[2023-11-16T09:47:53.823+0000] {processor.py:839} INFO - DAG(s) dict_keys(['example_sensor_decorator']) retrieved from /home/airflow/.local/lib/python3.8/site-packages/airflow/example_dags/example_sensor_decorator.py
[2023-11-16T09:47:53.834+0000] {logging_mixin.py:151} INFO - [2023-11-16T09:47:53.834+0000] {dag.py:2941} INFO - Sync 1 DAGs
[2023-11-16T09:47:53.842+0000] {logging_mixin.py:151} INFO - [2023-11-16T09:47:53.842+0000] {dag.py:3722} INFO - Setting next_dagrun for example_sensor_decorator to None, run_after=None
[2023-11-16T09:47:53.853+0000] {processor.py:179} INFO - Processing /home/airflow/.local/lib/python3.8/site-packages/airflow/example_dags/example_sensor_decorator.py took 0.037 seconds
[2023-11-16T09:48:23.936+0000] {processor.py:157} INFO - Started process (PID=6763) to work on /home/airflow/.local/lib/python3.8/site-packages/airflow/example_dags/example_sensor_decorator.py
[2023-11-16T09:48:23.937+0000] {processor.py:829} INFO - Processing file /home/airflow/.local/lib/python3.8/site-packages/airflow/example_dags/example_sensor_decorator.py for tasks to queue
[2023-11-16T09:48:23.938+0000] {logging_mixin.py:151} INFO - [2023-11-16T09:48:23.938+0000] {dagbag.py:536} INFO - Filling up the DagBag from /home/airflow/.local/lib/python3.8/site-packages/airflow/example_dags/example_sensor_decorator.py
[2023-11-16T09:48:23.941+0000] {processor.py:839} INFO - DAG(s) dict_keys(['example_sensor_decorator']) retrieved from /home/airflow/.local/lib/python3.8/site-packages/airflow/example_dags/example_sensor_decorator.py
[2023-11-16T09:48:23.953+0000] {logging_mixin.py:151} INFO - [2023-11-16T09:48:23.953+0000] {dag.py:2941} INFO - Sync 1 DAGs
[2023-11-16T09:48:23.961+0000] {logging_mixin.py:151} INFO - [2023-11-16T09:48:23.961+0000] {dag.py:3722} INFO - Setting next_dagrun for example_sensor_decorator to None, run_after=None
[2023-11-16T09:48:23.972+0000] {processor.py:179} INFO - Processing /home/airflow/.local/lib/python3.8/site-packages/airflow/example_dags/example_sensor_decorator.py took 0.038 seconds
[2023-11-16T09:48:53.999+0000] {processor.py:157} INFO - Started process (PID=6818) to work on /home/airflow/.local/lib/python3.8/site-packages/airflow/example_dags/example_sensor_decorator.py
[2023-11-16T09:48:54.000+0000] {processor.py:829} INFO - Processing file /home/airflow/.local/lib/python3.8/site-packages/airflow/example_dags/example_sensor_decorator.py for tasks to queue
[2023-11-16T09:48:54.001+0000] {logging_mixin.py:151} INFO - [2023-11-16T09:48:54.001+0000] {dagbag.py:536} INFO - Filling up the DagBag from /home/airflow/.local/lib/python3.8/site-packages/airflow/example_dags/example_sensor_decorator.py
[2023-11-16T09:48:54.004+0000] {processor.py:839} INFO - DAG(s) dict_keys(['example_sensor_decorator']) retrieved from /home/airflow/.local/lib/python3.8/site-packages/airflow/example_dags/example_sensor_decorator.py
[2023-11-16T09:48:54.016+0000] {logging_mixin.py:151} INFO - [2023-11-16T09:48:54.016+0000] {dag.py:2941} INFO - Sync 1 DAGs
[2023-11-16T09:48:54.024+0000] {logging_mixin.py:151} INFO - [2023-11-16T09:48:54.023+0000] {dag.py:3722} INFO - Setting next_dagrun for example_sensor_decorator to None, run_after=None
[2023-11-16T09:48:54.035+0000] {processor.py:179} INFO - Processing /home/airflow/.local/lib/python3.8/site-packages/airflow/example_dags/example_sensor_decorator.py took 0.037 seconds
[2023-11-16T09:49:24.051+0000] {processor.py:157} INFO - Started process (PID=6873) to work on /home/airflow/.local/lib/python3.8/site-packages/airflow/example_dags/example_sensor_decorator.py
[2023-11-16T09:49:24.052+0000] {processor.py:829} INFO - Processing file /home/airflow/.local/lib/python3.8/site-packages/airflow/example_dags/example_sensor_decorator.py for tasks to queue
[2023-11-16T09:49:24.053+0000] {logging_mixin.py:151} INFO - [2023-11-16T09:49:24.053+0000] {dagbag.py:536} INFO - Filling up the DagBag from /home/airflow/.local/lib/python3.8/site-packages/airflow/example_dags/example_sensor_decorator.py
[2023-11-16T09:49:24.056+0000] {processor.py:839} INFO - DAG(s) dict_keys(['example_sensor_decorator']) retrieved from /home/airflow/.local/lib/python3.8/site-packages/airflow/example_dags/example_sensor_decorator.py
[2023-11-16T09:49:24.071+0000] {logging_mixin.py:151} INFO - [2023-11-16T09:49:24.070+0000] {dag.py:2941} INFO - Sync 1 DAGs
[2023-11-16T09:49:24.081+0000] {logging_mixin.py:151} INFO - [2023-11-16T09:49:24.080+0000] {dag.py:3722} INFO - Setting next_dagrun for example_sensor_decorator to None, run_after=None
[2023-11-16T09:49:24.094+0000] {processor.py:179} INFO - Processing /home/airflow/.local/lib/python3.8/site-packages/airflow/example_dags/example_sensor_decorator.py took 0.045 seconds
[2023-11-16T09:49:54.375+0000] {processor.py:157} INFO - Started process (PID=6930) to work on /home/airflow/.local/lib/python3.8/site-packages/airflow/example_dags/example_sensor_decorator.py
[2023-11-16T09:49:54.376+0000] {processor.py:829} INFO - Processing file /home/airflow/.local/lib/python3.8/site-packages/airflow/example_dags/example_sensor_decorator.py for tasks to queue
[2023-11-16T09:49:54.377+0000] {logging_mixin.py:151} INFO - [2023-11-16T09:49:54.377+0000] {dagbag.py:536} INFO - Filling up the DagBag from /home/airflow/.local/lib/python3.8/site-packages/airflow/example_dags/example_sensor_decorator.py
[2023-11-16T09:49:54.382+0000] {processor.py:839} INFO - DAG(s) dict_keys(['example_sensor_decorator']) retrieved from /home/airflow/.local/lib/python3.8/site-packages/airflow/example_dags/example_sensor_decorator.py
[2023-11-16T09:49:54.396+0000] {logging_mixin.py:151} INFO - [2023-11-16T09:49:54.396+0000] {dag.py:2941} INFO - Sync 1 DAGs
[2023-11-16T09:49:54.405+0000] {logging_mixin.py:151} INFO - [2023-11-16T09:49:54.404+0000] {dag.py:3722} INFO - Setting next_dagrun for example_sensor_decorator to None, run_after=None
[2023-11-16T09:49:54.418+0000] {processor.py:179} INFO - Processing /home/airflow/.local/lib/python3.8/site-packages/airflow/example_dags/example_sensor_decorator.py took 0.045 seconds
[2023-11-16T09:50:24.517+0000] {processor.py:157} INFO - Started process (PID=6986) to work on /home/airflow/.local/lib/python3.8/site-packages/airflow/example_dags/example_sensor_decorator.py
[2023-11-16T09:50:24.518+0000] {processor.py:829} INFO - Processing file /home/airflow/.local/lib/python3.8/site-packages/airflow/example_dags/example_sensor_decorator.py for tasks to queue
[2023-11-16T09:50:24.519+0000] {logging_mixin.py:151} INFO - [2023-11-16T09:50:24.519+0000] {dagbag.py:536} INFO - Filling up the DagBag from /home/airflow/.local/lib/python3.8/site-packages/airflow/example_dags/example_sensor_decorator.py
[2023-11-16T09:50:24.526+0000] {processor.py:839} INFO - DAG(s) dict_keys(['example_sensor_decorator']) retrieved from /home/airflow/.local/lib/python3.8/site-packages/airflow/example_dags/example_sensor_decorator.py
[2023-11-16T09:50:24.546+0000] {logging_mixin.py:151} INFO - [2023-11-16T09:50:24.545+0000] {dag.py:2941} INFO - Sync 1 DAGs
[2023-11-16T09:50:24.556+0000] {logging_mixin.py:151} INFO - [2023-11-16T09:50:24.556+0000] {dag.py:3722} INFO - Setting next_dagrun for example_sensor_decorator to None, run_after=None
[2023-11-16T09:50:24.572+0000] {processor.py:179} INFO - Processing /home/airflow/.local/lib/python3.8/site-packages/airflow/example_dags/example_sensor_decorator.py took 0.057 seconds
[2023-11-16T09:50:54.735+0000] {processor.py:157} INFO - Started process (PID=7042) to work on /home/airflow/.local/lib/python3.8/site-packages/airflow/example_dags/example_sensor_decorator.py
[2023-11-16T09:50:54.736+0000] {processor.py:829} INFO - Processing file /home/airflow/.local/lib/python3.8/site-packages/airflow/example_dags/example_sensor_decorator.py for tasks to queue
[2023-11-16T09:50:54.737+0000] {logging_mixin.py:151} INFO - [2023-11-16T09:50:54.737+0000] {dagbag.py:536} INFO - Filling up the DagBag from /home/airflow/.local/lib/python3.8/site-packages/airflow/example_dags/example_sensor_decorator.py
[2023-11-16T09:50:54.742+0000] {processor.py:839} INFO - DAG(s) dict_keys(['example_sensor_decorator']) retrieved from /home/airflow/.local/lib/python3.8/site-packages/airflow/example_dags/example_sensor_decorator.py
[2023-11-16T09:50:54.758+0000] {logging_mixin.py:151} INFO - [2023-11-16T09:50:54.758+0000] {dag.py:2941} INFO - Sync 1 DAGs
[2023-11-16T09:50:54.771+0000] {logging_mixin.py:151} INFO - [2023-11-16T09:50:54.771+0000] {dag.py:3722} INFO - Setting next_dagrun for example_sensor_decorator to None, run_after=None
[2023-11-16T09:50:54.788+0000] {processor.py:179} INFO - Processing /home/airflow/.local/lib/python3.8/site-packages/airflow/example_dags/example_sensor_decorator.py took 0.055 seconds
[2023-11-16T09:51:24.980+0000] {processor.py:157} INFO - Started process (PID=7098) to work on /home/airflow/.local/lib/python3.8/site-packages/airflow/example_dags/example_sensor_decorator.py
[2023-11-16T09:51:24.980+0000] {processor.py:829} INFO - Processing file /home/airflow/.local/lib/python3.8/site-packages/airflow/example_dags/example_sensor_decorator.py for tasks to queue
[2023-11-16T09:51:24.982+0000] {logging_mixin.py:151} INFO - [2023-11-16T09:51:24.981+0000] {dagbag.py:536} INFO - Filling up the DagBag from /home/airflow/.local/lib/python3.8/site-packages/airflow/example_dags/example_sensor_decorator.py
[2023-11-16T09:51:24.985+0000] {processor.py:839} INFO - DAG(s) dict_keys(['example_sensor_decorator']) retrieved from /home/airflow/.local/lib/python3.8/site-packages/airflow/example_dags/example_sensor_decorator.py
[2023-11-16T09:51:24.998+0000] {logging_mixin.py:151} INFO - [2023-11-16T09:51:24.998+0000] {dag.py:2941} INFO - Sync 1 DAGs
[2023-11-16T09:51:25.006+0000] {logging_mixin.py:151} INFO - [2023-11-16T09:51:25.006+0000] {dag.py:3722} INFO - Setting next_dagrun for example_sensor_decorator to None, run_after=None
[2023-11-16T09:51:25.020+0000] {processor.py:179} INFO - Processing /home/airflow/.local/lib/python3.8/site-packages/airflow/example_dags/example_sensor_decorator.py took 0.042 seconds
[2023-11-16T09:51:55.053+0000] {processor.py:157} INFO - Started process (PID=7154) to work on /home/airflow/.local/lib/python3.8/site-packages/airflow/example_dags/example_sensor_decorator.py
[2023-11-16T09:51:55.054+0000] {processor.py:829} INFO - Processing file /home/airflow/.local/lib/python3.8/site-packages/airflow/example_dags/example_sensor_decorator.py for tasks to queue
[2023-11-16T09:51:55.055+0000] {logging_mixin.py:151} INFO - [2023-11-16T09:51:55.055+0000] {dagbag.py:536} INFO - Filling up the DagBag from /home/airflow/.local/lib/python3.8/site-packages/airflow/example_dags/example_sensor_decorator.py
[2023-11-16T09:51:55.058+0000] {processor.py:839} INFO - DAG(s) dict_keys(['example_sensor_decorator']) retrieved from /home/airflow/.local/lib/python3.8/site-packages/airflow/example_dags/example_sensor_decorator.py
[2023-11-16T09:51:55.073+0000] {logging_mixin.py:151} INFO - [2023-11-16T09:51:55.073+0000] {dag.py:2941} INFO - Sync 1 DAGs
[2023-11-16T09:51:55.083+0000] {logging_mixin.py:151} INFO - [2023-11-16T09:51:55.083+0000] {dag.py:3722} INFO - Setting next_dagrun for example_sensor_decorator to None, run_after=None
[2023-11-16T09:51:55.097+0000] {processor.py:179} INFO - Processing /home/airflow/.local/lib/python3.8/site-packages/airflow/example_dags/example_sensor_decorator.py took 0.046 seconds
[2023-11-16T09:52:25.980+0000] {processor.py:157} INFO - Started process (PID=7210) to work on /home/airflow/.local/lib/python3.8/site-packages/airflow/example_dags/example_sensor_decorator.py
[2023-11-16T09:52:25.981+0000] {processor.py:829} INFO - Processing file /home/airflow/.local/lib/python3.8/site-packages/airflow/example_dags/example_sensor_decorator.py for tasks to queue
[2023-11-16T09:52:25.982+0000] {logging_mixin.py:151} INFO - [2023-11-16T09:52:25.982+0000] {dagbag.py:536} INFO - Filling up the DagBag from /home/airflow/.local/lib/python3.8/site-packages/airflow/example_dags/example_sensor_decorator.py
[2023-11-16T09:52:25.987+0000] {processor.py:839} INFO - DAG(s) dict_keys(['example_sensor_decorator']) retrieved from /home/airflow/.local/lib/python3.8/site-packages/airflow/example_dags/example_sensor_decorator.py
[2023-11-16T09:52:26.005+0000] {logging_mixin.py:151} INFO - [2023-11-16T09:52:26.005+0000] {dag.py:2941} INFO - Sync 1 DAGs
[2023-11-16T09:52:26.017+0000] {logging_mixin.py:151} INFO - [2023-11-16T09:52:26.017+0000] {dag.py:3722} INFO - Setting next_dagrun for example_sensor_decorator to None, run_after=None
[2023-11-16T09:52:26.030+0000] {processor.py:179} INFO - Processing /home/airflow/.local/lib/python3.8/site-packages/airflow/example_dags/example_sensor_decorator.py took 0.053 seconds
[2023-11-16T09:52:56.760+0000] {processor.py:157} INFO - Started process (PID=7267) to work on /home/airflow/.local/lib/python3.8/site-packages/airflow/example_dags/example_sensor_decorator.py
[2023-11-16T09:52:56.760+0000] {processor.py:829} INFO - Processing file /home/airflow/.local/lib/python3.8/site-packages/airflow/example_dags/example_sensor_decorator.py for tasks to queue
[2023-11-16T09:52:56.761+0000] {logging_mixin.py:151} INFO - [2023-11-16T09:52:56.761+0000] {dagbag.py:536} INFO - Filling up the DagBag from /home/airflow/.local/lib/python3.8/site-packages/airflow/example_dags/example_sensor_decorator.py
[2023-11-16T09:52:56.765+0000] {processor.py:839} INFO - DAG(s) dict_keys(['example_sensor_decorator']) retrieved from /home/airflow/.local/lib/python3.8/site-packages/airflow/example_dags/example_sensor_decorator.py
[2023-11-16T09:52:56.780+0000] {logging_mixin.py:151} INFO - [2023-11-16T09:52:56.780+0000] {dag.py:2941} INFO - Sync 1 DAGs
[2023-11-16T09:52:56.791+0000] {logging_mixin.py:151} INFO - [2023-11-16T09:52:56.791+0000] {dag.py:3722} INFO - Setting next_dagrun for example_sensor_decorator to None, run_after=None
[2023-11-16T09:52:56.804+0000] {processor.py:179} INFO - Processing /home/airflow/.local/lib/python3.8/site-packages/airflow/example_dags/example_sensor_decorator.py took 0.046 seconds
[2023-11-16T09:53:27.586+0000] {processor.py:157} INFO - Started process (PID=7323) to work on /home/airflow/.local/lib/python3.8/site-packages/airflow/example_dags/example_sensor_decorator.py
[2023-11-16T09:53:27.587+0000] {processor.py:829} INFO - Processing file /home/airflow/.local/lib/python3.8/site-packages/airflow/example_dags/example_sensor_decorator.py for tasks to queue
[2023-11-16T09:53:27.588+0000] {logging_mixin.py:151} INFO - [2023-11-16T09:53:27.588+0000] {dagbag.py:536} INFO - Filling up the DagBag from /home/airflow/.local/lib/python3.8/site-packages/airflow/example_dags/example_sensor_decorator.py
[2023-11-16T09:53:27.592+0000] {processor.py:839} INFO - DAG(s) dict_keys(['example_sensor_decorator']) retrieved from /home/airflow/.local/lib/python3.8/site-packages/airflow/example_dags/example_sensor_decorator.py
[2023-11-16T09:53:27.605+0000] {logging_mixin.py:151} INFO - [2023-11-16T09:53:27.605+0000] {dag.py:2941} INFO - Sync 1 DAGs
[2023-11-16T09:53:27.614+0000] {logging_mixin.py:151} INFO - [2023-11-16T09:53:27.613+0000] {dag.py:3722} INFO - Setting next_dagrun for example_sensor_decorator to None, run_after=None
[2023-11-16T09:53:27.628+0000] {processor.py:179} INFO - Processing /home/airflow/.local/lib/python3.8/site-packages/airflow/example_dags/example_sensor_decorator.py took 0.043 seconds
[2023-11-16T09:53:57.692+0000] {processor.py:157} INFO - Started process (PID=7378) to work on /home/airflow/.local/lib/python3.8/site-packages/airflow/example_dags/example_sensor_decorator.py
[2023-11-16T09:53:57.693+0000] {processor.py:829} INFO - Processing file /home/airflow/.local/lib/python3.8/site-packages/airflow/example_dags/example_sensor_decorator.py for tasks to queue
[2023-11-16T09:53:57.694+0000] {logging_mixin.py:151} INFO - [2023-11-16T09:53:57.694+0000] {dagbag.py:536} INFO - Filling up the DagBag from /home/airflow/.local/lib/python3.8/site-packages/airflow/example_dags/example_sensor_decorator.py
[2023-11-16T09:53:57.697+0000] {processor.py:839} INFO - DAG(s) dict_keys(['example_sensor_decorator']) retrieved from /home/airflow/.local/lib/python3.8/site-packages/airflow/example_dags/example_sensor_decorator.py
[2023-11-16T09:53:57.711+0000] {logging_mixin.py:151} INFO - [2023-11-16T09:53:57.711+0000] {dag.py:2941} INFO - Sync 1 DAGs
[2023-11-16T09:53:57.719+0000] {logging_mixin.py:151} INFO - [2023-11-16T09:53:57.719+0000] {dag.py:3722} INFO - Setting next_dagrun for example_sensor_decorator to None, run_after=None
[2023-11-16T09:53:57.733+0000] {processor.py:179} INFO - Processing /home/airflow/.local/lib/python3.8/site-packages/airflow/example_dags/example_sensor_decorator.py took 0.043 seconds
[2023-11-16T09:54:27.797+0000] {processor.py:157} INFO - Started process (PID=7434) to work on /home/airflow/.local/lib/python3.8/site-packages/airflow/example_dags/example_sensor_decorator.py
[2023-11-16T09:54:27.797+0000] {processor.py:829} INFO - Processing file /home/airflow/.local/lib/python3.8/site-packages/airflow/example_dags/example_sensor_decorator.py for tasks to queue
[2023-11-16T09:54:27.798+0000] {logging_mixin.py:151} INFO - [2023-11-16T09:54:27.798+0000] {dagbag.py:536} INFO - Filling up the DagBag from /home/airflow/.local/lib/python3.8/site-packages/airflow/example_dags/example_sensor_decorator.py
[2023-11-16T09:54:27.802+0000] {processor.py:839} INFO - DAG(s) dict_keys(['example_sensor_decorator']) retrieved from /home/airflow/.local/lib/python3.8/site-packages/airflow/example_dags/example_sensor_decorator.py
[2023-11-16T09:54:27.815+0000] {logging_mixin.py:151} INFO - [2023-11-16T09:54:27.815+0000] {dag.py:2941} INFO - Sync 1 DAGs
[2023-11-16T09:54:27.824+0000] {logging_mixin.py:151} INFO - [2023-11-16T09:54:27.824+0000] {dag.py:3722} INFO - Setting next_dagrun for example_sensor_decorator to None, run_after=None
[2023-11-16T09:54:27.837+0000] {processor.py:179} INFO - Processing /home/airflow/.local/lib/python3.8/site-packages/airflow/example_dags/example_sensor_decorator.py took 0.042 seconds
[2023-11-16T09:54:57.909+0000] {processor.py:157} INFO - Started process (PID=7490) to work on /home/airflow/.local/lib/python3.8/site-packages/airflow/example_dags/example_sensor_decorator.py
[2023-11-16T09:54:57.910+0000] {processor.py:829} INFO - Processing file /home/airflow/.local/lib/python3.8/site-packages/airflow/example_dags/example_sensor_decorator.py for tasks to queue
[2023-11-16T09:54:57.911+0000] {logging_mixin.py:151} INFO - [2023-11-16T09:54:57.911+0000] {dagbag.py:536} INFO - Filling up the DagBag from /home/airflow/.local/lib/python3.8/site-packages/airflow/example_dags/example_sensor_decorator.py
[2023-11-16T09:54:57.915+0000] {processor.py:839} INFO - DAG(s) dict_keys(['example_sensor_decorator']) retrieved from /home/airflow/.local/lib/python3.8/site-packages/airflow/example_dags/example_sensor_decorator.py
[2023-11-16T09:54:57.928+0000] {logging_mixin.py:151} INFO - [2023-11-16T09:54:57.928+0000] {dag.py:2941} INFO - Sync 1 DAGs
[2023-11-16T09:54:57.936+0000] {logging_mixin.py:151} INFO - [2023-11-16T09:54:57.936+0000] {dag.py:3722} INFO - Setting next_dagrun for example_sensor_decorator to None, run_after=None
[2023-11-16T09:54:57.949+0000] {processor.py:179} INFO - Processing /home/airflow/.local/lib/python3.8/site-packages/airflow/example_dags/example_sensor_decorator.py took 0.042 seconds
[2023-11-16T09:55:28.066+0000] {processor.py:157} INFO - Started process (PID=7547) to work on /home/airflow/.local/lib/python3.8/site-packages/airflow/example_dags/example_sensor_decorator.py
[2023-11-16T09:55:28.066+0000] {processor.py:829} INFO - Processing file /home/airflow/.local/lib/python3.8/site-packages/airflow/example_dags/example_sensor_decorator.py for tasks to queue
[2023-11-16T09:55:28.067+0000] {logging_mixin.py:151} INFO - [2023-11-16T09:55:28.067+0000] {dagbag.py:536} INFO - Filling up the DagBag from /home/airflow/.local/lib/python3.8/site-packages/airflow/example_dags/example_sensor_decorator.py
[2023-11-16T09:55:28.071+0000] {processor.py:839} INFO - DAG(s) dict_keys(['example_sensor_decorator']) retrieved from /home/airflow/.local/lib/python3.8/site-packages/airflow/example_dags/example_sensor_decorator.py
[2023-11-16T09:55:28.082+0000] {logging_mixin.py:151} INFO - [2023-11-16T09:55:28.082+0000] {dag.py:2941} INFO - Sync 1 DAGs
[2023-11-16T09:55:28.089+0000] {logging_mixin.py:151} INFO - [2023-11-16T09:55:28.089+0000] {dag.py:3722} INFO - Setting next_dagrun for example_sensor_decorator to None, run_after=None
[2023-11-16T09:55:28.100+0000] {processor.py:179} INFO - Processing /home/airflow/.local/lib/python3.8/site-packages/airflow/example_dags/example_sensor_decorator.py took 0.036 seconds
[2023-11-16T09:55:58.151+0000] {processor.py:157} INFO - Started process (PID=7603) to work on /home/airflow/.local/lib/python3.8/site-packages/airflow/example_dags/example_sensor_decorator.py
[2023-11-16T09:55:58.152+0000] {processor.py:829} INFO - Processing file /home/airflow/.local/lib/python3.8/site-packages/airflow/example_dags/example_sensor_decorator.py for tasks to queue
[2023-11-16T09:55:58.153+0000] {logging_mixin.py:151} INFO - [2023-11-16T09:55:58.153+0000] {dagbag.py:536} INFO - Filling up the DagBag from /home/airflow/.local/lib/python3.8/site-packages/airflow/example_dags/example_sensor_decorator.py
[2023-11-16T09:55:58.157+0000] {processor.py:839} INFO - DAG(s) dict_keys(['example_sensor_decorator']) retrieved from /home/airflow/.local/lib/python3.8/site-packages/airflow/example_dags/example_sensor_decorator.py
[2023-11-16T09:55:58.170+0000] {logging_mixin.py:151} INFO - [2023-11-16T09:55:58.170+0000] {dag.py:2941} INFO - Sync 1 DAGs
[2023-11-16T09:55:58.178+0000] {logging_mixin.py:151} INFO - [2023-11-16T09:55:58.178+0000] {dag.py:3722} INFO - Setting next_dagrun for example_sensor_decorator to None, run_after=None
[2023-11-16T09:55:58.189+0000] {processor.py:179} INFO - Processing /home/airflow/.local/lib/python3.8/site-packages/airflow/example_dags/example_sensor_decorator.py took 0.039 seconds
[2023-11-16T09:56:28.312+0000] {processor.py:157} INFO - Started process (PID=7658) to work on /home/airflow/.local/lib/python3.8/site-packages/airflow/example_dags/example_sensor_decorator.py
[2023-11-16T09:56:28.312+0000] {processor.py:829} INFO - Processing file /home/airflow/.local/lib/python3.8/site-packages/airflow/example_dags/example_sensor_decorator.py for tasks to queue
[2023-11-16T09:56:28.314+0000] {logging_mixin.py:151} INFO - [2023-11-16T09:56:28.314+0000] {dagbag.py:536} INFO - Filling up the DagBag from /home/airflow/.local/lib/python3.8/site-packages/airflow/example_dags/example_sensor_decorator.py
[2023-11-16T09:56:28.318+0000] {processor.py:839} INFO - DAG(s) dict_keys(['example_sensor_decorator']) retrieved from /home/airflow/.local/lib/python3.8/site-packages/airflow/example_dags/example_sensor_decorator.py
[2023-11-16T09:56:28.332+0000] {logging_mixin.py:151} INFO - [2023-11-16T09:56:28.332+0000] {dag.py:2941} INFO - Sync 1 DAGs
[2023-11-16T09:56:28.340+0000] {logging_mixin.py:151} INFO - [2023-11-16T09:56:28.340+0000] {dag.py:3722} INFO - Setting next_dagrun for example_sensor_decorator to None, run_after=None
[2023-11-16T09:56:28.354+0000] {processor.py:179} INFO - Processing /home/airflow/.local/lib/python3.8/site-packages/airflow/example_dags/example_sensor_decorator.py took 0.045 seconds
[2023-11-16T09:56:58.695+0000] {processor.py:157} INFO - Started process (PID=7714) to work on /home/airflow/.local/lib/python3.8/site-packages/airflow/example_dags/example_sensor_decorator.py
[2023-11-16T09:56:58.696+0000] {processor.py:829} INFO - Processing file /home/airflow/.local/lib/python3.8/site-packages/airflow/example_dags/example_sensor_decorator.py for tasks to queue
[2023-11-16T09:56:58.697+0000] {logging_mixin.py:151} INFO - [2023-11-16T09:56:58.697+0000] {dagbag.py:536} INFO - Filling up the DagBag from /home/airflow/.local/lib/python3.8/site-packages/airflow/example_dags/example_sensor_decorator.py
[2023-11-16T09:56:58.701+0000] {processor.py:839} INFO - DAG(s) dict_keys(['example_sensor_decorator']) retrieved from /home/airflow/.local/lib/python3.8/site-packages/airflow/example_dags/example_sensor_decorator.py
[2023-11-16T09:56:58.716+0000] {logging_mixin.py:151} INFO - [2023-11-16T09:56:58.716+0000] {dag.py:2941} INFO - Sync 1 DAGs
[2023-11-16T09:56:58.725+0000] {logging_mixin.py:151} INFO - [2023-11-16T09:56:58.725+0000] {dag.py:3722} INFO - Setting next_dagrun for example_sensor_decorator to None, run_after=None
[2023-11-16T09:56:58.739+0000] {processor.py:179} INFO - Processing /home/airflow/.local/lib/python3.8/site-packages/airflow/example_dags/example_sensor_decorator.py took 0.046 seconds
[2023-11-16T09:57:28.818+0000] {processor.py:157} INFO - Started process (PID=7770) to work on /home/airflow/.local/lib/python3.8/site-packages/airflow/example_dags/example_sensor_decorator.py
[2023-11-16T09:57:28.818+0000] {processor.py:829} INFO - Processing file /home/airflow/.local/lib/python3.8/site-packages/airflow/example_dags/example_sensor_decorator.py for tasks to queue
[2023-11-16T09:57:28.820+0000] {logging_mixin.py:151} INFO - [2023-11-16T09:57:28.819+0000] {dagbag.py:536} INFO - Filling up the DagBag from /home/airflow/.local/lib/python3.8/site-packages/airflow/example_dags/example_sensor_decorator.py
[2023-11-16T09:57:28.823+0000] {processor.py:839} INFO - DAG(s) dict_keys(['example_sensor_decorator']) retrieved from /home/airflow/.local/lib/python3.8/site-packages/airflow/example_dags/example_sensor_decorator.py
[2023-11-16T09:57:28.836+0000] {logging_mixin.py:151} INFO - [2023-11-16T09:57:28.836+0000] {dag.py:2941} INFO - Sync 1 DAGs
[2023-11-16T09:57:28.844+0000] {logging_mixin.py:151} INFO - [2023-11-16T09:57:28.844+0000] {dag.py:3722} INFO - Setting next_dagrun for example_sensor_decorator to None, run_after=None
[2023-11-16T09:57:28.857+0000] {processor.py:179} INFO - Processing /home/airflow/.local/lib/python3.8/site-packages/airflow/example_dags/example_sensor_decorator.py took 0.041 seconds
[2023-11-16T09:57:58.943+0000] {processor.py:157} INFO - Started process (PID=7826) to work on /home/airflow/.local/lib/python3.8/site-packages/airflow/example_dags/example_sensor_decorator.py
[2023-11-16T09:57:58.943+0000] {processor.py:829} INFO - Processing file /home/airflow/.local/lib/python3.8/site-packages/airflow/example_dags/example_sensor_decorator.py for tasks to queue
[2023-11-16T09:57:58.944+0000] {logging_mixin.py:151} INFO - [2023-11-16T09:57:58.944+0000] {dagbag.py:536} INFO - Filling up the DagBag from /home/airflow/.local/lib/python3.8/site-packages/airflow/example_dags/example_sensor_decorator.py
[2023-11-16T09:57:58.948+0000] {processor.py:839} INFO - DAG(s) dict_keys(['example_sensor_decorator']) retrieved from /home/airflow/.local/lib/python3.8/site-packages/airflow/example_dags/example_sensor_decorator.py
[2023-11-16T09:57:58.961+0000] {logging_mixin.py:151} INFO - [2023-11-16T09:57:58.961+0000] {dag.py:2941} INFO - Sync 1 DAGs
[2023-11-16T09:57:58.970+0000] {logging_mixin.py:151} INFO - [2023-11-16T09:57:58.970+0000] {dag.py:3722} INFO - Setting next_dagrun for example_sensor_decorator to None, run_after=None
[2023-11-16T09:57:58.982+0000] {processor.py:179} INFO - Processing /home/airflow/.local/lib/python3.8/site-packages/airflow/example_dags/example_sensor_decorator.py took 0.042 seconds
[2023-11-16T09:58:29.020+0000] {processor.py:157} INFO - Started process (PID=7882) to work on /home/airflow/.local/lib/python3.8/site-packages/airflow/example_dags/example_sensor_decorator.py
[2023-11-16T09:58:29.021+0000] {processor.py:829} INFO - Processing file /home/airflow/.local/lib/python3.8/site-packages/airflow/example_dags/example_sensor_decorator.py for tasks to queue
[2023-11-16T09:58:29.022+0000] {logging_mixin.py:151} INFO - [2023-11-16T09:58:29.022+0000] {dagbag.py:536} INFO - Filling up the DagBag from /home/airflow/.local/lib/python3.8/site-packages/airflow/example_dags/example_sensor_decorator.py
[2023-11-16T09:58:29.026+0000] {processor.py:839} INFO - DAG(s) dict_keys(['example_sensor_decorator']) retrieved from /home/airflow/.local/lib/python3.8/site-packages/airflow/example_dags/example_sensor_decorator.py
[2023-11-16T09:58:29.038+0000] {logging_mixin.py:151} INFO - [2023-11-16T09:58:29.038+0000] {dag.py:2941} INFO - Sync 1 DAGs
[2023-11-16T09:58:29.047+0000] {logging_mixin.py:151} INFO - [2023-11-16T09:58:29.046+0000] {dag.py:3722} INFO - Setting next_dagrun for example_sensor_decorator to None, run_after=None
[2023-11-16T09:58:29.058+0000] {processor.py:179} INFO - Processing /home/airflow/.local/lib/python3.8/site-packages/airflow/example_dags/example_sensor_decorator.py took 0.040 seconds
[2023-11-16T09:58:59.182+0000] {processor.py:157} INFO - Started process (PID=7938) to work on /home/airflow/.local/lib/python3.8/site-packages/airflow/example_dags/example_sensor_decorator.py
[2023-11-16T09:58:59.183+0000] {processor.py:829} INFO - Processing file /home/airflow/.local/lib/python3.8/site-packages/airflow/example_dags/example_sensor_decorator.py for tasks to queue
[2023-11-16T09:58:59.185+0000] {logging_mixin.py:151} INFO - [2023-11-16T09:58:59.184+0000] {dagbag.py:536} INFO - Filling up the DagBag from /home/airflow/.local/lib/python3.8/site-packages/airflow/example_dags/example_sensor_decorator.py
[2023-11-16T09:58:59.188+0000] {processor.py:839} INFO - DAG(s) dict_keys(['example_sensor_decorator']) retrieved from /home/airflow/.local/lib/python3.8/site-packages/airflow/example_dags/example_sensor_decorator.py
[2023-11-16T09:58:59.202+0000] {logging_mixin.py:151} INFO - [2023-11-16T09:58:59.202+0000] {dag.py:2941} INFO - Sync 1 DAGs
[2023-11-16T09:58:59.210+0000] {logging_mixin.py:151} INFO - [2023-11-16T09:58:59.210+0000] {dag.py:3722} INFO - Setting next_dagrun for example_sensor_decorator to None, run_after=None
[2023-11-16T09:58:59.223+0000] {processor.py:179} INFO - Processing /home/airflow/.local/lib/python3.8/site-packages/airflow/example_dags/example_sensor_decorator.py took 0.042 seconds
[2023-11-16T09:59:29.375+0000] {processor.py:157} INFO - Started process (PID=7994) to work on /home/airflow/.local/lib/python3.8/site-packages/airflow/example_dags/example_sensor_decorator.py
[2023-11-16T09:59:29.376+0000] {processor.py:829} INFO - Processing file /home/airflow/.local/lib/python3.8/site-packages/airflow/example_dags/example_sensor_decorator.py for tasks to queue
[2023-11-16T09:59:29.377+0000] {logging_mixin.py:151} INFO - [2023-11-16T09:59:29.377+0000] {dagbag.py:536} INFO - Filling up the DagBag from /home/airflow/.local/lib/python3.8/site-packages/airflow/example_dags/example_sensor_decorator.py
[2023-11-16T09:59:29.381+0000] {processor.py:839} INFO - DAG(s) dict_keys(['example_sensor_decorator']) retrieved from /home/airflow/.local/lib/python3.8/site-packages/airflow/example_dags/example_sensor_decorator.py
[2023-11-16T09:59:29.396+0000] {logging_mixin.py:151} INFO - [2023-11-16T09:59:29.395+0000] {dag.py:2941} INFO - Sync 1 DAGs
[2023-11-16T09:59:29.406+0000] {logging_mixin.py:151} INFO - [2023-11-16T09:59:29.406+0000] {dag.py:3722} INFO - Setting next_dagrun for example_sensor_decorator to None, run_after=None
[2023-11-16T09:59:29.419+0000] {processor.py:179} INFO - Processing /home/airflow/.local/lib/python3.8/site-packages/airflow/example_dags/example_sensor_decorator.py took 0.045 seconds
[2023-11-16T10:00:00.431+0000] {processor.py:157} INFO - Started process (PID=8051) to work on /home/airflow/.local/lib/python3.8/site-packages/airflow/example_dags/example_sensor_decorator.py
[2023-11-16T10:00:00.432+0000] {processor.py:829} INFO - Processing file /home/airflow/.local/lib/python3.8/site-packages/airflow/example_dags/example_sensor_decorator.py for tasks to queue
[2023-11-16T10:00:00.433+0000] {logging_mixin.py:151} INFO - [2023-11-16T10:00:00.433+0000] {dagbag.py:536} INFO - Filling up the DagBag from /home/airflow/.local/lib/python3.8/site-packages/airflow/example_dags/example_sensor_decorator.py
[2023-11-16T10:00:00.437+0000] {processor.py:839} INFO - DAG(s) dict_keys(['example_sensor_decorator']) retrieved from /home/airflow/.local/lib/python3.8/site-packages/airflow/example_dags/example_sensor_decorator.py
[2023-11-16T10:00:00.449+0000] {logging_mixin.py:151} INFO - [2023-11-16T10:00:00.449+0000] {dag.py:2941} INFO - Sync 1 DAGs
[2023-11-16T10:00:00.457+0000] {logging_mixin.py:151} INFO - [2023-11-16T10:00:00.457+0000] {dag.py:3722} INFO - Setting next_dagrun for example_sensor_decorator to None, run_after=None
[2023-11-16T10:00:00.470+0000] {processor.py:179} INFO - Processing /home/airflow/.local/lib/python3.8/site-packages/airflow/example_dags/example_sensor_decorator.py took 0.040 seconds
[2023-11-16T10:00:30.609+0000] {processor.py:157} INFO - Started process (PID=8107) to work on /home/airflow/.local/lib/python3.8/site-packages/airflow/example_dags/example_sensor_decorator.py
[2023-11-16T10:00:30.609+0000] {processor.py:829} INFO - Processing file /home/airflow/.local/lib/python3.8/site-packages/airflow/example_dags/example_sensor_decorator.py for tasks to queue
[2023-11-16T10:00:30.611+0000] {logging_mixin.py:151} INFO - [2023-11-16T10:00:30.611+0000] {dagbag.py:536} INFO - Filling up the DagBag from /home/airflow/.local/lib/python3.8/site-packages/airflow/example_dags/example_sensor_decorator.py
[2023-11-16T10:00:30.616+0000] {processor.py:839} INFO - DAG(s) dict_keys(['example_sensor_decorator']) retrieved from /home/airflow/.local/lib/python3.8/site-packages/airflow/example_dags/example_sensor_decorator.py
[2023-11-16T10:00:30.630+0000] {logging_mixin.py:151} INFO - [2023-11-16T10:00:30.630+0000] {dag.py:2941} INFO - Sync 1 DAGs
[2023-11-16T10:00:30.640+0000] {logging_mixin.py:151} INFO - [2023-11-16T10:00:30.640+0000] {dag.py:3722} INFO - Setting next_dagrun for example_sensor_decorator to None, run_after=None
[2023-11-16T10:00:30.655+0000] {processor.py:179} INFO - Processing /home/airflow/.local/lib/python3.8/site-packages/airflow/example_dags/example_sensor_decorator.py took 0.048 seconds
[2023-11-16T10:01:00.764+0000] {processor.py:157} INFO - Started process (PID=8164) to work on /home/airflow/.local/lib/python3.8/site-packages/airflow/example_dags/example_sensor_decorator.py
[2023-11-16T10:01:00.765+0000] {processor.py:829} INFO - Processing file /home/airflow/.local/lib/python3.8/site-packages/airflow/example_dags/example_sensor_decorator.py for tasks to queue
[2023-11-16T10:01:00.766+0000] {logging_mixin.py:151} INFO - [2023-11-16T10:01:00.766+0000] {dagbag.py:536} INFO - Filling up the DagBag from /home/airflow/.local/lib/python3.8/site-packages/airflow/example_dags/example_sensor_decorator.py
[2023-11-16T10:01:00.770+0000] {processor.py:839} INFO - DAG(s) dict_keys(['example_sensor_decorator']) retrieved from /home/airflow/.local/lib/python3.8/site-packages/airflow/example_dags/example_sensor_decorator.py
[2023-11-16T10:01:00.783+0000] {logging_mixin.py:151} INFO - [2023-11-16T10:01:00.782+0000] {dag.py:2941} INFO - Sync 1 DAGs
[2023-11-16T10:01:00.791+0000] {logging_mixin.py:151} INFO - [2023-11-16T10:01:00.791+0000] {dag.py:3722} INFO - Setting next_dagrun for example_sensor_decorator to None, run_after=None
[2023-11-16T10:01:00.803+0000] {processor.py:179} INFO - Processing /home/airflow/.local/lib/python3.8/site-packages/airflow/example_dags/example_sensor_decorator.py took 0.040 seconds
[2023-11-16T10:01:30.979+0000] {processor.py:157} INFO - Started process (PID=8219) to work on /home/airflow/.local/lib/python3.8/site-packages/airflow/example_dags/example_sensor_decorator.py
[2023-11-16T10:01:30.979+0000] {processor.py:829} INFO - Processing file /home/airflow/.local/lib/python3.8/site-packages/airflow/example_dags/example_sensor_decorator.py for tasks to queue
[2023-11-16T10:01:30.980+0000] {logging_mixin.py:151} INFO - [2023-11-16T10:01:30.980+0000] {dagbag.py:536} INFO - Filling up the DagBag from /home/airflow/.local/lib/python3.8/site-packages/airflow/example_dags/example_sensor_decorator.py
[2023-11-16T10:01:30.984+0000] {processor.py:839} INFO - DAG(s) dict_keys(['example_sensor_decorator']) retrieved from /home/airflow/.local/lib/python3.8/site-packages/airflow/example_dags/example_sensor_decorator.py
[2023-11-16T10:01:30.998+0000] {logging_mixin.py:151} INFO - [2023-11-16T10:01:30.998+0000] {dag.py:2941} INFO - Sync 1 DAGs
[2023-11-16T10:01:31.009+0000] {logging_mixin.py:151} INFO - [2023-11-16T10:01:31.009+0000] {dag.py:3722} INFO - Setting next_dagrun for example_sensor_decorator to None, run_after=None
[2023-11-16T10:01:31.024+0000] {processor.py:179} INFO - Processing /home/airflow/.local/lib/python3.8/site-packages/airflow/example_dags/example_sensor_decorator.py took 0.048 seconds
[2023-11-16T10:02:01.377+0000] {processor.py:157} INFO - Started process (PID=8275) to work on /home/airflow/.local/lib/python3.8/site-packages/airflow/example_dags/example_sensor_decorator.py
[2023-11-16T10:02:01.378+0000] {processor.py:829} INFO - Processing file /home/airflow/.local/lib/python3.8/site-packages/airflow/example_dags/example_sensor_decorator.py for tasks to queue
[2023-11-16T10:02:01.379+0000] {logging_mixin.py:151} INFO - [2023-11-16T10:02:01.379+0000] {dagbag.py:536} INFO - Filling up the DagBag from /home/airflow/.local/lib/python3.8/site-packages/airflow/example_dags/example_sensor_decorator.py
[2023-11-16T10:02:01.384+0000] {processor.py:839} INFO - DAG(s) dict_keys(['example_sensor_decorator']) retrieved from /home/airflow/.local/lib/python3.8/site-packages/airflow/example_dags/example_sensor_decorator.py
[2023-11-16T10:02:01.399+0000] {logging_mixin.py:151} INFO - [2023-11-16T10:02:01.399+0000] {dag.py:2941} INFO - Sync 1 DAGs
[2023-11-16T10:02:01.407+0000] {logging_mixin.py:151} INFO - [2023-11-16T10:02:01.407+0000] {dag.py:3722} INFO - Setting next_dagrun for example_sensor_decorator to None, run_after=None
[2023-11-16T10:02:01.421+0000] {processor.py:179} INFO - Processing /home/airflow/.local/lib/python3.8/site-packages/airflow/example_dags/example_sensor_decorator.py took 0.046 seconds
[2023-11-16T10:02:31.738+0000] {processor.py:157} INFO - Started process (PID=8331) to work on /home/airflow/.local/lib/python3.8/site-packages/airflow/example_dags/example_sensor_decorator.py
[2023-11-16T10:02:31.738+0000] {processor.py:829} INFO - Processing file /home/airflow/.local/lib/python3.8/site-packages/airflow/example_dags/example_sensor_decorator.py for tasks to queue
[2023-11-16T10:02:31.740+0000] {logging_mixin.py:151} INFO - [2023-11-16T10:02:31.739+0000] {dagbag.py:536} INFO - Filling up the DagBag from /home/airflow/.local/lib/python3.8/site-packages/airflow/example_dags/example_sensor_decorator.py
[2023-11-16T10:02:31.744+0000] {processor.py:839} INFO - DAG(s) dict_keys(['example_sensor_decorator']) retrieved from /home/airflow/.local/lib/python3.8/site-packages/airflow/example_dags/example_sensor_decorator.py
[2023-11-16T10:02:31.760+0000] {logging_mixin.py:151} INFO - [2023-11-16T10:02:31.760+0000] {dag.py:2941} INFO - Sync 1 DAGs
[2023-11-16T10:02:31.770+0000] {logging_mixin.py:151} INFO - [2023-11-16T10:02:31.770+0000] {dag.py:3722} INFO - Setting next_dagrun for example_sensor_decorator to None, run_after=None
[2023-11-16T10:02:31.785+0000] {processor.py:179} INFO - Processing /home/airflow/.local/lib/python3.8/site-packages/airflow/example_dags/example_sensor_decorator.py took 0.049 seconds
[2023-11-16T10:03:02.239+0000] {processor.py:157} INFO - Started process (PID=8387) to work on /home/airflow/.local/lib/python3.8/site-packages/airflow/example_dags/example_sensor_decorator.py
[2023-11-16T10:03:02.239+0000] {processor.py:829} INFO - Processing file /home/airflow/.local/lib/python3.8/site-packages/airflow/example_dags/example_sensor_decorator.py for tasks to queue
[2023-11-16T10:03:02.241+0000] {logging_mixin.py:151} INFO - [2023-11-16T10:03:02.240+0000] {dagbag.py:536} INFO - Filling up the DagBag from /home/airflow/.local/lib/python3.8/site-packages/airflow/example_dags/example_sensor_decorator.py
[2023-11-16T10:03:02.244+0000] {processor.py:839} INFO - DAG(s) dict_keys(['example_sensor_decorator']) retrieved from /home/airflow/.local/lib/python3.8/site-packages/airflow/example_dags/example_sensor_decorator.py
[2023-11-16T10:03:02.260+0000] {logging_mixin.py:151} INFO - [2023-11-16T10:03:02.260+0000] {dag.py:2941} INFO - Sync 1 DAGs
[2023-11-16T10:03:02.271+0000] {logging_mixin.py:151} INFO - [2023-11-16T10:03:02.271+0000] {dag.py:3722} INFO - Setting next_dagrun for example_sensor_decorator to None, run_after=None
[2023-11-16T10:03:02.287+0000] {processor.py:179} INFO - Processing /home/airflow/.local/lib/python3.8/site-packages/airflow/example_dags/example_sensor_decorator.py took 0.051 seconds
[2023-11-16T10:03:32.405+0000] {processor.py:157} INFO - Started process (PID=8443) to work on /home/airflow/.local/lib/python3.8/site-packages/airflow/example_dags/example_sensor_decorator.py
[2023-11-16T10:03:32.406+0000] {processor.py:829} INFO - Processing file /home/airflow/.local/lib/python3.8/site-packages/airflow/example_dags/example_sensor_decorator.py for tasks to queue
[2023-11-16T10:03:32.407+0000] {logging_mixin.py:151} INFO - [2023-11-16T10:03:32.407+0000] {dagbag.py:536} INFO - Filling up the DagBag from /home/airflow/.local/lib/python3.8/site-packages/airflow/example_dags/example_sensor_decorator.py
[2023-11-16T10:03:32.412+0000] {processor.py:839} INFO - DAG(s) dict_keys(['example_sensor_decorator']) retrieved from /home/airflow/.local/lib/python3.8/site-packages/airflow/example_dags/example_sensor_decorator.py
[2023-11-16T10:03:32.428+0000] {logging_mixin.py:151} INFO - [2023-11-16T10:03:32.428+0000] {dag.py:2941} INFO - Sync 1 DAGs
[2023-11-16T10:03:32.440+0000] {logging_mixin.py:151} INFO - [2023-11-16T10:03:32.440+0000] {dag.py:3722} INFO - Setting next_dagrun for example_sensor_decorator to None, run_after=None
[2023-11-16T10:03:32.454+0000] {processor.py:179} INFO - Processing /home/airflow/.local/lib/python3.8/site-packages/airflow/example_dags/example_sensor_decorator.py took 0.052 seconds
[2023-11-16T10:04:02.564+0000] {processor.py:157} INFO - Started process (PID=8499) to work on /home/airflow/.local/lib/python3.8/site-packages/airflow/example_dags/example_sensor_decorator.py
[2023-11-16T10:04:02.565+0000] {processor.py:829} INFO - Processing file /home/airflow/.local/lib/python3.8/site-packages/airflow/example_dags/example_sensor_decorator.py for tasks to queue
[2023-11-16T10:04:02.566+0000] {logging_mixin.py:151} INFO - [2023-11-16T10:04:02.566+0000] {dagbag.py:536} INFO - Filling up the DagBag from /home/airflow/.local/lib/python3.8/site-packages/airflow/example_dags/example_sensor_decorator.py
[2023-11-16T10:04:02.571+0000] {processor.py:839} INFO - DAG(s) dict_keys(['example_sensor_decorator']) retrieved from /home/airflow/.local/lib/python3.8/site-packages/airflow/example_dags/example_sensor_decorator.py
[2023-11-16T10:04:02.590+0000] {logging_mixin.py:151} INFO - [2023-11-16T10:04:02.589+0000] {dag.py:2941} INFO - Sync 1 DAGs
[2023-11-16T10:04:02.603+0000] {logging_mixin.py:151} INFO - [2023-11-16T10:04:02.603+0000] {dag.py:3722} INFO - Setting next_dagrun for example_sensor_decorator to None, run_after=None
[2023-11-16T10:04:02.622+0000] {processor.py:179} INFO - Processing /home/airflow/.local/lib/python3.8/site-packages/airflow/example_dags/example_sensor_decorator.py took 0.064 seconds
[2023-11-16T10:04:33.311+0000] {processor.py:157} INFO - Started process (PID=8555) to work on /home/airflow/.local/lib/python3.8/site-packages/airflow/example_dags/example_sensor_decorator.py
[2023-11-16T10:04:33.311+0000] {processor.py:829} INFO - Processing file /home/airflow/.local/lib/python3.8/site-packages/airflow/example_dags/example_sensor_decorator.py for tasks to queue
[2023-11-16T10:04:33.312+0000] {logging_mixin.py:151} INFO - [2023-11-16T10:04:33.312+0000] {dagbag.py:536} INFO - Filling up the DagBag from /home/airflow/.local/lib/python3.8/site-packages/airflow/example_dags/example_sensor_decorator.py
[2023-11-16T10:04:33.317+0000] {processor.py:839} INFO - DAG(s) dict_keys(['example_sensor_decorator']) retrieved from /home/airflow/.local/lib/python3.8/site-packages/airflow/example_dags/example_sensor_decorator.py
[2023-11-16T10:04:33.342+0000] {logging_mixin.py:151} INFO - [2023-11-16T10:04:33.341+0000] {dag.py:2941} INFO - Sync 1 DAGs
[2023-11-16T10:04:33.352+0000] {logging_mixin.py:151} INFO - [2023-11-16T10:04:33.351+0000] {dag.py:3722} INFO - Setting next_dagrun for example_sensor_decorator to None, run_after=None
[2023-11-16T10:04:33.368+0000] {processor.py:179} INFO - Processing /home/airflow/.local/lib/python3.8/site-packages/airflow/example_dags/example_sensor_decorator.py took 0.059 seconds
[2023-11-16T10:05:03.486+0000] {processor.py:157} INFO - Started process (PID=8613) to work on /home/airflow/.local/lib/python3.8/site-packages/airflow/example_dags/example_sensor_decorator.py
[2023-11-16T10:05:03.487+0000] {processor.py:829} INFO - Processing file /home/airflow/.local/lib/python3.8/site-packages/airflow/example_dags/example_sensor_decorator.py for tasks to queue
[2023-11-16T10:05:03.488+0000] {logging_mixin.py:151} INFO - [2023-11-16T10:05:03.488+0000] {dagbag.py:536} INFO - Filling up the DagBag from /home/airflow/.local/lib/python3.8/site-packages/airflow/example_dags/example_sensor_decorator.py
[2023-11-16T10:05:03.492+0000] {processor.py:839} INFO - DAG(s) dict_keys(['example_sensor_decorator']) retrieved from /home/airflow/.local/lib/python3.8/site-packages/airflow/example_dags/example_sensor_decorator.py
[2023-11-16T10:05:03.505+0000] {logging_mixin.py:151} INFO - [2023-11-16T10:05:03.505+0000] {dag.py:2941} INFO - Sync 1 DAGs
[2023-11-16T10:05:03.512+0000] {logging_mixin.py:151} INFO - [2023-11-16T10:05:03.512+0000] {dag.py:3722} INFO - Setting next_dagrun for example_sensor_decorator to None, run_after=None
[2023-11-16T10:05:03.525+0000] {processor.py:179} INFO - Processing /home/airflow/.local/lib/python3.8/site-packages/airflow/example_dags/example_sensor_decorator.py took 0.040 seconds
[2023-11-16T10:05:33.566+0000] {processor.py:157} INFO - Started process (PID=8669) to work on /home/airflow/.local/lib/python3.8/site-packages/airflow/example_dags/example_sensor_decorator.py
[2023-11-16T10:05:33.567+0000] {processor.py:829} INFO - Processing file /home/airflow/.local/lib/python3.8/site-packages/airflow/example_dags/example_sensor_decorator.py for tasks to queue
[2023-11-16T10:05:33.568+0000] {logging_mixin.py:151} INFO - [2023-11-16T10:05:33.568+0000] {dagbag.py:536} INFO - Filling up the DagBag from /home/airflow/.local/lib/python3.8/site-packages/airflow/example_dags/example_sensor_decorator.py
[2023-11-16T10:05:33.571+0000] {processor.py:839} INFO - DAG(s) dict_keys(['example_sensor_decorator']) retrieved from /home/airflow/.local/lib/python3.8/site-packages/airflow/example_dags/example_sensor_decorator.py
[2023-11-16T10:05:33.584+0000] {logging_mixin.py:151} INFO - [2023-11-16T10:05:33.583+0000] {dag.py:2941} INFO - Sync 1 DAGs
[2023-11-16T10:05:33.594+0000] {logging_mixin.py:151} INFO - [2023-11-16T10:05:33.593+0000] {dag.py:3722} INFO - Setting next_dagrun for example_sensor_decorator to None, run_after=None
[2023-11-16T10:05:33.605+0000] {processor.py:179} INFO - Processing /home/airflow/.local/lib/python3.8/site-packages/airflow/example_dags/example_sensor_decorator.py took 0.041 seconds
[2023-11-16T10:06:04.242+0000] {processor.py:157} INFO - Started process (PID=8725) to work on /home/airflow/.local/lib/python3.8/site-packages/airflow/example_dags/example_sensor_decorator.py
[2023-11-16T10:06:04.243+0000] {processor.py:829} INFO - Processing file /home/airflow/.local/lib/python3.8/site-packages/airflow/example_dags/example_sensor_decorator.py for tasks to queue
[2023-11-16T10:06:04.245+0000] {logging_mixin.py:151} INFO - [2023-11-16T10:06:04.244+0000] {dagbag.py:536} INFO - Filling up the DagBag from /home/airflow/.local/lib/python3.8/site-packages/airflow/example_dags/example_sensor_decorator.py
[2023-11-16T10:06:04.248+0000] {processor.py:839} INFO - DAG(s) dict_keys(['example_sensor_decorator']) retrieved from /home/airflow/.local/lib/python3.8/site-packages/airflow/example_dags/example_sensor_decorator.py
[2023-11-16T10:06:04.264+0000] {logging_mixin.py:151} INFO - [2023-11-16T10:06:04.263+0000] {dag.py:2941} INFO - Sync 1 DAGs
[2023-11-16T10:06:04.272+0000] {logging_mixin.py:151} INFO - [2023-11-16T10:06:04.272+0000] {dag.py:3722} INFO - Setting next_dagrun for example_sensor_decorator to None, run_after=None
[2023-11-16T10:06:04.285+0000] {processor.py:179} INFO - Processing /home/airflow/.local/lib/python3.8/site-packages/airflow/example_dags/example_sensor_decorator.py took 0.044 seconds
[2023-11-16T10:06:34.857+0000] {processor.py:157} INFO - Started process (PID=8780) to work on /home/airflow/.local/lib/python3.8/site-packages/airflow/example_dags/example_sensor_decorator.py
[2023-11-16T10:06:34.858+0000] {processor.py:829} INFO - Processing file /home/airflow/.local/lib/python3.8/site-packages/airflow/example_dags/example_sensor_decorator.py for tasks to queue
[2023-11-16T10:06:34.859+0000] {logging_mixin.py:151} INFO - [2023-11-16T10:06:34.859+0000] {dagbag.py:536} INFO - Filling up the DagBag from /home/airflow/.local/lib/python3.8/site-packages/airflow/example_dags/example_sensor_decorator.py
[2023-11-16T10:06:34.863+0000] {processor.py:839} INFO - DAG(s) dict_keys(['example_sensor_decorator']) retrieved from /home/airflow/.local/lib/python3.8/site-packages/airflow/example_dags/example_sensor_decorator.py
[2023-11-16T10:06:34.876+0000] {logging_mixin.py:151} INFO - [2023-11-16T10:06:34.875+0000] {dag.py:2941} INFO - Sync 1 DAGs
[2023-11-16T10:06:34.883+0000] {logging_mixin.py:151} INFO - [2023-11-16T10:06:34.883+0000] {dag.py:3722} INFO - Setting next_dagrun for example_sensor_decorator to None, run_after=None
[2023-11-16T10:06:34.895+0000] {processor.py:179} INFO - Processing /home/airflow/.local/lib/python3.8/site-packages/airflow/example_dags/example_sensor_decorator.py took 0.040 seconds
[2023-11-16T10:07:05.460+0000] {processor.py:157} INFO - Started process (PID=8836) to work on /home/airflow/.local/lib/python3.8/site-packages/airflow/example_dags/example_sensor_decorator.py
[2023-11-16T10:07:05.460+0000] {processor.py:829} INFO - Processing file /home/airflow/.local/lib/python3.8/site-packages/airflow/example_dags/example_sensor_decorator.py for tasks to queue
[2023-11-16T10:07:05.462+0000] {logging_mixin.py:151} INFO - [2023-11-16T10:07:05.461+0000] {dagbag.py:536} INFO - Filling up the DagBag from /home/airflow/.local/lib/python3.8/site-packages/airflow/example_dags/example_sensor_decorator.py
[2023-11-16T10:07:05.465+0000] {processor.py:839} INFO - DAG(s) dict_keys(['example_sensor_decorator']) retrieved from /home/airflow/.local/lib/python3.8/site-packages/airflow/example_dags/example_sensor_decorator.py
[2023-11-16T10:07:05.479+0000] {logging_mixin.py:151} INFO - [2023-11-16T10:07:05.479+0000] {dag.py:2941} INFO - Sync 1 DAGs
[2023-11-16T10:07:05.487+0000] {logging_mixin.py:151} INFO - [2023-11-16T10:07:05.487+0000] {dag.py:3722} INFO - Setting next_dagrun for example_sensor_decorator to None, run_after=None
[2023-11-16T10:07:05.499+0000] {processor.py:179} INFO - Processing /home/airflow/.local/lib/python3.8/site-packages/airflow/example_dags/example_sensor_decorator.py took 0.042 seconds
[2023-11-16T10:07:36.107+0000] {processor.py:157} INFO - Started process (PID=8893) to work on /home/airflow/.local/lib/python3.8/site-packages/airflow/example_dags/example_sensor_decorator.py
[2023-11-16T10:07:36.108+0000] {processor.py:829} INFO - Processing file /home/airflow/.local/lib/python3.8/site-packages/airflow/example_dags/example_sensor_decorator.py for tasks to queue
[2023-11-16T10:07:36.109+0000] {logging_mixin.py:151} INFO - [2023-11-16T10:07:36.109+0000] {dagbag.py:536} INFO - Filling up the DagBag from /home/airflow/.local/lib/python3.8/site-packages/airflow/example_dags/example_sensor_decorator.py
[2023-11-16T10:07:36.112+0000] {processor.py:839} INFO - DAG(s) dict_keys(['example_sensor_decorator']) retrieved from /home/airflow/.local/lib/python3.8/site-packages/airflow/example_dags/example_sensor_decorator.py
[2023-11-16T10:07:36.126+0000] {logging_mixin.py:151} INFO - [2023-11-16T10:07:36.126+0000] {dag.py:2941} INFO - Sync 1 DAGs
[2023-11-16T10:07:36.134+0000] {logging_mixin.py:151} INFO - [2023-11-16T10:07:36.134+0000] {dag.py:3722} INFO - Setting next_dagrun for example_sensor_decorator to None, run_after=None
[2023-11-16T10:07:36.146+0000] {processor.py:179} INFO - Processing /home/airflow/.local/lib/python3.8/site-packages/airflow/example_dags/example_sensor_decorator.py took 0.041 seconds
[2023-11-16T10:08:06.796+0000] {processor.py:157} INFO - Started process (PID=8949) to work on /home/airflow/.local/lib/python3.8/site-packages/airflow/example_dags/example_sensor_decorator.py
[2023-11-16T10:08:06.796+0000] {processor.py:829} INFO - Processing file /home/airflow/.local/lib/python3.8/site-packages/airflow/example_dags/example_sensor_decorator.py for tasks to queue
[2023-11-16T10:08:06.798+0000] {logging_mixin.py:151} INFO - [2023-11-16T10:08:06.797+0000] {dagbag.py:536} INFO - Filling up the DagBag from /home/airflow/.local/lib/python3.8/site-packages/airflow/example_dags/example_sensor_decorator.py
[2023-11-16T10:08:06.801+0000] {processor.py:839} INFO - DAG(s) dict_keys(['example_sensor_decorator']) retrieved from /home/airflow/.local/lib/python3.8/site-packages/airflow/example_dags/example_sensor_decorator.py
[2023-11-16T10:08:06.816+0000] {logging_mixin.py:151} INFO - [2023-11-16T10:08:06.816+0000] {dag.py:2941} INFO - Sync 1 DAGs
[2023-11-16T10:08:06.827+0000] {logging_mixin.py:151} INFO - [2023-11-16T10:08:06.827+0000] {dag.py:3722} INFO - Setting next_dagrun for example_sensor_decorator to None, run_after=None
[2023-11-16T10:08:06.843+0000] {processor.py:179} INFO - Processing /home/airflow/.local/lib/python3.8/site-packages/airflow/example_dags/example_sensor_decorator.py took 0.049 seconds
[2023-11-16T10:08:37.480+0000] {processor.py:157} INFO - Started process (PID=9005) to work on /home/airflow/.local/lib/python3.8/site-packages/airflow/example_dags/example_sensor_decorator.py
[2023-11-16T10:08:37.480+0000] {processor.py:829} INFO - Processing file /home/airflow/.local/lib/python3.8/site-packages/airflow/example_dags/example_sensor_decorator.py for tasks to queue
[2023-11-16T10:08:37.481+0000] {logging_mixin.py:151} INFO - [2023-11-16T10:08:37.481+0000] {dagbag.py:536} INFO - Filling up the DagBag from /home/airflow/.local/lib/python3.8/site-packages/airflow/example_dags/example_sensor_decorator.py
[2023-11-16T10:08:37.485+0000] {processor.py:839} INFO - DAG(s) dict_keys(['example_sensor_decorator']) retrieved from /home/airflow/.local/lib/python3.8/site-packages/airflow/example_dags/example_sensor_decorator.py
[2023-11-16T10:08:37.498+0000] {logging_mixin.py:151} INFO - [2023-11-16T10:08:37.498+0000] {dag.py:2941} INFO - Sync 1 DAGs
[2023-11-16T10:08:37.506+0000] {logging_mixin.py:151} INFO - [2023-11-16T10:08:37.506+0000] {dag.py:3722} INFO - Setting next_dagrun for example_sensor_decorator to None, run_after=None
[2023-11-16T10:08:37.517+0000] {processor.py:179} INFO - Processing /home/airflow/.local/lib/python3.8/site-packages/airflow/example_dags/example_sensor_decorator.py took 0.040 seconds
[2023-11-16T10:09:08.261+0000] {processor.py:157} INFO - Started process (PID=9062) to work on /home/airflow/.local/lib/python3.8/site-packages/airflow/example_dags/example_sensor_decorator.py
[2023-11-16T10:09:08.262+0000] {processor.py:829} INFO - Processing file /home/airflow/.local/lib/python3.8/site-packages/airflow/example_dags/example_sensor_decorator.py for tasks to queue
[2023-11-16T10:09:08.263+0000] {logging_mixin.py:151} INFO - [2023-11-16T10:09:08.263+0000] {dagbag.py:536} INFO - Filling up the DagBag from /home/airflow/.local/lib/python3.8/site-packages/airflow/example_dags/example_sensor_decorator.py
[2023-11-16T10:09:08.267+0000] {processor.py:839} INFO - DAG(s) dict_keys(['example_sensor_decorator']) retrieved from /home/airflow/.local/lib/python3.8/site-packages/airflow/example_dags/example_sensor_decorator.py
[2023-11-16T10:09:08.281+0000] {logging_mixin.py:151} INFO - [2023-11-16T10:09:08.281+0000] {dag.py:2941} INFO - Sync 1 DAGs
[2023-11-16T10:09:08.289+0000] {logging_mixin.py:151} INFO - [2023-11-16T10:09:08.289+0000] {dag.py:3722} INFO - Setting next_dagrun for example_sensor_decorator to None, run_after=None
[2023-11-16T10:09:08.301+0000] {processor.py:179} INFO - Processing /home/airflow/.local/lib/python3.8/site-packages/airflow/example_dags/example_sensor_decorator.py took 0.042 seconds
[2023-11-16T10:09:38.362+0000] {processor.py:157} INFO - Started process (PID=9118) to work on /home/airflow/.local/lib/python3.8/site-packages/airflow/example_dags/example_sensor_decorator.py
[2023-11-16T10:09:38.362+0000] {processor.py:829} INFO - Processing file /home/airflow/.local/lib/python3.8/site-packages/airflow/example_dags/example_sensor_decorator.py for tasks to queue
[2023-11-16T10:09:38.364+0000] {logging_mixin.py:151} INFO - [2023-11-16T10:09:38.364+0000] {dagbag.py:536} INFO - Filling up the DagBag from /home/airflow/.local/lib/python3.8/site-packages/airflow/example_dags/example_sensor_decorator.py
[2023-11-16T10:09:38.368+0000] {processor.py:839} INFO - DAG(s) dict_keys(['example_sensor_decorator']) retrieved from /home/airflow/.local/lib/python3.8/site-packages/airflow/example_dags/example_sensor_decorator.py
[2023-11-16T10:09:38.383+0000] {logging_mixin.py:151} INFO - [2023-11-16T10:09:38.383+0000] {dag.py:2941} INFO - Sync 1 DAGs
[2023-11-16T10:09:38.392+0000] {logging_mixin.py:151} INFO - [2023-11-16T10:09:38.392+0000] {dag.py:3722} INFO - Setting next_dagrun for example_sensor_decorator to None, run_after=None
[2023-11-16T10:09:38.405+0000] {processor.py:179} INFO - Processing /home/airflow/.local/lib/python3.8/site-packages/airflow/example_dags/example_sensor_decorator.py took 0.046 seconds
[2023-11-16T10:10:08.579+0000] {processor.py:157} INFO - Started process (PID=9174) to work on /home/airflow/.local/lib/python3.8/site-packages/airflow/example_dags/example_sensor_decorator.py
[2023-11-16T10:10:08.580+0000] {processor.py:829} INFO - Processing file /home/airflow/.local/lib/python3.8/site-packages/airflow/example_dags/example_sensor_decorator.py for tasks to queue
[2023-11-16T10:10:08.581+0000] {logging_mixin.py:151} INFO - [2023-11-16T10:10:08.580+0000] {dagbag.py:536} INFO - Filling up the DagBag from /home/airflow/.local/lib/python3.8/site-packages/airflow/example_dags/example_sensor_decorator.py
[2023-11-16T10:10:08.584+0000] {processor.py:839} INFO - DAG(s) dict_keys(['example_sensor_decorator']) retrieved from /home/airflow/.local/lib/python3.8/site-packages/airflow/example_dags/example_sensor_decorator.py
[2023-11-16T10:10:08.599+0000] {logging_mixin.py:151} INFO - [2023-11-16T10:10:08.599+0000] {dag.py:2941} INFO - Sync 1 DAGs
[2023-11-16T10:10:08.610+0000] {logging_mixin.py:151} INFO - [2023-11-16T10:10:08.610+0000] {dag.py:3722} INFO - Setting next_dagrun for example_sensor_decorator to None, run_after=None
[2023-11-16T10:10:08.622+0000] {processor.py:179} INFO - Processing /home/airflow/.local/lib/python3.8/site-packages/airflow/example_dags/example_sensor_decorator.py took 0.045 seconds
[2023-11-16T10:10:39.483+0000] {processor.py:157} INFO - Started process (PID=9229) to work on /home/airflow/.local/lib/python3.8/site-packages/airflow/example_dags/example_sensor_decorator.py
[2023-11-16T10:10:39.484+0000] {processor.py:829} INFO - Processing file /home/airflow/.local/lib/python3.8/site-packages/airflow/example_dags/example_sensor_decorator.py for tasks to queue
[2023-11-16T10:10:39.485+0000] {logging_mixin.py:151} INFO - [2023-11-16T10:10:39.485+0000] {dagbag.py:536} INFO - Filling up the DagBag from /home/airflow/.local/lib/python3.8/site-packages/airflow/example_dags/example_sensor_decorator.py
[2023-11-16T10:10:39.489+0000] {processor.py:839} INFO - DAG(s) dict_keys(['example_sensor_decorator']) retrieved from /home/airflow/.local/lib/python3.8/site-packages/airflow/example_dags/example_sensor_decorator.py
[2023-11-16T10:10:39.501+0000] {logging_mixin.py:151} INFO - [2023-11-16T10:10:39.501+0000] {dag.py:2941} INFO - Sync 1 DAGs
[2023-11-16T10:10:39.509+0000] {logging_mixin.py:151} INFO - [2023-11-16T10:10:39.509+0000] {dag.py:3722} INFO - Setting next_dagrun for example_sensor_decorator to None, run_after=None
[2023-11-16T10:10:39.521+0000] {processor.py:179} INFO - Processing /home/airflow/.local/lib/python3.8/site-packages/airflow/example_dags/example_sensor_decorator.py took 0.039 seconds
[2023-11-16T10:11:10.506+0000] {processor.py:157} INFO - Started process (PID=9285) to work on /home/airflow/.local/lib/python3.8/site-packages/airflow/example_dags/example_sensor_decorator.py
[2023-11-16T10:11:10.507+0000] {processor.py:829} INFO - Processing file /home/airflow/.local/lib/python3.8/site-packages/airflow/example_dags/example_sensor_decorator.py for tasks to queue
[2023-11-16T10:11:10.508+0000] {logging_mixin.py:151} INFO - [2023-11-16T10:11:10.508+0000] {dagbag.py:536} INFO - Filling up the DagBag from /home/airflow/.local/lib/python3.8/site-packages/airflow/example_dags/example_sensor_decorator.py
[2023-11-16T10:11:10.511+0000] {processor.py:839} INFO - DAG(s) dict_keys(['example_sensor_decorator']) retrieved from /home/airflow/.local/lib/python3.8/site-packages/airflow/example_dags/example_sensor_decorator.py
[2023-11-16T10:11:10.523+0000] {logging_mixin.py:151} INFO - [2023-11-16T10:11:10.523+0000] {dag.py:2941} INFO - Sync 1 DAGs
[2023-11-16T10:11:10.530+0000] {logging_mixin.py:151} INFO - [2023-11-16T10:11:10.530+0000] {dag.py:3722} INFO - Setting next_dagrun for example_sensor_decorator to None, run_after=None
[2023-11-16T10:11:10.541+0000] {processor.py:179} INFO - Processing /home/airflow/.local/lib/python3.8/site-packages/airflow/example_dags/example_sensor_decorator.py took 0.037 seconds
[2023-11-16T10:11:41.267+0000] {processor.py:157} INFO - Started process (PID=9341) to work on /home/airflow/.local/lib/python3.8/site-packages/airflow/example_dags/example_sensor_decorator.py
[2023-11-16T10:11:41.268+0000] {processor.py:829} INFO - Processing file /home/airflow/.local/lib/python3.8/site-packages/airflow/example_dags/example_sensor_decorator.py for tasks to queue
[2023-11-16T10:11:41.269+0000] {logging_mixin.py:151} INFO - [2023-11-16T10:11:41.269+0000] {dagbag.py:536} INFO - Filling up the DagBag from /home/airflow/.local/lib/python3.8/site-packages/airflow/example_dags/example_sensor_decorator.py
[2023-11-16T10:11:41.273+0000] {processor.py:839} INFO - DAG(s) dict_keys(['example_sensor_decorator']) retrieved from /home/airflow/.local/lib/python3.8/site-packages/airflow/example_dags/example_sensor_decorator.py
[2023-11-16T10:11:41.285+0000] {logging_mixin.py:151} INFO - [2023-11-16T10:11:41.285+0000] {dag.py:2941} INFO - Sync 1 DAGs
[2023-11-16T10:11:41.293+0000] {logging_mixin.py:151} INFO - [2023-11-16T10:11:41.293+0000] {dag.py:3722} INFO - Setting next_dagrun for example_sensor_decorator to None, run_after=None
[2023-11-16T10:11:41.305+0000] {processor.py:179} INFO - Processing /home/airflow/.local/lib/python3.8/site-packages/airflow/example_dags/example_sensor_decorator.py took 0.040 seconds
[2023-11-16T10:12:11.367+0000] {processor.py:157} INFO - Started process (PID=9398) to work on /home/airflow/.local/lib/python3.8/site-packages/airflow/example_dags/example_sensor_decorator.py
[2023-11-16T10:12:11.368+0000] {processor.py:829} INFO - Processing file /home/airflow/.local/lib/python3.8/site-packages/airflow/example_dags/example_sensor_decorator.py for tasks to queue
[2023-11-16T10:12:11.369+0000] {logging_mixin.py:151} INFO - [2023-11-16T10:12:11.369+0000] {dagbag.py:536} INFO - Filling up the DagBag from /home/airflow/.local/lib/python3.8/site-packages/airflow/example_dags/example_sensor_decorator.py
[2023-11-16T10:12:11.372+0000] {processor.py:839} INFO - DAG(s) dict_keys(['example_sensor_decorator']) retrieved from /home/airflow/.local/lib/python3.8/site-packages/airflow/example_dags/example_sensor_decorator.py
[2023-11-16T10:12:11.386+0000] {logging_mixin.py:151} INFO - [2023-11-16T10:12:11.386+0000] {dag.py:2941} INFO - Sync 1 DAGs
[2023-11-16T10:12:11.395+0000] {logging_mixin.py:151} INFO - [2023-11-16T10:12:11.395+0000] {dag.py:3722} INFO - Setting next_dagrun for example_sensor_decorator to None, run_after=None
[2023-11-16T10:12:11.408+0000] {processor.py:179} INFO - Processing /home/airflow/.local/lib/python3.8/site-packages/airflow/example_dags/example_sensor_decorator.py took 0.043 seconds
[2023-11-16T10:12:42.690+0000] {processor.py:157} INFO - Started process (PID=9455) to work on /home/airflow/.local/lib/python3.8/site-packages/airflow/example_dags/example_sensor_decorator.py
[2023-11-16T10:12:42.691+0000] {processor.py:829} INFO - Processing file /home/airflow/.local/lib/python3.8/site-packages/airflow/example_dags/example_sensor_decorator.py for tasks to queue
[2023-11-16T10:12:42.692+0000] {logging_mixin.py:151} INFO - [2023-11-16T10:12:42.692+0000] {dagbag.py:536} INFO - Filling up the DagBag from /home/airflow/.local/lib/python3.8/site-packages/airflow/example_dags/example_sensor_decorator.py
[2023-11-16T10:12:42.695+0000] {processor.py:839} INFO - DAG(s) dict_keys(['example_sensor_decorator']) retrieved from /home/airflow/.local/lib/python3.8/site-packages/airflow/example_dags/example_sensor_decorator.py
[2023-11-16T10:12:42.708+0000] {logging_mixin.py:151} INFO - [2023-11-16T10:12:42.707+0000] {dag.py:2941} INFO - Sync 1 DAGs
[2023-11-16T10:12:42.804+0000] {logging_mixin.py:151} INFO - [2023-11-16T10:12:42.803+0000] {dag.py:3722} INFO - Setting next_dagrun for example_sensor_decorator to None, run_after=None
[2023-11-16T10:12:42.817+0000] {processor.py:179} INFO - Processing /home/airflow/.local/lib/python3.8/site-packages/airflow/example_dags/example_sensor_decorator.py took 0.128 seconds
[2023-11-16T10:13:13.439+0000] {processor.py:157} INFO - Started process (PID=9512) to work on /home/airflow/.local/lib/python3.8/site-packages/airflow/example_dags/example_sensor_decorator.py
[2023-11-16T10:13:13.439+0000] {processor.py:829} INFO - Processing file /home/airflow/.local/lib/python3.8/site-packages/airflow/example_dags/example_sensor_decorator.py for tasks to queue
[2023-11-16T10:13:13.441+0000] {logging_mixin.py:151} INFO - [2023-11-16T10:13:13.440+0000] {dagbag.py:536} INFO - Filling up the DagBag from /home/airflow/.local/lib/python3.8/site-packages/airflow/example_dags/example_sensor_decorator.py
[2023-11-16T10:13:13.444+0000] {processor.py:839} INFO - DAG(s) dict_keys(['example_sensor_decorator']) retrieved from /home/airflow/.local/lib/python3.8/site-packages/airflow/example_dags/example_sensor_decorator.py
[2023-11-16T10:13:13.460+0000] {logging_mixin.py:151} INFO - [2023-11-16T10:13:13.459+0000] {dag.py:2941} INFO - Sync 1 DAGs
[2023-11-16T10:13:13.572+0000] {logging_mixin.py:151} INFO - [2023-11-16T10:13:13.572+0000] {dag.py:3722} INFO - Setting next_dagrun for example_sensor_decorator to None, run_after=None
[2023-11-16T10:13:13.584+0000] {processor.py:179} INFO - Processing /home/airflow/.local/lib/python3.8/site-packages/airflow/example_dags/example_sensor_decorator.py took 0.147 seconds
[2023-11-16T10:13:43.818+0000] {processor.py:157} INFO - Started process (PID=9568) to work on /home/airflow/.local/lib/python3.8/site-packages/airflow/example_dags/example_sensor_decorator.py
[2023-11-16T10:13:43.818+0000] {processor.py:829} INFO - Processing file /home/airflow/.local/lib/python3.8/site-packages/airflow/example_dags/example_sensor_decorator.py for tasks to queue
[2023-11-16T10:13:43.820+0000] {logging_mixin.py:151} INFO - [2023-11-16T10:13:43.819+0000] {dagbag.py:536} INFO - Filling up the DagBag from /home/airflow/.local/lib/python3.8/site-packages/airflow/example_dags/example_sensor_decorator.py
[2023-11-16T10:13:43.823+0000] {processor.py:839} INFO - DAG(s) dict_keys(['example_sensor_decorator']) retrieved from /home/airflow/.local/lib/python3.8/site-packages/airflow/example_dags/example_sensor_decorator.py
[2023-11-16T10:13:43.835+0000] {logging_mixin.py:151} INFO - [2023-11-16T10:13:43.835+0000] {dag.py:2941} INFO - Sync 1 DAGs
[2023-11-16T10:13:43.843+0000] {logging_mixin.py:151} INFO - [2023-11-16T10:13:43.843+0000] {dag.py:3722} INFO - Setting next_dagrun for example_sensor_decorator to None, run_after=None
[2023-11-16T10:13:43.856+0000] {processor.py:179} INFO - Processing /home/airflow/.local/lib/python3.8/site-packages/airflow/example_dags/example_sensor_decorator.py took 0.041 seconds
[2023-11-16T10:14:14.592+0000] {processor.py:157} INFO - Started process (PID=9624) to work on /home/airflow/.local/lib/python3.8/site-packages/airflow/example_dags/example_sensor_decorator.py
[2023-11-16T10:14:14.592+0000] {processor.py:829} INFO - Processing file /home/airflow/.local/lib/python3.8/site-packages/airflow/example_dags/example_sensor_decorator.py for tasks to queue
[2023-11-16T10:14:14.593+0000] {logging_mixin.py:151} INFO - [2023-11-16T10:14:14.593+0000] {dagbag.py:536} INFO - Filling up the DagBag from /home/airflow/.local/lib/python3.8/site-packages/airflow/example_dags/example_sensor_decorator.py
[2023-11-16T10:14:14.597+0000] {processor.py:839} INFO - DAG(s) dict_keys(['example_sensor_decorator']) retrieved from /home/airflow/.local/lib/python3.8/site-packages/airflow/example_dags/example_sensor_decorator.py
[2023-11-16T10:14:14.610+0000] {logging_mixin.py:151} INFO - [2023-11-16T10:14:14.609+0000] {dag.py:2941} INFO - Sync 1 DAGs
[2023-11-16T10:14:14.617+0000] {logging_mixin.py:151} INFO - [2023-11-16T10:14:14.617+0000] {dag.py:3722} INFO - Setting next_dagrun for example_sensor_decorator to None, run_after=None
[2023-11-16T10:14:14.630+0000] {processor.py:179} INFO - Processing /home/airflow/.local/lib/python3.8/site-packages/airflow/example_dags/example_sensor_decorator.py took 0.041 seconds
[2023-11-16T10:14:45.514+0000] {processor.py:157} INFO - Started process (PID=9680) to work on /home/airflow/.local/lib/python3.8/site-packages/airflow/example_dags/example_sensor_decorator.py
[2023-11-16T10:14:45.515+0000] {processor.py:829} INFO - Processing file /home/airflow/.local/lib/python3.8/site-packages/airflow/example_dags/example_sensor_decorator.py for tasks to queue
[2023-11-16T10:14:45.516+0000] {logging_mixin.py:151} INFO - [2023-11-16T10:14:45.516+0000] {dagbag.py:536} INFO - Filling up the DagBag from /home/airflow/.local/lib/python3.8/site-packages/airflow/example_dags/example_sensor_decorator.py
[2023-11-16T10:14:45.521+0000] {processor.py:839} INFO - DAG(s) dict_keys(['example_sensor_decorator']) retrieved from /home/airflow/.local/lib/python3.8/site-packages/airflow/example_dags/example_sensor_decorator.py
[2023-11-16T10:14:45.535+0000] {logging_mixin.py:151} INFO - [2023-11-16T10:14:45.535+0000] {dag.py:2941} INFO - Sync 1 DAGs
[2023-11-16T10:14:45.545+0000] {logging_mixin.py:151} INFO - [2023-11-16T10:14:45.544+0000] {dag.py:3722} INFO - Setting next_dagrun for example_sensor_decorator to None, run_after=None
[2023-11-16T10:14:45.557+0000] {processor.py:179} INFO - Processing /home/airflow/.local/lib/python3.8/site-packages/airflow/example_dags/example_sensor_decorator.py took 0.045 seconds
[2023-11-16T10:15:16.265+0000] {processor.py:157} INFO - Started process (PID=9737) to work on /home/airflow/.local/lib/python3.8/site-packages/airflow/example_dags/example_sensor_decorator.py
[2023-11-16T10:15:16.265+0000] {processor.py:829} INFO - Processing file /home/airflow/.local/lib/python3.8/site-packages/airflow/example_dags/example_sensor_decorator.py for tasks to queue
[2023-11-16T10:15:16.266+0000] {logging_mixin.py:151} INFO - [2023-11-16T10:15:16.266+0000] {dagbag.py:536} INFO - Filling up the DagBag from /home/airflow/.local/lib/python3.8/site-packages/airflow/example_dags/example_sensor_decorator.py
[2023-11-16T10:15:16.270+0000] {processor.py:839} INFO - DAG(s) dict_keys(['example_sensor_decorator']) retrieved from /home/airflow/.local/lib/python3.8/site-packages/airflow/example_dags/example_sensor_decorator.py
[2023-11-16T10:15:16.281+0000] {logging_mixin.py:151} INFO - [2023-11-16T10:15:16.281+0000] {dag.py:2941} INFO - Sync 1 DAGs
[2023-11-16T10:15:16.288+0000] {logging_mixin.py:151} INFO - [2023-11-16T10:15:16.288+0000] {dag.py:3722} INFO - Setting next_dagrun for example_sensor_decorator to None, run_after=None
[2023-11-16T10:15:16.299+0000] {processor.py:179} INFO - Processing /home/airflow/.local/lib/python3.8/site-packages/airflow/example_dags/example_sensor_decorator.py took 0.036 seconds
[2023-11-16T10:15:46.888+0000] {processor.py:157} INFO - Started process (PID=9794) to work on /home/airflow/.local/lib/python3.8/site-packages/airflow/example_dags/example_sensor_decorator.py
[2023-11-16T10:15:46.889+0000] {processor.py:829} INFO - Processing file /home/airflow/.local/lib/python3.8/site-packages/airflow/example_dags/example_sensor_decorator.py for tasks to queue
[2023-11-16T10:15:46.890+0000] {logging_mixin.py:151} INFO - [2023-11-16T10:15:46.890+0000] {dagbag.py:536} INFO - Filling up the DagBag from /home/airflow/.local/lib/python3.8/site-packages/airflow/example_dags/example_sensor_decorator.py
[2023-11-16T10:15:46.893+0000] {processor.py:839} INFO - DAG(s) dict_keys(['example_sensor_decorator']) retrieved from /home/airflow/.local/lib/python3.8/site-packages/airflow/example_dags/example_sensor_decorator.py
[2023-11-16T10:15:46.905+0000] {logging_mixin.py:151} INFO - [2023-11-16T10:15:46.905+0000] {dag.py:2941} INFO - Sync 1 DAGs
[2023-11-16T10:15:46.915+0000] {logging_mixin.py:151} INFO - [2023-11-16T10:15:46.915+0000] {dag.py:3722} INFO - Setting next_dagrun for example_sensor_decorator to None, run_after=None
[2023-11-16T10:15:46.928+0000] {processor.py:179} INFO - Processing /home/airflow/.local/lib/python3.8/site-packages/airflow/example_dags/example_sensor_decorator.py took 0.042 seconds
[2023-11-16T10:16:17.443+0000] {processor.py:157} INFO - Started process (PID=9850) to work on /home/airflow/.local/lib/python3.8/site-packages/airflow/example_dags/example_sensor_decorator.py
[2023-11-16T10:16:17.444+0000] {processor.py:829} INFO - Processing file /home/airflow/.local/lib/python3.8/site-packages/airflow/example_dags/example_sensor_decorator.py for tasks to queue
[2023-11-16T10:16:17.445+0000] {logging_mixin.py:151} INFO - [2023-11-16T10:16:17.445+0000] {dagbag.py:536} INFO - Filling up the DagBag from /home/airflow/.local/lib/python3.8/site-packages/airflow/example_dags/example_sensor_decorator.py
[2023-11-16T10:16:17.448+0000] {processor.py:839} INFO - DAG(s) dict_keys(['example_sensor_decorator']) retrieved from /home/airflow/.local/lib/python3.8/site-packages/airflow/example_dags/example_sensor_decorator.py
[2023-11-16T10:16:17.461+0000] {logging_mixin.py:151} INFO - [2023-11-16T10:16:17.460+0000] {dag.py:2941} INFO - Sync 1 DAGs
[2023-11-16T10:16:17.471+0000] {logging_mixin.py:151} INFO - [2023-11-16T10:16:17.470+0000] {dag.py:3722} INFO - Setting next_dagrun for example_sensor_decorator to None, run_after=None
[2023-11-16T10:16:17.482+0000] {processor.py:179} INFO - Processing /home/airflow/.local/lib/python3.8/site-packages/airflow/example_dags/example_sensor_decorator.py took 0.041 seconds
[2023-11-16T10:16:48.113+0000] {processor.py:157} INFO - Started process (PID=9906) to work on /home/airflow/.local/lib/python3.8/site-packages/airflow/example_dags/example_sensor_decorator.py
[2023-11-16T10:16:48.113+0000] {processor.py:829} INFO - Processing file /home/airflow/.local/lib/python3.8/site-packages/airflow/example_dags/example_sensor_decorator.py for tasks to queue
[2023-11-16T10:16:48.115+0000] {logging_mixin.py:151} INFO - [2023-11-16T10:16:48.115+0000] {dagbag.py:536} INFO - Filling up the DagBag from /home/airflow/.local/lib/python3.8/site-packages/airflow/example_dags/example_sensor_decorator.py
[2023-11-16T10:16:48.119+0000] {processor.py:839} INFO - DAG(s) dict_keys(['example_sensor_decorator']) retrieved from /home/airflow/.local/lib/python3.8/site-packages/airflow/example_dags/example_sensor_decorator.py
[2023-11-16T10:16:48.131+0000] {logging_mixin.py:151} INFO - [2023-11-16T10:16:48.131+0000] {dag.py:2941} INFO - Sync 1 DAGs
[2023-11-16T10:16:48.141+0000] {logging_mixin.py:151} INFO - [2023-11-16T10:16:48.141+0000] {dag.py:3722} INFO - Setting next_dagrun for example_sensor_decorator to None, run_after=None
[2023-11-16T10:16:48.153+0000] {processor.py:179} INFO - Processing /home/airflow/.local/lib/python3.8/site-packages/airflow/example_dags/example_sensor_decorator.py took 0.043 seconds
[2023-11-16T10:17:18.680+0000] {processor.py:157} INFO - Started process (PID=9962) to work on /home/airflow/.local/lib/python3.8/site-packages/airflow/example_dags/example_sensor_decorator.py
[2023-11-16T10:17:18.681+0000] {processor.py:829} INFO - Processing file /home/airflow/.local/lib/python3.8/site-packages/airflow/example_dags/example_sensor_decorator.py for tasks to queue
[2023-11-16T10:17:18.682+0000] {logging_mixin.py:151} INFO - [2023-11-16T10:17:18.682+0000] {dagbag.py:536} INFO - Filling up the DagBag from /home/airflow/.local/lib/python3.8/site-packages/airflow/example_dags/example_sensor_decorator.py
[2023-11-16T10:17:18.686+0000] {processor.py:839} INFO - DAG(s) dict_keys(['example_sensor_decorator']) retrieved from /home/airflow/.local/lib/python3.8/site-packages/airflow/example_dags/example_sensor_decorator.py
[2023-11-16T10:17:18.699+0000] {logging_mixin.py:151} INFO - [2023-11-16T10:17:18.699+0000] {dag.py:2941} INFO - Sync 1 DAGs
[2023-11-16T10:17:18.709+0000] {logging_mixin.py:151} INFO - [2023-11-16T10:17:18.709+0000] {dag.py:3722} INFO - Setting next_dagrun for example_sensor_decorator to None, run_after=None
[2023-11-16T10:17:18.722+0000] {processor.py:179} INFO - Processing /home/airflow/.local/lib/python3.8/site-packages/airflow/example_dags/example_sensor_decorator.py took 0.044 seconds
[2023-11-16T10:17:49.347+0000] {processor.py:157} INFO - Started process (PID=10018) to work on /home/airflow/.local/lib/python3.8/site-packages/airflow/example_dags/example_sensor_decorator.py
[2023-11-16T10:17:49.348+0000] {processor.py:829} INFO - Processing file /home/airflow/.local/lib/python3.8/site-packages/airflow/example_dags/example_sensor_decorator.py for tasks to queue
[2023-11-16T10:17:49.349+0000] {logging_mixin.py:151} INFO - [2023-11-16T10:17:49.349+0000] {dagbag.py:536} INFO - Filling up the DagBag from /home/airflow/.local/lib/python3.8/site-packages/airflow/example_dags/example_sensor_decorator.py
[2023-11-16T10:17:49.353+0000] {processor.py:839} INFO - DAG(s) dict_keys(['example_sensor_decorator']) retrieved from /home/airflow/.local/lib/python3.8/site-packages/airflow/example_dags/example_sensor_decorator.py
[2023-11-16T10:17:49.366+0000] {logging_mixin.py:151} INFO - [2023-11-16T10:17:49.365+0000] {dag.py:2941} INFO - Sync 1 DAGs
[2023-11-16T10:17:49.374+0000] {logging_mixin.py:151} INFO - [2023-11-16T10:17:49.374+0000] {dag.py:3722} INFO - Setting next_dagrun for example_sensor_decorator to None, run_after=None
[2023-11-16T10:17:49.386+0000] {processor.py:179} INFO - Processing /home/airflow/.local/lib/python3.8/site-packages/airflow/example_dags/example_sensor_decorator.py took 0.041 seconds
[2023-11-16T10:18:19.951+0000] {processor.py:157} INFO - Started process (PID=10074) to work on /home/airflow/.local/lib/python3.8/site-packages/airflow/example_dags/example_sensor_decorator.py
[2023-11-16T10:18:19.952+0000] {processor.py:829} INFO - Processing file /home/airflow/.local/lib/python3.8/site-packages/airflow/example_dags/example_sensor_decorator.py for tasks to queue
[2023-11-16T10:18:19.953+0000] {logging_mixin.py:151} INFO - [2023-11-16T10:18:19.953+0000] {dagbag.py:536} INFO - Filling up the DagBag from /home/airflow/.local/lib/python3.8/site-packages/airflow/example_dags/example_sensor_decorator.py
[2023-11-16T10:18:19.957+0000] {processor.py:839} INFO - DAG(s) dict_keys(['example_sensor_decorator']) retrieved from /home/airflow/.local/lib/python3.8/site-packages/airflow/example_dags/example_sensor_decorator.py
[2023-11-16T10:18:19.970+0000] {logging_mixin.py:151} INFO - [2023-11-16T10:18:19.970+0000] {dag.py:2941} INFO - Sync 1 DAGs
[2023-11-16T10:18:19.980+0000] {logging_mixin.py:151} INFO - [2023-11-16T10:18:19.980+0000] {dag.py:3722} INFO - Setting next_dagrun for example_sensor_decorator to None, run_after=None
[2023-11-16T10:18:19.993+0000] {processor.py:179} INFO - Processing /home/airflow/.local/lib/python3.8/site-packages/airflow/example_dags/example_sensor_decorator.py took 0.044 seconds
[2023-11-16T10:18:50.648+0000] {processor.py:157} INFO - Started process (PID=10130) to work on /home/airflow/.local/lib/python3.8/site-packages/airflow/example_dags/example_sensor_decorator.py
[2023-11-16T10:18:50.649+0000] {processor.py:829} INFO - Processing file /home/airflow/.local/lib/python3.8/site-packages/airflow/example_dags/example_sensor_decorator.py for tasks to queue
[2023-11-16T10:18:50.650+0000] {logging_mixin.py:151} INFO - [2023-11-16T10:18:50.650+0000] {dagbag.py:536} INFO - Filling up the DagBag from /home/airflow/.local/lib/python3.8/site-packages/airflow/example_dags/example_sensor_decorator.py
[2023-11-16T10:18:50.655+0000] {processor.py:839} INFO - DAG(s) dict_keys(['example_sensor_decorator']) retrieved from /home/airflow/.local/lib/python3.8/site-packages/airflow/example_dags/example_sensor_decorator.py
[2023-11-16T10:18:50.668+0000] {logging_mixin.py:151} INFO - [2023-11-16T10:18:50.668+0000] {dag.py:2941} INFO - Sync 1 DAGs
[2023-11-16T10:18:50.679+0000] {logging_mixin.py:151} INFO - [2023-11-16T10:18:50.678+0000] {dag.py:3722} INFO - Setting next_dagrun for example_sensor_decorator to None, run_after=None
[2023-11-16T10:18:50.690+0000] {processor.py:179} INFO - Processing /home/airflow/.local/lib/python3.8/site-packages/airflow/example_dags/example_sensor_decorator.py took 0.045 seconds
[2023-11-16T10:19:21.452+0000] {processor.py:157} INFO - Started process (PID=10186) to work on /home/airflow/.local/lib/python3.8/site-packages/airflow/example_dags/example_sensor_decorator.py
[2023-11-16T10:19:21.453+0000] {processor.py:829} INFO - Processing file /home/airflow/.local/lib/python3.8/site-packages/airflow/example_dags/example_sensor_decorator.py for tasks to queue
[2023-11-16T10:19:21.454+0000] {logging_mixin.py:151} INFO - [2023-11-16T10:19:21.454+0000] {dagbag.py:536} INFO - Filling up the DagBag from /home/airflow/.local/lib/python3.8/site-packages/airflow/example_dags/example_sensor_decorator.py
[2023-11-16T10:19:21.458+0000] {processor.py:839} INFO - DAG(s) dict_keys(['example_sensor_decorator']) retrieved from /home/airflow/.local/lib/python3.8/site-packages/airflow/example_dags/example_sensor_decorator.py
[2023-11-16T10:19:21.471+0000] {logging_mixin.py:151} INFO - [2023-11-16T10:19:21.471+0000] {dag.py:2941} INFO - Sync 1 DAGs
[2023-11-16T10:19:21.482+0000] {logging_mixin.py:151} INFO - [2023-11-16T10:19:21.482+0000] {dag.py:3722} INFO - Setting next_dagrun for example_sensor_decorator to None, run_after=None
[2023-11-16T10:19:21.493+0000] {processor.py:179} INFO - Processing /home/airflow/.local/lib/python3.8/site-packages/airflow/example_dags/example_sensor_decorator.py took 0.043 seconds
[2023-11-16T10:19:52.131+0000] {processor.py:157} INFO - Started process (PID=10242) to work on /home/airflow/.local/lib/python3.8/site-packages/airflow/example_dags/example_sensor_decorator.py
[2023-11-16T10:19:52.132+0000] {processor.py:829} INFO - Processing file /home/airflow/.local/lib/python3.8/site-packages/airflow/example_dags/example_sensor_decorator.py for tasks to queue
[2023-11-16T10:19:52.133+0000] {logging_mixin.py:151} INFO - [2023-11-16T10:19:52.133+0000] {dagbag.py:536} INFO - Filling up the DagBag from /home/airflow/.local/lib/python3.8/site-packages/airflow/example_dags/example_sensor_decorator.py
[2023-11-16T10:19:52.137+0000] {processor.py:839} INFO - DAG(s) dict_keys(['example_sensor_decorator']) retrieved from /home/airflow/.local/lib/python3.8/site-packages/airflow/example_dags/example_sensor_decorator.py
[2023-11-16T10:19:52.149+0000] {logging_mixin.py:151} INFO - [2023-11-16T10:19:52.149+0000] {dag.py:2941} INFO - Sync 1 DAGs
[2023-11-16T10:19:52.157+0000] {logging_mixin.py:151} INFO - [2023-11-16T10:19:52.157+0000] {dag.py:3722} INFO - Setting next_dagrun for example_sensor_decorator to None, run_after=None
[2023-11-16T10:19:52.169+0000] {processor.py:179} INFO - Processing /home/airflow/.local/lib/python3.8/site-packages/airflow/example_dags/example_sensor_decorator.py took 0.040 seconds
[2023-11-16T10:20:22.765+0000] {processor.py:157} INFO - Started process (PID=10298) to work on /home/airflow/.local/lib/python3.8/site-packages/airflow/example_dags/example_sensor_decorator.py
[2023-11-16T10:20:22.765+0000] {processor.py:829} INFO - Processing file /home/airflow/.local/lib/python3.8/site-packages/airflow/example_dags/example_sensor_decorator.py for tasks to queue
[2023-11-16T10:20:22.767+0000] {logging_mixin.py:151} INFO - [2023-11-16T10:20:22.766+0000] {dagbag.py:536} INFO - Filling up the DagBag from /home/airflow/.local/lib/python3.8/site-packages/airflow/example_dags/example_sensor_decorator.py
[2023-11-16T10:20:22.770+0000] {processor.py:839} INFO - DAG(s) dict_keys(['example_sensor_decorator']) retrieved from /home/airflow/.local/lib/python3.8/site-packages/airflow/example_dags/example_sensor_decorator.py
[2023-11-16T10:20:22.785+0000] {logging_mixin.py:151} INFO - [2023-11-16T10:20:22.785+0000] {dag.py:2941} INFO - Sync 1 DAGs
[2023-11-16T10:20:22.796+0000] {logging_mixin.py:151} INFO - [2023-11-16T10:20:22.796+0000] {dag.py:3722} INFO - Setting next_dagrun for example_sensor_decorator to None, run_after=None
[2023-11-16T10:20:22.811+0000] {processor.py:179} INFO - Processing /home/airflow/.local/lib/python3.8/site-packages/airflow/example_dags/example_sensor_decorator.py took 0.048 seconds
[2023-11-16T10:20:53.450+0000] {processor.py:157} INFO - Started process (PID=10354) to work on /home/airflow/.local/lib/python3.8/site-packages/airflow/example_dags/example_sensor_decorator.py
[2023-11-16T10:20:53.450+0000] {processor.py:829} INFO - Processing file /home/airflow/.local/lib/python3.8/site-packages/airflow/example_dags/example_sensor_decorator.py for tasks to queue
[2023-11-16T10:20:53.451+0000] {logging_mixin.py:151} INFO - [2023-11-16T10:20:53.451+0000] {dagbag.py:536} INFO - Filling up the DagBag from /home/airflow/.local/lib/python3.8/site-packages/airflow/example_dags/example_sensor_decorator.py
[2023-11-16T10:20:53.455+0000] {processor.py:839} INFO - DAG(s) dict_keys(['example_sensor_decorator']) retrieved from /home/airflow/.local/lib/python3.8/site-packages/airflow/example_dags/example_sensor_decorator.py
[2023-11-16T10:20:53.467+0000] {logging_mixin.py:151} INFO - [2023-11-16T10:20:53.467+0000] {dag.py:2941} INFO - Sync 1 DAGs
[2023-11-16T10:20:53.477+0000] {logging_mixin.py:151} INFO - [2023-11-16T10:20:53.477+0000] {dag.py:3722} INFO - Setting next_dagrun for example_sensor_decorator to None, run_after=None
[2023-11-16T10:20:53.490+0000] {processor.py:179} INFO - Processing /home/airflow/.local/lib/python3.8/site-packages/airflow/example_dags/example_sensor_decorator.py took 0.043 seconds
