[2023-11-16T09:44:19.175+0000] {processor.py:157} INFO - Started process (PID=6290) to work on /home/airflow/.local/lib/python3.8/site-packages/airflow/example_dags/example_xcom.py
[2023-11-16T09:44:19.176+0000] {processor.py:829} INFO - Processing file /home/airflow/.local/lib/python3.8/site-packages/airflow/example_dags/example_xcom.py for tasks to queue
[2023-11-16T09:44:19.178+0000] {logging_mixin.py:151} INFO - [2023-11-16T09:44:19.177+0000] {dagbag.py:536} INFO - Filling up the DagBag from /home/airflow/.local/lib/python3.8/site-packages/airflow/example_dags/example_xcom.py
[2023-11-16T09:44:19.192+0000] {processor.py:839} INFO - DAG(s) dict_keys(['example_xcom']) retrieved from /home/airflow/.local/lib/python3.8/site-packages/airflow/example_dags/example_xcom.py
[2023-11-16T09:44:19.229+0000] {logging_mixin.py:151} INFO - [2023-11-16T09:44:19.228+0000] {dag.py:2941} INFO - Sync 1 DAGs
[2023-11-16T09:44:19.266+0000] {logging_mixin.py:151} INFO - [2023-11-16T09:44:19.266+0000] {dag.py:3722} INFO - Setting next_dagrun for example_xcom to 2021-01-01T00:00:00+00:00, run_after=2021-01-01T00:00:00+00:00
[2023-11-16T09:44:19.301+0000] {processor.py:179} INFO - Processing /home/airflow/.local/lib/python3.8/site-packages/airflow/example_dags/example_xcom.py took 0.134 seconds
[2023-11-16T09:44:50.169+0000] {processor.py:157} INFO - Started process (PID=6346) to work on /home/airflow/.local/lib/python3.8/site-packages/airflow/example_dags/example_xcom.py
[2023-11-16T09:44:50.170+0000] {processor.py:829} INFO - Processing file /home/airflow/.local/lib/python3.8/site-packages/airflow/example_dags/example_xcom.py for tasks to queue
[2023-11-16T09:44:50.171+0000] {logging_mixin.py:151} INFO - [2023-11-16T09:44:50.171+0000] {dagbag.py:536} INFO - Filling up the DagBag from /home/airflow/.local/lib/python3.8/site-packages/airflow/example_dags/example_xcom.py
[2023-11-16T09:44:50.175+0000] {processor.py:839} INFO - DAG(s) dict_keys(['example_xcom']) retrieved from /home/airflow/.local/lib/python3.8/site-packages/airflow/example_dags/example_xcom.py
[2023-11-16T09:44:50.190+0000] {logging_mixin.py:151} INFO - [2023-11-16T09:44:50.190+0000] {dag.py:2941} INFO - Sync 1 DAGs
[2023-11-16T09:44:50.206+0000] {logging_mixin.py:151} INFO - [2023-11-16T09:44:50.206+0000] {dag.py:3722} INFO - Setting next_dagrun for example_xcom to 2021-01-01T00:00:00+00:00, run_after=2021-01-01T00:00:00+00:00
[2023-11-16T09:44:50.218+0000] {processor.py:179} INFO - Processing /home/airflow/.local/lib/python3.8/site-packages/airflow/example_dags/example_xcom.py took 0.050 seconds
[2023-11-16T09:45:20.328+0000] {processor.py:157} INFO - Started process (PID=6402) to work on /home/airflow/.local/lib/python3.8/site-packages/airflow/example_dags/example_xcom.py
[2023-11-16T09:45:20.328+0000] {processor.py:829} INFO - Processing file /home/airflow/.local/lib/python3.8/site-packages/airflow/example_dags/example_xcom.py for tasks to queue
[2023-11-16T09:45:20.329+0000] {logging_mixin.py:151} INFO - [2023-11-16T09:45:20.329+0000] {dagbag.py:536} INFO - Filling up the DagBag from /home/airflow/.local/lib/python3.8/site-packages/airflow/example_dags/example_xcom.py
[2023-11-16T09:45:20.334+0000] {processor.py:839} INFO - DAG(s) dict_keys(['example_xcom']) retrieved from /home/airflow/.local/lib/python3.8/site-packages/airflow/example_dags/example_xcom.py
[2023-11-16T09:45:20.348+0000] {logging_mixin.py:151} INFO - [2023-11-16T09:45:20.348+0000] {dag.py:2941} INFO - Sync 1 DAGs
[2023-11-16T09:45:20.364+0000] {logging_mixin.py:151} INFO - [2023-11-16T09:45:20.364+0000] {dag.py:3722} INFO - Setting next_dagrun for example_xcom to 2021-01-01T00:00:00+00:00, run_after=2021-01-01T00:00:00+00:00
[2023-11-16T09:45:20.375+0000] {processor.py:179} INFO - Processing /home/airflow/.local/lib/python3.8/site-packages/airflow/example_dags/example_xcom.py took 0.050 seconds
[2023-11-16T09:45:50.403+0000] {processor.py:157} INFO - Started process (PID=6459) to work on /home/airflow/.local/lib/python3.8/site-packages/airflow/example_dags/example_xcom.py
[2023-11-16T09:45:50.404+0000] {processor.py:829} INFO - Processing file /home/airflow/.local/lib/python3.8/site-packages/airflow/example_dags/example_xcom.py for tasks to queue
[2023-11-16T09:45:50.405+0000] {logging_mixin.py:151} INFO - [2023-11-16T09:45:50.405+0000] {dagbag.py:536} INFO - Filling up the DagBag from /home/airflow/.local/lib/python3.8/site-packages/airflow/example_dags/example_xcom.py
[2023-11-16T09:45:50.410+0000] {processor.py:839} INFO - DAG(s) dict_keys(['example_xcom']) retrieved from /home/airflow/.local/lib/python3.8/site-packages/airflow/example_dags/example_xcom.py
[2023-11-16T09:45:50.423+0000] {logging_mixin.py:151} INFO - [2023-11-16T09:45:50.423+0000] {dag.py:2941} INFO - Sync 1 DAGs
[2023-11-16T09:45:50.437+0000] {logging_mixin.py:151} INFO - [2023-11-16T09:45:50.437+0000] {dag.py:3722} INFO - Setting next_dagrun for example_xcom to 2021-01-01T00:00:00+00:00, run_after=2021-01-01T00:00:00+00:00
[2023-11-16T09:45:50.448+0000] {processor.py:179} INFO - Processing /home/airflow/.local/lib/python3.8/site-packages/airflow/example_dags/example_xcom.py took 0.047 seconds
[2023-11-16T09:46:20.586+0000] {processor.py:157} INFO - Started process (PID=6515) to work on /home/airflow/.local/lib/python3.8/site-packages/airflow/example_dags/example_xcom.py
[2023-11-16T09:46:20.586+0000] {processor.py:829} INFO - Processing file /home/airflow/.local/lib/python3.8/site-packages/airflow/example_dags/example_xcom.py for tasks to queue
[2023-11-16T09:46:20.587+0000] {logging_mixin.py:151} INFO - [2023-11-16T09:46:20.587+0000] {dagbag.py:536} INFO - Filling up the DagBag from /home/airflow/.local/lib/python3.8/site-packages/airflow/example_dags/example_xcom.py
[2023-11-16T09:46:20.592+0000] {processor.py:839} INFO - DAG(s) dict_keys(['example_xcom']) retrieved from /home/airflow/.local/lib/python3.8/site-packages/airflow/example_dags/example_xcom.py
[2023-11-16T09:46:20.606+0000] {logging_mixin.py:151} INFO - [2023-11-16T09:46:20.606+0000] {dag.py:2941} INFO - Sync 1 DAGs
[2023-11-16T09:46:20.623+0000] {logging_mixin.py:151} INFO - [2023-11-16T09:46:20.623+0000] {dag.py:3722} INFO - Setting next_dagrun for example_xcom to 2021-01-01T00:00:00+00:00, run_after=2021-01-01T00:00:00+00:00
[2023-11-16T09:46:20.635+0000] {processor.py:179} INFO - Processing /home/airflow/.local/lib/python3.8/site-packages/airflow/example_dags/example_xcom.py took 0.052 seconds
[2023-11-16T09:46:50.696+0000] {processor.py:157} INFO - Started process (PID=6571) to work on /home/airflow/.local/lib/python3.8/site-packages/airflow/example_dags/example_xcom.py
[2023-11-16T09:46:50.696+0000] {processor.py:829} INFO - Processing file /home/airflow/.local/lib/python3.8/site-packages/airflow/example_dags/example_xcom.py for tasks to queue
[2023-11-16T09:46:50.698+0000] {logging_mixin.py:151} INFO - [2023-11-16T09:46:50.697+0000] {dagbag.py:536} INFO - Filling up the DagBag from /home/airflow/.local/lib/python3.8/site-packages/airflow/example_dags/example_xcom.py
[2023-11-16T09:46:50.702+0000] {processor.py:839} INFO - DAG(s) dict_keys(['example_xcom']) retrieved from /home/airflow/.local/lib/python3.8/site-packages/airflow/example_dags/example_xcom.py
[2023-11-16T09:46:50.717+0000] {logging_mixin.py:151} INFO - [2023-11-16T09:46:50.716+0000] {dag.py:2941} INFO - Sync 1 DAGs
[2023-11-16T09:46:50.735+0000] {logging_mixin.py:151} INFO - [2023-11-16T09:46:50.735+0000] {dag.py:3722} INFO - Setting next_dagrun for example_xcom to 2021-01-01T00:00:00+00:00, run_after=2021-01-01T00:00:00+00:00
[2023-11-16T09:46:50.749+0000] {processor.py:179} INFO - Processing /home/airflow/.local/lib/python3.8/site-packages/airflow/example_dags/example_xcom.py took 0.055 seconds
[2023-11-16T09:47:20.836+0000] {processor.py:157} INFO - Started process (PID=6627) to work on /home/airflow/.local/lib/python3.8/site-packages/airflow/example_dags/example_xcom.py
[2023-11-16T09:47:20.836+0000] {processor.py:829} INFO - Processing file /home/airflow/.local/lib/python3.8/site-packages/airflow/example_dags/example_xcom.py for tasks to queue
[2023-11-16T09:47:20.838+0000] {logging_mixin.py:151} INFO - [2023-11-16T09:47:20.837+0000] {dagbag.py:536} INFO - Filling up the DagBag from /home/airflow/.local/lib/python3.8/site-packages/airflow/example_dags/example_xcom.py
[2023-11-16T09:47:20.842+0000] {processor.py:839} INFO - DAG(s) dict_keys(['example_xcom']) retrieved from /home/airflow/.local/lib/python3.8/site-packages/airflow/example_dags/example_xcom.py
[2023-11-16T09:47:20.855+0000] {logging_mixin.py:151} INFO - [2023-11-16T09:47:20.855+0000] {dag.py:2941} INFO - Sync 1 DAGs
[2023-11-16T09:47:20.874+0000] {logging_mixin.py:151} INFO - [2023-11-16T09:47:20.873+0000] {dag.py:3722} INFO - Setting next_dagrun for example_xcom to 2021-01-01T00:00:00+00:00, run_after=2021-01-01T00:00:00+00:00
[2023-11-16T09:47:20.887+0000] {processor.py:179} INFO - Processing /home/airflow/.local/lib/python3.8/site-packages/airflow/example_dags/example_xcom.py took 0.053 seconds
[2023-11-16T09:47:50.965+0000] {processor.py:157} INFO - Started process (PID=6683) to work on /home/airflow/.local/lib/python3.8/site-packages/airflow/example_dags/example_xcom.py
[2023-11-16T09:47:50.966+0000] {processor.py:829} INFO - Processing file /home/airflow/.local/lib/python3.8/site-packages/airflow/example_dags/example_xcom.py for tasks to queue
[2023-11-16T09:47:50.967+0000] {logging_mixin.py:151} INFO - [2023-11-16T09:47:50.967+0000] {dagbag.py:536} INFO - Filling up the DagBag from /home/airflow/.local/lib/python3.8/site-packages/airflow/example_dags/example_xcom.py
[2023-11-16T09:47:50.971+0000] {processor.py:839} INFO - DAG(s) dict_keys(['example_xcom']) retrieved from /home/airflow/.local/lib/python3.8/site-packages/airflow/example_dags/example_xcom.py
[2023-11-16T09:47:50.985+0000] {logging_mixin.py:151} INFO - [2023-11-16T09:47:50.984+0000] {dag.py:2941} INFO - Sync 1 DAGs
[2023-11-16T09:47:50.999+0000] {logging_mixin.py:151} INFO - [2023-11-16T09:47:50.999+0000] {dag.py:3722} INFO - Setting next_dagrun for example_xcom to 2021-01-01T00:00:00+00:00, run_after=2021-01-01T00:00:00+00:00
[2023-11-16T09:47:51.012+0000] {processor.py:179} INFO - Processing /home/airflow/.local/lib/python3.8/site-packages/airflow/example_dags/example_xcom.py took 0.048 seconds
[2023-11-16T09:48:21.080+0000] {processor.py:157} INFO - Started process (PID=6739) to work on /home/airflow/.local/lib/python3.8/site-packages/airflow/example_dags/example_xcom.py
[2023-11-16T09:48:21.080+0000] {processor.py:829} INFO - Processing file /home/airflow/.local/lib/python3.8/site-packages/airflow/example_dags/example_xcom.py for tasks to queue
[2023-11-16T09:48:21.082+0000] {logging_mixin.py:151} INFO - [2023-11-16T09:48:21.081+0000] {dagbag.py:536} INFO - Filling up the DagBag from /home/airflow/.local/lib/python3.8/site-packages/airflow/example_dags/example_xcom.py
[2023-11-16T09:48:21.086+0000] {processor.py:839} INFO - DAG(s) dict_keys(['example_xcom']) retrieved from /home/airflow/.local/lib/python3.8/site-packages/airflow/example_dags/example_xcom.py
[2023-11-16T09:48:21.100+0000] {logging_mixin.py:151} INFO - [2023-11-16T09:48:21.099+0000] {dag.py:2941} INFO - Sync 1 DAGs
[2023-11-16T09:48:21.117+0000] {logging_mixin.py:151} INFO - [2023-11-16T09:48:21.117+0000] {dag.py:3722} INFO - Setting next_dagrun for example_xcom to 2021-01-01T00:00:00+00:00, run_after=2021-01-01T00:00:00+00:00
[2023-11-16T09:48:21.130+0000] {processor.py:179} INFO - Processing /home/airflow/.local/lib/python3.8/site-packages/airflow/example_dags/example_xcom.py took 0.052 seconds
[2023-11-16T09:48:51.195+0000] {processor.py:157} INFO - Started process (PID=6795) to work on /home/airflow/.local/lib/python3.8/site-packages/airflow/example_dags/example_xcom.py
[2023-11-16T09:48:51.195+0000] {processor.py:829} INFO - Processing file /home/airflow/.local/lib/python3.8/site-packages/airflow/example_dags/example_xcom.py for tasks to queue
[2023-11-16T09:48:51.196+0000] {logging_mixin.py:151} INFO - [2023-11-16T09:48:51.196+0000] {dagbag.py:536} INFO - Filling up the DagBag from /home/airflow/.local/lib/python3.8/site-packages/airflow/example_dags/example_xcom.py
[2023-11-16T09:48:51.201+0000] {processor.py:839} INFO - DAG(s) dict_keys(['example_xcom']) retrieved from /home/airflow/.local/lib/python3.8/site-packages/airflow/example_dags/example_xcom.py
[2023-11-16T09:48:51.214+0000] {logging_mixin.py:151} INFO - [2023-11-16T09:48:51.213+0000] {dag.py:2941} INFO - Sync 1 DAGs
[2023-11-16T09:48:51.228+0000] {logging_mixin.py:151} INFO - [2023-11-16T09:48:51.228+0000] {dag.py:3722} INFO - Setting next_dagrun for example_xcom to 2021-01-01T00:00:00+00:00, run_after=2021-01-01T00:00:00+00:00
[2023-11-16T09:48:51.240+0000] {processor.py:179} INFO - Processing /home/airflow/.local/lib/python3.8/site-packages/airflow/example_dags/example_xcom.py took 0.047 seconds
[2023-11-16T09:49:21.324+0000] {processor.py:157} INFO - Started process (PID=6851) to work on /home/airflow/.local/lib/python3.8/site-packages/airflow/example_dags/example_xcom.py
[2023-11-16T09:49:21.324+0000] {processor.py:829} INFO - Processing file /home/airflow/.local/lib/python3.8/site-packages/airflow/example_dags/example_xcom.py for tasks to queue
[2023-11-16T09:49:21.326+0000] {logging_mixin.py:151} INFO - [2023-11-16T09:49:21.325+0000] {dagbag.py:536} INFO - Filling up the DagBag from /home/airflow/.local/lib/python3.8/site-packages/airflow/example_dags/example_xcom.py
[2023-11-16T09:49:21.330+0000] {processor.py:839} INFO - DAG(s) dict_keys(['example_xcom']) retrieved from /home/airflow/.local/lib/python3.8/site-packages/airflow/example_dags/example_xcom.py
[2023-11-16T09:49:21.344+0000] {logging_mixin.py:151} INFO - [2023-11-16T09:49:21.344+0000] {dag.py:2941} INFO - Sync 1 DAGs
[2023-11-16T09:49:21.359+0000] {logging_mixin.py:151} INFO - [2023-11-16T09:49:21.359+0000] {dag.py:3722} INFO - Setting next_dagrun for example_xcom to 2021-01-01T00:00:00+00:00, run_after=2021-01-01T00:00:00+00:00
[2023-11-16T09:49:21.370+0000] {processor.py:179} INFO - Processing /home/airflow/.local/lib/python3.8/site-packages/airflow/example_dags/example_xcom.py took 0.049 seconds
[2023-11-16T09:49:51.415+0000] {processor.py:157} INFO - Started process (PID=6907) to work on /home/airflow/.local/lib/python3.8/site-packages/airflow/example_dags/example_xcom.py
[2023-11-16T09:49:51.415+0000] {processor.py:829} INFO - Processing file /home/airflow/.local/lib/python3.8/site-packages/airflow/example_dags/example_xcom.py for tasks to queue
[2023-11-16T09:49:51.417+0000] {logging_mixin.py:151} INFO - [2023-11-16T09:49:51.417+0000] {dagbag.py:536} INFO - Filling up the DagBag from /home/airflow/.local/lib/python3.8/site-packages/airflow/example_dags/example_xcom.py
[2023-11-16T09:49:51.426+0000] {processor.py:839} INFO - DAG(s) dict_keys(['example_xcom']) retrieved from /home/airflow/.local/lib/python3.8/site-packages/airflow/example_dags/example_xcom.py
[2023-11-16T09:49:51.445+0000] {logging_mixin.py:151} INFO - [2023-11-16T09:49:51.444+0000] {dag.py:2941} INFO - Sync 1 DAGs
[2023-11-16T09:49:51.465+0000] {logging_mixin.py:151} INFO - [2023-11-16T09:49:51.465+0000] {dag.py:3722} INFO - Setting next_dagrun for example_xcom to 2021-01-01T00:00:00+00:00, run_after=2021-01-01T00:00:00+00:00
[2023-11-16T09:49:51.481+0000] {processor.py:179} INFO - Processing /home/airflow/.local/lib/python3.8/site-packages/airflow/example_dags/example_xcom.py took 0.069 seconds
[2023-11-16T09:50:21.503+0000] {processor.py:157} INFO - Started process (PID=6962) to work on /home/airflow/.local/lib/python3.8/site-packages/airflow/example_dags/example_xcom.py
[2023-11-16T09:50:21.504+0000] {processor.py:829} INFO - Processing file /home/airflow/.local/lib/python3.8/site-packages/airflow/example_dags/example_xcom.py for tasks to queue
[2023-11-16T09:50:21.505+0000] {logging_mixin.py:151} INFO - [2023-11-16T09:50:21.505+0000] {dagbag.py:536} INFO - Filling up the DagBag from /home/airflow/.local/lib/python3.8/site-packages/airflow/example_dags/example_xcom.py
[2023-11-16T09:50:21.510+0000] {processor.py:839} INFO - DAG(s) dict_keys(['example_xcom']) retrieved from /home/airflow/.local/lib/python3.8/site-packages/airflow/example_dags/example_xcom.py
[2023-11-16T09:50:21.524+0000] {logging_mixin.py:151} INFO - [2023-11-16T09:50:21.524+0000] {dag.py:2941} INFO - Sync 1 DAGs
[2023-11-16T09:50:21.538+0000] {logging_mixin.py:151} INFO - [2023-11-16T09:50:21.538+0000] {dag.py:3722} INFO - Setting next_dagrun for example_xcom to 2021-01-01T00:00:00+00:00, run_after=2021-01-01T00:00:00+00:00
[2023-11-16T09:50:21.549+0000] {processor.py:179} INFO - Processing /home/airflow/.local/lib/python3.8/site-packages/airflow/example_dags/example_xcom.py took 0.048 seconds
[2023-11-16T09:50:51.814+0000] {processor.py:157} INFO - Started process (PID=7019) to work on /home/airflow/.local/lib/python3.8/site-packages/airflow/example_dags/example_xcom.py
[2023-11-16T09:50:51.815+0000] {processor.py:829} INFO - Processing file /home/airflow/.local/lib/python3.8/site-packages/airflow/example_dags/example_xcom.py for tasks to queue
[2023-11-16T09:50:51.817+0000] {logging_mixin.py:151} INFO - [2023-11-16T09:50:51.816+0000] {dagbag.py:536} INFO - Filling up the DagBag from /home/airflow/.local/lib/python3.8/site-packages/airflow/example_dags/example_xcom.py
[2023-11-16T09:50:51.822+0000] {processor.py:839} INFO - DAG(s) dict_keys(['example_xcom']) retrieved from /home/airflow/.local/lib/python3.8/site-packages/airflow/example_dags/example_xcom.py
[2023-11-16T09:50:51.838+0000] {logging_mixin.py:151} INFO - [2023-11-16T09:50:51.838+0000] {dag.py:2941} INFO - Sync 1 DAGs
[2023-11-16T09:50:51.856+0000] {logging_mixin.py:151} INFO - [2023-11-16T09:50:51.855+0000] {dag.py:3722} INFO - Setting next_dagrun for example_xcom to 2021-01-01T00:00:00+00:00, run_after=2021-01-01T00:00:00+00:00
[2023-11-16T09:50:51.869+0000] {processor.py:179} INFO - Processing /home/airflow/.local/lib/python3.8/site-packages/airflow/example_dags/example_xcom.py took 0.057 seconds
[2023-11-16T09:51:21.910+0000] {processor.py:157} INFO - Started process (PID=7075) to work on /home/airflow/.local/lib/python3.8/site-packages/airflow/example_dags/example_xcom.py
[2023-11-16T09:51:21.910+0000] {processor.py:829} INFO - Processing file /home/airflow/.local/lib/python3.8/site-packages/airflow/example_dags/example_xcom.py for tasks to queue
[2023-11-16T09:51:21.911+0000] {logging_mixin.py:151} INFO - [2023-11-16T09:51:21.911+0000] {dagbag.py:536} INFO - Filling up the DagBag from /home/airflow/.local/lib/python3.8/site-packages/airflow/example_dags/example_xcom.py
[2023-11-16T09:51:21.916+0000] {processor.py:839} INFO - DAG(s) dict_keys(['example_xcom']) retrieved from /home/airflow/.local/lib/python3.8/site-packages/airflow/example_dags/example_xcom.py
[2023-11-16T09:51:21.929+0000] {logging_mixin.py:151} INFO - [2023-11-16T09:51:21.929+0000] {dag.py:2941} INFO - Sync 1 DAGs
[2023-11-16T09:51:21.943+0000] {logging_mixin.py:151} INFO - [2023-11-16T09:51:21.943+0000] {dag.py:3722} INFO - Setting next_dagrun for example_xcom to 2021-01-01T00:00:00+00:00, run_after=2021-01-01T00:00:00+00:00
[2023-11-16T09:51:21.958+0000] {processor.py:179} INFO - Processing /home/airflow/.local/lib/python3.8/site-packages/airflow/example_dags/example_xcom.py took 0.050 seconds
[2023-11-16T09:51:52.074+0000] {processor.py:157} INFO - Started process (PID=7131) to work on /home/airflow/.local/lib/python3.8/site-packages/airflow/example_dags/example_xcom.py
[2023-11-16T09:51:52.075+0000] {processor.py:829} INFO - Processing file /home/airflow/.local/lib/python3.8/site-packages/airflow/example_dags/example_xcom.py for tasks to queue
[2023-11-16T09:51:52.076+0000] {logging_mixin.py:151} INFO - [2023-11-16T09:51:52.076+0000] {dagbag.py:536} INFO - Filling up the DagBag from /home/airflow/.local/lib/python3.8/site-packages/airflow/example_dags/example_xcom.py
[2023-11-16T09:51:52.080+0000] {processor.py:839} INFO - DAG(s) dict_keys(['example_xcom']) retrieved from /home/airflow/.local/lib/python3.8/site-packages/airflow/example_dags/example_xcom.py
[2023-11-16T09:51:52.093+0000] {logging_mixin.py:151} INFO - [2023-11-16T09:51:52.092+0000] {dag.py:2941} INFO - Sync 1 DAGs
[2023-11-16T09:51:52.108+0000] {logging_mixin.py:151} INFO - [2023-11-16T09:51:52.107+0000] {dag.py:3722} INFO - Setting next_dagrun for example_xcom to 2021-01-01T00:00:00+00:00, run_after=2021-01-01T00:00:00+00:00
[2023-11-16T09:51:52.119+0000] {processor.py:179} INFO - Processing /home/airflow/.local/lib/python3.8/site-packages/airflow/example_dags/example_xcom.py took 0.046 seconds
[2023-11-16T09:52:22.150+0000] {processor.py:157} INFO - Started process (PID=7187) to work on /home/airflow/.local/lib/python3.8/site-packages/airflow/example_dags/example_xcom.py
[2023-11-16T09:52:22.150+0000] {processor.py:829} INFO - Processing file /home/airflow/.local/lib/python3.8/site-packages/airflow/example_dags/example_xcom.py for tasks to queue
[2023-11-16T09:52:22.152+0000] {logging_mixin.py:151} INFO - [2023-11-16T09:52:22.151+0000] {dagbag.py:536} INFO - Filling up the DagBag from /home/airflow/.local/lib/python3.8/site-packages/airflow/example_dags/example_xcom.py
[2023-11-16T09:52:22.156+0000] {processor.py:839} INFO - DAG(s) dict_keys(['example_xcom']) retrieved from /home/airflow/.local/lib/python3.8/site-packages/airflow/example_dags/example_xcom.py
[2023-11-16T09:52:22.169+0000] {logging_mixin.py:151} INFO - [2023-11-16T09:52:22.169+0000] {dag.py:2941} INFO - Sync 1 DAGs
[2023-11-16T09:52:22.182+0000] {logging_mixin.py:151} INFO - [2023-11-16T09:52:22.182+0000] {dag.py:3722} INFO - Setting next_dagrun for example_xcom to 2021-01-01T00:00:00+00:00, run_after=2021-01-01T00:00:00+00:00
[2023-11-16T09:52:22.193+0000] {processor.py:179} INFO - Processing /home/airflow/.local/lib/python3.8/site-packages/airflow/example_dags/example_xcom.py took 0.045 seconds
[2023-11-16T09:52:52.984+0000] {processor.py:157} INFO - Started process (PID=7244) to work on /home/airflow/.local/lib/python3.8/site-packages/airflow/example_dags/example_xcom.py
[2023-11-16T09:52:52.985+0000] {processor.py:829} INFO - Processing file /home/airflow/.local/lib/python3.8/site-packages/airflow/example_dags/example_xcom.py for tasks to queue
[2023-11-16T09:52:52.986+0000] {logging_mixin.py:151} INFO - [2023-11-16T09:52:52.986+0000] {dagbag.py:536} INFO - Filling up the DagBag from /home/airflow/.local/lib/python3.8/site-packages/airflow/example_dags/example_xcom.py
[2023-11-16T09:52:52.993+0000] {processor.py:839} INFO - DAG(s) dict_keys(['example_xcom']) retrieved from /home/airflow/.local/lib/python3.8/site-packages/airflow/example_dags/example_xcom.py
[2023-11-16T09:52:53.008+0000] {logging_mixin.py:151} INFO - [2023-11-16T09:52:53.008+0000] {dag.py:2941} INFO - Sync 1 DAGs
[2023-11-16T09:52:53.025+0000] {logging_mixin.py:151} INFO - [2023-11-16T09:52:53.024+0000] {dag.py:3722} INFO - Setting next_dagrun for example_xcom to 2021-01-01T00:00:00+00:00, run_after=2021-01-01T00:00:00+00:00
[2023-11-16T09:52:53.036+0000] {processor.py:179} INFO - Processing /home/airflow/.local/lib/python3.8/site-packages/airflow/example_dags/example_xcom.py took 0.055 seconds
[2023-11-16T09:53:23.731+0000] {processor.py:157} INFO - Started process (PID=7300) to work on /home/airflow/.local/lib/python3.8/site-packages/airflow/example_dags/example_xcom.py
[2023-11-16T09:53:23.732+0000] {processor.py:829} INFO - Processing file /home/airflow/.local/lib/python3.8/site-packages/airflow/example_dags/example_xcom.py for tasks to queue
[2023-11-16T09:53:23.733+0000] {logging_mixin.py:151} INFO - [2023-11-16T09:53:23.733+0000] {dagbag.py:536} INFO - Filling up the DagBag from /home/airflow/.local/lib/python3.8/site-packages/airflow/example_dags/example_xcom.py
[2023-11-16T09:53:23.737+0000] {processor.py:839} INFO - DAG(s) dict_keys(['example_xcom']) retrieved from /home/airflow/.local/lib/python3.8/site-packages/airflow/example_dags/example_xcom.py
[2023-11-16T09:53:23.750+0000] {logging_mixin.py:151} INFO - [2023-11-16T09:53:23.750+0000] {dag.py:2941} INFO - Sync 1 DAGs
[2023-11-16T09:53:23.766+0000] {logging_mixin.py:151} INFO - [2023-11-16T09:53:23.766+0000] {dag.py:3722} INFO - Setting next_dagrun for example_xcom to 2021-01-01T00:00:00+00:00, run_after=2021-01-01T00:00:00+00:00
[2023-11-16T09:53:23.778+0000] {processor.py:179} INFO - Processing /home/airflow/.local/lib/python3.8/site-packages/airflow/example_dags/example_xcom.py took 0.049 seconds
[2023-11-16T09:53:53.840+0000] {processor.py:157} INFO - Started process (PID=7355) to work on /home/airflow/.local/lib/python3.8/site-packages/airflow/example_dags/example_xcom.py
[2023-11-16T09:53:53.841+0000] {processor.py:829} INFO - Processing file /home/airflow/.local/lib/python3.8/site-packages/airflow/example_dags/example_xcom.py for tasks to queue
[2023-11-16T09:53:53.842+0000] {logging_mixin.py:151} INFO - [2023-11-16T09:53:53.842+0000] {dagbag.py:536} INFO - Filling up the DagBag from /home/airflow/.local/lib/python3.8/site-packages/airflow/example_dags/example_xcom.py
[2023-11-16T09:53:53.846+0000] {processor.py:839} INFO - DAG(s) dict_keys(['example_xcom']) retrieved from /home/airflow/.local/lib/python3.8/site-packages/airflow/example_dags/example_xcom.py
[2023-11-16T09:53:53.859+0000] {logging_mixin.py:151} INFO - [2023-11-16T09:53:53.859+0000] {dag.py:2941} INFO - Sync 1 DAGs
[2023-11-16T09:53:53.874+0000] {logging_mixin.py:151} INFO - [2023-11-16T09:53:53.874+0000] {dag.py:3722} INFO - Setting next_dagrun for example_xcom to 2021-01-01T00:00:00+00:00, run_after=2021-01-01T00:00:00+00:00
[2023-11-16T09:53:53.885+0000] {processor.py:179} INFO - Processing /home/airflow/.local/lib/python3.8/site-packages/airflow/example_dags/example_xcom.py took 0.047 seconds
[2023-11-16T09:54:23.983+0000] {processor.py:157} INFO - Started process (PID=7411) to work on /home/airflow/.local/lib/python3.8/site-packages/airflow/example_dags/example_xcom.py
[2023-11-16T09:54:23.984+0000] {processor.py:829} INFO - Processing file /home/airflow/.local/lib/python3.8/site-packages/airflow/example_dags/example_xcom.py for tasks to queue
[2023-11-16T09:54:23.985+0000] {logging_mixin.py:151} INFO - [2023-11-16T09:54:23.985+0000] {dagbag.py:536} INFO - Filling up the DagBag from /home/airflow/.local/lib/python3.8/site-packages/airflow/example_dags/example_xcom.py
[2023-11-16T09:54:23.990+0000] {processor.py:839} INFO - DAG(s) dict_keys(['example_xcom']) retrieved from /home/airflow/.local/lib/python3.8/site-packages/airflow/example_dags/example_xcom.py
[2023-11-16T09:54:24.005+0000] {logging_mixin.py:151} INFO - [2023-11-16T09:54:24.005+0000] {dag.py:2941} INFO - Sync 1 DAGs
[2023-11-16T09:54:24.020+0000] {logging_mixin.py:151} INFO - [2023-11-16T09:54:24.020+0000] {dag.py:3722} INFO - Setting next_dagrun for example_xcom to 2021-01-01T00:00:00+00:00, run_after=2021-01-01T00:00:00+00:00
[2023-11-16T09:54:24.032+0000] {processor.py:179} INFO - Processing /home/airflow/.local/lib/python3.8/site-packages/airflow/example_dags/example_xcom.py took 0.050 seconds
[2023-11-16T09:54:54.090+0000] {processor.py:157} INFO - Started process (PID=7467) to work on /home/airflow/.local/lib/python3.8/site-packages/airflow/example_dags/example_xcom.py
[2023-11-16T09:54:54.090+0000] {processor.py:829} INFO - Processing file /home/airflow/.local/lib/python3.8/site-packages/airflow/example_dags/example_xcom.py for tasks to queue
[2023-11-16T09:54:54.091+0000] {logging_mixin.py:151} INFO - [2023-11-16T09:54:54.091+0000] {dagbag.py:536} INFO - Filling up the DagBag from /home/airflow/.local/lib/python3.8/site-packages/airflow/example_dags/example_xcom.py
[2023-11-16T09:54:54.095+0000] {processor.py:839} INFO - DAG(s) dict_keys(['example_xcom']) retrieved from /home/airflow/.local/lib/python3.8/site-packages/airflow/example_dags/example_xcom.py
[2023-11-16T09:54:54.111+0000] {logging_mixin.py:151} INFO - [2023-11-16T09:54:54.111+0000] {dag.py:2941} INFO - Sync 1 DAGs
[2023-11-16T09:54:54.128+0000] {logging_mixin.py:151} INFO - [2023-11-16T09:54:54.127+0000] {dag.py:3722} INFO - Setting next_dagrun for example_xcom to 2021-01-01T00:00:00+00:00, run_after=2021-01-01T00:00:00+00:00
[2023-11-16T09:54:54.140+0000] {processor.py:179} INFO - Processing /home/airflow/.local/lib/python3.8/site-packages/airflow/example_dags/example_xcom.py took 0.052 seconds
[2023-11-16T09:55:24.165+0000] {processor.py:157} INFO - Started process (PID=7522) to work on /home/airflow/.local/lib/python3.8/site-packages/airflow/example_dags/example_xcom.py
[2023-11-16T09:55:24.166+0000] {processor.py:829} INFO - Processing file /home/airflow/.local/lib/python3.8/site-packages/airflow/example_dags/example_xcom.py for tasks to queue
[2023-11-16T09:55:24.167+0000] {logging_mixin.py:151} INFO - [2023-11-16T09:55:24.167+0000] {dagbag.py:536} INFO - Filling up the DagBag from /home/airflow/.local/lib/python3.8/site-packages/airflow/example_dags/example_xcom.py
[2023-11-16T09:55:24.171+0000] {processor.py:839} INFO - DAG(s) dict_keys(['example_xcom']) retrieved from /home/airflow/.local/lib/python3.8/site-packages/airflow/example_dags/example_xcom.py
[2023-11-16T09:55:24.183+0000] {logging_mixin.py:151} INFO - [2023-11-16T09:55:24.183+0000] {dag.py:2941} INFO - Sync 1 DAGs
[2023-11-16T09:55:24.196+0000] {logging_mixin.py:151} INFO - [2023-11-16T09:55:24.196+0000] {dag.py:3722} INFO - Setting next_dagrun for example_xcom to 2021-01-01T00:00:00+00:00, run_after=2021-01-01T00:00:00+00:00
[2023-11-16T09:55:24.206+0000] {processor.py:179} INFO - Processing /home/airflow/.local/lib/python3.8/site-packages/airflow/example_dags/example_xcom.py took 0.043 seconds
[2023-11-16T09:55:54.222+0000] {processor.py:157} INFO - Started process (PID=7578) to work on /home/airflow/.local/lib/python3.8/site-packages/airflow/example_dags/example_xcom.py
[2023-11-16T09:55:54.222+0000] {processor.py:829} INFO - Processing file /home/airflow/.local/lib/python3.8/site-packages/airflow/example_dags/example_xcom.py for tasks to queue
[2023-11-16T09:55:54.224+0000] {logging_mixin.py:151} INFO - [2023-11-16T09:55:54.224+0000] {dagbag.py:536} INFO - Filling up the DagBag from /home/airflow/.local/lib/python3.8/site-packages/airflow/example_dags/example_xcom.py
[2023-11-16T09:55:54.229+0000] {processor.py:839} INFO - DAG(s) dict_keys(['example_xcom']) retrieved from /home/airflow/.local/lib/python3.8/site-packages/airflow/example_dags/example_xcom.py
[2023-11-16T09:55:54.245+0000] {logging_mixin.py:151} INFO - [2023-11-16T09:55:54.245+0000] {dag.py:2941} INFO - Sync 1 DAGs
[2023-11-16T09:55:54.260+0000] {logging_mixin.py:151} INFO - [2023-11-16T09:55:54.260+0000] {dag.py:3722} INFO - Setting next_dagrun for example_xcom to 2021-01-01T00:00:00+00:00, run_after=2021-01-01T00:00:00+00:00
[2023-11-16T09:55:54.274+0000] {processor.py:179} INFO - Processing /home/airflow/.local/lib/python3.8/site-packages/airflow/example_dags/example_xcom.py took 0.054 seconds
[2023-11-16T09:56:24.344+0000] {processor.py:157} INFO - Started process (PID=7634) to work on /home/airflow/.local/lib/python3.8/site-packages/airflow/example_dags/example_xcom.py
[2023-11-16T09:56:24.345+0000] {processor.py:829} INFO - Processing file /home/airflow/.local/lib/python3.8/site-packages/airflow/example_dags/example_xcom.py for tasks to queue
[2023-11-16T09:56:24.346+0000] {logging_mixin.py:151} INFO - [2023-11-16T09:56:24.346+0000] {dagbag.py:536} INFO - Filling up the DagBag from /home/airflow/.local/lib/python3.8/site-packages/airflow/example_dags/example_xcom.py
[2023-11-16T09:56:24.350+0000] {processor.py:839} INFO - DAG(s) dict_keys(['example_xcom']) retrieved from /home/airflow/.local/lib/python3.8/site-packages/airflow/example_dags/example_xcom.py
[2023-11-16T09:56:24.365+0000] {logging_mixin.py:151} INFO - [2023-11-16T09:56:24.365+0000] {dag.py:2941} INFO - Sync 1 DAGs
[2023-11-16T09:56:24.383+0000] {logging_mixin.py:151} INFO - [2023-11-16T09:56:24.383+0000] {dag.py:3722} INFO - Setting next_dagrun for example_xcom to 2021-01-01T00:00:00+00:00, run_after=2021-01-01T00:00:00+00:00
[2023-11-16T09:56:24.397+0000] {processor.py:179} INFO - Processing /home/airflow/.local/lib/python3.8/site-packages/airflow/example_dags/example_xcom.py took 0.055 seconds
[2023-11-16T09:56:54.741+0000] {processor.py:157} INFO - Started process (PID=7690) to work on /home/airflow/.local/lib/python3.8/site-packages/airflow/example_dags/example_xcom.py
[2023-11-16T09:56:54.741+0000] {processor.py:829} INFO - Processing file /home/airflow/.local/lib/python3.8/site-packages/airflow/example_dags/example_xcom.py for tasks to queue
[2023-11-16T09:56:54.743+0000] {logging_mixin.py:151} INFO - [2023-11-16T09:56:54.743+0000] {dagbag.py:536} INFO - Filling up the DagBag from /home/airflow/.local/lib/python3.8/site-packages/airflow/example_dags/example_xcom.py
[2023-11-16T09:56:54.749+0000] {processor.py:839} INFO - DAG(s) dict_keys(['example_xcom']) retrieved from /home/airflow/.local/lib/python3.8/site-packages/airflow/example_dags/example_xcom.py
[2023-11-16T09:56:54.765+0000] {logging_mixin.py:151} INFO - [2023-11-16T09:56:54.765+0000] {dag.py:2941} INFO - Sync 1 DAGs
[2023-11-16T09:56:54.785+0000] {logging_mixin.py:151} INFO - [2023-11-16T09:56:54.785+0000] {dag.py:3722} INFO - Setting next_dagrun for example_xcom to 2021-01-01T00:00:00+00:00, run_after=2021-01-01T00:00:00+00:00
[2023-11-16T09:56:54.799+0000] {processor.py:179} INFO - Processing /home/airflow/.local/lib/python3.8/site-packages/airflow/example_dags/example_xcom.py took 0.061 seconds
[2023-11-16T09:57:24.838+0000] {processor.py:157} INFO - Started process (PID=7746) to work on /home/airflow/.local/lib/python3.8/site-packages/airflow/example_dags/example_xcom.py
[2023-11-16T09:57:24.839+0000] {processor.py:829} INFO - Processing file /home/airflow/.local/lib/python3.8/site-packages/airflow/example_dags/example_xcom.py for tasks to queue
[2023-11-16T09:57:24.840+0000] {logging_mixin.py:151} INFO - [2023-11-16T09:57:24.840+0000] {dagbag.py:536} INFO - Filling up the DagBag from /home/airflow/.local/lib/python3.8/site-packages/airflow/example_dags/example_xcom.py
[2023-11-16T09:57:24.845+0000] {processor.py:839} INFO - DAG(s) dict_keys(['example_xcom']) retrieved from /home/airflow/.local/lib/python3.8/site-packages/airflow/example_dags/example_xcom.py
[2023-11-16T09:57:24.860+0000] {logging_mixin.py:151} INFO - [2023-11-16T09:57:24.859+0000] {dag.py:2941} INFO - Sync 1 DAGs
[2023-11-16T09:57:24.877+0000] {logging_mixin.py:151} INFO - [2023-11-16T09:57:24.877+0000] {dag.py:3722} INFO - Setting next_dagrun for example_xcom to 2021-01-01T00:00:00+00:00, run_after=2021-01-01T00:00:00+00:00
[2023-11-16T09:57:24.890+0000] {processor.py:179} INFO - Processing /home/airflow/.local/lib/python3.8/site-packages/airflow/example_dags/example_xcom.py took 0.055 seconds
[2023-11-16T09:57:54.992+0000] {processor.py:157} INFO - Started process (PID=7802) to work on /home/airflow/.local/lib/python3.8/site-packages/airflow/example_dags/example_xcom.py
[2023-11-16T09:57:54.992+0000] {processor.py:829} INFO - Processing file /home/airflow/.local/lib/python3.8/site-packages/airflow/example_dags/example_xcom.py for tasks to queue
[2023-11-16T09:57:54.993+0000] {logging_mixin.py:151} INFO - [2023-11-16T09:57:54.993+0000] {dagbag.py:536} INFO - Filling up the DagBag from /home/airflow/.local/lib/python3.8/site-packages/airflow/example_dags/example_xcom.py
[2023-11-16T09:57:54.998+0000] {processor.py:839} INFO - DAG(s) dict_keys(['example_xcom']) retrieved from /home/airflow/.local/lib/python3.8/site-packages/airflow/example_dags/example_xcom.py
[2023-11-16T09:57:55.014+0000] {logging_mixin.py:151} INFO - [2023-11-16T09:57:55.013+0000] {dag.py:2941} INFO - Sync 1 DAGs
[2023-11-16T09:57:55.032+0000] {logging_mixin.py:151} INFO - [2023-11-16T09:57:55.031+0000] {dag.py:3722} INFO - Setting next_dagrun for example_xcom to 2021-01-01T00:00:00+00:00, run_after=2021-01-01T00:00:00+00:00
[2023-11-16T09:57:55.047+0000] {processor.py:179} INFO - Processing /home/airflow/.local/lib/python3.8/site-packages/airflow/example_dags/example_xcom.py took 0.058 seconds
[2023-11-16T09:58:25.118+0000] {processor.py:157} INFO - Started process (PID=7858) to work on /home/airflow/.local/lib/python3.8/site-packages/airflow/example_dags/example_xcom.py
[2023-11-16T09:58:25.119+0000] {processor.py:829} INFO - Processing file /home/airflow/.local/lib/python3.8/site-packages/airflow/example_dags/example_xcom.py for tasks to queue
[2023-11-16T09:58:25.120+0000] {logging_mixin.py:151} INFO - [2023-11-16T09:58:25.120+0000] {dagbag.py:536} INFO - Filling up the DagBag from /home/airflow/.local/lib/python3.8/site-packages/airflow/example_dags/example_xcom.py
[2023-11-16T09:58:25.124+0000] {processor.py:839} INFO - DAG(s) dict_keys(['example_xcom']) retrieved from /home/airflow/.local/lib/python3.8/site-packages/airflow/example_dags/example_xcom.py
[2023-11-16T09:58:25.140+0000] {logging_mixin.py:151} INFO - [2023-11-16T09:58:25.140+0000] {dag.py:2941} INFO - Sync 1 DAGs
[2023-11-16T09:58:25.157+0000] {logging_mixin.py:151} INFO - [2023-11-16T09:58:25.157+0000] {dag.py:3722} INFO - Setting next_dagrun for example_xcom to 2021-01-01T00:00:00+00:00, run_after=2021-01-01T00:00:00+00:00
[2023-11-16T09:58:25.170+0000] {processor.py:179} INFO - Processing /home/airflow/.local/lib/python3.8/site-packages/airflow/example_dags/example_xcom.py took 0.054 seconds
[2023-11-16T09:58:55.240+0000] {processor.py:157} INFO - Started process (PID=7914) to work on /home/airflow/.local/lib/python3.8/site-packages/airflow/example_dags/example_xcom.py
[2023-11-16T09:58:55.240+0000] {processor.py:829} INFO - Processing file /home/airflow/.local/lib/python3.8/site-packages/airflow/example_dags/example_xcom.py for tasks to queue
[2023-11-16T09:58:55.242+0000] {logging_mixin.py:151} INFO - [2023-11-16T09:58:55.242+0000] {dagbag.py:536} INFO - Filling up the DagBag from /home/airflow/.local/lib/python3.8/site-packages/airflow/example_dags/example_xcom.py
[2023-11-16T09:58:55.246+0000] {processor.py:839} INFO - DAG(s) dict_keys(['example_xcom']) retrieved from /home/airflow/.local/lib/python3.8/site-packages/airflow/example_dags/example_xcom.py
[2023-11-16T09:58:55.262+0000] {logging_mixin.py:151} INFO - [2023-11-16T09:58:55.262+0000] {dag.py:2941} INFO - Sync 1 DAGs
[2023-11-16T09:58:55.280+0000] {logging_mixin.py:151} INFO - [2023-11-16T09:58:55.280+0000] {dag.py:3722} INFO - Setting next_dagrun for example_xcom to 2021-01-01T00:00:00+00:00, run_after=2021-01-01T00:00:00+00:00
[2023-11-16T09:58:55.294+0000] {processor.py:179} INFO - Processing /home/airflow/.local/lib/python3.8/site-packages/airflow/example_dags/example_xcom.py took 0.056 seconds
[2023-11-16T09:59:25.404+0000] {processor.py:157} INFO - Started process (PID=7970) to work on /home/airflow/.local/lib/python3.8/site-packages/airflow/example_dags/example_xcom.py
[2023-11-16T09:59:25.405+0000] {processor.py:829} INFO - Processing file /home/airflow/.local/lib/python3.8/site-packages/airflow/example_dags/example_xcom.py for tasks to queue
[2023-11-16T09:59:25.406+0000] {logging_mixin.py:151} INFO - [2023-11-16T09:59:25.406+0000] {dagbag.py:536} INFO - Filling up the DagBag from /home/airflow/.local/lib/python3.8/site-packages/airflow/example_dags/example_xcom.py
[2023-11-16T09:59:25.412+0000] {processor.py:839} INFO - DAG(s) dict_keys(['example_xcom']) retrieved from /home/airflow/.local/lib/python3.8/site-packages/airflow/example_dags/example_xcom.py
[2023-11-16T09:59:25.430+0000] {logging_mixin.py:151} INFO - [2023-11-16T09:59:25.429+0000] {dag.py:2941} INFO - Sync 1 DAGs
[2023-11-16T09:59:25.448+0000] {logging_mixin.py:151} INFO - [2023-11-16T09:59:25.448+0000] {dag.py:3722} INFO - Setting next_dagrun for example_xcom to 2021-01-01T00:00:00+00:00, run_after=2021-01-01T00:00:00+00:00
[2023-11-16T09:59:25.461+0000] {processor.py:179} INFO - Processing /home/airflow/.local/lib/python3.8/site-packages/airflow/example_dags/example_xcom.py took 0.060 seconds
[2023-11-16T09:59:55.517+0000] {processor.py:157} INFO - Started process (PID=8027) to work on /home/airflow/.local/lib/python3.8/site-packages/airflow/example_dags/example_xcom.py
[2023-11-16T09:59:55.517+0000] {processor.py:829} INFO - Processing file /home/airflow/.local/lib/python3.8/site-packages/airflow/example_dags/example_xcom.py for tasks to queue
[2023-11-16T09:59:55.518+0000] {logging_mixin.py:151} INFO - [2023-11-16T09:59:55.518+0000] {dagbag.py:536} INFO - Filling up the DagBag from /home/airflow/.local/lib/python3.8/site-packages/airflow/example_dags/example_xcom.py
[2023-11-16T09:59:55.523+0000] {processor.py:839} INFO - DAG(s) dict_keys(['example_xcom']) retrieved from /home/airflow/.local/lib/python3.8/site-packages/airflow/example_dags/example_xcom.py
[2023-11-16T09:59:55.539+0000] {logging_mixin.py:151} INFO - [2023-11-16T09:59:55.539+0000] {dag.py:2941} INFO - Sync 1 DAGs
[2023-11-16T09:59:55.556+0000] {logging_mixin.py:151} INFO - [2023-11-16T09:59:55.556+0000] {dag.py:3722} INFO - Setting next_dagrun for example_xcom to 2021-01-01T00:00:00+00:00, run_after=2021-01-01T00:00:00+00:00
[2023-11-16T09:59:55.569+0000] {processor.py:179} INFO - Processing /home/airflow/.local/lib/python3.8/site-packages/airflow/example_dags/example_xcom.py took 0.054 seconds
[2023-11-16T10:00:26.557+0000] {processor.py:157} INFO - Started process (PID=8083) to work on /home/airflow/.local/lib/python3.8/site-packages/airflow/example_dags/example_xcom.py
[2023-11-16T10:00:26.558+0000] {processor.py:829} INFO - Processing file /home/airflow/.local/lib/python3.8/site-packages/airflow/example_dags/example_xcom.py for tasks to queue
[2023-11-16T10:00:26.559+0000] {logging_mixin.py:151} INFO - [2023-11-16T10:00:26.559+0000] {dagbag.py:536} INFO - Filling up the DagBag from /home/airflow/.local/lib/python3.8/site-packages/airflow/example_dags/example_xcom.py
[2023-11-16T10:00:26.564+0000] {processor.py:839} INFO - DAG(s) dict_keys(['example_xcom']) retrieved from /home/airflow/.local/lib/python3.8/site-packages/airflow/example_dags/example_xcom.py
[2023-11-16T10:00:26.580+0000] {logging_mixin.py:151} INFO - [2023-11-16T10:00:26.580+0000] {dag.py:2941} INFO - Sync 1 DAGs
[2023-11-16T10:00:26.598+0000] {logging_mixin.py:151} INFO - [2023-11-16T10:00:26.598+0000] {dag.py:3722} INFO - Setting next_dagrun for example_xcom to 2021-01-01T00:00:00+00:00, run_after=2021-01-01T00:00:00+00:00
[2023-11-16T10:00:26.616+0000] {processor.py:179} INFO - Processing /home/airflow/.local/lib/python3.8/site-packages/airflow/example_dags/example_xcom.py took 0.061 seconds
[2023-11-16T10:00:56.673+0000] {processor.py:157} INFO - Started process (PID=8139) to work on /home/airflow/.local/lib/python3.8/site-packages/airflow/example_dags/example_xcom.py
[2023-11-16T10:00:56.673+0000] {processor.py:829} INFO - Processing file /home/airflow/.local/lib/python3.8/site-packages/airflow/example_dags/example_xcom.py for tasks to queue
[2023-11-16T10:00:56.675+0000] {logging_mixin.py:151} INFO - [2023-11-16T10:00:56.675+0000] {dagbag.py:536} INFO - Filling up the DagBag from /home/airflow/.local/lib/python3.8/site-packages/airflow/example_dags/example_xcom.py
[2023-11-16T10:00:56.681+0000] {processor.py:839} INFO - DAG(s) dict_keys(['example_xcom']) retrieved from /home/airflow/.local/lib/python3.8/site-packages/airflow/example_dags/example_xcom.py
[2023-11-16T10:00:56.698+0000] {logging_mixin.py:151} INFO - [2023-11-16T10:00:56.698+0000] {dag.py:2941} INFO - Sync 1 DAGs
[2023-11-16T10:00:56.716+0000] {logging_mixin.py:151} INFO - [2023-11-16T10:00:56.716+0000] {dag.py:3722} INFO - Setting next_dagrun for example_xcom to 2021-01-01T00:00:00+00:00, run_after=2021-01-01T00:00:00+00:00
[2023-11-16T10:00:56.732+0000] {processor.py:179} INFO - Processing /home/airflow/.local/lib/python3.8/site-packages/airflow/example_dags/example_xcom.py took 0.061 seconds
[2023-11-16T10:01:27.028+0000] {processor.py:157} INFO - Started process (PID=8195) to work on /home/airflow/.local/lib/python3.8/site-packages/airflow/example_dags/example_xcom.py
[2023-11-16T10:01:27.028+0000] {processor.py:829} INFO - Processing file /home/airflow/.local/lib/python3.8/site-packages/airflow/example_dags/example_xcom.py for tasks to queue
[2023-11-16T10:01:27.029+0000] {logging_mixin.py:151} INFO - [2023-11-16T10:01:27.029+0000] {dagbag.py:536} INFO - Filling up the DagBag from /home/airflow/.local/lib/python3.8/site-packages/airflow/example_dags/example_xcom.py
[2023-11-16T10:01:27.034+0000] {processor.py:839} INFO - DAG(s) dict_keys(['example_xcom']) retrieved from /home/airflow/.local/lib/python3.8/site-packages/airflow/example_dags/example_xcom.py
[2023-11-16T10:01:27.049+0000] {logging_mixin.py:151} INFO - [2023-11-16T10:01:27.049+0000] {dag.py:2941} INFO - Sync 1 DAGs
[2023-11-16T10:01:27.063+0000] {logging_mixin.py:151} INFO - [2023-11-16T10:01:27.063+0000] {dag.py:3722} INFO - Setting next_dagrun for example_xcom to 2021-01-01T00:00:00+00:00, run_after=2021-01-01T00:00:00+00:00
[2023-11-16T10:01:27.076+0000] {processor.py:179} INFO - Processing /home/airflow/.local/lib/python3.8/site-packages/airflow/example_dags/example_xcom.py took 0.051 seconds
[2023-11-16T10:01:57.493+0000] {processor.py:157} INFO - Started process (PID=8251) to work on /home/airflow/.local/lib/python3.8/site-packages/airflow/example_dags/example_xcom.py
[2023-11-16T10:01:57.493+0000] {processor.py:829} INFO - Processing file /home/airflow/.local/lib/python3.8/site-packages/airflow/example_dags/example_xcom.py for tasks to queue
[2023-11-16T10:01:57.494+0000] {logging_mixin.py:151} INFO - [2023-11-16T10:01:57.494+0000] {dagbag.py:536} INFO - Filling up the DagBag from /home/airflow/.local/lib/python3.8/site-packages/airflow/example_dags/example_xcom.py
[2023-11-16T10:01:57.499+0000] {processor.py:839} INFO - DAG(s) dict_keys(['example_xcom']) retrieved from /home/airflow/.local/lib/python3.8/site-packages/airflow/example_dags/example_xcom.py
[2023-11-16T10:01:57.516+0000] {logging_mixin.py:151} INFO - [2023-11-16T10:01:57.516+0000] {dag.py:2941} INFO - Sync 1 DAGs
[2023-11-16T10:01:57.539+0000] {logging_mixin.py:151} INFO - [2023-11-16T10:01:57.539+0000] {dag.py:3722} INFO - Setting next_dagrun for example_xcom to 2021-01-01T00:00:00+00:00, run_after=2021-01-01T00:00:00+00:00
[2023-11-16T10:01:57.552+0000] {processor.py:179} INFO - Processing /home/airflow/.local/lib/python3.8/site-packages/airflow/example_dags/example_xcom.py took 0.061 seconds
[2023-11-16T10:02:27.621+0000] {processor.py:157} INFO - Started process (PID=8307) to work on /home/airflow/.local/lib/python3.8/site-packages/airflow/example_dags/example_xcom.py
[2023-11-16T10:02:27.621+0000] {processor.py:829} INFO - Processing file /home/airflow/.local/lib/python3.8/site-packages/airflow/example_dags/example_xcom.py for tasks to queue
[2023-11-16T10:02:27.628+0000] {logging_mixin.py:151} INFO - [2023-11-16T10:02:27.628+0000] {dagbag.py:536} INFO - Filling up the DagBag from /home/airflow/.local/lib/python3.8/site-packages/airflow/example_dags/example_xcom.py
[2023-11-16T10:02:27.643+0000] {processor.py:839} INFO - DAG(s) dict_keys(['example_xcom']) retrieved from /home/airflow/.local/lib/python3.8/site-packages/airflow/example_dags/example_xcom.py
[2023-11-16T10:02:27.670+0000] {logging_mixin.py:151} INFO - [2023-11-16T10:02:27.670+0000] {dag.py:2941} INFO - Sync 1 DAGs
[2023-11-16T10:02:27.695+0000] {logging_mixin.py:151} INFO - [2023-11-16T10:02:27.695+0000] {dag.py:3722} INFO - Setting next_dagrun for example_xcom to 2021-01-01T00:00:00+00:00, run_after=2021-01-01T00:00:00+00:00
[2023-11-16T10:02:27.714+0000] {processor.py:179} INFO - Processing /home/airflow/.local/lib/python3.8/site-packages/airflow/example_dags/example_xcom.py took 0.097 seconds
[2023-11-16T10:02:57.884+0000] {processor.py:157} INFO - Started process (PID=8363) to work on /home/airflow/.local/lib/python3.8/site-packages/airflow/example_dags/example_xcom.py
[2023-11-16T10:02:57.885+0000] {processor.py:829} INFO - Processing file /home/airflow/.local/lib/python3.8/site-packages/airflow/example_dags/example_xcom.py for tasks to queue
[2023-11-16T10:02:57.886+0000] {logging_mixin.py:151} INFO - [2023-11-16T10:02:57.886+0000] {dagbag.py:536} INFO - Filling up the DagBag from /home/airflow/.local/lib/python3.8/site-packages/airflow/example_dags/example_xcom.py
[2023-11-16T10:02:57.892+0000] {processor.py:839} INFO - DAG(s) dict_keys(['example_xcom']) retrieved from /home/airflow/.local/lib/python3.8/site-packages/airflow/example_dags/example_xcom.py
[2023-11-16T10:02:57.905+0000] {logging_mixin.py:151} INFO - [2023-11-16T10:02:57.905+0000] {dag.py:2941} INFO - Sync 1 DAGs
[2023-11-16T10:02:57.920+0000] {logging_mixin.py:151} INFO - [2023-11-16T10:02:57.920+0000] {dag.py:3722} INFO - Setting next_dagrun for example_xcom to 2021-01-01T00:00:00+00:00, run_after=2021-01-01T00:00:00+00:00
[2023-11-16T10:02:57.933+0000] {processor.py:179} INFO - Processing /home/airflow/.local/lib/python3.8/site-packages/airflow/example_dags/example_xcom.py took 0.051 seconds
[2023-11-16T10:03:28.232+0000] {processor.py:157} INFO - Started process (PID=8418) to work on /home/airflow/.local/lib/python3.8/site-packages/airflow/example_dags/example_xcom.py
[2023-11-16T10:03:28.232+0000] {processor.py:829} INFO - Processing file /home/airflow/.local/lib/python3.8/site-packages/airflow/example_dags/example_xcom.py for tasks to queue
[2023-11-16T10:03:28.234+0000] {logging_mixin.py:151} INFO - [2023-11-16T10:03:28.234+0000] {dagbag.py:536} INFO - Filling up the DagBag from /home/airflow/.local/lib/python3.8/site-packages/airflow/example_dags/example_xcom.py
[2023-11-16T10:03:28.241+0000] {processor.py:839} INFO - DAG(s) dict_keys(['example_xcom']) retrieved from /home/airflow/.local/lib/python3.8/site-packages/airflow/example_dags/example_xcom.py
[2023-11-16T10:03:28.263+0000] {logging_mixin.py:151} INFO - [2023-11-16T10:03:28.263+0000] {dag.py:2941} INFO - Sync 1 DAGs
[2023-11-16T10:03:28.277+0000] {logging_mixin.py:151} INFO - [2023-11-16T10:03:28.277+0000] {dag.py:3722} INFO - Setting next_dagrun for example_xcom to 2021-01-01T00:00:00+00:00, run_after=2021-01-01T00:00:00+00:00
[2023-11-16T10:03:28.291+0000] {processor.py:179} INFO - Processing /home/airflow/.local/lib/python3.8/site-packages/airflow/example_dags/example_xcom.py took 0.062 seconds
[2023-11-16T10:03:58.620+0000] {processor.py:157} INFO - Started process (PID=8474) to work on /home/airflow/.local/lib/python3.8/site-packages/airflow/example_dags/example_xcom.py
[2023-11-16T10:03:58.620+0000] {processor.py:829} INFO - Processing file /home/airflow/.local/lib/python3.8/site-packages/airflow/example_dags/example_xcom.py for tasks to queue
[2023-11-16T10:03:58.621+0000] {logging_mixin.py:151} INFO - [2023-11-16T10:03:58.621+0000] {dagbag.py:536} INFO - Filling up the DagBag from /home/airflow/.local/lib/python3.8/site-packages/airflow/example_dags/example_xcom.py
[2023-11-16T10:03:58.626+0000] {processor.py:839} INFO - DAG(s) dict_keys(['example_xcom']) retrieved from /home/airflow/.local/lib/python3.8/site-packages/airflow/example_dags/example_xcom.py
[2023-11-16T10:03:58.643+0000] {logging_mixin.py:151} INFO - [2023-11-16T10:03:58.642+0000] {dag.py:2941} INFO - Sync 1 DAGs
[2023-11-16T10:03:58.661+0000] {logging_mixin.py:151} INFO - [2023-11-16T10:03:58.661+0000] {dag.py:3722} INFO - Setting next_dagrun for example_xcom to 2021-01-01T00:00:00+00:00, run_after=2021-01-01T00:00:00+00:00
[2023-11-16T10:03:58.676+0000] {processor.py:179} INFO - Processing /home/airflow/.local/lib/python3.8/site-packages/airflow/example_dags/example_xcom.py took 0.059 seconds
[2023-11-16T10:04:29.368+0000] {processor.py:157} INFO - Started process (PID=8531) to work on /home/airflow/.local/lib/python3.8/site-packages/airflow/example_dags/example_xcom.py
[2023-11-16T10:04:29.369+0000] {processor.py:829} INFO - Processing file /home/airflow/.local/lib/python3.8/site-packages/airflow/example_dags/example_xcom.py for tasks to queue
[2023-11-16T10:04:29.370+0000] {logging_mixin.py:151} INFO - [2023-11-16T10:04:29.370+0000] {dagbag.py:536} INFO - Filling up the DagBag from /home/airflow/.local/lib/python3.8/site-packages/airflow/example_dags/example_xcom.py
[2023-11-16T10:04:29.376+0000] {processor.py:839} INFO - DAG(s) dict_keys(['example_xcom']) retrieved from /home/airflow/.local/lib/python3.8/site-packages/airflow/example_dags/example_xcom.py
[2023-11-16T10:04:29.389+0000] {logging_mixin.py:151} INFO - [2023-11-16T10:04:29.389+0000] {dag.py:2941} INFO - Sync 1 DAGs
[2023-11-16T10:04:29.404+0000] {logging_mixin.py:151} INFO - [2023-11-16T10:04:29.403+0000] {dag.py:3722} INFO - Setting next_dagrun for example_xcom to 2021-01-01T00:00:00+00:00, run_after=2021-01-01T00:00:00+00:00
[2023-11-16T10:04:29.417+0000] {processor.py:179} INFO - Processing /home/airflow/.local/lib/python3.8/site-packages/airflow/example_dags/example_xcom.py took 0.050 seconds
[2023-11-16T10:04:59.515+0000] {processor.py:157} INFO - Started process (PID=8588) to work on /home/airflow/.local/lib/python3.8/site-packages/airflow/example_dags/example_xcom.py
[2023-11-16T10:04:59.516+0000] {processor.py:829} INFO - Processing file /home/airflow/.local/lib/python3.8/site-packages/airflow/example_dags/example_xcom.py for tasks to queue
[2023-11-16T10:04:59.517+0000] {logging_mixin.py:151} INFO - [2023-11-16T10:04:59.517+0000] {dagbag.py:536} INFO - Filling up the DagBag from /home/airflow/.local/lib/python3.8/site-packages/airflow/example_dags/example_xcom.py
[2023-11-16T10:04:59.523+0000] {processor.py:839} INFO - DAG(s) dict_keys(['example_xcom']) retrieved from /home/airflow/.local/lib/python3.8/site-packages/airflow/example_dags/example_xcom.py
[2023-11-16T10:04:59.544+0000] {logging_mixin.py:151} INFO - [2023-11-16T10:04:59.543+0000] {dag.py:2941} INFO - Sync 1 DAGs
[2023-11-16T10:04:59.559+0000] {logging_mixin.py:151} INFO - [2023-11-16T10:04:59.559+0000] {dag.py:3722} INFO - Setting next_dagrun for example_xcom to 2021-01-01T00:00:00+00:00, run_after=2021-01-01T00:00:00+00:00
[2023-11-16T10:04:59.572+0000] {processor.py:179} INFO - Processing /home/airflow/.local/lib/python3.8/site-packages/airflow/example_dags/example_xcom.py took 0.060 seconds
[2023-11-16T10:05:30.290+0000] {processor.py:157} INFO - Started process (PID=8642) to work on /home/airflow/.local/lib/python3.8/site-packages/airflow/example_dags/example_xcom.py
[2023-11-16T10:05:30.290+0000] {processor.py:829} INFO - Processing file /home/airflow/.local/lib/python3.8/site-packages/airflow/example_dags/example_xcom.py for tasks to queue
[2023-11-16T10:05:30.291+0000] {logging_mixin.py:151} INFO - [2023-11-16T10:05:30.291+0000] {dagbag.py:536} INFO - Filling up the DagBag from /home/airflow/.local/lib/python3.8/site-packages/airflow/example_dags/example_xcom.py
[2023-11-16T10:05:30.296+0000] {processor.py:839} INFO - DAG(s) dict_keys(['example_xcom']) retrieved from /home/airflow/.local/lib/python3.8/site-packages/airflow/example_dags/example_xcom.py
[2023-11-16T10:05:30.312+0000] {logging_mixin.py:151} INFO - [2023-11-16T10:05:30.312+0000] {dag.py:2941} INFO - Sync 1 DAGs
[2023-11-16T10:05:30.329+0000] {logging_mixin.py:151} INFO - [2023-11-16T10:05:30.329+0000] {dag.py:3722} INFO - Setting next_dagrun for example_xcom to 2021-01-01T00:00:00+00:00, run_after=2021-01-01T00:00:00+00:00
[2023-11-16T10:05:30.342+0000] {processor.py:179} INFO - Processing /home/airflow/.local/lib/python3.8/site-packages/airflow/example_dags/example_xcom.py took 0.054 seconds
[2023-11-16T10:06:00.385+0000] {processor.py:157} INFO - Started process (PID=8699) to work on /home/airflow/.local/lib/python3.8/site-packages/airflow/example_dags/example_xcom.py
[2023-11-16T10:06:00.386+0000] {processor.py:829} INFO - Processing file /home/airflow/.local/lib/python3.8/site-packages/airflow/example_dags/example_xcom.py for tasks to queue
[2023-11-16T10:06:00.387+0000] {logging_mixin.py:151} INFO - [2023-11-16T10:06:00.387+0000] {dagbag.py:536} INFO - Filling up the DagBag from /home/airflow/.local/lib/python3.8/site-packages/airflow/example_dags/example_xcom.py
[2023-11-16T10:06:00.391+0000] {processor.py:839} INFO - DAG(s) dict_keys(['example_xcom']) retrieved from /home/airflow/.local/lib/python3.8/site-packages/airflow/example_dags/example_xcom.py
[2023-11-16T10:06:00.407+0000] {logging_mixin.py:151} INFO - [2023-11-16T10:06:00.407+0000] {dag.py:2941} INFO - Sync 1 DAGs
[2023-11-16T10:06:00.426+0000] {logging_mixin.py:151} INFO - [2023-11-16T10:06:00.425+0000] {dag.py:3722} INFO - Setting next_dagrun for example_xcom to 2021-01-01T00:00:00+00:00, run_after=2021-01-01T00:00:00+00:00
[2023-11-16T10:06:00.439+0000] {processor.py:179} INFO - Processing /home/airflow/.local/lib/python3.8/site-packages/airflow/example_dags/example_xcom.py took 0.056 seconds
[2023-11-16T10:06:31.048+0000] {processor.py:157} INFO - Started process (PID=8754) to work on /home/airflow/.local/lib/python3.8/site-packages/airflow/example_dags/example_xcom.py
[2023-11-16T10:06:31.049+0000] {processor.py:829} INFO - Processing file /home/airflow/.local/lib/python3.8/site-packages/airflow/example_dags/example_xcom.py for tasks to queue
[2023-11-16T10:06:31.050+0000] {logging_mixin.py:151} INFO - [2023-11-16T10:06:31.050+0000] {dagbag.py:536} INFO - Filling up the DagBag from /home/airflow/.local/lib/python3.8/site-packages/airflow/example_dags/example_xcom.py
[2023-11-16T10:06:31.054+0000] {processor.py:839} INFO - DAG(s) dict_keys(['example_xcom']) retrieved from /home/airflow/.local/lib/python3.8/site-packages/airflow/example_dags/example_xcom.py
[2023-11-16T10:06:31.067+0000] {logging_mixin.py:151} INFO - [2023-11-16T10:06:31.067+0000] {dag.py:2941} INFO - Sync 1 DAGs
[2023-11-16T10:06:31.080+0000] {logging_mixin.py:151} INFO - [2023-11-16T10:06:31.080+0000] {dag.py:3722} INFO - Setting next_dagrun for example_xcom to 2021-01-01T00:00:00+00:00, run_after=2021-01-01T00:00:00+00:00
[2023-11-16T10:06:31.092+0000] {processor.py:179} INFO - Processing /home/airflow/.local/lib/python3.8/site-packages/airflow/example_dags/example_xcom.py took 0.046 seconds
[2023-11-16T10:07:01.658+0000] {processor.py:157} INFO - Started process (PID=8810) to work on /home/airflow/.local/lib/python3.8/site-packages/airflow/example_dags/example_xcom.py
[2023-11-16T10:07:01.659+0000] {processor.py:829} INFO - Processing file /home/airflow/.local/lib/python3.8/site-packages/airflow/example_dags/example_xcom.py for tasks to queue
[2023-11-16T10:07:01.660+0000] {logging_mixin.py:151} INFO - [2023-11-16T10:07:01.660+0000] {dagbag.py:536} INFO - Filling up the DagBag from /home/airflow/.local/lib/python3.8/site-packages/airflow/example_dags/example_xcom.py
[2023-11-16T10:07:01.664+0000] {processor.py:839} INFO - DAG(s) dict_keys(['example_xcom']) retrieved from /home/airflow/.local/lib/python3.8/site-packages/airflow/example_dags/example_xcom.py
[2023-11-16T10:07:01.677+0000] {logging_mixin.py:151} INFO - [2023-11-16T10:07:01.677+0000] {dag.py:2941} INFO - Sync 1 DAGs
[2023-11-16T10:07:01.692+0000] {logging_mixin.py:151} INFO - [2023-11-16T10:07:01.692+0000] {dag.py:3722} INFO - Setting next_dagrun for example_xcom to 2021-01-01T00:00:00+00:00, run_after=2021-01-01T00:00:00+00:00
[2023-11-16T10:07:01.704+0000] {processor.py:179} INFO - Processing /home/airflow/.local/lib/python3.8/site-packages/airflow/example_dags/example_xcom.py took 0.048 seconds
[2023-11-16T10:07:32.246+0000] {processor.py:157} INFO - Started process (PID=8867) to work on /home/airflow/.local/lib/python3.8/site-packages/airflow/example_dags/example_xcom.py
[2023-11-16T10:07:32.247+0000] {processor.py:829} INFO - Processing file /home/airflow/.local/lib/python3.8/site-packages/airflow/example_dags/example_xcom.py for tasks to queue
[2023-11-16T10:07:32.248+0000] {logging_mixin.py:151} INFO - [2023-11-16T10:07:32.248+0000] {dagbag.py:536} INFO - Filling up the DagBag from /home/airflow/.local/lib/python3.8/site-packages/airflow/example_dags/example_xcom.py
[2023-11-16T10:07:32.252+0000] {processor.py:839} INFO - DAG(s) dict_keys(['example_xcom']) retrieved from /home/airflow/.local/lib/python3.8/site-packages/airflow/example_dags/example_xcom.py
[2023-11-16T10:07:32.268+0000] {logging_mixin.py:151} INFO - [2023-11-16T10:07:32.268+0000] {dag.py:2941} INFO - Sync 1 DAGs
[2023-11-16T10:07:32.285+0000] {logging_mixin.py:151} INFO - [2023-11-16T10:07:32.284+0000] {dag.py:3722} INFO - Setting next_dagrun for example_xcom to 2021-01-01T00:00:00+00:00, run_after=2021-01-01T00:00:00+00:00
[2023-11-16T10:07:32.297+0000] {processor.py:179} INFO - Processing /home/airflow/.local/lib/python3.8/site-packages/airflow/example_dags/example_xcom.py took 0.053 seconds
[2023-11-16T10:08:02.962+0000] {processor.py:157} INFO - Started process (PID=8923) to work on /home/airflow/.local/lib/python3.8/site-packages/airflow/example_dags/example_xcom.py
[2023-11-16T10:08:02.963+0000] {processor.py:829} INFO - Processing file /home/airflow/.local/lib/python3.8/site-packages/airflow/example_dags/example_xcom.py for tasks to queue
[2023-11-16T10:08:02.964+0000] {logging_mixin.py:151} INFO - [2023-11-16T10:08:02.964+0000] {dagbag.py:536} INFO - Filling up the DagBag from /home/airflow/.local/lib/python3.8/site-packages/airflow/example_dags/example_xcom.py
[2023-11-16T10:08:02.968+0000] {processor.py:839} INFO - DAG(s) dict_keys(['example_xcom']) retrieved from /home/airflow/.local/lib/python3.8/site-packages/airflow/example_dags/example_xcom.py
[2023-11-16T10:08:02.981+0000] {logging_mixin.py:151} INFO - [2023-11-16T10:08:02.981+0000] {dag.py:2941} INFO - Sync 1 DAGs
[2023-11-16T10:08:02.994+0000] {logging_mixin.py:151} INFO - [2023-11-16T10:08:02.994+0000] {dag.py:3722} INFO - Setting next_dagrun for example_xcom to 2021-01-01T00:00:00+00:00, run_after=2021-01-01T00:00:00+00:00
[2023-11-16T10:08:03.005+0000] {processor.py:179} INFO - Processing /home/airflow/.local/lib/python3.8/site-packages/airflow/example_dags/example_xcom.py took 0.045 seconds
[2023-11-16T10:08:33.673+0000] {processor.py:157} INFO - Started process (PID=8979) to work on /home/airflow/.local/lib/python3.8/site-packages/airflow/example_dags/example_xcom.py
[2023-11-16T10:08:33.673+0000] {processor.py:829} INFO - Processing file /home/airflow/.local/lib/python3.8/site-packages/airflow/example_dags/example_xcom.py for tasks to queue
[2023-11-16T10:08:33.674+0000] {logging_mixin.py:151} INFO - [2023-11-16T10:08:33.674+0000] {dagbag.py:536} INFO - Filling up the DagBag from /home/airflow/.local/lib/python3.8/site-packages/airflow/example_dags/example_xcom.py
[2023-11-16T10:08:33.679+0000] {processor.py:839} INFO - DAG(s) dict_keys(['example_xcom']) retrieved from /home/airflow/.local/lib/python3.8/site-packages/airflow/example_dags/example_xcom.py
[2023-11-16T10:08:33.694+0000] {logging_mixin.py:151} INFO - [2023-11-16T10:08:33.694+0000] {dag.py:2941} INFO - Sync 1 DAGs
[2023-11-16T10:08:33.712+0000] {logging_mixin.py:151} INFO - [2023-11-16T10:08:33.712+0000] {dag.py:3722} INFO - Setting next_dagrun for example_xcom to 2021-01-01T00:00:00+00:00, run_after=2021-01-01T00:00:00+00:00
[2023-11-16T10:08:33.725+0000] {processor.py:179} INFO - Processing /home/airflow/.local/lib/python3.8/site-packages/airflow/example_dags/example_xcom.py took 0.054 seconds
[2023-11-16T10:09:04.426+0000] {processor.py:157} INFO - Started process (PID=9036) to work on /home/airflow/.local/lib/python3.8/site-packages/airflow/example_dags/example_xcom.py
[2023-11-16T10:09:04.427+0000] {processor.py:829} INFO - Processing file /home/airflow/.local/lib/python3.8/site-packages/airflow/example_dags/example_xcom.py for tasks to queue
[2023-11-16T10:09:04.428+0000] {logging_mixin.py:151} INFO - [2023-11-16T10:09:04.428+0000] {dagbag.py:536} INFO - Filling up the DagBag from /home/airflow/.local/lib/python3.8/site-packages/airflow/example_dags/example_xcom.py
[2023-11-16T10:09:04.432+0000] {processor.py:839} INFO - DAG(s) dict_keys(['example_xcom']) retrieved from /home/airflow/.local/lib/python3.8/site-packages/airflow/example_dags/example_xcom.py
[2023-11-16T10:09:04.448+0000] {logging_mixin.py:151} INFO - [2023-11-16T10:09:04.447+0000] {dag.py:2941} INFO - Sync 1 DAGs
[2023-11-16T10:09:04.465+0000] {logging_mixin.py:151} INFO - [2023-11-16T10:09:04.465+0000] {dag.py:3722} INFO - Setting next_dagrun for example_xcom to 2021-01-01T00:00:00+00:00, run_after=2021-01-01T00:00:00+00:00
[2023-11-16T10:09:04.478+0000] {processor.py:179} INFO - Processing /home/airflow/.local/lib/python3.8/site-packages/airflow/example_dags/example_xcom.py took 0.055 seconds
[2023-11-16T10:09:35.305+0000] {processor.py:157} INFO - Started process (PID=9092) to work on /home/airflow/.local/lib/python3.8/site-packages/airflow/example_dags/example_xcom.py
[2023-11-16T10:09:35.306+0000] {processor.py:829} INFO - Processing file /home/airflow/.local/lib/python3.8/site-packages/airflow/example_dags/example_xcom.py for tasks to queue
[2023-11-16T10:09:35.308+0000] {logging_mixin.py:151} INFO - [2023-11-16T10:09:35.307+0000] {dagbag.py:536} INFO - Filling up the DagBag from /home/airflow/.local/lib/python3.8/site-packages/airflow/example_dags/example_xcom.py
[2023-11-16T10:09:35.314+0000] {processor.py:839} INFO - DAG(s) dict_keys(['example_xcom']) retrieved from /home/airflow/.local/lib/python3.8/site-packages/airflow/example_dags/example_xcom.py
[2023-11-16T10:09:35.330+0000] {logging_mixin.py:151} INFO - [2023-11-16T10:09:35.330+0000] {dag.py:2941} INFO - Sync 1 DAGs
[2023-11-16T10:09:35.346+0000] {logging_mixin.py:151} INFO - [2023-11-16T10:09:35.346+0000] {dag.py:3722} INFO - Setting next_dagrun for example_xcom to 2021-01-01T00:00:00+00:00, run_after=2021-01-01T00:00:00+00:00
[2023-11-16T10:09:35.465+0000] {processor.py:179} INFO - Processing /home/airflow/.local/lib/python3.8/site-packages/airflow/example_dags/example_xcom.py took 0.164 seconds
[2023-11-16T10:10:06.169+0000] {processor.py:157} INFO - Started process (PID=9148) to work on /home/airflow/.local/lib/python3.8/site-packages/airflow/example_dags/example_xcom.py
[2023-11-16T10:10:06.170+0000] {processor.py:829} INFO - Processing file /home/airflow/.local/lib/python3.8/site-packages/airflow/example_dags/example_xcom.py for tasks to queue
[2023-11-16T10:10:06.171+0000] {logging_mixin.py:151} INFO - [2023-11-16T10:10:06.171+0000] {dagbag.py:536} INFO - Filling up the DagBag from /home/airflow/.local/lib/python3.8/site-packages/airflow/example_dags/example_xcom.py
[2023-11-16T10:10:06.176+0000] {processor.py:839} INFO - DAG(s) dict_keys(['example_xcom']) retrieved from /home/airflow/.local/lib/python3.8/site-packages/airflow/example_dags/example_xcom.py
[2023-11-16T10:10:06.191+0000] {logging_mixin.py:151} INFO - [2023-11-16T10:10:06.191+0000] {dag.py:2941} INFO - Sync 1 DAGs
[2023-11-16T10:10:06.209+0000] {logging_mixin.py:151} INFO - [2023-11-16T10:10:06.209+0000] {dag.py:3722} INFO - Setting next_dagrun for example_xcom to 2021-01-01T00:00:00+00:00, run_after=2021-01-01T00:00:00+00:00
[2023-11-16T10:10:06.221+0000] {processor.py:179} INFO - Processing /home/airflow/.local/lib/python3.8/site-packages/airflow/example_dags/example_xcom.py took 0.054 seconds
[2023-11-16T10:10:36.432+0000] {processor.py:157} INFO - Started process (PID=9205) to work on /home/airflow/.local/lib/python3.8/site-packages/airflow/example_dags/example_xcom.py
[2023-11-16T10:10:36.432+0000] {processor.py:829} INFO - Processing file /home/airflow/.local/lib/python3.8/site-packages/airflow/example_dags/example_xcom.py for tasks to queue
[2023-11-16T10:10:36.433+0000] {logging_mixin.py:151} INFO - [2023-11-16T10:10:36.433+0000] {dagbag.py:536} INFO - Filling up the DagBag from /home/airflow/.local/lib/python3.8/site-packages/airflow/example_dags/example_xcom.py
[2023-11-16T10:10:36.439+0000] {processor.py:839} INFO - DAG(s) dict_keys(['example_xcom']) retrieved from /home/airflow/.local/lib/python3.8/site-packages/airflow/example_dags/example_xcom.py
[2023-11-16T10:10:36.454+0000] {logging_mixin.py:151} INFO - [2023-11-16T10:10:36.454+0000] {dag.py:2941} INFO - Sync 1 DAGs
[2023-11-16T10:10:36.472+0000] {logging_mixin.py:151} INFO - [2023-11-16T10:10:36.472+0000] {dag.py:3722} INFO - Setting next_dagrun for example_xcom to 2021-01-01T00:00:00+00:00, run_after=2021-01-01T00:00:00+00:00
[2023-11-16T10:10:36.486+0000] {processor.py:179} INFO - Processing /home/airflow/.local/lib/python3.8/site-packages/airflow/example_dags/example_xcom.py took 0.056 seconds
[2023-11-16T10:11:06.533+0000] {processor.py:157} INFO - Started process (PID=9261) to work on /home/airflow/.local/lib/python3.8/site-packages/airflow/example_dags/example_xcom.py
[2023-11-16T10:11:06.534+0000] {processor.py:829} INFO - Processing file /home/airflow/.local/lib/python3.8/site-packages/airflow/example_dags/example_xcom.py for tasks to queue
[2023-11-16T10:11:06.535+0000] {logging_mixin.py:151} INFO - [2023-11-16T10:11:06.535+0000] {dagbag.py:536} INFO - Filling up the DagBag from /home/airflow/.local/lib/python3.8/site-packages/airflow/example_dags/example_xcom.py
[2023-11-16T10:11:06.539+0000] {processor.py:839} INFO - DAG(s) dict_keys(['example_xcom']) retrieved from /home/airflow/.local/lib/python3.8/site-packages/airflow/example_dags/example_xcom.py
[2023-11-16T10:11:06.552+0000] {logging_mixin.py:151} INFO - [2023-11-16T10:11:06.552+0000] {dag.py:2941} INFO - Sync 1 DAGs
[2023-11-16T10:11:06.566+0000] {logging_mixin.py:151} INFO - [2023-11-16T10:11:06.566+0000] {dag.py:3722} INFO - Setting next_dagrun for example_xcom to 2021-01-01T00:00:00+00:00, run_after=2021-01-01T00:00:00+00:00
[2023-11-16T10:11:06.579+0000] {processor.py:179} INFO - Processing /home/airflow/.local/lib/python3.8/site-packages/airflow/example_dags/example_xcom.py took 0.047 seconds
[2023-11-16T10:11:37.450+0000] {processor.py:157} INFO - Started process (PID=9317) to work on /home/airflow/.local/lib/python3.8/site-packages/airflow/example_dags/example_xcom.py
[2023-11-16T10:11:37.451+0000] {processor.py:829} INFO - Processing file /home/airflow/.local/lib/python3.8/site-packages/airflow/example_dags/example_xcom.py for tasks to queue
[2023-11-16T10:11:37.452+0000] {logging_mixin.py:151} INFO - [2023-11-16T10:11:37.452+0000] {dagbag.py:536} INFO - Filling up the DagBag from /home/airflow/.local/lib/python3.8/site-packages/airflow/example_dags/example_xcom.py
[2023-11-16T10:11:37.457+0000] {processor.py:839} INFO - DAG(s) dict_keys(['example_xcom']) retrieved from /home/airflow/.local/lib/python3.8/site-packages/airflow/example_dags/example_xcom.py
[2023-11-16T10:11:37.469+0000] {logging_mixin.py:151} INFO - [2023-11-16T10:11:37.469+0000] {dag.py:2941} INFO - Sync 1 DAGs
[2023-11-16T10:11:37.484+0000] {logging_mixin.py:151} INFO - [2023-11-16T10:11:37.484+0000] {dag.py:3722} INFO - Setting next_dagrun for example_xcom to 2021-01-01T00:00:00+00:00, run_after=2021-01-01T00:00:00+00:00
[2023-11-16T10:11:37.498+0000] {processor.py:179} INFO - Processing /home/airflow/.local/lib/python3.8/site-packages/airflow/example_dags/example_xcom.py took 0.051 seconds
[2023-11-16T10:12:07.660+0000] {processor.py:157} INFO - Started process (PID=9374) to work on /home/airflow/.local/lib/python3.8/site-packages/airflow/example_dags/example_xcom.py
[2023-11-16T10:12:07.661+0000] {processor.py:829} INFO - Processing file /home/airflow/.local/lib/python3.8/site-packages/airflow/example_dags/example_xcom.py for tasks to queue
[2023-11-16T10:12:07.662+0000] {logging_mixin.py:151} INFO - [2023-11-16T10:12:07.662+0000] {dagbag.py:536} INFO - Filling up the DagBag from /home/airflow/.local/lib/python3.8/site-packages/airflow/example_dags/example_xcom.py
[2023-11-16T10:12:07.667+0000] {processor.py:839} INFO - DAG(s) dict_keys(['example_xcom']) retrieved from /home/airflow/.local/lib/python3.8/site-packages/airflow/example_dags/example_xcom.py
[2023-11-16T10:12:07.682+0000] {logging_mixin.py:151} INFO - [2023-11-16T10:12:07.682+0000] {dag.py:2941} INFO - Sync 1 DAGs
[2023-11-16T10:12:07.793+0000] {logging_mixin.py:151} INFO - [2023-11-16T10:12:07.793+0000] {dag.py:3722} INFO - Setting next_dagrun for example_xcom to 2021-01-01T00:00:00+00:00, run_after=2021-01-01T00:00:00+00:00
[2023-11-16T10:12:07.806+0000] {processor.py:179} INFO - Processing /home/airflow/.local/lib/python3.8/site-packages/airflow/example_dags/example_xcom.py took 0.147 seconds
[2023-11-16T10:12:38.557+0000] {processor.py:157} INFO - Started process (PID=9431) to work on /home/airflow/.local/lib/python3.8/site-packages/airflow/example_dags/example_xcom.py
[2023-11-16T10:12:38.557+0000] {processor.py:829} INFO - Processing file /home/airflow/.local/lib/python3.8/site-packages/airflow/example_dags/example_xcom.py for tasks to queue
[2023-11-16T10:12:38.559+0000] {logging_mixin.py:151} INFO - [2023-11-16T10:12:38.558+0000] {dagbag.py:536} INFO - Filling up the DagBag from /home/airflow/.local/lib/python3.8/site-packages/airflow/example_dags/example_xcom.py
[2023-11-16T10:12:38.563+0000] {processor.py:839} INFO - DAG(s) dict_keys(['example_xcom']) retrieved from /home/airflow/.local/lib/python3.8/site-packages/airflow/example_dags/example_xcom.py
[2023-11-16T10:12:38.579+0000] {logging_mixin.py:151} INFO - [2023-11-16T10:12:38.578+0000] {dag.py:2941} INFO - Sync 1 DAGs
[2023-11-16T10:12:38.598+0000] {logging_mixin.py:151} INFO - [2023-11-16T10:12:38.597+0000] {dag.py:3722} INFO - Setting next_dagrun for example_xcom to 2021-01-01T00:00:00+00:00, run_after=2021-01-01T00:00:00+00:00
[2023-11-16T10:12:38.740+0000] {processor.py:179} INFO - Processing /home/airflow/.local/lib/python3.8/site-packages/airflow/example_dags/example_xcom.py took 0.186 seconds
[2023-11-16T10:13:08.784+0000] {processor.py:157} INFO - Started process (PID=9488) to work on /home/airflow/.local/lib/python3.8/site-packages/airflow/example_dags/example_xcom.py
[2023-11-16T10:13:08.784+0000] {processor.py:829} INFO - Processing file /home/airflow/.local/lib/python3.8/site-packages/airflow/example_dags/example_xcom.py for tasks to queue
[2023-11-16T10:13:08.786+0000] {logging_mixin.py:151} INFO - [2023-11-16T10:13:08.785+0000] {dagbag.py:536} INFO - Filling up the DagBag from /home/airflow/.local/lib/python3.8/site-packages/airflow/example_dags/example_xcom.py
[2023-11-16T10:13:08.790+0000] {processor.py:839} INFO - DAG(s) dict_keys(['example_xcom']) retrieved from /home/airflow/.local/lib/python3.8/site-packages/airflow/example_dags/example_xcom.py
[2023-11-16T10:13:08.806+0000] {logging_mixin.py:151} INFO - [2023-11-16T10:13:08.806+0000] {dag.py:2941} INFO - Sync 1 DAGs
[2023-11-16T10:13:08.824+0000] {logging_mixin.py:151} INFO - [2023-11-16T10:13:08.824+0000] {dag.py:3722} INFO - Setting next_dagrun for example_xcom to 2021-01-01T00:00:00+00:00, run_after=2021-01-01T00:00:00+00:00
[2023-11-16T10:13:08.838+0000] {processor.py:179} INFO - Processing /home/airflow/.local/lib/python3.8/site-packages/airflow/example_dags/example_xcom.py took 0.057 seconds
[2023-11-16T10:13:39.635+0000] {processor.py:157} INFO - Started process (PID=9544) to work on /home/airflow/.local/lib/python3.8/site-packages/airflow/example_dags/example_xcom.py
[2023-11-16T10:13:39.636+0000] {processor.py:829} INFO - Processing file /home/airflow/.local/lib/python3.8/site-packages/airflow/example_dags/example_xcom.py for tasks to queue
[2023-11-16T10:13:39.637+0000] {logging_mixin.py:151} INFO - [2023-11-16T10:13:39.637+0000] {dagbag.py:536} INFO - Filling up the DagBag from /home/airflow/.local/lib/python3.8/site-packages/airflow/example_dags/example_xcom.py
[2023-11-16T10:13:39.642+0000] {processor.py:839} INFO - DAG(s) dict_keys(['example_xcom']) retrieved from /home/airflow/.local/lib/python3.8/site-packages/airflow/example_dags/example_xcom.py
[2023-11-16T10:13:39.658+0000] {logging_mixin.py:151} INFO - [2023-11-16T10:13:39.658+0000] {dag.py:2941} INFO - Sync 1 DAGs
[2023-11-16T10:13:39.676+0000] {logging_mixin.py:151} INFO - [2023-11-16T10:13:39.675+0000] {dag.py:3722} INFO - Setting next_dagrun for example_xcom to 2021-01-01T00:00:00+00:00, run_after=2021-01-01T00:00:00+00:00
[2023-11-16T10:13:39.689+0000] {processor.py:179} INFO - Processing /home/airflow/.local/lib/python3.8/site-packages/airflow/example_dags/example_xcom.py took 0.056 seconds
[2023-11-16T10:14:10.221+0000] {processor.py:157} INFO - Started process (PID=9600) to work on /home/airflow/.local/lib/python3.8/site-packages/airflow/example_dags/example_xcom.py
[2023-11-16T10:14:10.221+0000] {processor.py:829} INFO - Processing file /home/airflow/.local/lib/python3.8/site-packages/airflow/example_dags/example_xcom.py for tasks to queue
[2023-11-16T10:14:10.223+0000] {logging_mixin.py:151} INFO - [2023-11-16T10:14:10.222+0000] {dagbag.py:536} INFO - Filling up the DagBag from /home/airflow/.local/lib/python3.8/site-packages/airflow/example_dags/example_xcom.py
[2023-11-16T10:14:10.227+0000] {processor.py:839} INFO - DAG(s) dict_keys(['example_xcom']) retrieved from /home/airflow/.local/lib/python3.8/site-packages/airflow/example_dags/example_xcom.py
[2023-11-16T10:14:10.335+0000] {logging_mixin.py:151} INFO - [2023-11-16T10:14:10.335+0000] {dag.py:2941} INFO - Sync 1 DAGs
[2023-11-16T10:14:10.348+0000] {logging_mixin.py:151} INFO - [2023-11-16T10:14:10.347+0000] {dag.py:3722} INFO - Setting next_dagrun for example_xcom to 2021-01-01T00:00:00+00:00, run_after=2021-01-01T00:00:00+00:00
[2023-11-16T10:14:10.358+0000] {processor.py:179} INFO - Processing /home/airflow/.local/lib/python3.8/site-packages/airflow/example_dags/example_xcom.py took 0.139 seconds
[2023-11-16T10:14:40.565+0000] {processor.py:157} INFO - Started process (PID=9657) to work on /home/airflow/.local/lib/python3.8/site-packages/airflow/example_dags/example_xcom.py
[2023-11-16T10:14:40.565+0000] {processor.py:829} INFO - Processing file /home/airflow/.local/lib/python3.8/site-packages/airflow/example_dags/example_xcom.py for tasks to queue
[2023-11-16T10:14:40.566+0000] {logging_mixin.py:151} INFO - [2023-11-16T10:14:40.566+0000] {dagbag.py:536} INFO - Filling up the DagBag from /home/airflow/.local/lib/python3.8/site-packages/airflow/example_dags/example_xcom.py
[2023-11-16T10:14:40.571+0000] {processor.py:839} INFO - DAG(s) dict_keys(['example_xcom']) retrieved from /home/airflow/.local/lib/python3.8/site-packages/airflow/example_dags/example_xcom.py
[2023-11-16T10:14:40.587+0000] {logging_mixin.py:151} INFO - [2023-11-16T10:14:40.587+0000] {dag.py:2941} INFO - Sync 1 DAGs
[2023-11-16T10:14:40.721+0000] {logging_mixin.py:151} INFO - [2023-11-16T10:14:40.721+0000] {dag.py:3722} INFO - Setting next_dagrun for example_xcom to 2021-01-01T00:00:00+00:00, run_after=2021-01-01T00:00:00+00:00
[2023-11-16T10:14:40.732+0000] {processor.py:179} INFO - Processing /home/airflow/.local/lib/python3.8/site-packages/airflow/example_dags/example_xcom.py took 0.169 seconds
[2023-11-16T10:15:11.402+0000] {processor.py:157} INFO - Started process (PID=9713) to work on /home/airflow/.local/lib/python3.8/site-packages/airflow/example_dags/example_xcom.py
[2023-11-16T10:15:11.402+0000] {processor.py:829} INFO - Processing file /home/airflow/.local/lib/python3.8/site-packages/airflow/example_dags/example_xcom.py for tasks to queue
[2023-11-16T10:15:11.404+0000] {logging_mixin.py:151} INFO - [2023-11-16T10:15:11.403+0000] {dagbag.py:536} INFO - Filling up the DagBag from /home/airflow/.local/lib/python3.8/site-packages/airflow/example_dags/example_xcom.py
[2023-11-16T10:15:11.408+0000] {processor.py:839} INFO - DAG(s) dict_keys(['example_xcom']) retrieved from /home/airflow/.local/lib/python3.8/site-packages/airflow/example_dags/example_xcom.py
[2023-11-16T10:15:11.420+0000] {logging_mixin.py:151} INFO - [2023-11-16T10:15:11.420+0000] {dag.py:2941} INFO - Sync 1 DAGs
[2023-11-16T10:15:11.434+0000] {logging_mixin.py:151} INFO - [2023-11-16T10:15:11.434+0000] {dag.py:3722} INFO - Setting next_dagrun for example_xcom to 2021-01-01T00:00:00+00:00, run_after=2021-01-01T00:00:00+00:00
[2023-11-16T10:15:11.445+0000] {processor.py:179} INFO - Processing /home/airflow/.local/lib/python3.8/site-packages/airflow/example_dags/example_xcom.py took 0.046 seconds
[2023-11-16T10:15:42.068+0000] {processor.py:157} INFO - Started process (PID=9770) to work on /home/airflow/.local/lib/python3.8/site-packages/airflow/example_dags/example_xcom.py
[2023-11-16T10:15:42.068+0000] {processor.py:829} INFO - Processing file /home/airflow/.local/lib/python3.8/site-packages/airflow/example_dags/example_xcom.py for tasks to queue
[2023-11-16T10:15:42.069+0000] {logging_mixin.py:151} INFO - [2023-11-16T10:15:42.069+0000] {dagbag.py:536} INFO - Filling up the DagBag from /home/airflow/.local/lib/python3.8/site-packages/airflow/example_dags/example_xcom.py
[2023-11-16T10:15:42.074+0000] {processor.py:839} INFO - DAG(s) dict_keys(['example_xcom']) retrieved from /home/airflow/.local/lib/python3.8/site-packages/airflow/example_dags/example_xcom.py
[2023-11-16T10:15:42.086+0000] {logging_mixin.py:151} INFO - [2023-11-16T10:15:42.086+0000] {dag.py:2941} INFO - Sync 1 DAGs
[2023-11-16T10:15:42.099+0000] {logging_mixin.py:151} INFO - [2023-11-16T10:15:42.099+0000] {dag.py:3722} INFO - Setting next_dagrun for example_xcom to 2021-01-01T00:00:00+00:00, run_after=2021-01-01T00:00:00+00:00
[2023-11-16T10:15:42.112+0000] {processor.py:179} INFO - Processing /home/airflow/.local/lib/python3.8/site-packages/airflow/example_dags/example_xcom.py took 0.046 seconds
[2023-11-16T10:16:12.628+0000] {processor.py:157} INFO - Started process (PID=9826) to work on /home/airflow/.local/lib/python3.8/site-packages/airflow/example_dags/example_xcom.py
[2023-11-16T10:16:12.629+0000] {processor.py:829} INFO - Processing file /home/airflow/.local/lib/python3.8/site-packages/airflow/example_dags/example_xcom.py for tasks to queue
[2023-11-16T10:16:12.630+0000] {logging_mixin.py:151} INFO - [2023-11-16T10:16:12.630+0000] {dagbag.py:536} INFO - Filling up the DagBag from /home/airflow/.local/lib/python3.8/site-packages/airflow/example_dags/example_xcom.py
[2023-11-16T10:16:12.635+0000] {processor.py:839} INFO - DAG(s) dict_keys(['example_xcom']) retrieved from /home/airflow/.local/lib/python3.8/site-packages/airflow/example_dags/example_xcom.py
[2023-11-16T10:16:12.650+0000] {logging_mixin.py:151} INFO - [2023-11-16T10:16:12.650+0000] {dag.py:2941} INFO - Sync 1 DAGs
[2023-11-16T10:16:12.668+0000] {logging_mixin.py:151} INFO - [2023-11-16T10:16:12.667+0000] {dag.py:3722} INFO - Setting next_dagrun for example_xcom to 2021-01-01T00:00:00+00:00, run_after=2021-01-01T00:00:00+00:00
[2023-11-16T10:16:12.681+0000] {processor.py:179} INFO - Processing /home/airflow/.local/lib/python3.8/site-packages/airflow/example_dags/example_xcom.py took 0.054 seconds
[2023-11-16T10:16:43.252+0000] {processor.py:157} INFO - Started process (PID=9882) to work on /home/airflow/.local/lib/python3.8/site-packages/airflow/example_dags/example_xcom.py
[2023-11-16T10:16:43.253+0000] {processor.py:829} INFO - Processing file /home/airflow/.local/lib/python3.8/site-packages/airflow/example_dags/example_xcom.py for tasks to queue
[2023-11-16T10:16:43.254+0000] {logging_mixin.py:151} INFO - [2023-11-16T10:16:43.254+0000] {dagbag.py:536} INFO - Filling up the DagBag from /home/airflow/.local/lib/python3.8/site-packages/airflow/example_dags/example_xcom.py
[2023-11-16T10:16:43.258+0000] {processor.py:839} INFO - DAG(s) dict_keys(['example_xcom']) retrieved from /home/airflow/.local/lib/python3.8/site-packages/airflow/example_dags/example_xcom.py
[2023-11-16T10:16:43.271+0000] {logging_mixin.py:151} INFO - [2023-11-16T10:16:43.271+0000] {dag.py:2941} INFO - Sync 1 DAGs
[2023-11-16T10:16:43.284+0000] {logging_mixin.py:151} INFO - [2023-11-16T10:16:43.284+0000] {dag.py:3722} INFO - Setting next_dagrun for example_xcom to 2021-01-01T00:00:00+00:00, run_after=2021-01-01T00:00:00+00:00
[2023-11-16T10:16:43.295+0000] {processor.py:179} INFO - Processing /home/airflow/.local/lib/python3.8/site-packages/airflow/example_dags/example_xcom.py took 0.045 seconds
[2023-11-16T10:17:13.820+0000] {processor.py:157} INFO - Started process (PID=9938) to work on /home/airflow/.local/lib/python3.8/site-packages/airflow/example_dags/example_xcom.py
[2023-11-16T10:17:13.821+0000] {processor.py:829} INFO - Processing file /home/airflow/.local/lib/python3.8/site-packages/airflow/example_dags/example_xcom.py for tasks to queue
[2023-11-16T10:17:13.822+0000] {logging_mixin.py:151} INFO - [2023-11-16T10:17:13.822+0000] {dagbag.py:536} INFO - Filling up the DagBag from /home/airflow/.local/lib/python3.8/site-packages/airflow/example_dags/example_xcom.py
[2023-11-16T10:17:13.826+0000] {processor.py:839} INFO - DAG(s) dict_keys(['example_xcom']) retrieved from /home/airflow/.local/lib/python3.8/site-packages/airflow/example_dags/example_xcom.py
[2023-11-16T10:17:13.839+0000] {logging_mixin.py:151} INFO - [2023-11-16T10:17:13.839+0000] {dag.py:2941} INFO - Sync 1 DAGs
[2023-11-16T10:17:13.852+0000] {logging_mixin.py:151} INFO - [2023-11-16T10:17:13.852+0000] {dag.py:3722} INFO - Setting next_dagrun for example_xcom to 2021-01-01T00:00:00+00:00, run_after=2021-01-01T00:00:00+00:00
[2023-11-16T10:17:13.864+0000] {processor.py:179} INFO - Processing /home/airflow/.local/lib/python3.8/site-packages/airflow/example_dags/example_xcom.py took 0.045 seconds
[2023-11-16T10:17:44.469+0000] {processor.py:157} INFO - Started process (PID=9994) to work on /home/airflow/.local/lib/python3.8/site-packages/airflow/example_dags/example_xcom.py
[2023-11-16T10:17:44.470+0000] {processor.py:829} INFO - Processing file /home/airflow/.local/lib/python3.8/site-packages/airflow/example_dags/example_xcom.py for tasks to queue
[2023-11-16T10:17:44.472+0000] {logging_mixin.py:151} INFO - [2023-11-16T10:17:44.471+0000] {dagbag.py:536} INFO - Filling up the DagBag from /home/airflow/.local/lib/python3.8/site-packages/airflow/example_dags/example_xcom.py
[2023-11-16T10:17:44.478+0000] {processor.py:839} INFO - DAG(s) dict_keys(['example_xcom']) retrieved from /home/airflow/.local/lib/python3.8/site-packages/airflow/example_dags/example_xcom.py
[2023-11-16T10:17:44.496+0000] {logging_mixin.py:151} INFO - [2023-11-16T10:17:44.496+0000] {dag.py:2941} INFO - Sync 1 DAGs
[2023-11-16T10:17:44.518+0000] {logging_mixin.py:151} INFO - [2023-11-16T10:17:44.517+0000] {dag.py:3722} INFO - Setting next_dagrun for example_xcom to 2021-01-01T00:00:00+00:00, run_after=2021-01-01T00:00:00+00:00
[2023-11-16T10:17:44.532+0000] {processor.py:179} INFO - Processing /home/airflow/.local/lib/python3.8/site-packages/airflow/example_dags/example_xcom.py took 0.065 seconds
[2023-11-16T10:18:15.110+0000] {processor.py:157} INFO - Started process (PID=10050) to work on /home/airflow/.local/lib/python3.8/site-packages/airflow/example_dags/example_xcom.py
[2023-11-16T10:18:15.110+0000] {processor.py:829} INFO - Processing file /home/airflow/.local/lib/python3.8/site-packages/airflow/example_dags/example_xcom.py for tasks to queue
[2023-11-16T10:18:15.112+0000] {logging_mixin.py:151} INFO - [2023-11-16T10:18:15.111+0000] {dagbag.py:536} INFO - Filling up the DagBag from /home/airflow/.local/lib/python3.8/site-packages/airflow/example_dags/example_xcom.py
[2023-11-16T10:18:15.116+0000] {processor.py:839} INFO - DAG(s) dict_keys(['example_xcom']) retrieved from /home/airflow/.local/lib/python3.8/site-packages/airflow/example_dags/example_xcom.py
[2023-11-16T10:18:15.128+0000] {logging_mixin.py:151} INFO - [2023-11-16T10:18:15.128+0000] {dag.py:2941} INFO - Sync 1 DAGs
[2023-11-16T10:18:15.142+0000] {logging_mixin.py:151} INFO - [2023-11-16T10:18:15.141+0000] {dag.py:3722} INFO - Setting next_dagrun for example_xcom to 2021-01-01T00:00:00+00:00, run_after=2021-01-01T00:00:00+00:00
[2023-11-16T10:18:15.152+0000] {processor.py:179} INFO - Processing /home/airflow/.local/lib/python3.8/site-packages/airflow/example_dags/example_xcom.py took 0.045 seconds
[2023-11-16T10:18:45.744+0000] {processor.py:157} INFO - Started process (PID=10106) to work on /home/airflow/.local/lib/python3.8/site-packages/airflow/example_dags/example_xcom.py
[2023-11-16T10:18:45.745+0000] {processor.py:829} INFO - Processing file /home/airflow/.local/lib/python3.8/site-packages/airflow/example_dags/example_xcom.py for tasks to queue
[2023-11-16T10:18:45.746+0000] {logging_mixin.py:151} INFO - [2023-11-16T10:18:45.746+0000] {dagbag.py:536} INFO - Filling up the DagBag from /home/airflow/.local/lib/python3.8/site-packages/airflow/example_dags/example_xcom.py
[2023-11-16T10:18:45.750+0000] {processor.py:839} INFO - DAG(s) dict_keys(['example_xcom']) retrieved from /home/airflow/.local/lib/python3.8/site-packages/airflow/example_dags/example_xcom.py
[2023-11-16T10:18:45.763+0000] {logging_mixin.py:151} INFO - [2023-11-16T10:18:45.763+0000] {dag.py:2941} INFO - Sync 1 DAGs
[2023-11-16T10:18:45.776+0000] {logging_mixin.py:151} INFO - [2023-11-16T10:18:45.776+0000] {dag.py:3722} INFO - Setting next_dagrun for example_xcom to 2021-01-01T00:00:00+00:00, run_after=2021-01-01T00:00:00+00:00
[2023-11-16T10:18:45.787+0000] {processor.py:179} INFO - Processing /home/airflow/.local/lib/python3.8/site-packages/airflow/example_dags/example_xcom.py took 0.045 seconds
[2023-11-16T10:19:16.464+0000] {processor.py:157} INFO - Started process (PID=10162) to work on /home/airflow/.local/lib/python3.8/site-packages/airflow/example_dags/example_xcom.py
[2023-11-16T10:19:16.465+0000] {processor.py:829} INFO - Processing file /home/airflow/.local/lib/python3.8/site-packages/airflow/example_dags/example_xcom.py for tasks to queue
[2023-11-16T10:19:16.466+0000] {logging_mixin.py:151} INFO - [2023-11-16T10:19:16.466+0000] {dagbag.py:536} INFO - Filling up the DagBag from /home/airflow/.local/lib/python3.8/site-packages/airflow/example_dags/example_xcom.py
[2023-11-16T10:19:16.470+0000] {processor.py:839} INFO - DAG(s) dict_keys(['example_xcom']) retrieved from /home/airflow/.local/lib/python3.8/site-packages/airflow/example_dags/example_xcom.py
[2023-11-16T10:19:16.484+0000] {logging_mixin.py:151} INFO - [2023-11-16T10:19:16.484+0000] {dag.py:2941} INFO - Sync 1 DAGs
[2023-11-16T10:19:16.498+0000] {logging_mixin.py:151} INFO - [2023-11-16T10:19:16.498+0000] {dag.py:3722} INFO - Setting next_dagrun for example_xcom to 2021-01-01T00:00:00+00:00, run_after=2021-01-01T00:00:00+00:00
[2023-11-16T10:19:16.510+0000] {processor.py:179} INFO - Processing /home/airflow/.local/lib/python3.8/site-packages/airflow/example_dags/example_xcom.py took 0.049 seconds
[2023-11-16T10:19:47.210+0000] {processor.py:157} INFO - Started process (PID=10218) to work on /home/airflow/.local/lib/python3.8/site-packages/airflow/example_dags/example_xcom.py
[2023-11-16T10:19:47.210+0000] {processor.py:829} INFO - Processing file /home/airflow/.local/lib/python3.8/site-packages/airflow/example_dags/example_xcom.py for tasks to queue
[2023-11-16T10:19:47.211+0000] {logging_mixin.py:151} INFO - [2023-11-16T10:19:47.211+0000] {dagbag.py:536} INFO - Filling up the DagBag from /home/airflow/.local/lib/python3.8/site-packages/airflow/example_dags/example_xcom.py
[2023-11-16T10:19:47.216+0000] {processor.py:839} INFO - DAG(s) dict_keys(['example_xcom']) retrieved from /home/airflow/.local/lib/python3.8/site-packages/airflow/example_dags/example_xcom.py
[2023-11-16T10:19:47.232+0000] {logging_mixin.py:151} INFO - [2023-11-16T10:19:47.232+0000] {dag.py:2941} INFO - Sync 1 DAGs
[2023-11-16T10:19:47.248+0000] {logging_mixin.py:151} INFO - [2023-11-16T10:19:47.248+0000] {dag.py:3722} INFO - Setting next_dagrun for example_xcom to 2021-01-01T00:00:00+00:00, run_after=2021-01-01T00:00:00+00:00
[2023-11-16T10:19:47.261+0000] {processor.py:179} INFO - Processing /home/airflow/.local/lib/python3.8/site-packages/airflow/example_dags/example_xcom.py took 0.053 seconds
[2023-11-16T10:20:17.900+0000] {processor.py:157} INFO - Started process (PID=10274) to work on /home/airflow/.local/lib/python3.8/site-packages/airflow/example_dags/example_xcom.py
[2023-11-16T10:20:17.901+0000] {processor.py:829} INFO - Processing file /home/airflow/.local/lib/python3.8/site-packages/airflow/example_dags/example_xcom.py for tasks to queue
[2023-11-16T10:20:17.902+0000] {logging_mixin.py:151} INFO - [2023-11-16T10:20:17.902+0000] {dagbag.py:536} INFO - Filling up the DagBag from /home/airflow/.local/lib/python3.8/site-packages/airflow/example_dags/example_xcom.py
[2023-11-16T10:20:17.906+0000] {processor.py:839} INFO - DAG(s) dict_keys(['example_xcom']) retrieved from /home/airflow/.local/lib/python3.8/site-packages/airflow/example_dags/example_xcom.py
[2023-11-16T10:20:17.919+0000] {logging_mixin.py:151} INFO - [2023-11-16T10:20:17.919+0000] {dag.py:2941} INFO - Sync 1 DAGs
[2023-11-16T10:20:17.932+0000] {logging_mixin.py:151} INFO - [2023-11-16T10:20:17.932+0000] {dag.py:3722} INFO - Setting next_dagrun for example_xcom to 2021-01-01T00:00:00+00:00, run_after=2021-01-01T00:00:00+00:00
[2023-11-16T10:20:17.943+0000] {processor.py:179} INFO - Processing /home/airflow/.local/lib/python3.8/site-packages/airflow/example_dags/example_xcom.py took 0.045 seconds
[2023-11-16T10:20:48.579+0000] {processor.py:157} INFO - Started process (PID=10330) to work on /home/airflow/.local/lib/python3.8/site-packages/airflow/example_dags/example_xcom.py
[2023-11-16T10:20:48.580+0000] {processor.py:829} INFO - Processing file /home/airflow/.local/lib/python3.8/site-packages/airflow/example_dags/example_xcom.py for tasks to queue
[2023-11-16T10:20:48.581+0000] {logging_mixin.py:151} INFO - [2023-11-16T10:20:48.581+0000] {dagbag.py:536} INFO - Filling up the DagBag from /home/airflow/.local/lib/python3.8/site-packages/airflow/example_dags/example_xcom.py
[2023-11-16T10:20:48.586+0000] {processor.py:839} INFO - DAG(s) dict_keys(['example_xcom']) retrieved from /home/airflow/.local/lib/python3.8/site-packages/airflow/example_dags/example_xcom.py
[2023-11-16T10:20:48.602+0000] {logging_mixin.py:151} INFO - [2023-11-16T10:20:48.601+0000] {dag.py:2941} INFO - Sync 1 DAGs
[2023-11-16T10:20:48.620+0000] {logging_mixin.py:151} INFO - [2023-11-16T10:20:48.620+0000] {dag.py:3722} INFO - Setting next_dagrun for example_xcom to 2021-01-01T00:00:00+00:00, run_after=2021-01-01T00:00:00+00:00
[2023-11-16T10:20:48.633+0000] {processor.py:179} INFO - Processing /home/airflow/.local/lib/python3.8/site-packages/airflow/example_dags/example_xcom.py took 0.056 seconds
