[2023-11-16T09:44:18.904+0000] {processor.py:157} INFO - Started process (PID=6287) to work on /home/airflow/.local/lib/python3.8/site-packages/airflow/example_dags/example_params_trigger_ui.py
[2023-11-16T09:44:18.905+0000] {processor.py:829} INFO - Processing file /home/airflow/.local/lib/python3.8/site-packages/airflow/example_dags/example_params_trigger_ui.py for tasks to queue
[2023-11-16T09:44:18.906+0000] {logging_mixin.py:151} INFO - [2023-11-16T09:44:18.906+0000] {dagbag.py:536} INFO - Filling up the DagBag from /home/airflow/.local/lib/python3.8/site-packages/airflow/example_dags/example_params_trigger_ui.py
[2023-11-16T09:44:18.917+0000] {processor.py:839} INFO - DAG(s) dict_keys(['example_params_trigger_ui']) retrieved from /home/airflow/.local/lib/python3.8/site-packages/airflow/example_dags/example_params_trigger_ui.py
[2023-11-16T09:44:18.947+0000] {logging_mixin.py:151} INFO - [2023-11-16T09:44:18.947+0000] {dag.py:2941} INFO - Sync 1 DAGs
[2023-11-16T09:44:18.956+0000] {logging_mixin.py:151} INFO - [2023-11-16T09:44:18.956+0000] {dag.py:3722} INFO - Setting next_dagrun for example_params_trigger_ui to None, run_after=None
[2023-11-16T09:44:18.969+0000] {processor.py:179} INFO - Processing /home/airflow/.local/lib/python3.8/site-packages/airflow/example_dags/example_params_trigger_ui.py took 0.067 seconds
[2023-11-16T09:44:49.018+0000] {processor.py:157} INFO - Started process (PID=6342) to work on /home/airflow/.local/lib/python3.8/site-packages/airflow/example_dags/example_params_trigger_ui.py
[2023-11-16T09:44:49.019+0000] {processor.py:829} INFO - Processing file /home/airflow/.local/lib/python3.8/site-packages/airflow/example_dags/example_params_trigger_ui.py for tasks to queue
[2023-11-16T09:44:49.020+0000] {logging_mixin.py:151} INFO - [2023-11-16T09:44:49.020+0000] {dagbag.py:536} INFO - Filling up the DagBag from /home/airflow/.local/lib/python3.8/site-packages/airflow/example_dags/example_params_trigger_ui.py
[2023-11-16T09:44:49.031+0000] {processor.py:839} INFO - DAG(s) dict_keys(['example_params_trigger_ui']) retrieved from /home/airflow/.local/lib/python3.8/site-packages/airflow/example_dags/example_params_trigger_ui.py
[2023-11-16T09:44:49.060+0000] {logging_mixin.py:151} INFO - [2023-11-16T09:44:49.060+0000] {dag.py:2941} INFO - Sync 1 DAGs
[2023-11-16T09:44:49.067+0000] {logging_mixin.py:151} INFO - [2023-11-16T09:44:49.067+0000] {dag.py:3722} INFO - Setting next_dagrun for example_params_trigger_ui to None, run_after=None
[2023-11-16T09:44:49.078+0000] {processor.py:179} INFO - Processing /home/airflow/.local/lib/python3.8/site-packages/airflow/example_dags/example_params_trigger_ui.py took 0.062 seconds
[2023-11-16T09:45:19.180+0000] {processor.py:157} INFO - Started process (PID=6398) to work on /home/airflow/.local/lib/python3.8/site-packages/airflow/example_dags/example_params_trigger_ui.py
[2023-11-16T09:45:19.181+0000] {processor.py:829} INFO - Processing file /home/airflow/.local/lib/python3.8/site-packages/airflow/example_dags/example_params_trigger_ui.py for tasks to queue
[2023-11-16T09:45:19.182+0000] {logging_mixin.py:151} INFO - [2023-11-16T09:45:19.182+0000] {dagbag.py:536} INFO - Filling up the DagBag from /home/airflow/.local/lib/python3.8/site-packages/airflow/example_dags/example_params_trigger_ui.py
[2023-11-16T09:45:19.193+0000] {processor.py:839} INFO - DAG(s) dict_keys(['example_params_trigger_ui']) retrieved from /home/airflow/.local/lib/python3.8/site-packages/airflow/example_dags/example_params_trigger_ui.py
[2023-11-16T09:45:19.226+0000] {logging_mixin.py:151} INFO - [2023-11-16T09:45:19.226+0000] {dag.py:2941} INFO - Sync 1 DAGs
[2023-11-16T09:45:19.234+0000] {logging_mixin.py:151} INFO - [2023-11-16T09:45:19.234+0000] {dag.py:3722} INFO - Setting next_dagrun for example_params_trigger_ui to None, run_after=None
[2023-11-16T09:45:19.246+0000] {processor.py:179} INFO - Processing /home/airflow/.local/lib/python3.8/site-packages/airflow/example_dags/example_params_trigger_ui.py took 0.068 seconds
[2023-11-16T09:45:49.265+0000] {processor.py:157} INFO - Started process (PID=6455) to work on /home/airflow/.local/lib/python3.8/site-packages/airflow/example_dags/example_params_trigger_ui.py
[2023-11-16T09:45:49.265+0000] {processor.py:829} INFO - Processing file /home/airflow/.local/lib/python3.8/site-packages/airflow/example_dags/example_params_trigger_ui.py for tasks to queue
[2023-11-16T09:45:49.266+0000] {logging_mixin.py:151} INFO - [2023-11-16T09:45:49.266+0000] {dagbag.py:536} INFO - Filling up the DagBag from /home/airflow/.local/lib/python3.8/site-packages/airflow/example_dags/example_params_trigger_ui.py
[2023-11-16T09:45:49.276+0000] {processor.py:839} INFO - DAG(s) dict_keys(['example_params_trigger_ui']) retrieved from /home/airflow/.local/lib/python3.8/site-packages/airflow/example_dags/example_params_trigger_ui.py
[2023-11-16T09:45:49.306+0000] {logging_mixin.py:151} INFO - [2023-11-16T09:45:49.305+0000] {dag.py:2941} INFO - Sync 1 DAGs
[2023-11-16T09:45:49.313+0000] {logging_mixin.py:151} INFO - [2023-11-16T09:45:49.313+0000] {dag.py:3722} INFO - Setting next_dagrun for example_params_trigger_ui to None, run_after=None
[2023-11-16T09:45:49.324+0000] {processor.py:179} INFO - Processing /home/airflow/.local/lib/python3.8/site-packages/airflow/example_dags/example_params_trigger_ui.py took 0.062 seconds
[2023-11-16T09:46:19.422+0000] {processor.py:157} INFO - Started process (PID=6511) to work on /home/airflow/.local/lib/python3.8/site-packages/airflow/example_dags/example_params_trigger_ui.py
[2023-11-16T09:46:19.423+0000] {processor.py:829} INFO - Processing file /home/airflow/.local/lib/python3.8/site-packages/airflow/example_dags/example_params_trigger_ui.py for tasks to queue
[2023-11-16T09:46:19.424+0000] {logging_mixin.py:151} INFO - [2023-11-16T09:46:19.424+0000] {dagbag.py:536} INFO - Filling up the DagBag from /home/airflow/.local/lib/python3.8/site-packages/airflow/example_dags/example_params_trigger_ui.py
[2023-11-16T09:46:19.434+0000] {processor.py:839} INFO - DAG(s) dict_keys(['example_params_trigger_ui']) retrieved from /home/airflow/.local/lib/python3.8/site-packages/airflow/example_dags/example_params_trigger_ui.py
[2023-11-16T09:46:19.467+0000] {logging_mixin.py:151} INFO - [2023-11-16T09:46:19.467+0000] {dag.py:2941} INFO - Sync 1 DAGs
[2023-11-16T09:46:19.476+0000] {logging_mixin.py:151} INFO - [2023-11-16T09:46:19.476+0000] {dag.py:3722} INFO - Setting next_dagrun for example_params_trigger_ui to None, run_after=None
[2023-11-16T09:46:19.488+0000] {processor.py:179} INFO - Processing /home/airflow/.local/lib/python3.8/site-packages/airflow/example_dags/example_params_trigger_ui.py took 0.069 seconds
[2023-11-16T09:46:49.540+0000] {processor.py:157} INFO - Started process (PID=6567) to work on /home/airflow/.local/lib/python3.8/site-packages/airflow/example_dags/example_params_trigger_ui.py
[2023-11-16T09:46:49.540+0000] {processor.py:829} INFO - Processing file /home/airflow/.local/lib/python3.8/site-packages/airflow/example_dags/example_params_trigger_ui.py for tasks to queue
[2023-11-16T09:46:49.541+0000] {logging_mixin.py:151} INFO - [2023-11-16T09:46:49.541+0000] {dagbag.py:536} INFO - Filling up the DagBag from /home/airflow/.local/lib/python3.8/site-packages/airflow/example_dags/example_params_trigger_ui.py
[2023-11-16T09:46:49.551+0000] {processor.py:839} INFO - DAG(s) dict_keys(['example_params_trigger_ui']) retrieved from /home/airflow/.local/lib/python3.8/site-packages/airflow/example_dags/example_params_trigger_ui.py
[2023-11-16T09:46:49.581+0000] {logging_mixin.py:151} INFO - [2023-11-16T09:46:49.580+0000] {dag.py:2941} INFO - Sync 1 DAGs
[2023-11-16T09:46:49.588+0000] {logging_mixin.py:151} INFO - [2023-11-16T09:46:49.588+0000] {dag.py:3722} INFO - Setting next_dagrun for example_params_trigger_ui to None, run_after=None
[2023-11-16T09:46:49.599+0000] {processor.py:179} INFO - Processing /home/airflow/.local/lib/python3.8/site-packages/airflow/example_dags/example_params_trigger_ui.py took 0.062 seconds
[2023-11-16T09:47:19.680+0000] {processor.py:157} INFO - Started process (PID=6623) to work on /home/airflow/.local/lib/python3.8/site-packages/airflow/example_dags/example_params_trigger_ui.py
[2023-11-16T09:47:19.681+0000] {processor.py:829} INFO - Processing file /home/airflow/.local/lib/python3.8/site-packages/airflow/example_dags/example_params_trigger_ui.py for tasks to queue
[2023-11-16T09:47:19.682+0000] {logging_mixin.py:151} INFO - [2023-11-16T09:47:19.682+0000] {dagbag.py:536} INFO - Filling up the DagBag from /home/airflow/.local/lib/python3.8/site-packages/airflow/example_dags/example_params_trigger_ui.py
[2023-11-16T09:47:19.693+0000] {processor.py:839} INFO - DAG(s) dict_keys(['example_params_trigger_ui']) retrieved from /home/airflow/.local/lib/python3.8/site-packages/airflow/example_dags/example_params_trigger_ui.py
[2023-11-16T09:47:19.738+0000] {logging_mixin.py:151} INFO - [2023-11-16T09:47:19.738+0000] {dag.py:2941} INFO - Sync 1 DAGs
[2023-11-16T09:47:19.747+0000] {logging_mixin.py:151} INFO - [2023-11-16T09:47:19.747+0000] {dag.py:3722} INFO - Setting next_dagrun for example_params_trigger_ui to None, run_after=None
[2023-11-16T09:47:19.759+0000] {processor.py:179} INFO - Processing /home/airflow/.local/lib/python3.8/site-packages/airflow/example_dags/example_params_trigger_ui.py took 0.081 seconds
[2023-11-16T09:47:49.819+0000] {processor.py:157} INFO - Started process (PID=6679) to work on /home/airflow/.local/lib/python3.8/site-packages/airflow/example_dags/example_params_trigger_ui.py
[2023-11-16T09:47:49.819+0000] {processor.py:829} INFO - Processing file /home/airflow/.local/lib/python3.8/site-packages/airflow/example_dags/example_params_trigger_ui.py for tasks to queue
[2023-11-16T09:47:49.820+0000] {logging_mixin.py:151} INFO - [2023-11-16T09:47:49.820+0000] {dagbag.py:536} INFO - Filling up the DagBag from /home/airflow/.local/lib/python3.8/site-packages/airflow/example_dags/example_params_trigger_ui.py
[2023-11-16T09:47:49.830+0000] {processor.py:839} INFO - DAG(s) dict_keys(['example_params_trigger_ui']) retrieved from /home/airflow/.local/lib/python3.8/site-packages/airflow/example_dags/example_params_trigger_ui.py
[2023-11-16T09:47:49.863+0000] {logging_mixin.py:151} INFO - [2023-11-16T09:47:49.863+0000] {dag.py:2941} INFO - Sync 1 DAGs
[2023-11-16T09:47:49.872+0000] {logging_mixin.py:151} INFO - [2023-11-16T09:47:49.872+0000] {dag.py:3722} INFO - Setting next_dagrun for example_params_trigger_ui to None, run_after=None
[2023-11-16T09:47:49.883+0000] {processor.py:179} INFO - Processing /home/airflow/.local/lib/python3.8/site-packages/airflow/example_dags/example_params_trigger_ui.py took 0.067 seconds
[2023-11-16T09:48:19.918+0000] {processor.py:157} INFO - Started process (PID=6735) to work on /home/airflow/.local/lib/python3.8/site-packages/airflow/example_dags/example_params_trigger_ui.py
[2023-11-16T09:48:19.919+0000] {processor.py:829} INFO - Processing file /home/airflow/.local/lib/python3.8/site-packages/airflow/example_dags/example_params_trigger_ui.py for tasks to queue
[2023-11-16T09:48:19.920+0000] {logging_mixin.py:151} INFO - [2023-11-16T09:48:19.920+0000] {dagbag.py:536} INFO - Filling up the DagBag from /home/airflow/.local/lib/python3.8/site-packages/airflow/example_dags/example_params_trigger_ui.py
[2023-11-16T09:48:19.930+0000] {processor.py:839} INFO - DAG(s) dict_keys(['example_params_trigger_ui']) retrieved from /home/airflow/.local/lib/python3.8/site-packages/airflow/example_dags/example_params_trigger_ui.py
[2023-11-16T09:48:19.959+0000] {logging_mixin.py:151} INFO - [2023-11-16T09:48:19.959+0000] {dag.py:2941} INFO - Sync 1 DAGs
[2023-11-16T09:48:19.967+0000] {logging_mixin.py:151} INFO - [2023-11-16T09:48:19.967+0000] {dag.py:3722} INFO - Setting next_dagrun for example_params_trigger_ui to None, run_after=None
[2023-11-16T09:48:19.978+0000] {processor.py:179} INFO - Processing /home/airflow/.local/lib/python3.8/site-packages/airflow/example_dags/example_params_trigger_ui.py took 0.061 seconds
[2023-11-16T09:48:50.039+0000] {processor.py:157} INFO - Started process (PID=6791) to work on /home/airflow/.local/lib/python3.8/site-packages/airflow/example_dags/example_params_trigger_ui.py
[2023-11-16T09:48:50.040+0000] {processor.py:829} INFO - Processing file /home/airflow/.local/lib/python3.8/site-packages/airflow/example_dags/example_params_trigger_ui.py for tasks to queue
[2023-11-16T09:48:50.041+0000] {logging_mixin.py:151} INFO - [2023-11-16T09:48:50.041+0000] {dagbag.py:536} INFO - Filling up the DagBag from /home/airflow/.local/lib/python3.8/site-packages/airflow/example_dags/example_params_trigger_ui.py
[2023-11-16T09:48:50.051+0000] {processor.py:839} INFO - DAG(s) dict_keys(['example_params_trigger_ui']) retrieved from /home/airflow/.local/lib/python3.8/site-packages/airflow/example_dags/example_params_trigger_ui.py
[2023-11-16T09:48:50.080+0000] {logging_mixin.py:151} INFO - [2023-11-16T09:48:50.080+0000] {dag.py:2941} INFO - Sync 1 DAGs
[2023-11-16T09:48:50.088+0000] {logging_mixin.py:151} INFO - [2023-11-16T09:48:50.088+0000] {dag.py:3722} INFO - Setting next_dagrun for example_params_trigger_ui to None, run_after=None
[2023-11-16T09:48:50.098+0000] {processor.py:179} INFO - Processing /home/airflow/.local/lib/python3.8/site-packages/airflow/example_dags/example_params_trigger_ui.py took 0.061 seconds
[2023-11-16T09:49:20.156+0000] {processor.py:157} INFO - Started process (PID=6847) to work on /home/airflow/.local/lib/python3.8/site-packages/airflow/example_dags/example_params_trigger_ui.py
[2023-11-16T09:49:20.157+0000] {processor.py:829} INFO - Processing file /home/airflow/.local/lib/python3.8/site-packages/airflow/example_dags/example_params_trigger_ui.py for tasks to queue
[2023-11-16T09:49:20.158+0000] {logging_mixin.py:151} INFO - [2023-11-16T09:49:20.158+0000] {dagbag.py:536} INFO - Filling up the DagBag from /home/airflow/.local/lib/python3.8/site-packages/airflow/example_dags/example_params_trigger_ui.py
[2023-11-16T09:49:20.169+0000] {processor.py:839} INFO - DAG(s) dict_keys(['example_params_trigger_ui']) retrieved from /home/airflow/.local/lib/python3.8/site-packages/airflow/example_dags/example_params_trigger_ui.py
[2023-11-16T09:49:20.202+0000] {logging_mixin.py:151} INFO - [2023-11-16T09:49:20.202+0000] {dag.py:2941} INFO - Sync 1 DAGs
[2023-11-16T09:49:20.209+0000] {logging_mixin.py:151} INFO - [2023-11-16T09:49:20.209+0000] {dag.py:3722} INFO - Setting next_dagrun for example_params_trigger_ui to None, run_after=None
[2023-11-16T09:49:20.221+0000] {processor.py:179} INFO - Processing /home/airflow/.local/lib/python3.8/site-packages/airflow/example_dags/example_params_trigger_ui.py took 0.067 seconds
[2023-11-16T09:49:50.249+0000] {processor.py:157} INFO - Started process (PID=6903) to work on /home/airflow/.local/lib/python3.8/site-packages/airflow/example_dags/example_params_trigger_ui.py
[2023-11-16T09:49:50.250+0000] {processor.py:829} INFO - Processing file /home/airflow/.local/lib/python3.8/site-packages/airflow/example_dags/example_params_trigger_ui.py for tasks to queue
[2023-11-16T09:49:50.251+0000] {logging_mixin.py:151} INFO - [2023-11-16T09:49:50.251+0000] {dagbag.py:536} INFO - Filling up the DagBag from /home/airflow/.local/lib/python3.8/site-packages/airflow/example_dags/example_params_trigger_ui.py
[2023-11-16T09:49:50.261+0000] {processor.py:839} INFO - DAG(s) dict_keys(['example_params_trigger_ui']) retrieved from /home/airflow/.local/lib/python3.8/site-packages/airflow/example_dags/example_params_trigger_ui.py
[2023-11-16T09:49:50.291+0000] {logging_mixin.py:151} INFO - [2023-11-16T09:49:50.291+0000] {dag.py:2941} INFO - Sync 1 DAGs
[2023-11-16T09:49:50.298+0000] {logging_mixin.py:151} INFO - [2023-11-16T09:49:50.298+0000] {dag.py:3722} INFO - Setting next_dagrun for example_params_trigger_ui to None, run_after=None
[2023-11-16T09:49:50.308+0000] {processor.py:179} INFO - Processing /home/airflow/.local/lib/python3.8/site-packages/airflow/example_dags/example_params_trigger_ui.py took 0.061 seconds
[2023-11-16T09:50:20.341+0000] {processor.py:157} INFO - Started process (PID=6959) to work on /home/airflow/.local/lib/python3.8/site-packages/airflow/example_dags/example_params_trigger_ui.py
[2023-11-16T09:50:20.342+0000] {processor.py:829} INFO - Processing file /home/airflow/.local/lib/python3.8/site-packages/airflow/example_dags/example_params_trigger_ui.py for tasks to queue
[2023-11-16T09:50:20.343+0000] {logging_mixin.py:151} INFO - [2023-11-16T09:50:20.343+0000] {dagbag.py:536} INFO - Filling up the DagBag from /home/airflow/.local/lib/python3.8/site-packages/airflow/example_dags/example_params_trigger_ui.py
[2023-11-16T09:50:20.354+0000] {processor.py:839} INFO - DAG(s) dict_keys(['example_params_trigger_ui']) retrieved from /home/airflow/.local/lib/python3.8/site-packages/airflow/example_dags/example_params_trigger_ui.py
[2023-11-16T09:50:20.385+0000] {logging_mixin.py:151} INFO - [2023-11-16T09:50:20.385+0000] {dag.py:2941} INFO - Sync 1 DAGs
[2023-11-16T09:50:20.393+0000] {logging_mixin.py:151} INFO - [2023-11-16T09:50:20.393+0000] {dag.py:3722} INFO - Setting next_dagrun for example_params_trigger_ui to None, run_after=None
[2023-11-16T09:50:20.404+0000] {processor.py:179} INFO - Processing /home/airflow/.local/lib/python3.8/site-packages/airflow/example_dags/example_params_trigger_ui.py took 0.065 seconds
[2023-11-16T09:50:50.637+0000] {processor.py:157} INFO - Started process (PID=7015) to work on /home/airflow/.local/lib/python3.8/site-packages/airflow/example_dags/example_params_trigger_ui.py
[2023-11-16T09:50:50.638+0000] {processor.py:829} INFO - Processing file /home/airflow/.local/lib/python3.8/site-packages/airflow/example_dags/example_params_trigger_ui.py for tasks to queue
[2023-11-16T09:50:50.639+0000] {logging_mixin.py:151} INFO - [2023-11-16T09:50:50.639+0000] {dagbag.py:536} INFO - Filling up the DagBag from /home/airflow/.local/lib/python3.8/site-packages/airflow/example_dags/example_params_trigger_ui.py
[2023-11-16T09:50:50.654+0000] {processor.py:839} INFO - DAG(s) dict_keys(['example_params_trigger_ui']) retrieved from /home/airflow/.local/lib/python3.8/site-packages/airflow/example_dags/example_params_trigger_ui.py
[2023-11-16T09:50:50.697+0000] {logging_mixin.py:151} INFO - [2023-11-16T09:50:50.697+0000] {dag.py:2941} INFO - Sync 1 DAGs
[2023-11-16T09:50:50.706+0000] {logging_mixin.py:151} INFO - [2023-11-16T09:50:50.706+0000] {dag.py:3722} INFO - Setting next_dagrun for example_params_trigger_ui to None, run_after=None
[2023-11-16T09:50:50.726+0000] {processor.py:179} INFO - Processing /home/airflow/.local/lib/python3.8/site-packages/airflow/example_dags/example_params_trigger_ui.py took 0.092 seconds
[2023-11-16T09:51:20.759+0000] {processor.py:157} INFO - Started process (PID=7071) to work on /home/airflow/.local/lib/python3.8/site-packages/airflow/example_dags/example_params_trigger_ui.py
[2023-11-16T09:51:20.759+0000] {processor.py:829} INFO - Processing file /home/airflow/.local/lib/python3.8/site-packages/airflow/example_dags/example_params_trigger_ui.py for tasks to queue
[2023-11-16T09:51:20.760+0000] {logging_mixin.py:151} INFO - [2023-11-16T09:51:20.760+0000] {dagbag.py:536} INFO - Filling up the DagBag from /home/airflow/.local/lib/python3.8/site-packages/airflow/example_dags/example_params_trigger_ui.py
[2023-11-16T09:51:20.771+0000] {processor.py:839} INFO - DAG(s) dict_keys(['example_params_trigger_ui']) retrieved from /home/airflow/.local/lib/python3.8/site-packages/airflow/example_dags/example_params_trigger_ui.py
[2023-11-16T09:51:20.816+0000] {logging_mixin.py:151} INFO - [2023-11-16T09:51:20.815+0000] {dag.py:2941} INFO - Sync 1 DAGs
[2023-11-16T09:51:20.825+0000] {logging_mixin.py:151} INFO - [2023-11-16T09:51:20.825+0000] {dag.py:3722} INFO - Setting next_dagrun for example_params_trigger_ui to None, run_after=None
[2023-11-16T09:51:20.837+0000] {processor.py:179} INFO - Processing /home/airflow/.local/lib/python3.8/site-packages/airflow/example_dags/example_params_trigger_ui.py took 0.080 seconds
[2023-11-16T09:51:50.927+0000] {processor.py:157} INFO - Started process (PID=7127) to work on /home/airflow/.local/lib/python3.8/site-packages/airflow/example_dags/example_params_trigger_ui.py
[2023-11-16T09:51:50.928+0000] {processor.py:829} INFO - Processing file /home/airflow/.local/lib/python3.8/site-packages/airflow/example_dags/example_params_trigger_ui.py for tasks to queue
[2023-11-16T09:51:50.929+0000] {logging_mixin.py:151} INFO - [2023-11-16T09:51:50.929+0000] {dagbag.py:536} INFO - Filling up the DagBag from /home/airflow/.local/lib/python3.8/site-packages/airflow/example_dags/example_params_trigger_ui.py
[2023-11-16T09:51:50.939+0000] {processor.py:839} INFO - DAG(s) dict_keys(['example_params_trigger_ui']) retrieved from /home/airflow/.local/lib/python3.8/site-packages/airflow/example_dags/example_params_trigger_ui.py
[2023-11-16T09:51:50.972+0000] {logging_mixin.py:151} INFO - [2023-11-16T09:51:50.972+0000] {dag.py:2941} INFO - Sync 1 DAGs
[2023-11-16T09:51:50.980+0000] {logging_mixin.py:151} INFO - [2023-11-16T09:51:50.980+0000] {dag.py:3722} INFO - Setting next_dagrun for example_params_trigger_ui to None, run_after=None
[2023-11-16T09:51:50.991+0000] {processor.py:179} INFO - Processing /home/airflow/.local/lib/python3.8/site-packages/airflow/example_dags/example_params_trigger_ui.py took 0.066 seconds
[2023-11-16T09:52:21.012+0000] {processor.py:157} INFO - Started process (PID=7183) to work on /home/airflow/.local/lib/python3.8/site-packages/airflow/example_dags/example_params_trigger_ui.py
[2023-11-16T09:52:21.013+0000] {processor.py:829} INFO - Processing file /home/airflow/.local/lib/python3.8/site-packages/airflow/example_dags/example_params_trigger_ui.py for tasks to queue
[2023-11-16T09:52:21.014+0000] {logging_mixin.py:151} INFO - [2023-11-16T09:52:21.014+0000] {dagbag.py:536} INFO - Filling up the DagBag from /home/airflow/.local/lib/python3.8/site-packages/airflow/example_dags/example_params_trigger_ui.py
[2023-11-16T09:52:21.024+0000] {processor.py:839} INFO - DAG(s) dict_keys(['example_params_trigger_ui']) retrieved from /home/airflow/.local/lib/python3.8/site-packages/airflow/example_dags/example_params_trigger_ui.py
[2023-11-16T09:52:21.057+0000] {logging_mixin.py:151} INFO - [2023-11-16T09:52:21.057+0000] {dag.py:2941} INFO - Sync 1 DAGs
[2023-11-16T09:52:21.067+0000] {logging_mixin.py:151} INFO - [2023-11-16T09:52:21.067+0000] {dag.py:3722} INFO - Setting next_dagrun for example_params_trigger_ui to None, run_after=None
[2023-11-16T09:52:21.078+0000] {processor.py:179} INFO - Processing /home/airflow/.local/lib/python3.8/site-packages/airflow/example_dags/example_params_trigger_ui.py took 0.068 seconds
[2023-11-16T09:52:51.828+0000] {processor.py:157} INFO - Started process (PID=7240) to work on /home/airflow/.local/lib/python3.8/site-packages/airflow/example_dags/example_params_trigger_ui.py
[2023-11-16T09:52:51.829+0000] {processor.py:829} INFO - Processing file /home/airflow/.local/lib/python3.8/site-packages/airflow/example_dags/example_params_trigger_ui.py for tasks to queue
[2023-11-16T09:52:51.830+0000] {logging_mixin.py:151} INFO - [2023-11-16T09:52:51.830+0000] {dagbag.py:536} INFO - Filling up the DagBag from /home/airflow/.local/lib/python3.8/site-packages/airflow/example_dags/example_params_trigger_ui.py
[2023-11-16T09:52:51.841+0000] {processor.py:839} INFO - DAG(s) dict_keys(['example_params_trigger_ui']) retrieved from /home/airflow/.local/lib/python3.8/site-packages/airflow/example_dags/example_params_trigger_ui.py
[2023-11-16T09:52:51.874+0000] {logging_mixin.py:151} INFO - [2023-11-16T09:52:51.874+0000] {dag.py:2941} INFO - Sync 1 DAGs
[2023-11-16T09:52:51.882+0000] {logging_mixin.py:151} INFO - [2023-11-16T09:52:51.882+0000] {dag.py:3722} INFO - Setting next_dagrun for example_params_trigger_ui to None, run_after=None
[2023-11-16T09:52:51.894+0000] {processor.py:179} INFO - Processing /home/airflow/.local/lib/python3.8/site-packages/airflow/example_dags/example_params_trigger_ui.py took 0.068 seconds
[2023-11-16T09:53:22.578+0000] {processor.py:157} INFO - Started process (PID=7296) to work on /home/airflow/.local/lib/python3.8/site-packages/airflow/example_dags/example_params_trigger_ui.py
[2023-11-16T09:53:22.578+0000] {processor.py:829} INFO - Processing file /home/airflow/.local/lib/python3.8/site-packages/airflow/example_dags/example_params_trigger_ui.py for tasks to queue
[2023-11-16T09:53:22.579+0000] {logging_mixin.py:151} INFO - [2023-11-16T09:53:22.579+0000] {dagbag.py:536} INFO - Filling up the DagBag from /home/airflow/.local/lib/python3.8/site-packages/airflow/example_dags/example_params_trigger_ui.py
[2023-11-16T09:53:22.590+0000] {processor.py:839} INFO - DAG(s) dict_keys(['example_params_trigger_ui']) retrieved from /home/airflow/.local/lib/python3.8/site-packages/airflow/example_dags/example_params_trigger_ui.py
[2023-11-16T09:53:22.628+0000] {logging_mixin.py:151} INFO - [2023-11-16T09:53:22.628+0000] {dag.py:2941} INFO - Sync 1 DAGs
[2023-11-16T09:53:22.637+0000] {logging_mixin.py:151} INFO - [2023-11-16T09:53:22.637+0000] {dag.py:3722} INFO - Setting next_dagrun for example_params_trigger_ui to None, run_after=None
[2023-11-16T09:53:22.649+0000] {processor.py:179} INFO - Processing /home/airflow/.local/lib/python3.8/site-packages/airflow/example_dags/example_params_trigger_ui.py took 0.073 seconds
[2023-11-16T09:53:52.707+0000] {processor.py:157} INFO - Started process (PID=7351) to work on /home/airflow/.local/lib/python3.8/site-packages/airflow/example_dags/example_params_trigger_ui.py
[2023-11-16T09:53:52.708+0000] {processor.py:829} INFO - Processing file /home/airflow/.local/lib/python3.8/site-packages/airflow/example_dags/example_params_trigger_ui.py for tasks to queue
[2023-11-16T09:53:52.709+0000] {logging_mixin.py:151} INFO - [2023-11-16T09:53:52.709+0000] {dagbag.py:536} INFO - Filling up the DagBag from /home/airflow/.local/lib/python3.8/site-packages/airflow/example_dags/example_params_trigger_ui.py
[2023-11-16T09:53:52.719+0000] {processor.py:839} INFO - DAG(s) dict_keys(['example_params_trigger_ui']) retrieved from /home/airflow/.local/lib/python3.8/site-packages/airflow/example_dags/example_params_trigger_ui.py
[2023-11-16T09:53:52.752+0000] {logging_mixin.py:151} INFO - [2023-11-16T09:53:52.752+0000] {dag.py:2941} INFO - Sync 1 DAGs
[2023-11-16T09:53:52.762+0000] {logging_mixin.py:151} INFO - [2023-11-16T09:53:52.762+0000] {dag.py:3722} INFO - Setting next_dagrun for example_params_trigger_ui to None, run_after=None
[2023-11-16T09:53:52.775+0000] {processor.py:179} INFO - Processing /home/airflow/.local/lib/python3.8/site-packages/airflow/example_dags/example_params_trigger_ui.py took 0.070 seconds
[2023-11-16T09:54:22.830+0000] {processor.py:157} INFO - Started process (PID=7408) to work on /home/airflow/.local/lib/python3.8/site-packages/airflow/example_dags/example_params_trigger_ui.py
[2023-11-16T09:54:22.830+0000] {processor.py:829} INFO - Processing file /home/airflow/.local/lib/python3.8/site-packages/airflow/example_dags/example_params_trigger_ui.py for tasks to queue
[2023-11-16T09:54:22.832+0000] {logging_mixin.py:151} INFO - [2023-11-16T09:54:22.831+0000] {dagbag.py:536} INFO - Filling up the DagBag from /home/airflow/.local/lib/python3.8/site-packages/airflow/example_dags/example_params_trigger_ui.py
[2023-11-16T09:54:22.841+0000] {processor.py:839} INFO - DAG(s) dict_keys(['example_params_trigger_ui']) retrieved from /home/airflow/.local/lib/python3.8/site-packages/airflow/example_dags/example_params_trigger_ui.py
[2023-11-16T09:54:22.874+0000] {logging_mixin.py:151} INFO - [2023-11-16T09:54:22.874+0000] {dag.py:2941} INFO - Sync 1 DAGs
[2023-11-16T09:54:22.882+0000] {logging_mixin.py:151} INFO - [2023-11-16T09:54:22.882+0000] {dag.py:3722} INFO - Setting next_dagrun for example_params_trigger_ui to None, run_after=None
[2023-11-16T09:54:22.892+0000] {processor.py:179} INFO - Processing /home/airflow/.local/lib/python3.8/site-packages/airflow/example_dags/example_params_trigger_ui.py took 0.064 seconds
[2023-11-16T09:54:52.927+0000] {processor.py:157} INFO - Started process (PID=7464) to work on /home/airflow/.local/lib/python3.8/site-packages/airflow/example_dags/example_params_trigger_ui.py
[2023-11-16T09:54:52.927+0000] {processor.py:829} INFO - Processing file /home/airflow/.local/lib/python3.8/site-packages/airflow/example_dags/example_params_trigger_ui.py for tasks to queue
[2023-11-16T09:54:52.929+0000] {logging_mixin.py:151} INFO - [2023-11-16T09:54:52.928+0000] {dagbag.py:536} INFO - Filling up the DagBag from /home/airflow/.local/lib/python3.8/site-packages/airflow/example_dags/example_params_trigger_ui.py
[2023-11-16T09:54:52.938+0000] {processor.py:839} INFO - DAG(s) dict_keys(['example_params_trigger_ui']) retrieved from /home/airflow/.local/lib/python3.8/site-packages/airflow/example_dags/example_params_trigger_ui.py
[2023-11-16T09:54:52.968+0000] {logging_mixin.py:151} INFO - [2023-11-16T09:54:52.968+0000] {dag.py:2941} INFO - Sync 1 DAGs
[2023-11-16T09:54:52.976+0000] {logging_mixin.py:151} INFO - [2023-11-16T09:54:52.975+0000] {dag.py:3722} INFO - Setting next_dagrun for example_params_trigger_ui to None, run_after=None
[2023-11-16T09:54:52.988+0000] {processor.py:179} INFO - Processing /home/airflow/.local/lib/python3.8/site-packages/airflow/example_dags/example_params_trigger_ui.py took 0.063 seconds
[2023-11-16T09:55:23.019+0000] {processor.py:157} INFO - Started process (PID=7519) to work on /home/airflow/.local/lib/python3.8/site-packages/airflow/example_dags/example_params_trigger_ui.py
[2023-11-16T09:55:23.020+0000] {processor.py:829} INFO - Processing file /home/airflow/.local/lib/python3.8/site-packages/airflow/example_dags/example_params_trigger_ui.py for tasks to queue
[2023-11-16T09:55:23.021+0000] {logging_mixin.py:151} INFO - [2023-11-16T09:55:23.021+0000] {dagbag.py:536} INFO - Filling up the DagBag from /home/airflow/.local/lib/python3.8/site-packages/airflow/example_dags/example_params_trigger_ui.py
[2023-11-16T09:55:23.031+0000] {processor.py:839} INFO - DAG(s) dict_keys(['example_params_trigger_ui']) retrieved from /home/airflow/.local/lib/python3.8/site-packages/airflow/example_dags/example_params_trigger_ui.py
[2023-11-16T09:55:23.067+0000] {logging_mixin.py:151} INFO - [2023-11-16T09:55:23.067+0000] {dag.py:2941} INFO - Sync 1 DAGs
[2023-11-16T09:55:23.078+0000] {logging_mixin.py:151} INFO - [2023-11-16T09:55:23.078+0000] {dag.py:3722} INFO - Setting next_dagrun for example_params_trigger_ui to None, run_after=None
[2023-11-16T09:55:23.092+0000] {processor.py:179} INFO - Processing /home/airflow/.local/lib/python3.8/site-packages/airflow/example_dags/example_params_trigger_ui.py took 0.074 seconds
[2023-11-16T09:55:53.122+0000] {processor.py:157} INFO - Started process (PID=7575) to work on /home/airflow/.local/lib/python3.8/site-packages/airflow/example_dags/example_params_trigger_ui.py
[2023-11-16T09:55:53.122+0000] {processor.py:829} INFO - Processing file /home/airflow/.local/lib/python3.8/site-packages/airflow/example_dags/example_params_trigger_ui.py for tasks to queue
[2023-11-16T09:55:53.124+0000] {logging_mixin.py:151} INFO - [2023-11-16T09:55:53.124+0000] {dagbag.py:536} INFO - Filling up the DagBag from /home/airflow/.local/lib/python3.8/site-packages/airflow/example_dags/example_params_trigger_ui.py
[2023-11-16T09:55:53.135+0000] {processor.py:839} INFO - DAG(s) dict_keys(['example_params_trigger_ui']) retrieved from /home/airflow/.local/lib/python3.8/site-packages/airflow/example_dags/example_params_trigger_ui.py
[2023-11-16T09:55:53.180+0000] {logging_mixin.py:151} INFO - [2023-11-16T09:55:53.180+0000] {dag.py:2941} INFO - Sync 1 DAGs
[2023-11-16T09:55:53.189+0000] {logging_mixin.py:151} INFO - [2023-11-16T09:55:53.189+0000] {dag.py:3722} INFO - Setting next_dagrun for example_params_trigger_ui to None, run_after=None
[2023-11-16T09:55:53.200+0000] {processor.py:179} INFO - Processing /home/airflow/.local/lib/python3.8/site-packages/airflow/example_dags/example_params_trigger_ui.py took 0.081 seconds
[2023-11-16T09:56:23.245+0000] {processor.py:157} INFO - Started process (PID=7631) to work on /home/airflow/.local/lib/python3.8/site-packages/airflow/example_dags/example_params_trigger_ui.py
[2023-11-16T09:56:23.245+0000] {processor.py:829} INFO - Processing file /home/airflow/.local/lib/python3.8/site-packages/airflow/example_dags/example_params_trigger_ui.py for tasks to queue
[2023-11-16T09:56:23.246+0000] {logging_mixin.py:151} INFO - [2023-11-16T09:56:23.246+0000] {dagbag.py:536} INFO - Filling up the DagBag from /home/airflow/.local/lib/python3.8/site-packages/airflow/example_dags/example_params_trigger_ui.py
[2023-11-16T09:56:23.259+0000] {processor.py:839} INFO - DAG(s) dict_keys(['example_params_trigger_ui']) retrieved from /home/airflow/.local/lib/python3.8/site-packages/airflow/example_dags/example_params_trigger_ui.py
[2023-11-16T09:56:23.305+0000] {logging_mixin.py:151} INFO - [2023-11-16T09:56:23.305+0000] {dag.py:2941} INFO - Sync 1 DAGs
[2023-11-16T09:56:23.314+0000] {logging_mixin.py:151} INFO - [2023-11-16T09:56:23.314+0000] {dag.py:3722} INFO - Setting next_dagrun for example_params_trigger_ui to None, run_after=None
[2023-11-16T09:56:23.327+0000] {processor.py:179} INFO - Processing /home/airflow/.local/lib/python3.8/site-packages/airflow/example_dags/example_params_trigger_ui.py took 0.084 seconds
[2023-11-16T09:56:53.660+0000] {processor.py:157} INFO - Started process (PID=7687) to work on /home/airflow/.local/lib/python3.8/site-packages/airflow/example_dags/example_params_trigger_ui.py
[2023-11-16T09:56:53.660+0000] {processor.py:829} INFO - Processing file /home/airflow/.local/lib/python3.8/site-packages/airflow/example_dags/example_params_trigger_ui.py for tasks to queue
[2023-11-16T09:56:53.661+0000] {logging_mixin.py:151} INFO - [2023-11-16T09:56:53.661+0000] {dagbag.py:536} INFO - Filling up the DagBag from /home/airflow/.local/lib/python3.8/site-packages/airflow/example_dags/example_params_trigger_ui.py
[2023-11-16T09:56:53.672+0000] {processor.py:839} INFO - DAG(s) dict_keys(['example_params_trigger_ui']) retrieved from /home/airflow/.local/lib/python3.8/site-packages/airflow/example_dags/example_params_trigger_ui.py
[2023-11-16T09:56:53.706+0000] {logging_mixin.py:151} INFO - [2023-11-16T09:56:53.705+0000] {dag.py:2941} INFO - Sync 1 DAGs
[2023-11-16T09:56:53.715+0000] {logging_mixin.py:151} INFO - [2023-11-16T09:56:53.715+0000] {dag.py:3722} INFO - Setting next_dagrun for example_params_trigger_ui to None, run_after=None
[2023-11-16T09:56:53.728+0000] {processor.py:179} INFO - Processing /home/airflow/.local/lib/python3.8/site-packages/airflow/example_dags/example_params_trigger_ui.py took 0.070 seconds
[2023-11-16T09:57:23.755+0000] {processor.py:157} INFO - Started process (PID=7743) to work on /home/airflow/.local/lib/python3.8/site-packages/airflow/example_dags/example_params_trigger_ui.py
[2023-11-16T09:57:23.756+0000] {processor.py:829} INFO - Processing file /home/airflow/.local/lib/python3.8/site-packages/airflow/example_dags/example_params_trigger_ui.py for tasks to queue
[2023-11-16T09:57:23.757+0000] {logging_mixin.py:151} INFO - [2023-11-16T09:57:23.757+0000] {dagbag.py:536} INFO - Filling up the DagBag from /home/airflow/.local/lib/python3.8/site-packages/airflow/example_dags/example_params_trigger_ui.py
[2023-11-16T09:57:23.767+0000] {processor.py:839} INFO - DAG(s) dict_keys(['example_params_trigger_ui']) retrieved from /home/airflow/.local/lib/python3.8/site-packages/airflow/example_dags/example_params_trigger_ui.py
[2023-11-16T09:57:23.797+0000] {logging_mixin.py:151} INFO - [2023-11-16T09:57:23.797+0000] {dag.py:2941} INFO - Sync 1 DAGs
[2023-11-16T09:57:23.805+0000] {logging_mixin.py:151} INFO - [2023-11-16T09:57:23.805+0000] {dag.py:3722} INFO - Setting next_dagrun for example_params_trigger_ui to None, run_after=None
[2023-11-16T09:57:23.816+0000] {processor.py:179} INFO - Processing /home/airflow/.local/lib/python3.8/site-packages/airflow/example_dags/example_params_trigger_ui.py took 0.064 seconds
[2023-11-16T09:57:53.910+0000] {processor.py:157} INFO - Started process (PID=7799) to work on /home/airflow/.local/lib/python3.8/site-packages/airflow/example_dags/example_params_trigger_ui.py
[2023-11-16T09:57:53.911+0000] {processor.py:829} INFO - Processing file /home/airflow/.local/lib/python3.8/site-packages/airflow/example_dags/example_params_trigger_ui.py for tasks to queue
[2023-11-16T09:57:53.912+0000] {logging_mixin.py:151} INFO - [2023-11-16T09:57:53.912+0000] {dagbag.py:536} INFO - Filling up the DagBag from /home/airflow/.local/lib/python3.8/site-packages/airflow/example_dags/example_params_trigger_ui.py
[2023-11-16T09:57:53.923+0000] {processor.py:839} INFO - DAG(s) dict_keys(['example_params_trigger_ui']) retrieved from /home/airflow/.local/lib/python3.8/site-packages/airflow/example_dags/example_params_trigger_ui.py
[2023-11-16T09:57:53.956+0000] {logging_mixin.py:151} INFO - [2023-11-16T09:57:53.956+0000] {dag.py:2941} INFO - Sync 1 DAGs
[2023-11-16T09:57:53.965+0000] {logging_mixin.py:151} INFO - [2023-11-16T09:57:53.964+0000] {dag.py:3722} INFO - Setting next_dagrun for example_params_trigger_ui to None, run_after=None
[2023-11-16T09:57:53.978+0000] {processor.py:179} INFO - Processing /home/airflow/.local/lib/python3.8/site-packages/airflow/example_dags/example_params_trigger_ui.py took 0.069 seconds
[2023-11-16T09:58:24.099+0000] {processor.py:157} INFO - Started process (PID=7856) to work on /home/airflow/.local/lib/python3.8/site-packages/airflow/example_dags/example_params_trigger_ui.py
[2023-11-16T09:58:24.100+0000] {processor.py:829} INFO - Processing file /home/airflow/.local/lib/python3.8/site-packages/airflow/example_dags/example_params_trigger_ui.py for tasks to queue
[2023-11-16T09:58:24.101+0000] {logging_mixin.py:151} INFO - [2023-11-16T09:58:24.101+0000] {dagbag.py:536} INFO - Filling up the DagBag from /home/airflow/.local/lib/python3.8/site-packages/airflow/example_dags/example_params_trigger_ui.py
[2023-11-16T09:58:24.111+0000] {processor.py:839} INFO - DAG(s) dict_keys(['example_params_trigger_ui']) retrieved from /home/airflow/.local/lib/python3.8/site-packages/airflow/example_dags/example_params_trigger_ui.py
[2023-11-16T09:58:24.143+0000] {logging_mixin.py:151} INFO - [2023-11-16T09:58:24.143+0000] {dag.py:2941} INFO - Sync 1 DAGs
[2023-11-16T09:58:24.152+0000] {logging_mixin.py:151} INFO - [2023-11-16T09:58:24.152+0000] {dag.py:3722} INFO - Setting next_dagrun for example_params_trigger_ui to None, run_after=None
[2023-11-16T09:58:24.162+0000] {processor.py:179} INFO - Processing /home/airflow/.local/lib/python3.8/site-packages/airflow/example_dags/example_params_trigger_ui.py took 0.065 seconds
[2023-11-16T09:58:54.227+0000] {processor.py:157} INFO - Started process (PID=7912) to work on /home/airflow/.local/lib/python3.8/site-packages/airflow/example_dags/example_params_trigger_ui.py
[2023-11-16T09:58:54.228+0000] {processor.py:829} INFO - Processing file /home/airflow/.local/lib/python3.8/site-packages/airflow/example_dags/example_params_trigger_ui.py for tasks to queue
[2023-11-16T09:58:54.229+0000] {logging_mixin.py:151} INFO - [2023-11-16T09:58:54.229+0000] {dagbag.py:536} INFO - Filling up the DagBag from /home/airflow/.local/lib/python3.8/site-packages/airflow/example_dags/example_params_trigger_ui.py
[2023-11-16T09:58:54.239+0000] {processor.py:839} INFO - DAG(s) dict_keys(['example_params_trigger_ui']) retrieved from /home/airflow/.local/lib/python3.8/site-packages/airflow/example_dags/example_params_trigger_ui.py
[2023-11-16T09:58:54.272+0000] {logging_mixin.py:151} INFO - [2023-11-16T09:58:54.271+0000] {dag.py:2941} INFO - Sync 1 DAGs
[2023-11-16T09:58:54.279+0000] {logging_mixin.py:151} INFO - [2023-11-16T09:58:54.279+0000] {dag.py:3722} INFO - Setting next_dagrun for example_params_trigger_ui to None, run_after=None
[2023-11-16T09:58:54.290+0000] {processor.py:179} INFO - Processing /home/airflow/.local/lib/python3.8/site-packages/airflow/example_dags/example_params_trigger_ui.py took 0.066 seconds
[2023-11-16T09:59:24.385+0000] {processor.py:157} INFO - Started process (PID=7968) to work on /home/airflow/.local/lib/python3.8/site-packages/airflow/example_dags/example_params_trigger_ui.py
[2023-11-16T09:59:24.386+0000] {processor.py:829} INFO - Processing file /home/airflow/.local/lib/python3.8/site-packages/airflow/example_dags/example_params_trigger_ui.py for tasks to queue
[2023-11-16T09:59:24.387+0000] {logging_mixin.py:151} INFO - [2023-11-16T09:59:24.387+0000] {dagbag.py:536} INFO - Filling up the DagBag from /home/airflow/.local/lib/python3.8/site-packages/airflow/example_dags/example_params_trigger_ui.py
[2023-11-16T09:59:24.397+0000] {processor.py:839} INFO - DAG(s) dict_keys(['example_params_trigger_ui']) retrieved from /home/airflow/.local/lib/python3.8/site-packages/airflow/example_dags/example_params_trigger_ui.py
[2023-11-16T09:59:24.429+0000] {logging_mixin.py:151} INFO - [2023-11-16T09:59:24.429+0000] {dag.py:2941} INFO - Sync 1 DAGs
[2023-11-16T09:59:24.436+0000] {logging_mixin.py:151} INFO - [2023-11-16T09:59:24.436+0000] {dag.py:3722} INFO - Setting next_dagrun for example_params_trigger_ui to None, run_after=None
[2023-11-16T09:59:24.447+0000] {processor.py:179} INFO - Processing /home/airflow/.local/lib/python3.8/site-packages/airflow/example_dags/example_params_trigger_ui.py took 0.063 seconds
[2023-11-16T09:59:54.501+0000] {processor.py:157} INFO - Started process (PID=8025) to work on /home/airflow/.local/lib/python3.8/site-packages/airflow/example_dags/example_params_trigger_ui.py
[2023-11-16T09:59:54.501+0000] {processor.py:829} INFO - Processing file /home/airflow/.local/lib/python3.8/site-packages/airflow/example_dags/example_params_trigger_ui.py for tasks to queue
[2023-11-16T09:59:54.502+0000] {logging_mixin.py:151} INFO - [2023-11-16T09:59:54.502+0000] {dagbag.py:536} INFO - Filling up the DagBag from /home/airflow/.local/lib/python3.8/site-packages/airflow/example_dags/example_params_trigger_ui.py
[2023-11-16T09:59:54.512+0000] {processor.py:839} INFO - DAG(s) dict_keys(['example_params_trigger_ui']) retrieved from /home/airflow/.local/lib/python3.8/site-packages/airflow/example_dags/example_params_trigger_ui.py
[2023-11-16T09:59:54.542+0000] {logging_mixin.py:151} INFO - [2023-11-16T09:59:54.542+0000] {dag.py:2941} INFO - Sync 1 DAGs
[2023-11-16T09:59:54.549+0000] {logging_mixin.py:151} INFO - [2023-11-16T09:59:54.549+0000] {dag.py:3722} INFO - Setting next_dagrun for example_params_trigger_ui to None, run_after=None
[2023-11-16T09:59:54.561+0000] {processor.py:179} INFO - Processing /home/airflow/.local/lib/python3.8/site-packages/airflow/example_dags/example_params_trigger_ui.py took 0.062 seconds
[2023-11-16T10:00:25.454+0000] {processor.py:157} INFO - Started process (PID=8080) to work on /home/airflow/.local/lib/python3.8/site-packages/airflow/example_dags/example_params_trigger_ui.py
[2023-11-16T10:00:25.454+0000] {processor.py:829} INFO - Processing file /home/airflow/.local/lib/python3.8/site-packages/airflow/example_dags/example_params_trigger_ui.py for tasks to queue
[2023-11-16T10:00:25.456+0000] {logging_mixin.py:151} INFO - [2023-11-16T10:00:25.456+0000] {dagbag.py:536} INFO - Filling up the DagBag from /home/airflow/.local/lib/python3.8/site-packages/airflow/example_dags/example_params_trigger_ui.py
[2023-11-16T10:00:25.470+0000] {processor.py:839} INFO - DAG(s) dict_keys(['example_params_trigger_ui']) retrieved from /home/airflow/.local/lib/python3.8/site-packages/airflow/example_dags/example_params_trigger_ui.py
[2023-11-16T10:00:25.505+0000] {logging_mixin.py:151} INFO - [2023-11-16T10:00:25.505+0000] {dag.py:2941} INFO - Sync 1 DAGs
[2023-11-16T10:00:25.516+0000] {logging_mixin.py:151} INFO - [2023-11-16T10:00:25.516+0000] {dag.py:3722} INFO - Setting next_dagrun for example_params_trigger_ui to None, run_after=None
[2023-11-16T10:00:25.531+0000] {processor.py:179} INFO - Processing /home/airflow/.local/lib/python3.8/site-packages/airflow/example_dags/example_params_trigger_ui.py took 0.080 seconds
[2023-11-16T10:00:55.584+0000] {processor.py:157} INFO - Started process (PID=8136) to work on /home/airflow/.local/lib/python3.8/site-packages/airflow/example_dags/example_params_trigger_ui.py
[2023-11-16T10:00:55.584+0000] {processor.py:829} INFO - Processing file /home/airflow/.local/lib/python3.8/site-packages/airflow/example_dags/example_params_trigger_ui.py for tasks to queue
[2023-11-16T10:00:55.586+0000] {logging_mixin.py:151} INFO - [2023-11-16T10:00:55.586+0000] {dagbag.py:536} INFO - Filling up the DagBag from /home/airflow/.local/lib/python3.8/site-packages/airflow/example_dags/example_params_trigger_ui.py
[2023-11-16T10:00:55.597+0000] {processor.py:839} INFO - DAG(s) dict_keys(['example_params_trigger_ui']) retrieved from /home/airflow/.local/lib/python3.8/site-packages/airflow/example_dags/example_params_trigger_ui.py
[2023-11-16T10:00:55.639+0000] {logging_mixin.py:151} INFO - [2023-11-16T10:00:55.639+0000] {dag.py:2941} INFO - Sync 1 DAGs
[2023-11-16T10:00:55.650+0000] {logging_mixin.py:151} INFO - [2023-11-16T10:00:55.649+0000] {dag.py:3722} INFO - Setting next_dagrun for example_params_trigger_ui to None, run_after=None
[2023-11-16T10:00:55.663+0000] {processor.py:179} INFO - Processing /home/airflow/.local/lib/python3.8/site-packages/airflow/example_dags/example_params_trigger_ui.py took 0.082 seconds
[2023-11-16T10:01:25.928+0000] {processor.py:157} INFO - Started process (PID=8192) to work on /home/airflow/.local/lib/python3.8/site-packages/airflow/example_dags/example_params_trigger_ui.py
[2023-11-16T10:01:25.928+0000] {processor.py:829} INFO - Processing file /home/airflow/.local/lib/python3.8/site-packages/airflow/example_dags/example_params_trigger_ui.py for tasks to queue
[2023-11-16T10:01:25.929+0000] {logging_mixin.py:151} INFO - [2023-11-16T10:01:25.929+0000] {dagbag.py:536} INFO - Filling up the DagBag from /home/airflow/.local/lib/python3.8/site-packages/airflow/example_dags/example_params_trigger_ui.py
[2023-11-16T10:01:25.941+0000] {processor.py:839} INFO - DAG(s) dict_keys(['example_params_trigger_ui']) retrieved from /home/airflow/.local/lib/python3.8/site-packages/airflow/example_dags/example_params_trigger_ui.py
[2023-11-16T10:01:25.979+0000] {logging_mixin.py:151} INFO - [2023-11-16T10:01:25.978+0000] {dag.py:2941} INFO - Sync 1 DAGs
[2023-11-16T10:01:25.990+0000] {logging_mixin.py:151} INFO - [2023-11-16T10:01:25.990+0000] {dag.py:3722} INFO - Setting next_dagrun for example_params_trigger_ui to None, run_after=None
[2023-11-16T10:01:26.005+0000] {processor.py:179} INFO - Processing /home/airflow/.local/lib/python3.8/site-packages/airflow/example_dags/example_params_trigger_ui.py took 0.079 seconds
[2023-11-16T10:01:56.373+0000] {processor.py:157} INFO - Started process (PID=8248) to work on /home/airflow/.local/lib/python3.8/site-packages/airflow/example_dags/example_params_trigger_ui.py
[2023-11-16T10:01:56.374+0000] {processor.py:829} INFO - Processing file /home/airflow/.local/lib/python3.8/site-packages/airflow/example_dags/example_params_trigger_ui.py for tasks to queue
[2023-11-16T10:01:56.375+0000] {logging_mixin.py:151} INFO - [2023-11-16T10:01:56.375+0000] {dagbag.py:536} INFO - Filling up the DagBag from /home/airflow/.local/lib/python3.8/site-packages/airflow/example_dags/example_params_trigger_ui.py
[2023-11-16T10:01:56.388+0000] {processor.py:839} INFO - DAG(s) dict_keys(['example_params_trigger_ui']) retrieved from /home/airflow/.local/lib/python3.8/site-packages/airflow/example_dags/example_params_trigger_ui.py
[2023-11-16T10:01:56.434+0000] {logging_mixin.py:151} INFO - [2023-11-16T10:01:56.434+0000] {dag.py:2941} INFO - Sync 1 DAGs
[2023-11-16T10:01:56.445+0000] {logging_mixin.py:151} INFO - [2023-11-16T10:01:56.444+0000] {dag.py:3722} INFO - Setting next_dagrun for example_params_trigger_ui to None, run_after=None
[2023-11-16T10:01:56.460+0000] {processor.py:179} INFO - Processing /home/airflow/.local/lib/python3.8/site-packages/airflow/example_dags/example_params_trigger_ui.py took 0.091 seconds
[2023-11-16T10:02:26.511+0000] {processor.py:157} INFO - Started process (PID=8304) to work on /home/airflow/.local/lib/python3.8/site-packages/airflow/example_dags/example_params_trigger_ui.py
[2023-11-16T10:02:26.512+0000] {processor.py:829} INFO - Processing file /home/airflow/.local/lib/python3.8/site-packages/airflow/example_dags/example_params_trigger_ui.py for tasks to queue
[2023-11-16T10:02:26.513+0000] {logging_mixin.py:151} INFO - [2023-11-16T10:02:26.513+0000] {dagbag.py:536} INFO - Filling up the DagBag from /home/airflow/.local/lib/python3.8/site-packages/airflow/example_dags/example_params_trigger_ui.py
[2023-11-16T10:02:26.523+0000] {processor.py:839} INFO - DAG(s) dict_keys(['example_params_trigger_ui']) retrieved from /home/airflow/.local/lib/python3.8/site-packages/airflow/example_dags/example_params_trigger_ui.py
[2023-11-16T10:02:26.555+0000] {logging_mixin.py:151} INFO - [2023-11-16T10:02:26.555+0000] {dag.py:2941} INFO - Sync 1 DAGs
[2023-11-16T10:02:26.564+0000] {logging_mixin.py:151} INFO - [2023-11-16T10:02:26.564+0000] {dag.py:3722} INFO - Setting next_dagrun for example_params_trigger_ui to None, run_after=None
[2023-11-16T10:02:26.579+0000] {processor.py:179} INFO - Processing /home/airflow/.local/lib/python3.8/site-packages/airflow/example_dags/example_params_trigger_ui.py took 0.070 seconds
[2023-11-16T10:02:56.777+0000] {processor.py:157} INFO - Started process (PID=8360) to work on /home/airflow/.local/lib/python3.8/site-packages/airflow/example_dags/example_params_trigger_ui.py
[2023-11-16T10:02:56.777+0000] {processor.py:829} INFO - Processing file /home/airflow/.local/lib/python3.8/site-packages/airflow/example_dags/example_params_trigger_ui.py for tasks to queue
[2023-11-16T10:02:56.779+0000] {logging_mixin.py:151} INFO - [2023-11-16T10:02:56.778+0000] {dagbag.py:536} INFO - Filling up the DagBag from /home/airflow/.local/lib/python3.8/site-packages/airflow/example_dags/example_params_trigger_ui.py
[2023-11-16T10:02:56.793+0000] {processor.py:839} INFO - DAG(s) dict_keys(['example_params_trigger_ui']) retrieved from /home/airflow/.local/lib/python3.8/site-packages/airflow/example_dags/example_params_trigger_ui.py
[2023-11-16T10:02:56.829+0000] {logging_mixin.py:151} INFO - [2023-11-16T10:02:56.829+0000] {dag.py:2941} INFO - Sync 1 DAGs
[2023-11-16T10:02:56.839+0000] {logging_mixin.py:151} INFO - [2023-11-16T10:02:56.839+0000] {dag.py:3722} INFO - Setting next_dagrun for example_params_trigger_ui to None, run_after=None
[2023-11-16T10:02:56.859+0000] {processor.py:179} INFO - Processing /home/airflow/.local/lib/python3.8/site-packages/airflow/example_dags/example_params_trigger_ui.py took 0.084 seconds
[2023-11-16T10:03:27.120+0000] {processor.py:157} INFO - Started process (PID=8415) to work on /home/airflow/.local/lib/python3.8/site-packages/airflow/example_dags/example_params_trigger_ui.py
[2023-11-16T10:03:27.121+0000] {processor.py:829} INFO - Processing file /home/airflow/.local/lib/python3.8/site-packages/airflow/example_dags/example_params_trigger_ui.py for tasks to queue
[2023-11-16T10:03:27.123+0000] {logging_mixin.py:151} INFO - [2023-11-16T10:03:27.122+0000] {dagbag.py:536} INFO - Filling up the DagBag from /home/airflow/.local/lib/python3.8/site-packages/airflow/example_dags/example_params_trigger_ui.py
[2023-11-16T10:03:27.138+0000] {processor.py:839} INFO - DAG(s) dict_keys(['example_params_trigger_ui']) retrieved from /home/airflow/.local/lib/python3.8/site-packages/airflow/example_dags/example_params_trigger_ui.py
[2023-11-16T10:03:27.174+0000] {logging_mixin.py:151} INFO - [2023-11-16T10:03:27.173+0000] {dag.py:2941} INFO - Sync 1 DAGs
[2023-11-16T10:03:27.185+0000] {logging_mixin.py:151} INFO - [2023-11-16T10:03:27.185+0000] {dag.py:3722} INFO - Setting next_dagrun for example_params_trigger_ui to None, run_after=None
[2023-11-16T10:03:27.201+0000] {processor.py:179} INFO - Processing /home/airflow/.local/lib/python3.8/site-packages/airflow/example_dags/example_params_trigger_ui.py took 0.083 seconds
[2023-11-16T10:03:57.527+0000] {processor.py:157} INFO - Started process (PID=8471) to work on /home/airflow/.local/lib/python3.8/site-packages/airflow/example_dags/example_params_trigger_ui.py
[2023-11-16T10:03:57.528+0000] {processor.py:829} INFO - Processing file /home/airflow/.local/lib/python3.8/site-packages/airflow/example_dags/example_params_trigger_ui.py for tasks to queue
[2023-11-16T10:03:57.529+0000] {logging_mixin.py:151} INFO - [2023-11-16T10:03:57.529+0000] {dagbag.py:536} INFO - Filling up the DagBag from /home/airflow/.local/lib/python3.8/site-packages/airflow/example_dags/example_params_trigger_ui.py
[2023-11-16T10:03:57.544+0000] {processor.py:839} INFO - DAG(s) dict_keys(['example_params_trigger_ui']) retrieved from /home/airflow/.local/lib/python3.8/site-packages/airflow/example_dags/example_params_trigger_ui.py
[2023-11-16T10:03:57.579+0000] {logging_mixin.py:151} INFO - [2023-11-16T10:03:57.579+0000] {dag.py:2941} INFO - Sync 1 DAGs
[2023-11-16T10:03:57.589+0000] {logging_mixin.py:151} INFO - [2023-11-16T10:03:57.589+0000] {dag.py:3722} INFO - Setting next_dagrun for example_params_trigger_ui to None, run_after=None
[2023-11-16T10:03:57.606+0000] {processor.py:179} INFO - Processing /home/airflow/.local/lib/python3.8/site-packages/airflow/example_dags/example_params_trigger_ui.py took 0.081 seconds
[2023-11-16T10:04:28.272+0000] {processor.py:157} INFO - Started process (PID=8526) to work on /home/airflow/.local/lib/python3.8/site-packages/airflow/example_dags/example_params_trigger_ui.py
[2023-11-16T10:04:28.273+0000] {processor.py:829} INFO - Processing file /home/airflow/.local/lib/python3.8/site-packages/airflow/example_dags/example_params_trigger_ui.py for tasks to queue
[2023-11-16T10:04:28.274+0000] {logging_mixin.py:151} INFO - [2023-11-16T10:04:28.274+0000] {dagbag.py:536} INFO - Filling up the DagBag from /home/airflow/.local/lib/python3.8/site-packages/airflow/example_dags/example_params_trigger_ui.py
[2023-11-16T10:04:28.286+0000] {processor.py:839} INFO - DAG(s) dict_keys(['example_params_trigger_ui']) retrieved from /home/airflow/.local/lib/python3.8/site-packages/airflow/example_dags/example_params_trigger_ui.py
[2023-11-16T10:04:28.321+0000] {logging_mixin.py:151} INFO - [2023-11-16T10:04:28.321+0000] {dag.py:2941} INFO - Sync 1 DAGs
[2023-11-16T10:04:28.329+0000] {logging_mixin.py:151} INFO - [2023-11-16T10:04:28.329+0000] {dag.py:3722} INFO - Setting next_dagrun for example_params_trigger_ui to None, run_after=None
[2023-11-16T10:04:28.342+0000] {processor.py:179} INFO - Processing /home/airflow/.local/lib/python3.8/site-packages/airflow/example_dags/example_params_trigger_ui.py took 0.073 seconds
[2023-11-16T10:04:59.103+0000] {processor.py:157} INFO - Started process (PID=8583) to work on /home/airflow/.local/lib/python3.8/site-packages/airflow/example_dags/example_params_trigger_ui.py
[2023-11-16T10:04:59.104+0000] {processor.py:829} INFO - Processing file /home/airflow/.local/lib/python3.8/site-packages/airflow/example_dags/example_params_trigger_ui.py for tasks to queue
[2023-11-16T10:04:59.105+0000] {logging_mixin.py:151} INFO - [2023-11-16T10:04:59.105+0000] {dagbag.py:536} INFO - Filling up the DagBag from /home/airflow/.local/lib/python3.8/site-packages/airflow/example_dags/example_params_trigger_ui.py
[2023-11-16T10:04:59.116+0000] {processor.py:839} INFO - DAG(s) dict_keys(['example_params_trigger_ui']) retrieved from /home/airflow/.local/lib/python3.8/site-packages/airflow/example_dags/example_params_trigger_ui.py
[2023-11-16T10:04:59.155+0000] {logging_mixin.py:151} INFO - [2023-11-16T10:04:59.155+0000] {dag.py:2941} INFO - Sync 1 DAGs
[2023-11-16T10:04:59.164+0000] {logging_mixin.py:151} INFO - [2023-11-16T10:04:59.164+0000] {dag.py:3722} INFO - Setting next_dagrun for example_params_trigger_ui to None, run_after=None
[2023-11-16T10:04:59.179+0000] {processor.py:179} INFO - Processing /home/airflow/.local/lib/python3.8/site-packages/airflow/example_dags/example_params_trigger_ui.py took 0.079 seconds
[2023-11-16T10:05:29.209+0000] {processor.py:157} INFO - Started process (PID=8639) to work on /home/airflow/.local/lib/python3.8/site-packages/airflow/example_dags/example_params_trigger_ui.py
[2023-11-16T10:05:29.210+0000] {processor.py:829} INFO - Processing file /home/airflow/.local/lib/python3.8/site-packages/airflow/example_dags/example_params_trigger_ui.py for tasks to queue
[2023-11-16T10:05:29.211+0000] {logging_mixin.py:151} INFO - [2023-11-16T10:05:29.211+0000] {dagbag.py:536} INFO - Filling up the DagBag from /home/airflow/.local/lib/python3.8/site-packages/airflow/example_dags/example_params_trigger_ui.py
[2023-11-16T10:05:29.221+0000] {processor.py:839} INFO - DAG(s) dict_keys(['example_params_trigger_ui']) retrieved from /home/airflow/.local/lib/python3.8/site-packages/airflow/example_dags/example_params_trigger_ui.py
[2023-11-16T10:05:29.256+0000] {logging_mixin.py:151} INFO - [2023-11-16T10:05:29.256+0000] {dag.py:2941} INFO - Sync 1 DAGs
[2023-11-16T10:05:29.266+0000] {logging_mixin.py:151} INFO - [2023-11-16T10:05:29.265+0000] {dag.py:3722} INFO - Setting next_dagrun for example_params_trigger_ui to None, run_after=None
[2023-11-16T10:05:29.277+0000] {processor.py:179} INFO - Processing /home/airflow/.local/lib/python3.8/site-packages/airflow/example_dags/example_params_trigger_ui.py took 0.069 seconds
[2023-11-16T10:05:59.292+0000] {processor.py:157} INFO - Started process (PID=8697) to work on /home/airflow/.local/lib/python3.8/site-packages/airflow/example_dags/example_params_trigger_ui.py
[2023-11-16T10:05:59.293+0000] {processor.py:829} INFO - Processing file /home/airflow/.local/lib/python3.8/site-packages/airflow/example_dags/example_params_trigger_ui.py for tasks to queue
[2023-11-16T10:05:59.294+0000] {logging_mixin.py:151} INFO - [2023-11-16T10:05:59.294+0000] {dagbag.py:536} INFO - Filling up the DagBag from /home/airflow/.local/lib/python3.8/site-packages/airflow/example_dags/example_params_trigger_ui.py
[2023-11-16T10:05:59.304+0000] {processor.py:839} INFO - DAG(s) dict_keys(['example_params_trigger_ui']) retrieved from /home/airflow/.local/lib/python3.8/site-packages/airflow/example_dags/example_params_trigger_ui.py
[2023-11-16T10:05:59.336+0000] {logging_mixin.py:151} INFO - [2023-11-16T10:05:59.336+0000] {dag.py:2941} INFO - Sync 1 DAGs
[2023-11-16T10:05:59.348+0000] {logging_mixin.py:151} INFO - [2023-11-16T10:05:59.348+0000] {dag.py:3722} INFO - Setting next_dagrun for example_params_trigger_ui to None, run_after=None
[2023-11-16T10:05:59.359+0000] {processor.py:179} INFO - Processing /home/airflow/.local/lib/python3.8/site-packages/airflow/example_dags/example_params_trigger_ui.py took 0.069 seconds
[2023-11-16T10:06:29.945+0000] {processor.py:157} INFO - Started process (PID=8751) to work on /home/airflow/.local/lib/python3.8/site-packages/airflow/example_dags/example_params_trigger_ui.py
[2023-11-16T10:06:29.946+0000] {processor.py:829} INFO - Processing file /home/airflow/.local/lib/python3.8/site-packages/airflow/example_dags/example_params_trigger_ui.py for tasks to queue
[2023-11-16T10:06:29.947+0000] {logging_mixin.py:151} INFO - [2023-11-16T10:06:29.947+0000] {dagbag.py:536} INFO - Filling up the DagBag from /home/airflow/.local/lib/python3.8/site-packages/airflow/example_dags/example_params_trigger_ui.py
[2023-11-16T10:06:29.960+0000] {processor.py:839} INFO - DAG(s) dict_keys(['example_params_trigger_ui']) retrieved from /home/airflow/.local/lib/python3.8/site-packages/airflow/example_dags/example_params_trigger_ui.py
[2023-11-16T10:06:30.003+0000] {logging_mixin.py:151} INFO - [2023-11-16T10:06:30.003+0000] {dag.py:2941} INFO - Sync 1 DAGs
[2023-11-16T10:06:30.013+0000] {logging_mixin.py:151} INFO - [2023-11-16T10:06:30.013+0000] {dag.py:3722} INFO - Setting next_dagrun for example_params_trigger_ui to None, run_after=None
[2023-11-16T10:06:30.028+0000] {processor.py:179} INFO - Processing /home/airflow/.local/lib/python3.8/site-packages/airflow/example_dags/example_params_trigger_ui.py took 0.085 seconds
[2023-11-16T10:07:00.582+0000] {processor.py:157} INFO - Started process (PID=8807) to work on /home/airflow/.local/lib/python3.8/site-packages/airflow/example_dags/example_params_trigger_ui.py
[2023-11-16T10:07:00.582+0000] {processor.py:829} INFO - Processing file /home/airflow/.local/lib/python3.8/site-packages/airflow/example_dags/example_params_trigger_ui.py for tasks to queue
[2023-11-16T10:07:00.584+0000] {logging_mixin.py:151} INFO - [2023-11-16T10:07:00.583+0000] {dagbag.py:536} INFO - Filling up the DagBag from /home/airflow/.local/lib/python3.8/site-packages/airflow/example_dags/example_params_trigger_ui.py
[2023-11-16T10:07:00.593+0000] {processor.py:839} INFO - DAG(s) dict_keys(['example_params_trigger_ui']) retrieved from /home/airflow/.local/lib/python3.8/site-packages/airflow/example_dags/example_params_trigger_ui.py
[2023-11-16T10:07:00.629+0000] {logging_mixin.py:151} INFO - [2023-11-16T10:07:00.629+0000] {dag.py:2941} INFO - Sync 1 DAGs
[2023-11-16T10:07:00.637+0000] {logging_mixin.py:151} INFO - [2023-11-16T10:07:00.637+0000] {dag.py:3722} INFO - Setting next_dagrun for example_params_trigger_ui to None, run_after=None
[2023-11-16T10:07:00.647+0000] {processor.py:179} INFO - Processing /home/airflow/.local/lib/python3.8/site-packages/airflow/example_dags/example_params_trigger_ui.py took 0.068 seconds
[2023-11-16T10:07:31.153+0000] {processor.py:157} INFO - Started process (PID=8864) to work on /home/airflow/.local/lib/python3.8/site-packages/airflow/example_dags/example_params_trigger_ui.py
[2023-11-16T10:07:31.154+0000] {processor.py:829} INFO - Processing file /home/airflow/.local/lib/python3.8/site-packages/airflow/example_dags/example_params_trigger_ui.py for tasks to queue
[2023-11-16T10:07:31.155+0000] {logging_mixin.py:151} INFO - [2023-11-16T10:07:31.155+0000] {dagbag.py:536} INFO - Filling up the DagBag from /home/airflow/.local/lib/python3.8/site-packages/airflow/example_dags/example_params_trigger_ui.py
[2023-11-16T10:07:31.166+0000] {processor.py:839} INFO - DAG(s) dict_keys(['example_params_trigger_ui']) retrieved from /home/airflow/.local/lib/python3.8/site-packages/airflow/example_dags/example_params_trigger_ui.py
[2023-11-16T10:07:31.211+0000] {logging_mixin.py:151} INFO - [2023-11-16T10:07:31.211+0000] {dag.py:2941} INFO - Sync 1 DAGs
[2023-11-16T10:07:31.219+0000] {logging_mixin.py:151} INFO - [2023-11-16T10:07:31.219+0000] {dag.py:3722} INFO - Setting next_dagrun for example_params_trigger_ui to None, run_after=None
[2023-11-16T10:07:31.230+0000] {processor.py:179} INFO - Processing /home/airflow/.local/lib/python3.8/site-packages/airflow/example_dags/example_params_trigger_ui.py took 0.079 seconds
[2023-11-16T10:08:01.874+0000] {processor.py:157} INFO - Started process (PID=8920) to work on /home/airflow/.local/lib/python3.8/site-packages/airflow/example_dags/example_params_trigger_ui.py
[2023-11-16T10:08:01.875+0000] {processor.py:829} INFO - Processing file /home/airflow/.local/lib/python3.8/site-packages/airflow/example_dags/example_params_trigger_ui.py for tasks to queue
[2023-11-16T10:08:01.876+0000] {logging_mixin.py:151} INFO - [2023-11-16T10:08:01.876+0000] {dagbag.py:536} INFO - Filling up the DagBag from /home/airflow/.local/lib/python3.8/site-packages/airflow/example_dags/example_params_trigger_ui.py
[2023-11-16T10:08:01.886+0000] {processor.py:839} INFO - DAG(s) dict_keys(['example_params_trigger_ui']) retrieved from /home/airflow/.local/lib/python3.8/site-packages/airflow/example_dags/example_params_trigger_ui.py
[2023-11-16T10:08:01.929+0000] {logging_mixin.py:151} INFO - [2023-11-16T10:08:01.928+0000] {dag.py:2941} INFO - Sync 1 DAGs
[2023-11-16T10:08:01.938+0000] {logging_mixin.py:151} INFO - [2023-11-16T10:08:01.938+0000] {dag.py:3722} INFO - Setting next_dagrun for example_params_trigger_ui to None, run_after=None
[2023-11-16T10:08:01.950+0000] {processor.py:179} INFO - Processing /home/airflow/.local/lib/python3.8/site-packages/airflow/example_dags/example_params_trigger_ui.py took 0.078 seconds
[2023-11-16T10:08:32.597+0000] {processor.py:157} INFO - Started process (PID=8976) to work on /home/airflow/.local/lib/python3.8/site-packages/airflow/example_dags/example_params_trigger_ui.py
[2023-11-16T10:08:32.597+0000] {processor.py:829} INFO - Processing file /home/airflow/.local/lib/python3.8/site-packages/airflow/example_dags/example_params_trigger_ui.py for tasks to queue
[2023-11-16T10:08:32.599+0000] {logging_mixin.py:151} INFO - [2023-11-16T10:08:32.598+0000] {dagbag.py:536} INFO - Filling up the DagBag from /home/airflow/.local/lib/python3.8/site-packages/airflow/example_dags/example_params_trigger_ui.py
[2023-11-16T10:08:32.609+0000] {processor.py:839} INFO - DAG(s) dict_keys(['example_params_trigger_ui']) retrieved from /home/airflow/.local/lib/python3.8/site-packages/airflow/example_dags/example_params_trigger_ui.py
[2023-11-16T10:08:32.640+0000] {logging_mixin.py:151} INFO - [2023-11-16T10:08:32.640+0000] {dag.py:2941} INFO - Sync 1 DAGs
[2023-11-16T10:08:32.648+0000] {logging_mixin.py:151} INFO - [2023-11-16T10:08:32.648+0000] {dag.py:3722} INFO - Setting next_dagrun for example_params_trigger_ui to None, run_after=None
[2023-11-16T10:08:32.659+0000] {processor.py:179} INFO - Processing /home/airflow/.local/lib/python3.8/site-packages/airflow/example_dags/example_params_trigger_ui.py took 0.064 seconds
[2023-11-16T10:09:03.347+0000] {processor.py:157} INFO - Started process (PID=9033) to work on /home/airflow/.local/lib/python3.8/site-packages/airflow/example_dags/example_params_trigger_ui.py
[2023-11-16T10:09:03.348+0000] {processor.py:829} INFO - Processing file /home/airflow/.local/lib/python3.8/site-packages/airflow/example_dags/example_params_trigger_ui.py for tasks to queue
[2023-11-16T10:09:03.349+0000] {logging_mixin.py:151} INFO - [2023-11-16T10:09:03.349+0000] {dagbag.py:536} INFO - Filling up the DagBag from /home/airflow/.local/lib/python3.8/site-packages/airflow/example_dags/example_params_trigger_ui.py
[2023-11-16T10:09:03.359+0000] {processor.py:839} INFO - DAG(s) dict_keys(['example_params_trigger_ui']) retrieved from /home/airflow/.local/lib/python3.8/site-packages/airflow/example_dags/example_params_trigger_ui.py
[2023-11-16T10:09:03.389+0000] {logging_mixin.py:151} INFO - [2023-11-16T10:09:03.389+0000] {dag.py:2941} INFO - Sync 1 DAGs
[2023-11-16T10:09:03.397+0000] {logging_mixin.py:151} INFO - [2023-11-16T10:09:03.397+0000] {dag.py:3722} INFO - Setting next_dagrun for example_params_trigger_ui to None, run_after=None
[2023-11-16T10:09:03.408+0000] {processor.py:179} INFO - Processing /home/airflow/.local/lib/python3.8/site-packages/airflow/example_dags/example_params_trigger_ui.py took 0.063 seconds
[2023-11-16T10:09:34.121+0000] {processor.py:157} INFO - Started process (PID=9089) to work on /home/airflow/.local/lib/python3.8/site-packages/airflow/example_dags/example_params_trigger_ui.py
[2023-11-16T10:09:34.121+0000] {processor.py:829} INFO - Processing file /home/airflow/.local/lib/python3.8/site-packages/airflow/example_dags/example_params_trigger_ui.py for tasks to queue
[2023-11-16T10:09:34.122+0000] {logging_mixin.py:151} INFO - [2023-11-16T10:09:34.122+0000] {dagbag.py:536} INFO - Filling up the DagBag from /home/airflow/.local/lib/python3.8/site-packages/airflow/example_dags/example_params_trigger_ui.py
[2023-11-16T10:09:34.132+0000] {processor.py:839} INFO - DAG(s) dict_keys(['example_params_trigger_ui']) retrieved from /home/airflow/.local/lib/python3.8/site-packages/airflow/example_dags/example_params_trigger_ui.py
[2023-11-16T10:09:34.166+0000] {logging_mixin.py:151} INFO - [2023-11-16T10:09:34.166+0000] {dag.py:2941} INFO - Sync 1 DAGs
[2023-11-16T10:09:34.174+0000] {logging_mixin.py:151} INFO - [2023-11-16T10:09:34.174+0000] {dag.py:3722} INFO - Setting next_dagrun for example_params_trigger_ui to None, run_after=None
[2023-11-16T10:09:34.279+0000] {processor.py:179} INFO - Processing /home/airflow/.local/lib/python3.8/site-packages/airflow/example_dags/example_params_trigger_ui.py took 0.161 seconds
[2023-11-16T10:10:05.091+0000] {processor.py:157} INFO - Started process (PID=9145) to work on /home/airflow/.local/lib/python3.8/site-packages/airflow/example_dags/example_params_trigger_ui.py
[2023-11-16T10:10:05.092+0000] {processor.py:829} INFO - Processing file /home/airflow/.local/lib/python3.8/site-packages/airflow/example_dags/example_params_trigger_ui.py for tasks to queue
[2023-11-16T10:10:05.093+0000] {logging_mixin.py:151} INFO - [2023-11-16T10:10:05.093+0000] {dagbag.py:536} INFO - Filling up the DagBag from /home/airflow/.local/lib/python3.8/site-packages/airflow/example_dags/example_params_trigger_ui.py
[2023-11-16T10:10:05.103+0000] {processor.py:839} INFO - DAG(s) dict_keys(['example_params_trigger_ui']) retrieved from /home/airflow/.local/lib/python3.8/site-packages/airflow/example_dags/example_params_trigger_ui.py
[2023-11-16T10:10:05.136+0000] {logging_mixin.py:151} INFO - [2023-11-16T10:10:05.135+0000] {dag.py:2941} INFO - Sync 1 DAGs
[2023-11-16T10:10:05.144+0000] {logging_mixin.py:151} INFO - [2023-11-16T10:10:05.144+0000] {dag.py:3722} INFO - Setting next_dagrun for example_params_trigger_ui to None, run_after=None
[2023-11-16T10:10:05.156+0000] {processor.py:179} INFO - Processing /home/airflow/.local/lib/python3.8/site-packages/airflow/example_dags/example_params_trigger_ui.py took 0.066 seconds
[2023-11-16T10:10:35.344+0000] {processor.py:157} INFO - Started process (PID=9202) to work on /home/airflow/.local/lib/python3.8/site-packages/airflow/example_dags/example_params_trigger_ui.py
[2023-11-16T10:10:35.344+0000] {processor.py:829} INFO - Processing file /home/airflow/.local/lib/python3.8/site-packages/airflow/example_dags/example_params_trigger_ui.py for tasks to queue
[2023-11-16T10:10:35.345+0000] {logging_mixin.py:151} INFO - [2023-11-16T10:10:35.345+0000] {dagbag.py:536} INFO - Filling up the DagBag from /home/airflow/.local/lib/python3.8/site-packages/airflow/example_dags/example_params_trigger_ui.py
[2023-11-16T10:10:35.355+0000] {processor.py:839} INFO - DAG(s) dict_keys(['example_params_trigger_ui']) retrieved from /home/airflow/.local/lib/python3.8/site-packages/airflow/example_dags/example_params_trigger_ui.py
[2023-11-16T10:10:35.398+0000] {logging_mixin.py:151} INFO - [2023-11-16T10:10:35.398+0000] {dag.py:2941} INFO - Sync 1 DAGs
[2023-11-16T10:10:35.409+0000] {logging_mixin.py:151} INFO - [2023-11-16T10:10:35.408+0000] {dag.py:3722} INFO - Setting next_dagrun for example_params_trigger_ui to None, run_after=None
[2023-11-16T10:10:35.420+0000] {processor.py:179} INFO - Processing /home/airflow/.local/lib/python3.8/site-packages/airflow/example_dags/example_params_trigger_ui.py took 0.078 seconds
[2023-11-16T10:11:05.443+0000] {processor.py:157} INFO - Started process (PID=9258) to work on /home/airflow/.local/lib/python3.8/site-packages/airflow/example_dags/example_params_trigger_ui.py
[2023-11-16T10:11:05.444+0000] {processor.py:829} INFO - Processing file /home/airflow/.local/lib/python3.8/site-packages/airflow/example_dags/example_params_trigger_ui.py for tasks to queue
[2023-11-16T10:11:05.445+0000] {logging_mixin.py:151} INFO - [2023-11-16T10:11:05.445+0000] {dagbag.py:536} INFO - Filling up the DagBag from /home/airflow/.local/lib/python3.8/site-packages/airflow/example_dags/example_params_trigger_ui.py
[2023-11-16T10:11:05.455+0000] {processor.py:839} INFO - DAG(s) dict_keys(['example_params_trigger_ui']) retrieved from /home/airflow/.local/lib/python3.8/site-packages/airflow/example_dags/example_params_trigger_ui.py
[2023-11-16T10:11:05.501+0000] {logging_mixin.py:151} INFO - [2023-11-16T10:11:05.500+0000] {dag.py:2941} INFO - Sync 1 DAGs
[2023-11-16T10:11:05.512+0000] {logging_mixin.py:151} INFO - [2023-11-16T10:11:05.512+0000] {dag.py:3722} INFO - Setting next_dagrun for example_params_trigger_ui to None, run_after=None
[2023-11-16T10:11:05.523+0000] {processor.py:179} INFO - Processing /home/airflow/.local/lib/python3.8/site-packages/airflow/example_dags/example_params_trigger_ui.py took 0.081 seconds
[2023-11-16T10:11:36.368+0000] {processor.py:157} INFO - Started process (PID=9314) to work on /home/airflow/.local/lib/python3.8/site-packages/airflow/example_dags/example_params_trigger_ui.py
[2023-11-16T10:11:36.368+0000] {processor.py:829} INFO - Processing file /home/airflow/.local/lib/python3.8/site-packages/airflow/example_dags/example_params_trigger_ui.py for tasks to queue
[2023-11-16T10:11:36.369+0000] {logging_mixin.py:151} INFO - [2023-11-16T10:11:36.369+0000] {dagbag.py:536} INFO - Filling up the DagBag from /home/airflow/.local/lib/python3.8/site-packages/airflow/example_dags/example_params_trigger_ui.py
[2023-11-16T10:11:36.379+0000] {processor.py:839} INFO - DAG(s) dict_keys(['example_params_trigger_ui']) retrieved from /home/airflow/.local/lib/python3.8/site-packages/airflow/example_dags/example_params_trigger_ui.py
[2023-11-16T10:11:36.419+0000] {logging_mixin.py:151} INFO - [2023-11-16T10:11:36.419+0000] {dag.py:2941} INFO - Sync 1 DAGs
[2023-11-16T10:11:36.426+0000] {logging_mixin.py:151} INFO - [2023-11-16T10:11:36.426+0000] {dag.py:3722} INFO - Setting next_dagrun for example_params_trigger_ui to None, run_after=None
[2023-11-16T10:11:36.437+0000] {processor.py:179} INFO - Processing /home/airflow/.local/lib/python3.8/site-packages/airflow/example_dags/example_params_trigger_ui.py took 0.072 seconds
[2023-11-16T10:12:06.641+0000] {processor.py:157} INFO - Started process (PID=9372) to work on /home/airflow/.local/lib/python3.8/site-packages/airflow/example_dags/example_params_trigger_ui.py
[2023-11-16T10:12:06.642+0000] {processor.py:829} INFO - Processing file /home/airflow/.local/lib/python3.8/site-packages/airflow/example_dags/example_params_trigger_ui.py for tasks to queue
[2023-11-16T10:12:06.643+0000] {logging_mixin.py:151} INFO - [2023-11-16T10:12:06.643+0000] {dagbag.py:536} INFO - Filling up the DagBag from /home/airflow/.local/lib/python3.8/site-packages/airflow/example_dags/example_params_trigger_ui.py
[2023-11-16T10:12:06.653+0000] {processor.py:839} INFO - DAG(s) dict_keys(['example_params_trigger_ui']) retrieved from /home/airflow/.local/lib/python3.8/site-packages/airflow/example_dags/example_params_trigger_ui.py
[2023-11-16T10:12:06.682+0000] {logging_mixin.py:151} INFO - [2023-11-16T10:12:06.682+0000] {dag.py:2941} INFO - Sync 1 DAGs
[2023-11-16T10:12:06.778+0000] {logging_mixin.py:151} INFO - [2023-11-16T10:12:06.778+0000] {dag.py:3722} INFO - Setting next_dagrun for example_params_trigger_ui to None, run_after=None
[2023-11-16T10:12:06.790+0000] {processor.py:179} INFO - Processing /home/airflow/.local/lib/python3.8/site-packages/airflow/example_dags/example_params_trigger_ui.py took 0.151 seconds
[2023-11-16T10:12:37.378+0000] {processor.py:157} INFO - Started process (PID=9428) to work on /home/airflow/.local/lib/python3.8/site-packages/airflow/example_dags/example_params_trigger_ui.py
[2023-11-16T10:12:37.378+0000] {processor.py:829} INFO - Processing file /home/airflow/.local/lib/python3.8/site-packages/airflow/example_dags/example_params_trigger_ui.py for tasks to queue
[2023-11-16T10:12:37.379+0000] {logging_mixin.py:151} INFO - [2023-11-16T10:12:37.379+0000] {dagbag.py:536} INFO - Filling up the DagBag from /home/airflow/.local/lib/python3.8/site-packages/airflow/example_dags/example_params_trigger_ui.py
[2023-11-16T10:12:37.389+0000] {processor.py:839} INFO - DAG(s) dict_keys(['example_params_trigger_ui']) retrieved from /home/airflow/.local/lib/python3.8/site-packages/airflow/example_dags/example_params_trigger_ui.py
[2023-11-16T10:12:37.422+0000] {logging_mixin.py:151} INFO - [2023-11-16T10:12:37.422+0000] {dag.py:2941} INFO - Sync 1 DAGs
[2023-11-16T10:12:37.431+0000] {logging_mixin.py:151} INFO - [2023-11-16T10:12:37.431+0000] {dag.py:3722} INFO - Setting next_dagrun for example_params_trigger_ui to None, run_after=None
[2023-11-16T10:12:37.535+0000] {processor.py:179} INFO - Processing /home/airflow/.local/lib/python3.8/site-packages/airflow/example_dags/example_params_trigger_ui.py took 0.160 seconds
[2023-11-16T10:13:07.696+0000] {processor.py:157} INFO - Started process (PID=9485) to work on /home/airflow/.local/lib/python3.8/site-packages/airflow/example_dags/example_params_trigger_ui.py
[2023-11-16T10:13:07.697+0000] {processor.py:829} INFO - Processing file /home/airflow/.local/lib/python3.8/site-packages/airflow/example_dags/example_params_trigger_ui.py for tasks to queue
[2023-11-16T10:13:07.698+0000] {logging_mixin.py:151} INFO - [2023-11-16T10:13:07.698+0000] {dagbag.py:536} INFO - Filling up the DagBag from /home/airflow/.local/lib/python3.8/site-packages/airflow/example_dags/example_params_trigger_ui.py
[2023-11-16T10:13:07.708+0000] {processor.py:839} INFO - DAG(s) dict_keys(['example_params_trigger_ui']) retrieved from /home/airflow/.local/lib/python3.8/site-packages/airflow/example_dags/example_params_trigger_ui.py
[2023-11-16T10:13:07.749+0000] {logging_mixin.py:151} INFO - [2023-11-16T10:13:07.749+0000] {dag.py:2941} INFO - Sync 1 DAGs
[2023-11-16T10:13:07.759+0000] {logging_mixin.py:151} INFO - [2023-11-16T10:13:07.758+0000] {dag.py:3722} INFO - Setting next_dagrun for example_params_trigger_ui to None, run_after=None
[2023-11-16T10:13:07.770+0000] {processor.py:179} INFO - Processing /home/airflow/.local/lib/python3.8/site-packages/airflow/example_dags/example_params_trigger_ui.py took 0.075 seconds
[2023-11-16T10:13:38.556+0000] {processor.py:157} INFO - Started process (PID=9541) to work on /home/airflow/.local/lib/python3.8/site-packages/airflow/example_dags/example_params_trigger_ui.py
[2023-11-16T10:13:38.556+0000] {processor.py:829} INFO - Processing file /home/airflow/.local/lib/python3.8/site-packages/airflow/example_dags/example_params_trigger_ui.py for tasks to queue
[2023-11-16T10:13:38.557+0000] {logging_mixin.py:151} INFO - [2023-11-16T10:13:38.557+0000] {dagbag.py:536} INFO - Filling up the DagBag from /home/airflow/.local/lib/python3.8/site-packages/airflow/example_dags/example_params_trigger_ui.py
[2023-11-16T10:13:38.568+0000] {processor.py:839} INFO - DAG(s) dict_keys(['example_params_trigger_ui']) retrieved from /home/airflow/.local/lib/python3.8/site-packages/airflow/example_dags/example_params_trigger_ui.py
[2023-11-16T10:13:38.599+0000] {logging_mixin.py:151} INFO - [2023-11-16T10:13:38.599+0000] {dag.py:2941} INFO - Sync 1 DAGs
[2023-11-16T10:13:38.608+0000] {logging_mixin.py:151} INFO - [2023-11-16T10:13:38.607+0000] {dag.py:3722} INFO - Setting next_dagrun for example_params_trigger_ui to None, run_after=None
[2023-11-16T10:13:38.619+0000] {processor.py:179} INFO - Processing /home/airflow/.local/lib/python3.8/site-packages/airflow/example_dags/example_params_trigger_ui.py took 0.065 seconds
[2023-11-16T10:14:09.007+0000] {processor.py:157} INFO - Started process (PID=9597) to work on /home/airflow/.local/lib/python3.8/site-packages/airflow/example_dags/example_params_trigger_ui.py
[2023-11-16T10:14:09.008+0000] {processor.py:829} INFO - Processing file /home/airflow/.local/lib/python3.8/site-packages/airflow/example_dags/example_params_trigger_ui.py for tasks to queue
[2023-11-16T10:14:09.009+0000] {logging_mixin.py:151} INFO - [2023-11-16T10:14:09.009+0000] {dagbag.py:536} INFO - Filling up the DagBag from /home/airflow/.local/lib/python3.8/site-packages/airflow/example_dags/example_params_trigger_ui.py
[2023-11-16T10:14:09.023+0000] {processor.py:839} INFO - DAG(s) dict_keys(['example_params_trigger_ui']) retrieved from /home/airflow/.local/lib/python3.8/site-packages/airflow/example_dags/example_params_trigger_ui.py
[2023-11-16T10:14:09.176+0000] {logging_mixin.py:151} INFO - [2023-11-16T10:14:09.176+0000] {dag.py:2941} INFO - Sync 1 DAGs
[2023-11-16T10:14:09.183+0000] {logging_mixin.py:151} INFO - [2023-11-16T10:14:09.183+0000] {dag.py:3722} INFO - Setting next_dagrun for example_params_trigger_ui to None, run_after=None
[2023-11-16T10:14:09.194+0000] {processor.py:179} INFO - Processing /home/airflow/.local/lib/python3.8/site-packages/airflow/example_dags/example_params_trigger_ui.py took 0.189 seconds
[2023-11-16T10:14:39.386+0000] {processor.py:157} INFO - Started process (PID=9654) to work on /home/airflow/.local/lib/python3.8/site-packages/airflow/example_dags/example_params_trigger_ui.py
[2023-11-16T10:14:39.387+0000] {processor.py:829} INFO - Processing file /home/airflow/.local/lib/python3.8/site-packages/airflow/example_dags/example_params_trigger_ui.py for tasks to queue
[2023-11-16T10:14:39.388+0000] {logging_mixin.py:151} INFO - [2023-11-16T10:14:39.388+0000] {dagbag.py:536} INFO - Filling up the DagBag from /home/airflow/.local/lib/python3.8/site-packages/airflow/example_dags/example_params_trigger_ui.py
[2023-11-16T10:14:39.397+0000] {processor.py:839} INFO - DAG(s) dict_keys(['example_params_trigger_ui']) retrieved from /home/airflow/.local/lib/python3.8/site-packages/airflow/example_dags/example_params_trigger_ui.py
[2023-11-16T10:14:39.516+0000] {logging_mixin.py:151} INFO - [2023-11-16T10:14:39.516+0000] {dag.py:2941} INFO - Sync 1 DAGs
[2023-11-16T10:14:39.522+0000] {logging_mixin.py:151} INFO - [2023-11-16T10:14:39.522+0000] {dag.py:3722} INFO - Setting next_dagrun for example_params_trigger_ui to None, run_after=None
[2023-11-16T10:14:39.534+0000] {processor.py:179} INFO - Processing /home/airflow/.local/lib/python3.8/site-packages/airflow/example_dags/example_params_trigger_ui.py took 0.149 seconds
[2023-11-16T10:15:10.317+0000] {processor.py:157} INFO - Started process (PID=9710) to work on /home/airflow/.local/lib/python3.8/site-packages/airflow/example_dags/example_params_trigger_ui.py
[2023-11-16T10:15:10.318+0000] {processor.py:829} INFO - Processing file /home/airflow/.local/lib/python3.8/site-packages/airflow/example_dags/example_params_trigger_ui.py for tasks to queue
[2023-11-16T10:15:10.319+0000] {logging_mixin.py:151} INFO - [2023-11-16T10:15:10.319+0000] {dagbag.py:536} INFO - Filling up the DagBag from /home/airflow/.local/lib/python3.8/site-packages/airflow/example_dags/example_params_trigger_ui.py
[2023-11-16T10:15:10.329+0000] {processor.py:839} INFO - DAG(s) dict_keys(['example_params_trigger_ui']) retrieved from /home/airflow/.local/lib/python3.8/site-packages/airflow/example_dags/example_params_trigger_ui.py
[2023-11-16T10:15:10.362+0000] {logging_mixin.py:151} INFO - [2023-11-16T10:15:10.362+0000] {dag.py:2941} INFO - Sync 1 DAGs
[2023-11-16T10:15:10.372+0000] {logging_mixin.py:151} INFO - [2023-11-16T10:15:10.372+0000] {dag.py:3722} INFO - Setting next_dagrun for example_params_trigger_ui to None, run_after=None
[2023-11-16T10:15:10.383+0000] {processor.py:179} INFO - Processing /home/airflow/.local/lib/python3.8/site-packages/airflow/example_dags/example_params_trigger_ui.py took 0.068 seconds
[2023-11-16T10:15:40.985+0000] {processor.py:157} INFO - Started process (PID=9767) to work on /home/airflow/.local/lib/python3.8/site-packages/airflow/example_dags/example_params_trigger_ui.py
[2023-11-16T10:15:40.985+0000] {processor.py:829} INFO - Processing file /home/airflow/.local/lib/python3.8/site-packages/airflow/example_dags/example_params_trigger_ui.py for tasks to queue
[2023-11-16T10:15:40.986+0000] {logging_mixin.py:151} INFO - [2023-11-16T10:15:40.986+0000] {dagbag.py:536} INFO - Filling up the DagBag from /home/airflow/.local/lib/python3.8/site-packages/airflow/example_dags/example_params_trigger_ui.py
[2023-11-16T10:15:40.996+0000] {processor.py:839} INFO - DAG(s) dict_keys(['example_params_trigger_ui']) retrieved from /home/airflow/.local/lib/python3.8/site-packages/airflow/example_dags/example_params_trigger_ui.py
[2023-11-16T10:15:41.034+0000] {logging_mixin.py:151} INFO - [2023-11-16T10:15:41.034+0000] {dag.py:2941} INFO - Sync 1 DAGs
[2023-11-16T10:15:41.045+0000] {logging_mixin.py:151} INFO - [2023-11-16T10:15:41.044+0000] {dag.py:3722} INFO - Setting next_dagrun for example_params_trigger_ui to None, run_after=None
[2023-11-16T10:15:41.057+0000] {processor.py:179} INFO - Processing /home/airflow/.local/lib/python3.8/site-packages/airflow/example_dags/example_params_trigger_ui.py took 0.074 seconds
[2023-11-16T10:16:11.553+0000] {processor.py:157} INFO - Started process (PID=9823) to work on /home/airflow/.local/lib/python3.8/site-packages/airflow/example_dags/example_params_trigger_ui.py
[2023-11-16T10:16:11.554+0000] {processor.py:829} INFO - Processing file /home/airflow/.local/lib/python3.8/site-packages/airflow/example_dags/example_params_trigger_ui.py for tasks to queue
[2023-11-16T10:16:11.555+0000] {logging_mixin.py:151} INFO - [2023-11-16T10:16:11.555+0000] {dagbag.py:536} INFO - Filling up the DagBag from /home/airflow/.local/lib/python3.8/site-packages/airflow/example_dags/example_params_trigger_ui.py
[2023-11-16T10:16:11.565+0000] {processor.py:839} INFO - DAG(s) dict_keys(['example_params_trigger_ui']) retrieved from /home/airflow/.local/lib/python3.8/site-packages/airflow/example_dags/example_params_trigger_ui.py
[2023-11-16T10:16:11.596+0000] {logging_mixin.py:151} INFO - [2023-11-16T10:16:11.595+0000] {dag.py:2941} INFO - Sync 1 DAGs
[2023-11-16T10:16:11.603+0000] {logging_mixin.py:151} INFO - [2023-11-16T10:16:11.603+0000] {dag.py:3722} INFO - Setting next_dagrun for example_params_trigger_ui to None, run_after=None
[2023-11-16T10:16:11.614+0000] {processor.py:179} INFO - Processing /home/airflow/.local/lib/python3.8/site-packages/airflow/example_dags/example_params_trigger_ui.py took 0.063 seconds
[2023-11-16T10:16:42.151+0000] {processor.py:157} INFO - Started process (PID=9879) to work on /home/airflow/.local/lib/python3.8/site-packages/airflow/example_dags/example_params_trigger_ui.py
[2023-11-16T10:16:42.152+0000] {processor.py:829} INFO - Processing file /home/airflow/.local/lib/python3.8/site-packages/airflow/example_dags/example_params_trigger_ui.py for tasks to queue
[2023-11-16T10:16:42.153+0000] {logging_mixin.py:151} INFO - [2023-11-16T10:16:42.153+0000] {dagbag.py:536} INFO - Filling up the DagBag from /home/airflow/.local/lib/python3.8/site-packages/airflow/example_dags/example_params_trigger_ui.py
[2023-11-16T10:16:42.163+0000] {processor.py:839} INFO - DAG(s) dict_keys(['example_params_trigger_ui']) retrieved from /home/airflow/.local/lib/python3.8/site-packages/airflow/example_dags/example_params_trigger_ui.py
[2023-11-16T10:16:42.196+0000] {logging_mixin.py:151} INFO - [2023-11-16T10:16:42.195+0000] {dag.py:2941} INFO - Sync 1 DAGs
[2023-11-16T10:16:42.206+0000] {logging_mixin.py:151} INFO - [2023-11-16T10:16:42.206+0000] {dag.py:3722} INFO - Setting next_dagrun for example_params_trigger_ui to None, run_after=None
[2023-11-16T10:16:42.222+0000] {processor.py:179} INFO - Processing /home/airflow/.local/lib/python3.8/site-packages/airflow/example_dags/example_params_trigger_ui.py took 0.074 seconds
[2023-11-16T10:17:12.800+0000] {processor.py:157} INFO - Started process (PID=9935) to work on /home/airflow/.local/lib/python3.8/site-packages/airflow/example_dags/example_params_trigger_ui.py
[2023-11-16T10:17:12.801+0000] {processor.py:829} INFO - Processing file /home/airflow/.local/lib/python3.8/site-packages/airflow/example_dags/example_params_trigger_ui.py for tasks to queue
[2023-11-16T10:17:12.802+0000] {logging_mixin.py:151} INFO - [2023-11-16T10:17:12.802+0000] {dagbag.py:536} INFO - Filling up the DagBag from /home/airflow/.local/lib/python3.8/site-packages/airflow/example_dags/example_params_trigger_ui.py
[2023-11-16T10:17:12.817+0000] {processor.py:839} INFO - DAG(s) dict_keys(['example_params_trigger_ui']) retrieved from /home/airflow/.local/lib/python3.8/site-packages/airflow/example_dags/example_params_trigger_ui.py
[2023-11-16T10:17:12.850+0000] {logging_mixin.py:151} INFO - [2023-11-16T10:17:12.849+0000] {dag.py:2941} INFO - Sync 1 DAGs
[2023-11-16T10:17:12.858+0000] {logging_mixin.py:151} INFO - [2023-11-16T10:17:12.857+0000] {dag.py:3722} INFO - Setting next_dagrun for example_params_trigger_ui to None, run_after=None
[2023-11-16T10:17:12.871+0000] {processor.py:179} INFO - Processing /home/airflow/.local/lib/python3.8/site-packages/airflow/example_dags/example_params_trigger_ui.py took 0.073 seconds
[2023-11-16T10:17:43.394+0000] {processor.py:157} INFO - Started process (PID=9991) to work on /home/airflow/.local/lib/python3.8/site-packages/airflow/example_dags/example_params_trigger_ui.py
[2023-11-16T10:17:43.394+0000] {processor.py:829} INFO - Processing file /home/airflow/.local/lib/python3.8/site-packages/airflow/example_dags/example_params_trigger_ui.py for tasks to queue
[2023-11-16T10:17:43.395+0000] {logging_mixin.py:151} INFO - [2023-11-16T10:17:43.395+0000] {dagbag.py:536} INFO - Filling up the DagBag from /home/airflow/.local/lib/python3.8/site-packages/airflow/example_dags/example_params_trigger_ui.py
[2023-11-16T10:17:43.406+0000] {processor.py:839} INFO - DAG(s) dict_keys(['example_params_trigger_ui']) retrieved from /home/airflow/.local/lib/python3.8/site-packages/airflow/example_dags/example_params_trigger_ui.py
[2023-11-16T10:17:43.439+0000] {logging_mixin.py:151} INFO - [2023-11-16T10:17:43.439+0000] {dag.py:2941} INFO - Sync 1 DAGs
[2023-11-16T10:17:43.448+0000] {logging_mixin.py:151} INFO - [2023-11-16T10:17:43.448+0000] {dag.py:3722} INFO - Setting next_dagrun for example_params_trigger_ui to None, run_after=None
[2023-11-16T10:17:43.459+0000] {processor.py:179} INFO - Processing /home/airflow/.local/lib/python3.8/site-packages/airflow/example_dags/example_params_trigger_ui.py took 0.067 seconds
[2023-11-16T10:18:14.031+0000] {processor.py:157} INFO - Started process (PID=10047) to work on /home/airflow/.local/lib/python3.8/site-packages/airflow/example_dags/example_params_trigger_ui.py
[2023-11-16T10:18:14.031+0000] {processor.py:829} INFO - Processing file /home/airflow/.local/lib/python3.8/site-packages/airflow/example_dags/example_params_trigger_ui.py for tasks to queue
[2023-11-16T10:18:14.033+0000] {logging_mixin.py:151} INFO - [2023-11-16T10:18:14.032+0000] {dagbag.py:536} INFO - Filling up the DagBag from /home/airflow/.local/lib/python3.8/site-packages/airflow/example_dags/example_params_trigger_ui.py
[2023-11-16T10:18:14.043+0000] {processor.py:839} INFO - DAG(s) dict_keys(['example_params_trigger_ui']) retrieved from /home/airflow/.local/lib/python3.8/site-packages/airflow/example_dags/example_params_trigger_ui.py
[2023-11-16T10:18:14.075+0000] {logging_mixin.py:151} INFO - [2023-11-16T10:18:14.075+0000] {dag.py:2941} INFO - Sync 1 DAGs
[2023-11-16T10:18:14.085+0000] {logging_mixin.py:151} INFO - [2023-11-16T10:18:14.084+0000] {dag.py:3722} INFO - Setting next_dagrun for example_params_trigger_ui to None, run_after=None
[2023-11-16T10:18:14.096+0000] {processor.py:179} INFO - Processing /home/airflow/.local/lib/python3.8/site-packages/airflow/example_dags/example_params_trigger_ui.py took 0.067 seconds
[2023-11-16T10:18:44.642+0000] {processor.py:157} INFO - Started process (PID=10103) to work on /home/airflow/.local/lib/python3.8/site-packages/airflow/example_dags/example_params_trigger_ui.py
[2023-11-16T10:18:44.643+0000] {processor.py:829} INFO - Processing file /home/airflow/.local/lib/python3.8/site-packages/airflow/example_dags/example_params_trigger_ui.py for tasks to queue
[2023-11-16T10:18:44.644+0000] {logging_mixin.py:151} INFO - [2023-11-16T10:18:44.644+0000] {dagbag.py:536} INFO - Filling up the DagBag from /home/airflow/.local/lib/python3.8/site-packages/airflow/example_dags/example_params_trigger_ui.py
[2023-11-16T10:18:44.659+0000] {processor.py:839} INFO - DAG(s) dict_keys(['example_params_trigger_ui']) retrieved from /home/airflow/.local/lib/python3.8/site-packages/airflow/example_dags/example_params_trigger_ui.py
[2023-11-16T10:18:44.696+0000] {logging_mixin.py:151} INFO - [2023-11-16T10:18:44.696+0000] {dag.py:2941} INFO - Sync 1 DAGs
[2023-11-16T10:18:44.704+0000] {logging_mixin.py:151} INFO - [2023-11-16T10:18:44.704+0000] {dag.py:3722} INFO - Setting next_dagrun for example_params_trigger_ui to None, run_after=None
[2023-11-16T10:18:44.716+0000] {processor.py:179} INFO - Processing /home/airflow/.local/lib/python3.8/site-packages/airflow/example_dags/example_params_trigger_ui.py took 0.076 seconds
[2023-11-16T10:19:15.383+0000] {processor.py:157} INFO - Started process (PID=10159) to work on /home/airflow/.local/lib/python3.8/site-packages/airflow/example_dags/example_params_trigger_ui.py
[2023-11-16T10:19:15.384+0000] {processor.py:829} INFO - Processing file /home/airflow/.local/lib/python3.8/site-packages/airflow/example_dags/example_params_trigger_ui.py for tasks to queue
[2023-11-16T10:19:15.385+0000] {logging_mixin.py:151} INFO - [2023-11-16T10:19:15.385+0000] {dagbag.py:536} INFO - Filling up the DagBag from /home/airflow/.local/lib/python3.8/site-packages/airflow/example_dags/example_params_trigger_ui.py
[2023-11-16T10:19:15.395+0000] {processor.py:839} INFO - DAG(s) dict_keys(['example_params_trigger_ui']) retrieved from /home/airflow/.local/lib/python3.8/site-packages/airflow/example_dags/example_params_trigger_ui.py
[2023-11-16T10:19:15.426+0000] {logging_mixin.py:151} INFO - [2023-11-16T10:19:15.425+0000] {dag.py:2941} INFO - Sync 1 DAGs
[2023-11-16T10:19:15.434+0000] {logging_mixin.py:151} INFO - [2023-11-16T10:19:15.434+0000] {dag.py:3722} INFO - Setting next_dagrun for example_params_trigger_ui to None, run_after=None
[2023-11-16T10:19:15.445+0000] {processor.py:179} INFO - Processing /home/airflow/.local/lib/python3.8/site-packages/airflow/example_dags/example_params_trigger_ui.py took 0.064 seconds
[2023-11-16T10:19:46.115+0000] {processor.py:157} INFO - Started process (PID=10215) to work on /home/airflow/.local/lib/python3.8/site-packages/airflow/example_dags/example_params_trigger_ui.py
[2023-11-16T10:19:46.116+0000] {processor.py:829} INFO - Processing file /home/airflow/.local/lib/python3.8/site-packages/airflow/example_dags/example_params_trigger_ui.py for tasks to queue
[2023-11-16T10:19:46.117+0000] {logging_mixin.py:151} INFO - [2023-11-16T10:19:46.117+0000] {dagbag.py:536} INFO - Filling up the DagBag from /home/airflow/.local/lib/python3.8/site-packages/airflow/example_dags/example_params_trigger_ui.py
[2023-11-16T10:19:46.127+0000] {processor.py:839} INFO - DAG(s) dict_keys(['example_params_trigger_ui']) retrieved from /home/airflow/.local/lib/python3.8/site-packages/airflow/example_dags/example_params_trigger_ui.py
[2023-11-16T10:19:46.172+0000] {logging_mixin.py:151} INFO - [2023-11-16T10:19:46.171+0000] {dag.py:2941} INFO - Sync 1 DAGs
[2023-11-16T10:19:46.182+0000] {logging_mixin.py:151} INFO - [2023-11-16T10:19:46.182+0000] {dag.py:3722} INFO - Setting next_dagrun for example_params_trigger_ui to None, run_after=None
[2023-11-16T10:19:46.193+0000] {processor.py:179} INFO - Processing /home/airflow/.local/lib/python3.8/site-packages/airflow/example_dags/example_params_trigger_ui.py took 0.080 seconds
[2023-11-16T10:20:16.824+0000] {processor.py:157} INFO - Started process (PID=10271) to work on /home/airflow/.local/lib/python3.8/site-packages/airflow/example_dags/example_params_trigger_ui.py
[2023-11-16T10:20:16.825+0000] {processor.py:829} INFO - Processing file /home/airflow/.local/lib/python3.8/site-packages/airflow/example_dags/example_params_trigger_ui.py for tasks to queue
[2023-11-16T10:20:16.826+0000] {logging_mixin.py:151} INFO - [2023-11-16T10:20:16.826+0000] {dagbag.py:536} INFO - Filling up the DagBag from /home/airflow/.local/lib/python3.8/site-packages/airflow/example_dags/example_params_trigger_ui.py
[2023-11-16T10:20:16.836+0000] {processor.py:839} INFO - DAG(s) dict_keys(['example_params_trigger_ui']) retrieved from /home/airflow/.local/lib/python3.8/site-packages/airflow/example_dags/example_params_trigger_ui.py
[2023-11-16T10:20:16.867+0000] {logging_mixin.py:151} INFO - [2023-11-16T10:20:16.867+0000] {dag.py:2941} INFO - Sync 1 DAGs
[2023-11-16T10:20:16.874+0000] {logging_mixin.py:151} INFO - [2023-11-16T10:20:16.874+0000] {dag.py:3722} INFO - Setting next_dagrun for example_params_trigger_ui to None, run_after=None
[2023-11-16T10:20:16.886+0000] {processor.py:179} INFO - Processing /home/airflow/.local/lib/python3.8/site-packages/airflow/example_dags/example_params_trigger_ui.py took 0.064 seconds
[2023-11-16T10:20:47.501+0000] {processor.py:157} INFO - Started process (PID=10327) to work on /home/airflow/.local/lib/python3.8/site-packages/airflow/example_dags/example_params_trigger_ui.py
[2023-11-16T10:20:47.502+0000] {processor.py:829} INFO - Processing file /home/airflow/.local/lib/python3.8/site-packages/airflow/example_dags/example_params_trigger_ui.py for tasks to queue
[2023-11-16T10:20:47.503+0000] {logging_mixin.py:151} INFO - [2023-11-16T10:20:47.503+0000] {dagbag.py:536} INFO - Filling up the DagBag from /home/airflow/.local/lib/python3.8/site-packages/airflow/example_dags/example_params_trigger_ui.py
[2023-11-16T10:20:47.513+0000] {processor.py:839} INFO - DAG(s) dict_keys(['example_params_trigger_ui']) retrieved from /home/airflow/.local/lib/python3.8/site-packages/airflow/example_dags/example_params_trigger_ui.py
[2023-11-16T10:20:47.547+0000] {logging_mixin.py:151} INFO - [2023-11-16T10:20:47.547+0000] {dag.py:2941} INFO - Sync 1 DAGs
[2023-11-16T10:20:47.555+0000] {logging_mixin.py:151} INFO - [2023-11-16T10:20:47.555+0000] {dag.py:3722} INFO - Setting next_dagrun for example_params_trigger_ui to None, run_after=None
[2023-11-16T10:20:47.567+0000] {processor.py:179} INFO - Processing /home/airflow/.local/lib/python3.8/site-packages/airflow/example_dags/example_params_trigger_ui.py took 0.067 seconds
