[2023-11-16T09:44:18.893+0000] {processor.py:157} INFO - Started process (PID=6286) to work on /home/airflow/.local/lib/python3.8/site-packages/airflow/example_dags/example_params_ui_tutorial.py
[2023-11-16T09:44:18.893+0000] {processor.py:829} INFO - Processing file /home/airflow/.local/lib/python3.8/site-packages/airflow/example_dags/example_params_ui_tutorial.py for tasks to queue
[2023-11-16T09:44:18.895+0000] {logging_mixin.py:151} INFO - [2023-11-16T09:44:18.894+0000] {dagbag.py:536} INFO - Filling up the DagBag from /home/airflow/.local/lib/python3.8/site-packages/airflow/example_dags/example_params_ui_tutorial.py
[2023-11-16T09:44:18.920+0000] {processor.py:839} INFO - DAG(s) dict_keys(['example_params_ui_tutorial']) retrieved from /home/airflow/.local/lib/python3.8/site-packages/airflow/example_dags/example_params_ui_tutorial.py
[2023-11-16T09:44:19.009+0000] {logging_mixin.py:151} INFO - [2023-11-16T09:44:19.009+0000] {dag.py:2941} INFO - Sync 1 DAGs
[2023-11-16T09:44:19.016+0000] {logging_mixin.py:151} INFO - [2023-11-16T09:44:19.016+0000] {dag.py:3722} INFO - Setting next_dagrun for example_params_ui_tutorial to None, run_after=None
[2023-11-16T09:44:19.138+0000] {processor.py:179} INFO - Processing /home/airflow/.local/lib/python3.8/site-packages/airflow/example_dags/example_params_ui_tutorial.py took 0.247 seconds
[2023-11-16T09:44:50.109+0000] {processor.py:157} INFO - Started process (PID=6344) to work on /home/airflow/.local/lib/python3.8/site-packages/airflow/example_dags/example_params_ui_tutorial.py
[2023-11-16T09:44:50.110+0000] {processor.py:829} INFO - Processing file /home/airflow/.local/lib/python3.8/site-packages/airflow/example_dags/example_params_ui_tutorial.py for tasks to queue
[2023-11-16T09:44:50.111+0000] {logging_mixin.py:151} INFO - [2023-11-16T09:44:50.111+0000] {dagbag.py:536} INFO - Filling up the DagBag from /home/airflow/.local/lib/python3.8/site-packages/airflow/example_dags/example_params_ui_tutorial.py
[2023-11-16T09:44:50.134+0000] {processor.py:839} INFO - DAG(s) dict_keys(['example_params_ui_tutorial']) retrieved from /home/airflow/.local/lib/python3.8/site-packages/airflow/example_dags/example_params_ui_tutorial.py
[2023-11-16T09:44:50.170+0000] {logging_mixin.py:151} INFO - [2023-11-16T09:44:50.169+0000] {dag.py:2941} INFO - Sync 1 DAGs
[2023-11-16T09:44:50.177+0000] {logging_mixin.py:151} INFO - [2023-11-16T09:44:50.177+0000] {dag.py:3722} INFO - Setting next_dagrun for example_params_ui_tutorial to None, run_after=None
[2023-11-16T09:44:50.191+0000] {processor.py:179} INFO - Processing /home/airflow/.local/lib/python3.8/site-packages/airflow/example_dags/example_params_ui_tutorial.py took 0.085 seconds
[2023-11-16T09:45:20.263+0000] {processor.py:157} INFO - Started process (PID=6400) to work on /home/airflow/.local/lib/python3.8/site-packages/airflow/example_dags/example_params_ui_tutorial.py
[2023-11-16T09:45:20.263+0000] {processor.py:829} INFO - Processing file /home/airflow/.local/lib/python3.8/site-packages/airflow/example_dags/example_params_ui_tutorial.py for tasks to queue
[2023-11-16T09:45:20.264+0000] {logging_mixin.py:151} INFO - [2023-11-16T09:45:20.264+0000] {dagbag.py:536} INFO - Filling up the DagBag from /home/airflow/.local/lib/python3.8/site-packages/airflow/example_dags/example_params_ui_tutorial.py
[2023-11-16T09:45:20.292+0000] {processor.py:839} INFO - DAG(s) dict_keys(['example_params_ui_tutorial']) retrieved from /home/airflow/.local/lib/python3.8/site-packages/airflow/example_dags/example_params_ui_tutorial.py
[2023-11-16T09:45:20.327+0000] {logging_mixin.py:151} INFO - [2023-11-16T09:45:20.326+0000] {dag.py:2941} INFO - Sync 1 DAGs
[2023-11-16T09:45:20.335+0000] {logging_mixin.py:151} INFO - [2023-11-16T09:45:20.335+0000] {dag.py:3722} INFO - Setting next_dagrun for example_params_ui_tutorial to None, run_after=None
[2023-11-16T09:45:20.346+0000] {processor.py:179} INFO - Processing /home/airflow/.local/lib/python3.8/site-packages/airflow/example_dags/example_params_ui_tutorial.py took 0.086 seconds
[2023-11-16T09:45:50.399+0000] {processor.py:157} INFO - Started process (PID=6458) to work on /home/airflow/.local/lib/python3.8/site-packages/airflow/example_dags/example_params_ui_tutorial.py
[2023-11-16T09:45:50.400+0000] {processor.py:829} INFO - Processing file /home/airflow/.local/lib/python3.8/site-packages/airflow/example_dags/example_params_ui_tutorial.py for tasks to queue
[2023-11-16T09:45:50.401+0000] {logging_mixin.py:151} INFO - [2023-11-16T09:45:50.401+0000] {dagbag.py:536} INFO - Filling up the DagBag from /home/airflow/.local/lib/python3.8/site-packages/airflow/example_dags/example_params_ui_tutorial.py
[2023-11-16T09:45:50.424+0000] {processor.py:839} INFO - DAG(s) dict_keys(['example_params_ui_tutorial']) retrieved from /home/airflow/.local/lib/python3.8/site-packages/airflow/example_dags/example_params_ui_tutorial.py
[2023-11-16T09:45:50.458+0000] {logging_mixin.py:151} INFO - [2023-11-16T09:45:50.458+0000] {dag.py:2941} INFO - Sync 1 DAGs
[2023-11-16T09:45:50.466+0000] {logging_mixin.py:151} INFO - [2023-11-16T09:45:50.466+0000] {dag.py:3722} INFO - Setting next_dagrun for example_params_ui_tutorial to None, run_after=None
[2023-11-16T09:45:50.480+0000] {processor.py:179} INFO - Processing /home/airflow/.local/lib/python3.8/site-packages/airflow/example_dags/example_params_ui_tutorial.py took 0.084 seconds
[2023-11-16T09:46:20.518+0000] {processor.py:157} INFO - Started process (PID=6513) to work on /home/airflow/.local/lib/python3.8/site-packages/airflow/example_dags/example_params_ui_tutorial.py
[2023-11-16T09:46:20.519+0000] {processor.py:829} INFO - Processing file /home/airflow/.local/lib/python3.8/site-packages/airflow/example_dags/example_params_ui_tutorial.py for tasks to queue
[2023-11-16T09:46:20.520+0000] {logging_mixin.py:151} INFO - [2023-11-16T09:46:20.520+0000] {dagbag.py:536} INFO - Filling up the DagBag from /home/airflow/.local/lib/python3.8/site-packages/airflow/example_dags/example_params_ui_tutorial.py
[2023-11-16T09:46:20.542+0000] {processor.py:839} INFO - DAG(s) dict_keys(['example_params_ui_tutorial']) retrieved from /home/airflow/.local/lib/python3.8/site-packages/airflow/example_dags/example_params_ui_tutorial.py
[2023-11-16T09:46:20.586+0000] {logging_mixin.py:151} INFO - [2023-11-16T09:46:20.586+0000] {dag.py:2941} INFO - Sync 1 DAGs
[2023-11-16T09:46:20.595+0000] {logging_mixin.py:151} INFO - [2023-11-16T09:46:20.594+0000] {dag.py:3722} INFO - Setting next_dagrun for example_params_ui_tutorial to None, run_after=None
[2023-11-16T09:46:20.606+0000] {processor.py:179} INFO - Processing /home/airflow/.local/lib/python3.8/site-packages/airflow/example_dags/example_params_ui_tutorial.py took 0.091 seconds
[2023-11-16T09:46:50.630+0000] {processor.py:157} INFO - Started process (PID=6569) to work on /home/airflow/.local/lib/python3.8/site-packages/airflow/example_dags/example_params_ui_tutorial.py
[2023-11-16T09:46:50.633+0000] {processor.py:829} INFO - Processing file /home/airflow/.local/lib/python3.8/site-packages/airflow/example_dags/example_params_ui_tutorial.py for tasks to queue
[2023-11-16T09:46:50.634+0000] {logging_mixin.py:151} INFO - [2023-11-16T09:46:50.634+0000] {dagbag.py:536} INFO - Filling up the DagBag from /home/airflow/.local/lib/python3.8/site-packages/airflow/example_dags/example_params_ui_tutorial.py
[2023-11-16T09:46:50.656+0000] {processor.py:839} INFO - DAG(s) dict_keys(['example_params_ui_tutorial']) retrieved from /home/airflow/.local/lib/python3.8/site-packages/airflow/example_dags/example_params_ui_tutorial.py
[2023-11-16T09:46:50.697+0000] {logging_mixin.py:151} INFO - [2023-11-16T09:46:50.697+0000] {dag.py:2941} INFO - Sync 1 DAGs
[2023-11-16T09:46:50.705+0000] {logging_mixin.py:151} INFO - [2023-11-16T09:46:50.705+0000] {dag.py:3722} INFO - Setting next_dagrun for example_params_ui_tutorial to None, run_after=None
[2023-11-16T09:46:50.720+0000] {processor.py:179} INFO - Processing /home/airflow/.local/lib/python3.8/site-packages/airflow/example_dags/example_params_ui_tutorial.py took 0.093 seconds
[2023-11-16T09:47:20.770+0000] {processor.py:157} INFO - Started process (PID=6625) to work on /home/airflow/.local/lib/python3.8/site-packages/airflow/example_dags/example_params_ui_tutorial.py
[2023-11-16T09:47:20.773+0000] {processor.py:829} INFO - Processing file /home/airflow/.local/lib/python3.8/site-packages/airflow/example_dags/example_params_ui_tutorial.py for tasks to queue
[2023-11-16T09:47:20.775+0000] {logging_mixin.py:151} INFO - [2023-11-16T09:47:20.775+0000] {dagbag.py:536} INFO - Filling up the DagBag from /home/airflow/.local/lib/python3.8/site-packages/airflow/example_dags/example_params_ui_tutorial.py
[2023-11-16T09:47:20.797+0000] {processor.py:839} INFO - DAG(s) dict_keys(['example_params_ui_tutorial']) retrieved from /home/airflow/.local/lib/python3.8/site-packages/airflow/example_dags/example_params_ui_tutorial.py
[2023-11-16T09:47:20.836+0000] {logging_mixin.py:151} INFO - [2023-11-16T09:47:20.836+0000] {dag.py:2941} INFO - Sync 1 DAGs
[2023-11-16T09:47:20.844+0000] {logging_mixin.py:151} INFO - [2023-11-16T09:47:20.844+0000] {dag.py:3722} INFO - Setting next_dagrun for example_params_ui_tutorial to None, run_after=None
[2023-11-16T09:47:20.856+0000] {processor.py:179} INFO - Processing /home/airflow/.local/lib/python3.8/site-packages/airflow/example_dags/example_params_ui_tutorial.py took 0.089 seconds
[2023-11-16T09:47:50.898+0000] {processor.py:157} INFO - Started process (PID=6681) to work on /home/airflow/.local/lib/python3.8/site-packages/airflow/example_dags/example_params_ui_tutorial.py
[2023-11-16T09:47:50.900+0000] {processor.py:829} INFO - Processing file /home/airflow/.local/lib/python3.8/site-packages/airflow/example_dags/example_params_ui_tutorial.py for tasks to queue
[2023-11-16T09:47:50.902+0000] {logging_mixin.py:151} INFO - [2023-11-16T09:47:50.902+0000] {dagbag.py:536} INFO - Filling up the DagBag from /home/airflow/.local/lib/python3.8/site-packages/airflow/example_dags/example_params_ui_tutorial.py
[2023-11-16T09:47:50.924+0000] {processor.py:839} INFO - DAG(s) dict_keys(['example_params_ui_tutorial']) retrieved from /home/airflow/.local/lib/python3.8/site-packages/airflow/example_dags/example_params_ui_tutorial.py
[2023-11-16T09:47:50.966+0000] {logging_mixin.py:151} INFO - [2023-11-16T09:47:50.966+0000] {dag.py:2941} INFO - Sync 1 DAGs
[2023-11-16T09:47:50.974+0000] {logging_mixin.py:151} INFO - [2023-11-16T09:47:50.974+0000] {dag.py:3722} INFO - Setting next_dagrun for example_params_ui_tutorial to None, run_after=None
[2023-11-16T09:47:50.985+0000] {processor.py:179} INFO - Processing /home/airflow/.local/lib/python3.8/site-packages/airflow/example_dags/example_params_ui_tutorial.py took 0.091 seconds
[2023-11-16T09:48:21.007+0000] {processor.py:157} INFO - Started process (PID=6737) to work on /home/airflow/.local/lib/python3.8/site-packages/airflow/example_dags/example_params_ui_tutorial.py
[2023-11-16T09:48:21.007+0000] {processor.py:829} INFO - Processing file /home/airflow/.local/lib/python3.8/site-packages/airflow/example_dags/example_params_ui_tutorial.py for tasks to queue
[2023-11-16T09:48:21.009+0000] {logging_mixin.py:151} INFO - [2023-11-16T09:48:21.009+0000] {dagbag.py:536} INFO - Filling up the DagBag from /home/airflow/.local/lib/python3.8/site-packages/airflow/example_dags/example_params_ui_tutorial.py
[2023-11-16T09:48:21.038+0000] {processor.py:839} INFO - DAG(s) dict_keys(['example_params_ui_tutorial']) retrieved from /home/airflow/.local/lib/python3.8/site-packages/airflow/example_dags/example_params_ui_tutorial.py
[2023-11-16T09:48:21.082+0000] {logging_mixin.py:151} INFO - [2023-11-16T09:48:21.082+0000] {dag.py:2941} INFO - Sync 1 DAGs
[2023-11-16T09:48:21.090+0000] {logging_mixin.py:151} INFO - [2023-11-16T09:48:21.090+0000] {dag.py:3722} INFO - Setting next_dagrun for example_params_ui_tutorial to None, run_after=None
[2023-11-16T09:48:21.104+0000] {processor.py:179} INFO - Processing /home/airflow/.local/lib/python3.8/site-packages/airflow/example_dags/example_params_ui_tutorial.py took 0.101 seconds
[2023-11-16T09:48:51.130+0000] {processor.py:157} INFO - Started process (PID=6793) to work on /home/airflow/.local/lib/python3.8/site-packages/airflow/example_dags/example_params_ui_tutorial.py
[2023-11-16T09:48:51.133+0000] {processor.py:829} INFO - Processing file /home/airflow/.local/lib/python3.8/site-packages/airflow/example_dags/example_params_ui_tutorial.py for tasks to queue
[2023-11-16T09:48:51.134+0000] {logging_mixin.py:151} INFO - [2023-11-16T09:48:51.134+0000] {dagbag.py:536} INFO - Filling up the DagBag from /home/airflow/.local/lib/python3.8/site-packages/airflow/example_dags/example_params_ui_tutorial.py
[2023-11-16T09:48:51.156+0000] {processor.py:839} INFO - DAG(s) dict_keys(['example_params_ui_tutorial']) retrieved from /home/airflow/.local/lib/python3.8/site-packages/airflow/example_dags/example_params_ui_tutorial.py
[2023-11-16T09:48:51.195+0000] {logging_mixin.py:151} INFO - [2023-11-16T09:48:51.194+0000] {dag.py:2941} INFO - Sync 1 DAGs
[2023-11-16T09:48:51.202+0000] {logging_mixin.py:151} INFO - [2023-11-16T09:48:51.202+0000] {dag.py:3722} INFO - Setting next_dagrun for example_params_ui_tutorial to None, run_after=None
[2023-11-16T09:48:51.214+0000] {processor.py:179} INFO - Processing /home/airflow/.local/lib/python3.8/site-packages/airflow/example_dags/example_params_ui_tutorial.py took 0.087 seconds
[2023-11-16T09:49:21.246+0000] {processor.py:157} INFO - Started process (PID=6849) to work on /home/airflow/.local/lib/python3.8/site-packages/airflow/example_dags/example_params_ui_tutorial.py
[2023-11-16T09:49:21.247+0000] {processor.py:829} INFO - Processing file /home/airflow/.local/lib/python3.8/site-packages/airflow/example_dags/example_params_ui_tutorial.py for tasks to queue
[2023-11-16T09:49:21.248+0000] {logging_mixin.py:151} INFO - [2023-11-16T09:49:21.248+0000] {dagbag.py:536} INFO - Filling up the DagBag from /home/airflow/.local/lib/python3.8/site-packages/airflow/example_dags/example_params_ui_tutorial.py
[2023-11-16T09:49:21.281+0000] {processor.py:839} INFO - DAG(s) dict_keys(['example_params_ui_tutorial']) retrieved from /home/airflow/.local/lib/python3.8/site-packages/airflow/example_dags/example_params_ui_tutorial.py
[2023-11-16T09:49:21.323+0000] {logging_mixin.py:151} INFO - [2023-11-16T09:49:21.323+0000] {dag.py:2941} INFO - Sync 1 DAGs
[2023-11-16T09:49:21.331+0000] {logging_mixin.py:151} INFO - [2023-11-16T09:49:21.330+0000] {dag.py:3722} INFO - Setting next_dagrun for example_params_ui_tutorial to None, run_after=None
[2023-11-16T09:49:21.342+0000] {processor.py:179} INFO - Processing /home/airflow/.local/lib/python3.8/site-packages/airflow/example_dags/example_params_ui_tutorial.py took 0.098 seconds
[2023-11-16T09:49:51.387+0000] {processor.py:157} INFO - Started process (PID=6906) to work on /home/airflow/.local/lib/python3.8/site-packages/airflow/example_dags/example_params_ui_tutorial.py
[2023-11-16T09:49:51.388+0000] {processor.py:829} INFO - Processing file /home/airflow/.local/lib/python3.8/site-packages/airflow/example_dags/example_params_ui_tutorial.py for tasks to queue
[2023-11-16T09:49:51.389+0000] {logging_mixin.py:151} INFO - [2023-11-16T09:49:51.389+0000] {dagbag.py:536} INFO - Filling up the DagBag from /home/airflow/.local/lib/python3.8/site-packages/airflow/example_dags/example_params_ui_tutorial.py
[2023-11-16T09:49:51.423+0000] {processor.py:839} INFO - DAG(s) dict_keys(['example_params_ui_tutorial']) retrieved from /home/airflow/.local/lib/python3.8/site-packages/airflow/example_dags/example_params_ui_tutorial.py
[2023-11-16T09:49:51.473+0000] {logging_mixin.py:151} INFO - [2023-11-16T09:49:51.473+0000] {dag.py:2941} INFO - Sync 1 DAGs
[2023-11-16T09:49:51.481+0000] {logging_mixin.py:151} INFO - [2023-11-16T09:49:51.481+0000] {dag.py:3722} INFO - Setting next_dagrun for example_params_ui_tutorial to None, run_after=None
[2023-11-16T09:49:51.504+0000] {processor.py:179} INFO - Processing /home/airflow/.local/lib/python3.8/site-packages/airflow/example_dags/example_params_ui_tutorial.py took 0.120 seconds
[2023-11-16T09:50:21.563+0000] {processor.py:157} INFO - Started process (PID=6963) to work on /home/airflow/.local/lib/python3.8/site-packages/airflow/example_dags/example_params_ui_tutorial.py
[2023-11-16T09:50:21.563+0000] {processor.py:829} INFO - Processing file /home/airflow/.local/lib/python3.8/site-packages/airflow/example_dags/example_params_ui_tutorial.py for tasks to queue
[2023-11-16T09:50:21.565+0000] {logging_mixin.py:151} INFO - [2023-11-16T09:50:21.564+0000] {dagbag.py:536} INFO - Filling up the DagBag from /home/airflow/.local/lib/python3.8/site-packages/airflow/example_dags/example_params_ui_tutorial.py
[2023-11-16T09:50:21.586+0000] {processor.py:839} INFO - DAG(s) dict_keys(['example_params_ui_tutorial']) retrieved from /home/airflow/.local/lib/python3.8/site-packages/airflow/example_dags/example_params_ui_tutorial.py
[2023-11-16T09:50:21.619+0000] {logging_mixin.py:151} INFO - [2023-11-16T09:50:21.619+0000] {dag.py:2941} INFO - Sync 1 DAGs
[2023-11-16T09:50:21.630+0000] {logging_mixin.py:151} INFO - [2023-11-16T09:50:21.630+0000] {dag.py:3722} INFO - Setting next_dagrun for example_params_ui_tutorial to None, run_after=None
[2023-11-16T09:50:21.641+0000] {processor.py:179} INFO - Processing /home/airflow/.local/lib/python3.8/site-packages/airflow/example_dags/example_params_ui_tutorial.py took 0.080 seconds
[2023-11-16T09:50:51.733+0000] {processor.py:157} INFO - Started process (PID=7017) to work on /home/airflow/.local/lib/python3.8/site-packages/airflow/example_dags/example_params_ui_tutorial.py
[2023-11-16T09:50:51.733+0000] {processor.py:829} INFO - Processing file /home/airflow/.local/lib/python3.8/site-packages/airflow/example_dags/example_params_ui_tutorial.py for tasks to queue
[2023-11-16T09:50:51.735+0000] {logging_mixin.py:151} INFO - [2023-11-16T09:50:51.735+0000] {dagbag.py:536} INFO - Filling up the DagBag from /home/airflow/.local/lib/python3.8/site-packages/airflow/example_dags/example_params_ui_tutorial.py
[2023-11-16T09:50:51.766+0000] {processor.py:839} INFO - DAG(s) dict_keys(['example_params_ui_tutorial']) retrieved from /home/airflow/.local/lib/python3.8/site-packages/airflow/example_dags/example_params_ui_tutorial.py
[2023-11-16T09:50:51.813+0000] {logging_mixin.py:151} INFO - [2023-11-16T09:50:51.812+0000] {dag.py:2941} INFO - Sync 1 DAGs
[2023-11-16T09:50:51.824+0000] {logging_mixin.py:151} INFO - [2023-11-16T09:50:51.823+0000] {dag.py:3722} INFO - Setting next_dagrun for example_params_ui_tutorial to None, run_after=None
[2023-11-16T09:50:51.838+0000] {processor.py:179} INFO - Processing /home/airflow/.local/lib/python3.8/site-packages/airflow/example_dags/example_params_ui_tutorial.py took 0.108 seconds
[2023-11-16T09:51:21.858+0000] {processor.py:157} INFO - Started process (PID=7074) to work on /home/airflow/.local/lib/python3.8/site-packages/airflow/example_dags/example_params_ui_tutorial.py
[2023-11-16T09:51:21.859+0000] {processor.py:829} INFO - Processing file /home/airflow/.local/lib/python3.8/site-packages/airflow/example_dags/example_params_ui_tutorial.py for tasks to queue
[2023-11-16T09:51:21.861+0000] {logging_mixin.py:151} INFO - [2023-11-16T09:51:21.861+0000] {dagbag.py:536} INFO - Filling up the DagBag from /home/airflow/.local/lib/python3.8/site-packages/airflow/example_dags/example_params_ui_tutorial.py
[2023-11-16T09:51:21.897+0000] {processor.py:839} INFO - DAG(s) dict_keys(['example_params_ui_tutorial']) retrieved from /home/airflow/.local/lib/python3.8/site-packages/airflow/example_dags/example_params_ui_tutorial.py
[2023-11-16T09:51:21.952+0000] {logging_mixin.py:151} INFO - [2023-11-16T09:51:21.951+0000] {dag.py:2941} INFO - Sync 1 DAGs
[2023-11-16T09:51:21.963+0000] {logging_mixin.py:151} INFO - [2023-11-16T09:51:21.963+0000] {dag.py:3722} INFO - Setting next_dagrun for example_params_ui_tutorial to None, run_after=None
[2023-11-16T09:51:21.979+0000] {processor.py:179} INFO - Processing /home/airflow/.local/lib/python3.8/site-packages/airflow/example_dags/example_params_ui_tutorial.py took 0.124 seconds
[2023-11-16T09:51:52.007+0000] {processor.py:157} INFO - Started process (PID=7129) to work on /home/airflow/.local/lib/python3.8/site-packages/airflow/example_dags/example_params_ui_tutorial.py
[2023-11-16T09:51:52.009+0000] {processor.py:829} INFO - Processing file /home/airflow/.local/lib/python3.8/site-packages/airflow/example_dags/example_params_ui_tutorial.py for tasks to queue
[2023-11-16T09:51:52.011+0000] {logging_mixin.py:151} INFO - [2023-11-16T09:51:52.011+0000] {dagbag.py:536} INFO - Filling up the DagBag from /home/airflow/.local/lib/python3.8/site-packages/airflow/example_dags/example_params_ui_tutorial.py
[2023-11-16T09:51:52.040+0000] {processor.py:839} INFO - DAG(s) dict_keys(['example_params_ui_tutorial']) retrieved from /home/airflow/.local/lib/python3.8/site-packages/airflow/example_dags/example_params_ui_tutorial.py
[2023-11-16T09:51:52.078+0000] {logging_mixin.py:151} INFO - [2023-11-16T09:51:52.078+0000] {dag.py:2941} INFO - Sync 1 DAGs
[2023-11-16T09:51:52.086+0000] {logging_mixin.py:151} INFO - [2023-11-16T09:51:52.086+0000] {dag.py:3722} INFO - Setting next_dagrun for example_params_ui_tutorial to None, run_after=None
[2023-11-16T09:51:52.097+0000] {processor.py:179} INFO - Processing /home/airflow/.local/lib/python3.8/site-packages/airflow/example_dags/example_params_ui_tutorial.py took 0.094 seconds
[2023-11-16T09:52:22.146+0000] {processor.py:157} INFO - Started process (PID=7186) to work on /home/airflow/.local/lib/python3.8/site-packages/airflow/example_dags/example_params_ui_tutorial.py
[2023-11-16T09:52:22.146+0000] {processor.py:829} INFO - Processing file /home/airflow/.local/lib/python3.8/site-packages/airflow/example_dags/example_params_ui_tutorial.py for tasks to queue
[2023-11-16T09:52:22.147+0000] {logging_mixin.py:151} INFO - [2023-11-16T09:52:22.147+0000] {dagbag.py:536} INFO - Filling up the DagBag from /home/airflow/.local/lib/python3.8/site-packages/airflow/example_dags/example_params_ui_tutorial.py
[2023-11-16T09:52:22.170+0000] {processor.py:839} INFO - DAG(s) dict_keys(['example_params_ui_tutorial']) retrieved from /home/airflow/.local/lib/python3.8/site-packages/airflow/example_dags/example_params_ui_tutorial.py
[2023-11-16T09:52:22.203+0000] {logging_mixin.py:151} INFO - [2023-11-16T09:52:22.203+0000] {dag.py:2941} INFO - Sync 1 DAGs
[2023-11-16T09:52:22.211+0000] {logging_mixin.py:151} INFO - [2023-11-16T09:52:22.211+0000] {dag.py:3722} INFO - Setting next_dagrun for example_params_ui_tutorial to None, run_after=None
[2023-11-16T09:52:22.222+0000] {processor.py:179} INFO - Processing /home/airflow/.local/lib/python3.8/site-packages/airflow/example_dags/example_params_ui_tutorial.py took 0.078 seconds
[2023-11-16T09:52:52.910+0000] {processor.py:157} INFO - Started process (PID=7242) to work on /home/airflow/.local/lib/python3.8/site-packages/airflow/example_dags/example_params_ui_tutorial.py
[2023-11-16T09:52:52.910+0000] {processor.py:829} INFO - Processing file /home/airflow/.local/lib/python3.8/site-packages/airflow/example_dags/example_params_ui_tutorial.py for tasks to queue
[2023-11-16T09:52:52.912+0000] {logging_mixin.py:151} INFO - [2023-11-16T09:52:52.912+0000] {dagbag.py:536} INFO - Filling up the DagBag from /home/airflow/.local/lib/python3.8/site-packages/airflow/example_dags/example_params_ui_tutorial.py
[2023-11-16T09:52:52.948+0000] {processor.py:839} INFO - DAG(s) dict_keys(['example_params_ui_tutorial']) retrieved from /home/airflow/.local/lib/python3.8/site-packages/airflow/example_dags/example_params_ui_tutorial.py
[2023-11-16T09:52:52.993+0000] {logging_mixin.py:151} INFO - [2023-11-16T09:52:52.993+0000] {dag.py:2941} INFO - Sync 1 DAGs
[2023-11-16T09:52:53.004+0000] {logging_mixin.py:151} INFO - [2023-11-16T09:52:53.004+0000] {dag.py:3722} INFO - Setting next_dagrun for example_params_ui_tutorial to None, run_after=None
[2023-11-16T09:52:53.019+0000] {processor.py:179} INFO - Processing /home/airflow/.local/lib/python3.8/site-packages/airflow/example_dags/example_params_ui_tutorial.py took 0.112 seconds
[2023-11-16T09:53:23.660+0000] {processor.py:157} INFO - Started process (PID=7298) to work on /home/airflow/.local/lib/python3.8/site-packages/airflow/example_dags/example_params_ui_tutorial.py
[2023-11-16T09:53:23.662+0000] {processor.py:829} INFO - Processing file /home/airflow/.local/lib/python3.8/site-packages/airflow/example_dags/example_params_ui_tutorial.py for tasks to queue
[2023-11-16T09:53:23.664+0000] {logging_mixin.py:151} INFO - [2023-11-16T09:53:23.663+0000] {dagbag.py:536} INFO - Filling up the DagBag from /home/airflow/.local/lib/python3.8/site-packages/airflow/example_dags/example_params_ui_tutorial.py
[2023-11-16T09:53:23.693+0000] {processor.py:839} INFO - DAG(s) dict_keys(['example_params_ui_tutorial']) retrieved from /home/airflow/.local/lib/python3.8/site-packages/airflow/example_dags/example_params_ui_tutorial.py
[2023-11-16T09:53:23.734+0000] {logging_mixin.py:151} INFO - [2023-11-16T09:53:23.734+0000] {dag.py:2941} INFO - Sync 1 DAGs
[2023-11-16T09:53:23.742+0000] {logging_mixin.py:151} INFO - [2023-11-16T09:53:23.742+0000] {dag.py:3722} INFO - Setting next_dagrun for example_params_ui_tutorial to None, run_after=None
[2023-11-16T09:53:23.755+0000] {processor.py:179} INFO - Processing /home/airflow/.local/lib/python3.8/site-packages/airflow/example_dags/example_params_ui_tutorial.py took 0.098 seconds
[2023-11-16T09:53:53.781+0000] {processor.py:157} INFO - Started process (PID=7353) to work on /home/airflow/.local/lib/python3.8/site-packages/airflow/example_dags/example_params_ui_tutorial.py
[2023-11-16T09:53:53.781+0000] {processor.py:829} INFO - Processing file /home/airflow/.local/lib/python3.8/site-packages/airflow/example_dags/example_params_ui_tutorial.py for tasks to queue
[2023-11-16T09:53:53.783+0000] {logging_mixin.py:151} INFO - [2023-11-16T09:53:53.782+0000] {dagbag.py:536} INFO - Filling up the DagBag from /home/airflow/.local/lib/python3.8/site-packages/airflow/example_dags/example_params_ui_tutorial.py
[2023-11-16T09:53:53.804+0000] {processor.py:839} INFO - DAG(s) dict_keys(['example_params_ui_tutorial']) retrieved from /home/airflow/.local/lib/python3.8/site-packages/airflow/example_dags/example_params_ui_tutorial.py
[2023-11-16T09:53:53.838+0000] {logging_mixin.py:151} INFO - [2023-11-16T09:53:53.837+0000] {dag.py:2941} INFO - Sync 1 DAGs
[2023-11-16T09:53:53.845+0000] {logging_mixin.py:151} INFO - [2023-11-16T09:53:53.845+0000] {dag.py:3722} INFO - Setting next_dagrun for example_params_ui_tutorial to None, run_after=None
[2023-11-16T09:53:53.857+0000] {processor.py:179} INFO - Processing /home/airflow/.local/lib/python3.8/site-packages/airflow/example_dags/example_params_ui_tutorial.py took 0.078 seconds
[2023-11-16T09:54:23.916+0000] {processor.py:157} INFO - Started process (PID=7409) to work on /home/airflow/.local/lib/python3.8/site-packages/airflow/example_dags/example_params_ui_tutorial.py
[2023-11-16T09:54:23.916+0000] {processor.py:829} INFO - Processing file /home/airflow/.local/lib/python3.8/site-packages/airflow/example_dags/example_params_ui_tutorial.py for tasks to queue
[2023-11-16T09:54:23.918+0000] {logging_mixin.py:151} INFO - [2023-11-16T09:54:23.917+0000] {dagbag.py:536} INFO - Filling up the DagBag from /home/airflow/.local/lib/python3.8/site-packages/airflow/example_dags/example_params_ui_tutorial.py
[2023-11-16T09:54:23.940+0000] {processor.py:839} INFO - DAG(s) dict_keys(['example_params_ui_tutorial']) retrieved from /home/airflow/.local/lib/python3.8/site-packages/airflow/example_dags/example_params_ui_tutorial.py
[2023-11-16T09:54:23.983+0000] {logging_mixin.py:151} INFO - [2023-11-16T09:54:23.983+0000] {dag.py:2941} INFO - Sync 1 DAGs
[2023-11-16T09:54:23.991+0000] {logging_mixin.py:151} INFO - [2023-11-16T09:54:23.991+0000] {dag.py:3722} INFO - Setting next_dagrun for example_params_ui_tutorial to None, run_after=None
[2023-11-16T09:54:24.004+0000] {processor.py:179} INFO - Processing /home/airflow/.local/lib/python3.8/site-packages/airflow/example_dags/example_params_ui_tutorial.py took 0.091 seconds
[2023-11-16T09:54:54.085+0000] {processor.py:157} INFO - Started process (PID=7466) to work on /home/airflow/.local/lib/python3.8/site-packages/airflow/example_dags/example_params_ui_tutorial.py
[2023-11-16T09:54:54.091+0000] {processor.py:829} INFO - Processing file /home/airflow/.local/lib/python3.8/site-packages/airflow/example_dags/example_params_ui_tutorial.py for tasks to queue
[2023-11-16T09:54:54.092+0000] {logging_mixin.py:151} INFO - [2023-11-16T09:54:54.092+0000] {dagbag.py:536} INFO - Filling up the DagBag from /home/airflow/.local/lib/python3.8/site-packages/airflow/example_dags/example_params_ui_tutorial.py
[2023-11-16T09:54:54.118+0000] {processor.py:839} INFO - DAG(s) dict_keys(['example_params_ui_tutorial']) retrieved from /home/airflow/.local/lib/python3.8/site-packages/airflow/example_dags/example_params_ui_tutorial.py
[2023-11-16T09:54:54.153+0000] {logging_mixin.py:151} INFO - [2023-11-16T09:54:54.153+0000] {dag.py:2941} INFO - Sync 1 DAGs
[2023-11-16T09:54:54.160+0000] {logging_mixin.py:151} INFO - [2023-11-16T09:54:54.160+0000] {dag.py:3722} INFO - Setting next_dagrun for example_params_ui_tutorial to None, run_after=None
[2023-11-16T09:54:54.172+0000] {processor.py:179} INFO - Processing /home/airflow/.local/lib/python3.8/site-packages/airflow/example_dags/example_params_ui_tutorial.py took 0.088 seconds
[2023-11-16T09:55:24.221+0000] {processor.py:157} INFO - Started process (PID=7523) to work on /home/airflow/.local/lib/python3.8/site-packages/airflow/example_dags/example_params_ui_tutorial.py
[2023-11-16T09:55:24.221+0000] {processor.py:829} INFO - Processing file /home/airflow/.local/lib/python3.8/site-packages/airflow/example_dags/example_params_ui_tutorial.py for tasks to queue
[2023-11-16T09:55:24.222+0000] {logging_mixin.py:151} INFO - [2023-11-16T09:55:24.222+0000] {dagbag.py:536} INFO - Filling up the DagBag from /home/airflow/.local/lib/python3.8/site-packages/airflow/example_dags/example_params_ui_tutorial.py
[2023-11-16T09:55:24.251+0000] {processor.py:839} INFO - DAG(s) dict_keys(['example_params_ui_tutorial']) retrieved from /home/airflow/.local/lib/python3.8/site-packages/airflow/example_dags/example_params_ui_tutorial.py
[2023-11-16T09:55:24.297+0000] {logging_mixin.py:151} INFO - [2023-11-16T09:55:24.297+0000] {dag.py:2941} INFO - Sync 1 DAGs
[2023-11-16T09:55:24.305+0000] {logging_mixin.py:151} INFO - [2023-11-16T09:55:24.305+0000] {dag.py:3722} INFO - Setting next_dagrun for example_params_ui_tutorial to None, run_after=None
[2023-11-16T09:55:24.318+0000] {processor.py:179} INFO - Processing /home/airflow/.local/lib/python3.8/site-packages/airflow/example_dags/example_params_ui_tutorial.py took 0.099 seconds
[2023-11-16T09:55:55.292+0000] {processor.py:157} INFO - Started process (PID=7579) to work on /home/airflow/.local/lib/python3.8/site-packages/airflow/example_dags/example_params_ui_tutorial.py
[2023-11-16T09:55:55.292+0000] {processor.py:829} INFO - Processing file /home/airflow/.local/lib/python3.8/site-packages/airflow/example_dags/example_params_ui_tutorial.py for tasks to queue
[2023-11-16T09:55:55.294+0000] {logging_mixin.py:151} INFO - [2023-11-16T09:55:55.294+0000] {dagbag.py:536} INFO - Filling up the DagBag from /home/airflow/.local/lib/python3.8/site-packages/airflow/example_dags/example_params_ui_tutorial.py
[2023-11-16T09:55:55.323+0000] {processor.py:839} INFO - DAG(s) dict_keys(['example_params_ui_tutorial']) retrieved from /home/airflow/.local/lib/python3.8/site-packages/airflow/example_dags/example_params_ui_tutorial.py
[2023-11-16T09:55:55.366+0000] {logging_mixin.py:151} INFO - [2023-11-16T09:55:55.366+0000] {dag.py:2941} INFO - Sync 1 DAGs
[2023-11-16T09:55:55.375+0000] {logging_mixin.py:151} INFO - [2023-11-16T09:55:55.374+0000] {dag.py:3722} INFO - Setting next_dagrun for example_params_ui_tutorial to None, run_after=None
[2023-11-16T09:55:55.386+0000] {processor.py:179} INFO - Processing /home/airflow/.local/lib/python3.8/site-packages/airflow/example_dags/example_params_ui_tutorial.py took 0.097 seconds
[2023-11-16T09:56:25.421+0000] {processor.py:157} INFO - Started process (PID=7635) to work on /home/airflow/.local/lib/python3.8/site-packages/airflow/example_dags/example_params_ui_tutorial.py
[2023-11-16T09:56:25.423+0000] {processor.py:829} INFO - Processing file /home/airflow/.local/lib/python3.8/site-packages/airflow/example_dags/example_params_ui_tutorial.py for tasks to queue
[2023-11-16T09:56:25.425+0000] {logging_mixin.py:151} INFO - [2023-11-16T09:56:25.424+0000] {dagbag.py:536} INFO - Filling up the DagBag from /home/airflow/.local/lib/python3.8/site-packages/airflow/example_dags/example_params_ui_tutorial.py
[2023-11-16T09:56:25.453+0000] {processor.py:839} INFO - DAG(s) dict_keys(['example_params_ui_tutorial']) retrieved from /home/airflow/.local/lib/python3.8/site-packages/airflow/example_dags/example_params_ui_tutorial.py
[2023-11-16T09:56:25.499+0000] {logging_mixin.py:151} INFO - [2023-11-16T09:56:25.499+0000] {dag.py:2941} INFO - Sync 1 DAGs
[2023-11-16T09:56:25.512+0000] {logging_mixin.py:151} INFO - [2023-11-16T09:56:25.512+0000] {dag.py:3722} INFO - Setting next_dagrun for example_params_ui_tutorial to None, run_after=None
[2023-11-16T09:56:25.525+0000] {processor.py:179} INFO - Processing /home/airflow/.local/lib/python3.8/site-packages/airflow/example_dags/example_params_ui_tutorial.py took 0.108 seconds
[2023-11-16T09:56:55.820+0000] {processor.py:157} INFO - Started process (PID=7691) to work on /home/airflow/.local/lib/python3.8/site-packages/airflow/example_dags/example_params_ui_tutorial.py
[2023-11-16T09:56:55.820+0000] {processor.py:829} INFO - Processing file /home/airflow/.local/lib/python3.8/site-packages/airflow/example_dags/example_params_ui_tutorial.py for tasks to queue
[2023-11-16T09:56:55.822+0000] {logging_mixin.py:151} INFO - [2023-11-16T09:56:55.821+0000] {dagbag.py:536} INFO - Filling up the DagBag from /home/airflow/.local/lib/python3.8/site-packages/airflow/example_dags/example_params_ui_tutorial.py
[2023-11-16T09:56:55.852+0000] {processor.py:839} INFO - DAG(s) dict_keys(['example_params_ui_tutorial']) retrieved from /home/airflow/.local/lib/python3.8/site-packages/airflow/example_dags/example_params_ui_tutorial.py
[2023-11-16T09:56:55.898+0000] {logging_mixin.py:151} INFO - [2023-11-16T09:56:55.898+0000] {dag.py:2941} INFO - Sync 1 DAGs
[2023-11-16T09:56:55.908+0000] {logging_mixin.py:151} INFO - [2023-11-16T09:56:55.908+0000] {dag.py:3722} INFO - Setting next_dagrun for example_params_ui_tutorial to None, run_after=None
[2023-11-16T09:56:55.921+0000] {processor.py:179} INFO - Processing /home/airflow/.local/lib/python3.8/site-packages/airflow/example_dags/example_params_ui_tutorial.py took 0.104 seconds
[2023-11-16T09:57:25.971+0000] {processor.py:157} INFO - Started process (PID=7748) to work on /home/airflow/.local/lib/python3.8/site-packages/airflow/example_dags/example_params_ui_tutorial.py
[2023-11-16T09:57:25.972+0000] {processor.py:829} INFO - Processing file /home/airflow/.local/lib/python3.8/site-packages/airflow/example_dags/example_params_ui_tutorial.py for tasks to queue
[2023-11-16T09:57:25.973+0000] {logging_mixin.py:151} INFO - [2023-11-16T09:57:25.973+0000] {dagbag.py:536} INFO - Filling up the DagBag from /home/airflow/.local/lib/python3.8/site-packages/airflow/example_dags/example_params_ui_tutorial.py
[2023-11-16T09:57:26.002+0000] {processor.py:839} INFO - DAG(s) dict_keys(['example_params_ui_tutorial']) retrieved from /home/airflow/.local/lib/python3.8/site-packages/airflow/example_dags/example_params_ui_tutorial.py
[2023-11-16T09:57:26.048+0000] {logging_mixin.py:151} INFO - [2023-11-16T09:57:26.048+0000] {dag.py:2941} INFO - Sync 1 DAGs
[2023-11-16T09:57:26.056+0000] {logging_mixin.py:151} INFO - [2023-11-16T09:57:26.056+0000] {dag.py:3722} INFO - Setting next_dagrun for example_params_ui_tutorial to None, run_after=None
[2023-11-16T09:57:26.067+0000] {processor.py:179} INFO - Processing /home/airflow/.local/lib/python3.8/site-packages/airflow/example_dags/example_params_ui_tutorial.py took 0.098 seconds
[2023-11-16T09:57:56.083+0000] {processor.py:157} INFO - Started process (PID=7805) to work on /home/airflow/.local/lib/python3.8/site-packages/airflow/example_dags/example_params_ui_tutorial.py
[2023-11-16T09:57:56.083+0000] {processor.py:829} INFO - Processing file /home/airflow/.local/lib/python3.8/site-packages/airflow/example_dags/example_params_ui_tutorial.py for tasks to queue
[2023-11-16T09:57:56.085+0000] {logging_mixin.py:151} INFO - [2023-11-16T09:57:56.084+0000] {dagbag.py:536} INFO - Filling up the DagBag from /home/airflow/.local/lib/python3.8/site-packages/airflow/example_dags/example_params_ui_tutorial.py
[2023-11-16T09:57:56.108+0000] {processor.py:839} INFO - DAG(s) dict_keys(['example_params_ui_tutorial']) retrieved from /home/airflow/.local/lib/python3.8/site-packages/airflow/example_dags/example_params_ui_tutorial.py
[2023-11-16T09:57:56.152+0000] {logging_mixin.py:151} INFO - [2023-11-16T09:57:56.152+0000] {dag.py:2941} INFO - Sync 1 DAGs
[2023-11-16T09:57:56.164+0000] {logging_mixin.py:151} INFO - [2023-11-16T09:57:56.164+0000] {dag.py:3722} INFO - Setting next_dagrun for example_params_ui_tutorial to None, run_after=None
[2023-11-16T09:57:56.180+0000] {processor.py:179} INFO - Processing /home/airflow/.local/lib/python3.8/site-packages/airflow/example_dags/example_params_ui_tutorial.py took 0.099 seconds
[2023-11-16T09:58:26.267+0000] {processor.py:157} INFO - Started process (PID=7861) to work on /home/airflow/.local/lib/python3.8/site-packages/airflow/example_dags/example_params_ui_tutorial.py
[2023-11-16T09:58:26.268+0000] {processor.py:829} INFO - Processing file /home/airflow/.local/lib/python3.8/site-packages/airflow/example_dags/example_params_ui_tutorial.py for tasks to queue
[2023-11-16T09:58:26.269+0000] {logging_mixin.py:151} INFO - [2023-11-16T09:58:26.269+0000] {dagbag.py:536} INFO - Filling up the DagBag from /home/airflow/.local/lib/python3.8/site-packages/airflow/example_dags/example_params_ui_tutorial.py
[2023-11-16T09:58:26.291+0000] {processor.py:839} INFO - DAG(s) dict_keys(['example_params_ui_tutorial']) retrieved from /home/airflow/.local/lib/python3.8/site-packages/airflow/example_dags/example_params_ui_tutorial.py
[2023-11-16T09:58:26.325+0000] {logging_mixin.py:151} INFO - [2023-11-16T09:58:26.325+0000] {dag.py:2941} INFO - Sync 1 DAGs
[2023-11-16T09:58:26.333+0000] {logging_mixin.py:151} INFO - [2023-11-16T09:58:26.333+0000] {dag.py:3722} INFO - Setting next_dagrun for example_params_ui_tutorial to None, run_after=None
[2023-11-16T09:58:26.343+0000] {processor.py:179} INFO - Processing /home/airflow/.local/lib/python3.8/site-packages/airflow/example_dags/example_params_ui_tutorial.py took 0.079 seconds
[2023-11-16T09:58:56.386+0000] {processor.py:157} INFO - Started process (PID=7917) to work on /home/airflow/.local/lib/python3.8/site-packages/airflow/example_dags/example_params_ui_tutorial.py
[2023-11-16T09:58:56.386+0000] {processor.py:829} INFO - Processing file /home/airflow/.local/lib/python3.8/site-packages/airflow/example_dags/example_params_ui_tutorial.py for tasks to queue
[2023-11-16T09:58:56.387+0000] {logging_mixin.py:151} INFO - [2023-11-16T09:58:56.387+0000] {dagbag.py:536} INFO - Filling up the DagBag from /home/airflow/.local/lib/python3.8/site-packages/airflow/example_dags/example_params_ui_tutorial.py
[2023-11-16T09:58:56.410+0000] {processor.py:839} INFO - DAG(s) dict_keys(['example_params_ui_tutorial']) retrieved from /home/airflow/.local/lib/python3.8/site-packages/airflow/example_dags/example_params_ui_tutorial.py
[2023-11-16T09:58:56.444+0000] {logging_mixin.py:151} INFO - [2023-11-16T09:58:56.444+0000] {dag.py:2941} INFO - Sync 1 DAGs
[2023-11-16T09:58:56.452+0000] {logging_mixin.py:151} INFO - [2023-11-16T09:58:56.452+0000] {dag.py:3722} INFO - Setting next_dagrun for example_params_ui_tutorial to None, run_after=None
[2023-11-16T09:58:56.463+0000] {processor.py:179} INFO - Processing /home/airflow/.local/lib/python3.8/site-packages/airflow/example_dags/example_params_ui_tutorial.py took 0.080 seconds
[2023-11-16T09:59:26.542+0000] {processor.py:157} INFO - Started process (PID=7973) to work on /home/airflow/.local/lib/python3.8/site-packages/airflow/example_dags/example_params_ui_tutorial.py
[2023-11-16T09:59:26.542+0000] {processor.py:829} INFO - Processing file /home/airflow/.local/lib/python3.8/site-packages/airflow/example_dags/example_params_ui_tutorial.py for tasks to queue
[2023-11-16T09:59:26.544+0000] {logging_mixin.py:151} INFO - [2023-11-16T09:59:26.544+0000] {dagbag.py:536} INFO - Filling up the DagBag from /home/airflow/.local/lib/python3.8/site-packages/airflow/example_dags/example_params_ui_tutorial.py
[2023-11-16T09:59:26.568+0000] {processor.py:839} INFO - DAG(s) dict_keys(['example_params_ui_tutorial']) retrieved from /home/airflow/.local/lib/python3.8/site-packages/airflow/example_dags/example_params_ui_tutorial.py
[2023-11-16T09:59:26.605+0000] {logging_mixin.py:151} INFO - [2023-11-16T09:59:26.604+0000] {dag.py:2941} INFO - Sync 1 DAGs
[2023-11-16T09:59:26.612+0000] {logging_mixin.py:151} INFO - [2023-11-16T09:59:26.612+0000] {dag.py:3722} INFO - Setting next_dagrun for example_params_ui_tutorial to None, run_after=None
[2023-11-16T09:59:26.624+0000] {processor.py:179} INFO - Processing /home/airflow/.local/lib/python3.8/site-packages/airflow/example_dags/example_params_ui_tutorial.py took 0.084 seconds
[2023-11-16T09:59:56.648+0000] {processor.py:157} INFO - Started process (PID=8030) to work on /home/airflow/.local/lib/python3.8/site-packages/airflow/example_dags/example_params_ui_tutorial.py
[2023-11-16T09:59:56.649+0000] {processor.py:829} INFO - Processing file /home/airflow/.local/lib/python3.8/site-packages/airflow/example_dags/example_params_ui_tutorial.py for tasks to queue
[2023-11-16T09:59:56.650+0000] {logging_mixin.py:151} INFO - [2023-11-16T09:59:56.650+0000] {dagbag.py:536} INFO - Filling up the DagBag from /home/airflow/.local/lib/python3.8/site-packages/airflow/example_dags/example_params_ui_tutorial.py
[2023-11-16T09:59:56.675+0000] {processor.py:839} INFO - DAG(s) dict_keys(['example_params_ui_tutorial']) retrieved from /home/airflow/.local/lib/python3.8/site-packages/airflow/example_dags/example_params_ui_tutorial.py
[2023-11-16T09:59:56.708+0000] {logging_mixin.py:151} INFO - [2023-11-16T09:59:56.708+0000] {dag.py:2941} INFO - Sync 1 DAGs
[2023-11-16T09:59:56.716+0000] {logging_mixin.py:151} INFO - [2023-11-16T09:59:56.716+0000] {dag.py:3722} INFO - Setting next_dagrun for example_params_ui_tutorial to None, run_after=None
[2023-11-16T09:59:56.729+0000] {processor.py:179} INFO - Processing /home/airflow/.local/lib/python3.8/site-packages/airflow/example_dags/example_params_ui_tutorial.py took 0.083 seconds
[2023-11-16T10:00:27.627+0000] {processor.py:157} INFO - Started process (PID=8084) to work on /home/airflow/.local/lib/python3.8/site-packages/airflow/example_dags/example_params_ui_tutorial.py
[2023-11-16T10:00:27.630+0000] {processor.py:829} INFO - Processing file /home/airflow/.local/lib/python3.8/site-packages/airflow/example_dags/example_params_ui_tutorial.py for tasks to queue
[2023-11-16T10:00:27.631+0000] {logging_mixin.py:151} INFO - [2023-11-16T10:00:27.631+0000] {dagbag.py:536} INFO - Filling up the DagBag from /home/airflow/.local/lib/python3.8/site-packages/airflow/example_dags/example_params_ui_tutorial.py
[2023-11-16T10:00:27.659+0000] {processor.py:839} INFO - DAG(s) dict_keys(['example_params_ui_tutorial']) retrieved from /home/airflow/.local/lib/python3.8/site-packages/airflow/example_dags/example_params_ui_tutorial.py
[2023-11-16T10:00:27.707+0000] {logging_mixin.py:151} INFO - [2023-11-16T10:00:27.707+0000] {dag.py:2941} INFO - Sync 1 DAGs
[2023-11-16T10:00:27.717+0000] {logging_mixin.py:151} INFO - [2023-11-16T10:00:27.717+0000] {dag.py:3722} INFO - Setting next_dagrun for example_params_ui_tutorial to None, run_after=None
[2023-11-16T10:00:27.733+0000] {processor.py:179} INFO - Processing /home/airflow/.local/lib/python3.8/site-packages/airflow/example_dags/example_params_ui_tutorial.py took 0.109 seconds
[2023-11-16T10:00:57.753+0000] {processor.py:157} INFO - Started process (PID=8141) to work on /home/airflow/.local/lib/python3.8/site-packages/airflow/example_dags/example_params_ui_tutorial.py
[2023-11-16T10:00:57.753+0000] {processor.py:829} INFO - Processing file /home/airflow/.local/lib/python3.8/site-packages/airflow/example_dags/example_params_ui_tutorial.py for tasks to queue
[2023-11-16T10:00:57.755+0000] {logging_mixin.py:151} INFO - [2023-11-16T10:00:57.754+0000] {dagbag.py:536} INFO - Filling up the DagBag from /home/airflow/.local/lib/python3.8/site-packages/airflow/example_dags/example_params_ui_tutorial.py
[2023-11-16T10:00:57.782+0000] {processor.py:839} INFO - DAG(s) dict_keys(['example_params_ui_tutorial']) retrieved from /home/airflow/.local/lib/python3.8/site-packages/airflow/example_dags/example_params_ui_tutorial.py
[2023-11-16T10:00:57.827+0000] {logging_mixin.py:151} INFO - [2023-11-16T10:00:57.827+0000] {dag.py:2941} INFO - Sync 1 DAGs
[2023-11-16T10:00:57.837+0000] {logging_mixin.py:151} INFO - [2023-11-16T10:00:57.837+0000] {dag.py:3722} INFO - Setting next_dagrun for example_params_ui_tutorial to None, run_after=None
[2023-11-16T10:00:57.852+0000] {processor.py:179} INFO - Processing /home/airflow/.local/lib/python3.8/site-packages/airflow/example_dags/example_params_ui_tutorial.py took 0.101 seconds
[2023-11-16T10:01:28.096+0000] {processor.py:157} INFO - Started process (PID=8196) to work on /home/airflow/.local/lib/python3.8/site-packages/airflow/example_dags/example_params_ui_tutorial.py
[2023-11-16T10:01:28.099+0000] {processor.py:829} INFO - Processing file /home/airflow/.local/lib/python3.8/site-packages/airflow/example_dags/example_params_ui_tutorial.py for tasks to queue
[2023-11-16T10:01:28.100+0000] {logging_mixin.py:151} INFO - [2023-11-16T10:01:28.100+0000] {dagbag.py:536} INFO - Filling up the DagBag from /home/airflow/.local/lib/python3.8/site-packages/airflow/example_dags/example_params_ui_tutorial.py
[2023-11-16T10:01:28.125+0000] {processor.py:839} INFO - DAG(s) dict_keys(['example_params_ui_tutorial']) retrieved from /home/airflow/.local/lib/python3.8/site-packages/airflow/example_dags/example_params_ui_tutorial.py
[2023-11-16T10:01:28.170+0000] {logging_mixin.py:151} INFO - [2023-11-16T10:01:28.170+0000] {dag.py:2941} INFO - Sync 1 DAGs
[2023-11-16T10:01:28.181+0000] {logging_mixin.py:151} INFO - [2023-11-16T10:01:28.181+0000] {dag.py:3722} INFO - Setting next_dagrun for example_params_ui_tutorial to None, run_after=None
[2023-11-16T10:01:28.198+0000] {processor.py:179} INFO - Processing /home/airflow/.local/lib/python3.8/site-packages/airflow/example_dags/example_params_ui_tutorial.py took 0.105 seconds
[2023-11-16T10:01:58.500+0000] {processor.py:157} INFO - Started process (PID=8252) to work on /home/airflow/.local/lib/python3.8/site-packages/airflow/example_dags/example_params_ui_tutorial.py
[2023-11-16T10:01:58.501+0000] {processor.py:829} INFO - Processing file /home/airflow/.local/lib/python3.8/site-packages/airflow/example_dags/example_params_ui_tutorial.py for tasks to queue
[2023-11-16T10:01:58.502+0000] {logging_mixin.py:151} INFO - [2023-11-16T10:01:58.502+0000] {dagbag.py:536} INFO - Filling up the DagBag from /home/airflow/.local/lib/python3.8/site-packages/airflow/example_dags/example_params_ui_tutorial.py
[2023-11-16T10:01:58.531+0000] {processor.py:839} INFO - DAG(s) dict_keys(['example_params_ui_tutorial']) retrieved from /home/airflow/.local/lib/python3.8/site-packages/airflow/example_dags/example_params_ui_tutorial.py
[2023-11-16T10:01:58.569+0000] {logging_mixin.py:151} INFO - [2023-11-16T10:01:58.569+0000] {dag.py:2941} INFO - Sync 1 DAGs
[2023-11-16T10:01:58.579+0000] {logging_mixin.py:151} INFO - [2023-11-16T10:01:58.579+0000] {dag.py:3722} INFO - Setting next_dagrun for example_params_ui_tutorial to None, run_after=None
[2023-11-16T10:01:58.596+0000] {processor.py:179} INFO - Processing /home/airflow/.local/lib/python3.8/site-packages/airflow/example_dags/example_params_ui_tutorial.py took 0.098 seconds
[2023-11-16T10:02:28.726+0000] {processor.py:157} INFO - Started process (PID=8308) to work on /home/airflow/.local/lib/python3.8/site-packages/airflow/example_dags/example_params_ui_tutorial.py
[2023-11-16T10:02:28.729+0000] {processor.py:829} INFO - Processing file /home/airflow/.local/lib/python3.8/site-packages/airflow/example_dags/example_params_ui_tutorial.py for tasks to queue
[2023-11-16T10:02:28.732+0000] {logging_mixin.py:151} INFO - [2023-11-16T10:02:28.732+0000] {dagbag.py:536} INFO - Filling up the DagBag from /home/airflow/.local/lib/python3.8/site-packages/airflow/example_dags/example_params_ui_tutorial.py
[2023-11-16T10:02:28.767+0000] {processor.py:839} INFO - DAG(s) dict_keys(['example_params_ui_tutorial']) retrieved from /home/airflow/.local/lib/python3.8/site-packages/airflow/example_dags/example_params_ui_tutorial.py
[2023-11-16T10:02:28.817+0000] {logging_mixin.py:151} INFO - [2023-11-16T10:02:28.817+0000] {dag.py:2941} INFO - Sync 1 DAGs
[2023-11-16T10:02:28.830+0000] {logging_mixin.py:151} INFO - [2023-11-16T10:02:28.830+0000] {dag.py:3722} INFO - Setting next_dagrun for example_params_ui_tutorial to None, run_after=None
[2023-11-16T10:02:28.847+0000] {processor.py:179} INFO - Processing /home/airflow/.local/lib/python3.8/site-packages/airflow/example_dags/example_params_ui_tutorial.py took 0.123 seconds
[2023-11-16T10:02:58.956+0000] {processor.py:157} INFO - Started process (PID=8364) to work on /home/airflow/.local/lib/python3.8/site-packages/airflow/example_dags/example_params_ui_tutorial.py
[2023-11-16T10:02:58.956+0000] {processor.py:829} INFO - Processing file /home/airflow/.local/lib/python3.8/site-packages/airflow/example_dags/example_params_ui_tutorial.py for tasks to queue
[2023-11-16T10:02:58.958+0000] {logging_mixin.py:151} INFO - [2023-11-16T10:02:58.957+0000] {dagbag.py:536} INFO - Filling up the DagBag from /home/airflow/.local/lib/python3.8/site-packages/airflow/example_dags/example_params_ui_tutorial.py
[2023-11-16T10:02:58.991+0000] {processor.py:839} INFO - DAG(s) dict_keys(['example_params_ui_tutorial']) retrieved from /home/airflow/.local/lib/python3.8/site-packages/airflow/example_dags/example_params_ui_tutorial.py
[2023-11-16T10:02:59.042+0000] {logging_mixin.py:151} INFO - [2023-11-16T10:02:59.042+0000] {dag.py:2941} INFO - Sync 1 DAGs
[2023-11-16T10:02:59.054+0000] {logging_mixin.py:151} INFO - [2023-11-16T10:02:59.053+0000] {dag.py:3722} INFO - Setting next_dagrun for example_params_ui_tutorial to None, run_after=None
[2023-11-16T10:02:59.072+0000] {processor.py:179} INFO - Processing /home/airflow/.local/lib/python3.8/site-packages/airflow/example_dags/example_params_ui_tutorial.py took 0.119 seconds
[2023-11-16T10:03:29.307+0000] {processor.py:157} INFO - Started process (PID=8419) to work on /home/airflow/.local/lib/python3.8/site-packages/airflow/example_dags/example_params_ui_tutorial.py
[2023-11-16T10:03:29.308+0000] {processor.py:829} INFO - Processing file /home/airflow/.local/lib/python3.8/site-packages/airflow/example_dags/example_params_ui_tutorial.py for tasks to queue
[2023-11-16T10:03:29.310+0000] {logging_mixin.py:151} INFO - [2023-11-16T10:03:29.310+0000] {dagbag.py:536} INFO - Filling up the DagBag from /home/airflow/.local/lib/python3.8/site-packages/airflow/example_dags/example_params_ui_tutorial.py
[2023-11-16T10:03:29.334+0000] {processor.py:839} INFO - DAG(s) dict_keys(['example_params_ui_tutorial']) retrieved from /home/airflow/.local/lib/python3.8/site-packages/airflow/example_dags/example_params_ui_tutorial.py
[2023-11-16T10:03:29.375+0000] {logging_mixin.py:151} INFO - [2023-11-16T10:03:29.375+0000] {dag.py:2941} INFO - Sync 1 DAGs
[2023-11-16T10:03:29.385+0000] {logging_mixin.py:151} INFO - [2023-11-16T10:03:29.384+0000] {dag.py:3722} INFO - Setting next_dagrun for example_params_ui_tutorial to None, run_after=None
[2023-11-16T10:03:29.400+0000] {processor.py:179} INFO - Processing /home/airflow/.local/lib/python3.8/site-packages/airflow/example_dags/example_params_ui_tutorial.py took 0.095 seconds
[2023-11-16T10:03:59.635+0000] {processor.py:157} INFO - Started process (PID=8475) to work on /home/airflow/.local/lib/python3.8/site-packages/airflow/example_dags/example_params_ui_tutorial.py
[2023-11-16T10:03:59.638+0000] {processor.py:829} INFO - Processing file /home/airflow/.local/lib/python3.8/site-packages/airflow/example_dags/example_params_ui_tutorial.py for tasks to queue
[2023-11-16T10:03:59.640+0000] {logging_mixin.py:151} INFO - [2023-11-16T10:03:59.639+0000] {dagbag.py:536} INFO - Filling up the DagBag from /home/airflow/.local/lib/python3.8/site-packages/airflow/example_dags/example_params_ui_tutorial.py
[2023-11-16T10:03:59.669+0000] {processor.py:839} INFO - DAG(s) dict_keys(['example_params_ui_tutorial']) retrieved from /home/airflow/.local/lib/python3.8/site-packages/airflow/example_dags/example_params_ui_tutorial.py
[2023-11-16T10:03:59.719+0000] {logging_mixin.py:151} INFO - [2023-11-16T10:03:59.719+0000] {dag.py:2941} INFO - Sync 1 DAGs
[2023-11-16T10:03:59.730+0000] {logging_mixin.py:151} INFO - [2023-11-16T10:03:59.730+0000] {dag.py:3722} INFO - Setting next_dagrun for example_params_ui_tutorial to None, run_after=None
[2023-11-16T10:03:59.743+0000] {processor.py:179} INFO - Processing /home/airflow/.local/lib/python3.8/site-packages/airflow/example_dags/example_params_ui_tutorial.py took 0.110 seconds
[2023-11-16T10:04:30.438+0000] {processor.py:157} INFO - Started process (PID=8532) to work on /home/airflow/.local/lib/python3.8/site-packages/airflow/example_dags/example_params_ui_tutorial.py
[2023-11-16T10:04:30.440+0000] {processor.py:829} INFO - Processing file /home/airflow/.local/lib/python3.8/site-packages/airflow/example_dags/example_params_ui_tutorial.py for tasks to queue
[2023-11-16T10:04:30.442+0000] {logging_mixin.py:151} INFO - [2023-11-16T10:04:30.442+0000] {dagbag.py:536} INFO - Filling up the DagBag from /home/airflow/.local/lib/python3.8/site-packages/airflow/example_dags/example_params_ui_tutorial.py
[2023-11-16T10:04:30.474+0000] {processor.py:839} INFO - DAG(s) dict_keys(['example_params_ui_tutorial']) retrieved from /home/airflow/.local/lib/python3.8/site-packages/airflow/example_dags/example_params_ui_tutorial.py
[2023-11-16T10:04:30.518+0000] {logging_mixin.py:151} INFO - [2023-11-16T10:04:30.518+0000] {dag.py:2941} INFO - Sync 1 DAGs
[2023-11-16T10:04:30.527+0000] {logging_mixin.py:151} INFO - [2023-11-16T10:04:30.526+0000] {dag.py:3722} INFO - Setting next_dagrun for example_params_ui_tutorial to None, run_after=None
[2023-11-16T10:04:30.540+0000] {processor.py:179} INFO - Processing /home/airflow/.local/lib/python3.8/site-packages/airflow/example_dags/example_params_ui_tutorial.py took 0.105 seconds
[2023-11-16T10:05:00.588+0000] {processor.py:157} INFO - Started process (PID=8590) to work on /home/airflow/.local/lib/python3.8/site-packages/airflow/example_dags/example_params_ui_tutorial.py
[2023-11-16T10:05:00.589+0000] {processor.py:829} INFO - Processing file /home/airflow/.local/lib/python3.8/site-packages/airflow/example_dags/example_params_ui_tutorial.py for tasks to queue
[2023-11-16T10:05:00.590+0000] {logging_mixin.py:151} INFO - [2023-11-16T10:05:00.590+0000] {dagbag.py:536} INFO - Filling up the DagBag from /home/airflow/.local/lib/python3.8/site-packages/airflow/example_dags/example_params_ui_tutorial.py
[2023-11-16T10:05:00.612+0000] {processor.py:839} INFO - DAG(s) dict_keys(['example_params_ui_tutorial']) retrieved from /home/airflow/.local/lib/python3.8/site-packages/airflow/example_dags/example_params_ui_tutorial.py
[2023-11-16T10:05:00.646+0000] {logging_mixin.py:151} INFO - [2023-11-16T10:05:00.646+0000] {dag.py:2941} INFO - Sync 1 DAGs
[2023-11-16T10:05:00.653+0000] {logging_mixin.py:151} INFO - [2023-11-16T10:05:00.653+0000] {dag.py:3722} INFO - Setting next_dagrun for example_params_ui_tutorial to None, run_after=None
[2023-11-16T10:05:00.665+0000] {processor.py:179} INFO - Processing /home/airflow/.local/lib/python3.8/site-packages/airflow/example_dags/example_params_ui_tutorial.py took 0.079 seconds
[2023-11-16T10:05:30.689+0000] {processor.py:157} INFO - Started process (PID=8646) to work on /home/airflow/.local/lib/python3.8/site-packages/airflow/example_dags/example_params_ui_tutorial.py
[2023-11-16T10:05:30.690+0000] {processor.py:829} INFO - Processing file /home/airflow/.local/lib/python3.8/site-packages/airflow/example_dags/example_params_ui_tutorial.py for tasks to queue
[2023-11-16T10:05:30.691+0000] {logging_mixin.py:151} INFO - [2023-11-16T10:05:30.691+0000] {dagbag.py:536} INFO - Filling up the DagBag from /home/airflow/.local/lib/python3.8/site-packages/airflow/example_dags/example_params_ui_tutorial.py
[2023-11-16T10:05:30.713+0000] {processor.py:839} INFO - DAG(s) dict_keys(['example_params_ui_tutorial']) retrieved from /home/airflow/.local/lib/python3.8/site-packages/airflow/example_dags/example_params_ui_tutorial.py
[2023-11-16T10:05:30.746+0000] {logging_mixin.py:151} INFO - [2023-11-16T10:05:30.746+0000] {dag.py:2941} INFO - Sync 1 DAGs
[2023-11-16T10:05:30.753+0000] {logging_mixin.py:151} INFO - [2023-11-16T10:05:30.753+0000] {dag.py:3722} INFO - Setting next_dagrun for example_params_ui_tutorial to None, run_after=None
[2023-11-16T10:05:30.763+0000] {processor.py:179} INFO - Processing /home/airflow/.local/lib/python3.8/site-packages/airflow/example_dags/example_params_ui_tutorial.py took 0.076 seconds
[2023-11-16T10:06:01.397+0000] {processor.py:157} INFO - Started process (PID=8700) to work on /home/airflow/.local/lib/python3.8/site-packages/airflow/example_dags/example_params_ui_tutorial.py
[2023-11-16T10:06:01.400+0000] {processor.py:829} INFO - Processing file /home/airflow/.local/lib/python3.8/site-packages/airflow/example_dags/example_params_ui_tutorial.py for tasks to queue
[2023-11-16T10:06:01.401+0000] {logging_mixin.py:151} INFO - [2023-11-16T10:06:01.401+0000] {dagbag.py:536} INFO - Filling up the DagBag from /home/airflow/.local/lib/python3.8/site-packages/airflow/example_dags/example_params_ui_tutorial.py
[2023-11-16T10:06:01.423+0000] {processor.py:839} INFO - DAG(s) dict_keys(['example_params_ui_tutorial']) retrieved from /home/airflow/.local/lib/python3.8/site-packages/airflow/example_dags/example_params_ui_tutorial.py
[2023-11-16T10:06:01.460+0000] {logging_mixin.py:151} INFO - [2023-11-16T10:06:01.460+0000] {dag.py:2941} INFO - Sync 1 DAGs
[2023-11-16T10:06:01.468+0000] {logging_mixin.py:151} INFO - [2023-11-16T10:06:01.468+0000] {dag.py:3722} INFO - Setting next_dagrun for example_params_ui_tutorial to None, run_after=None
[2023-11-16T10:06:01.482+0000] {processor.py:179} INFO - Processing /home/airflow/.local/lib/python3.8/site-packages/airflow/example_dags/example_params_ui_tutorial.py took 0.087 seconds
[2023-11-16T10:06:32.064+0000] {processor.py:157} INFO - Started process (PID=8755) to work on /home/airflow/.local/lib/python3.8/site-packages/airflow/example_dags/example_params_ui_tutorial.py
[2023-11-16T10:06:32.067+0000] {processor.py:829} INFO - Processing file /home/airflow/.local/lib/python3.8/site-packages/airflow/example_dags/example_params_ui_tutorial.py for tasks to queue
[2023-11-16T10:06:32.068+0000] {logging_mixin.py:151} INFO - [2023-11-16T10:06:32.068+0000] {dagbag.py:536} INFO - Filling up the DagBag from /home/airflow/.local/lib/python3.8/site-packages/airflow/example_dags/example_params_ui_tutorial.py
[2023-11-16T10:06:32.098+0000] {processor.py:839} INFO - DAG(s) dict_keys(['example_params_ui_tutorial']) retrieved from /home/airflow/.local/lib/python3.8/site-packages/airflow/example_dags/example_params_ui_tutorial.py
[2023-11-16T10:06:32.143+0000] {logging_mixin.py:151} INFO - [2023-11-16T10:06:32.143+0000] {dag.py:2941} INFO - Sync 1 DAGs
[2023-11-16T10:06:32.152+0000] {logging_mixin.py:151} INFO - [2023-11-16T10:06:32.151+0000] {dag.py:3722} INFO - Setting next_dagrun for example_params_ui_tutorial to None, run_after=None
[2023-11-16T10:06:32.167+0000] {processor.py:179} INFO - Processing /home/airflow/.local/lib/python3.8/site-packages/airflow/example_dags/example_params_ui_tutorial.py took 0.105 seconds
[2023-11-16T10:07:02.678+0000] {processor.py:157} INFO - Started process (PID=8811) to work on /home/airflow/.local/lib/python3.8/site-packages/airflow/example_dags/example_params_ui_tutorial.py
[2023-11-16T10:07:02.679+0000] {processor.py:829} INFO - Processing file /home/airflow/.local/lib/python3.8/site-packages/airflow/example_dags/example_params_ui_tutorial.py for tasks to queue
[2023-11-16T10:07:02.680+0000] {logging_mixin.py:151} INFO - [2023-11-16T10:07:02.680+0000] {dagbag.py:536} INFO - Filling up the DagBag from /home/airflow/.local/lib/python3.8/site-packages/airflow/example_dags/example_params_ui_tutorial.py
[2023-11-16T10:07:02.702+0000] {processor.py:839} INFO - DAG(s) dict_keys(['example_params_ui_tutorial']) retrieved from /home/airflow/.local/lib/python3.8/site-packages/airflow/example_dags/example_params_ui_tutorial.py
[2023-11-16T10:07:02.744+0000] {logging_mixin.py:151} INFO - [2023-11-16T10:07:02.744+0000] {dag.py:2941} INFO - Sync 1 DAGs
[2023-11-16T10:07:02.752+0000] {logging_mixin.py:151} INFO - [2023-11-16T10:07:02.751+0000] {dag.py:3722} INFO - Setting next_dagrun for example_params_ui_tutorial to None, run_after=None
[2023-11-16T10:07:02.764+0000] {processor.py:179} INFO - Processing /home/airflow/.local/lib/python3.8/site-packages/airflow/example_dags/example_params_ui_tutorial.py took 0.089 seconds
[2023-11-16T10:07:33.317+0000] {processor.py:157} INFO - Started process (PID=8868) to work on /home/airflow/.local/lib/python3.8/site-packages/airflow/example_dags/example_params_ui_tutorial.py
[2023-11-16T10:07:33.320+0000] {processor.py:829} INFO - Processing file /home/airflow/.local/lib/python3.8/site-packages/airflow/example_dags/example_params_ui_tutorial.py for tasks to queue
[2023-11-16T10:07:33.321+0000] {logging_mixin.py:151} INFO - [2023-11-16T10:07:33.321+0000] {dagbag.py:536} INFO - Filling up the DagBag from /home/airflow/.local/lib/python3.8/site-packages/airflow/example_dags/example_params_ui_tutorial.py
[2023-11-16T10:07:33.349+0000] {processor.py:839} INFO - DAG(s) dict_keys(['example_params_ui_tutorial']) retrieved from /home/airflow/.local/lib/python3.8/site-packages/airflow/example_dags/example_params_ui_tutorial.py
[2023-11-16T10:07:33.384+0000] {logging_mixin.py:151} INFO - [2023-11-16T10:07:33.384+0000] {dag.py:2941} INFO - Sync 1 DAGs
[2023-11-16T10:07:33.392+0000] {logging_mixin.py:151} INFO - [2023-11-16T10:07:33.391+0000] {dag.py:3722} INFO - Setting next_dagrun for example_params_ui_tutorial to None, run_after=None
[2023-11-16T10:07:33.403+0000] {processor.py:179} INFO - Processing /home/airflow/.local/lib/python3.8/site-packages/airflow/example_dags/example_params_ui_tutorial.py took 0.088 seconds
[2023-11-16T10:08:04.026+0000] {processor.py:157} INFO - Started process (PID=8924) to work on /home/airflow/.local/lib/python3.8/site-packages/airflow/example_dags/example_params_ui_tutorial.py
[2023-11-16T10:08:04.028+0000] {processor.py:829} INFO - Processing file /home/airflow/.local/lib/python3.8/site-packages/airflow/example_dags/example_params_ui_tutorial.py for tasks to queue
[2023-11-16T10:08:04.030+0000] {logging_mixin.py:151} INFO - [2023-11-16T10:08:04.030+0000] {dagbag.py:536} INFO - Filling up the DagBag from /home/airflow/.local/lib/python3.8/site-packages/airflow/example_dags/example_params_ui_tutorial.py
[2023-11-16T10:08:04.052+0000] {processor.py:839} INFO - DAG(s) dict_keys(['example_params_ui_tutorial']) retrieved from /home/airflow/.local/lib/python3.8/site-packages/airflow/example_dags/example_params_ui_tutorial.py
[2023-11-16T10:08:04.094+0000] {logging_mixin.py:151} INFO - [2023-11-16T10:08:04.094+0000] {dag.py:2941} INFO - Sync 1 DAGs
[2023-11-16T10:08:04.102+0000] {logging_mixin.py:151} INFO - [2023-11-16T10:08:04.102+0000] {dag.py:3722} INFO - Setting next_dagrun for example_params_ui_tutorial to None, run_after=None
[2023-11-16T10:08:04.116+0000] {processor.py:179} INFO - Processing /home/airflow/.local/lib/python3.8/site-packages/airflow/example_dags/example_params_ui_tutorial.py took 0.092 seconds
[2023-11-16T10:08:34.688+0000] {processor.py:157} INFO - Started process (PID=8980) to work on /home/airflow/.local/lib/python3.8/site-packages/airflow/example_dags/example_params_ui_tutorial.py
[2023-11-16T10:08:34.691+0000] {processor.py:829} INFO - Processing file /home/airflow/.local/lib/python3.8/site-packages/airflow/example_dags/example_params_ui_tutorial.py for tasks to queue
[2023-11-16T10:08:34.692+0000] {logging_mixin.py:151} INFO - [2023-11-16T10:08:34.692+0000] {dagbag.py:536} INFO - Filling up the DagBag from /home/airflow/.local/lib/python3.8/site-packages/airflow/example_dags/example_params_ui_tutorial.py
[2023-11-16T10:08:34.714+0000] {processor.py:839} INFO - DAG(s) dict_keys(['example_params_ui_tutorial']) retrieved from /home/airflow/.local/lib/python3.8/site-packages/airflow/example_dags/example_params_ui_tutorial.py
[2023-11-16T10:08:34.753+0000] {logging_mixin.py:151} INFO - [2023-11-16T10:08:34.753+0000] {dag.py:2941} INFO - Sync 1 DAGs
[2023-11-16T10:08:34.761+0000] {logging_mixin.py:151} INFO - [2023-11-16T10:08:34.761+0000] {dag.py:3722} INFO - Setting next_dagrun for example_params_ui_tutorial to None, run_after=None
[2023-11-16T10:08:34.776+0000] {processor.py:179} INFO - Processing /home/airflow/.local/lib/python3.8/site-packages/airflow/example_dags/example_params_ui_tutorial.py took 0.090 seconds
[2023-11-16T10:09:05.496+0000] {processor.py:157} INFO - Started process (PID=9037) to work on /home/airflow/.local/lib/python3.8/site-packages/airflow/example_dags/example_params_ui_tutorial.py
[2023-11-16T10:09:05.497+0000] {processor.py:829} INFO - Processing file /home/airflow/.local/lib/python3.8/site-packages/airflow/example_dags/example_params_ui_tutorial.py for tasks to queue
[2023-11-16T10:09:05.498+0000] {logging_mixin.py:151} INFO - [2023-11-16T10:09:05.498+0000] {dagbag.py:536} INFO - Filling up the DagBag from /home/airflow/.local/lib/python3.8/site-packages/airflow/example_dags/example_params_ui_tutorial.py
[2023-11-16T10:09:05.520+0000] {processor.py:839} INFO - DAG(s) dict_keys(['example_params_ui_tutorial']) retrieved from /home/airflow/.local/lib/python3.8/site-packages/airflow/example_dags/example_params_ui_tutorial.py
[2023-11-16T10:09:05.553+0000] {logging_mixin.py:151} INFO - [2023-11-16T10:09:05.553+0000] {dag.py:2941} INFO - Sync 1 DAGs
[2023-11-16T10:09:05.562+0000] {logging_mixin.py:151} INFO - [2023-11-16T10:09:05.562+0000] {dag.py:3722} INFO - Setting next_dagrun for example_params_ui_tutorial to None, run_after=None
[2023-11-16T10:09:05.573+0000] {processor.py:179} INFO - Processing /home/airflow/.local/lib/python3.8/site-packages/airflow/example_dags/example_params_ui_tutorial.py took 0.079 seconds
[2023-11-16T10:09:36.326+0000] {processor.py:157} INFO - Started process (PID=9093) to work on /home/airflow/.local/lib/python3.8/site-packages/airflow/example_dags/example_params_ui_tutorial.py
[2023-11-16T10:09:36.328+0000] {processor.py:829} INFO - Processing file /home/airflow/.local/lib/python3.8/site-packages/airflow/example_dags/example_params_ui_tutorial.py for tasks to queue
[2023-11-16T10:09:36.330+0000] {logging_mixin.py:151} INFO - [2023-11-16T10:09:36.330+0000] {dagbag.py:536} INFO - Filling up the DagBag from /home/airflow/.local/lib/python3.8/site-packages/airflow/example_dags/example_params_ui_tutorial.py
[2023-11-16T10:09:36.356+0000] {processor.py:839} INFO - DAG(s) dict_keys(['example_params_ui_tutorial']) retrieved from /home/airflow/.local/lib/python3.8/site-packages/airflow/example_dags/example_params_ui_tutorial.py
[2023-11-16T10:09:36.397+0000] {logging_mixin.py:151} INFO - [2023-11-16T10:09:36.397+0000] {dag.py:2941} INFO - Sync 1 DAGs
[2023-11-16T10:09:36.406+0000] {logging_mixin.py:151} INFO - [2023-11-16T10:09:36.406+0000] {dag.py:3722} INFO - Setting next_dagrun for example_params_ui_tutorial to None, run_after=None
[2023-11-16T10:09:36.418+0000] {processor.py:179} INFO - Processing /home/airflow/.local/lib/python3.8/site-packages/airflow/example_dags/example_params_ui_tutorial.py took 0.095 seconds
[2023-11-16T10:10:07.240+0000] {processor.py:157} INFO - Started process (PID=9149) to work on /home/airflow/.local/lib/python3.8/site-packages/airflow/example_dags/example_params_ui_tutorial.py
[2023-11-16T10:10:07.240+0000] {processor.py:829} INFO - Processing file /home/airflow/.local/lib/python3.8/site-packages/airflow/example_dags/example_params_ui_tutorial.py for tasks to queue
[2023-11-16T10:10:07.241+0000] {logging_mixin.py:151} INFO - [2023-11-16T10:10:07.241+0000] {dagbag.py:536} INFO - Filling up the DagBag from /home/airflow/.local/lib/python3.8/site-packages/airflow/example_dags/example_params_ui_tutorial.py
[2023-11-16T10:10:07.264+0000] {processor.py:839} INFO - DAG(s) dict_keys(['example_params_ui_tutorial']) retrieved from /home/airflow/.local/lib/python3.8/site-packages/airflow/example_dags/example_params_ui_tutorial.py
[2023-11-16T10:10:07.299+0000] {logging_mixin.py:151} INFO - [2023-11-16T10:10:07.298+0000] {dag.py:2941} INFO - Sync 1 DAGs
[2023-11-16T10:10:07.307+0000] {logging_mixin.py:151} INFO - [2023-11-16T10:10:07.307+0000] {dag.py:3722} INFO - Setting next_dagrun for example_params_ui_tutorial to None, run_after=None
[2023-11-16T10:10:07.319+0000] {processor.py:179} INFO - Processing /home/airflow/.local/lib/python3.8/site-packages/airflow/example_dags/example_params_ui_tutorial.py took 0.082 seconds
[2023-11-16T10:10:37.502+0000] {processor.py:157} INFO - Started process (PID=9206) to work on /home/airflow/.local/lib/python3.8/site-packages/airflow/example_dags/example_params_ui_tutorial.py
[2023-11-16T10:10:37.502+0000] {processor.py:829} INFO - Processing file /home/airflow/.local/lib/python3.8/site-packages/airflow/example_dags/example_params_ui_tutorial.py for tasks to queue
[2023-11-16T10:10:37.503+0000] {logging_mixin.py:151} INFO - [2023-11-16T10:10:37.503+0000] {dagbag.py:536} INFO - Filling up the DagBag from /home/airflow/.local/lib/python3.8/site-packages/airflow/example_dags/example_params_ui_tutorial.py
[2023-11-16T10:10:37.525+0000] {processor.py:839} INFO - DAG(s) dict_keys(['example_params_ui_tutorial']) retrieved from /home/airflow/.local/lib/python3.8/site-packages/airflow/example_dags/example_params_ui_tutorial.py
[2023-11-16T10:10:37.571+0000] {logging_mixin.py:151} INFO - [2023-11-16T10:10:37.570+0000] {dag.py:2941} INFO - Sync 1 DAGs
[2023-11-16T10:10:37.581+0000] {logging_mixin.py:151} INFO - [2023-11-16T10:10:37.581+0000] {dag.py:3722} INFO - Setting next_dagrun for example_params_ui_tutorial to None, run_after=None
[2023-11-16T10:10:37.594+0000] {processor.py:179} INFO - Processing /home/airflow/.local/lib/python3.8/site-packages/airflow/example_dags/example_params_ui_tutorial.py took 0.094 seconds
[2023-11-16T10:11:07.618+0000] {processor.py:157} INFO - Started process (PID=9263) to work on /home/airflow/.local/lib/python3.8/site-packages/airflow/example_dags/example_params_ui_tutorial.py
[2023-11-16T10:11:07.619+0000] {processor.py:829} INFO - Processing file /home/airflow/.local/lib/python3.8/site-packages/airflow/example_dags/example_params_ui_tutorial.py for tasks to queue
[2023-11-16T10:11:07.620+0000] {logging_mixin.py:151} INFO - [2023-11-16T10:11:07.620+0000] {dagbag.py:536} INFO - Filling up the DagBag from /home/airflow/.local/lib/python3.8/site-packages/airflow/example_dags/example_params_ui_tutorial.py
[2023-11-16T10:11:07.651+0000] {processor.py:839} INFO - DAG(s) dict_keys(['example_params_ui_tutorial']) retrieved from /home/airflow/.local/lib/python3.8/site-packages/airflow/example_dags/example_params_ui_tutorial.py
[2023-11-16T10:11:07.685+0000] {logging_mixin.py:151} INFO - [2023-11-16T10:11:07.685+0000] {dag.py:2941} INFO - Sync 1 DAGs
[2023-11-16T10:11:07.692+0000] {logging_mixin.py:151} INFO - [2023-11-16T10:11:07.692+0000] {dag.py:3722} INFO - Setting next_dagrun for example_params_ui_tutorial to None, run_after=None
[2023-11-16T10:11:07.704+0000] {processor.py:179} INFO - Processing /home/airflow/.local/lib/python3.8/site-packages/airflow/example_dags/example_params_ui_tutorial.py took 0.088 seconds
[2023-11-16T10:11:38.467+0000] {processor.py:157} INFO - Started process (PID=9318) to work on /home/airflow/.local/lib/python3.8/site-packages/airflow/example_dags/example_params_ui_tutorial.py
[2023-11-16T10:11:38.469+0000] {processor.py:829} INFO - Processing file /home/airflow/.local/lib/python3.8/site-packages/airflow/example_dags/example_params_ui_tutorial.py for tasks to queue
[2023-11-16T10:11:38.470+0000] {logging_mixin.py:151} INFO - [2023-11-16T10:11:38.470+0000] {dagbag.py:536} INFO - Filling up the DagBag from /home/airflow/.local/lib/python3.8/site-packages/airflow/example_dags/example_params_ui_tutorial.py
[2023-11-16T10:11:38.496+0000] {processor.py:839} INFO - DAG(s) dict_keys(['example_params_ui_tutorial']) retrieved from /home/airflow/.local/lib/python3.8/site-packages/airflow/example_dags/example_params_ui_tutorial.py
[2023-11-16T10:11:38.535+0000] {logging_mixin.py:151} INFO - [2023-11-16T10:11:38.535+0000] {dag.py:2941} INFO - Sync 1 DAGs
[2023-11-16T10:11:38.543+0000] {logging_mixin.py:151} INFO - [2023-11-16T10:11:38.543+0000] {dag.py:3722} INFO - Setting next_dagrun for example_params_ui_tutorial to None, run_after=None
[2023-11-16T10:11:38.557+0000] {processor.py:179} INFO - Processing /home/airflow/.local/lib/python3.8/site-packages/airflow/example_dags/example_params_ui_tutorial.py took 0.092 seconds
[2023-11-16T10:12:08.820+0000] {processor.py:157} INFO - Started process (PID=9375) to work on /home/airflow/.local/lib/python3.8/site-packages/airflow/example_dags/example_params_ui_tutorial.py
[2023-11-16T10:12:08.820+0000] {processor.py:829} INFO - Processing file /home/airflow/.local/lib/python3.8/site-packages/airflow/example_dags/example_params_ui_tutorial.py for tasks to queue
[2023-11-16T10:12:08.821+0000] {logging_mixin.py:151} INFO - [2023-11-16T10:12:08.821+0000] {dagbag.py:536} INFO - Filling up the DagBag from /home/airflow/.local/lib/python3.8/site-packages/airflow/example_dags/example_params_ui_tutorial.py
[2023-11-16T10:12:08.849+0000] {processor.py:839} INFO - DAG(s) dict_keys(['example_params_ui_tutorial']) retrieved from /home/airflow/.local/lib/python3.8/site-packages/airflow/example_dags/example_params_ui_tutorial.py
[2023-11-16T10:12:08.899+0000] {logging_mixin.py:151} INFO - [2023-11-16T10:12:08.898+0000] {dag.py:2941} INFO - Sync 1 DAGs
[2023-11-16T10:12:09.003+0000] {logging_mixin.py:151} INFO - [2023-11-16T10:12:09.002+0000] {dag.py:3722} INFO - Setting next_dagrun for example_params_ui_tutorial to None, run_after=None
[2023-11-16T10:12:09.014+0000] {processor.py:179} INFO - Processing /home/airflow/.local/lib/python3.8/site-packages/airflow/example_dags/example_params_ui_tutorial.py took 0.197 seconds
[2023-11-16T10:12:39.758+0000] {processor.py:157} INFO - Started process (PID=9432) to work on /home/airflow/.local/lib/python3.8/site-packages/airflow/example_dags/example_params_ui_tutorial.py
[2023-11-16T10:12:39.759+0000] {processor.py:829} INFO - Processing file /home/airflow/.local/lib/python3.8/site-packages/airflow/example_dags/example_params_ui_tutorial.py for tasks to queue
[2023-11-16T10:12:39.760+0000] {logging_mixin.py:151} INFO - [2023-11-16T10:12:39.760+0000] {dagbag.py:536} INFO - Filling up the DagBag from /home/airflow/.local/lib/python3.8/site-packages/airflow/example_dags/example_params_ui_tutorial.py
[2023-11-16T10:12:39.787+0000] {processor.py:839} INFO - DAG(s) dict_keys(['example_params_ui_tutorial']) retrieved from /home/airflow/.local/lib/python3.8/site-packages/airflow/example_dags/example_params_ui_tutorial.py
[2023-11-16T10:12:39.829+0000] {logging_mixin.py:151} INFO - [2023-11-16T10:12:39.829+0000] {dag.py:2941} INFO - Sync 1 DAGs
[2023-11-16T10:12:39.838+0000] {logging_mixin.py:151} INFO - [2023-11-16T10:12:39.837+0000] {dag.py:3722} INFO - Setting next_dagrun for example_params_ui_tutorial to None, run_after=None
[2023-11-16T10:12:39.942+0000] {processor.py:179} INFO - Processing /home/airflow/.local/lib/python3.8/site-packages/airflow/example_dags/example_params_ui_tutorial.py took 0.186 seconds
[2023-11-16T10:13:10.879+0000] {processor.py:157} INFO - Started process (PID=9489) to work on /home/airflow/.local/lib/python3.8/site-packages/airflow/example_dags/example_params_ui_tutorial.py
[2023-11-16T10:13:10.881+0000] {processor.py:829} INFO - Processing file /home/airflow/.local/lib/python3.8/site-packages/airflow/example_dags/example_params_ui_tutorial.py for tasks to queue
[2023-11-16T10:13:10.883+0000] {logging_mixin.py:151} INFO - [2023-11-16T10:13:10.882+0000] {dagbag.py:536} INFO - Filling up the DagBag from /home/airflow/.local/lib/python3.8/site-packages/airflow/example_dags/example_params_ui_tutorial.py
[2023-11-16T10:13:10.905+0000] {processor.py:839} INFO - DAG(s) dict_keys(['example_params_ui_tutorial']) retrieved from /home/airflow/.local/lib/python3.8/site-packages/airflow/example_dags/example_params_ui_tutorial.py
[2023-11-16T10:13:10.947+0000] {logging_mixin.py:151} INFO - [2023-11-16T10:13:10.947+0000] {dag.py:2941} INFO - Sync 1 DAGs
[2023-11-16T10:13:10.955+0000] {logging_mixin.py:151} INFO - [2023-11-16T10:13:10.955+0000] {dag.py:3722} INFO - Setting next_dagrun for example_params_ui_tutorial to None, run_after=None
[2023-11-16T10:13:10.969+0000] {processor.py:179} INFO - Processing /home/airflow/.local/lib/python3.8/site-packages/airflow/example_dags/example_params_ui_tutorial.py took 0.093 seconds
[2023-11-16T10:13:41.724+0000] {processor.py:157} INFO - Started process (PID=9545) to work on /home/airflow/.local/lib/python3.8/site-packages/airflow/example_dags/example_params_ui_tutorial.py
[2023-11-16T10:13:41.725+0000] {processor.py:829} INFO - Processing file /home/airflow/.local/lib/python3.8/site-packages/airflow/example_dags/example_params_ui_tutorial.py for tasks to queue
[2023-11-16T10:13:41.726+0000] {logging_mixin.py:151} INFO - [2023-11-16T10:13:41.726+0000] {dagbag.py:536} INFO - Filling up the DagBag from /home/airflow/.local/lib/python3.8/site-packages/airflow/example_dags/example_params_ui_tutorial.py
[2023-11-16T10:13:41.755+0000] {processor.py:839} INFO - DAG(s) dict_keys(['example_params_ui_tutorial']) retrieved from /home/airflow/.local/lib/python3.8/site-packages/airflow/example_dags/example_params_ui_tutorial.py
[2023-11-16T10:13:41.800+0000] {logging_mixin.py:151} INFO - [2023-11-16T10:13:41.800+0000] {dag.py:2941} INFO - Sync 1 DAGs
[2023-11-16T10:13:41.809+0000] {logging_mixin.py:151} INFO - [2023-11-16T10:13:41.808+0000] {dag.py:3722} INFO - Setting next_dagrun for example_params_ui_tutorial to None, run_after=None
[2023-11-16T10:13:41.825+0000] {processor.py:179} INFO - Processing /home/airflow/.local/lib/python3.8/site-packages/airflow/example_dags/example_params_ui_tutorial.py took 0.105 seconds
[2023-11-16T10:14:12.355+0000] {processor.py:157} INFO - Started process (PID=9601) to work on /home/airflow/.local/lib/python3.8/site-packages/airflow/example_dags/example_params_ui_tutorial.py
[2023-11-16T10:14:12.357+0000] {processor.py:829} INFO - Processing file /home/airflow/.local/lib/python3.8/site-packages/airflow/example_dags/example_params_ui_tutorial.py for tasks to queue
[2023-11-16T10:14:12.358+0000] {logging_mixin.py:151} INFO - [2023-11-16T10:14:12.358+0000] {dagbag.py:536} INFO - Filling up the DagBag from /home/airflow/.local/lib/python3.8/site-packages/airflow/example_dags/example_params_ui_tutorial.py
[2023-11-16T10:14:12.496+0000] {processor.py:839} INFO - DAG(s) dict_keys(['example_params_ui_tutorial']) retrieved from /home/airflow/.local/lib/python3.8/site-packages/airflow/example_dags/example_params_ui_tutorial.py
[2023-11-16T10:14:12.532+0000] {logging_mixin.py:151} INFO - [2023-11-16T10:14:12.531+0000] {dag.py:2941} INFO - Sync 1 DAGs
[2023-11-16T10:14:12.539+0000] {logging_mixin.py:151} INFO - [2023-11-16T10:14:12.539+0000] {dag.py:3722} INFO - Setting next_dagrun for example_params_ui_tutorial to None, run_after=None
[2023-11-16T10:14:12.549+0000] {processor.py:179} INFO - Processing /home/airflow/.local/lib/python3.8/site-packages/airflow/example_dags/example_params_ui_tutorial.py took 0.197 seconds
[2023-11-16T10:14:42.722+0000] {processor.py:157} INFO - Started process (PID=9658) to work on /home/airflow/.local/lib/python3.8/site-packages/airflow/example_dags/example_params_ui_tutorial.py
[2023-11-16T10:14:42.724+0000] {processor.py:829} INFO - Processing file /home/airflow/.local/lib/python3.8/site-packages/airflow/example_dags/example_params_ui_tutorial.py for tasks to queue
[2023-11-16T10:14:42.725+0000] {logging_mixin.py:151} INFO - [2023-11-16T10:14:42.725+0000] {dagbag.py:536} INFO - Filling up the DagBag from /home/airflow/.local/lib/python3.8/site-packages/airflow/example_dags/example_params_ui_tutorial.py
[2023-11-16T10:14:42.750+0000] {processor.py:839} INFO - DAG(s) dict_keys(['example_params_ui_tutorial']) retrieved from /home/airflow/.local/lib/python3.8/site-packages/airflow/example_dags/example_params_ui_tutorial.py
[2023-11-16T10:14:42.922+0000] {logging_mixin.py:151} INFO - [2023-11-16T10:14:42.922+0000] {dag.py:2941} INFO - Sync 1 DAGs
[2023-11-16T10:14:42.929+0000] {logging_mixin.py:151} INFO - [2023-11-16T10:14:42.929+0000] {dag.py:3722} INFO - Setting next_dagrun for example_params_ui_tutorial to None, run_after=None
[2023-11-16T10:14:42.940+0000] {processor.py:179} INFO - Processing /home/airflow/.local/lib/python3.8/site-packages/airflow/example_dags/example_params_ui_tutorial.py took 0.221 seconds
[2023-11-16T10:15:13.441+0000] {processor.py:157} INFO - Started process (PID=9714) to work on /home/airflow/.local/lib/python3.8/site-packages/airflow/example_dags/example_params_ui_tutorial.py
[2023-11-16T10:15:13.442+0000] {processor.py:829} INFO - Processing file /home/airflow/.local/lib/python3.8/site-packages/airflow/example_dags/example_params_ui_tutorial.py for tasks to queue
[2023-11-16T10:15:13.444+0000] {logging_mixin.py:151} INFO - [2023-11-16T10:15:13.443+0000] {dagbag.py:536} INFO - Filling up the DagBag from /home/airflow/.local/lib/python3.8/site-packages/airflow/example_dags/example_params_ui_tutorial.py
[2023-11-16T10:15:13.467+0000] {processor.py:839} INFO - DAG(s) dict_keys(['example_params_ui_tutorial']) retrieved from /home/airflow/.local/lib/python3.8/site-packages/airflow/example_dags/example_params_ui_tutorial.py
[2023-11-16T10:15:13.500+0000] {logging_mixin.py:151} INFO - [2023-11-16T10:15:13.500+0000] {dag.py:2941} INFO - Sync 1 DAGs
[2023-11-16T10:15:13.508+0000] {logging_mixin.py:151} INFO - [2023-11-16T10:15:13.508+0000] {dag.py:3722} INFO - Setting next_dagrun for example_params_ui_tutorial to None, run_after=None
[2023-11-16T10:15:13.520+0000] {processor.py:179} INFO - Processing /home/airflow/.local/lib/python3.8/site-packages/airflow/example_dags/example_params_ui_tutorial.py took 0.082 seconds
[2023-11-16T10:15:44.090+0000] {processor.py:157} INFO - Started process (PID=9771) to work on /home/airflow/.local/lib/python3.8/site-packages/airflow/example_dags/example_params_ui_tutorial.py
[2023-11-16T10:15:44.093+0000] {processor.py:829} INFO - Processing file /home/airflow/.local/lib/python3.8/site-packages/airflow/example_dags/example_params_ui_tutorial.py for tasks to queue
[2023-11-16T10:15:44.094+0000] {logging_mixin.py:151} INFO - [2023-11-16T10:15:44.094+0000] {dagbag.py:536} INFO - Filling up the DagBag from /home/airflow/.local/lib/python3.8/site-packages/airflow/example_dags/example_params_ui_tutorial.py
[2023-11-16T10:15:44.116+0000] {processor.py:839} INFO - DAG(s) dict_keys(['example_params_ui_tutorial']) retrieved from /home/airflow/.local/lib/python3.8/site-packages/airflow/example_dags/example_params_ui_tutorial.py
[2023-11-16T10:15:44.159+0000] {logging_mixin.py:151} INFO - [2023-11-16T10:15:44.159+0000] {dag.py:2941} INFO - Sync 1 DAGs
[2023-11-16T10:15:44.167+0000] {logging_mixin.py:151} INFO - [2023-11-16T10:15:44.166+0000] {dag.py:3722} INFO - Setting next_dagrun for example_params_ui_tutorial to None, run_after=None
[2023-11-16T10:15:44.182+0000] {processor.py:179} INFO - Processing /home/airflow/.local/lib/python3.8/site-packages/airflow/example_dags/example_params_ui_tutorial.py took 0.094 seconds
[2023-11-16T10:16:14.652+0000] {processor.py:157} INFO - Started process (PID=9827) to work on /home/airflow/.local/lib/python3.8/site-packages/airflow/example_dags/example_params_ui_tutorial.py
[2023-11-16T10:16:14.654+0000] {processor.py:829} INFO - Processing file /home/airflow/.local/lib/python3.8/site-packages/airflow/example_dags/example_params_ui_tutorial.py for tasks to queue
[2023-11-16T10:16:14.655+0000] {logging_mixin.py:151} INFO - [2023-11-16T10:16:14.655+0000] {dagbag.py:536} INFO - Filling up the DagBag from /home/airflow/.local/lib/python3.8/site-packages/airflow/example_dags/example_params_ui_tutorial.py
[2023-11-16T10:16:14.677+0000] {processor.py:839} INFO - DAG(s) dict_keys(['example_params_ui_tutorial']) retrieved from /home/airflow/.local/lib/python3.8/site-packages/airflow/example_dags/example_params_ui_tutorial.py
[2023-11-16T10:16:14.717+0000] {logging_mixin.py:151} INFO - [2023-11-16T10:16:14.717+0000] {dag.py:2941} INFO - Sync 1 DAGs
[2023-11-16T10:16:14.725+0000] {logging_mixin.py:151} INFO - [2023-11-16T10:16:14.725+0000] {dag.py:3722} INFO - Setting next_dagrun for example_params_ui_tutorial to None, run_after=None
[2023-11-16T10:16:14.740+0000] {processor.py:179} INFO - Processing /home/airflow/.local/lib/python3.8/site-packages/airflow/example_dags/example_params_ui_tutorial.py took 0.090 seconds
[2023-11-16T10:16:45.328+0000] {processor.py:157} INFO - Started process (PID=9883) to work on /home/airflow/.local/lib/python3.8/site-packages/airflow/example_dags/example_params_ui_tutorial.py
[2023-11-16T10:16:45.328+0000] {processor.py:829} INFO - Processing file /home/airflow/.local/lib/python3.8/site-packages/airflow/example_dags/example_params_ui_tutorial.py for tasks to queue
[2023-11-16T10:16:45.329+0000] {logging_mixin.py:151} INFO - [2023-11-16T10:16:45.329+0000] {dagbag.py:536} INFO - Filling up the DagBag from /home/airflow/.local/lib/python3.8/site-packages/airflow/example_dags/example_params_ui_tutorial.py
[2023-11-16T10:16:45.351+0000] {processor.py:839} INFO - DAG(s) dict_keys(['example_params_ui_tutorial']) retrieved from /home/airflow/.local/lib/python3.8/site-packages/airflow/example_dags/example_params_ui_tutorial.py
[2023-11-16T10:16:45.395+0000] {logging_mixin.py:151} INFO - [2023-11-16T10:16:45.394+0000] {dag.py:2941} INFO - Sync 1 DAGs
[2023-11-16T10:16:45.402+0000] {logging_mixin.py:151} INFO - [2023-11-16T10:16:45.402+0000] {dag.py:3722} INFO - Setting next_dagrun for example_params_ui_tutorial to None, run_after=None
[2023-11-16T10:16:45.415+0000] {processor.py:179} INFO - Processing /home/airflow/.local/lib/python3.8/site-packages/airflow/example_dags/example_params_ui_tutorial.py took 0.089 seconds
[2023-11-16T10:17:15.895+0000] {processor.py:157} INFO - Started process (PID=9939) to work on /home/airflow/.local/lib/python3.8/site-packages/airflow/example_dags/example_params_ui_tutorial.py
[2023-11-16T10:17:15.896+0000] {processor.py:829} INFO - Processing file /home/airflow/.local/lib/python3.8/site-packages/airflow/example_dags/example_params_ui_tutorial.py for tasks to queue
[2023-11-16T10:17:15.898+0000] {logging_mixin.py:151} INFO - [2023-11-16T10:17:15.898+0000] {dagbag.py:536} INFO - Filling up the DagBag from /home/airflow/.local/lib/python3.8/site-packages/airflow/example_dags/example_params_ui_tutorial.py
[2023-11-16T10:17:15.925+0000] {processor.py:839} INFO - DAG(s) dict_keys(['example_params_ui_tutorial']) retrieved from /home/airflow/.local/lib/python3.8/site-packages/airflow/example_dags/example_params_ui_tutorial.py
[2023-11-16T10:17:15.960+0000] {logging_mixin.py:151} INFO - [2023-11-16T10:17:15.960+0000] {dag.py:2941} INFO - Sync 1 DAGs
[2023-11-16T10:17:15.968+0000] {logging_mixin.py:151} INFO - [2023-11-16T10:17:15.967+0000] {dag.py:3722} INFO - Setting next_dagrun for example_params_ui_tutorial to None, run_after=None
[2023-11-16T10:17:15.979+0000] {processor.py:179} INFO - Processing /home/airflow/.local/lib/python3.8/site-packages/airflow/example_dags/example_params_ui_tutorial.py took 0.086 seconds
[2023-11-16T10:17:46.548+0000] {processor.py:157} INFO - Started process (PID=9995) to work on /home/airflow/.local/lib/python3.8/site-packages/airflow/example_dags/example_params_ui_tutorial.py
[2023-11-16T10:17:46.551+0000] {processor.py:829} INFO - Processing file /home/airflow/.local/lib/python3.8/site-packages/airflow/example_dags/example_params_ui_tutorial.py for tasks to queue
[2023-11-16T10:17:46.552+0000] {logging_mixin.py:151} INFO - [2023-11-16T10:17:46.552+0000] {dagbag.py:536} INFO - Filling up the DagBag from /home/airflow/.local/lib/python3.8/site-packages/airflow/example_dags/example_params_ui_tutorial.py
[2023-11-16T10:17:46.574+0000] {processor.py:839} INFO - DAG(s) dict_keys(['example_params_ui_tutorial']) retrieved from /home/airflow/.local/lib/python3.8/site-packages/airflow/example_dags/example_params_ui_tutorial.py
[2023-11-16T10:17:46.618+0000] {logging_mixin.py:151} INFO - [2023-11-16T10:17:46.618+0000] {dag.py:2941} INFO - Sync 1 DAGs
[2023-11-16T10:17:46.626+0000] {logging_mixin.py:151} INFO - [2023-11-16T10:17:46.626+0000] {dag.py:3722} INFO - Setting next_dagrun for example_params_ui_tutorial to None, run_after=None
[2023-11-16T10:17:46.638+0000] {processor.py:179} INFO - Processing /home/airflow/.local/lib/python3.8/site-packages/airflow/example_dags/example_params_ui_tutorial.py took 0.091 seconds
[2023-11-16T10:18:17.140+0000] {processor.py:157} INFO - Started process (PID=10051) to work on /home/airflow/.local/lib/python3.8/site-packages/airflow/example_dags/example_params_ui_tutorial.py
[2023-11-16T10:18:17.142+0000] {processor.py:829} INFO - Processing file /home/airflow/.local/lib/python3.8/site-packages/airflow/example_dags/example_params_ui_tutorial.py for tasks to queue
[2023-11-16T10:18:17.144+0000] {logging_mixin.py:151} INFO - [2023-11-16T10:18:17.144+0000] {dagbag.py:536} INFO - Filling up the DagBag from /home/airflow/.local/lib/python3.8/site-packages/airflow/example_dags/example_params_ui_tutorial.py
[2023-11-16T10:18:17.167+0000] {processor.py:839} INFO - DAG(s) dict_keys(['example_params_ui_tutorial']) retrieved from /home/airflow/.local/lib/python3.8/site-packages/airflow/example_dags/example_params_ui_tutorial.py
[2023-11-16T10:18:17.207+0000] {logging_mixin.py:151} INFO - [2023-11-16T10:18:17.207+0000] {dag.py:2941} INFO - Sync 1 DAGs
[2023-11-16T10:18:17.216+0000] {logging_mixin.py:151} INFO - [2023-11-16T10:18:17.216+0000] {dag.py:3722} INFO - Setting next_dagrun for example_params_ui_tutorial to None, run_after=None
[2023-11-16T10:18:17.228+0000] {processor.py:179} INFO - Processing /home/airflow/.local/lib/python3.8/site-packages/airflow/example_dags/example_params_ui_tutorial.py took 0.091 seconds
[2023-11-16T10:18:47.772+0000] {processor.py:157} INFO - Started process (PID=10107) to work on /home/airflow/.local/lib/python3.8/site-packages/airflow/example_dags/example_params_ui_tutorial.py
[2023-11-16T10:18:47.775+0000] {processor.py:829} INFO - Processing file /home/airflow/.local/lib/python3.8/site-packages/airflow/example_dags/example_params_ui_tutorial.py for tasks to queue
[2023-11-16T10:18:47.776+0000] {logging_mixin.py:151} INFO - [2023-11-16T10:18:47.776+0000] {dagbag.py:536} INFO - Filling up the DagBag from /home/airflow/.local/lib/python3.8/site-packages/airflow/example_dags/example_params_ui_tutorial.py
[2023-11-16T10:18:47.810+0000] {processor.py:839} INFO - DAG(s) dict_keys(['example_params_ui_tutorial']) retrieved from /home/airflow/.local/lib/python3.8/site-packages/airflow/example_dags/example_params_ui_tutorial.py
[2023-11-16T10:18:47.859+0000] {logging_mixin.py:151} INFO - [2023-11-16T10:18:47.858+0000] {dag.py:2941} INFO - Sync 1 DAGs
[2023-11-16T10:18:47.866+0000] {logging_mixin.py:151} INFO - [2023-11-16T10:18:47.866+0000] {dag.py:3722} INFO - Setting next_dagrun for example_params_ui_tutorial to None, run_after=None
[2023-11-16T10:18:47.880+0000] {processor.py:179} INFO - Processing /home/airflow/.local/lib/python3.8/site-packages/airflow/example_dags/example_params_ui_tutorial.py took 0.110 seconds
[2023-11-16T10:19:18.546+0000] {processor.py:157} INFO - Started process (PID=10163) to work on /home/airflow/.local/lib/python3.8/site-packages/airflow/example_dags/example_params_ui_tutorial.py
[2023-11-16T10:19:18.547+0000] {processor.py:829} INFO - Processing file /home/airflow/.local/lib/python3.8/site-packages/airflow/example_dags/example_params_ui_tutorial.py for tasks to queue
[2023-11-16T10:19:18.548+0000] {logging_mixin.py:151} INFO - [2023-11-16T10:19:18.548+0000] {dagbag.py:536} INFO - Filling up the DagBag from /home/airflow/.local/lib/python3.8/site-packages/airflow/example_dags/example_params_ui_tutorial.py
[2023-11-16T10:19:18.570+0000] {processor.py:839} INFO - DAG(s) dict_keys(['example_params_ui_tutorial']) retrieved from /home/airflow/.local/lib/python3.8/site-packages/airflow/example_dags/example_params_ui_tutorial.py
[2023-11-16T10:19:18.613+0000] {logging_mixin.py:151} INFO - [2023-11-16T10:19:18.613+0000] {dag.py:2941} INFO - Sync 1 DAGs
[2023-11-16T10:19:18.626+0000] {logging_mixin.py:151} INFO - [2023-11-16T10:19:18.625+0000] {dag.py:3722} INFO - Setting next_dagrun for example_params_ui_tutorial to None, run_after=None
[2023-11-16T10:19:18.639+0000] {processor.py:179} INFO - Processing /home/airflow/.local/lib/python3.8/site-packages/airflow/example_dags/example_params_ui_tutorial.py took 0.095 seconds
[2023-11-16T10:19:49.289+0000] {processor.py:157} INFO - Started process (PID=10219) to work on /home/airflow/.local/lib/python3.8/site-packages/airflow/example_dags/example_params_ui_tutorial.py
[2023-11-16T10:19:49.291+0000] {processor.py:829} INFO - Processing file /home/airflow/.local/lib/python3.8/site-packages/airflow/example_dags/example_params_ui_tutorial.py for tasks to queue
[2023-11-16T10:19:49.292+0000] {logging_mixin.py:151} INFO - [2023-11-16T10:19:49.292+0000] {dagbag.py:536} INFO - Filling up the DagBag from /home/airflow/.local/lib/python3.8/site-packages/airflow/example_dags/example_params_ui_tutorial.py
[2023-11-16T10:19:49.314+0000] {processor.py:839} INFO - DAG(s) dict_keys(['example_params_ui_tutorial']) retrieved from /home/airflow/.local/lib/python3.8/site-packages/airflow/example_dags/example_params_ui_tutorial.py
[2023-11-16T10:19:49.353+0000] {logging_mixin.py:151} INFO - [2023-11-16T10:19:49.352+0000] {dag.py:2941} INFO - Sync 1 DAGs
[2023-11-16T10:19:49.363+0000] {logging_mixin.py:151} INFO - [2023-11-16T10:19:49.363+0000] {dag.py:3722} INFO - Setting next_dagrun for example_params_ui_tutorial to None, run_after=None
[2023-11-16T10:19:49.374+0000] {processor.py:179} INFO - Processing /home/airflow/.local/lib/python3.8/site-packages/airflow/example_dags/example_params_ui_tutorial.py took 0.088 seconds
[2023-11-16T10:20:19.925+0000] {processor.py:157} INFO - Started process (PID=10275) to work on /home/airflow/.local/lib/python3.8/site-packages/airflow/example_dags/example_params_ui_tutorial.py
[2023-11-16T10:20:19.925+0000] {processor.py:829} INFO - Processing file /home/airflow/.local/lib/python3.8/site-packages/airflow/example_dags/example_params_ui_tutorial.py for tasks to queue
[2023-11-16T10:20:19.927+0000] {logging_mixin.py:151} INFO - [2023-11-16T10:20:19.926+0000] {dagbag.py:536} INFO - Filling up the DagBag from /home/airflow/.local/lib/python3.8/site-packages/airflow/example_dags/example_params_ui_tutorial.py
[2023-11-16T10:20:19.949+0000] {processor.py:839} INFO - DAG(s) dict_keys(['example_params_ui_tutorial']) retrieved from /home/airflow/.local/lib/python3.8/site-packages/airflow/example_dags/example_params_ui_tutorial.py
[2023-11-16T10:20:19.992+0000] {logging_mixin.py:151} INFO - [2023-11-16T10:20:19.992+0000] {dag.py:2941} INFO - Sync 1 DAGs
[2023-11-16T10:20:20.000+0000] {logging_mixin.py:151} INFO - [2023-11-16T10:20:20.000+0000] {dag.py:3722} INFO - Setting next_dagrun for example_params_ui_tutorial to None, run_after=None
[2023-11-16T10:20:20.013+0000] {processor.py:179} INFO - Processing /home/airflow/.local/lib/python3.8/site-packages/airflow/example_dags/example_params_ui_tutorial.py took 0.090 seconds
[2023-11-16T10:20:50.666+0000] {processor.py:157} INFO - Started process (PID=10331) to work on /home/airflow/.local/lib/python3.8/site-packages/airflow/example_dags/example_params_ui_tutorial.py
[2023-11-16T10:20:50.668+0000] {processor.py:829} INFO - Processing file /home/airflow/.local/lib/python3.8/site-packages/airflow/example_dags/example_params_ui_tutorial.py for tasks to queue
[2023-11-16T10:20:50.670+0000] {logging_mixin.py:151} INFO - [2023-11-16T10:20:50.669+0000] {dagbag.py:536} INFO - Filling up the DagBag from /home/airflow/.local/lib/python3.8/site-packages/airflow/example_dags/example_params_ui_tutorial.py
[2023-11-16T10:20:50.698+0000] {processor.py:839} INFO - DAG(s) dict_keys(['example_params_ui_tutorial']) retrieved from /home/airflow/.local/lib/python3.8/site-packages/airflow/example_dags/example_params_ui_tutorial.py
[2023-11-16T10:20:50.738+0000] {logging_mixin.py:151} INFO - [2023-11-16T10:20:50.738+0000] {dag.py:2941} INFO - Sync 1 DAGs
[2023-11-16T10:20:50.747+0000] {logging_mixin.py:151} INFO - [2023-11-16T10:20:50.746+0000] {dag.py:3722} INFO - Setting next_dagrun for example_params_ui_tutorial to None, run_after=None
[2023-11-16T10:20:50.762+0000] {processor.py:179} INFO - Processing /home/airflow/.local/lib/python3.8/site-packages/airflow/example_dags/example_params_ui_tutorial.py took 0.098 seconds
