[2023-11-16T09:44:18.823+0000] {processor.py:157} INFO - Started process (PID=6284) to work on /home/airflow/.local/lib/python3.8/site-packages/airflow/example_dags/tutorial.py
[2023-11-16T09:44:18.823+0000] {processor.py:829} INFO - Processing file /home/airflow/.local/lib/python3.8/site-packages/airflow/example_dags/tutorial.py for tasks to queue
[2023-11-16T09:44:18.825+0000] {logging_mixin.py:151} INFO - [2023-11-16T09:44:18.825+0000] {dagbag.py:536} INFO - Filling up the DagBag from /home/airflow/.local/lib/python3.8/site-packages/airflow/example_dags/tutorial.py
[2023-11-16T09:44:18.829+0000] {processor.py:839} INFO - DAG(s) dict_keys(['tutorial']) retrieved from /home/airflow/.local/lib/python3.8/site-packages/airflow/example_dags/tutorial.py
[2023-11-16T09:44:18.846+0000] {logging_mixin.py:151} INFO - [2023-11-16T09:44:18.846+0000] {dag.py:2941} INFO - Sync 1 DAGs
[2023-11-16T09:44:18.866+0000] {logging_mixin.py:151} INFO - [2023-11-16T09:44:18.865+0000] {dag.py:3722} INFO - Setting next_dagrun for tutorial to 2023-11-15T09:44:18.865662+00:00, run_after=2023-11-16T09:44:18.865662+00:00
[2023-11-16T09:44:18.878+0000] {processor.py:179} INFO - Processing /home/airflow/.local/lib/python3.8/site-packages/airflow/example_dags/tutorial.py took 0.058 seconds
[2023-11-16T09:44:48.958+0000] {processor.py:157} INFO - Started process (PID=6340) to work on /home/airflow/.local/lib/python3.8/site-packages/airflow/example_dags/tutorial.py
[2023-11-16T09:44:48.959+0000] {processor.py:829} INFO - Processing file /home/airflow/.local/lib/python3.8/site-packages/airflow/example_dags/tutorial.py for tasks to queue
[2023-11-16T09:44:48.960+0000] {logging_mixin.py:151} INFO - [2023-11-16T09:44:48.960+0000] {dagbag.py:536} INFO - Filling up the DagBag from /home/airflow/.local/lib/python3.8/site-packages/airflow/example_dags/tutorial.py
[2023-11-16T09:44:48.963+0000] {processor.py:839} INFO - DAG(s) dict_keys(['tutorial']) retrieved from /home/airflow/.local/lib/python3.8/site-packages/airflow/example_dags/tutorial.py
[2023-11-16T09:44:48.977+0000] {logging_mixin.py:151} INFO - [2023-11-16T09:44:48.977+0000] {dag.py:2941} INFO - Sync 1 DAGs
[2023-11-16T09:44:48.990+0000] {logging_mixin.py:151} INFO - [2023-11-16T09:44:48.990+0000] {dag.py:3722} INFO - Setting next_dagrun for tutorial to 2023-11-15T09:44:48.990564+00:00, run_after=2023-11-16T09:44:48.990564+00:00
[2023-11-16T09:44:49.002+0000] {processor.py:179} INFO - Processing /home/airflow/.local/lib/python3.8/site-packages/airflow/example_dags/tutorial.py took 0.046 seconds
[2023-11-16T09:45:19.109+0000] {processor.py:157} INFO - Started process (PID=6396) to work on /home/airflow/.local/lib/python3.8/site-packages/airflow/example_dags/tutorial.py
[2023-11-16T09:45:19.109+0000] {processor.py:829} INFO - Processing file /home/airflow/.local/lib/python3.8/site-packages/airflow/example_dags/tutorial.py for tasks to queue
[2023-11-16T09:45:19.111+0000] {logging_mixin.py:151} INFO - [2023-11-16T09:45:19.111+0000] {dagbag.py:536} INFO - Filling up the DagBag from /home/airflow/.local/lib/python3.8/site-packages/airflow/example_dags/tutorial.py
[2023-11-16T09:45:19.117+0000] {processor.py:839} INFO - DAG(s) dict_keys(['tutorial']) retrieved from /home/airflow/.local/lib/python3.8/site-packages/airflow/example_dags/tutorial.py
[2023-11-16T09:45:19.130+0000] {logging_mixin.py:151} INFO - [2023-11-16T09:45:19.130+0000] {dag.py:2941} INFO - Sync 1 DAGs
[2023-11-16T09:45:19.146+0000] {logging_mixin.py:151} INFO - [2023-11-16T09:45:19.146+0000] {dag.py:3722} INFO - Setting next_dagrun for tutorial to 2023-11-15T09:45:19.146455+00:00, run_after=2023-11-16T09:45:19.146455+00:00
[2023-11-16T09:45:19.162+0000] {processor.py:179} INFO - Processing /home/airflow/.local/lib/python3.8/site-packages/airflow/example_dags/tutorial.py took 0.056 seconds
[2023-11-16T09:45:49.206+0000] {processor.py:157} INFO - Started process (PID=6453) to work on /home/airflow/.local/lib/python3.8/site-packages/airflow/example_dags/tutorial.py
[2023-11-16T09:45:49.207+0000] {processor.py:829} INFO - Processing file /home/airflow/.local/lib/python3.8/site-packages/airflow/example_dags/tutorial.py for tasks to queue
[2023-11-16T09:45:49.208+0000] {logging_mixin.py:151} INFO - [2023-11-16T09:45:49.208+0000] {dagbag.py:536} INFO - Filling up the DagBag from /home/airflow/.local/lib/python3.8/site-packages/airflow/example_dags/tutorial.py
[2023-11-16T09:45:49.212+0000] {processor.py:839} INFO - DAG(s) dict_keys(['tutorial']) retrieved from /home/airflow/.local/lib/python3.8/site-packages/airflow/example_dags/tutorial.py
[2023-11-16T09:45:49.224+0000] {logging_mixin.py:151} INFO - [2023-11-16T09:45:49.224+0000] {dag.py:2941} INFO - Sync 1 DAGs
[2023-11-16T09:45:49.239+0000] {logging_mixin.py:151} INFO - [2023-11-16T09:45:49.239+0000] {dag.py:3722} INFO - Setting next_dagrun for tutorial to 2023-11-15T09:45:49.239204+00:00, run_after=2023-11-16T09:45:49.239204+00:00
[2023-11-16T09:45:49.250+0000] {processor.py:179} INFO - Processing /home/airflow/.local/lib/python3.8/site-packages/airflow/example_dags/tutorial.py took 0.046 seconds
[2023-11-16T09:46:19.358+0000] {processor.py:157} INFO - Started process (PID=6509) to work on /home/airflow/.local/lib/python3.8/site-packages/airflow/example_dags/tutorial.py
[2023-11-16T09:46:19.358+0000] {processor.py:829} INFO - Processing file /home/airflow/.local/lib/python3.8/site-packages/airflow/example_dags/tutorial.py for tasks to queue
[2023-11-16T09:46:19.359+0000] {logging_mixin.py:151} INFO - [2023-11-16T09:46:19.359+0000] {dagbag.py:536} INFO - Filling up the DagBag from /home/airflow/.local/lib/python3.8/site-packages/airflow/example_dags/tutorial.py
[2023-11-16T09:46:19.363+0000] {processor.py:839} INFO - DAG(s) dict_keys(['tutorial']) retrieved from /home/airflow/.local/lib/python3.8/site-packages/airflow/example_dags/tutorial.py
[2023-11-16T09:46:19.378+0000] {logging_mixin.py:151} INFO - [2023-11-16T09:46:19.377+0000] {dag.py:2941} INFO - Sync 1 DAGs
[2023-11-16T09:46:19.396+0000] {logging_mixin.py:151} INFO - [2023-11-16T09:46:19.396+0000] {dag.py:3722} INFO - Setting next_dagrun for tutorial to 2023-11-15T09:46:19.396225+00:00, run_after=2023-11-16T09:46:19.396225+00:00
[2023-11-16T09:46:19.411+0000] {processor.py:179} INFO - Processing /home/airflow/.local/lib/python3.8/site-packages/airflow/example_dags/tutorial.py took 0.055 seconds
[2023-11-16T09:46:49.430+0000] {processor.py:157} INFO - Started process (PID=6565) to work on /home/airflow/.local/lib/python3.8/site-packages/airflow/example_dags/tutorial.py
[2023-11-16T09:46:49.430+0000] {processor.py:829} INFO - Processing file /home/airflow/.local/lib/python3.8/site-packages/airflow/example_dags/tutorial.py for tasks to queue
[2023-11-16T09:46:49.431+0000] {logging_mixin.py:151} INFO - [2023-11-16T09:46:49.431+0000] {dagbag.py:536} INFO - Filling up the DagBag from /home/airflow/.local/lib/python3.8/site-packages/airflow/example_dags/tutorial.py
[2023-11-16T09:46:49.436+0000] {processor.py:839} INFO - DAG(s) dict_keys(['tutorial']) retrieved from /home/airflow/.local/lib/python3.8/site-packages/airflow/example_dags/tutorial.py
[2023-11-16T09:46:49.451+0000] {logging_mixin.py:151} INFO - [2023-11-16T09:46:49.451+0000] {dag.py:2941} INFO - Sync 1 DAGs
[2023-11-16T09:46:49.468+0000] {logging_mixin.py:151} INFO - [2023-11-16T09:46:49.468+0000] {dag.py:3722} INFO - Setting next_dagrun for tutorial to 2023-11-15T09:46:49.468221+00:00, run_after=2023-11-16T09:46:49.468221+00:00
[2023-11-16T09:46:49.481+0000] {processor.py:179} INFO - Processing /home/airflow/.local/lib/python3.8/site-packages/airflow/example_dags/tutorial.py took 0.054 seconds
[2023-11-16T09:47:19.563+0000] {processor.py:157} INFO - Started process (PID=6621) to work on /home/airflow/.local/lib/python3.8/site-packages/airflow/example_dags/tutorial.py
[2023-11-16T09:47:19.563+0000] {processor.py:829} INFO - Processing file /home/airflow/.local/lib/python3.8/site-packages/airflow/example_dags/tutorial.py for tasks to queue
[2023-11-16T09:47:19.564+0000] {logging_mixin.py:151} INFO - [2023-11-16T09:47:19.564+0000] {dagbag.py:536} INFO - Filling up the DagBag from /home/airflow/.local/lib/python3.8/site-packages/airflow/example_dags/tutorial.py
[2023-11-16T09:47:19.568+0000] {processor.py:839} INFO - DAG(s) dict_keys(['tutorial']) retrieved from /home/airflow/.local/lib/python3.8/site-packages/airflow/example_dags/tutorial.py
[2023-11-16T09:47:19.584+0000] {logging_mixin.py:151} INFO - [2023-11-16T09:47:19.584+0000] {dag.py:2941} INFO - Sync 1 DAGs
[2023-11-16T09:47:19.602+0000] {logging_mixin.py:151} INFO - [2023-11-16T09:47:19.602+0000] {dag.py:3722} INFO - Setting next_dagrun for tutorial to 2023-11-15T09:47:19.602234+00:00, run_after=2023-11-16T09:47:19.602234+00:00
[2023-11-16T09:47:19.617+0000] {processor.py:179} INFO - Processing /home/airflow/.local/lib/python3.8/site-packages/airflow/example_dags/tutorial.py took 0.056 seconds
[2023-11-16T09:47:49.715+0000] {processor.py:157} INFO - Started process (PID=6677) to work on /home/airflow/.local/lib/python3.8/site-packages/airflow/example_dags/tutorial.py
[2023-11-16T09:47:49.715+0000] {processor.py:829} INFO - Processing file /home/airflow/.local/lib/python3.8/site-packages/airflow/example_dags/tutorial.py for tasks to queue
[2023-11-16T09:47:49.716+0000] {logging_mixin.py:151} INFO - [2023-11-16T09:47:49.716+0000] {dagbag.py:536} INFO - Filling up the DagBag from /home/airflow/.local/lib/python3.8/site-packages/airflow/example_dags/tutorial.py
[2023-11-16T09:47:49.719+0000] {processor.py:839} INFO - DAG(s) dict_keys(['tutorial']) retrieved from /home/airflow/.local/lib/python3.8/site-packages/airflow/example_dags/tutorial.py
[2023-11-16T09:47:49.731+0000] {logging_mixin.py:151} INFO - [2023-11-16T09:47:49.731+0000] {dag.py:2941} INFO - Sync 1 DAGs
[2023-11-16T09:47:49.745+0000] {logging_mixin.py:151} INFO - [2023-11-16T09:47:49.745+0000] {dag.py:3722} INFO - Setting next_dagrun for tutorial to 2023-11-15T09:47:49.745237+00:00, run_after=2023-11-16T09:47:49.745237+00:00
[2023-11-16T09:47:49.757+0000] {processor.py:179} INFO - Processing /home/airflow/.local/lib/python3.8/site-packages/airflow/example_dags/tutorial.py took 0.044 seconds
[2023-11-16T09:48:19.780+0000] {processor.py:157} INFO - Started process (PID=6732) to work on /home/airflow/.local/lib/python3.8/site-packages/airflow/example_dags/tutorial.py
[2023-11-16T09:48:19.782+0000] {processor.py:829} INFO - Processing file /home/airflow/.local/lib/python3.8/site-packages/airflow/example_dags/tutorial.py for tasks to queue
[2023-11-16T09:48:19.783+0000] {logging_mixin.py:151} INFO - [2023-11-16T09:48:19.783+0000] {dagbag.py:536} INFO - Filling up the DagBag from /home/airflow/.local/lib/python3.8/site-packages/airflow/example_dags/tutorial.py
[2023-11-16T09:48:19.788+0000] {processor.py:839} INFO - DAG(s) dict_keys(['tutorial']) retrieved from /home/airflow/.local/lib/python3.8/site-packages/airflow/example_dags/tutorial.py
[2023-11-16T09:48:19.809+0000] {logging_mixin.py:151} INFO - [2023-11-16T09:48:19.809+0000] {dag.py:2941} INFO - Sync 1 DAGs
[2023-11-16T09:48:19.830+0000] {logging_mixin.py:151} INFO - [2023-11-16T09:48:19.829+0000] {dag.py:3722} INFO - Setting next_dagrun for tutorial to 2023-11-15T09:48:19.829618+00:00, run_after=2023-11-16T09:48:19.829618+00:00
[2023-11-16T09:48:19.849+0000] {processor.py:179} INFO - Processing /home/airflow/.local/lib/python3.8/site-packages/airflow/example_dags/tutorial.py took 0.071 seconds
[2023-11-16T09:48:49.875+0000] {processor.py:157} INFO - Started process (PID=6788) to work on /home/airflow/.local/lib/python3.8/site-packages/airflow/example_dags/tutorial.py
[2023-11-16T09:48:49.875+0000] {processor.py:829} INFO - Processing file /home/airflow/.local/lib/python3.8/site-packages/airflow/example_dags/tutorial.py for tasks to queue
[2023-11-16T09:48:49.876+0000] {logging_mixin.py:151} INFO - [2023-11-16T09:48:49.876+0000] {dagbag.py:536} INFO - Filling up the DagBag from /home/airflow/.local/lib/python3.8/site-packages/airflow/example_dags/tutorial.py
[2023-11-16T09:48:49.880+0000] {processor.py:839} INFO - DAG(s) dict_keys(['tutorial']) retrieved from /home/airflow/.local/lib/python3.8/site-packages/airflow/example_dags/tutorial.py
[2023-11-16T09:48:49.893+0000] {logging_mixin.py:151} INFO - [2023-11-16T09:48:49.893+0000] {dag.py:2941} INFO - Sync 1 DAGs
[2023-11-16T09:48:49.908+0000] {logging_mixin.py:151} INFO - [2023-11-16T09:48:49.908+0000] {dag.py:3722} INFO - Setting next_dagrun for tutorial to 2023-11-15T09:48:49.908217+00:00, run_after=2023-11-16T09:48:49.908217+00:00
[2023-11-16T09:48:49.921+0000] {processor.py:179} INFO - Processing /home/airflow/.local/lib/python3.8/site-packages/airflow/example_dags/tutorial.py took 0.049 seconds
[2023-11-16T09:49:20.038+0000] {processor.py:157} INFO - Started process (PID=6844) to work on /home/airflow/.local/lib/python3.8/site-packages/airflow/example_dags/tutorial.py
[2023-11-16T09:49:20.038+0000] {processor.py:829} INFO - Processing file /home/airflow/.local/lib/python3.8/site-packages/airflow/example_dags/tutorial.py for tasks to queue
[2023-11-16T09:49:20.039+0000] {logging_mixin.py:151} INFO - [2023-11-16T09:49:20.039+0000] {dagbag.py:536} INFO - Filling up the DagBag from /home/airflow/.local/lib/python3.8/site-packages/airflow/example_dags/tutorial.py
[2023-11-16T09:49:20.043+0000] {processor.py:839} INFO - DAG(s) dict_keys(['tutorial']) retrieved from /home/airflow/.local/lib/python3.8/site-packages/airflow/example_dags/tutorial.py
[2023-11-16T09:49:20.056+0000] {logging_mixin.py:151} INFO - [2023-11-16T09:49:20.055+0000] {dag.py:2941} INFO - Sync 1 DAGs
[2023-11-16T09:49:20.072+0000] {logging_mixin.py:151} INFO - [2023-11-16T09:49:20.072+0000] {dag.py:3722} INFO - Setting next_dagrun for tutorial to 2023-11-15T09:49:20.072504+00:00, run_after=2023-11-16T09:49:20.072504+00:00
[2023-11-16T09:49:20.084+0000] {processor.py:179} INFO - Processing /home/airflow/.local/lib/python3.8/site-packages/airflow/example_dags/tutorial.py took 0.048 seconds
[2023-11-16T09:49:50.141+0000] {processor.py:157} INFO - Started process (PID=6900) to work on /home/airflow/.local/lib/python3.8/site-packages/airflow/example_dags/tutorial.py
[2023-11-16T09:49:50.142+0000] {processor.py:829} INFO - Processing file /home/airflow/.local/lib/python3.8/site-packages/airflow/example_dags/tutorial.py for tasks to queue
[2023-11-16T09:49:50.143+0000] {logging_mixin.py:151} INFO - [2023-11-16T09:49:50.143+0000] {dagbag.py:536} INFO - Filling up the DagBag from /home/airflow/.local/lib/python3.8/site-packages/airflow/example_dags/tutorial.py
[2023-11-16T09:49:50.146+0000] {processor.py:839} INFO - DAG(s) dict_keys(['tutorial']) retrieved from /home/airflow/.local/lib/python3.8/site-packages/airflow/example_dags/tutorial.py
[2023-11-16T09:49:50.157+0000] {logging_mixin.py:151} INFO - [2023-11-16T09:49:50.157+0000] {dag.py:2941} INFO - Sync 1 DAGs
[2023-11-16T09:49:50.171+0000] {logging_mixin.py:151} INFO - [2023-11-16T09:49:50.170+0000] {dag.py:3722} INFO - Setting next_dagrun for tutorial to 2023-11-15T09:49:50.170827+00:00, run_after=2023-11-16T09:49:50.170827+00:00
[2023-11-16T09:49:50.181+0000] {processor.py:179} INFO - Processing /home/airflow/.local/lib/python3.8/site-packages/airflow/example_dags/tutorial.py took 0.042 seconds
[2023-11-16T09:50:20.216+0000] {processor.py:157} INFO - Started process (PID=6956) to work on /home/airflow/.local/lib/python3.8/site-packages/airflow/example_dags/tutorial.py
[2023-11-16T09:50:20.217+0000] {processor.py:829} INFO - Processing file /home/airflow/.local/lib/python3.8/site-packages/airflow/example_dags/tutorial.py for tasks to queue
[2023-11-16T09:50:20.218+0000] {logging_mixin.py:151} INFO - [2023-11-16T09:50:20.218+0000] {dagbag.py:536} INFO - Filling up the DagBag from /home/airflow/.local/lib/python3.8/site-packages/airflow/example_dags/tutorial.py
[2023-11-16T09:50:20.222+0000] {processor.py:839} INFO - DAG(s) dict_keys(['tutorial']) retrieved from /home/airflow/.local/lib/python3.8/site-packages/airflow/example_dags/tutorial.py
[2023-11-16T09:50:20.234+0000] {logging_mixin.py:151} INFO - [2023-11-16T09:50:20.234+0000] {dag.py:2941} INFO - Sync 1 DAGs
[2023-11-16T09:50:20.248+0000] {logging_mixin.py:151} INFO - [2023-11-16T09:50:20.248+0000] {dag.py:3722} INFO - Setting next_dagrun for tutorial to 2023-11-15T09:50:20.248555+00:00, run_after=2023-11-16T09:50:20.248555+00:00
[2023-11-16T09:50:20.259+0000] {processor.py:179} INFO - Processing /home/airflow/.local/lib/python3.8/site-packages/airflow/example_dags/tutorial.py took 0.045 seconds
[2023-11-16T09:50:50.505+0000] {processor.py:157} INFO - Started process (PID=7012) to work on /home/airflow/.local/lib/python3.8/site-packages/airflow/example_dags/tutorial.py
[2023-11-16T09:50:50.506+0000] {processor.py:829} INFO - Processing file /home/airflow/.local/lib/python3.8/site-packages/airflow/example_dags/tutorial.py for tasks to queue
[2023-11-16T09:50:50.508+0000] {logging_mixin.py:151} INFO - [2023-11-16T09:50:50.507+0000] {dagbag.py:536} INFO - Filling up the DagBag from /home/airflow/.local/lib/python3.8/site-packages/airflow/example_dags/tutorial.py
[2023-11-16T09:50:50.512+0000] {processor.py:839} INFO - DAG(s) dict_keys(['tutorial']) retrieved from /home/airflow/.local/lib/python3.8/site-packages/airflow/example_dags/tutorial.py
[2023-11-16T09:50:50.532+0000] {logging_mixin.py:151} INFO - [2023-11-16T09:50:50.531+0000] {dag.py:2941} INFO - Sync 1 DAGs
[2023-11-16T09:50:50.553+0000] {logging_mixin.py:151} INFO - [2023-11-16T09:50:50.553+0000] {dag.py:3722} INFO - Setting next_dagrun for tutorial to 2023-11-15T09:50:50.553221+00:00, run_after=2023-11-16T09:50:50.553221+00:00
[2023-11-16T09:50:50.571+0000] {processor.py:179} INFO - Processing /home/airflow/.local/lib/python3.8/site-packages/airflow/example_dags/tutorial.py took 0.069 seconds
[2023-11-16T09:51:20.653+0000] {processor.py:157} INFO - Started process (PID=7069) to work on /home/airflow/.local/lib/python3.8/site-packages/airflow/example_dags/tutorial.py
[2023-11-16T09:51:20.654+0000] {processor.py:829} INFO - Processing file /home/airflow/.local/lib/python3.8/site-packages/airflow/example_dags/tutorial.py for tasks to queue
[2023-11-16T09:51:20.655+0000] {logging_mixin.py:151} INFO - [2023-11-16T09:51:20.655+0000] {dagbag.py:536} INFO - Filling up the DagBag from /home/airflow/.local/lib/python3.8/site-packages/airflow/example_dags/tutorial.py
[2023-11-16T09:51:20.659+0000] {processor.py:839} INFO - DAG(s) dict_keys(['tutorial']) retrieved from /home/airflow/.local/lib/python3.8/site-packages/airflow/example_dags/tutorial.py
[2023-11-16T09:51:20.672+0000] {logging_mixin.py:151} INFO - [2023-11-16T09:51:20.672+0000] {dag.py:2941} INFO - Sync 1 DAGs
[2023-11-16T09:51:20.685+0000] {logging_mixin.py:151} INFO - [2023-11-16T09:51:20.685+0000] {dag.py:3722} INFO - Setting next_dagrun for tutorial to 2023-11-15T09:51:20.685372+00:00, run_after=2023-11-16T09:51:20.685372+00:00
[2023-11-16T09:51:20.696+0000] {processor.py:179} INFO - Processing /home/airflow/.local/lib/python3.8/site-packages/airflow/example_dags/tutorial.py took 0.045 seconds
[2023-11-16T09:51:50.815+0000] {processor.py:157} INFO - Started process (PID=7125) to work on /home/airflow/.local/lib/python3.8/site-packages/airflow/example_dags/tutorial.py
[2023-11-16T09:51:50.815+0000] {processor.py:829} INFO - Processing file /home/airflow/.local/lib/python3.8/site-packages/airflow/example_dags/tutorial.py for tasks to queue
[2023-11-16T09:51:50.816+0000] {logging_mixin.py:151} INFO - [2023-11-16T09:51:50.816+0000] {dagbag.py:536} INFO - Filling up the DagBag from /home/airflow/.local/lib/python3.8/site-packages/airflow/example_dags/tutorial.py
[2023-11-16T09:51:50.820+0000] {processor.py:839} INFO - DAG(s) dict_keys(['tutorial']) retrieved from /home/airflow/.local/lib/python3.8/site-packages/airflow/example_dags/tutorial.py
[2023-11-16T09:51:50.835+0000] {logging_mixin.py:151} INFO - [2023-11-16T09:51:50.835+0000] {dag.py:2941} INFO - Sync 1 DAGs
[2023-11-16T09:51:50.853+0000] {logging_mixin.py:151} INFO - [2023-11-16T09:51:50.853+0000] {dag.py:3722} INFO - Setting next_dagrun for tutorial to 2023-11-15T09:51:50.853166+00:00, run_after=2023-11-16T09:51:50.853166+00:00
[2023-11-16T09:51:50.867+0000] {processor.py:179} INFO - Processing /home/airflow/.local/lib/python3.8/site-packages/airflow/example_dags/tutorial.py took 0.054 seconds
[2023-11-16T09:52:20.900+0000] {processor.py:157} INFO - Started process (PID=7181) to work on /home/airflow/.local/lib/python3.8/site-packages/airflow/example_dags/tutorial.py
[2023-11-16T09:52:20.900+0000] {processor.py:829} INFO - Processing file /home/airflow/.local/lib/python3.8/site-packages/airflow/example_dags/tutorial.py for tasks to queue
[2023-11-16T09:52:20.901+0000] {logging_mixin.py:151} INFO - [2023-11-16T09:52:20.901+0000] {dagbag.py:536} INFO - Filling up the DagBag from /home/airflow/.local/lib/python3.8/site-packages/airflow/example_dags/tutorial.py
[2023-11-16T09:52:20.905+0000] {processor.py:839} INFO - DAG(s) dict_keys(['tutorial']) retrieved from /home/airflow/.local/lib/python3.8/site-packages/airflow/example_dags/tutorial.py
[2023-11-16T09:52:20.920+0000] {logging_mixin.py:151} INFO - [2023-11-16T09:52:20.919+0000] {dag.py:2941} INFO - Sync 1 DAGs
[2023-11-16T09:52:20.938+0000] {logging_mixin.py:151} INFO - [2023-11-16T09:52:20.937+0000] {dag.py:3722} INFO - Setting next_dagrun for tutorial to 2023-11-15T09:52:20.937594+00:00, run_after=2023-11-16T09:52:20.937594+00:00
[2023-11-16T09:52:20.951+0000] {processor.py:179} INFO - Processing /home/airflow/.local/lib/python3.8/site-packages/airflow/example_dags/tutorial.py took 0.054 seconds
[2023-11-16T09:52:51.763+0000] {processor.py:157} INFO - Started process (PID=7238) to work on /home/airflow/.local/lib/python3.8/site-packages/airflow/example_dags/tutorial.py
[2023-11-16T09:52:51.763+0000] {processor.py:829} INFO - Processing file /home/airflow/.local/lib/python3.8/site-packages/airflow/example_dags/tutorial.py for tasks to queue
[2023-11-16T09:52:51.765+0000] {logging_mixin.py:151} INFO - [2023-11-16T09:52:51.765+0000] {dagbag.py:536} INFO - Filling up the DagBag from /home/airflow/.local/lib/python3.8/site-packages/airflow/example_dags/tutorial.py
[2023-11-16T09:52:51.769+0000] {processor.py:839} INFO - DAG(s) dict_keys(['tutorial']) retrieved from /home/airflow/.local/lib/python3.8/site-packages/airflow/example_dags/tutorial.py
[2023-11-16T09:52:51.781+0000] {logging_mixin.py:151} INFO - [2023-11-16T09:52:51.781+0000] {dag.py:2941} INFO - Sync 1 DAGs
[2023-11-16T09:52:51.798+0000] {logging_mixin.py:151} INFO - [2023-11-16T09:52:51.798+0000] {dag.py:3722} INFO - Setting next_dagrun for tutorial to 2023-11-15T09:52:51.797997+00:00, run_after=2023-11-16T09:52:51.797997+00:00
[2023-11-16T09:52:51.813+0000] {processor.py:179} INFO - Processing /home/airflow/.local/lib/python3.8/site-packages/airflow/example_dags/tutorial.py took 0.052 seconds
[2023-11-16T09:53:22.465+0000] {processor.py:157} INFO - Started process (PID=7294) to work on /home/airflow/.local/lib/python3.8/site-packages/airflow/example_dags/tutorial.py
[2023-11-16T09:53:22.466+0000] {processor.py:829} INFO - Processing file /home/airflow/.local/lib/python3.8/site-packages/airflow/example_dags/tutorial.py for tasks to queue
[2023-11-16T09:53:22.467+0000] {logging_mixin.py:151} INFO - [2023-11-16T09:53:22.467+0000] {dagbag.py:536} INFO - Filling up the DagBag from /home/airflow/.local/lib/python3.8/site-packages/airflow/example_dags/tutorial.py
[2023-11-16T09:53:22.471+0000] {processor.py:839} INFO - DAG(s) dict_keys(['tutorial']) retrieved from /home/airflow/.local/lib/python3.8/site-packages/airflow/example_dags/tutorial.py
[2023-11-16T09:53:22.486+0000] {logging_mixin.py:151} INFO - [2023-11-16T09:53:22.486+0000] {dag.py:2941} INFO - Sync 1 DAGs
[2023-11-16T09:53:22.506+0000] {logging_mixin.py:151} INFO - [2023-11-16T09:53:22.505+0000] {dag.py:3722} INFO - Setting next_dagrun for tutorial to 2023-11-15T09:53:22.505784+00:00, run_after=2023-11-16T09:53:22.505784+00:00
[2023-11-16T09:53:22.520+0000] {processor.py:179} INFO - Processing /home/airflow/.local/lib/python3.8/site-packages/airflow/example_dags/tutorial.py took 0.057 seconds
[2023-11-16T09:53:52.604+0000] {processor.py:157} INFO - Started process (PID=7349) to work on /home/airflow/.local/lib/python3.8/site-packages/airflow/example_dags/tutorial.py
[2023-11-16T09:53:52.604+0000] {processor.py:829} INFO - Processing file /home/airflow/.local/lib/python3.8/site-packages/airflow/example_dags/tutorial.py for tasks to queue
[2023-11-16T09:53:52.605+0000] {logging_mixin.py:151} INFO - [2023-11-16T09:53:52.605+0000] {dagbag.py:536} INFO - Filling up the DagBag from /home/airflow/.local/lib/python3.8/site-packages/airflow/example_dags/tutorial.py
[2023-11-16T09:53:52.609+0000] {processor.py:839} INFO - DAG(s) dict_keys(['tutorial']) retrieved from /home/airflow/.local/lib/python3.8/site-packages/airflow/example_dags/tutorial.py
[2023-11-16T09:53:52.621+0000] {logging_mixin.py:151} INFO - [2023-11-16T09:53:52.621+0000] {dag.py:2941} INFO - Sync 1 DAGs
[2023-11-16T09:53:52.635+0000] {logging_mixin.py:151} INFO - [2023-11-16T09:53:52.634+0000] {dag.py:3722} INFO - Setting next_dagrun for tutorial to 2023-11-15T09:53:52.634784+00:00, run_after=2023-11-16T09:53:52.634784+00:00
[2023-11-16T09:53:52.646+0000] {processor.py:179} INFO - Processing /home/airflow/.local/lib/python3.8/site-packages/airflow/example_dags/tutorial.py took 0.045 seconds
[2023-11-16T09:54:22.668+0000] {processor.py:157} INFO - Started process (PID=7405) to work on /home/airflow/.local/lib/python3.8/site-packages/airflow/example_dags/tutorial.py
[2023-11-16T09:54:22.669+0000] {processor.py:829} INFO - Processing file /home/airflow/.local/lib/python3.8/site-packages/airflow/example_dags/tutorial.py for tasks to queue
[2023-11-16T09:54:22.670+0000] {logging_mixin.py:151} INFO - [2023-11-16T09:54:22.670+0000] {dagbag.py:536} INFO - Filling up the DagBag from /home/airflow/.local/lib/python3.8/site-packages/airflow/example_dags/tutorial.py
[2023-11-16T09:54:22.674+0000] {processor.py:839} INFO - DAG(s) dict_keys(['tutorial']) retrieved from /home/airflow/.local/lib/python3.8/site-packages/airflow/example_dags/tutorial.py
[2023-11-16T09:54:22.686+0000] {logging_mixin.py:151} INFO - [2023-11-16T09:54:22.686+0000] {dag.py:2941} INFO - Sync 1 DAGs
[2023-11-16T09:54:22.700+0000] {logging_mixin.py:151} INFO - [2023-11-16T09:54:22.699+0000] {dag.py:3722} INFO - Setting next_dagrun for tutorial to 2023-11-15T09:54:22.699856+00:00, run_after=2023-11-16T09:54:22.699856+00:00
[2023-11-16T09:54:22.711+0000] {processor.py:179} INFO - Processing /home/airflow/.local/lib/python3.8/site-packages/airflow/example_dags/tutorial.py took 0.045 seconds
[2023-11-16T09:54:52.759+0000] {processor.py:157} INFO - Started process (PID=7461) to work on /home/airflow/.local/lib/python3.8/site-packages/airflow/example_dags/tutorial.py
[2023-11-16T09:54:52.760+0000] {processor.py:829} INFO - Processing file /home/airflow/.local/lib/python3.8/site-packages/airflow/example_dags/tutorial.py for tasks to queue
[2023-11-16T09:54:52.761+0000] {logging_mixin.py:151} INFO - [2023-11-16T09:54:52.761+0000] {dagbag.py:536} INFO - Filling up the DagBag from /home/airflow/.local/lib/python3.8/site-packages/airflow/example_dags/tutorial.py
[2023-11-16T09:54:52.764+0000] {processor.py:839} INFO - DAG(s) dict_keys(['tutorial']) retrieved from /home/airflow/.local/lib/python3.8/site-packages/airflow/example_dags/tutorial.py
[2023-11-16T09:54:52.777+0000] {logging_mixin.py:151} INFO - [2023-11-16T09:54:52.777+0000] {dag.py:2941} INFO - Sync 1 DAGs
[2023-11-16T09:54:52.790+0000] {logging_mixin.py:151} INFO - [2023-11-16T09:54:52.790+0000] {dag.py:3722} INFO - Setting next_dagrun for tutorial to 2023-11-15T09:54:52.790497+00:00, run_after=2023-11-16T09:54:52.790497+00:00
[2023-11-16T09:54:52.808+0000] {processor.py:179} INFO - Processing /home/airflow/.local/lib/python3.8/site-packages/airflow/example_dags/tutorial.py took 0.050 seconds
[2023-11-16T09:55:22.894+0000] {processor.py:157} INFO - Started process (PID=7517) to work on /home/airflow/.local/lib/python3.8/site-packages/airflow/example_dags/tutorial.py
[2023-11-16T09:55:22.895+0000] {processor.py:829} INFO - Processing file /home/airflow/.local/lib/python3.8/site-packages/airflow/example_dags/tutorial.py for tasks to queue
[2023-11-16T09:55:22.896+0000] {logging_mixin.py:151} INFO - [2023-11-16T09:55:22.896+0000] {dagbag.py:536} INFO - Filling up the DagBag from /home/airflow/.local/lib/python3.8/site-packages/airflow/example_dags/tutorial.py
[2023-11-16T09:55:22.899+0000] {processor.py:839} INFO - DAG(s) dict_keys(['tutorial']) retrieved from /home/airflow/.local/lib/python3.8/site-packages/airflow/example_dags/tutorial.py
[2023-11-16T09:55:22.912+0000] {logging_mixin.py:151} INFO - [2023-11-16T09:55:22.912+0000] {dag.py:2941} INFO - Sync 1 DAGs
[2023-11-16T09:55:22.927+0000] {logging_mixin.py:151} INFO - [2023-11-16T09:55:22.927+0000] {dag.py:3722} INFO - Setting next_dagrun for tutorial to 2023-11-15T09:55:22.927572+00:00, run_after=2023-11-16T09:55:22.927572+00:00
[2023-11-16T09:55:22.944+0000] {processor.py:179} INFO - Processing /home/airflow/.local/lib/python3.8/site-packages/airflow/example_dags/tutorial.py took 0.052 seconds
[2023-11-16T09:55:53.013+0000] {processor.py:157} INFO - Started process (PID=7572) to work on /home/airflow/.local/lib/python3.8/site-packages/airflow/example_dags/tutorial.py
[2023-11-16T09:55:53.013+0000] {processor.py:829} INFO - Processing file /home/airflow/.local/lib/python3.8/site-packages/airflow/example_dags/tutorial.py for tasks to queue
[2023-11-16T09:55:53.014+0000] {logging_mixin.py:151} INFO - [2023-11-16T09:55:53.014+0000] {dagbag.py:536} INFO - Filling up the DagBag from /home/airflow/.local/lib/python3.8/site-packages/airflow/example_dags/tutorial.py
[2023-11-16T09:55:53.018+0000] {processor.py:839} INFO - DAG(s) dict_keys(['tutorial']) retrieved from /home/airflow/.local/lib/python3.8/site-packages/airflow/example_dags/tutorial.py
[2023-11-16T09:55:53.030+0000] {logging_mixin.py:151} INFO - [2023-11-16T09:55:53.030+0000] {dag.py:2941} INFO - Sync 1 DAGs
[2023-11-16T09:55:53.043+0000] {logging_mixin.py:151} INFO - [2023-11-16T09:55:53.043+0000] {dag.py:3722} INFO - Setting next_dagrun for tutorial to 2023-11-15T09:55:53.043307+00:00, run_after=2023-11-16T09:55:53.043307+00:00
[2023-11-16T09:55:53.053+0000] {processor.py:179} INFO - Processing /home/airflow/.local/lib/python3.8/site-packages/airflow/example_dags/tutorial.py took 0.042 seconds
[2023-11-16T09:56:23.128+0000] {processor.py:157} INFO - Started process (PID=7628) to work on /home/airflow/.local/lib/python3.8/site-packages/airflow/example_dags/tutorial.py
[2023-11-16T09:56:23.128+0000] {processor.py:829} INFO - Processing file /home/airflow/.local/lib/python3.8/site-packages/airflow/example_dags/tutorial.py for tasks to queue
[2023-11-16T09:56:23.130+0000] {logging_mixin.py:151} INFO - [2023-11-16T09:56:23.129+0000] {dagbag.py:536} INFO - Filling up the DagBag from /home/airflow/.local/lib/python3.8/site-packages/airflow/example_dags/tutorial.py
[2023-11-16T09:56:23.133+0000] {processor.py:839} INFO - DAG(s) dict_keys(['tutorial']) retrieved from /home/airflow/.local/lib/python3.8/site-packages/airflow/example_dags/tutorial.py
[2023-11-16T09:56:23.145+0000] {logging_mixin.py:151} INFO - [2023-11-16T09:56:23.145+0000] {dag.py:2941} INFO - Sync 1 DAGs
[2023-11-16T09:56:23.159+0000] {logging_mixin.py:151} INFO - [2023-11-16T09:56:23.159+0000] {dag.py:3722} INFO - Setting next_dagrun for tutorial to 2023-11-15T09:56:23.159455+00:00, run_after=2023-11-16T09:56:23.159455+00:00
[2023-11-16T09:56:23.171+0000] {processor.py:179} INFO - Processing /home/airflow/.local/lib/python3.8/site-packages/airflow/example_dags/tutorial.py took 0.045 seconds
[2023-11-16T09:56:53.541+0000] {processor.py:157} INFO - Started process (PID=7685) to work on /home/airflow/.local/lib/python3.8/site-packages/airflow/example_dags/tutorial.py
[2023-11-16T09:56:53.541+0000] {processor.py:829} INFO - Processing file /home/airflow/.local/lib/python3.8/site-packages/airflow/example_dags/tutorial.py for tasks to queue
[2023-11-16T09:56:53.542+0000] {logging_mixin.py:151} INFO - [2023-11-16T09:56:53.542+0000] {dagbag.py:536} INFO - Filling up the DagBag from /home/airflow/.local/lib/python3.8/site-packages/airflow/example_dags/tutorial.py
[2023-11-16T09:56:53.546+0000] {processor.py:839} INFO - DAG(s) dict_keys(['tutorial']) retrieved from /home/airflow/.local/lib/python3.8/site-packages/airflow/example_dags/tutorial.py
[2023-11-16T09:56:53.562+0000] {logging_mixin.py:151} INFO - [2023-11-16T09:56:53.561+0000] {dag.py:2941} INFO - Sync 1 DAGs
[2023-11-16T09:56:53.582+0000] {logging_mixin.py:151} INFO - [2023-11-16T09:56:53.581+0000] {dag.py:3722} INFO - Setting next_dagrun for tutorial to 2023-11-15T09:56:53.581795+00:00, run_after=2023-11-16T09:56:53.581795+00:00
[2023-11-16T09:56:53.594+0000] {processor.py:179} INFO - Processing /home/airflow/.local/lib/python3.8/site-packages/airflow/example_dags/tutorial.py took 0.055 seconds
[2023-11-16T09:57:23.652+0000] {processor.py:157} INFO - Started process (PID=7741) to work on /home/airflow/.local/lib/python3.8/site-packages/airflow/example_dags/tutorial.py
[2023-11-16T09:57:23.652+0000] {processor.py:829} INFO - Processing file /home/airflow/.local/lib/python3.8/site-packages/airflow/example_dags/tutorial.py for tasks to queue
[2023-11-16T09:57:23.653+0000] {logging_mixin.py:151} INFO - [2023-11-16T09:57:23.653+0000] {dagbag.py:536} INFO - Filling up the DagBag from /home/airflow/.local/lib/python3.8/site-packages/airflow/example_dags/tutorial.py
[2023-11-16T09:57:23.657+0000] {processor.py:839} INFO - DAG(s) dict_keys(['tutorial']) retrieved from /home/airflow/.local/lib/python3.8/site-packages/airflow/example_dags/tutorial.py
[2023-11-16T09:57:23.668+0000] {logging_mixin.py:151} INFO - [2023-11-16T09:57:23.668+0000] {dag.py:2941} INFO - Sync 1 DAGs
[2023-11-16T09:57:23.682+0000] {logging_mixin.py:151} INFO - [2023-11-16T09:57:23.682+0000] {dag.py:3722} INFO - Setting next_dagrun for tutorial to 2023-11-15T09:57:23.681981+00:00, run_after=2023-11-16T09:57:23.681981+00:00
[2023-11-16T09:57:23.693+0000] {processor.py:179} INFO - Processing /home/airflow/.local/lib/python3.8/site-packages/airflow/example_dags/tutorial.py took 0.044 seconds
[2023-11-16T09:57:53.802+0000] {processor.py:157} INFO - Started process (PID=7797) to work on /home/airflow/.local/lib/python3.8/site-packages/airflow/example_dags/tutorial.py
[2023-11-16T09:57:53.802+0000] {processor.py:829} INFO - Processing file /home/airflow/.local/lib/python3.8/site-packages/airflow/example_dags/tutorial.py for tasks to queue
[2023-11-16T09:57:53.803+0000] {logging_mixin.py:151} INFO - [2023-11-16T09:57:53.803+0000] {dagbag.py:536} INFO - Filling up the DagBag from /home/airflow/.local/lib/python3.8/site-packages/airflow/example_dags/tutorial.py
[2023-11-16T09:57:53.807+0000] {processor.py:839} INFO - DAG(s) dict_keys(['tutorial']) retrieved from /home/airflow/.local/lib/python3.8/site-packages/airflow/example_dags/tutorial.py
[2023-11-16T09:57:53.820+0000] {logging_mixin.py:151} INFO - [2023-11-16T09:57:53.820+0000] {dag.py:2941} INFO - Sync 1 DAGs
[2023-11-16T09:57:53.834+0000] {logging_mixin.py:151} INFO - [2023-11-16T09:57:53.834+0000] {dag.py:3722} INFO - Setting next_dagrun for tutorial to 2023-11-15T09:57:53.834484+00:00, run_after=2023-11-16T09:57:53.834484+00:00
[2023-11-16T09:57:53.847+0000] {processor.py:179} INFO - Processing /home/airflow/.local/lib/python3.8/site-packages/airflow/example_dags/tutorial.py took 0.047 seconds
[2023-11-16T09:58:23.971+0000] {processor.py:157} INFO - Started process (PID=7853) to work on /home/airflow/.local/lib/python3.8/site-packages/airflow/example_dags/tutorial.py
[2023-11-16T09:58:23.971+0000] {processor.py:829} INFO - Processing file /home/airflow/.local/lib/python3.8/site-packages/airflow/example_dags/tutorial.py for tasks to queue
[2023-11-16T09:58:23.972+0000] {logging_mixin.py:151} INFO - [2023-11-16T09:58:23.972+0000] {dagbag.py:536} INFO - Filling up the DagBag from /home/airflow/.local/lib/python3.8/site-packages/airflow/example_dags/tutorial.py
[2023-11-16T09:58:23.977+0000] {processor.py:839} INFO - DAG(s) dict_keys(['tutorial']) retrieved from /home/airflow/.local/lib/python3.8/site-packages/airflow/example_dags/tutorial.py
[2023-11-16T09:58:23.990+0000] {logging_mixin.py:151} INFO - [2023-11-16T09:58:23.990+0000] {dag.py:2941} INFO - Sync 1 DAGs
[2023-11-16T09:58:24.009+0000] {logging_mixin.py:151} INFO - [2023-11-16T09:58:24.008+0000] {dag.py:3722} INFO - Setting next_dagrun for tutorial to 2023-11-15T09:58:24.008666+00:00, run_after=2023-11-16T09:58:24.008666+00:00
[2023-11-16T09:58:24.022+0000] {processor.py:179} INFO - Processing /home/airflow/.local/lib/python3.8/site-packages/airflow/example_dags/tutorial.py took 0.054 seconds
[2023-11-16T09:58:54.094+0000] {processor.py:157} INFO - Started process (PID=7909) to work on /home/airflow/.local/lib/python3.8/site-packages/airflow/example_dags/tutorial.py
[2023-11-16T09:58:54.095+0000] {processor.py:829} INFO - Processing file /home/airflow/.local/lib/python3.8/site-packages/airflow/example_dags/tutorial.py for tasks to queue
[2023-11-16T09:58:54.097+0000] {logging_mixin.py:151} INFO - [2023-11-16T09:58:54.096+0000] {dagbag.py:536} INFO - Filling up the DagBag from /home/airflow/.local/lib/python3.8/site-packages/airflow/example_dags/tutorial.py
[2023-11-16T09:58:54.101+0000] {processor.py:839} INFO - DAG(s) dict_keys(['tutorial']) retrieved from /home/airflow/.local/lib/python3.8/site-packages/airflow/example_dags/tutorial.py
[2023-11-16T09:58:54.116+0000] {logging_mixin.py:151} INFO - [2023-11-16T09:58:54.116+0000] {dag.py:2941} INFO - Sync 1 DAGs
[2023-11-16T09:58:54.135+0000] {logging_mixin.py:151} INFO - [2023-11-16T09:58:54.135+0000] {dag.py:3722} INFO - Setting next_dagrun for tutorial to 2023-11-15T09:58:54.135160+00:00, run_after=2023-11-16T09:58:54.135160+00:00
[2023-11-16T09:58:54.150+0000] {processor.py:179} INFO - Processing /home/airflow/.local/lib/python3.8/site-packages/airflow/example_dags/tutorial.py took 0.058 seconds
[2023-11-16T09:59:24.262+0000] {processor.py:157} INFO - Started process (PID=7965) to work on /home/airflow/.local/lib/python3.8/site-packages/airflow/example_dags/tutorial.py
[2023-11-16T09:59:24.263+0000] {processor.py:829} INFO - Processing file /home/airflow/.local/lib/python3.8/site-packages/airflow/example_dags/tutorial.py for tasks to queue
[2023-11-16T09:59:24.264+0000] {logging_mixin.py:151} INFO - [2023-11-16T09:59:24.264+0000] {dagbag.py:536} INFO - Filling up the DagBag from /home/airflow/.local/lib/python3.8/site-packages/airflow/example_dags/tutorial.py
[2023-11-16T09:59:24.268+0000] {processor.py:839} INFO - DAG(s) dict_keys(['tutorial']) retrieved from /home/airflow/.local/lib/python3.8/site-packages/airflow/example_dags/tutorial.py
[2023-11-16T09:59:24.283+0000] {logging_mixin.py:151} INFO - [2023-11-16T09:59:24.283+0000] {dag.py:2941} INFO - Sync 1 DAGs
[2023-11-16T09:59:24.303+0000] {logging_mixin.py:151} INFO - [2023-11-16T09:59:24.303+0000] {dag.py:3722} INFO - Setting next_dagrun for tutorial to 2023-11-15T09:59:24.303159+00:00, run_after=2023-11-16T09:59:24.303159+00:00
[2023-11-16T09:59:24.315+0000] {processor.py:179} INFO - Processing /home/airflow/.local/lib/python3.8/site-packages/airflow/example_dags/tutorial.py took 0.055 seconds
[2023-11-16T09:59:54.336+0000] {processor.py:157} INFO - Started process (PID=8022) to work on /home/airflow/.local/lib/python3.8/site-packages/airflow/example_dags/tutorial.py
[2023-11-16T09:59:54.337+0000] {processor.py:829} INFO - Processing file /home/airflow/.local/lib/python3.8/site-packages/airflow/example_dags/tutorial.py for tasks to queue
[2023-11-16T09:59:54.338+0000] {logging_mixin.py:151} INFO - [2023-11-16T09:59:54.338+0000] {dagbag.py:536} INFO - Filling up the DagBag from /home/airflow/.local/lib/python3.8/site-packages/airflow/example_dags/tutorial.py
[2023-11-16T09:59:54.341+0000] {processor.py:839} INFO - DAG(s) dict_keys(['tutorial']) retrieved from /home/airflow/.local/lib/python3.8/site-packages/airflow/example_dags/tutorial.py
[2023-11-16T09:59:54.354+0000] {logging_mixin.py:151} INFO - [2023-11-16T09:59:54.354+0000] {dag.py:2941} INFO - Sync 1 DAGs
[2023-11-16T09:59:54.369+0000] {logging_mixin.py:151} INFO - [2023-11-16T09:59:54.369+0000] {dag.py:3722} INFO - Setting next_dagrun for tutorial to 2023-11-15T09:59:54.369149+00:00, run_after=2023-11-16T09:59:54.369149+00:00
[2023-11-16T09:59:54.381+0000] {processor.py:179} INFO - Processing /home/airflow/.local/lib/python3.8/site-packages/airflow/example_dags/tutorial.py took 0.047 seconds
[2023-11-16T10:00:25.385+0000] {processor.py:157} INFO - Started process (PID=8078) to work on /home/airflow/.local/lib/python3.8/site-packages/airflow/example_dags/tutorial.py
[2023-11-16T10:00:25.385+0000] {processor.py:829} INFO - Processing file /home/airflow/.local/lib/python3.8/site-packages/airflow/example_dags/tutorial.py for tasks to queue
[2023-11-16T10:00:25.387+0000] {logging_mixin.py:151} INFO - [2023-11-16T10:00:25.386+0000] {dagbag.py:536} INFO - Filling up the DagBag from /home/airflow/.local/lib/python3.8/site-packages/airflow/example_dags/tutorial.py
[2023-11-16T10:00:25.393+0000] {processor.py:839} INFO - DAG(s) dict_keys(['tutorial']) retrieved from /home/airflow/.local/lib/python3.8/site-packages/airflow/example_dags/tutorial.py
[2023-11-16T10:00:25.406+0000] {logging_mixin.py:151} INFO - [2023-11-16T10:00:25.406+0000] {dag.py:2941} INFO - Sync 1 DAGs
[2023-11-16T10:00:25.421+0000] {logging_mixin.py:151} INFO - [2023-11-16T10:00:25.421+0000] {dag.py:3722} INFO - Setting next_dagrun for tutorial to 2023-11-15T10:00:25.421664+00:00, run_after=2023-11-16T10:00:25.421664+00:00
[2023-11-16T10:00:25.435+0000] {processor.py:179} INFO - Processing /home/airflow/.local/lib/python3.8/site-packages/airflow/example_dags/tutorial.py took 0.052 seconds
[2023-11-16T10:00:55.472+0000] {processor.py:157} INFO - Started process (PID=8134) to work on /home/airflow/.local/lib/python3.8/site-packages/airflow/example_dags/tutorial.py
[2023-11-16T10:00:55.472+0000] {processor.py:829} INFO - Processing file /home/airflow/.local/lib/python3.8/site-packages/airflow/example_dags/tutorial.py for tasks to queue
[2023-11-16T10:00:55.474+0000] {logging_mixin.py:151} INFO - [2023-11-16T10:00:55.473+0000] {dagbag.py:536} INFO - Filling up the DagBag from /home/airflow/.local/lib/python3.8/site-packages/airflow/example_dags/tutorial.py
[2023-11-16T10:00:55.478+0000] {processor.py:839} INFO - DAG(s) dict_keys(['tutorial']) retrieved from /home/airflow/.local/lib/python3.8/site-packages/airflow/example_dags/tutorial.py
[2023-11-16T10:00:55.494+0000] {logging_mixin.py:151} INFO - [2023-11-16T10:00:55.494+0000] {dag.py:2941} INFO - Sync 1 DAGs
[2023-11-16T10:00:55.515+0000] {logging_mixin.py:151} INFO - [2023-11-16T10:00:55.515+0000] {dag.py:3722} INFO - Setting next_dagrun for tutorial to 2023-11-15T10:00:55.514884+00:00, run_after=2023-11-16T10:00:55.514884+00:00
[2023-11-16T10:00:55.529+0000] {processor.py:179} INFO - Processing /home/airflow/.local/lib/python3.8/site-packages/airflow/example_dags/tutorial.py took 0.059 seconds
[2023-11-16T10:01:25.846+0000] {processor.py:157} INFO - Started process (PID=8190) to work on /home/airflow/.local/lib/python3.8/site-packages/airflow/example_dags/tutorial.py
[2023-11-16T10:01:25.847+0000] {processor.py:829} INFO - Processing file /home/airflow/.local/lib/python3.8/site-packages/airflow/example_dags/tutorial.py for tasks to queue
[2023-11-16T10:01:25.848+0000] {logging_mixin.py:151} INFO - [2023-11-16T10:01:25.848+0000] {dagbag.py:536} INFO - Filling up the DagBag from /home/airflow/.local/lib/python3.8/site-packages/airflow/example_dags/tutorial.py
[2023-11-16T10:01:25.852+0000] {processor.py:839} INFO - DAG(s) dict_keys(['tutorial']) retrieved from /home/airflow/.local/lib/python3.8/site-packages/airflow/example_dags/tutorial.py
[2023-11-16T10:01:25.867+0000] {logging_mixin.py:151} INFO - [2023-11-16T10:01:25.867+0000] {dag.py:2941} INFO - Sync 1 DAGs
[2023-11-16T10:01:25.885+0000] {logging_mixin.py:151} INFO - [2023-11-16T10:01:25.885+0000] {dag.py:3722} INFO - Setting next_dagrun for tutorial to 2023-11-15T10:01:25.885365+00:00, run_after=2023-11-16T10:01:25.885365+00:00
[2023-11-16T10:01:25.897+0000] {processor.py:179} INFO - Processing /home/airflow/.local/lib/python3.8/site-packages/airflow/example_dags/tutorial.py took 0.053 seconds
[2023-11-16T10:01:56.267+0000] {processor.py:157} INFO - Started process (PID=8246) to work on /home/airflow/.local/lib/python3.8/site-packages/airflow/example_dags/tutorial.py
[2023-11-16T10:01:56.267+0000] {processor.py:829} INFO - Processing file /home/airflow/.local/lib/python3.8/site-packages/airflow/example_dags/tutorial.py for tasks to queue
[2023-11-16T10:01:56.272+0000] {logging_mixin.py:151} INFO - [2023-11-16T10:01:56.271+0000] {dagbag.py:536} INFO - Filling up the DagBag from /home/airflow/.local/lib/python3.8/site-packages/airflow/example_dags/tutorial.py
[2023-11-16T10:01:56.281+0000] {processor.py:839} INFO - DAG(s) dict_keys(['tutorial']) retrieved from /home/airflow/.local/lib/python3.8/site-packages/airflow/example_dags/tutorial.py
[2023-11-16T10:01:56.299+0000] {logging_mixin.py:151} INFO - [2023-11-16T10:01:56.299+0000] {dag.py:2941} INFO - Sync 1 DAGs
[2023-11-16T10:01:56.321+0000] {logging_mixin.py:151} INFO - [2023-11-16T10:01:56.321+0000] {dag.py:3722} INFO - Setting next_dagrun for tutorial to 2023-11-15T10:01:56.321288+00:00, run_after=2023-11-16T10:01:56.321288+00:00
[2023-11-16T10:01:56.351+0000] {processor.py:179} INFO - Processing /home/airflow/.local/lib/python3.8/site-packages/airflow/example_dags/tutorial.py took 0.087 seconds
[2023-11-16T10:02:26.441+0000] {processor.py:157} INFO - Started process (PID=8302) to work on /home/airflow/.local/lib/python3.8/site-packages/airflow/example_dags/tutorial.py
[2023-11-16T10:02:26.442+0000] {processor.py:829} INFO - Processing file /home/airflow/.local/lib/python3.8/site-packages/airflow/example_dags/tutorial.py for tasks to queue
[2023-11-16T10:02:26.444+0000] {logging_mixin.py:151} INFO - [2023-11-16T10:02:26.443+0000] {dagbag.py:536} INFO - Filling up the DagBag from /home/airflow/.local/lib/python3.8/site-packages/airflow/example_dags/tutorial.py
[2023-11-16T10:02:26.448+0000] {processor.py:839} INFO - DAG(s) dict_keys(['tutorial']) retrieved from /home/airflow/.local/lib/python3.8/site-packages/airflow/example_dags/tutorial.py
[2023-11-16T10:02:26.464+0000] {logging_mixin.py:151} INFO - [2023-11-16T10:02:26.464+0000] {dag.py:2941} INFO - Sync 1 DAGs
[2023-11-16T10:02:26.481+0000] {logging_mixin.py:151} INFO - [2023-11-16T10:02:26.481+0000] {dag.py:3722} INFO - Setting next_dagrun for tutorial to 2023-11-15T10:02:26.481016+00:00, run_after=2023-11-16T10:02:26.481016+00:00
[2023-11-16T10:02:26.496+0000] {processor.py:179} INFO - Processing /home/airflow/.local/lib/python3.8/site-packages/airflow/example_dags/tutorial.py took 0.057 seconds
[2023-11-16T10:02:56.702+0000] {processor.py:157} INFO - Started process (PID=8358) to work on /home/airflow/.local/lib/python3.8/site-packages/airflow/example_dags/tutorial.py
[2023-11-16T10:02:56.703+0000] {processor.py:829} INFO - Processing file /home/airflow/.local/lib/python3.8/site-packages/airflow/example_dags/tutorial.py for tasks to queue
[2023-11-16T10:02:56.704+0000] {logging_mixin.py:151} INFO - [2023-11-16T10:02:56.704+0000] {dagbag.py:536} INFO - Filling up the DagBag from /home/airflow/.local/lib/python3.8/site-packages/airflow/example_dags/tutorial.py
[2023-11-16T10:02:56.708+0000] {processor.py:839} INFO - DAG(s) dict_keys(['tutorial']) retrieved from /home/airflow/.local/lib/python3.8/site-packages/airflow/example_dags/tutorial.py
[2023-11-16T10:02:56.725+0000] {logging_mixin.py:151} INFO - [2023-11-16T10:02:56.724+0000] {dag.py:2941} INFO - Sync 1 DAGs
[2023-11-16T10:02:56.742+0000] {logging_mixin.py:151} INFO - [2023-11-16T10:02:56.741+0000] {dag.py:3722} INFO - Setting next_dagrun for tutorial to 2023-11-15T10:02:56.741701+00:00, run_after=2023-11-16T10:02:56.741701+00:00
[2023-11-16T10:02:56.757+0000] {processor.py:179} INFO - Processing /home/airflow/.local/lib/python3.8/site-packages/airflow/example_dags/tutorial.py took 0.058 seconds
[2023-11-16T10:03:27.045+0000] {processor.py:157} INFO - Started process (PID=8413) to work on /home/airflow/.local/lib/python3.8/site-packages/airflow/example_dags/tutorial.py
[2023-11-16T10:03:27.046+0000] {processor.py:829} INFO - Processing file /home/airflow/.local/lib/python3.8/site-packages/airflow/example_dags/tutorial.py for tasks to queue
[2023-11-16T10:03:27.047+0000] {logging_mixin.py:151} INFO - [2023-11-16T10:03:27.047+0000] {dagbag.py:536} INFO - Filling up the DagBag from /home/airflow/.local/lib/python3.8/site-packages/airflow/example_dags/tutorial.py
[2023-11-16T10:03:27.051+0000] {processor.py:839} INFO - DAG(s) dict_keys(['tutorial']) retrieved from /home/airflow/.local/lib/python3.8/site-packages/airflow/example_dags/tutorial.py
[2023-11-16T10:03:27.066+0000] {logging_mixin.py:151} INFO - [2023-11-16T10:03:27.066+0000] {dag.py:2941} INFO - Sync 1 DAGs
[2023-11-16T10:03:27.086+0000] {logging_mixin.py:151} INFO - [2023-11-16T10:03:27.086+0000] {dag.py:3722} INFO - Setting next_dagrun for tutorial to 2023-11-15T10:03:27.085939+00:00, run_after=2023-11-16T10:03:27.085939+00:00
[2023-11-16T10:03:27.101+0000] {processor.py:179} INFO - Processing /home/airflow/.local/lib/python3.8/site-packages/airflow/example_dags/tutorial.py took 0.058 seconds
[2023-11-16T10:03:57.407+0000] {processor.py:157} INFO - Started process (PID=8469) to work on /home/airflow/.local/lib/python3.8/site-packages/airflow/example_dags/tutorial.py
[2023-11-16T10:03:57.408+0000] {processor.py:829} INFO - Processing file /home/airflow/.local/lib/python3.8/site-packages/airflow/example_dags/tutorial.py for tasks to queue
[2023-11-16T10:03:57.409+0000] {logging_mixin.py:151} INFO - [2023-11-16T10:03:57.409+0000] {dagbag.py:536} INFO - Filling up the DagBag from /home/airflow/.local/lib/python3.8/site-packages/airflow/example_dags/tutorial.py
[2023-11-16T10:03:57.413+0000] {processor.py:839} INFO - DAG(s) dict_keys(['tutorial']) retrieved from /home/airflow/.local/lib/python3.8/site-packages/airflow/example_dags/tutorial.py
[2023-11-16T10:03:57.429+0000] {logging_mixin.py:151} INFO - [2023-11-16T10:03:57.429+0000] {dag.py:2941} INFO - Sync 1 DAGs
[2023-11-16T10:03:57.447+0000] {logging_mixin.py:151} INFO - [2023-11-16T10:03:57.447+0000] {dag.py:3722} INFO - Setting next_dagrun for tutorial to 2023-11-15T10:03:57.447293+00:00, run_after=2023-11-16T10:03:57.447293+00:00
[2023-11-16T10:03:57.462+0000] {processor.py:179} INFO - Processing /home/airflow/.local/lib/python3.8/site-packages/airflow/example_dags/tutorial.py took 0.058 seconds
[2023-11-16T10:04:28.199+0000] {processor.py:157} INFO - Started process (PID=8524) to work on /home/airflow/.local/lib/python3.8/site-packages/airflow/example_dags/tutorial.py
[2023-11-16T10:04:28.199+0000] {processor.py:829} INFO - Processing file /home/airflow/.local/lib/python3.8/site-packages/airflow/example_dags/tutorial.py for tasks to queue
[2023-11-16T10:04:28.201+0000] {logging_mixin.py:151} INFO - [2023-11-16T10:04:28.201+0000] {dagbag.py:536} INFO - Filling up the DagBag from /home/airflow/.local/lib/python3.8/site-packages/airflow/example_dags/tutorial.py
[2023-11-16T10:04:28.206+0000] {processor.py:839} INFO - DAG(s) dict_keys(['tutorial']) retrieved from /home/airflow/.local/lib/python3.8/site-packages/airflow/example_dags/tutorial.py
[2023-11-16T10:04:28.222+0000] {logging_mixin.py:151} INFO - [2023-11-16T10:04:28.222+0000] {dag.py:2941} INFO - Sync 1 DAGs
[2023-11-16T10:04:28.239+0000] {logging_mixin.py:151} INFO - [2023-11-16T10:04:28.239+0000] {dag.py:3722} INFO - Setting next_dagrun for tutorial to 2023-11-15T10:04:28.239323+00:00, run_after=2023-11-16T10:04:28.239323+00:00
[2023-11-16T10:04:28.252+0000] {processor.py:179} INFO - Processing /home/airflow/.local/lib/python3.8/site-packages/airflow/example_dags/tutorial.py took 0.056 seconds
[2023-11-16T10:04:58.978+0000] {processor.py:157} INFO - Started process (PID=8581) to work on /home/airflow/.local/lib/python3.8/site-packages/airflow/example_dags/tutorial.py
[2023-11-16T10:04:58.978+0000] {processor.py:829} INFO - Processing file /home/airflow/.local/lib/python3.8/site-packages/airflow/example_dags/tutorial.py for tasks to queue
[2023-11-16T10:04:58.980+0000] {logging_mixin.py:151} INFO - [2023-11-16T10:04:58.980+0000] {dagbag.py:536} INFO - Filling up the DagBag from /home/airflow/.local/lib/python3.8/site-packages/airflow/example_dags/tutorial.py
[2023-11-16T10:04:58.984+0000] {processor.py:839} INFO - DAG(s) dict_keys(['tutorial']) retrieved from /home/airflow/.local/lib/python3.8/site-packages/airflow/example_dags/tutorial.py
[2023-11-16T10:04:59.000+0000] {logging_mixin.py:151} INFO - [2023-11-16T10:04:59.000+0000] {dag.py:2941} INFO - Sync 1 DAGs
[2023-11-16T10:04:59.023+0000] {logging_mixin.py:151} INFO - [2023-11-16T10:04:59.023+0000] {dag.py:3722} INFO - Setting next_dagrun for tutorial to 2023-11-15T10:04:59.023665+00:00, run_after=2023-11-16T10:04:59.023665+00:00
[2023-11-16T10:04:59.037+0000] {processor.py:179} INFO - Processing /home/airflow/.local/lib/python3.8/site-packages/airflow/example_dags/tutorial.py took 0.062 seconds
[2023-11-16T10:05:29.088+0000] {processor.py:157} INFO - Started process (PID=8637) to work on /home/airflow/.local/lib/python3.8/site-packages/airflow/example_dags/tutorial.py
[2023-11-16T10:05:29.089+0000] {processor.py:829} INFO - Processing file /home/airflow/.local/lib/python3.8/site-packages/airflow/example_dags/tutorial.py for tasks to queue
[2023-11-16T10:05:29.090+0000] {logging_mixin.py:151} INFO - [2023-11-16T10:05:29.090+0000] {dagbag.py:536} INFO - Filling up the DagBag from /home/airflow/.local/lib/python3.8/site-packages/airflow/example_dags/tutorial.py
[2023-11-16T10:05:29.093+0000] {processor.py:839} INFO - DAG(s) dict_keys(['tutorial']) retrieved from /home/airflow/.local/lib/python3.8/site-packages/airflow/example_dags/tutorial.py
[2023-11-16T10:05:29.107+0000] {logging_mixin.py:151} INFO - [2023-11-16T10:05:29.106+0000] {dag.py:2941} INFO - Sync 1 DAGs
[2023-11-16T10:05:29.133+0000] {logging_mixin.py:151} INFO - [2023-11-16T10:05:29.133+0000] {dag.py:3722} INFO - Setting next_dagrun for tutorial to 2023-11-15T10:05:29.132975+00:00, run_after=2023-11-16T10:05:29.132975+00:00
[2023-11-16T10:05:29.144+0000] {processor.py:179} INFO - Processing /home/airflow/.local/lib/python3.8/site-packages/airflow/example_dags/tutorial.py took 0.057 seconds
[2023-11-16T10:05:59.162+0000] {processor.py:157} INFO - Started process (PID=8693) to work on /home/airflow/.local/lib/python3.8/site-packages/airflow/example_dags/tutorial.py
[2023-11-16T10:05:59.162+0000] {processor.py:829} INFO - Processing file /home/airflow/.local/lib/python3.8/site-packages/airflow/example_dags/tutorial.py for tasks to queue
[2023-11-16T10:05:59.163+0000] {logging_mixin.py:151} INFO - [2023-11-16T10:05:59.163+0000] {dagbag.py:536} INFO - Filling up the DagBag from /home/airflow/.local/lib/python3.8/site-packages/airflow/example_dags/tutorial.py
[2023-11-16T10:05:59.167+0000] {processor.py:839} INFO - DAG(s) dict_keys(['tutorial']) retrieved from /home/airflow/.local/lib/python3.8/site-packages/airflow/example_dags/tutorial.py
[2023-11-16T10:05:59.179+0000] {logging_mixin.py:151} INFO - [2023-11-16T10:05:59.178+0000] {dag.py:2941} INFO - Sync 1 DAGs
[2023-11-16T10:05:59.192+0000] {logging_mixin.py:151} INFO - [2023-11-16T10:05:59.192+0000] {dag.py:3722} INFO - Setting next_dagrun for tutorial to 2023-11-15T10:05:59.192323+00:00, run_after=2023-11-16T10:05:59.192323+00:00
[2023-11-16T10:05:59.203+0000] {processor.py:179} INFO - Processing /home/airflow/.local/lib/python3.8/site-packages/airflow/example_dags/tutorial.py took 0.043 seconds
[2023-11-16T10:06:29.882+0000] {processor.py:157} INFO - Started process (PID=8749) to work on /home/airflow/.local/lib/python3.8/site-packages/airflow/example_dags/tutorial.py
[2023-11-16T10:06:29.883+0000] {processor.py:829} INFO - Processing file /home/airflow/.local/lib/python3.8/site-packages/airflow/example_dags/tutorial.py for tasks to queue
[2023-11-16T10:06:29.885+0000] {logging_mixin.py:151} INFO - [2023-11-16T10:06:29.885+0000] {dagbag.py:536} INFO - Filling up the DagBag from /home/airflow/.local/lib/python3.8/site-packages/airflow/example_dags/tutorial.py
[2023-11-16T10:06:29.890+0000] {processor.py:839} INFO - DAG(s) dict_keys(['tutorial']) retrieved from /home/airflow/.local/lib/python3.8/site-packages/airflow/example_dags/tutorial.py
[2023-11-16T10:06:29.902+0000] {logging_mixin.py:151} INFO - [2023-11-16T10:06:29.902+0000] {dag.py:2941} INFO - Sync 1 DAGs
[2023-11-16T10:06:29.917+0000] {logging_mixin.py:151} INFO - [2023-11-16T10:06:29.917+0000] {dag.py:3722} INFO - Setting next_dagrun for tutorial to 2023-11-15T10:06:29.917387+00:00, run_after=2023-11-16T10:06:29.917387+00:00
[2023-11-16T10:06:29.929+0000] {processor.py:179} INFO - Processing /home/airflow/.local/lib/python3.8/site-packages/airflow/example_dags/tutorial.py took 0.055 seconds
[2023-11-16T10:07:00.476+0000] {processor.py:157} INFO - Started process (PID=8805) to work on /home/airflow/.local/lib/python3.8/site-packages/airflow/example_dags/tutorial.py
[2023-11-16T10:07:00.477+0000] {processor.py:829} INFO - Processing file /home/airflow/.local/lib/python3.8/site-packages/airflow/example_dags/tutorial.py for tasks to queue
[2023-11-16T10:07:00.478+0000] {logging_mixin.py:151} INFO - [2023-11-16T10:07:00.477+0000] {dagbag.py:536} INFO - Filling up the DagBag from /home/airflow/.local/lib/python3.8/site-packages/airflow/example_dags/tutorial.py
[2023-11-16T10:07:00.481+0000] {processor.py:839} INFO - DAG(s) dict_keys(['tutorial']) retrieved from /home/airflow/.local/lib/python3.8/site-packages/airflow/example_dags/tutorial.py
[2023-11-16T10:07:00.493+0000] {logging_mixin.py:151} INFO - [2023-11-16T10:07:00.493+0000] {dag.py:2941} INFO - Sync 1 DAGs
[2023-11-16T10:07:00.507+0000] {logging_mixin.py:151} INFO - [2023-11-16T10:07:00.507+0000] {dag.py:3722} INFO - Setting next_dagrun for tutorial to 2023-11-15T10:07:00.507181+00:00, run_after=2023-11-16T10:07:00.507181+00:00
[2023-11-16T10:07:00.519+0000] {processor.py:179} INFO - Processing /home/airflow/.local/lib/python3.8/site-packages/airflow/example_dags/tutorial.py took 0.045 seconds
[2023-11-16T10:07:31.087+0000] {processor.py:157} INFO - Started process (PID=8862) to work on /home/airflow/.local/lib/python3.8/site-packages/airflow/example_dags/tutorial.py
[2023-11-16T10:07:31.088+0000] {processor.py:829} INFO - Processing file /home/airflow/.local/lib/python3.8/site-packages/airflow/example_dags/tutorial.py for tasks to queue
[2023-11-16T10:07:31.089+0000] {logging_mixin.py:151} INFO - [2023-11-16T10:07:31.089+0000] {dagbag.py:536} INFO - Filling up the DagBag from /home/airflow/.local/lib/python3.8/site-packages/airflow/example_dags/tutorial.py
[2023-11-16T10:07:31.094+0000] {processor.py:839} INFO - DAG(s) dict_keys(['tutorial']) retrieved from /home/airflow/.local/lib/python3.8/site-packages/airflow/example_dags/tutorial.py
[2023-11-16T10:07:31.109+0000] {logging_mixin.py:151} INFO - [2023-11-16T10:07:31.109+0000] {dag.py:2941} INFO - Sync 1 DAGs
[2023-11-16T10:07:31.126+0000] {logging_mixin.py:151} INFO - [2023-11-16T10:07:31.126+0000] {dag.py:3722} INFO - Setting next_dagrun for tutorial to 2023-11-15T10:07:31.126447+00:00, run_after=2023-11-16T10:07:31.126447+00:00
[2023-11-16T10:07:31.138+0000] {processor.py:179} INFO - Processing /home/airflow/.local/lib/python3.8/site-packages/airflow/example_dags/tutorial.py took 0.054 seconds
[2023-11-16T10:08:01.759+0000] {processor.py:157} INFO - Started process (PID=8918) to work on /home/airflow/.local/lib/python3.8/site-packages/airflow/example_dags/tutorial.py
[2023-11-16T10:08:01.759+0000] {processor.py:829} INFO - Processing file /home/airflow/.local/lib/python3.8/site-packages/airflow/example_dags/tutorial.py for tasks to queue
[2023-11-16T10:08:01.760+0000] {logging_mixin.py:151} INFO - [2023-11-16T10:08:01.760+0000] {dagbag.py:536} INFO - Filling up the DagBag from /home/airflow/.local/lib/python3.8/site-packages/airflow/example_dags/tutorial.py
[2023-11-16T10:08:01.763+0000] {processor.py:839} INFO - DAG(s) dict_keys(['tutorial']) retrieved from /home/airflow/.local/lib/python3.8/site-packages/airflow/example_dags/tutorial.py
[2023-11-16T10:08:01.778+0000] {logging_mixin.py:151} INFO - [2023-11-16T10:08:01.778+0000] {dag.py:2941} INFO - Sync 1 DAGs
[2023-11-16T10:08:01.798+0000] {logging_mixin.py:151} INFO - [2023-11-16T10:08:01.798+0000] {dag.py:3722} INFO - Setting next_dagrun for tutorial to 2023-11-15T10:08:01.797810+00:00, run_after=2023-11-16T10:08:01.797810+00:00
[2023-11-16T10:08:01.812+0000] {processor.py:179} INFO - Processing /home/airflow/.local/lib/python3.8/site-packages/airflow/example_dags/tutorial.py took 0.056 seconds
[2023-11-16T10:08:32.493+0000] {processor.py:157} INFO - Started process (PID=8974) to work on /home/airflow/.local/lib/python3.8/site-packages/airflow/example_dags/tutorial.py
[2023-11-16T10:08:32.494+0000] {processor.py:829} INFO - Processing file /home/airflow/.local/lib/python3.8/site-packages/airflow/example_dags/tutorial.py for tasks to queue
[2023-11-16T10:08:32.495+0000] {logging_mixin.py:151} INFO - [2023-11-16T10:08:32.495+0000] {dagbag.py:536} INFO - Filling up the DagBag from /home/airflow/.local/lib/python3.8/site-packages/airflow/example_dags/tutorial.py
[2023-11-16T10:08:32.498+0000] {processor.py:839} INFO - DAG(s) dict_keys(['tutorial']) retrieved from /home/airflow/.local/lib/python3.8/site-packages/airflow/example_dags/tutorial.py
[2023-11-16T10:08:32.510+0000] {logging_mixin.py:151} INFO - [2023-11-16T10:08:32.510+0000] {dag.py:2941} INFO - Sync 1 DAGs
[2023-11-16T10:08:32.524+0000] {logging_mixin.py:151} INFO - [2023-11-16T10:08:32.524+0000] {dag.py:3722} INFO - Setting next_dagrun for tutorial to 2023-11-15T10:08:32.524013+00:00, run_after=2023-11-16T10:08:32.524013+00:00
[2023-11-16T10:08:32.535+0000] {processor.py:179} INFO - Processing /home/airflow/.local/lib/python3.8/site-packages/airflow/example_dags/tutorial.py took 0.043 seconds
[2023-11-16T10:09:03.139+0000] {processor.py:157} INFO - Started process (PID=9031) to work on /home/airflow/.local/lib/python3.8/site-packages/airflow/example_dags/tutorial.py
[2023-11-16T10:09:03.139+0000] {processor.py:829} INFO - Processing file /home/airflow/.local/lib/python3.8/site-packages/airflow/example_dags/tutorial.py for tasks to queue
[2023-11-16T10:09:03.141+0000] {logging_mixin.py:151} INFO - [2023-11-16T10:09:03.140+0000] {dagbag.py:536} INFO - Filling up the DagBag from /home/airflow/.local/lib/python3.8/site-packages/airflow/example_dags/tutorial.py
[2023-11-16T10:09:03.144+0000] {processor.py:839} INFO - DAG(s) dict_keys(['tutorial']) retrieved from /home/airflow/.local/lib/python3.8/site-packages/airflow/example_dags/tutorial.py
[2023-11-16T10:09:03.156+0000] {logging_mixin.py:151} INFO - [2023-11-16T10:09:03.156+0000] {dag.py:2941} INFO - Sync 1 DAGs
[2023-11-16T10:09:03.176+0000] {logging_mixin.py:151} INFO - [2023-11-16T10:09:03.175+0000] {dag.py:3722} INFO - Setting next_dagrun for tutorial to 2023-11-15T10:09:03.175800+00:00, run_after=2023-11-16T10:09:03.175800+00:00
[2023-11-16T10:09:03.284+0000] {processor.py:179} INFO - Processing /home/airflow/.local/lib/python3.8/site-packages/airflow/example_dags/tutorial.py took 0.147 seconds
[2023-11-16T10:09:33.909+0000] {processor.py:157} INFO - Started process (PID=9087) to work on /home/airflow/.local/lib/python3.8/site-packages/airflow/example_dags/tutorial.py
[2023-11-16T10:09:33.910+0000] {processor.py:829} INFO - Processing file /home/airflow/.local/lib/python3.8/site-packages/airflow/example_dags/tutorial.py for tasks to queue
[2023-11-16T10:09:33.911+0000] {logging_mixin.py:151} INFO - [2023-11-16T10:09:33.911+0000] {dagbag.py:536} INFO - Filling up the DagBag from /home/airflow/.local/lib/python3.8/site-packages/airflow/example_dags/tutorial.py
[2023-11-16T10:09:33.914+0000] {processor.py:839} INFO - DAG(s) dict_keys(['tutorial']) retrieved from /home/airflow/.local/lib/python3.8/site-packages/airflow/example_dags/tutorial.py
[2023-11-16T10:09:33.926+0000] {logging_mixin.py:151} INFO - [2023-11-16T10:09:33.926+0000] {dag.py:2941} INFO - Sync 1 DAGs
[2023-11-16T10:09:33.940+0000] {logging_mixin.py:151} INFO - [2023-11-16T10:09:33.940+0000] {dag.py:3722} INFO - Setting next_dagrun for tutorial to 2023-11-15T10:09:33.940139+00:00, run_after=2023-11-16T10:09:33.940139+00:00
[2023-11-16T10:09:34.055+0000] {processor.py:179} INFO - Processing /home/airflow/.local/lib/python3.8/site-packages/airflow/example_dags/tutorial.py took 0.148 seconds
[2023-11-16T10:10:04.985+0000] {processor.py:157} INFO - Started process (PID=9143) to work on /home/airflow/.local/lib/python3.8/site-packages/airflow/example_dags/tutorial.py
[2023-11-16T10:10:04.985+0000] {processor.py:829} INFO - Processing file /home/airflow/.local/lib/python3.8/site-packages/airflow/example_dags/tutorial.py for tasks to queue
[2023-11-16T10:10:04.986+0000] {logging_mixin.py:151} INFO - [2023-11-16T10:10:04.986+0000] {dagbag.py:536} INFO - Filling up the DagBag from /home/airflow/.local/lib/python3.8/site-packages/airflow/example_dags/tutorial.py
[2023-11-16T10:10:04.990+0000] {processor.py:839} INFO - DAG(s) dict_keys(['tutorial']) retrieved from /home/airflow/.local/lib/python3.8/site-packages/airflow/example_dags/tutorial.py
[2023-11-16T10:10:05.002+0000] {logging_mixin.py:151} INFO - [2023-11-16T10:10:05.002+0000] {dag.py:2941} INFO - Sync 1 DAGs
[2023-11-16T10:10:05.018+0000] {logging_mixin.py:151} INFO - [2023-11-16T10:10:05.018+0000] {dag.py:3722} INFO - Setting next_dagrun for tutorial to 2023-11-15T10:10:05.018023+00:00, run_after=2023-11-16T10:10:05.018023+00:00
[2023-11-16T10:10:05.030+0000] {processor.py:179} INFO - Processing /home/airflow/.local/lib/python3.8/site-packages/airflow/example_dags/tutorial.py took 0.047 seconds
[2023-11-16T10:10:35.235+0000] {processor.py:157} INFO - Started process (PID=9200) to work on /home/airflow/.local/lib/python3.8/site-packages/airflow/example_dags/tutorial.py
[2023-11-16T10:10:35.235+0000] {processor.py:829} INFO - Processing file /home/airflow/.local/lib/python3.8/site-packages/airflow/example_dags/tutorial.py for tasks to queue
[2023-11-16T10:10:35.237+0000] {logging_mixin.py:151} INFO - [2023-11-16T10:10:35.236+0000] {dagbag.py:536} INFO - Filling up the DagBag from /home/airflow/.local/lib/python3.8/site-packages/airflow/example_dags/tutorial.py
[2023-11-16T10:10:35.240+0000] {processor.py:839} INFO - DAG(s) dict_keys(['tutorial']) retrieved from /home/airflow/.local/lib/python3.8/site-packages/airflow/example_dags/tutorial.py
[2023-11-16T10:10:35.255+0000] {logging_mixin.py:151} INFO - [2023-11-16T10:10:35.255+0000] {dag.py:2941} INFO - Sync 1 DAGs
[2023-11-16T10:10:35.271+0000] {logging_mixin.py:151} INFO - [2023-11-16T10:10:35.271+0000] {dag.py:3722} INFO - Setting next_dagrun for tutorial to 2023-11-15T10:10:35.271443+00:00, run_after=2023-11-16T10:10:35.271443+00:00
[2023-11-16T10:10:35.283+0000] {processor.py:179} INFO - Processing /home/airflow/.local/lib/python3.8/site-packages/airflow/example_dags/tutorial.py took 0.050 seconds
[2023-11-16T10:11:05.337+0000] {processor.py:157} INFO - Started process (PID=9256) to work on /home/airflow/.local/lib/python3.8/site-packages/airflow/example_dags/tutorial.py
[2023-11-16T10:11:05.338+0000] {processor.py:829} INFO - Processing file /home/airflow/.local/lib/python3.8/site-packages/airflow/example_dags/tutorial.py for tasks to queue
[2023-11-16T10:11:05.339+0000] {logging_mixin.py:151} INFO - [2023-11-16T10:11:05.339+0000] {dagbag.py:536} INFO - Filling up the DagBag from /home/airflow/.local/lib/python3.8/site-packages/airflow/example_dags/tutorial.py
[2023-11-16T10:11:05.342+0000] {processor.py:839} INFO - DAG(s) dict_keys(['tutorial']) retrieved from /home/airflow/.local/lib/python3.8/site-packages/airflow/example_dags/tutorial.py
[2023-11-16T10:11:05.355+0000] {logging_mixin.py:151} INFO - [2023-11-16T10:11:05.355+0000] {dag.py:2941} INFO - Sync 1 DAGs
[2023-11-16T10:11:05.371+0000] {logging_mixin.py:151} INFO - [2023-11-16T10:11:05.370+0000] {dag.py:3722} INFO - Setting next_dagrun for tutorial to 2023-11-15T10:11:05.370784+00:00, run_after=2023-11-16T10:11:05.370784+00:00
[2023-11-16T10:11:05.382+0000] {processor.py:179} INFO - Processing /home/airflow/.local/lib/python3.8/site-packages/airflow/example_dags/tutorial.py took 0.047 seconds
[2023-11-16T10:11:36.074+0000] {processor.py:157} INFO - Started process (PID=9312) to work on /home/airflow/.local/lib/python3.8/site-packages/airflow/example_dags/tutorial.py
[2023-11-16T10:11:36.075+0000] {processor.py:829} INFO - Processing file /home/airflow/.local/lib/python3.8/site-packages/airflow/example_dags/tutorial.py for tasks to queue
[2023-11-16T10:11:36.076+0000] {logging_mixin.py:151} INFO - [2023-11-16T10:11:36.076+0000] {dagbag.py:536} INFO - Filling up the DagBag from /home/airflow/.local/lib/python3.8/site-packages/airflow/example_dags/tutorial.py
[2023-11-16T10:11:36.079+0000] {processor.py:839} INFO - DAG(s) dict_keys(['tutorial']) retrieved from /home/airflow/.local/lib/python3.8/site-packages/airflow/example_dags/tutorial.py
[2023-11-16T10:11:36.092+0000] {logging_mixin.py:151} INFO - [2023-11-16T10:11:36.092+0000] {dag.py:2941} INFO - Sync 1 DAGs
[2023-11-16T10:11:36.202+0000] {logging_mixin.py:151} INFO - [2023-11-16T10:11:36.202+0000] {dag.py:3722} INFO - Setting next_dagrun for tutorial to 2023-11-15T10:11:36.202350+00:00, run_after=2023-11-16T10:11:36.202350+00:00
[2023-11-16T10:11:36.214+0000] {processor.py:179} INFO - Processing /home/airflow/.local/lib/python3.8/site-packages/airflow/example_dags/tutorial.py took 0.142 seconds
[2023-11-16T10:12:06.287+0000] {processor.py:157} INFO - Started process (PID=9369) to work on /home/airflow/.local/lib/python3.8/site-packages/airflow/example_dags/tutorial.py
[2023-11-16T10:12:06.288+0000] {processor.py:829} INFO - Processing file /home/airflow/.local/lib/python3.8/site-packages/airflow/example_dags/tutorial.py for tasks to queue
[2023-11-16T10:12:06.289+0000] {logging_mixin.py:151} INFO - [2023-11-16T10:12:06.289+0000] {dagbag.py:536} INFO - Filling up the DagBag from /home/airflow/.local/lib/python3.8/site-packages/airflow/example_dags/tutorial.py
[2023-11-16T10:12:06.292+0000] {processor.py:839} INFO - DAG(s) dict_keys(['tutorial']) retrieved from /home/airflow/.local/lib/python3.8/site-packages/airflow/example_dags/tutorial.py
[2023-11-16T10:12:06.305+0000] {logging_mixin.py:151} INFO - [2023-11-16T10:12:06.305+0000] {dag.py:2941} INFO - Sync 1 DAGs
[2023-11-16T10:12:06.413+0000] {logging_mixin.py:151} INFO - [2023-11-16T10:12:06.413+0000] {dag.py:3722} INFO - Setting next_dagrun for tutorial to 2023-11-15T10:12:06.413177+00:00, run_after=2023-11-16T10:12:06.413177+00:00
[2023-11-16T10:12:06.426+0000] {processor.py:179} INFO - Processing /home/airflow/.local/lib/python3.8/site-packages/airflow/example_dags/tutorial.py took 0.141 seconds
[2023-11-16T10:12:37.177+0000] {processor.py:157} INFO - Started process (PID=9426) to work on /home/airflow/.local/lib/python3.8/site-packages/airflow/example_dags/tutorial.py
[2023-11-16T10:12:37.178+0000] {processor.py:829} INFO - Processing file /home/airflow/.local/lib/python3.8/site-packages/airflow/example_dags/tutorial.py for tasks to queue
[2023-11-16T10:12:37.179+0000] {logging_mixin.py:151} INFO - [2023-11-16T10:12:37.179+0000] {dagbag.py:536} INFO - Filling up the DagBag from /home/airflow/.local/lib/python3.8/site-packages/airflow/example_dags/tutorial.py
[2023-11-16T10:12:37.182+0000] {processor.py:839} INFO - DAG(s) dict_keys(['tutorial']) retrieved from /home/airflow/.local/lib/python3.8/site-packages/airflow/example_dags/tutorial.py
[2023-11-16T10:12:37.194+0000] {logging_mixin.py:151} INFO - [2023-11-16T10:12:37.194+0000] {dag.py:2941} INFO - Sync 1 DAGs
[2023-11-16T10:12:37.208+0000] {logging_mixin.py:151} INFO - [2023-11-16T10:12:37.208+0000] {dag.py:3722} INFO - Setting next_dagrun for tutorial to 2023-11-15T10:12:37.207907+00:00, run_after=2023-11-16T10:12:37.207907+00:00
[2023-11-16T10:12:37.313+0000] {processor.py:179} INFO - Processing /home/airflow/.local/lib/python3.8/site-packages/airflow/example_dags/tutorial.py took 0.138 seconds
[2023-11-16T10:13:07.590+0000] {processor.py:157} INFO - Started process (PID=9483) to work on /home/airflow/.local/lib/python3.8/site-packages/airflow/example_dags/tutorial.py
[2023-11-16T10:13:07.590+0000] {processor.py:829} INFO - Processing file /home/airflow/.local/lib/python3.8/site-packages/airflow/example_dags/tutorial.py for tasks to queue
[2023-11-16T10:13:07.591+0000] {logging_mixin.py:151} INFO - [2023-11-16T10:13:07.591+0000] {dagbag.py:536} INFO - Filling up the DagBag from /home/airflow/.local/lib/python3.8/site-packages/airflow/example_dags/tutorial.py
[2023-11-16T10:13:07.595+0000] {processor.py:839} INFO - DAG(s) dict_keys(['tutorial']) retrieved from /home/airflow/.local/lib/python3.8/site-packages/airflow/example_dags/tutorial.py
[2023-11-16T10:13:07.607+0000] {logging_mixin.py:151} INFO - [2023-11-16T10:13:07.607+0000] {dag.py:2941} INFO - Sync 1 DAGs
[2023-11-16T10:13:07.621+0000] {logging_mixin.py:151} INFO - [2023-11-16T10:13:07.620+0000] {dag.py:3722} INFO - Setting next_dagrun for tutorial to 2023-11-15T10:13:07.620800+00:00, run_after=2023-11-16T10:13:07.620800+00:00
[2023-11-16T10:13:07.634+0000] {processor.py:179} INFO - Processing /home/airflow/.local/lib/python3.8/site-packages/airflow/example_dags/tutorial.py took 0.046 seconds
[2023-11-16T10:13:38.449+0000] {processor.py:157} INFO - Started process (PID=9539) to work on /home/airflow/.local/lib/python3.8/site-packages/airflow/example_dags/tutorial.py
[2023-11-16T10:13:38.449+0000] {processor.py:829} INFO - Processing file /home/airflow/.local/lib/python3.8/site-packages/airflow/example_dags/tutorial.py for tasks to queue
[2023-11-16T10:13:38.450+0000] {logging_mixin.py:151} INFO - [2023-11-16T10:13:38.450+0000] {dagbag.py:536} INFO - Filling up the DagBag from /home/airflow/.local/lib/python3.8/site-packages/airflow/example_dags/tutorial.py
[2023-11-16T10:13:38.454+0000] {processor.py:839} INFO - DAG(s) dict_keys(['tutorial']) retrieved from /home/airflow/.local/lib/python3.8/site-packages/airflow/example_dags/tutorial.py
[2023-11-16T10:13:38.466+0000] {logging_mixin.py:151} INFO - [2023-11-16T10:13:38.466+0000] {dag.py:2941} INFO - Sync 1 DAGs
[2023-11-16T10:13:38.481+0000] {logging_mixin.py:151} INFO - [2023-11-16T10:13:38.481+0000] {dag.py:3722} INFO - Setting next_dagrun for tutorial to 2023-11-15T10:13:38.481642+00:00, run_after=2023-11-16T10:13:38.481642+00:00
[2023-11-16T10:13:38.494+0000] {processor.py:179} INFO - Processing /home/airflow/.local/lib/python3.8/site-packages/airflow/example_dags/tutorial.py took 0.048 seconds
[2023-11-16T10:14:08.849+0000] {processor.py:157} INFO - Started process (PID=9595) to work on /home/airflow/.local/lib/python3.8/site-packages/airflow/example_dags/tutorial.py
[2023-11-16T10:14:08.850+0000] {processor.py:829} INFO - Processing file /home/airflow/.local/lib/python3.8/site-packages/airflow/example_dags/tutorial.py for tasks to queue
[2023-11-16T10:14:08.851+0000] {logging_mixin.py:151} INFO - [2023-11-16T10:14:08.851+0000] {dagbag.py:536} INFO - Filling up the DagBag from /home/airflow/.local/lib/python3.8/site-packages/airflow/example_dags/tutorial.py
[2023-11-16T10:14:08.855+0000] {processor.py:839} INFO - DAG(s) dict_keys(['tutorial']) retrieved from /home/airflow/.local/lib/python3.8/site-packages/airflow/example_dags/tutorial.py
[2023-11-16T10:14:08.960+0000] {logging_mixin.py:151} INFO - [2023-11-16T10:14:08.959+0000] {dag.py:2941} INFO - Sync 1 DAGs
[2023-11-16T10:14:08.972+0000] {logging_mixin.py:151} INFO - [2023-11-16T10:14:08.972+0000] {dag.py:3722} INFO - Setting next_dagrun for tutorial to 2023-11-15T10:14:08.972439+00:00, run_after=2023-11-16T10:14:08.972439+00:00
[2023-11-16T10:14:08.986+0000] {processor.py:179} INFO - Processing /home/airflow/.local/lib/python3.8/site-packages/airflow/example_dags/tutorial.py took 0.138 seconds
[2023-11-16T10:14:39.088+0000] {processor.py:157} INFO - Started process (PID=9652) to work on /home/airflow/.local/lib/python3.8/site-packages/airflow/example_dags/tutorial.py
[2023-11-16T10:14:39.089+0000] {processor.py:829} INFO - Processing file /home/airflow/.local/lib/python3.8/site-packages/airflow/example_dags/tutorial.py for tasks to queue
[2023-11-16T10:14:39.090+0000] {logging_mixin.py:151} INFO - [2023-11-16T10:14:39.090+0000] {dagbag.py:536} INFO - Filling up the DagBag from /home/airflow/.local/lib/python3.8/site-packages/airflow/example_dags/tutorial.py
[2023-11-16T10:14:39.093+0000] {processor.py:839} INFO - DAG(s) dict_keys(['tutorial']) retrieved from /home/airflow/.local/lib/python3.8/site-packages/airflow/example_dags/tutorial.py
[2023-11-16T10:14:39.106+0000] {logging_mixin.py:151} INFO - [2023-11-16T10:14:39.106+0000] {dag.py:2941} INFO - Sync 1 DAGs
[2023-11-16T10:14:39.214+0000] {logging_mixin.py:151} INFO - [2023-11-16T10:14:39.214+0000] {dag.py:3722} INFO - Setting next_dagrun for tutorial to 2023-11-15T10:14:39.213871+00:00, run_after=2023-11-16T10:14:39.213871+00:00
[2023-11-16T10:14:39.229+0000] {processor.py:179} INFO - Processing /home/airflow/.local/lib/python3.8/site-packages/airflow/example_dags/tutorial.py took 0.143 seconds
[2023-11-16T10:15:10.209+0000] {processor.py:157} INFO - Started process (PID=9708) to work on /home/airflow/.local/lib/python3.8/site-packages/airflow/example_dags/tutorial.py
[2023-11-16T10:15:10.209+0000] {processor.py:829} INFO - Processing file /home/airflow/.local/lib/python3.8/site-packages/airflow/example_dags/tutorial.py for tasks to queue
[2023-11-16T10:15:10.210+0000] {logging_mixin.py:151} INFO - [2023-11-16T10:15:10.210+0000] {dagbag.py:536} INFO - Filling up the DagBag from /home/airflow/.local/lib/python3.8/site-packages/airflow/example_dags/tutorial.py
[2023-11-16T10:15:10.215+0000] {processor.py:839} INFO - DAG(s) dict_keys(['tutorial']) retrieved from /home/airflow/.local/lib/python3.8/site-packages/airflow/example_dags/tutorial.py
[2023-11-16T10:15:10.228+0000] {logging_mixin.py:151} INFO - [2023-11-16T10:15:10.227+0000] {dag.py:2941} INFO - Sync 1 DAGs
[2023-11-16T10:15:10.242+0000] {logging_mixin.py:151} INFO - [2023-11-16T10:15:10.242+0000] {dag.py:3722} INFO - Setting next_dagrun for tutorial to 2023-11-15T10:15:10.242447+00:00, run_after=2023-11-16T10:15:10.242447+00:00
[2023-11-16T10:15:10.254+0000] {processor.py:179} INFO - Processing /home/airflow/.local/lib/python3.8/site-packages/airflow/example_dags/tutorial.py took 0.047 seconds
[2023-11-16T10:15:40.879+0000] {processor.py:157} INFO - Started process (PID=9765) to work on /home/airflow/.local/lib/python3.8/site-packages/airflow/example_dags/tutorial.py
[2023-11-16T10:15:40.880+0000] {processor.py:829} INFO - Processing file /home/airflow/.local/lib/python3.8/site-packages/airflow/example_dags/tutorial.py for tasks to queue
[2023-11-16T10:15:40.881+0000] {logging_mixin.py:151} INFO - [2023-11-16T10:15:40.881+0000] {dagbag.py:536} INFO - Filling up the DagBag from /home/airflow/.local/lib/python3.8/site-packages/airflow/example_dags/tutorial.py
[2023-11-16T10:15:40.884+0000] {processor.py:839} INFO - DAG(s) dict_keys(['tutorial']) retrieved from /home/airflow/.local/lib/python3.8/site-packages/airflow/example_dags/tutorial.py
[2023-11-16T10:15:40.896+0000] {logging_mixin.py:151} INFO - [2023-11-16T10:15:40.896+0000] {dag.py:2941} INFO - Sync 1 DAGs
[2023-11-16T10:15:40.911+0000] {logging_mixin.py:151} INFO - [2023-11-16T10:15:40.911+0000] {dag.py:3722} INFO - Setting next_dagrun for tutorial to 2023-11-15T10:15:40.910967+00:00, run_after=2023-11-16T10:15:40.910967+00:00
[2023-11-16T10:15:40.924+0000] {processor.py:179} INFO - Processing /home/airflow/.local/lib/python3.8/site-packages/airflow/example_dags/tutorial.py took 0.046 seconds
[2023-11-16T10:16:11.449+0000] {processor.py:157} INFO - Started process (PID=9821) to work on /home/airflow/.local/lib/python3.8/site-packages/airflow/example_dags/tutorial.py
[2023-11-16T10:16:11.450+0000] {processor.py:829} INFO - Processing file /home/airflow/.local/lib/python3.8/site-packages/airflow/example_dags/tutorial.py for tasks to queue
[2023-11-16T10:16:11.451+0000] {logging_mixin.py:151} INFO - [2023-11-16T10:16:11.450+0000] {dagbag.py:536} INFO - Filling up the DagBag from /home/airflow/.local/lib/python3.8/site-packages/airflow/example_dags/tutorial.py
[2023-11-16T10:16:11.454+0000] {processor.py:839} INFO - DAG(s) dict_keys(['tutorial']) retrieved from /home/airflow/.local/lib/python3.8/site-packages/airflow/example_dags/tutorial.py
[2023-11-16T10:16:11.466+0000] {logging_mixin.py:151} INFO - [2023-11-16T10:16:11.466+0000] {dag.py:2941} INFO - Sync 1 DAGs
[2023-11-16T10:16:11.480+0000] {logging_mixin.py:151} INFO - [2023-11-16T10:16:11.479+0000] {dag.py:3722} INFO - Setting next_dagrun for tutorial to 2023-11-15T10:16:11.479715+00:00, run_after=2023-11-16T10:16:11.479715+00:00
[2023-11-16T10:16:11.491+0000] {processor.py:179} INFO - Processing /home/airflow/.local/lib/python3.8/site-packages/airflow/example_dags/tutorial.py took 0.044 seconds
[2023-11-16T10:16:42.022+0000] {processor.py:157} INFO - Started process (PID=9877) to work on /home/airflow/.local/lib/python3.8/site-packages/airflow/example_dags/tutorial.py
[2023-11-16T10:16:42.022+0000] {processor.py:829} INFO - Processing file /home/airflow/.local/lib/python3.8/site-packages/airflow/example_dags/tutorial.py for tasks to queue
[2023-11-16T10:16:42.023+0000] {logging_mixin.py:151} INFO - [2023-11-16T10:16:42.023+0000] {dagbag.py:536} INFO - Filling up the DagBag from /home/airflow/.local/lib/python3.8/site-packages/airflow/example_dags/tutorial.py
[2023-11-16T10:16:42.027+0000] {processor.py:839} INFO - DAG(s) dict_keys(['tutorial']) retrieved from /home/airflow/.local/lib/python3.8/site-packages/airflow/example_dags/tutorial.py
[2023-11-16T10:16:42.043+0000] {logging_mixin.py:151} INFO - [2023-11-16T10:16:42.043+0000] {dag.py:2941} INFO - Sync 1 DAGs
[2023-11-16T10:16:42.063+0000] {logging_mixin.py:151} INFO - [2023-11-16T10:16:42.063+0000] {dag.py:3722} INFO - Setting next_dagrun for tutorial to 2023-11-15T10:16:42.063014+00:00, run_after=2023-11-16T10:16:42.063014+00:00
[2023-11-16T10:16:42.080+0000] {processor.py:179} INFO - Processing /home/airflow/.local/lib/python3.8/site-packages/airflow/example_dags/tutorial.py took 0.060 seconds
[2023-11-16T10:17:12.672+0000] {processor.py:157} INFO - Started process (PID=9933) to work on /home/airflow/.local/lib/python3.8/site-packages/airflow/example_dags/tutorial.py
[2023-11-16T10:17:12.673+0000] {processor.py:829} INFO - Processing file /home/airflow/.local/lib/python3.8/site-packages/airflow/example_dags/tutorial.py for tasks to queue
[2023-11-16T10:17:12.675+0000] {logging_mixin.py:151} INFO - [2023-11-16T10:17:12.674+0000] {dagbag.py:536} INFO - Filling up the DagBag from /home/airflow/.local/lib/python3.8/site-packages/airflow/example_dags/tutorial.py
[2023-11-16T10:17:12.680+0000] {processor.py:839} INFO - DAG(s) dict_keys(['tutorial']) retrieved from /home/airflow/.local/lib/python3.8/site-packages/airflow/example_dags/tutorial.py
[2023-11-16T10:17:12.695+0000] {logging_mixin.py:151} INFO - [2023-11-16T10:17:12.695+0000] {dag.py:2941} INFO - Sync 1 DAGs
[2023-11-16T10:17:12.714+0000] {logging_mixin.py:151} INFO - [2023-11-16T10:17:12.714+0000] {dag.py:3722} INFO - Setting next_dagrun for tutorial to 2023-11-15T10:17:12.714237+00:00, run_after=2023-11-16T10:17:12.714237+00:00
[2023-11-16T10:17:12.729+0000] {processor.py:179} INFO - Processing /home/airflow/.local/lib/python3.8/site-packages/airflow/example_dags/tutorial.py took 0.059 seconds
[2023-11-16T10:17:43.277+0000] {processor.py:157} INFO - Started process (PID=9989) to work on /home/airflow/.local/lib/python3.8/site-packages/airflow/example_dags/tutorial.py
[2023-11-16T10:17:43.278+0000] {processor.py:829} INFO - Processing file /home/airflow/.local/lib/python3.8/site-packages/airflow/example_dags/tutorial.py for tasks to queue
[2023-11-16T10:17:43.279+0000] {logging_mixin.py:151} INFO - [2023-11-16T10:17:43.279+0000] {dagbag.py:536} INFO - Filling up the DagBag from /home/airflow/.local/lib/python3.8/site-packages/airflow/example_dags/tutorial.py
[2023-11-16T10:17:43.282+0000] {processor.py:839} INFO - DAG(s) dict_keys(['tutorial']) retrieved from /home/airflow/.local/lib/python3.8/site-packages/airflow/example_dags/tutorial.py
[2023-11-16T10:17:43.298+0000] {logging_mixin.py:151} INFO - [2023-11-16T10:17:43.298+0000] {dag.py:2941} INFO - Sync 1 DAGs
[2023-11-16T10:17:43.319+0000] {logging_mixin.py:151} INFO - [2023-11-16T10:17:43.318+0000] {dag.py:3722} INFO - Setting next_dagrun for tutorial to 2023-11-15T10:17:43.318669+00:00, run_after=2023-11-16T10:17:43.318669+00:00
[2023-11-16T10:17:43.333+0000] {processor.py:179} INFO - Processing /home/airflow/.local/lib/python3.8/site-packages/airflow/example_dags/tutorial.py took 0.058 seconds
[2023-11-16T10:18:13.914+0000] {processor.py:157} INFO - Started process (PID=10045) to work on /home/airflow/.local/lib/python3.8/site-packages/airflow/example_dags/tutorial.py
[2023-11-16T10:18:13.914+0000] {processor.py:829} INFO - Processing file /home/airflow/.local/lib/python3.8/site-packages/airflow/example_dags/tutorial.py for tasks to queue
[2023-11-16T10:18:13.915+0000] {logging_mixin.py:151} INFO - [2023-11-16T10:18:13.915+0000] {dagbag.py:536} INFO - Filling up the DagBag from /home/airflow/.local/lib/python3.8/site-packages/airflow/example_dags/tutorial.py
[2023-11-16T10:18:13.919+0000] {processor.py:839} INFO - DAG(s) dict_keys(['tutorial']) retrieved from /home/airflow/.local/lib/python3.8/site-packages/airflow/example_dags/tutorial.py
[2023-11-16T10:18:13.934+0000] {logging_mixin.py:151} INFO - [2023-11-16T10:18:13.934+0000] {dag.py:2941} INFO - Sync 1 DAGs
[2023-11-16T10:18:13.954+0000] {logging_mixin.py:151} INFO - [2023-11-16T10:18:13.954+0000] {dag.py:3722} INFO - Setting next_dagrun for tutorial to 2023-11-15T10:18:13.954402+00:00, run_after=2023-11-16T10:18:13.954402+00:00
[2023-11-16T10:18:13.969+0000] {processor.py:179} INFO - Processing /home/airflow/.local/lib/python3.8/site-packages/airflow/example_dags/tutorial.py took 0.057 seconds
[2023-11-16T10:18:44.558+0000] {processor.py:157} INFO - Started process (PID=10101) to work on /home/airflow/.local/lib/python3.8/site-packages/airflow/example_dags/tutorial.py
[2023-11-16T10:18:44.567+0000] {processor.py:829} INFO - Processing file /home/airflow/.local/lib/python3.8/site-packages/airflow/example_dags/tutorial.py for tasks to queue
[2023-11-16T10:18:44.569+0000] {logging_mixin.py:151} INFO - [2023-11-16T10:18:44.569+0000] {dagbag.py:536} INFO - Filling up the DagBag from /home/airflow/.local/lib/python3.8/site-packages/airflow/example_dags/tutorial.py
[2023-11-16T10:18:44.574+0000] {processor.py:839} INFO - DAG(s) dict_keys(['tutorial']) retrieved from /home/airflow/.local/lib/python3.8/site-packages/airflow/example_dags/tutorial.py
[2023-11-16T10:18:44.590+0000] {logging_mixin.py:151} INFO - [2023-11-16T10:18:44.589+0000] {dag.py:2941} INFO - Sync 1 DAGs
[2023-11-16T10:18:44.603+0000] {logging_mixin.py:151} INFO - [2023-11-16T10:18:44.603+0000] {dag.py:3722} INFO - Setting next_dagrun for tutorial to 2023-11-15T10:18:44.603559+00:00, run_after=2023-11-16T10:18:44.603559+00:00
[2023-11-16T10:18:44.617+0000] {processor.py:179} INFO - Processing /home/airflow/.local/lib/python3.8/site-packages/airflow/example_dags/tutorial.py took 0.061 seconds
[2023-11-16T10:19:15.268+0000] {processor.py:157} INFO - Started process (PID=10157) to work on /home/airflow/.local/lib/python3.8/site-packages/airflow/example_dags/tutorial.py
[2023-11-16T10:19:15.269+0000] {processor.py:829} INFO - Processing file /home/airflow/.local/lib/python3.8/site-packages/airflow/example_dags/tutorial.py for tasks to queue
[2023-11-16T10:19:15.270+0000] {logging_mixin.py:151} INFO - [2023-11-16T10:19:15.270+0000] {dagbag.py:536} INFO - Filling up the DagBag from /home/airflow/.local/lib/python3.8/site-packages/airflow/example_dags/tutorial.py
[2023-11-16T10:19:15.273+0000] {processor.py:839} INFO - DAG(s) dict_keys(['tutorial']) retrieved from /home/airflow/.local/lib/python3.8/site-packages/airflow/example_dags/tutorial.py
[2023-11-16T10:19:15.289+0000] {logging_mixin.py:151} INFO - [2023-11-16T10:19:15.289+0000] {dag.py:2941} INFO - Sync 1 DAGs
[2023-11-16T10:19:15.308+0000] {logging_mixin.py:151} INFO - [2023-11-16T10:19:15.308+0000] {dag.py:3722} INFO - Setting next_dagrun for tutorial to 2023-11-15T10:19:15.308327+00:00, run_after=2023-11-16T10:19:15.308327+00:00
[2023-11-16T10:19:15.322+0000] {processor.py:179} INFO - Processing /home/airflow/.local/lib/python3.8/site-packages/airflow/example_dags/tutorial.py took 0.056 seconds
[2023-11-16T10:19:46.010+0000] {processor.py:157} INFO - Started process (PID=10213) to work on /home/airflow/.local/lib/python3.8/site-packages/airflow/example_dags/tutorial.py
[2023-11-16T10:19:46.010+0000] {processor.py:829} INFO - Processing file /home/airflow/.local/lib/python3.8/site-packages/airflow/example_dags/tutorial.py for tasks to queue
[2023-11-16T10:19:46.011+0000] {logging_mixin.py:151} INFO - [2023-11-16T10:19:46.011+0000] {dagbag.py:536} INFO - Filling up the DagBag from /home/airflow/.local/lib/python3.8/site-packages/airflow/example_dags/tutorial.py
[2023-11-16T10:19:46.015+0000] {processor.py:839} INFO - DAG(s) dict_keys(['tutorial']) retrieved from /home/airflow/.local/lib/python3.8/site-packages/airflow/example_dags/tutorial.py
[2023-11-16T10:19:46.027+0000] {logging_mixin.py:151} INFO - [2023-11-16T10:19:46.027+0000] {dag.py:2941} INFO - Sync 1 DAGs
[2023-11-16T10:19:46.041+0000] {logging_mixin.py:151} INFO - [2023-11-16T10:19:46.041+0000] {dag.py:3722} INFO - Setting next_dagrun for tutorial to 2023-11-15T10:19:46.040982+00:00, run_after=2023-11-16T10:19:46.040982+00:00
[2023-11-16T10:19:46.053+0000] {processor.py:179} INFO - Processing /home/airflow/.local/lib/python3.8/site-packages/airflow/example_dags/tutorial.py took 0.044 seconds
[2023-11-16T10:20:16.721+0000] {processor.py:157} INFO - Started process (PID=10269) to work on /home/airflow/.local/lib/python3.8/site-packages/airflow/example_dags/tutorial.py
[2023-11-16T10:20:16.721+0000] {processor.py:829} INFO - Processing file /home/airflow/.local/lib/python3.8/site-packages/airflow/example_dags/tutorial.py for tasks to queue
[2023-11-16T10:20:16.723+0000] {logging_mixin.py:151} INFO - [2023-11-16T10:20:16.722+0000] {dagbag.py:536} INFO - Filling up the DagBag from /home/airflow/.local/lib/python3.8/site-packages/airflow/example_dags/tutorial.py
[2023-11-16T10:20:16.726+0000] {processor.py:839} INFO - DAG(s) dict_keys(['tutorial']) retrieved from /home/airflow/.local/lib/python3.8/site-packages/airflow/example_dags/tutorial.py
[2023-11-16T10:20:16.738+0000] {logging_mixin.py:151} INFO - [2023-11-16T10:20:16.738+0000] {dag.py:2941} INFO - Sync 1 DAGs
[2023-11-16T10:20:16.752+0000] {logging_mixin.py:151} INFO - [2023-11-16T10:20:16.751+0000] {dag.py:3722} INFO - Setting next_dagrun for tutorial to 2023-11-15T10:20:16.751723+00:00, run_after=2023-11-16T10:20:16.751723+00:00
[2023-11-16T10:20:16.763+0000] {processor.py:179} INFO - Processing /home/airflow/.local/lib/python3.8/site-packages/airflow/example_dags/tutorial.py took 0.045 seconds
[2023-11-16T10:20:47.387+0000] {processor.py:157} INFO - Started process (PID=10325) to work on /home/airflow/.local/lib/python3.8/site-packages/airflow/example_dags/tutorial.py
[2023-11-16T10:20:47.387+0000] {processor.py:829} INFO - Processing file /home/airflow/.local/lib/python3.8/site-packages/airflow/example_dags/tutorial.py for tasks to queue
[2023-11-16T10:20:47.389+0000] {logging_mixin.py:151} INFO - [2023-11-16T10:20:47.388+0000] {dagbag.py:536} INFO - Filling up the DagBag from /home/airflow/.local/lib/python3.8/site-packages/airflow/example_dags/tutorial.py
[2023-11-16T10:20:47.392+0000] {processor.py:839} INFO - DAG(s) dict_keys(['tutorial']) retrieved from /home/airflow/.local/lib/python3.8/site-packages/airflow/example_dags/tutorial.py
[2023-11-16T10:20:47.407+0000] {logging_mixin.py:151} INFO - [2023-11-16T10:20:47.407+0000] {dag.py:2941} INFO - Sync 1 DAGs
[2023-11-16T10:20:47.427+0000] {logging_mixin.py:151} INFO - [2023-11-16T10:20:47.426+0000] {dag.py:3722} INFO - Setting next_dagrun for tutorial to 2023-11-15T10:20:47.426652+00:00, run_after=2023-11-16T10:20:47.426652+00:00
[2023-11-16T10:20:47.440+0000] {processor.py:179} INFO - Processing /home/airflow/.local/lib/python3.8/site-packages/airflow/example_dags/tutorial.py took 0.055 seconds
