[2023-11-16T09:44:18.845+0000] {processor.py:157} INFO - Started process (PID=6285) to work on /home/airflow/.local/lib/python3.8/site-packages/airflow/example_dags/tutorial_dag.py
[2023-11-16T09:44:18.845+0000] {processor.py:829} INFO - Processing file /home/airflow/.local/lib/python3.8/site-packages/airflow/example_dags/tutorial_dag.py for tasks to queue
[2023-11-16T09:44:18.846+0000] {logging_mixin.py:151} INFO - [2023-11-16T09:44:18.846+0000] {dagbag.py:536} INFO - Filling up the DagBag from /home/airflow/.local/lib/python3.8/site-packages/airflow/example_dags/tutorial_dag.py
[2023-11-16T09:44:18.850+0000] {processor.py:839} INFO - DAG(s) dict_keys(['tutorial_dag']) retrieved from /home/airflow/.local/lib/python3.8/site-packages/airflow/example_dags/tutorial_dag.py
[2023-11-16T09:44:18.868+0000] {logging_mixin.py:151} INFO - [2023-11-16T09:44:18.868+0000] {dag.py:2941} INFO - Sync 1 DAGs
[2023-11-16T09:44:18.876+0000] {logging_mixin.py:151} INFO - [2023-11-16T09:44:18.876+0000] {dag.py:3722} INFO - Setting next_dagrun for tutorial_dag to None, run_after=None
[2023-11-16T09:44:18.887+0000] {processor.py:179} INFO - Processing /home/airflow/.local/lib/python3.8/site-packages/airflow/example_dags/tutorial_dag.py took 0.044 seconds
[2023-11-16T09:44:48.979+0000] {processor.py:157} INFO - Started process (PID=6341) to work on /home/airflow/.local/lib/python3.8/site-packages/airflow/example_dags/tutorial_dag.py
[2023-11-16T09:44:48.980+0000] {processor.py:829} INFO - Processing file /home/airflow/.local/lib/python3.8/site-packages/airflow/example_dags/tutorial_dag.py for tasks to queue
[2023-11-16T09:44:48.981+0000] {logging_mixin.py:151} INFO - [2023-11-16T09:44:48.981+0000] {dagbag.py:536} INFO - Filling up the DagBag from /home/airflow/.local/lib/python3.8/site-packages/airflow/example_dags/tutorial_dag.py
[2023-11-16T09:44:48.984+0000] {processor.py:839} INFO - DAG(s) dict_keys(['tutorial_dag']) retrieved from /home/airflow/.local/lib/python3.8/site-packages/airflow/example_dags/tutorial_dag.py
[2023-11-16T09:44:48.996+0000] {logging_mixin.py:151} INFO - [2023-11-16T09:44:48.996+0000] {dag.py:2941} INFO - Sync 1 DAGs
[2023-11-16T09:44:49.004+0000] {logging_mixin.py:151} INFO - [2023-11-16T09:44:49.004+0000] {dag.py:3722} INFO - Setting next_dagrun for tutorial_dag to None, run_after=None
[2023-11-16T09:44:49.018+0000] {processor.py:179} INFO - Processing /home/airflow/.local/lib/python3.8/site-packages/airflow/example_dags/tutorial_dag.py took 0.040 seconds
[2023-11-16T09:45:19.125+0000] {processor.py:157} INFO - Started process (PID=6397) to work on /home/airflow/.local/lib/python3.8/site-packages/airflow/example_dags/tutorial_dag.py
[2023-11-16T09:45:19.126+0000] {processor.py:829} INFO - Processing file /home/airflow/.local/lib/python3.8/site-packages/airflow/example_dags/tutorial_dag.py for tasks to queue
[2023-11-16T09:45:19.127+0000] {logging_mixin.py:151} INFO - [2023-11-16T09:45:19.127+0000] {dagbag.py:536} INFO - Filling up the DagBag from /home/airflow/.local/lib/python3.8/site-packages/airflow/example_dags/tutorial_dag.py
[2023-11-16T09:45:19.130+0000] {processor.py:839} INFO - DAG(s) dict_keys(['tutorial_dag']) retrieved from /home/airflow/.local/lib/python3.8/site-packages/airflow/example_dags/tutorial_dag.py
[2023-11-16T09:45:19.148+0000] {logging_mixin.py:151} INFO - [2023-11-16T09:45:19.147+0000] {dag.py:2941} INFO - Sync 1 DAGs
[2023-11-16T09:45:19.158+0000] {logging_mixin.py:151} INFO - [2023-11-16T09:45:19.158+0000] {dag.py:3722} INFO - Setting next_dagrun for tutorial_dag to None, run_after=None
[2023-11-16T09:45:19.172+0000] {processor.py:179} INFO - Processing /home/airflow/.local/lib/python3.8/site-packages/airflow/example_dags/tutorial_dag.py took 0.048 seconds
[2023-11-16T09:45:49.220+0000] {processor.py:157} INFO - Started process (PID=6454) to work on /home/airflow/.local/lib/python3.8/site-packages/airflow/example_dags/tutorial_dag.py
[2023-11-16T09:45:49.220+0000] {processor.py:829} INFO - Processing file /home/airflow/.local/lib/python3.8/site-packages/airflow/example_dags/tutorial_dag.py for tasks to queue
[2023-11-16T09:45:49.222+0000] {logging_mixin.py:151} INFO - [2023-11-16T09:45:49.221+0000] {dagbag.py:536} INFO - Filling up the DagBag from /home/airflow/.local/lib/python3.8/site-packages/airflow/example_dags/tutorial_dag.py
[2023-11-16T09:45:49.225+0000] {processor.py:839} INFO - DAG(s) dict_keys(['tutorial_dag']) retrieved from /home/airflow/.local/lib/python3.8/site-packages/airflow/example_dags/tutorial_dag.py
[2023-11-16T09:45:49.237+0000] {logging_mixin.py:151} INFO - [2023-11-16T09:45:49.237+0000] {dag.py:2941} INFO - Sync 1 DAGs
[2023-11-16T09:45:49.244+0000] {logging_mixin.py:151} INFO - [2023-11-16T09:45:49.244+0000] {dag.py:3722} INFO - Setting next_dagrun for tutorial_dag to None, run_after=None
[2023-11-16T09:45:49.256+0000] {processor.py:179} INFO - Processing /home/airflow/.local/lib/python3.8/site-packages/airflow/example_dags/tutorial_dag.py took 0.038 seconds
[2023-11-16T09:46:19.361+0000] {processor.py:157} INFO - Started process (PID=6510) to work on /home/airflow/.local/lib/python3.8/site-packages/airflow/example_dags/tutorial_dag.py
[2023-11-16T09:46:19.362+0000] {processor.py:829} INFO - Processing file /home/airflow/.local/lib/python3.8/site-packages/airflow/example_dags/tutorial_dag.py for tasks to queue
[2023-11-16T09:46:19.363+0000] {logging_mixin.py:151} INFO - [2023-11-16T09:46:19.363+0000] {dagbag.py:536} INFO - Filling up the DagBag from /home/airflow/.local/lib/python3.8/site-packages/airflow/example_dags/tutorial_dag.py
[2023-11-16T09:46:19.366+0000] {processor.py:839} INFO - DAG(s) dict_keys(['tutorial_dag']) retrieved from /home/airflow/.local/lib/python3.8/site-packages/airflow/example_dags/tutorial_dag.py
[2023-11-16T09:46:19.381+0000] {logging_mixin.py:151} INFO - [2023-11-16T09:46:19.381+0000] {dag.py:2941} INFO - Sync 1 DAGs
[2023-11-16T09:46:19.391+0000] {logging_mixin.py:151} INFO - [2023-11-16T09:46:19.391+0000] {dag.py:3722} INFO - Setting next_dagrun for tutorial_dag to None, run_after=None
[2023-11-16T09:46:19.405+0000] {processor.py:179} INFO - Processing /home/airflow/.local/lib/python3.8/site-packages/airflow/example_dags/tutorial_dag.py took 0.046 seconds
[2023-11-16T09:46:49.492+0000] {processor.py:157} INFO - Started process (PID=6566) to work on /home/airflow/.local/lib/python3.8/site-packages/airflow/example_dags/tutorial_dag.py
[2023-11-16T09:46:49.493+0000] {processor.py:829} INFO - Processing file /home/airflow/.local/lib/python3.8/site-packages/airflow/example_dags/tutorial_dag.py for tasks to queue
[2023-11-16T09:46:49.494+0000] {logging_mixin.py:151} INFO - [2023-11-16T09:46:49.494+0000] {dagbag.py:536} INFO - Filling up the DagBag from /home/airflow/.local/lib/python3.8/site-packages/airflow/example_dags/tutorial_dag.py
[2023-11-16T09:46:49.497+0000] {processor.py:839} INFO - DAG(s) dict_keys(['tutorial_dag']) retrieved from /home/airflow/.local/lib/python3.8/site-packages/airflow/example_dags/tutorial_dag.py
[2023-11-16T09:46:49.509+0000] {logging_mixin.py:151} INFO - [2023-11-16T09:46:49.508+0000] {dag.py:2941} INFO - Sync 1 DAGs
[2023-11-16T09:46:49.516+0000] {logging_mixin.py:151} INFO - [2023-11-16T09:46:49.516+0000] {dag.py:3722} INFO - Setting next_dagrun for tutorial_dag to None, run_after=None
[2023-11-16T09:46:49.526+0000] {processor.py:179} INFO - Processing /home/airflow/.local/lib/python3.8/site-packages/airflow/example_dags/tutorial_dag.py took 0.036 seconds
[2023-11-16T09:47:19.632+0000] {processor.py:157} INFO - Started process (PID=6622) to work on /home/airflow/.local/lib/python3.8/site-packages/airflow/example_dags/tutorial_dag.py
[2023-11-16T09:47:19.633+0000] {processor.py:829} INFO - Processing file /home/airflow/.local/lib/python3.8/site-packages/airflow/example_dags/tutorial_dag.py for tasks to queue
[2023-11-16T09:47:19.634+0000] {logging_mixin.py:151} INFO - [2023-11-16T09:47:19.634+0000] {dagbag.py:536} INFO - Filling up the DagBag from /home/airflow/.local/lib/python3.8/site-packages/airflow/example_dags/tutorial_dag.py
[2023-11-16T09:47:19.637+0000] {processor.py:839} INFO - DAG(s) dict_keys(['tutorial_dag']) retrieved from /home/airflow/.local/lib/python3.8/site-packages/airflow/example_dags/tutorial_dag.py
[2023-11-16T09:47:19.649+0000] {logging_mixin.py:151} INFO - [2023-11-16T09:47:19.649+0000] {dag.py:2941} INFO - Sync 1 DAGs
[2023-11-16T09:47:19.656+0000] {logging_mixin.py:151} INFO - [2023-11-16T09:47:19.656+0000] {dag.py:3722} INFO - Setting next_dagrun for tutorial_dag to None, run_after=None
[2023-11-16T09:47:19.667+0000] {processor.py:179} INFO - Processing /home/airflow/.local/lib/python3.8/site-packages/airflow/example_dags/tutorial_dag.py took 0.037 seconds
[2023-11-16T09:47:49.772+0000] {processor.py:157} INFO - Started process (PID=6678) to work on /home/airflow/.local/lib/python3.8/site-packages/airflow/example_dags/tutorial_dag.py
[2023-11-16T09:47:49.772+0000] {processor.py:829} INFO - Processing file /home/airflow/.local/lib/python3.8/site-packages/airflow/example_dags/tutorial_dag.py for tasks to queue
[2023-11-16T09:47:49.773+0000] {logging_mixin.py:151} INFO - [2023-11-16T09:47:49.773+0000] {dagbag.py:536} INFO - Filling up the DagBag from /home/airflow/.local/lib/python3.8/site-packages/airflow/example_dags/tutorial_dag.py
[2023-11-16T09:47:49.776+0000] {processor.py:839} INFO - DAG(s) dict_keys(['tutorial_dag']) retrieved from /home/airflow/.local/lib/python3.8/site-packages/airflow/example_dags/tutorial_dag.py
[2023-11-16T09:47:49.788+0000] {logging_mixin.py:151} INFO - [2023-11-16T09:47:49.788+0000] {dag.py:2941} INFO - Sync 1 DAGs
[2023-11-16T09:47:49.795+0000] {logging_mixin.py:151} INFO - [2023-11-16T09:47:49.795+0000] {dag.py:3722} INFO - Setting next_dagrun for tutorial_dag to None, run_after=None
[2023-11-16T09:47:49.806+0000] {processor.py:179} INFO - Processing /home/airflow/.local/lib/python3.8/site-packages/airflow/example_dags/tutorial_dag.py took 0.036 seconds
[2023-11-16T09:48:19.869+0000] {processor.py:157} INFO - Started process (PID=6734) to work on /home/airflow/.local/lib/python3.8/site-packages/airflow/example_dags/tutorial_dag.py
[2023-11-16T09:48:19.869+0000] {processor.py:829} INFO - Processing file /home/airflow/.local/lib/python3.8/site-packages/airflow/example_dags/tutorial_dag.py for tasks to queue
[2023-11-16T09:48:19.870+0000] {logging_mixin.py:151} INFO - [2023-11-16T09:48:19.870+0000] {dagbag.py:536} INFO - Filling up the DagBag from /home/airflow/.local/lib/python3.8/site-packages/airflow/example_dags/tutorial_dag.py
[2023-11-16T09:48:19.873+0000] {processor.py:839} INFO - DAG(s) dict_keys(['tutorial_dag']) retrieved from /home/airflow/.local/lib/python3.8/site-packages/airflow/example_dags/tutorial_dag.py
[2023-11-16T09:48:19.885+0000] {logging_mixin.py:151} INFO - [2023-11-16T09:48:19.885+0000] {dag.py:2941} INFO - Sync 1 DAGs
[2023-11-16T09:48:19.893+0000] {logging_mixin.py:151} INFO - [2023-11-16T09:48:19.893+0000] {dag.py:3722} INFO - Setting next_dagrun for tutorial_dag to None, run_after=None
[2023-11-16T09:48:19.904+0000] {processor.py:179} INFO - Processing /home/airflow/.local/lib/python3.8/site-packages/airflow/example_dags/tutorial_dag.py took 0.037 seconds
[2023-11-16T09:48:49.990+0000] {processor.py:157} INFO - Started process (PID=6790) to work on /home/airflow/.local/lib/python3.8/site-packages/airflow/example_dags/tutorial_dag.py
[2023-11-16T09:48:49.990+0000] {processor.py:829} INFO - Processing file /home/airflow/.local/lib/python3.8/site-packages/airflow/example_dags/tutorial_dag.py for tasks to queue
[2023-11-16T09:48:49.992+0000] {logging_mixin.py:151} INFO - [2023-11-16T09:48:49.991+0000] {dagbag.py:536} INFO - Filling up the DagBag from /home/airflow/.local/lib/python3.8/site-packages/airflow/example_dags/tutorial_dag.py
[2023-11-16T09:48:49.995+0000] {processor.py:839} INFO - DAG(s) dict_keys(['tutorial_dag']) retrieved from /home/airflow/.local/lib/python3.8/site-packages/airflow/example_dags/tutorial_dag.py
[2023-11-16T09:48:50.007+0000] {logging_mixin.py:151} INFO - [2023-11-16T09:48:50.007+0000] {dag.py:2941} INFO - Sync 1 DAGs
[2023-11-16T09:48:50.015+0000] {logging_mixin.py:151} INFO - [2023-11-16T09:48:50.014+0000] {dag.py:3722} INFO - Setting next_dagrun for tutorial_dag to None, run_after=None
[2023-11-16T09:48:50.025+0000] {processor.py:179} INFO - Processing /home/airflow/.local/lib/python3.8/site-packages/airflow/example_dags/tutorial_dag.py took 0.037 seconds
[2023-11-16T09:49:20.099+0000] {processor.py:157} INFO - Started process (PID=6846) to work on /home/airflow/.local/lib/python3.8/site-packages/airflow/example_dags/tutorial_dag.py
[2023-11-16T09:49:20.100+0000] {processor.py:829} INFO - Processing file /home/airflow/.local/lib/python3.8/site-packages/airflow/example_dags/tutorial_dag.py for tasks to queue
[2023-11-16T09:49:20.102+0000] {logging_mixin.py:151} INFO - [2023-11-16T09:49:20.101+0000] {dagbag.py:536} INFO - Filling up the DagBag from /home/airflow/.local/lib/python3.8/site-packages/airflow/example_dags/tutorial_dag.py
[2023-11-16T09:49:20.105+0000] {processor.py:839} INFO - DAG(s) dict_keys(['tutorial_dag']) retrieved from /home/airflow/.local/lib/python3.8/site-packages/airflow/example_dags/tutorial_dag.py
[2023-11-16T09:49:20.117+0000] {logging_mixin.py:151} INFO - [2023-11-16T09:49:20.117+0000] {dag.py:2941} INFO - Sync 1 DAGs
[2023-11-16T09:49:20.125+0000] {logging_mixin.py:151} INFO - [2023-11-16T09:49:20.125+0000] {dag.py:3722} INFO - Setting next_dagrun for tutorial_dag to None, run_after=None
[2023-11-16T09:49:20.137+0000] {processor.py:179} INFO - Processing /home/airflow/.local/lib/python3.8/site-packages/airflow/example_dags/tutorial_dag.py took 0.040 seconds
[2023-11-16T09:49:50.198+0000] {processor.py:157} INFO - Started process (PID=6902) to work on /home/airflow/.local/lib/python3.8/site-packages/airflow/example_dags/tutorial_dag.py
[2023-11-16T09:49:50.198+0000] {processor.py:829} INFO - Processing file /home/airflow/.local/lib/python3.8/site-packages/airflow/example_dags/tutorial_dag.py for tasks to queue
[2023-11-16T09:49:50.199+0000] {logging_mixin.py:151} INFO - [2023-11-16T09:49:50.199+0000] {dagbag.py:536} INFO - Filling up the DagBag from /home/airflow/.local/lib/python3.8/site-packages/airflow/example_dags/tutorial_dag.py
[2023-11-16T09:49:50.202+0000] {processor.py:839} INFO - DAG(s) dict_keys(['tutorial_dag']) retrieved from /home/airflow/.local/lib/python3.8/site-packages/airflow/example_dags/tutorial_dag.py
[2023-11-16T09:49:50.214+0000] {logging_mixin.py:151} INFO - [2023-11-16T09:49:50.214+0000] {dag.py:2941} INFO - Sync 1 DAGs
[2023-11-16T09:49:50.222+0000] {logging_mixin.py:151} INFO - [2023-11-16T09:49:50.222+0000] {dag.py:3722} INFO - Setting next_dagrun for tutorial_dag to None, run_after=None
[2023-11-16T09:49:50.233+0000] {processor.py:179} INFO - Processing /home/airflow/.local/lib/python3.8/site-packages/airflow/example_dags/tutorial_dag.py took 0.037 seconds
[2023-11-16T09:50:20.279+0000] {processor.py:157} INFO - Started process (PID=6958) to work on /home/airflow/.local/lib/python3.8/site-packages/airflow/example_dags/tutorial_dag.py
[2023-11-16T09:50:20.279+0000] {processor.py:829} INFO - Processing file /home/airflow/.local/lib/python3.8/site-packages/airflow/example_dags/tutorial_dag.py for tasks to queue
[2023-11-16T09:50:20.281+0000] {logging_mixin.py:151} INFO - [2023-11-16T09:50:20.281+0000] {dagbag.py:536} INFO - Filling up the DagBag from /home/airflow/.local/lib/python3.8/site-packages/airflow/example_dags/tutorial_dag.py
[2023-11-16T09:50:20.285+0000] {processor.py:839} INFO - DAG(s) dict_keys(['tutorial_dag']) retrieved from /home/airflow/.local/lib/python3.8/site-packages/airflow/example_dags/tutorial_dag.py
[2023-11-16T09:50:20.300+0000] {logging_mixin.py:151} INFO - [2023-11-16T09:50:20.299+0000] {dag.py:2941} INFO - Sync 1 DAGs
[2023-11-16T09:50:20.311+0000] {logging_mixin.py:151} INFO - [2023-11-16T09:50:20.310+0000] {dag.py:3722} INFO - Setting next_dagrun for tutorial_dag to None, run_after=None
[2023-11-16T09:50:20.325+0000] {processor.py:179} INFO - Processing /home/airflow/.local/lib/python3.8/site-packages/airflow/example_dags/tutorial_dag.py took 0.049 seconds
[2023-11-16T09:50:50.583+0000] {processor.py:157} INFO - Started process (PID=7014) to work on /home/airflow/.local/lib/python3.8/site-packages/airflow/example_dags/tutorial_dag.py
[2023-11-16T09:50:50.584+0000] {processor.py:829} INFO - Processing file /home/airflow/.local/lib/python3.8/site-packages/airflow/example_dags/tutorial_dag.py for tasks to queue
[2023-11-16T09:50:50.585+0000] {logging_mixin.py:151} INFO - [2023-11-16T09:50:50.585+0000] {dagbag.py:536} INFO - Filling up the DagBag from /home/airflow/.local/lib/python3.8/site-packages/airflow/example_dags/tutorial_dag.py
[2023-11-16T09:50:50.588+0000] {processor.py:839} INFO - DAG(s) dict_keys(['tutorial_dag']) retrieved from /home/airflow/.local/lib/python3.8/site-packages/airflow/example_dags/tutorial_dag.py
[2023-11-16T09:50:50.600+0000] {logging_mixin.py:151} INFO - [2023-11-16T09:50:50.600+0000] {dag.py:2941} INFO - Sync 1 DAGs
[2023-11-16T09:50:50.611+0000] {logging_mixin.py:151} INFO - [2023-11-16T09:50:50.611+0000] {dag.py:3722} INFO - Setting next_dagrun for tutorial_dag to None, run_after=None
[2023-11-16T09:50:50.623+0000] {processor.py:179} INFO - Processing /home/airflow/.local/lib/python3.8/site-packages/airflow/example_dags/tutorial_dag.py took 0.042 seconds
[2023-11-16T09:51:20.710+0000] {processor.py:157} INFO - Started process (PID=7070) to work on /home/airflow/.local/lib/python3.8/site-packages/airflow/example_dags/tutorial_dag.py
[2023-11-16T09:51:20.711+0000] {processor.py:829} INFO - Processing file /home/airflow/.local/lib/python3.8/site-packages/airflow/example_dags/tutorial_dag.py for tasks to queue
[2023-11-16T09:51:20.712+0000] {logging_mixin.py:151} INFO - [2023-11-16T09:51:20.712+0000] {dagbag.py:536} INFO - Filling up the DagBag from /home/airflow/.local/lib/python3.8/site-packages/airflow/example_dags/tutorial_dag.py
[2023-11-16T09:51:20.715+0000] {processor.py:839} INFO - DAG(s) dict_keys(['tutorial_dag']) retrieved from /home/airflow/.local/lib/python3.8/site-packages/airflow/example_dags/tutorial_dag.py
[2023-11-16T09:51:20.727+0000] {logging_mixin.py:151} INFO - [2023-11-16T09:51:20.726+0000] {dag.py:2941} INFO - Sync 1 DAGs
[2023-11-16T09:51:20.734+0000] {logging_mixin.py:151} INFO - [2023-11-16T09:51:20.734+0000] {dag.py:3722} INFO - Setting next_dagrun for tutorial_dag to None, run_after=None
[2023-11-16T09:51:20.745+0000] {processor.py:179} INFO - Processing /home/airflow/.local/lib/python3.8/site-packages/airflow/example_dags/tutorial_dag.py took 0.036 seconds
[2023-11-16T09:51:50.879+0000] {processor.py:157} INFO - Started process (PID=7126) to work on /home/airflow/.local/lib/python3.8/site-packages/airflow/example_dags/tutorial_dag.py
[2023-11-16T09:51:50.880+0000] {processor.py:829} INFO - Processing file /home/airflow/.local/lib/python3.8/site-packages/airflow/example_dags/tutorial_dag.py for tasks to queue
[2023-11-16T09:51:50.881+0000] {logging_mixin.py:151} INFO - [2023-11-16T09:51:50.881+0000] {dagbag.py:536} INFO - Filling up the DagBag from /home/airflow/.local/lib/python3.8/site-packages/airflow/example_dags/tutorial_dag.py
[2023-11-16T09:51:50.884+0000] {processor.py:839} INFO - DAG(s) dict_keys(['tutorial_dag']) retrieved from /home/airflow/.local/lib/python3.8/site-packages/airflow/example_dags/tutorial_dag.py
[2023-11-16T09:51:50.895+0000] {logging_mixin.py:151} INFO - [2023-11-16T09:51:50.895+0000] {dag.py:2941} INFO - Sync 1 DAGs
[2023-11-16T09:51:50.903+0000] {logging_mixin.py:151} INFO - [2023-11-16T09:51:50.903+0000] {dag.py:3722} INFO - Setting next_dagrun for tutorial_dag to None, run_after=None
[2023-11-16T09:51:50.914+0000] {processor.py:179} INFO - Processing /home/airflow/.local/lib/python3.8/site-packages/airflow/example_dags/tutorial_dag.py took 0.036 seconds
[2023-11-16T09:52:20.962+0000] {processor.py:157} INFO - Started process (PID=7182) to work on /home/airflow/.local/lib/python3.8/site-packages/airflow/example_dags/tutorial_dag.py
[2023-11-16T09:52:20.963+0000] {processor.py:829} INFO - Processing file /home/airflow/.local/lib/python3.8/site-packages/airflow/example_dags/tutorial_dag.py for tasks to queue
[2023-11-16T09:52:20.964+0000] {logging_mixin.py:151} INFO - [2023-11-16T09:52:20.964+0000] {dagbag.py:536} INFO - Filling up the DagBag from /home/airflow/.local/lib/python3.8/site-packages/airflow/example_dags/tutorial_dag.py
[2023-11-16T09:52:20.967+0000] {processor.py:839} INFO - DAG(s) dict_keys(['tutorial_dag']) retrieved from /home/airflow/.local/lib/python3.8/site-packages/airflow/example_dags/tutorial_dag.py
[2023-11-16T09:52:20.980+0000] {logging_mixin.py:151} INFO - [2023-11-16T09:52:20.980+0000] {dag.py:2941} INFO - Sync 1 DAGs
[2023-11-16T09:52:20.988+0000] {logging_mixin.py:151} INFO - [2023-11-16T09:52:20.988+0000] {dag.py:3722} INFO - Setting next_dagrun for tutorial_dag to None, run_after=None
[2023-11-16T09:52:20.998+0000] {processor.py:179} INFO - Processing /home/airflow/.local/lib/python3.8/site-packages/airflow/example_dags/tutorial_dag.py took 0.038 seconds
[2023-11-16T09:52:51.778+0000] {processor.py:157} INFO - Started process (PID=7239) to work on /home/airflow/.local/lib/python3.8/site-packages/airflow/example_dags/tutorial_dag.py
[2023-11-16T09:52:51.778+0000] {processor.py:829} INFO - Processing file /home/airflow/.local/lib/python3.8/site-packages/airflow/example_dags/tutorial_dag.py for tasks to queue
[2023-11-16T09:52:51.779+0000] {logging_mixin.py:151} INFO - [2023-11-16T09:52:51.779+0000] {dagbag.py:536} INFO - Filling up the DagBag from /home/airflow/.local/lib/python3.8/site-packages/airflow/example_dags/tutorial_dag.py
[2023-11-16T09:52:51.782+0000] {processor.py:839} INFO - DAG(s) dict_keys(['tutorial_dag']) retrieved from /home/airflow/.local/lib/python3.8/site-packages/airflow/example_dags/tutorial_dag.py
[2023-11-16T09:52:51.796+0000] {logging_mixin.py:151} INFO - [2023-11-16T09:52:51.796+0000] {dag.py:2941} INFO - Sync 1 DAGs
[2023-11-16T09:52:51.807+0000] {logging_mixin.py:151} INFO - [2023-11-16T09:52:51.807+0000] {dag.py:3722} INFO - Setting next_dagrun for tutorial_dag to None, run_after=None
[2023-11-16T09:52:51.820+0000] {processor.py:179} INFO - Processing /home/airflow/.local/lib/python3.8/site-packages/airflow/example_dags/tutorial_dag.py took 0.045 seconds
[2023-11-16T09:53:22.530+0000] {processor.py:157} INFO - Started process (PID=7295) to work on /home/airflow/.local/lib/python3.8/site-packages/airflow/example_dags/tutorial_dag.py
[2023-11-16T09:53:22.531+0000] {processor.py:829} INFO - Processing file /home/airflow/.local/lib/python3.8/site-packages/airflow/example_dags/tutorial_dag.py for tasks to queue
[2023-11-16T09:53:22.532+0000] {logging_mixin.py:151} INFO - [2023-11-16T09:53:22.532+0000] {dagbag.py:536} INFO - Filling up the DagBag from /home/airflow/.local/lib/python3.8/site-packages/airflow/example_dags/tutorial_dag.py
[2023-11-16T09:53:22.535+0000] {processor.py:839} INFO - DAG(s) dict_keys(['tutorial_dag']) retrieved from /home/airflow/.local/lib/python3.8/site-packages/airflow/example_dags/tutorial_dag.py
[2023-11-16T09:53:22.547+0000] {logging_mixin.py:151} INFO - [2023-11-16T09:53:22.547+0000] {dag.py:2941} INFO - Sync 1 DAGs
[2023-11-16T09:53:22.554+0000] {logging_mixin.py:151} INFO - [2023-11-16T09:53:22.554+0000] {dag.py:3722} INFO - Setting next_dagrun for tutorial_dag to None, run_after=None
[2023-11-16T09:53:22.565+0000] {processor.py:179} INFO - Processing /home/airflow/.local/lib/python3.8/site-packages/airflow/example_dags/tutorial_dag.py took 0.036 seconds
[2023-11-16T09:53:52.660+0000] {processor.py:157} INFO - Started process (PID=7350) to work on /home/airflow/.local/lib/python3.8/site-packages/airflow/example_dags/tutorial_dag.py
[2023-11-16T09:53:52.661+0000] {processor.py:829} INFO - Processing file /home/airflow/.local/lib/python3.8/site-packages/airflow/example_dags/tutorial_dag.py for tasks to queue
[2023-11-16T09:53:52.662+0000] {logging_mixin.py:151} INFO - [2023-11-16T09:53:52.662+0000] {dagbag.py:536} INFO - Filling up the DagBag from /home/airflow/.local/lib/python3.8/site-packages/airflow/example_dags/tutorial_dag.py
[2023-11-16T09:53:52.665+0000] {processor.py:839} INFO - DAG(s) dict_keys(['tutorial_dag']) retrieved from /home/airflow/.local/lib/python3.8/site-packages/airflow/example_dags/tutorial_dag.py
[2023-11-16T09:53:52.676+0000] {logging_mixin.py:151} INFO - [2023-11-16T09:53:52.676+0000] {dag.py:2941} INFO - Sync 1 DAGs
[2023-11-16T09:53:52.684+0000] {logging_mixin.py:151} INFO - [2023-11-16T09:53:52.683+0000] {dag.py:3722} INFO - Setting next_dagrun for tutorial_dag to None, run_after=None
[2023-11-16T09:53:52.694+0000] {processor.py:179} INFO - Processing /home/airflow/.local/lib/python3.8/site-packages/airflow/example_dags/tutorial_dag.py took 0.036 seconds
[2023-11-16T09:54:22.725+0000] {processor.py:157} INFO - Started process (PID=7406) to work on /home/airflow/.local/lib/python3.8/site-packages/airflow/example_dags/tutorial_dag.py
[2023-11-16T09:54:22.726+0000] {processor.py:829} INFO - Processing file /home/airflow/.local/lib/python3.8/site-packages/airflow/example_dags/tutorial_dag.py for tasks to queue
[2023-11-16T09:54:22.727+0000] {logging_mixin.py:151} INFO - [2023-11-16T09:54:22.727+0000] {dagbag.py:536} INFO - Filling up the DagBag from /home/airflow/.local/lib/python3.8/site-packages/airflow/example_dags/tutorial_dag.py
[2023-11-16T09:54:22.730+0000] {processor.py:839} INFO - DAG(s) dict_keys(['tutorial_dag']) retrieved from /home/airflow/.local/lib/python3.8/site-packages/airflow/example_dags/tutorial_dag.py
[2023-11-16T09:54:22.742+0000] {logging_mixin.py:151} INFO - [2023-11-16T09:54:22.742+0000] {dag.py:2941} INFO - Sync 1 DAGs
[2023-11-16T09:54:22.749+0000] {logging_mixin.py:151} INFO - [2023-11-16T09:54:22.749+0000] {dag.py:3722} INFO - Setting next_dagrun for tutorial_dag to None, run_after=None
[2023-11-16T09:54:22.760+0000] {processor.py:179} INFO - Processing /home/airflow/.local/lib/python3.8/site-packages/airflow/example_dags/tutorial_dag.py took 0.036 seconds
[2023-11-16T09:54:52.822+0000] {processor.py:157} INFO - Started process (PID=7462) to work on /home/airflow/.local/lib/python3.8/site-packages/airflow/example_dags/tutorial_dag.py
[2023-11-16T09:54:52.822+0000] {processor.py:829} INFO - Processing file /home/airflow/.local/lib/python3.8/site-packages/airflow/example_dags/tutorial_dag.py for tasks to queue
[2023-11-16T09:54:52.823+0000] {logging_mixin.py:151} INFO - [2023-11-16T09:54:52.823+0000] {dagbag.py:536} INFO - Filling up the DagBag from /home/airflow/.local/lib/python3.8/site-packages/airflow/example_dags/tutorial_dag.py
[2023-11-16T09:54:52.826+0000] {processor.py:839} INFO - DAG(s) dict_keys(['tutorial_dag']) retrieved from /home/airflow/.local/lib/python3.8/site-packages/airflow/example_dags/tutorial_dag.py
[2023-11-16T09:54:52.838+0000] {logging_mixin.py:151} INFO - [2023-11-16T09:54:52.838+0000] {dag.py:2941} INFO - Sync 1 DAGs
[2023-11-16T09:54:52.846+0000] {logging_mixin.py:151} INFO - [2023-11-16T09:54:52.845+0000] {dag.py:3722} INFO - Setting next_dagrun for tutorial_dag to None, run_after=None
[2023-11-16T09:54:52.856+0000] {processor.py:179} INFO - Processing /home/airflow/.local/lib/python3.8/site-packages/airflow/example_dags/tutorial_dag.py took 0.036 seconds
[2023-11-16T09:55:22.962+0000] {processor.py:157} INFO - Started process (PID=7518) to work on /home/airflow/.local/lib/python3.8/site-packages/airflow/example_dags/tutorial_dag.py
[2023-11-16T09:55:22.963+0000] {processor.py:829} INFO - Processing file /home/airflow/.local/lib/python3.8/site-packages/airflow/example_dags/tutorial_dag.py for tasks to queue
[2023-11-16T09:55:22.964+0000] {logging_mixin.py:151} INFO - [2023-11-16T09:55:22.963+0000] {dagbag.py:536} INFO - Filling up the DagBag from /home/airflow/.local/lib/python3.8/site-packages/airflow/example_dags/tutorial_dag.py
[2023-11-16T09:55:22.968+0000] {processor.py:839} INFO - DAG(s) dict_keys(['tutorial_dag']) retrieved from /home/airflow/.local/lib/python3.8/site-packages/airflow/example_dags/tutorial_dag.py
[2023-11-16T09:55:22.983+0000] {logging_mixin.py:151} INFO - [2023-11-16T09:55:22.983+0000] {dag.py:2941} INFO - Sync 1 DAGs
[2023-11-16T09:55:22.994+0000] {logging_mixin.py:151} INFO - [2023-11-16T09:55:22.994+0000] {dag.py:3722} INFO - Setting next_dagrun for tutorial_dag to None, run_after=None
[2023-11-16T09:55:23.005+0000] {processor.py:179} INFO - Processing /home/airflow/.local/lib/python3.8/site-packages/airflow/example_dags/tutorial_dag.py took 0.045 seconds
[2023-11-16T09:55:53.071+0000] {processor.py:157} INFO - Started process (PID=7574) to work on /home/airflow/.local/lib/python3.8/site-packages/airflow/example_dags/tutorial_dag.py
[2023-11-16T09:55:53.071+0000] {processor.py:829} INFO - Processing file /home/airflow/.local/lib/python3.8/site-packages/airflow/example_dags/tutorial_dag.py for tasks to queue
[2023-11-16T09:55:53.072+0000] {logging_mixin.py:151} INFO - [2023-11-16T09:55:53.072+0000] {dagbag.py:536} INFO - Filling up the DagBag from /home/airflow/.local/lib/python3.8/site-packages/airflow/example_dags/tutorial_dag.py
[2023-11-16T09:55:53.075+0000] {processor.py:839} INFO - DAG(s) dict_keys(['tutorial_dag']) retrieved from /home/airflow/.local/lib/python3.8/site-packages/airflow/example_dags/tutorial_dag.py
[2023-11-16T09:55:53.088+0000] {logging_mixin.py:151} INFO - [2023-11-16T09:55:53.087+0000] {dag.py:2941} INFO - Sync 1 DAGs
[2023-11-16T09:55:53.096+0000] {logging_mixin.py:151} INFO - [2023-11-16T09:55:53.096+0000] {dag.py:3722} INFO - Setting next_dagrun for tutorial_dag to None, run_after=None
[2023-11-16T09:55:53.107+0000] {processor.py:179} INFO - Processing /home/airflow/.local/lib/python3.8/site-packages/airflow/example_dags/tutorial_dag.py took 0.038 seconds
[2023-11-16T09:56:23.189+0000] {processor.py:157} INFO - Started process (PID=7630) to work on /home/airflow/.local/lib/python3.8/site-packages/airflow/example_dags/tutorial_dag.py
[2023-11-16T09:56:23.190+0000] {processor.py:829} INFO - Processing file /home/airflow/.local/lib/python3.8/site-packages/airflow/example_dags/tutorial_dag.py for tasks to queue
[2023-11-16T09:56:23.192+0000] {logging_mixin.py:151} INFO - [2023-11-16T09:56:23.191+0000] {dagbag.py:536} INFO - Filling up the DagBag from /home/airflow/.local/lib/python3.8/site-packages/airflow/example_dags/tutorial_dag.py
[2023-11-16T09:56:23.195+0000] {processor.py:839} INFO - DAG(s) dict_keys(['tutorial_dag']) retrieved from /home/airflow/.local/lib/python3.8/site-packages/airflow/example_dags/tutorial_dag.py
[2023-11-16T09:56:23.208+0000] {logging_mixin.py:151} INFO - [2023-11-16T09:56:23.208+0000] {dag.py:2941} INFO - Sync 1 DAGs
[2023-11-16T09:56:23.216+0000] {logging_mixin.py:151} INFO - [2023-11-16T09:56:23.216+0000] {dag.py:3722} INFO - Setting next_dagrun for tutorial_dag to None, run_after=None
[2023-11-16T09:56:23.228+0000] {processor.py:179} INFO - Processing /home/airflow/.local/lib/python3.8/site-packages/airflow/example_dags/tutorial_dag.py took 0.041 seconds
[2023-11-16T09:56:53.610+0000] {processor.py:157} INFO - Started process (PID=7686) to work on /home/airflow/.local/lib/python3.8/site-packages/airflow/example_dags/tutorial_dag.py
[2023-11-16T09:56:53.610+0000] {processor.py:829} INFO - Processing file /home/airflow/.local/lib/python3.8/site-packages/airflow/example_dags/tutorial_dag.py for tasks to queue
[2023-11-16T09:56:53.611+0000] {logging_mixin.py:151} INFO - [2023-11-16T09:56:53.611+0000] {dagbag.py:536} INFO - Filling up the DagBag from /home/airflow/.local/lib/python3.8/site-packages/airflow/example_dags/tutorial_dag.py
[2023-11-16T09:56:53.615+0000] {processor.py:839} INFO - DAG(s) dict_keys(['tutorial_dag']) retrieved from /home/airflow/.local/lib/python3.8/site-packages/airflow/example_dags/tutorial_dag.py
[2023-11-16T09:56:53.627+0000] {logging_mixin.py:151} INFO - [2023-11-16T09:56:53.626+0000] {dag.py:2941} INFO - Sync 1 DAGs
[2023-11-16T09:56:53.635+0000] {logging_mixin.py:151} INFO - [2023-11-16T09:56:53.634+0000] {dag.py:3722} INFO - Setting next_dagrun for tutorial_dag to None, run_after=None
[2023-11-16T09:56:53.645+0000] {processor.py:179} INFO - Processing /home/airflow/.local/lib/python3.8/site-packages/airflow/example_dags/tutorial_dag.py took 0.038 seconds
[2023-11-16T09:57:23.707+0000] {processor.py:157} INFO - Started process (PID=7742) to work on /home/airflow/.local/lib/python3.8/site-packages/airflow/example_dags/tutorial_dag.py
[2023-11-16T09:57:23.708+0000] {processor.py:829} INFO - Processing file /home/airflow/.local/lib/python3.8/site-packages/airflow/example_dags/tutorial_dag.py for tasks to queue
[2023-11-16T09:57:23.709+0000] {logging_mixin.py:151} INFO - [2023-11-16T09:57:23.709+0000] {dagbag.py:536} INFO - Filling up the DagBag from /home/airflow/.local/lib/python3.8/site-packages/airflow/example_dags/tutorial_dag.py
[2023-11-16T09:57:23.712+0000] {processor.py:839} INFO - DAG(s) dict_keys(['tutorial_dag']) retrieved from /home/airflow/.local/lib/python3.8/site-packages/airflow/example_dags/tutorial_dag.py
[2023-11-16T09:57:23.724+0000] {logging_mixin.py:151} INFO - [2023-11-16T09:57:23.724+0000] {dag.py:2941} INFO - Sync 1 DAGs
[2023-11-16T09:57:23.731+0000] {logging_mixin.py:151} INFO - [2023-11-16T09:57:23.731+0000] {dag.py:3722} INFO - Setting next_dagrun for tutorial_dag to None, run_after=None
[2023-11-16T09:57:23.742+0000] {processor.py:179} INFO - Processing /home/airflow/.local/lib/python3.8/site-packages/airflow/example_dags/tutorial_dag.py took 0.036 seconds
[2023-11-16T09:57:53.862+0000] {processor.py:157} INFO - Started process (PID=7798) to work on /home/airflow/.local/lib/python3.8/site-packages/airflow/example_dags/tutorial_dag.py
[2023-11-16T09:57:53.863+0000] {processor.py:829} INFO - Processing file /home/airflow/.local/lib/python3.8/site-packages/airflow/example_dags/tutorial_dag.py for tasks to queue
[2023-11-16T09:57:53.864+0000] {logging_mixin.py:151} INFO - [2023-11-16T09:57:53.864+0000] {dagbag.py:536} INFO - Filling up the DagBag from /home/airflow/.local/lib/python3.8/site-packages/airflow/example_dags/tutorial_dag.py
[2023-11-16T09:57:53.867+0000] {processor.py:839} INFO - DAG(s) dict_keys(['tutorial_dag']) retrieved from /home/airflow/.local/lib/python3.8/site-packages/airflow/example_dags/tutorial_dag.py
[2023-11-16T09:57:53.879+0000] {logging_mixin.py:151} INFO - [2023-11-16T09:57:53.879+0000] {dag.py:2941} INFO - Sync 1 DAGs
[2023-11-16T09:57:53.887+0000] {logging_mixin.py:151} INFO - [2023-11-16T09:57:53.886+0000] {dag.py:3722} INFO - Setting next_dagrun for tutorial_dag to None, run_after=None
[2023-11-16T09:57:53.896+0000] {processor.py:179} INFO - Processing /home/airflow/.local/lib/python3.8/site-packages/airflow/example_dags/tutorial_dag.py took 0.036 seconds
[2023-11-16T09:58:23.986+0000] {processor.py:157} INFO - Started process (PID=7854) to work on /home/airflow/.local/lib/python3.8/site-packages/airflow/example_dags/tutorial_dag.py
[2023-11-16T09:58:23.986+0000] {processor.py:829} INFO - Processing file /home/airflow/.local/lib/python3.8/site-packages/airflow/example_dags/tutorial_dag.py for tasks to queue
[2023-11-16T09:58:23.987+0000] {logging_mixin.py:151} INFO - [2023-11-16T09:58:23.987+0000] {dagbag.py:536} INFO - Filling up the DagBag from /home/airflow/.local/lib/python3.8/site-packages/airflow/example_dags/tutorial_dag.py
[2023-11-16T09:58:23.991+0000] {processor.py:839} INFO - DAG(s) dict_keys(['tutorial_dag']) retrieved from /home/airflow/.local/lib/python3.8/site-packages/airflow/example_dags/tutorial_dag.py
[2023-11-16T09:58:24.006+0000] {logging_mixin.py:151} INFO - [2023-11-16T09:58:24.006+0000] {dag.py:2941} INFO - Sync 1 DAGs
[2023-11-16T09:58:24.016+0000] {logging_mixin.py:151} INFO - [2023-11-16T09:58:24.016+0000] {dag.py:3722} INFO - Setting next_dagrun for tutorial_dag to None, run_after=None
[2023-11-16T09:58:24.028+0000] {processor.py:179} INFO - Processing /home/airflow/.local/lib/python3.8/site-packages/airflow/example_dags/tutorial_dag.py took 0.045 seconds
[2023-11-16T09:58:54.106+0000] {processor.py:157} INFO - Started process (PID=7910) to work on /home/airflow/.local/lib/python3.8/site-packages/airflow/example_dags/tutorial_dag.py
[2023-11-16T09:58:54.107+0000] {processor.py:829} INFO - Processing file /home/airflow/.local/lib/python3.8/site-packages/airflow/example_dags/tutorial_dag.py for tasks to queue
[2023-11-16T09:58:54.108+0000] {logging_mixin.py:151} INFO - [2023-11-16T09:58:54.108+0000] {dagbag.py:536} INFO - Filling up the DagBag from /home/airflow/.local/lib/python3.8/site-packages/airflow/example_dags/tutorial_dag.py
[2023-11-16T09:58:54.112+0000] {processor.py:839} INFO - DAG(s) dict_keys(['tutorial_dag']) retrieved from /home/airflow/.local/lib/python3.8/site-packages/airflow/example_dags/tutorial_dag.py
[2023-11-16T09:58:54.129+0000] {logging_mixin.py:151} INFO - [2023-11-16T09:58:54.128+0000] {dag.py:2941} INFO - Sync 1 DAGs
[2023-11-16T09:58:54.139+0000] {logging_mixin.py:151} INFO - [2023-11-16T09:58:54.139+0000] {dag.py:3722} INFO - Setting next_dagrun for tutorial_dag to None, run_after=None
[2023-11-16T09:58:54.154+0000] {processor.py:179} INFO - Processing /home/airflow/.local/lib/python3.8/site-packages/airflow/example_dags/tutorial_dag.py took 0.050 seconds
[2023-11-16T09:59:24.266+0000] {processor.py:157} INFO - Started process (PID=7966) to work on /home/airflow/.local/lib/python3.8/site-packages/airflow/example_dags/tutorial_dag.py
[2023-11-16T09:59:24.267+0000] {processor.py:829} INFO - Processing file /home/airflow/.local/lib/python3.8/site-packages/airflow/example_dags/tutorial_dag.py for tasks to queue
[2023-11-16T09:59:24.268+0000] {logging_mixin.py:151} INFO - [2023-11-16T09:59:24.268+0000] {dagbag.py:536} INFO - Filling up the DagBag from /home/airflow/.local/lib/python3.8/site-packages/airflow/example_dags/tutorial_dag.py
[2023-11-16T09:59:24.271+0000] {processor.py:839} INFO - DAG(s) dict_keys(['tutorial_dag']) retrieved from /home/airflow/.local/lib/python3.8/site-packages/airflow/example_dags/tutorial_dag.py
[2023-11-16T09:59:24.286+0000] {logging_mixin.py:151} INFO - [2023-11-16T09:59:24.286+0000] {dag.py:2941} INFO - Sync 1 DAGs
[2023-11-16T09:59:24.298+0000] {logging_mixin.py:151} INFO - [2023-11-16T09:59:24.297+0000] {dag.py:3722} INFO - Setting next_dagrun for tutorial_dag to None, run_after=None
[2023-11-16T09:59:24.310+0000] {processor.py:179} INFO - Processing /home/airflow/.local/lib/python3.8/site-packages/airflow/example_dags/tutorial_dag.py took 0.046 seconds
[2023-11-16T09:59:54.397+0000] {processor.py:157} INFO - Started process (PID=8023) to work on /home/airflow/.local/lib/python3.8/site-packages/airflow/example_dags/tutorial_dag.py
[2023-11-16T09:59:54.397+0000] {processor.py:829} INFO - Processing file /home/airflow/.local/lib/python3.8/site-packages/airflow/example_dags/tutorial_dag.py for tasks to queue
[2023-11-16T09:59:54.399+0000] {logging_mixin.py:151} INFO - [2023-11-16T09:59:54.398+0000] {dagbag.py:536} INFO - Filling up the DagBag from /home/airflow/.local/lib/python3.8/site-packages/airflow/example_dags/tutorial_dag.py
[2023-11-16T09:59:54.401+0000] {processor.py:839} INFO - DAG(s) dict_keys(['tutorial_dag']) retrieved from /home/airflow/.local/lib/python3.8/site-packages/airflow/example_dags/tutorial_dag.py
[2023-11-16T09:59:54.413+0000] {logging_mixin.py:151} INFO - [2023-11-16T09:59:54.413+0000] {dag.py:2941} INFO - Sync 1 DAGs
[2023-11-16T09:59:54.420+0000] {logging_mixin.py:151} INFO - [2023-11-16T09:59:54.420+0000] {dag.py:3722} INFO - Setting next_dagrun for tutorial_dag to None, run_after=None
[2023-11-16T09:59:54.431+0000] {processor.py:179} INFO - Processing /home/airflow/.local/lib/python3.8/site-packages/airflow/example_dags/tutorial_dag.py took 0.036 seconds
[2023-11-16T10:00:25.435+0000] {processor.py:157} INFO - Started process (PID=8079) to work on /home/airflow/.local/lib/python3.8/site-packages/airflow/example_dags/tutorial_dag.py
[2023-11-16T10:00:25.436+0000] {processor.py:829} INFO - Processing file /home/airflow/.local/lib/python3.8/site-packages/airflow/example_dags/tutorial_dag.py for tasks to queue
[2023-11-16T10:00:25.437+0000] {logging_mixin.py:151} INFO - [2023-11-16T10:00:25.437+0000] {dagbag.py:536} INFO - Filling up the DagBag from /home/airflow/.local/lib/python3.8/site-packages/airflow/example_dags/tutorial_dag.py
[2023-11-16T10:00:25.442+0000] {processor.py:839} INFO - DAG(s) dict_keys(['tutorial_dag']) retrieved from /home/airflow/.local/lib/python3.8/site-packages/airflow/example_dags/tutorial_dag.py
[2023-11-16T10:00:25.457+0000] {logging_mixin.py:151} INFO - [2023-11-16T10:00:25.456+0000] {dag.py:2941} INFO - Sync 1 DAGs
[2023-11-16T10:00:25.468+0000] {logging_mixin.py:151} INFO - [2023-11-16T10:00:25.468+0000] {dag.py:3722} INFO - Setting next_dagrun for tutorial_dag to None, run_after=None
[2023-11-16T10:00:25.483+0000] {processor.py:179} INFO - Processing /home/airflow/.local/lib/python3.8/site-packages/airflow/example_dags/tutorial_dag.py took 0.050 seconds
[2023-11-16T10:00:55.527+0000] {processor.py:157} INFO - Started process (PID=8135) to work on /home/airflow/.local/lib/python3.8/site-packages/airflow/example_dags/tutorial_dag.py
[2023-11-16T10:00:55.528+0000] {processor.py:829} INFO - Processing file /home/airflow/.local/lib/python3.8/site-packages/airflow/example_dags/tutorial_dag.py for tasks to queue
[2023-11-16T10:00:55.530+0000] {logging_mixin.py:151} INFO - [2023-11-16T10:00:55.530+0000] {dagbag.py:536} INFO - Filling up the DagBag from /home/airflow/.local/lib/python3.8/site-packages/airflow/example_dags/tutorial_dag.py
[2023-11-16T10:00:55.534+0000] {processor.py:839} INFO - DAG(s) dict_keys(['tutorial_dag']) retrieved from /home/airflow/.local/lib/python3.8/site-packages/airflow/example_dags/tutorial_dag.py
[2023-11-16T10:00:55.549+0000] {logging_mixin.py:151} INFO - [2023-11-16T10:00:55.549+0000] {dag.py:2941} INFO - Sync 1 DAGs
[2023-11-16T10:00:55.558+0000] {logging_mixin.py:151} INFO - [2023-11-16T10:00:55.558+0000] {dag.py:3722} INFO - Setting next_dagrun for tutorial_dag to None, run_after=None
[2023-11-16T10:00:55.569+0000] {processor.py:179} INFO - Processing /home/airflow/.local/lib/python3.8/site-packages/airflow/example_dags/tutorial_dag.py took 0.045 seconds
[2023-11-16T10:01:25.915+0000] {processor.py:157} INFO - Started process (PID=8191) to work on /home/airflow/.local/lib/python3.8/site-packages/airflow/example_dags/tutorial_dag.py
[2023-11-16T10:01:25.916+0000] {processor.py:829} INFO - Processing file /home/airflow/.local/lib/python3.8/site-packages/airflow/example_dags/tutorial_dag.py for tasks to queue
[2023-11-16T10:01:25.917+0000] {logging_mixin.py:151} INFO - [2023-11-16T10:01:25.917+0000] {dagbag.py:536} INFO - Filling up the DagBag from /home/airflow/.local/lib/python3.8/site-packages/airflow/example_dags/tutorial_dag.py
[2023-11-16T10:01:25.921+0000] {processor.py:839} INFO - DAG(s) dict_keys(['tutorial_dag']) retrieved from /home/airflow/.local/lib/python3.8/site-packages/airflow/example_dags/tutorial_dag.py
[2023-11-16T10:01:25.936+0000] {logging_mixin.py:151} INFO - [2023-11-16T10:01:25.936+0000] {dag.py:2941} INFO - Sync 1 DAGs
[2023-11-16T10:01:25.947+0000] {logging_mixin.py:151} INFO - [2023-11-16T10:01:25.947+0000] {dag.py:3722} INFO - Setting next_dagrun for tutorial_dag to None, run_after=None
[2023-11-16T10:01:25.960+0000] {processor.py:179} INFO - Processing /home/airflow/.local/lib/python3.8/site-packages/airflow/example_dags/tutorial_dag.py took 0.048 seconds
[2023-11-16T10:01:56.291+0000] {processor.py:157} INFO - Started process (PID=8247) to work on /home/airflow/.local/lib/python3.8/site-packages/airflow/example_dags/tutorial_dag.py
[2023-11-16T10:01:56.292+0000] {processor.py:829} INFO - Processing file /home/airflow/.local/lib/python3.8/site-packages/airflow/example_dags/tutorial_dag.py for tasks to queue
[2023-11-16T10:01:56.294+0000] {logging_mixin.py:151} INFO - [2023-11-16T10:01:56.293+0000] {dagbag.py:536} INFO - Filling up the DagBag from /home/airflow/.local/lib/python3.8/site-packages/airflow/example_dags/tutorial_dag.py
[2023-11-16T10:01:56.298+0000] {processor.py:839} INFO - DAG(s) dict_keys(['tutorial_dag']) retrieved from /home/airflow/.local/lib/python3.8/site-packages/airflow/example_dags/tutorial_dag.py
[2023-11-16T10:01:56.317+0000] {logging_mixin.py:151} INFO - [2023-11-16T10:01:56.316+0000] {dag.py:2941} INFO - Sync 1 DAGs
[2023-11-16T10:01:56.329+0000] {logging_mixin.py:151} INFO - [2023-11-16T10:01:56.328+0000] {dag.py:3722} INFO - Setting next_dagrun for tutorial_dag to None, run_after=None
[2023-11-16T10:01:56.349+0000] {processor.py:179} INFO - Processing /home/airflow/.local/lib/python3.8/site-packages/airflow/example_dags/tutorial_dag.py took 0.061 seconds
[2023-11-16T10:02:26.447+0000] {processor.py:157} INFO - Started process (PID=8303) to work on /home/airflow/.local/lib/python3.8/site-packages/airflow/example_dags/tutorial_dag.py
[2023-11-16T10:02:26.448+0000] {processor.py:829} INFO - Processing file /home/airflow/.local/lib/python3.8/site-packages/airflow/example_dags/tutorial_dag.py for tasks to queue
[2023-11-16T10:02:26.450+0000] {logging_mixin.py:151} INFO - [2023-11-16T10:02:26.450+0000] {dagbag.py:536} INFO - Filling up the DagBag from /home/airflow/.local/lib/python3.8/site-packages/airflow/example_dags/tutorial_dag.py
[2023-11-16T10:02:26.454+0000] {processor.py:839} INFO - DAG(s) dict_keys(['tutorial_dag']) retrieved from /home/airflow/.local/lib/python3.8/site-packages/airflow/example_dags/tutorial_dag.py
[2023-11-16T10:02:26.468+0000] {logging_mixin.py:151} INFO - [2023-11-16T10:02:26.468+0000] {dag.py:2941} INFO - Sync 1 DAGs
[2023-11-16T10:02:26.478+0000] {logging_mixin.py:151} INFO - [2023-11-16T10:02:26.478+0000] {dag.py:3722} INFO - Setting next_dagrun for tutorial_dag to None, run_after=None
[2023-11-16T10:02:26.494+0000] {processor.py:179} INFO - Processing /home/airflow/.local/lib/python3.8/site-packages/airflow/example_dags/tutorial_dag.py took 0.049 seconds
[2023-11-16T10:02:56.749+0000] {processor.py:157} INFO - Started process (PID=8359) to work on /home/airflow/.local/lib/python3.8/site-packages/airflow/example_dags/tutorial_dag.py
[2023-11-16T10:02:56.750+0000] {processor.py:829} INFO - Processing file /home/airflow/.local/lib/python3.8/site-packages/airflow/example_dags/tutorial_dag.py for tasks to queue
[2023-11-16T10:02:56.752+0000] {logging_mixin.py:151} INFO - [2023-11-16T10:02:56.751+0000] {dagbag.py:536} INFO - Filling up the DagBag from /home/airflow/.local/lib/python3.8/site-packages/airflow/example_dags/tutorial_dag.py
[2023-11-16T10:02:56.756+0000] {processor.py:839} INFO - DAG(s) dict_keys(['tutorial_dag']) retrieved from /home/airflow/.local/lib/python3.8/site-packages/airflow/example_dags/tutorial_dag.py
[2023-11-16T10:02:56.773+0000] {logging_mixin.py:151} INFO - [2023-11-16T10:02:56.773+0000] {dag.py:2941} INFO - Sync 1 DAGs
[2023-11-16T10:02:56.784+0000] {logging_mixin.py:151} INFO - [2023-11-16T10:02:56.784+0000] {dag.py:3722} INFO - Setting next_dagrun for tutorial_dag to None, run_after=None
[2023-11-16T10:02:56.801+0000] {processor.py:179} INFO - Processing /home/airflow/.local/lib/python3.8/site-packages/airflow/example_dags/tutorial_dag.py took 0.054 seconds
[2023-11-16T10:03:27.109+0000] {processor.py:157} INFO - Started process (PID=8414) to work on /home/airflow/.local/lib/python3.8/site-packages/airflow/example_dags/tutorial_dag.py
[2023-11-16T10:03:27.110+0000] {processor.py:829} INFO - Processing file /home/airflow/.local/lib/python3.8/site-packages/airflow/example_dags/tutorial_dag.py for tasks to queue
[2023-11-16T10:03:27.112+0000] {logging_mixin.py:151} INFO - [2023-11-16T10:03:27.112+0000] {dagbag.py:536} INFO - Filling up the DagBag from /home/airflow/.local/lib/python3.8/site-packages/airflow/example_dags/tutorial_dag.py
[2023-11-16T10:03:27.116+0000] {processor.py:839} INFO - DAG(s) dict_keys(['tutorial_dag']) retrieved from /home/airflow/.local/lib/python3.8/site-packages/airflow/example_dags/tutorial_dag.py
[2023-11-16T10:03:27.131+0000] {logging_mixin.py:151} INFO - [2023-11-16T10:03:27.131+0000] {dag.py:2941} INFO - Sync 1 DAGs
[2023-11-16T10:03:27.143+0000] {logging_mixin.py:151} INFO - [2023-11-16T10:03:27.143+0000] {dag.py:3722} INFO - Setting next_dagrun for tutorial_dag to None, run_after=None
[2023-11-16T10:03:27.158+0000] {processor.py:179} INFO - Processing /home/airflow/.local/lib/python3.8/site-packages/airflow/example_dags/tutorial_dag.py took 0.051 seconds
[2023-11-16T10:03:57.474+0000] {processor.py:157} INFO - Started process (PID=8470) to work on /home/airflow/.local/lib/python3.8/site-packages/airflow/example_dags/tutorial_dag.py
[2023-11-16T10:03:57.475+0000] {processor.py:829} INFO - Processing file /home/airflow/.local/lib/python3.8/site-packages/airflow/example_dags/tutorial_dag.py for tasks to queue
[2023-11-16T10:03:57.476+0000] {logging_mixin.py:151} INFO - [2023-11-16T10:03:57.475+0000] {dagbag.py:536} INFO - Filling up the DagBag from /home/airflow/.local/lib/python3.8/site-packages/airflow/example_dags/tutorial_dag.py
[2023-11-16T10:03:57.479+0000] {processor.py:839} INFO - DAG(s) dict_keys(['tutorial_dag']) retrieved from /home/airflow/.local/lib/python3.8/site-packages/airflow/example_dags/tutorial_dag.py
[2023-11-16T10:03:57.492+0000] {logging_mixin.py:151} INFO - [2023-11-16T10:03:57.492+0000] {dag.py:2941} INFO - Sync 1 DAGs
[2023-11-16T10:03:57.500+0000] {logging_mixin.py:151} INFO - [2023-11-16T10:03:57.500+0000] {dag.py:3722} INFO - Setting next_dagrun for tutorial_dag to None, run_after=None
[2023-11-16T10:03:57.513+0000] {processor.py:179} INFO - Processing /home/airflow/.local/lib/python3.8/site-packages/airflow/example_dags/tutorial_dag.py took 0.041 seconds
[2023-11-16T10:04:28.220+0000] {processor.py:157} INFO - Started process (PID=8525) to work on /home/airflow/.local/lib/python3.8/site-packages/airflow/example_dags/tutorial_dag.py
[2023-11-16T10:04:28.220+0000] {processor.py:829} INFO - Processing file /home/airflow/.local/lib/python3.8/site-packages/airflow/example_dags/tutorial_dag.py for tasks to queue
[2023-11-16T10:04:28.222+0000] {logging_mixin.py:151} INFO - [2023-11-16T10:04:28.222+0000] {dagbag.py:536} INFO - Filling up the DagBag from /home/airflow/.local/lib/python3.8/site-packages/airflow/example_dags/tutorial_dag.py
[2023-11-16T10:04:28.225+0000] {processor.py:839} INFO - DAG(s) dict_keys(['tutorial_dag']) retrieved from /home/airflow/.local/lib/python3.8/site-packages/airflow/example_dags/tutorial_dag.py
[2023-11-16T10:04:28.239+0000] {logging_mixin.py:151} INFO - [2023-11-16T10:04:28.239+0000] {dag.py:2941} INFO - Sync 1 DAGs
[2023-11-16T10:04:28.248+0000] {logging_mixin.py:151} INFO - [2023-11-16T10:04:28.248+0000] {dag.py:3722} INFO - Setting next_dagrun for tutorial_dag to None, run_after=None
[2023-11-16T10:04:28.263+0000] {processor.py:179} INFO - Processing /home/airflow/.local/lib/python3.8/site-packages/airflow/example_dags/tutorial_dag.py took 0.045 seconds
[2023-11-16T10:04:59.050+0000] {processor.py:157} INFO - Started process (PID=8582) to work on /home/airflow/.local/lib/python3.8/site-packages/airflow/example_dags/tutorial_dag.py
[2023-11-16T10:04:59.051+0000] {processor.py:829} INFO - Processing file /home/airflow/.local/lib/python3.8/site-packages/airflow/example_dags/tutorial_dag.py for tasks to queue
[2023-11-16T10:04:59.052+0000] {logging_mixin.py:151} INFO - [2023-11-16T10:04:59.052+0000] {dagbag.py:536} INFO - Filling up the DagBag from /home/airflow/.local/lib/python3.8/site-packages/airflow/example_dags/tutorial_dag.py
[2023-11-16T10:04:59.055+0000] {processor.py:839} INFO - DAG(s) dict_keys(['tutorial_dag']) retrieved from /home/airflow/.local/lib/python3.8/site-packages/airflow/example_dags/tutorial_dag.py
[2023-11-16T10:04:59.068+0000] {logging_mixin.py:151} INFO - [2023-11-16T10:04:59.067+0000] {dag.py:2941} INFO - Sync 1 DAGs
[2023-11-16T10:04:59.076+0000] {logging_mixin.py:151} INFO - [2023-11-16T10:04:59.075+0000] {dag.py:3722} INFO - Setting next_dagrun for tutorial_dag to None, run_after=None
[2023-11-16T10:04:59.088+0000] {processor.py:179} INFO - Processing /home/airflow/.local/lib/python3.8/site-packages/airflow/example_dags/tutorial_dag.py took 0.040 seconds
[2023-11-16T10:05:29.159+0000] {processor.py:157} INFO - Started process (PID=8638) to work on /home/airflow/.local/lib/python3.8/site-packages/airflow/example_dags/tutorial_dag.py
[2023-11-16T10:05:29.160+0000] {processor.py:829} INFO - Processing file /home/airflow/.local/lib/python3.8/site-packages/airflow/example_dags/tutorial_dag.py for tasks to queue
[2023-11-16T10:05:29.161+0000] {logging_mixin.py:151} INFO - [2023-11-16T10:05:29.161+0000] {dagbag.py:536} INFO - Filling up the DagBag from /home/airflow/.local/lib/python3.8/site-packages/airflow/example_dags/tutorial_dag.py
[2023-11-16T10:05:29.164+0000] {processor.py:839} INFO - DAG(s) dict_keys(['tutorial_dag']) retrieved from /home/airflow/.local/lib/python3.8/site-packages/airflow/example_dags/tutorial_dag.py
[2023-11-16T10:05:29.176+0000] {logging_mixin.py:151} INFO - [2023-11-16T10:05:29.176+0000] {dag.py:2941} INFO - Sync 1 DAGs
[2023-11-16T10:05:29.184+0000] {logging_mixin.py:151} INFO - [2023-11-16T10:05:29.184+0000] {dag.py:3722} INFO - Setting next_dagrun for tutorial_dag to None, run_after=None
[2023-11-16T10:05:29.196+0000] {processor.py:179} INFO - Processing /home/airflow/.local/lib/python3.8/site-packages/airflow/example_dags/tutorial_dag.py took 0.038 seconds
[2023-11-16T10:05:59.220+0000] {processor.py:157} INFO - Started process (PID=8695) to work on /home/airflow/.local/lib/python3.8/site-packages/airflow/example_dags/tutorial_dag.py
[2023-11-16T10:05:59.221+0000] {processor.py:829} INFO - Processing file /home/airflow/.local/lib/python3.8/site-packages/airflow/example_dags/tutorial_dag.py for tasks to queue
[2023-11-16T10:05:59.222+0000] {logging_mixin.py:151} INFO - [2023-11-16T10:05:59.222+0000] {dagbag.py:536} INFO - Filling up the DagBag from /home/airflow/.local/lib/python3.8/site-packages/airflow/example_dags/tutorial_dag.py
[2023-11-16T10:05:59.225+0000] {processor.py:839} INFO - DAG(s) dict_keys(['tutorial_dag']) retrieved from /home/airflow/.local/lib/python3.8/site-packages/airflow/example_dags/tutorial_dag.py
[2023-11-16T10:05:59.239+0000] {logging_mixin.py:151} INFO - [2023-11-16T10:05:59.239+0000] {dag.py:2941} INFO - Sync 1 DAGs
[2023-11-16T10:05:59.250+0000] {logging_mixin.py:151} INFO - [2023-11-16T10:05:59.250+0000] {dag.py:3722} INFO - Setting next_dagrun for tutorial_dag to None, run_after=None
[2023-11-16T10:05:59.264+0000] {processor.py:179} INFO - Processing /home/airflow/.local/lib/python3.8/site-packages/airflow/example_dags/tutorial_dag.py took 0.046 seconds
[2023-11-16T10:06:29.899+0000] {processor.py:157} INFO - Started process (PID=8750) to work on /home/airflow/.local/lib/python3.8/site-packages/airflow/example_dags/tutorial_dag.py
[2023-11-16T10:06:29.900+0000] {processor.py:829} INFO - Processing file /home/airflow/.local/lib/python3.8/site-packages/airflow/example_dags/tutorial_dag.py for tasks to queue
[2023-11-16T10:06:29.902+0000] {logging_mixin.py:151} INFO - [2023-11-16T10:06:29.901+0000] {dagbag.py:536} INFO - Filling up the DagBag from /home/airflow/.local/lib/python3.8/site-packages/airflow/example_dags/tutorial_dag.py
[2023-11-16T10:06:29.905+0000] {processor.py:839} INFO - DAG(s) dict_keys(['tutorial_dag']) retrieved from /home/airflow/.local/lib/python3.8/site-packages/airflow/example_dags/tutorial_dag.py
[2023-11-16T10:06:29.920+0000] {logging_mixin.py:151} INFO - [2023-11-16T10:06:29.919+0000] {dag.py:2941} INFO - Sync 1 DAGs
[2023-11-16T10:06:29.931+0000] {logging_mixin.py:151} INFO - [2023-11-16T10:06:29.931+0000] {dag.py:3722} INFO - Setting next_dagrun for tutorial_dag to None, run_after=None
[2023-11-16T10:06:29.944+0000] {processor.py:179} INFO - Processing /home/airflow/.local/lib/python3.8/site-packages/airflow/example_dags/tutorial_dag.py took 0.046 seconds
[2023-11-16T10:07:00.533+0000] {processor.py:157} INFO - Started process (PID=8806) to work on /home/airflow/.local/lib/python3.8/site-packages/airflow/example_dags/tutorial_dag.py
[2023-11-16T10:07:00.534+0000] {processor.py:829} INFO - Processing file /home/airflow/.local/lib/python3.8/site-packages/airflow/example_dags/tutorial_dag.py for tasks to queue
[2023-11-16T10:07:00.535+0000] {logging_mixin.py:151} INFO - [2023-11-16T10:07:00.535+0000] {dagbag.py:536} INFO - Filling up the DagBag from /home/airflow/.local/lib/python3.8/site-packages/airflow/example_dags/tutorial_dag.py
[2023-11-16T10:07:00.538+0000] {processor.py:839} INFO - DAG(s) dict_keys(['tutorial_dag']) retrieved from /home/airflow/.local/lib/python3.8/site-packages/airflow/example_dags/tutorial_dag.py
[2023-11-16T10:07:00.550+0000] {logging_mixin.py:151} INFO - [2023-11-16T10:07:00.550+0000] {dag.py:2941} INFO - Sync 1 DAGs
[2023-11-16T10:07:00.557+0000] {logging_mixin.py:151} INFO - [2023-11-16T10:07:00.557+0000] {dag.py:3722} INFO - Setting next_dagrun for tutorial_dag to None, run_after=None
[2023-11-16T10:07:00.568+0000] {processor.py:179} INFO - Processing /home/airflow/.local/lib/python3.8/site-packages/airflow/example_dags/tutorial_dag.py took 0.037 seconds
[2023-11-16T10:07:31.107+0000] {processor.py:157} INFO - Started process (PID=8863) to work on /home/airflow/.local/lib/python3.8/site-packages/airflow/example_dags/tutorial_dag.py
[2023-11-16T10:07:31.108+0000] {processor.py:829} INFO - Processing file /home/airflow/.local/lib/python3.8/site-packages/airflow/example_dags/tutorial_dag.py for tasks to queue
[2023-11-16T10:07:31.109+0000] {logging_mixin.py:151} INFO - [2023-11-16T10:07:31.109+0000] {dagbag.py:536} INFO - Filling up the DagBag from /home/airflow/.local/lib/python3.8/site-packages/airflow/example_dags/tutorial_dag.py
[2023-11-16T10:07:31.113+0000] {processor.py:839} INFO - DAG(s) dict_keys(['tutorial_dag']) retrieved from /home/airflow/.local/lib/python3.8/site-packages/airflow/example_dags/tutorial_dag.py
[2023-11-16T10:07:31.127+0000] {logging_mixin.py:151} INFO - [2023-11-16T10:07:31.127+0000] {dag.py:2941} INFO - Sync 1 DAGs
[2023-11-16T10:07:31.136+0000] {logging_mixin.py:151} INFO - [2023-11-16T10:07:31.135+0000] {dag.py:3722} INFO - Setting next_dagrun for tutorial_dag to None, run_after=None
[2023-11-16T10:07:31.148+0000] {processor.py:179} INFO - Processing /home/airflow/.local/lib/python3.8/site-packages/airflow/example_dags/tutorial_dag.py took 0.044 seconds
[2023-11-16T10:08:01.827+0000] {processor.py:157} INFO - Started process (PID=8919) to work on /home/airflow/.local/lib/python3.8/site-packages/airflow/example_dags/tutorial_dag.py
[2023-11-16T10:08:01.827+0000] {processor.py:829} INFO - Processing file /home/airflow/.local/lib/python3.8/site-packages/airflow/example_dags/tutorial_dag.py for tasks to queue
[2023-11-16T10:08:01.829+0000] {logging_mixin.py:151} INFO - [2023-11-16T10:08:01.828+0000] {dagbag.py:536} INFO - Filling up the DagBag from /home/airflow/.local/lib/python3.8/site-packages/airflow/example_dags/tutorial_dag.py
[2023-11-16T10:08:01.831+0000] {processor.py:839} INFO - DAG(s) dict_keys(['tutorial_dag']) retrieved from /home/airflow/.local/lib/python3.8/site-packages/airflow/example_dags/tutorial_dag.py
[2023-11-16T10:08:01.843+0000] {logging_mixin.py:151} INFO - [2023-11-16T10:08:01.843+0000] {dag.py:2941} INFO - Sync 1 DAGs
[2023-11-16T10:08:01.851+0000] {logging_mixin.py:151} INFO - [2023-11-16T10:08:01.850+0000] {dag.py:3722} INFO - Setting next_dagrun for tutorial_dag to None, run_after=None
[2023-11-16T10:08:01.861+0000] {processor.py:179} INFO - Processing /home/airflow/.local/lib/python3.8/site-packages/airflow/example_dags/tutorial_dag.py took 0.036 seconds
[2023-11-16T10:08:32.549+0000] {processor.py:157} INFO - Started process (PID=8975) to work on /home/airflow/.local/lib/python3.8/site-packages/airflow/example_dags/tutorial_dag.py
[2023-11-16T10:08:32.549+0000] {processor.py:829} INFO - Processing file /home/airflow/.local/lib/python3.8/site-packages/airflow/example_dags/tutorial_dag.py for tasks to queue
[2023-11-16T10:08:32.550+0000] {logging_mixin.py:151} INFO - [2023-11-16T10:08:32.550+0000] {dagbag.py:536} INFO - Filling up the DagBag from /home/airflow/.local/lib/python3.8/site-packages/airflow/example_dags/tutorial_dag.py
[2023-11-16T10:08:32.553+0000] {processor.py:839} INFO - DAG(s) dict_keys(['tutorial_dag']) retrieved from /home/airflow/.local/lib/python3.8/site-packages/airflow/example_dags/tutorial_dag.py
[2023-11-16T10:08:32.565+0000] {logging_mixin.py:151} INFO - [2023-11-16T10:08:32.565+0000] {dag.py:2941} INFO - Sync 1 DAGs
[2023-11-16T10:08:32.573+0000] {logging_mixin.py:151} INFO - [2023-11-16T10:08:32.573+0000] {dag.py:3722} INFO - Setting next_dagrun for tutorial_dag to None, run_after=None
[2023-11-16T10:08:32.583+0000] {processor.py:179} INFO - Processing /home/airflow/.local/lib/python3.8/site-packages/airflow/example_dags/tutorial_dag.py took 0.037 seconds
[2023-11-16T10:09:03.300+0000] {processor.py:157} INFO - Started process (PID=9032) to work on /home/airflow/.local/lib/python3.8/site-packages/airflow/example_dags/tutorial_dag.py
[2023-11-16T10:09:03.300+0000] {processor.py:829} INFO - Processing file /home/airflow/.local/lib/python3.8/site-packages/airflow/example_dags/tutorial_dag.py for tasks to queue
[2023-11-16T10:09:03.301+0000] {logging_mixin.py:151} INFO - [2023-11-16T10:09:03.301+0000] {dagbag.py:536} INFO - Filling up the DagBag from /home/airflow/.local/lib/python3.8/site-packages/airflow/example_dags/tutorial_dag.py
[2023-11-16T10:09:03.304+0000] {processor.py:839} INFO - DAG(s) dict_keys(['tutorial_dag']) retrieved from /home/airflow/.local/lib/python3.8/site-packages/airflow/example_dags/tutorial_dag.py
[2023-11-16T10:09:03.316+0000] {logging_mixin.py:151} INFO - [2023-11-16T10:09:03.316+0000] {dag.py:2941} INFO - Sync 1 DAGs
[2023-11-16T10:09:03.323+0000] {logging_mixin.py:151} INFO - [2023-11-16T10:09:03.323+0000] {dag.py:3722} INFO - Setting next_dagrun for tutorial_dag to None, run_after=None
[2023-11-16T10:09:03.334+0000] {processor.py:179} INFO - Processing /home/airflow/.local/lib/python3.8/site-packages/airflow/example_dags/tutorial_dag.py took 0.036 seconds
[2023-11-16T10:09:34.072+0000] {processor.py:157} INFO - Started process (PID=9088) to work on /home/airflow/.local/lib/python3.8/site-packages/airflow/example_dags/tutorial_dag.py
[2023-11-16T10:09:34.072+0000] {processor.py:829} INFO - Processing file /home/airflow/.local/lib/python3.8/site-packages/airflow/example_dags/tutorial_dag.py for tasks to queue
[2023-11-16T10:09:34.074+0000] {logging_mixin.py:151} INFO - [2023-11-16T10:09:34.073+0000] {dagbag.py:536} INFO - Filling up the DagBag from /home/airflow/.local/lib/python3.8/site-packages/airflow/example_dags/tutorial_dag.py
[2023-11-16T10:09:34.077+0000] {processor.py:839} INFO - DAG(s) dict_keys(['tutorial_dag']) retrieved from /home/airflow/.local/lib/python3.8/site-packages/airflow/example_dags/tutorial_dag.py
[2023-11-16T10:09:34.089+0000] {logging_mixin.py:151} INFO - [2023-11-16T10:09:34.089+0000] {dag.py:2941} INFO - Sync 1 DAGs
[2023-11-16T10:09:34.096+0000] {logging_mixin.py:151} INFO - [2023-11-16T10:09:34.096+0000] {dag.py:3722} INFO - Setting next_dagrun for tutorial_dag to None, run_after=None
[2023-11-16T10:09:34.107+0000] {processor.py:179} INFO - Processing /home/airflow/.local/lib/python3.8/site-packages/airflow/example_dags/tutorial_dag.py took 0.037 seconds
[2023-11-16T10:10:05.043+0000] {processor.py:157} INFO - Started process (PID=9144) to work on /home/airflow/.local/lib/python3.8/site-packages/airflow/example_dags/tutorial_dag.py
[2023-11-16T10:10:05.044+0000] {processor.py:829} INFO - Processing file /home/airflow/.local/lib/python3.8/site-packages/airflow/example_dags/tutorial_dag.py for tasks to queue
[2023-11-16T10:10:05.045+0000] {logging_mixin.py:151} INFO - [2023-11-16T10:10:05.045+0000] {dagbag.py:536} INFO - Filling up the DagBag from /home/airflow/.local/lib/python3.8/site-packages/airflow/example_dags/tutorial_dag.py
[2023-11-16T10:10:05.048+0000] {processor.py:839} INFO - DAG(s) dict_keys(['tutorial_dag']) retrieved from /home/airflow/.local/lib/python3.8/site-packages/airflow/example_dags/tutorial_dag.py
[2023-11-16T10:10:05.060+0000] {logging_mixin.py:151} INFO - [2023-11-16T10:10:05.060+0000] {dag.py:2941} INFO - Sync 1 DAGs
[2023-11-16T10:10:05.067+0000] {logging_mixin.py:151} INFO - [2023-11-16T10:10:05.067+0000] {dag.py:3722} INFO - Setting next_dagrun for tutorial_dag to None, run_after=None
[2023-11-16T10:10:05.078+0000] {processor.py:179} INFO - Processing /home/airflow/.local/lib/python3.8/site-packages/airflow/example_dags/tutorial_dag.py took 0.037 seconds
[2023-11-16T10:10:35.297+0000] {processor.py:157} INFO - Started process (PID=9201) to work on /home/airflow/.local/lib/python3.8/site-packages/airflow/example_dags/tutorial_dag.py
[2023-11-16T10:10:35.298+0000] {processor.py:829} INFO - Processing file /home/airflow/.local/lib/python3.8/site-packages/airflow/example_dags/tutorial_dag.py for tasks to queue
[2023-11-16T10:10:35.299+0000] {logging_mixin.py:151} INFO - [2023-11-16T10:10:35.298+0000] {dagbag.py:536} INFO - Filling up the DagBag from /home/airflow/.local/lib/python3.8/site-packages/airflow/example_dags/tutorial_dag.py
[2023-11-16T10:10:35.302+0000] {processor.py:839} INFO - DAG(s) dict_keys(['tutorial_dag']) retrieved from /home/airflow/.local/lib/python3.8/site-packages/airflow/example_dags/tutorial_dag.py
[2023-11-16T10:10:35.313+0000] {logging_mixin.py:151} INFO - [2023-11-16T10:10:35.313+0000] {dag.py:2941} INFO - Sync 1 DAGs
[2023-11-16T10:10:35.320+0000] {logging_mixin.py:151} INFO - [2023-11-16T10:10:35.320+0000] {dag.py:3722} INFO - Setting next_dagrun for tutorial_dag to None, run_after=None
[2023-11-16T10:10:35.331+0000] {processor.py:179} INFO - Processing /home/airflow/.local/lib/python3.8/site-packages/airflow/example_dags/tutorial_dag.py took 0.036 seconds
[2023-11-16T10:11:05.397+0000] {processor.py:157} INFO - Started process (PID=9257) to work on /home/airflow/.local/lib/python3.8/site-packages/airflow/example_dags/tutorial_dag.py
[2023-11-16T10:11:05.397+0000] {processor.py:829} INFO - Processing file /home/airflow/.local/lib/python3.8/site-packages/airflow/example_dags/tutorial_dag.py for tasks to queue
[2023-11-16T10:11:05.398+0000] {logging_mixin.py:151} INFO - [2023-11-16T10:11:05.398+0000] {dagbag.py:536} INFO - Filling up the DagBag from /home/airflow/.local/lib/python3.8/site-packages/airflow/example_dags/tutorial_dag.py
[2023-11-16T10:11:05.401+0000] {processor.py:839} INFO - DAG(s) dict_keys(['tutorial_dag']) retrieved from /home/airflow/.local/lib/python3.8/site-packages/airflow/example_dags/tutorial_dag.py
[2023-11-16T10:11:05.413+0000] {logging_mixin.py:151} INFO - [2023-11-16T10:11:05.413+0000] {dag.py:2941} INFO - Sync 1 DAGs
[2023-11-16T10:11:05.420+0000] {logging_mixin.py:151} INFO - [2023-11-16T10:11:05.420+0000] {dag.py:3722} INFO - Setting next_dagrun for tutorial_dag to None, run_after=None
[2023-11-16T10:11:05.431+0000] {processor.py:179} INFO - Processing /home/airflow/.local/lib/python3.8/site-packages/airflow/example_dags/tutorial_dag.py took 0.036 seconds
[2023-11-16T10:11:36.229+0000] {processor.py:157} INFO - Started process (PID=9313) to work on /home/airflow/.local/lib/python3.8/site-packages/airflow/example_dags/tutorial_dag.py
[2023-11-16T10:11:36.230+0000] {processor.py:829} INFO - Processing file /home/airflow/.local/lib/python3.8/site-packages/airflow/example_dags/tutorial_dag.py for tasks to queue
[2023-11-16T10:11:36.231+0000] {logging_mixin.py:151} INFO - [2023-11-16T10:11:36.230+0000] {dagbag.py:536} INFO - Filling up the DagBag from /home/airflow/.local/lib/python3.8/site-packages/airflow/example_dags/tutorial_dag.py
[2023-11-16T10:11:36.234+0000] {processor.py:839} INFO - DAG(s) dict_keys(['tutorial_dag']) retrieved from /home/airflow/.local/lib/python3.8/site-packages/airflow/example_dags/tutorial_dag.py
[2023-11-16T10:11:36.245+0000] {logging_mixin.py:151} INFO - [2023-11-16T10:11:36.245+0000] {dag.py:2941} INFO - Sync 1 DAGs
[2023-11-16T10:11:36.343+0000] {logging_mixin.py:151} INFO - [2023-11-16T10:11:36.343+0000] {dag.py:3722} INFO - Setting next_dagrun for tutorial_dag to None, run_after=None
[2023-11-16T10:11:36.353+0000] {processor.py:179} INFO - Processing /home/airflow/.local/lib/python3.8/site-packages/airflow/example_dags/tutorial_dag.py took 0.127 seconds
[2023-11-16T10:12:06.442+0000] {processor.py:157} INFO - Started process (PID=9370) to work on /home/airflow/.local/lib/python3.8/site-packages/airflow/example_dags/tutorial_dag.py
[2023-11-16T10:12:06.443+0000] {processor.py:829} INFO - Processing file /home/airflow/.local/lib/python3.8/site-packages/airflow/example_dags/tutorial_dag.py for tasks to queue
[2023-11-16T10:12:06.444+0000] {logging_mixin.py:151} INFO - [2023-11-16T10:12:06.444+0000] {dagbag.py:536} INFO - Filling up the DagBag from /home/airflow/.local/lib/python3.8/site-packages/airflow/example_dags/tutorial_dag.py
[2023-11-16T10:12:06.447+0000] {processor.py:839} INFO - DAG(s) dict_keys(['tutorial_dag']) retrieved from /home/airflow/.local/lib/python3.8/site-packages/airflow/example_dags/tutorial_dag.py
[2023-11-16T10:12:06.458+0000] {logging_mixin.py:151} INFO - [2023-11-16T10:12:06.458+0000] {dag.py:2941} INFO - Sync 1 DAGs
[2023-11-16T10:12:06.466+0000] {logging_mixin.py:151} INFO - [2023-11-16T10:12:06.466+0000] {dag.py:3722} INFO - Setting next_dagrun for tutorial_dag to None, run_after=None
[2023-11-16T10:12:06.478+0000] {processor.py:179} INFO - Processing /home/airflow/.local/lib/python3.8/site-packages/airflow/example_dags/tutorial_dag.py took 0.038 seconds
[2023-11-16T10:12:37.329+0000] {processor.py:157} INFO - Started process (PID=9427) to work on /home/airflow/.local/lib/python3.8/site-packages/airflow/example_dags/tutorial_dag.py
[2023-11-16T10:12:37.330+0000] {processor.py:829} INFO - Processing file /home/airflow/.local/lib/python3.8/site-packages/airflow/example_dags/tutorial_dag.py for tasks to queue
[2023-11-16T10:12:37.331+0000] {logging_mixin.py:151} INFO - [2023-11-16T10:12:37.331+0000] {dagbag.py:536} INFO - Filling up the DagBag from /home/airflow/.local/lib/python3.8/site-packages/airflow/example_dags/tutorial_dag.py
[2023-11-16T10:12:37.334+0000] {processor.py:839} INFO - DAG(s) dict_keys(['tutorial_dag']) retrieved from /home/airflow/.local/lib/python3.8/site-packages/airflow/example_dags/tutorial_dag.py
[2023-11-16T10:12:37.346+0000] {logging_mixin.py:151} INFO - [2023-11-16T10:12:37.346+0000] {dag.py:2941} INFO - Sync 1 DAGs
[2023-11-16T10:12:37.353+0000] {logging_mixin.py:151} INFO - [2023-11-16T10:12:37.353+0000] {dag.py:3722} INFO - Setting next_dagrun for tutorial_dag to None, run_after=None
[2023-11-16T10:12:37.364+0000] {processor.py:179} INFO - Processing /home/airflow/.local/lib/python3.8/site-packages/airflow/example_dags/tutorial_dag.py took 0.036 seconds
[2023-11-16T10:13:07.647+0000] {processor.py:157} INFO - Started process (PID=9484) to work on /home/airflow/.local/lib/python3.8/site-packages/airflow/example_dags/tutorial_dag.py
[2023-11-16T10:13:07.648+0000] {processor.py:829} INFO - Processing file /home/airflow/.local/lib/python3.8/site-packages/airflow/example_dags/tutorial_dag.py for tasks to queue
[2023-11-16T10:13:07.649+0000] {logging_mixin.py:151} INFO - [2023-11-16T10:13:07.649+0000] {dagbag.py:536} INFO - Filling up the DagBag from /home/airflow/.local/lib/python3.8/site-packages/airflow/example_dags/tutorial_dag.py
[2023-11-16T10:13:07.652+0000] {processor.py:839} INFO - DAG(s) dict_keys(['tutorial_dag']) retrieved from /home/airflow/.local/lib/python3.8/site-packages/airflow/example_dags/tutorial_dag.py
[2023-11-16T10:13:07.665+0000] {logging_mixin.py:151} INFO - [2023-11-16T10:13:07.665+0000] {dag.py:2941} INFO - Sync 1 DAGs
[2023-11-16T10:13:07.673+0000] {logging_mixin.py:151} INFO - [2023-11-16T10:13:07.672+0000] {dag.py:3722} INFO - Setting next_dagrun for tutorial_dag to None, run_after=None
[2023-11-16T10:13:07.683+0000] {processor.py:179} INFO - Processing /home/airflow/.local/lib/python3.8/site-packages/airflow/example_dags/tutorial_dag.py took 0.038 seconds
[2023-11-16T10:13:38.507+0000] {processor.py:157} INFO - Started process (PID=9540) to work on /home/airflow/.local/lib/python3.8/site-packages/airflow/example_dags/tutorial_dag.py
[2023-11-16T10:13:38.508+0000] {processor.py:829} INFO - Processing file /home/airflow/.local/lib/python3.8/site-packages/airflow/example_dags/tutorial_dag.py for tasks to queue
[2023-11-16T10:13:38.509+0000] {logging_mixin.py:151} INFO - [2023-11-16T10:13:38.509+0000] {dagbag.py:536} INFO - Filling up the DagBag from /home/airflow/.local/lib/python3.8/site-packages/airflow/example_dags/tutorial_dag.py
[2023-11-16T10:13:38.512+0000] {processor.py:839} INFO - DAG(s) dict_keys(['tutorial_dag']) retrieved from /home/airflow/.local/lib/python3.8/site-packages/airflow/example_dags/tutorial_dag.py
[2023-11-16T10:13:38.524+0000] {logging_mixin.py:151} INFO - [2023-11-16T10:13:38.524+0000] {dag.py:2941} INFO - Sync 1 DAGs
[2023-11-16T10:13:38.531+0000] {logging_mixin.py:151} INFO - [2023-11-16T10:13:38.531+0000] {dag.py:3722} INFO - Setting next_dagrun for tutorial_dag to None, run_after=None
[2023-11-16T10:13:38.542+0000] {processor.py:179} INFO - Processing /home/airflow/.local/lib/python3.8/site-packages/airflow/example_dags/tutorial_dag.py took 0.036 seconds
[2023-11-16T10:14:09.003+0000] {processor.py:157} INFO - Started process (PID=9596) to work on /home/airflow/.local/lib/python3.8/site-packages/airflow/example_dags/tutorial_dag.py
[2023-11-16T10:14:09.004+0000] {processor.py:829} INFO - Processing file /home/airflow/.local/lib/python3.8/site-packages/airflow/example_dags/tutorial_dag.py for tasks to queue
[2023-11-16T10:14:09.005+0000] {logging_mixin.py:151} INFO - [2023-11-16T10:14:09.005+0000] {dagbag.py:536} INFO - Filling up the DagBag from /home/airflow/.local/lib/python3.8/site-packages/airflow/example_dags/tutorial_dag.py
[2023-11-16T10:14:09.008+0000] {processor.py:839} INFO - DAG(s) dict_keys(['tutorial_dag']) retrieved from /home/airflow/.local/lib/python3.8/site-packages/airflow/example_dags/tutorial_dag.py
[2023-11-16T10:14:09.023+0000] {logging_mixin.py:151} INFO - [2023-11-16T10:14:09.023+0000] {dag.py:2941} INFO - Sync 1 DAGs
[2023-11-16T10:14:09.148+0000] {logging_mixin.py:151} INFO - [2023-11-16T10:14:09.147+0000] {dag.py:3722} INFO - Setting next_dagrun for tutorial_dag to None, run_after=None
[2023-11-16T10:14:09.161+0000] {processor.py:179} INFO - Processing /home/airflow/.local/lib/python3.8/site-packages/airflow/example_dags/tutorial_dag.py took 0.160 seconds
[2023-11-16T10:14:39.246+0000] {processor.py:157} INFO - Started process (PID=9653) to work on /home/airflow/.local/lib/python3.8/site-packages/airflow/example_dags/tutorial_dag.py
[2023-11-16T10:14:39.247+0000] {processor.py:829} INFO - Processing file /home/airflow/.local/lib/python3.8/site-packages/airflow/example_dags/tutorial_dag.py for tasks to queue
[2023-11-16T10:14:39.248+0000] {logging_mixin.py:151} INFO - [2023-11-16T10:14:39.248+0000] {dagbag.py:536} INFO - Filling up the DagBag from /home/airflow/.local/lib/python3.8/site-packages/airflow/example_dags/tutorial_dag.py
[2023-11-16T10:14:39.251+0000] {processor.py:839} INFO - DAG(s) dict_keys(['tutorial_dag']) retrieved from /home/airflow/.local/lib/python3.8/site-packages/airflow/example_dags/tutorial_dag.py
[2023-11-16T10:14:39.262+0000] {logging_mixin.py:151} INFO - [2023-11-16T10:14:39.262+0000] {dag.py:2941} INFO - Sync 1 DAGs
[2023-11-16T10:14:39.359+0000] {logging_mixin.py:151} INFO - [2023-11-16T10:14:39.358+0000] {dag.py:3722} INFO - Setting next_dagrun for tutorial_dag to None, run_after=None
[2023-11-16T10:14:39.372+0000] {processor.py:179} INFO - Processing /home/airflow/.local/lib/python3.8/site-packages/airflow/example_dags/tutorial_dag.py took 0.127 seconds
[2023-11-16T10:15:10.268+0000] {processor.py:157} INFO - Started process (PID=9709) to work on /home/airflow/.local/lib/python3.8/site-packages/airflow/example_dags/tutorial_dag.py
[2023-11-16T10:15:10.268+0000] {processor.py:829} INFO - Processing file /home/airflow/.local/lib/python3.8/site-packages/airflow/example_dags/tutorial_dag.py for tasks to queue
[2023-11-16T10:15:10.269+0000] {logging_mixin.py:151} INFO - [2023-11-16T10:15:10.269+0000] {dagbag.py:536} INFO - Filling up the DagBag from /home/airflow/.local/lib/python3.8/site-packages/airflow/example_dags/tutorial_dag.py
[2023-11-16T10:15:10.272+0000] {processor.py:839} INFO - DAG(s) dict_keys(['tutorial_dag']) retrieved from /home/airflow/.local/lib/python3.8/site-packages/airflow/example_dags/tutorial_dag.py
[2023-11-16T10:15:10.284+0000] {logging_mixin.py:151} INFO - [2023-11-16T10:15:10.284+0000] {dag.py:2941} INFO - Sync 1 DAGs
[2023-11-16T10:15:10.292+0000] {logging_mixin.py:151} INFO - [2023-11-16T10:15:10.292+0000] {dag.py:3722} INFO - Setting next_dagrun for tutorial_dag to None, run_after=None
[2023-11-16T10:15:10.303+0000] {processor.py:179} INFO - Processing /home/airflow/.local/lib/python3.8/site-packages/airflow/example_dags/tutorial_dag.py took 0.038 seconds
[2023-11-16T10:15:40.937+0000] {processor.py:157} INFO - Started process (PID=9766) to work on /home/airflow/.local/lib/python3.8/site-packages/airflow/example_dags/tutorial_dag.py
[2023-11-16T10:15:40.938+0000] {processor.py:829} INFO - Processing file /home/airflow/.local/lib/python3.8/site-packages/airflow/example_dags/tutorial_dag.py for tasks to queue
[2023-11-16T10:15:40.939+0000] {logging_mixin.py:151} INFO - [2023-11-16T10:15:40.939+0000] {dagbag.py:536} INFO - Filling up the DagBag from /home/airflow/.local/lib/python3.8/site-packages/airflow/example_dags/tutorial_dag.py
[2023-11-16T10:15:40.942+0000] {processor.py:839} INFO - DAG(s) dict_keys(['tutorial_dag']) retrieved from /home/airflow/.local/lib/python3.8/site-packages/airflow/example_dags/tutorial_dag.py
[2023-11-16T10:15:40.954+0000] {logging_mixin.py:151} INFO - [2023-11-16T10:15:40.954+0000] {dag.py:2941} INFO - Sync 1 DAGs
[2023-11-16T10:15:40.961+0000] {logging_mixin.py:151} INFO - [2023-11-16T10:15:40.961+0000] {dag.py:3722} INFO - Setting next_dagrun for tutorial_dag to None, run_after=None
[2023-11-16T10:15:40.972+0000] {processor.py:179} INFO - Processing /home/airflow/.local/lib/python3.8/site-packages/airflow/example_dags/tutorial_dag.py took 0.036 seconds
[2023-11-16T10:16:11.506+0000] {processor.py:157} INFO - Started process (PID=9822) to work on /home/airflow/.local/lib/python3.8/site-packages/airflow/example_dags/tutorial_dag.py
[2023-11-16T10:16:11.507+0000] {processor.py:829} INFO - Processing file /home/airflow/.local/lib/python3.8/site-packages/airflow/example_dags/tutorial_dag.py for tasks to queue
[2023-11-16T10:16:11.508+0000] {logging_mixin.py:151} INFO - [2023-11-16T10:16:11.508+0000] {dagbag.py:536} INFO - Filling up the DagBag from /home/airflow/.local/lib/python3.8/site-packages/airflow/example_dags/tutorial_dag.py
[2023-11-16T10:16:11.511+0000] {processor.py:839} INFO - DAG(s) dict_keys(['tutorial_dag']) retrieved from /home/airflow/.local/lib/python3.8/site-packages/airflow/example_dags/tutorial_dag.py
[2023-11-16T10:16:11.522+0000] {logging_mixin.py:151} INFO - [2023-11-16T10:16:11.522+0000] {dag.py:2941} INFO - Sync 1 DAGs
[2023-11-16T10:16:11.530+0000] {logging_mixin.py:151} INFO - [2023-11-16T10:16:11.530+0000] {dag.py:3722} INFO - Setting next_dagrun for tutorial_dag to None, run_after=None
[2023-11-16T10:16:11.540+0000] {processor.py:179} INFO - Processing /home/airflow/.local/lib/python3.8/site-packages/airflow/example_dags/tutorial_dag.py took 0.036 seconds
[2023-11-16T10:16:42.098+0000] {processor.py:157} INFO - Started process (PID=9878) to work on /home/airflow/.local/lib/python3.8/site-packages/airflow/example_dags/tutorial_dag.py
[2023-11-16T10:16:42.098+0000] {processor.py:829} INFO - Processing file /home/airflow/.local/lib/python3.8/site-packages/airflow/example_dags/tutorial_dag.py for tasks to queue
[2023-11-16T10:16:42.100+0000] {logging_mixin.py:151} INFO - [2023-11-16T10:16:42.099+0000] {dagbag.py:536} INFO - Filling up the DagBag from /home/airflow/.local/lib/python3.8/site-packages/airflow/example_dags/tutorial_dag.py
[2023-11-16T10:16:42.103+0000] {processor.py:839} INFO - DAG(s) dict_keys(['tutorial_dag']) retrieved from /home/airflow/.local/lib/python3.8/site-packages/airflow/example_dags/tutorial_dag.py
[2023-11-16T10:16:42.116+0000] {logging_mixin.py:151} INFO - [2023-11-16T10:16:42.115+0000] {dag.py:2941} INFO - Sync 1 DAGs
[2023-11-16T10:16:42.124+0000] {logging_mixin.py:151} INFO - [2023-11-16T10:16:42.123+0000] {dag.py:3722} INFO - Setting next_dagrun for tutorial_dag to None, run_after=None
[2023-11-16T10:16:42.136+0000] {processor.py:179} INFO - Processing /home/airflow/.local/lib/python3.8/site-packages/airflow/example_dags/tutorial_dag.py took 0.040 seconds
[2023-11-16T10:17:12.745+0000] {processor.py:157} INFO - Started process (PID=9934) to work on /home/airflow/.local/lib/python3.8/site-packages/airflow/example_dags/tutorial_dag.py
[2023-11-16T10:17:12.746+0000] {processor.py:829} INFO - Processing file /home/airflow/.local/lib/python3.8/site-packages/airflow/example_dags/tutorial_dag.py for tasks to queue
[2023-11-16T10:17:12.747+0000] {logging_mixin.py:151} INFO - [2023-11-16T10:17:12.747+0000] {dagbag.py:536} INFO - Filling up the DagBag from /home/airflow/.local/lib/python3.8/site-packages/airflow/example_dags/tutorial_dag.py
[2023-11-16T10:17:12.750+0000] {processor.py:839} INFO - DAG(s) dict_keys(['tutorial_dag']) retrieved from /home/airflow/.local/lib/python3.8/site-packages/airflow/example_dags/tutorial_dag.py
[2023-11-16T10:17:12.762+0000] {logging_mixin.py:151} INFO - [2023-11-16T10:17:12.762+0000] {dag.py:2941} INFO - Sync 1 DAGs
[2023-11-16T10:17:12.773+0000] {logging_mixin.py:151} INFO - [2023-11-16T10:17:12.773+0000] {dag.py:3722} INFO - Setting next_dagrun for tutorial_dag to None, run_after=None
[2023-11-16T10:17:12.785+0000] {processor.py:179} INFO - Processing /home/airflow/.local/lib/python3.8/site-packages/airflow/example_dags/tutorial_dag.py took 0.041 seconds
[2023-11-16T10:17:43.346+0000] {processor.py:157} INFO - Started process (PID=9990) to work on /home/airflow/.local/lib/python3.8/site-packages/airflow/example_dags/tutorial_dag.py
[2023-11-16T10:17:43.347+0000] {processor.py:829} INFO - Processing file /home/airflow/.local/lib/python3.8/site-packages/airflow/example_dags/tutorial_dag.py for tasks to queue
[2023-11-16T10:17:43.348+0000] {logging_mixin.py:151} INFO - [2023-11-16T10:17:43.348+0000] {dagbag.py:536} INFO - Filling up the DagBag from /home/airflow/.local/lib/python3.8/site-packages/airflow/example_dags/tutorial_dag.py
[2023-11-16T10:17:43.351+0000] {processor.py:839} INFO - DAG(s) dict_keys(['tutorial_dag']) retrieved from /home/airflow/.local/lib/python3.8/site-packages/airflow/example_dags/tutorial_dag.py
[2023-11-16T10:17:43.363+0000] {logging_mixin.py:151} INFO - [2023-11-16T10:17:43.363+0000] {dag.py:2941} INFO - Sync 1 DAGs
[2023-11-16T10:17:43.370+0000] {logging_mixin.py:151} INFO - [2023-11-16T10:17:43.370+0000] {dag.py:3722} INFO - Setting next_dagrun for tutorial_dag to None, run_after=None
[2023-11-16T10:17:43.380+0000] {processor.py:179} INFO - Processing /home/airflow/.local/lib/python3.8/site-packages/airflow/example_dags/tutorial_dag.py took 0.036 seconds
[2023-11-16T10:18:13.984+0000] {processor.py:157} INFO - Started process (PID=10046) to work on /home/airflow/.local/lib/python3.8/site-packages/airflow/example_dags/tutorial_dag.py
[2023-11-16T10:18:13.984+0000] {processor.py:829} INFO - Processing file /home/airflow/.local/lib/python3.8/site-packages/airflow/example_dags/tutorial_dag.py for tasks to queue
[2023-11-16T10:18:13.985+0000] {logging_mixin.py:151} INFO - [2023-11-16T10:18:13.985+0000] {dagbag.py:536} INFO - Filling up the DagBag from /home/airflow/.local/lib/python3.8/site-packages/airflow/example_dags/tutorial_dag.py
[2023-11-16T10:18:13.988+0000] {processor.py:839} INFO - DAG(s) dict_keys(['tutorial_dag']) retrieved from /home/airflow/.local/lib/python3.8/site-packages/airflow/example_dags/tutorial_dag.py
[2023-11-16T10:18:14.000+0000] {logging_mixin.py:151} INFO - [2023-11-16T10:18:14.000+0000] {dag.py:2941} INFO - Sync 1 DAGs
[2023-11-16T10:18:14.007+0000] {logging_mixin.py:151} INFO - [2023-11-16T10:18:14.007+0000] {dag.py:3722} INFO - Setting next_dagrun for tutorial_dag to None, run_after=None
[2023-11-16T10:18:14.017+0000] {processor.py:179} INFO - Processing /home/airflow/.local/lib/python3.8/site-packages/airflow/example_dags/tutorial_dag.py took 0.036 seconds
[2023-11-16T10:18:44.633+0000] {processor.py:157} INFO - Started process (PID=10102) to work on /home/airflow/.local/lib/python3.8/site-packages/airflow/example_dags/tutorial_dag.py
[2023-11-16T10:18:44.634+0000] {processor.py:829} INFO - Processing file /home/airflow/.local/lib/python3.8/site-packages/airflow/example_dags/tutorial_dag.py for tasks to queue
[2023-11-16T10:18:44.635+0000] {logging_mixin.py:151} INFO - [2023-11-16T10:18:44.635+0000] {dagbag.py:536} INFO - Filling up the DagBag from /home/airflow/.local/lib/python3.8/site-packages/airflow/example_dags/tutorial_dag.py
[2023-11-16T10:18:44.638+0000] {processor.py:839} INFO - DAG(s) dict_keys(['tutorial_dag']) retrieved from /home/airflow/.local/lib/python3.8/site-packages/airflow/example_dags/tutorial_dag.py
[2023-11-16T10:18:44.653+0000] {logging_mixin.py:151} INFO - [2023-11-16T10:18:44.652+0000] {dag.py:2941} INFO - Sync 1 DAGs
[2023-11-16T10:18:44.664+0000] {logging_mixin.py:151} INFO - [2023-11-16T10:18:44.664+0000] {dag.py:3722} INFO - Setting next_dagrun for tutorial_dag to None, run_after=None
[2023-11-16T10:18:44.675+0000] {processor.py:179} INFO - Processing /home/airflow/.local/lib/python3.8/site-packages/airflow/example_dags/tutorial_dag.py took 0.045 seconds
[2023-11-16T10:19:15.335+0000] {processor.py:157} INFO - Started process (PID=10158) to work on /home/airflow/.local/lib/python3.8/site-packages/airflow/example_dags/tutorial_dag.py
[2023-11-16T10:19:15.336+0000] {processor.py:829} INFO - Processing file /home/airflow/.local/lib/python3.8/site-packages/airflow/example_dags/tutorial_dag.py for tasks to queue
[2023-11-16T10:19:15.337+0000] {logging_mixin.py:151} INFO - [2023-11-16T10:19:15.337+0000] {dagbag.py:536} INFO - Filling up the DagBag from /home/airflow/.local/lib/python3.8/site-packages/airflow/example_dags/tutorial_dag.py
[2023-11-16T10:19:15.340+0000] {processor.py:839} INFO - DAG(s) dict_keys(['tutorial_dag']) retrieved from /home/airflow/.local/lib/python3.8/site-packages/airflow/example_dags/tutorial_dag.py
[2023-11-16T10:19:15.351+0000] {logging_mixin.py:151} INFO - [2023-11-16T10:19:15.351+0000] {dag.py:2941} INFO - Sync 1 DAGs
[2023-11-16T10:19:15.359+0000] {logging_mixin.py:151} INFO - [2023-11-16T10:19:15.359+0000] {dag.py:3722} INFO - Setting next_dagrun for tutorial_dag to None, run_after=None
[2023-11-16T10:19:15.370+0000] {processor.py:179} INFO - Processing /home/airflow/.local/lib/python3.8/site-packages/airflow/example_dags/tutorial_dag.py took 0.036 seconds
[2023-11-16T10:19:46.067+0000] {processor.py:157} INFO - Started process (PID=10214) to work on /home/airflow/.local/lib/python3.8/site-packages/airflow/example_dags/tutorial_dag.py
[2023-11-16T10:19:46.067+0000] {processor.py:829} INFO - Processing file /home/airflow/.local/lib/python3.8/site-packages/airflow/example_dags/tutorial_dag.py for tasks to queue
[2023-11-16T10:19:46.068+0000] {logging_mixin.py:151} INFO - [2023-11-16T10:19:46.068+0000] {dagbag.py:536} INFO - Filling up the DagBag from /home/airflow/.local/lib/python3.8/site-packages/airflow/example_dags/tutorial_dag.py
[2023-11-16T10:19:46.071+0000] {processor.py:839} INFO - DAG(s) dict_keys(['tutorial_dag']) retrieved from /home/airflow/.local/lib/python3.8/site-packages/airflow/example_dags/tutorial_dag.py
[2023-11-16T10:19:46.083+0000] {logging_mixin.py:151} INFO - [2023-11-16T10:19:46.083+0000] {dag.py:2941} INFO - Sync 1 DAGs
[2023-11-16T10:19:46.090+0000] {logging_mixin.py:151} INFO - [2023-11-16T10:19:46.090+0000] {dag.py:3722} INFO - Setting next_dagrun for tutorial_dag to None, run_after=None
[2023-11-16T10:19:46.102+0000] {processor.py:179} INFO - Processing /home/airflow/.local/lib/python3.8/site-packages/airflow/example_dags/tutorial_dag.py took 0.037 seconds
[2023-11-16T10:20:16.776+0000] {processor.py:157} INFO - Started process (PID=10270) to work on /home/airflow/.local/lib/python3.8/site-packages/airflow/example_dags/tutorial_dag.py
[2023-11-16T10:20:16.777+0000] {processor.py:829} INFO - Processing file /home/airflow/.local/lib/python3.8/site-packages/airflow/example_dags/tutorial_dag.py for tasks to queue
[2023-11-16T10:20:16.778+0000] {logging_mixin.py:151} INFO - [2023-11-16T10:20:16.778+0000] {dagbag.py:536} INFO - Filling up the DagBag from /home/airflow/.local/lib/python3.8/site-packages/airflow/example_dags/tutorial_dag.py
[2023-11-16T10:20:16.781+0000] {processor.py:839} INFO - DAG(s) dict_keys(['tutorial_dag']) retrieved from /home/airflow/.local/lib/python3.8/site-packages/airflow/example_dags/tutorial_dag.py
[2023-11-16T10:20:16.793+0000] {logging_mixin.py:151} INFO - [2023-11-16T10:20:16.792+0000] {dag.py:2941} INFO - Sync 1 DAGs
[2023-11-16T10:20:16.800+0000] {logging_mixin.py:151} INFO - [2023-11-16T10:20:16.800+0000] {dag.py:3722} INFO - Setting next_dagrun for tutorial_dag to None, run_after=None
[2023-11-16T10:20:16.810+0000] {processor.py:179} INFO - Processing /home/airflow/.local/lib/python3.8/site-packages/airflow/example_dags/tutorial_dag.py took 0.036 seconds
[2023-11-16T10:20:47.453+0000] {processor.py:157} INFO - Started process (PID=10326) to work on /home/airflow/.local/lib/python3.8/site-packages/airflow/example_dags/tutorial_dag.py
[2023-11-16T10:20:47.453+0000] {processor.py:829} INFO - Processing file /home/airflow/.local/lib/python3.8/site-packages/airflow/example_dags/tutorial_dag.py for tasks to queue
[2023-11-16T10:20:47.455+0000] {logging_mixin.py:151} INFO - [2023-11-16T10:20:47.454+0000] {dagbag.py:536} INFO - Filling up the DagBag from /home/airflow/.local/lib/python3.8/site-packages/airflow/example_dags/tutorial_dag.py
[2023-11-16T10:20:47.458+0000] {processor.py:839} INFO - DAG(s) dict_keys(['tutorial_dag']) retrieved from /home/airflow/.local/lib/python3.8/site-packages/airflow/example_dags/tutorial_dag.py
[2023-11-16T10:20:47.469+0000] {logging_mixin.py:151} INFO - [2023-11-16T10:20:47.469+0000] {dag.py:2941} INFO - Sync 1 DAGs
[2023-11-16T10:20:47.477+0000] {logging_mixin.py:151} INFO - [2023-11-16T10:20:47.477+0000] {dag.py:3722} INFO - Setting next_dagrun for tutorial_dag to None, run_after=None
[2023-11-16T10:20:47.488+0000] {processor.py:179} INFO - Processing /home/airflow/.local/lib/python3.8/site-packages/airflow/example_dags/tutorial_dag.py took 0.037 seconds
