[2023-10-23T17:49:37.700+0000] {taskinstance.py:1159} INFO - Dependencies all met for dep_context=non-requeueable deps ti=<TaskInstance: update_dwh.hub_department_update manual__2023-10-23T17:49:32.216667+00:00 [queued]>
[2023-10-23T17:49:37.712+0000] {taskinstance.py:1159} INFO - Dependencies all met for dep_context=requeueable deps ti=<TaskInstance: update_dwh.hub_department_update manual__2023-10-23T17:49:32.216667+00:00 [queued]>
[2023-10-23T17:49:37.713+0000] {taskinstance.py:1361} INFO - Starting attempt 1 of 1
[2023-10-23T17:49:37.725+0000] {taskinstance.py:1382} INFO - Executing <Task(PostgresOperator): hub_department_update> on 2023-10-23 17:49:32.216667+00:00
[2023-10-23T17:49:37.733+0000] {standard_task_runner.py:57} INFO - Started process 4514 to run task
[2023-10-23T17:49:37.735+0000] {standard_task_runner.py:84} INFO - Running: ['***', 'tasks', 'run', 'update_dwh', 'hub_department_update', 'manual__2023-10-23T17:49:32.216667+00:00', '--job-id', '247', '--raw', '--subdir', 'DAGS_FOLDER/update_dwh_dag.py', '--cfg-path', '/tmp/tmpsk_r7u_3']
[2023-10-23T17:49:37.737+0000] {standard_task_runner.py:85} INFO - Job 247: Subtask hub_department_update
[2023-10-23T17:49:37.793+0000] {task_command.py:416} INFO - Running <TaskInstance: update_dwh.hub_department_update manual__2023-10-23T17:49:32.216667+00:00 [running]> on host 1f8bb8a692af
[2023-10-23T17:49:37.898+0000] {taskinstance.py:1662} INFO - Exporting env vars: AIRFLOW_CTX_DAG_OWNER='***' AIRFLOW_CTX_DAG_ID='update_dwh' AIRFLOW_CTX_TASK_ID='hub_department_update' AIRFLOW_CTX_EXECUTION_DATE='2023-10-23T17:49:32.216667+00:00' AIRFLOW_CTX_TRY_NUMBER='1' AIRFLOW_CTX_DAG_RUN_ID='manual__2023-10-23T17:49:32.216667+00:00'
[2023-10-23T17:49:37.899+0000] {sql.py:274} INFO - Executing: 
INSERT INTO rdv.hub_department
SELECT DISTINCT
    MD5(p.department),
    now(),
    'csv',
    p.department
FROM 
    staging.stg_table p
WHERE p.department NOT IN (
    SELECT hub.department_name FROM rdv.hub_department hub
)
[2023-10-23T17:49:37.916+0000] {base.py:73} INFO - Using connection ID 'stg_conn' for task execution.
[2023-10-23T17:49:37.917+0000] {warnings.py:109} WARNING - /home/***/.local/lib/python3.8/site-packages/***/models/connection.py:374: AirflowProviderDeprecationWarning: The "schema" arg has been renamed to "database" as it contained the database name.Please use "database" to set the database name.
  return hook_class(**{hook.connection_id_attribute_name: self.conn_id}, **hook_params)

[2023-10-23T17:49:37.927+0000] {base.py:73} INFO - Using connection ID 'stg_conn' for task execution.
[2023-10-23T17:49:38.022+0000] {sql.py:418} INFO - Running statement: 
INSERT INTO rdv.hub_department
SELECT DISTINCT
    MD5(p.department),
    now(),
    'csv',
    p.department
FROM 
    staging.stg_table p
WHERE p.department NOT IN (
    SELECT hub.department_name FROM rdv.hub_department hub
), parameters: None
[2023-10-23T17:49:38.044+0000] {sql.py:427} INFO - Rows affected: 0
[2023-10-23T17:49:38.063+0000] {taskinstance.py:1400} INFO - Marking task as SUCCESS. dag_id=update_dwh, task_id=hub_department_update, execution_date=20231023T174932, start_date=20231023T174937, end_date=20231023T174938
[2023-10-23T17:49:38.112+0000] {local_task_job_runner.py:228} INFO - Task exited with return code 0
[2023-10-23T17:49:38.153+0000] {taskinstance.py:2778} INFO - 0 downstream tasks scheduled from follow-on schedule check
