[2023-12-20T11:12:06.357+0000] {processor.py:157} INFO - Started process (PID=10698) to work on /opt/airflow/dags/update_dwh_dag.py
[2023-12-20T11:12:06.357+0000] {processor.py:829} INFO - Processing file /opt/airflow/dags/update_dwh_dag.py for tasks to queue
[2023-12-20T11:12:06.363+0000] {logging_mixin.py:151} INFO - [2023-12-20T11:12:06.363+0000] {dagbag.py:536} INFO - Filling up the DagBag from /opt/airflow/dags/update_dwh_dag.py
[2023-12-20T11:12:06.387+0000] {processor.py:839} INFO - DAG(s) dict_keys(['update_dwh']) retrieved from /opt/airflow/dags/update_dwh_dag.py
[2023-12-20T11:12:06.443+0000] {logging_mixin.py:151} INFO - [2023-12-20T11:12:06.443+0000] {dag.py:2941} INFO - Sync 1 DAGs
[2023-12-20T11:12:06.467+0000] {logging_mixin.py:151} INFO - [2023-12-20T11:12:06.467+0000] {dag.py:3722} INFO - Setting next_dagrun for update_dwh to 2023-12-19T00:00:00+00:00, run_after=2023-12-20T00:00:00+00:00
[2023-12-20T11:12:06.482+0000] {processor.py:179} INFO - Processing /opt/airflow/dags/update_dwh_dag.py took 0.129 seconds
[2023-12-20T11:12:37.471+0000] {processor.py:157} INFO - Started process (PID=10755) to work on /opt/airflow/dags/update_dwh_dag.py
[2023-12-20T11:12:37.474+0000] {processor.py:829} INFO - Processing file /opt/airflow/dags/update_dwh_dag.py for tasks to queue
[2023-12-20T11:12:37.476+0000] {logging_mixin.py:151} INFO - [2023-12-20T11:12:37.475+0000] {dagbag.py:536} INFO - Filling up the DagBag from /opt/airflow/dags/update_dwh_dag.py
[2023-12-20T11:12:37.486+0000] {processor.py:839} INFO - DAG(s) dict_keys(['update_dwh']) retrieved from /opt/airflow/dags/update_dwh_dag.py
[2023-12-20T11:12:37.506+0000] {logging_mixin.py:151} INFO - [2023-12-20T11:12:37.505+0000] {dag.py:2941} INFO - Sync 1 DAGs
[2023-12-20T11:12:37.524+0000] {logging_mixin.py:151} INFO - [2023-12-20T11:12:37.524+0000] {dag.py:3722} INFO - Setting next_dagrun for update_dwh to 2023-12-19T00:00:00+00:00, run_after=2023-12-20T00:00:00+00:00
[2023-12-20T11:12:37.538+0000] {processor.py:179} INFO - Processing /opt/airflow/dags/update_dwh_dag.py took 0.069 seconds
[2023-12-20T11:13:07.708+0000] {processor.py:157} INFO - Started process (PID=10811) to work on /opt/airflow/dags/update_dwh_dag.py
[2023-12-20T11:13:07.711+0000] {processor.py:829} INFO - Processing file /opt/airflow/dags/update_dwh_dag.py for tasks to queue
[2023-12-20T11:13:07.713+0000] {logging_mixin.py:151} INFO - [2023-12-20T11:13:07.713+0000] {dagbag.py:536} INFO - Filling up the DagBag from /opt/airflow/dags/update_dwh_dag.py
[2023-12-20T11:13:07.723+0000] {processor.py:839} INFO - DAG(s) dict_keys(['update_dwh']) retrieved from /opt/airflow/dags/update_dwh_dag.py
[2023-12-20T11:13:07.743+0000] {logging_mixin.py:151} INFO - [2023-12-20T11:13:07.743+0000] {dag.py:2941} INFO - Sync 1 DAGs
[2023-12-20T11:13:07.764+0000] {logging_mixin.py:151} INFO - [2023-12-20T11:13:07.763+0000] {dag.py:3722} INFO - Setting next_dagrun for update_dwh to 2023-12-19T00:00:00+00:00, run_after=2023-12-20T00:00:00+00:00
[2023-12-20T11:13:07.778+0000] {processor.py:179} INFO - Processing /opt/airflow/dags/update_dwh_dag.py took 0.071 seconds
[2023-12-20T11:13:38.324+0000] {processor.py:157} INFO - Started process (PID=10868) to work on /opt/airflow/dags/update_dwh_dag.py
[2023-12-20T11:13:38.325+0000] {processor.py:829} INFO - Processing file /opt/airflow/dags/update_dwh_dag.py for tasks to queue
[2023-12-20T11:13:38.328+0000] {logging_mixin.py:151} INFO - [2023-12-20T11:13:38.328+0000] {dagbag.py:536} INFO - Filling up the DagBag from /opt/airflow/dags/update_dwh_dag.py
[2023-12-20T11:13:38.341+0000] {processor.py:839} INFO - DAG(s) dict_keys(['update_dwh']) retrieved from /opt/airflow/dags/update_dwh_dag.py
[2023-12-20T11:13:38.370+0000] {logging_mixin.py:151} INFO - [2023-12-20T11:13:38.370+0000] {dag.py:2941} INFO - Sync 1 DAGs
[2023-12-20T11:13:38.403+0000] {logging_mixin.py:151} INFO - [2023-12-20T11:13:38.403+0000] {dag.py:3722} INFO - Setting next_dagrun for update_dwh to 2023-12-19T00:00:00+00:00, run_after=2023-12-20T00:00:00+00:00
[2023-12-20T11:13:38.428+0000] {processor.py:179} INFO - Processing /opt/airflow/dags/update_dwh_dag.py took 0.108 seconds
[2023-12-20T11:14:08.521+0000] {processor.py:157} INFO - Started process (PID=10925) to work on /opt/airflow/dags/update_dwh_dag.py
[2023-12-20T11:14:08.521+0000] {processor.py:829} INFO - Processing file /opt/airflow/dags/update_dwh_dag.py for tasks to queue
[2023-12-20T11:14:08.523+0000] {logging_mixin.py:151} INFO - [2023-12-20T11:14:08.523+0000] {dagbag.py:536} INFO - Filling up the DagBag from /opt/airflow/dags/update_dwh_dag.py
[2023-12-20T11:14:08.535+0000] {processor.py:839} INFO - DAG(s) dict_keys(['update_dwh']) retrieved from /opt/airflow/dags/update_dwh_dag.py
[2023-12-20T11:14:08.557+0000] {logging_mixin.py:151} INFO - [2023-12-20T11:14:08.557+0000] {dag.py:2941} INFO - Sync 1 DAGs
[2023-12-20T11:14:08.579+0000] {logging_mixin.py:151} INFO - [2023-12-20T11:14:08.579+0000] {dag.py:3722} INFO - Setting next_dagrun for update_dwh to 2023-12-19T00:00:00+00:00, run_after=2023-12-20T00:00:00+00:00
[2023-12-20T11:14:08.596+0000] {processor.py:179} INFO - Processing /opt/airflow/dags/update_dwh_dag.py took 0.078 seconds
