[2023-12-20T11:12:06.429+0000] {processor.py:157} INFO - Started process (PID=10699) to work on /opt/airflow/dags/update_actions_dag.py
[2023-12-20T11:12:06.431+0000] {processor.py:829} INFO - Processing file /opt/airflow/dags/update_actions_dag.py for tasks to queue
[2023-12-20T11:12:06.435+0000] {logging_mixin.py:151} INFO - [2023-12-20T11:12:06.435+0000] {dagbag.py:536} INFO - Filling up the DagBag from /opt/airflow/dags/update_actions_dag.py
[2023-12-20T11:12:06.451+0000] {processor.py:841} WARNING - No viable dags retrieved from /opt/airflow/dags/update_actions_dag.py
[2023-12-20T11:12:06.465+0000] {processor.py:179} INFO - Processing /opt/airflow/dags/update_actions_dag.py took 0.042 seconds
[2023-12-20T11:12:37.476+0000] {processor.py:157} INFO - Started process (PID=10756) to work on /opt/airflow/dags/update_actions_dag.py
[2023-12-20T11:12:37.477+0000] {processor.py:829} INFO - Processing file /opt/airflow/dags/update_actions_dag.py for tasks to queue
[2023-12-20T11:12:37.479+0000] {logging_mixin.py:151} INFO - [2023-12-20T11:12:37.479+0000] {dagbag.py:536} INFO - Filling up the DagBag from /opt/airflow/dags/update_actions_dag.py
[2023-12-20T11:12:37.480+0000] {processor.py:841} WARNING - No viable dags retrieved from /opt/airflow/dags/update_actions_dag.py
[2023-12-20T11:12:37.489+0000] {processor.py:179} INFO - Processing /opt/airflow/dags/update_actions_dag.py took 0.015 seconds
[2023-12-20T11:13:07.712+0000] {processor.py:157} INFO - Started process (PID=10812) to work on /opt/airflow/dags/update_actions_dag.py
[2023-12-20T11:13:07.713+0000] {processor.py:829} INFO - Processing file /opt/airflow/dags/update_actions_dag.py for tasks to queue
[2023-12-20T11:13:07.714+0000] {logging_mixin.py:151} INFO - [2023-12-20T11:13:07.714+0000] {dagbag.py:536} INFO - Filling up the DagBag from /opt/airflow/dags/update_actions_dag.py
[2023-12-20T11:13:07.716+0000] {processor.py:841} WARNING - No viable dags retrieved from /opt/airflow/dags/update_actions_dag.py
[2023-12-20T11:13:07.728+0000] {processor.py:179} INFO - Processing /opt/airflow/dags/update_actions_dag.py took 0.017 seconds
[2023-12-20T11:13:38.325+0000] {processor.py:157} INFO - Started process (PID=10869) to work on /opt/airflow/dags/update_actions_dag.py
[2023-12-20T11:13:38.326+0000] {processor.py:829} INFO - Processing file /opt/airflow/dags/update_actions_dag.py for tasks to queue
[2023-12-20T11:13:38.328+0000] {logging_mixin.py:151} INFO - [2023-12-20T11:13:38.328+0000] {dagbag.py:536} INFO - Filling up the DagBag from /opt/airflow/dags/update_actions_dag.py
[2023-12-20T11:13:38.330+0000] {processor.py:841} WARNING - No viable dags retrieved from /opt/airflow/dags/update_actions_dag.py
[2023-12-20T11:13:38.348+0000] {processor.py:179} INFO - Processing /opt/airflow/dags/update_actions_dag.py took 0.025 seconds
[2023-12-20T11:14:08.526+0000] {processor.py:157} INFO - Started process (PID=10926) to work on /opt/airflow/dags/update_actions_dag.py
[2023-12-20T11:14:08.526+0000] {processor.py:829} INFO - Processing file /opt/airflow/dags/update_actions_dag.py for tasks to queue
[2023-12-20T11:14:08.527+0000] {logging_mixin.py:151} INFO - [2023-12-20T11:14:08.527+0000] {dagbag.py:536} INFO - Filling up the DagBag from /opt/airflow/dags/update_actions_dag.py
[2023-12-20T11:14:08.529+0000] {processor.py:841} WARNING - No viable dags retrieved from /opt/airflow/dags/update_actions_dag.py
[2023-12-20T11:14:08.542+0000] {processor.py:179} INFO - Processing /opt/airflow/dags/update_actions_dag.py took 0.019 seconds
