[2023-10-26T09:41:04.355+0000] {processor.py:157} INFO - Started process (PID=199) to work on /opt/airflow/dags/utils/const.py
[2023-10-26T09:41:04.357+0000] {processor.py:829} INFO - Processing file /opt/airflow/dags/utils/const.py for tasks to queue
[2023-10-26T09:41:04.361+0000] {logging_mixin.py:151} INFO - [2023-10-26T09:41:04.361+0000] {dagbag.py:536} INFO - Filling up the DagBag from /opt/airflow/dags/utils/const.py
[2023-10-26T09:41:04.363+0000] {processor.py:841} WARNING - No viable dags retrieved from /opt/airflow/dags/utils/const.py
[2023-10-26T09:41:04.376+0000] {processor.py:179} INFO - Processing /opt/airflow/dags/utils/const.py took 0.023 seconds
[2023-10-26T09:41:34.909+0000] {processor.py:157} INFO - Started process (PID=255) to work on /opt/airflow/dags/utils/const.py
[2023-10-26T09:41:34.910+0000] {processor.py:829} INFO - Processing file /opt/airflow/dags/utils/const.py for tasks to queue
[2023-10-26T09:41:34.911+0000] {logging_mixin.py:151} INFO - [2023-10-26T09:41:34.911+0000] {dagbag.py:536} INFO - Filling up the DagBag from /opt/airflow/dags/utils/const.py
[2023-10-26T09:41:34.912+0000] {processor.py:841} WARNING - No viable dags retrieved from /opt/airflow/dags/utils/const.py
[2023-10-26T09:41:34.920+0000] {processor.py:179} INFO - Processing /opt/airflow/dags/utils/const.py took 0.014 seconds
[2023-10-26T09:42:05.448+0000] {processor.py:157} INFO - Started process (PID=311) to work on /opt/airflow/dags/utils/const.py
[2023-10-26T09:42:05.448+0000] {processor.py:829} INFO - Processing file /opt/airflow/dags/utils/const.py for tasks to queue
[2023-10-26T09:42:05.449+0000] {logging_mixin.py:151} INFO - [2023-10-26T09:42:05.449+0000] {dagbag.py:536} INFO - Filling up the DagBag from /opt/airflow/dags/utils/const.py
[2023-10-26T09:42:05.450+0000] {processor.py:841} WARNING - No viable dags retrieved from /opt/airflow/dags/utils/const.py
[2023-10-26T09:42:05.458+0000] {processor.py:179} INFO - Processing /opt/airflow/dags/utils/const.py took 0.012 seconds
[2023-10-26T09:42:36.207+0000] {processor.py:157} INFO - Started process (PID=367) to work on /opt/airflow/dags/utils/const.py
[2023-10-26T09:42:36.207+0000] {processor.py:829} INFO - Processing file /opt/airflow/dags/utils/const.py for tasks to queue
[2023-10-26T09:42:36.209+0000] {logging_mixin.py:151} INFO - [2023-10-26T09:42:36.208+0000] {dagbag.py:536} INFO - Filling up the DagBag from /opt/airflow/dags/utils/const.py
[2023-10-26T09:42:36.210+0000] {processor.py:841} WARNING - No viable dags retrieved from /opt/airflow/dags/utils/const.py
[2023-10-26T09:42:36.218+0000] {processor.py:179} INFO - Processing /opt/airflow/dags/utils/const.py took 0.013 seconds
[2023-10-26T09:43:07.015+0000] {processor.py:157} INFO - Started process (PID=424) to work on /opt/airflow/dags/utils/const.py
[2023-10-26T09:43:07.016+0000] {processor.py:829} INFO - Processing file /opt/airflow/dags/utils/const.py for tasks to queue
[2023-10-26T09:43:07.017+0000] {logging_mixin.py:151} INFO - [2023-10-26T09:43:07.017+0000] {dagbag.py:536} INFO - Filling up the DagBag from /opt/airflow/dags/utils/const.py
[2023-10-26T09:43:07.018+0000] {processor.py:841} WARNING - No viable dags retrieved from /opt/airflow/dags/utils/const.py
[2023-10-26T09:43:07.026+0000] {processor.py:179} INFO - Processing /opt/airflow/dags/utils/const.py took 0.013 seconds
[2023-10-26T09:43:37.796+0000] {processor.py:157} INFO - Started process (PID=481) to work on /opt/airflow/dags/utils/const.py
[2023-10-26T09:43:37.797+0000] {processor.py:829} INFO - Processing file /opt/airflow/dags/utils/const.py for tasks to queue
[2023-10-26T09:43:37.798+0000] {logging_mixin.py:151} INFO - [2023-10-26T09:43:37.798+0000] {dagbag.py:536} INFO - Filling up the DagBag from /opt/airflow/dags/utils/const.py
[2023-10-26T09:43:37.799+0000] {processor.py:841} WARNING - No viable dags retrieved from /opt/airflow/dags/utils/const.py
[2023-10-26T09:43:37.808+0000] {processor.py:179} INFO - Processing /opt/airflow/dags/utils/const.py took 0.014 seconds
[2023-10-26T09:44:07.827+0000] {processor.py:157} INFO - Started process (PID=536) to work on /opt/airflow/dags/utils/const.py
[2023-10-26T09:44:07.829+0000] {processor.py:829} INFO - Processing file /opt/airflow/dags/utils/const.py for tasks to queue
[2023-10-26T09:44:07.831+0000] {logging_mixin.py:151} INFO - [2023-10-26T09:44:07.831+0000] {dagbag.py:536} INFO - Filling up the DagBag from /opt/airflow/dags/utils/const.py
[2023-10-26T09:44:07.833+0000] {processor.py:841} WARNING - No viable dags retrieved from /opt/airflow/dags/utils/const.py
[2023-10-26T09:44:07.844+0000] {processor.py:179} INFO - Processing /opt/airflow/dags/utils/const.py took 0.020 seconds
[2023-10-26T09:44:38.569+0000] {processor.py:157} INFO - Started process (PID=592) to work on /opt/airflow/dags/utils/const.py
[2023-10-26T09:44:38.572+0000] {processor.py:829} INFO - Processing file /opt/airflow/dags/utils/const.py for tasks to queue
[2023-10-26T09:44:38.575+0000] {logging_mixin.py:151} INFO - [2023-10-26T09:44:38.575+0000] {dagbag.py:536} INFO - Filling up the DagBag from /opt/airflow/dags/utils/const.py
[2023-10-26T09:44:38.578+0000] {processor.py:841} WARNING - No viable dags retrieved from /opt/airflow/dags/utils/const.py
[2023-10-26T09:44:38.590+0000] {processor.py:179} INFO - Processing /opt/airflow/dags/utils/const.py took 0.026 seconds
[2023-10-26T09:45:09.256+0000] {processor.py:157} INFO - Started process (PID=648) to work on /opt/airflow/dags/utils/const.py
[2023-10-26T09:45:09.259+0000] {processor.py:829} INFO - Processing file /opt/airflow/dags/utils/const.py for tasks to queue
[2023-10-26T09:45:09.262+0000] {logging_mixin.py:151} INFO - [2023-10-26T09:45:09.261+0000] {dagbag.py:536} INFO - Filling up the DagBag from /opt/airflow/dags/utils/const.py
[2023-10-26T09:45:09.264+0000] {processor.py:841} WARNING - No viable dags retrieved from /opt/airflow/dags/utils/const.py
[2023-10-26T09:45:09.277+0000] {processor.py:179} INFO - Processing /opt/airflow/dags/utils/const.py took 0.025 seconds
[2023-10-26T09:45:40.031+0000] {processor.py:157} INFO - Started process (PID=704) to work on /opt/airflow/dags/utils/const.py
[2023-10-26T09:45:40.032+0000] {processor.py:829} INFO - Processing file /opt/airflow/dags/utils/const.py for tasks to queue
[2023-10-26T09:45:40.033+0000] {logging_mixin.py:151} INFO - [2023-10-26T09:45:40.033+0000] {dagbag.py:536} INFO - Filling up the DagBag from /opt/airflow/dags/utils/const.py
[2023-10-26T09:45:40.034+0000] {processor.py:841} WARNING - No viable dags retrieved from /opt/airflow/dags/utils/const.py
[2023-10-26T09:45:40.045+0000] {processor.py:179} INFO - Processing /opt/airflow/dags/utils/const.py took 0.016 seconds
[2023-10-26T09:46:10.696+0000] {processor.py:157} INFO - Started process (PID=760) to work on /opt/airflow/dags/utils/const.py
[2023-10-26T09:46:10.699+0000] {processor.py:829} INFO - Processing file /opt/airflow/dags/utils/const.py for tasks to queue
[2023-10-26T09:46:10.701+0000] {logging_mixin.py:151} INFO - [2023-10-26T09:46:10.700+0000] {dagbag.py:536} INFO - Filling up the DagBag from /opt/airflow/dags/utils/const.py
[2023-10-26T09:46:10.702+0000] {processor.py:841} WARNING - No viable dags retrieved from /opt/airflow/dags/utils/const.py
[2023-10-26T09:46:10.711+0000] {processor.py:179} INFO - Processing /opt/airflow/dags/utils/const.py took 0.017 seconds
[2023-10-26T09:46:40.901+0000] {processor.py:157} INFO - Started process (PID=817) to work on /opt/airflow/dags/utils/const.py
[2023-10-26T09:46:40.903+0000] {processor.py:829} INFO - Processing file /opt/airflow/dags/utils/const.py for tasks to queue
[2023-10-26T09:46:40.905+0000] {logging_mixin.py:151} INFO - [2023-10-26T09:46:40.905+0000] {dagbag.py:536} INFO - Filling up the DagBag from /opt/airflow/dags/utils/const.py
[2023-10-26T09:46:40.907+0000] {processor.py:841} WARNING - No viable dags retrieved from /opt/airflow/dags/utils/const.py
[2023-10-26T09:46:40.914+0000] {processor.py:179} INFO - Processing /opt/airflow/dags/utils/const.py took 0.016 seconds
[2023-10-26T09:47:11.026+0000] {processor.py:157} INFO - Started process (PID=873) to work on /opt/airflow/dags/utils/const.py
[2023-10-26T09:47:11.028+0000] {processor.py:829} INFO - Processing file /opt/airflow/dags/utils/const.py for tasks to queue
[2023-10-26T09:47:11.030+0000] {logging_mixin.py:151} INFO - [2023-10-26T09:47:11.029+0000] {dagbag.py:536} INFO - Filling up the DagBag from /opt/airflow/dags/utils/const.py
[2023-10-26T09:47:11.031+0000] {processor.py:841} WARNING - No viable dags retrieved from /opt/airflow/dags/utils/const.py
[2023-10-26T09:47:11.040+0000] {processor.py:179} INFO - Processing /opt/airflow/dags/utils/const.py took 0.016 seconds
[2023-10-26T09:47:41.067+0000] {processor.py:157} INFO - Started process (PID=930) to work on /opt/airflow/dags/utils/const.py
[2023-10-26T09:47:41.068+0000] {processor.py:829} INFO - Processing file /opt/airflow/dags/utils/const.py for tasks to queue
[2023-10-26T09:47:41.071+0000] {logging_mixin.py:151} INFO - [2023-10-26T09:47:41.071+0000] {dagbag.py:536} INFO - Filling up the DagBag from /opt/airflow/dags/utils/const.py
[2023-10-26T09:47:41.074+0000] {processor.py:841} WARNING - No viable dags retrieved from /opt/airflow/dags/utils/const.py
[2023-10-26T09:47:41.084+0000] {processor.py:179} INFO - Processing /opt/airflow/dags/utils/const.py took 0.022 seconds
[2023-10-26T09:48:11.197+0000] {processor.py:157} INFO - Started process (PID=986) to work on /opt/airflow/dags/utils/const.py
[2023-10-26T09:48:11.200+0000] {processor.py:829} INFO - Processing file /opt/airflow/dags/utils/const.py for tasks to queue
[2023-10-26T09:48:11.203+0000] {logging_mixin.py:151} INFO - [2023-10-26T09:48:11.203+0000] {dagbag.py:536} INFO - Filling up the DagBag from /opt/airflow/dags/utils/const.py
[2023-10-26T09:48:11.205+0000] {processor.py:841} WARNING - No viable dags retrieved from /opt/airflow/dags/utils/const.py
[2023-10-26T09:48:11.214+0000] {processor.py:179} INFO - Processing /opt/airflow/dags/utils/const.py took 0.020 seconds
[2023-10-26T09:48:41.930+0000] {processor.py:157} INFO - Started process (PID=1042) to work on /opt/airflow/dags/utils/const.py
[2023-10-26T09:48:41.933+0000] {processor.py:829} INFO - Processing file /opt/airflow/dags/utils/const.py for tasks to queue
[2023-10-26T09:48:41.936+0000] {logging_mixin.py:151} INFO - [2023-10-26T09:48:41.936+0000] {dagbag.py:536} INFO - Filling up the DagBag from /opt/airflow/dags/utils/const.py
[2023-10-26T09:48:41.939+0000] {processor.py:841} WARNING - No viable dags retrieved from /opt/airflow/dags/utils/const.py
[2023-10-26T09:48:41.951+0000] {processor.py:179} INFO - Processing /opt/airflow/dags/utils/const.py took 0.022 seconds
[2023-10-26T09:49:12.596+0000] {processor.py:157} INFO - Started process (PID=1098) to work on /opt/airflow/dags/utils/const.py
[2023-10-26T09:49:12.597+0000] {processor.py:829} INFO - Processing file /opt/airflow/dags/utils/const.py for tasks to queue
[2023-10-26T09:49:12.600+0000] {logging_mixin.py:151} INFO - [2023-10-26T09:49:12.600+0000] {dagbag.py:536} INFO - Filling up the DagBag from /opt/airflow/dags/utils/const.py
[2023-10-26T09:49:12.603+0000] {processor.py:841} WARNING - No viable dags retrieved from /opt/airflow/dags/utils/const.py
[2023-10-26T09:49:12.615+0000] {processor.py:179} INFO - Processing /opt/airflow/dags/utils/const.py took 0.022 seconds
[2023-10-26T09:49:42.692+0000] {processor.py:157} INFO - Started process (PID=1154) to work on /opt/airflow/dags/utils/const.py
[2023-10-26T09:49:42.694+0000] {processor.py:829} INFO - Processing file /opt/airflow/dags/utils/const.py for tasks to queue
[2023-10-26T09:49:42.698+0000] {logging_mixin.py:151} INFO - [2023-10-26T09:49:42.697+0000] {dagbag.py:536} INFO - Filling up the DagBag from /opt/airflow/dags/utils/const.py
[2023-10-26T09:49:42.700+0000] {processor.py:841} WARNING - No viable dags retrieved from /opt/airflow/dags/utils/const.py
[2023-10-26T09:49:42.712+0000] {processor.py:179} INFO - Processing /opt/airflow/dags/utils/const.py took 0.025 seconds
[2023-10-26T09:50:13.036+0000] {processor.py:157} INFO - Started process (PID=1210) to work on /opt/airflow/dags/utils/const.py
[2023-10-26T09:50:13.038+0000] {processor.py:829} INFO - Processing file /opt/airflow/dags/utils/const.py for tasks to queue
[2023-10-26T09:50:13.042+0000] {logging_mixin.py:151} INFO - [2023-10-26T09:50:13.042+0000] {dagbag.py:536} INFO - Filling up the DagBag from /opt/airflow/dags/utils/const.py
[2023-10-26T09:50:13.045+0000] {processor.py:841} WARNING - No viable dags retrieved from /opt/airflow/dags/utils/const.py
[2023-10-26T09:50:13.057+0000] {processor.py:179} INFO - Processing /opt/airflow/dags/utils/const.py took 0.025 seconds
[2023-10-26T09:50:43.856+0000] {processor.py:157} INFO - Started process (PID=1266) to work on /opt/airflow/dags/utils/const.py
[2023-10-26T09:50:43.857+0000] {processor.py:829} INFO - Processing file /opt/airflow/dags/utils/const.py for tasks to queue
[2023-10-26T09:50:43.861+0000] {logging_mixin.py:151} INFO - [2023-10-26T09:50:43.860+0000] {dagbag.py:536} INFO - Filling up the DagBag from /opt/airflow/dags/utils/const.py
[2023-10-26T09:50:43.863+0000] {processor.py:841} WARNING - No viable dags retrieved from /opt/airflow/dags/utils/const.py
[2023-10-26T09:50:43.876+0000] {processor.py:179} INFO - Processing /opt/airflow/dags/utils/const.py took 0.022 seconds
[2023-10-26T09:51:14.671+0000] {processor.py:157} INFO - Started process (PID=1323) to work on /opt/airflow/dags/utils/const.py
[2023-10-26T09:51:14.674+0000] {processor.py:829} INFO - Processing file /opt/airflow/dags/utils/const.py for tasks to queue
[2023-10-26T09:51:14.677+0000] {logging_mixin.py:151} INFO - [2023-10-26T09:51:14.677+0000] {dagbag.py:536} INFO - Filling up the DagBag from /opt/airflow/dags/utils/const.py
[2023-10-26T09:51:14.680+0000] {processor.py:841} WARNING - No viable dags retrieved from /opt/airflow/dags/utils/const.py
[2023-10-26T09:51:14.691+0000] {processor.py:179} INFO - Processing /opt/airflow/dags/utils/const.py took 0.023 seconds
[2023-10-26T09:51:45.441+0000] {processor.py:157} INFO - Started process (PID=1380) to work on /opt/airflow/dags/utils/const.py
[2023-10-26T09:51:45.444+0000] {processor.py:829} INFO - Processing file /opt/airflow/dags/utils/const.py for tasks to queue
[2023-10-26T09:51:45.448+0000] {logging_mixin.py:151} INFO - [2023-10-26T09:51:45.447+0000] {dagbag.py:536} INFO - Filling up the DagBag from /opt/airflow/dags/utils/const.py
[2023-10-26T09:51:45.450+0000] {processor.py:841} WARNING - No viable dags retrieved from /opt/airflow/dags/utils/const.py
[2023-10-26T09:51:45.462+0000] {processor.py:179} INFO - Processing /opt/airflow/dags/utils/const.py took 0.025 seconds
[2023-10-26T09:52:16.192+0000] {processor.py:157} INFO - Started process (PID=1436) to work on /opt/airflow/dags/utils/const.py
[2023-10-26T09:52:16.196+0000] {processor.py:829} INFO - Processing file /opt/airflow/dags/utils/const.py for tasks to queue
[2023-10-26T09:52:16.199+0000] {logging_mixin.py:151} INFO - [2023-10-26T09:52:16.199+0000] {dagbag.py:536} INFO - Filling up the DagBag from /opt/airflow/dags/utils/const.py
[2023-10-26T09:52:16.201+0000] {processor.py:841} WARNING - No viable dags retrieved from /opt/airflow/dags/utils/const.py
[2023-10-26T09:52:16.210+0000] {processor.py:179} INFO - Processing /opt/airflow/dags/utils/const.py took 0.019 seconds
[2023-10-26T09:52:46.976+0000] {processor.py:157} INFO - Started process (PID=1492) to work on /opt/airflow/dags/utils/const.py
[2023-10-26T09:52:46.979+0000] {processor.py:829} INFO - Processing file /opt/airflow/dags/utils/const.py for tasks to queue
[2023-10-26T09:52:46.981+0000] {logging_mixin.py:151} INFO - [2023-10-26T09:52:46.980+0000] {dagbag.py:536} INFO - Filling up the DagBag from /opt/airflow/dags/utils/const.py
[2023-10-26T09:52:46.983+0000] {processor.py:841} WARNING - No viable dags retrieved from /opt/airflow/dags/utils/const.py
[2023-10-26T09:52:46.995+0000] {processor.py:179} INFO - Processing /opt/airflow/dags/utils/const.py took 0.021 seconds
[2023-10-26T09:53:17.694+0000] {processor.py:157} INFO - Started process (PID=1548) to work on /opt/airflow/dags/utils/const.py
[2023-10-26T09:53:17.697+0000] {processor.py:829} INFO - Processing file /opt/airflow/dags/utils/const.py for tasks to queue
[2023-10-26T09:53:17.701+0000] {logging_mixin.py:151} INFO - [2023-10-26T09:53:17.700+0000] {dagbag.py:536} INFO - Filling up the DagBag from /opt/airflow/dags/utils/const.py
[2023-10-26T09:53:17.703+0000] {processor.py:841} WARNING - No viable dags retrieved from /opt/airflow/dags/utils/const.py
[2023-10-26T09:53:17.711+0000] {processor.py:179} INFO - Processing /opt/airflow/dags/utils/const.py took 0.019 seconds
[2023-10-26T09:53:48.409+0000] {processor.py:157} INFO - Started process (PID=1605) to work on /opt/airflow/dags/utils/const.py
[2023-10-26T09:53:48.412+0000] {processor.py:829} INFO - Processing file /opt/airflow/dags/utils/const.py for tasks to queue
[2023-10-26T09:53:48.415+0000] {logging_mixin.py:151} INFO - [2023-10-26T09:53:48.415+0000] {dagbag.py:536} INFO - Filling up the DagBag from /opt/airflow/dags/utils/const.py
[2023-10-26T09:53:48.417+0000] {processor.py:841} WARNING - No viable dags retrieved from /opt/airflow/dags/utils/const.py
[2023-10-26T09:53:48.428+0000] {processor.py:179} INFO - Processing /opt/airflow/dags/utils/const.py took 0.022 seconds
[2023-10-26T09:54:18.741+0000] {processor.py:157} INFO - Started process (PID=1662) to work on /opt/airflow/dags/utils/const.py
[2023-10-26T09:54:18.742+0000] {processor.py:829} INFO - Processing file /opt/airflow/dags/utils/const.py for tasks to queue
[2023-10-26T09:54:18.745+0000] {logging_mixin.py:151} INFO - [2023-10-26T09:54:18.744+0000] {dagbag.py:536} INFO - Filling up the DagBag from /opt/airflow/dags/utils/const.py
[2023-10-26T09:54:18.746+0000] {processor.py:841} WARNING - No viable dags retrieved from /opt/airflow/dags/utils/const.py
[2023-10-26T09:54:18.754+0000] {processor.py:179} INFO - Processing /opt/airflow/dags/utils/const.py took 0.016 seconds
[2023-10-26T09:54:48.919+0000] {processor.py:157} INFO - Started process (PID=1718) to work on /opt/airflow/dags/utils/const.py
[2023-10-26T09:54:48.919+0000] {processor.py:829} INFO - Processing file /opt/airflow/dags/utils/const.py for tasks to queue
[2023-10-26T09:54:48.920+0000] {logging_mixin.py:151} INFO - [2023-10-26T09:54:48.920+0000] {dagbag.py:536} INFO - Filling up the DagBag from /opt/airflow/dags/utils/const.py
[2023-10-26T09:54:48.921+0000] {processor.py:841} WARNING - No viable dags retrieved from /opt/airflow/dags/utils/const.py
[2023-10-26T09:54:48.930+0000] {processor.py:179} INFO - Processing /opt/airflow/dags/utils/const.py took 0.014 seconds
[2023-10-26T09:55:19.073+0000] {processor.py:157} INFO - Started process (PID=1774) to work on /opt/airflow/dags/utils/const.py
[2023-10-26T09:55:19.076+0000] {processor.py:829} INFO - Processing file /opt/airflow/dags/utils/const.py for tasks to queue
[2023-10-26T09:55:19.079+0000] {logging_mixin.py:151} INFO - [2023-10-26T09:55:19.078+0000] {dagbag.py:536} INFO - Filling up the DagBag from /opt/airflow/dags/utils/const.py
[2023-10-26T09:55:19.082+0000] {processor.py:841} WARNING - No viable dags retrieved from /opt/airflow/dags/utils/const.py
[2023-10-26T09:55:19.094+0000] {processor.py:179} INFO - Processing /opt/airflow/dags/utils/const.py took 0.023 seconds
[2023-10-26T09:55:49.981+0000] {processor.py:157} INFO - Started process (PID=1830) to work on /opt/airflow/dags/utils/const.py
[2023-10-26T09:55:49.983+0000] {processor.py:829} INFO - Processing file /opt/airflow/dags/utils/const.py for tasks to queue
[2023-10-26T09:55:49.985+0000] {logging_mixin.py:151} INFO - [2023-10-26T09:55:49.984+0000] {dagbag.py:536} INFO - Filling up the DagBag from /opt/airflow/dags/utils/const.py
[2023-10-26T09:55:49.988+0000] {processor.py:841} WARNING - No viable dags retrieved from /opt/airflow/dags/utils/const.py
[2023-10-26T09:55:50.000+0000] {processor.py:179} INFO - Processing /opt/airflow/dags/utils/const.py took 0.021 seconds
[2023-10-26T09:56:20.716+0000] {processor.py:157} INFO - Started process (PID=1886) to work on /opt/airflow/dags/utils/const.py
[2023-10-26T09:56:20.719+0000] {processor.py:829} INFO - Processing file /opt/airflow/dags/utils/const.py for tasks to queue
[2023-10-26T09:56:20.722+0000] {logging_mixin.py:151} INFO - [2023-10-26T09:56:20.721+0000] {dagbag.py:536} INFO - Filling up the DagBag from /opt/airflow/dags/utils/const.py
[2023-10-26T09:56:20.724+0000] {processor.py:841} WARNING - No viable dags retrieved from /opt/airflow/dags/utils/const.py
[2023-10-26T09:56:20.737+0000] {processor.py:179} INFO - Processing /opt/airflow/dags/utils/const.py took 0.024 seconds
[2023-10-26T09:56:51.312+0000] {processor.py:157} INFO - Started process (PID=1942) to work on /opt/airflow/dags/utils/const.py
[2023-10-26T09:56:51.313+0000] {processor.py:829} INFO - Processing file /opt/airflow/dags/utils/const.py for tasks to queue
[2023-10-26T09:56:51.315+0000] {logging_mixin.py:151} INFO - [2023-10-26T09:56:51.314+0000] {dagbag.py:536} INFO - Filling up the DagBag from /opt/airflow/dags/utils/const.py
[2023-10-26T09:56:51.316+0000] {processor.py:841} WARNING - No viable dags retrieved from /opt/airflow/dags/utils/const.py
[2023-10-26T09:56:51.323+0000] {processor.py:179} INFO - Processing /opt/airflow/dags/utils/const.py took 0.013 seconds
[2023-10-26T09:57:21.550+0000] {processor.py:157} INFO - Started process (PID=1997) to work on /opt/airflow/dags/utils/const.py
[2023-10-26T09:57:21.553+0000] {processor.py:829} INFO - Processing file /opt/airflow/dags/utils/const.py for tasks to queue
[2023-10-26T09:57:21.555+0000] {logging_mixin.py:151} INFO - [2023-10-26T09:57:21.555+0000] {dagbag.py:536} INFO - Filling up the DagBag from /opt/airflow/dags/utils/const.py
[2023-10-26T09:57:21.558+0000] {processor.py:841} WARNING - No viable dags retrieved from /opt/airflow/dags/utils/const.py
[2023-10-26T09:57:21.571+0000] {processor.py:179} INFO - Processing /opt/airflow/dags/utils/const.py took 0.023 seconds
[2023-10-26T09:57:51.653+0000] {processor.py:157} INFO - Started process (PID=2053) to work on /opt/airflow/dags/utils/const.py
[2023-10-26T09:57:51.655+0000] {processor.py:829} INFO - Processing file /opt/airflow/dags/utils/const.py for tasks to queue
[2023-10-26T09:57:51.658+0000] {logging_mixin.py:151} INFO - [2023-10-26T09:57:51.657+0000] {dagbag.py:536} INFO - Filling up the DagBag from /opt/airflow/dags/utils/const.py
[2023-10-26T09:57:51.660+0000] {processor.py:841} WARNING - No viable dags retrieved from /opt/airflow/dags/utils/const.py
[2023-10-26T09:57:51.672+0000] {processor.py:179} INFO - Processing /opt/airflow/dags/utils/const.py took 0.021 seconds
[2023-10-26T09:58:21.784+0000] {processor.py:157} INFO - Started process (PID=2109) to work on /opt/airflow/dags/utils/const.py
[2023-10-26T09:58:21.784+0000] {processor.py:829} INFO - Processing file /opt/airflow/dags/utils/const.py for tasks to queue
[2023-10-26T09:58:21.785+0000] {logging_mixin.py:151} INFO - [2023-10-26T09:58:21.785+0000] {dagbag.py:536} INFO - Filling up the DagBag from /opt/airflow/dags/utils/const.py
[2023-10-26T09:58:21.786+0000] {processor.py:841} WARNING - No viable dags retrieved from /opt/airflow/dags/utils/const.py
[2023-10-26T09:58:21.795+0000] {processor.py:179} INFO - Processing /opt/airflow/dags/utils/const.py took 0.013 seconds
[2023-10-26T09:58:52.390+0000] {processor.py:157} INFO - Started process (PID=2165) to work on /opt/airflow/dags/utils/const.py
[2023-10-26T09:58:52.393+0000] {processor.py:829} INFO - Processing file /opt/airflow/dags/utils/const.py for tasks to queue
[2023-10-26T09:58:52.397+0000] {logging_mixin.py:151} INFO - [2023-10-26T09:58:52.397+0000] {dagbag.py:536} INFO - Filling up the DagBag from /opt/airflow/dags/utils/const.py
[2023-10-26T09:58:52.399+0000] {processor.py:841} WARNING - No viable dags retrieved from /opt/airflow/dags/utils/const.py
[2023-10-26T09:58:52.407+0000] {processor.py:179} INFO - Processing /opt/airflow/dags/utils/const.py took 0.019 seconds
[2023-10-26T09:59:23.273+0000] {processor.py:157} INFO - Started process (PID=2221) to work on /opt/airflow/dags/utils/const.py
[2023-10-26T09:59:23.276+0000] {processor.py:829} INFO - Processing file /opt/airflow/dags/utils/const.py for tasks to queue
[2023-10-26T09:59:23.278+0000] {logging_mixin.py:151} INFO - [2023-10-26T09:59:23.278+0000] {dagbag.py:536} INFO - Filling up the DagBag from /opt/airflow/dags/utils/const.py
[2023-10-26T09:59:23.280+0000] {processor.py:841} WARNING - No viable dags retrieved from /opt/airflow/dags/utils/const.py
[2023-10-26T09:59:23.294+0000] {processor.py:179} INFO - Processing /opt/airflow/dags/utils/const.py took 0.025 seconds
[2023-10-26T09:59:54.020+0000] {processor.py:157} INFO - Started process (PID=2284) to work on /opt/airflow/dags/utils/const.py
[2023-10-26T09:59:54.021+0000] {processor.py:829} INFO - Processing file /opt/airflow/dags/utils/const.py for tasks to queue
[2023-10-26T09:59:54.022+0000] {logging_mixin.py:151} INFO - [2023-10-26T09:59:54.022+0000] {dagbag.py:536} INFO - Filling up the DagBag from /opt/airflow/dags/utils/const.py
[2023-10-26T09:59:54.024+0000] {processor.py:841} WARNING - No viable dags retrieved from /opt/airflow/dags/utils/const.py
[2023-10-26T09:59:54.033+0000] {processor.py:179} INFO - Processing /opt/airflow/dags/utils/const.py took 0.015 seconds
[2023-10-26T10:00:24.756+0000] {processor.py:157} INFO - Started process (PID=2340) to work on /opt/airflow/dags/utils/const.py
[2023-10-26T10:00:24.758+0000] {processor.py:829} INFO - Processing file /opt/airflow/dags/utils/const.py for tasks to queue
[2023-10-26T10:00:24.760+0000] {logging_mixin.py:151} INFO - [2023-10-26T10:00:24.759+0000] {dagbag.py:536} INFO - Filling up the DagBag from /opt/airflow/dags/utils/const.py
[2023-10-26T10:00:24.763+0000] {processor.py:841} WARNING - No viable dags retrieved from /opt/airflow/dags/utils/const.py
[2023-10-26T10:00:24.774+0000] {processor.py:179} INFO - Processing /opt/airflow/dags/utils/const.py took 0.020 seconds
[2023-10-26T10:00:55.507+0000] {processor.py:157} INFO - Started process (PID=2396) to work on /opt/airflow/dags/utils/const.py
[2023-10-26T10:00:55.510+0000] {processor.py:829} INFO - Processing file /opt/airflow/dags/utils/const.py for tasks to queue
[2023-10-26T10:00:55.513+0000] {logging_mixin.py:151} INFO - [2023-10-26T10:00:55.512+0000] {dagbag.py:536} INFO - Filling up the DagBag from /opt/airflow/dags/utils/const.py
[2023-10-26T10:00:55.515+0000] {processor.py:841} WARNING - No viable dags retrieved from /opt/airflow/dags/utils/const.py
[2023-10-26T10:00:55.528+0000] {processor.py:179} INFO - Processing /opt/airflow/dags/utils/const.py took 0.025 seconds
[2023-10-26T10:01:26.291+0000] {processor.py:157} INFO - Started process (PID=2452) to work on /opt/airflow/dags/utils/const.py
[2023-10-26T10:01:26.294+0000] {processor.py:829} INFO - Processing file /opt/airflow/dags/utils/const.py for tasks to queue
[2023-10-26T10:01:26.295+0000] {logging_mixin.py:151} INFO - [2023-10-26T10:01:26.295+0000] {dagbag.py:536} INFO - Filling up the DagBag from /opt/airflow/dags/utils/const.py
[2023-10-26T10:01:26.297+0000] {processor.py:841} WARNING - No viable dags retrieved from /opt/airflow/dags/utils/const.py
[2023-10-26T10:01:26.307+0000] {processor.py:179} INFO - Processing /opt/airflow/dags/utils/const.py took 0.018 seconds
[2023-10-26T10:01:57.078+0000] {processor.py:157} INFO - Started process (PID=2508) to work on /opt/airflow/dags/utils/const.py
[2023-10-26T10:01:57.080+0000] {processor.py:829} INFO - Processing file /opt/airflow/dags/utils/const.py for tasks to queue
[2023-10-26T10:01:57.082+0000] {logging_mixin.py:151} INFO - [2023-10-26T10:01:57.082+0000] {dagbag.py:536} INFO - Filling up the DagBag from /opt/airflow/dags/utils/const.py
[2023-10-26T10:01:57.083+0000] {processor.py:841} WARNING - No viable dags retrieved from /opt/airflow/dags/utils/const.py
[2023-10-26T10:01:57.091+0000] {processor.py:179} INFO - Processing /opt/airflow/dags/utils/const.py took 0.016 seconds
[2023-10-26T10:02:27.837+0000] {processor.py:157} INFO - Started process (PID=2564) to work on /opt/airflow/dags/utils/const.py
[2023-10-26T10:02:27.840+0000] {processor.py:829} INFO - Processing file /opt/airflow/dags/utils/const.py for tasks to queue
[2023-10-26T10:02:27.842+0000] {logging_mixin.py:151} INFO - [2023-10-26T10:02:27.842+0000] {dagbag.py:536} INFO - Filling up the DagBag from /opt/airflow/dags/utils/const.py
[2023-10-26T10:02:27.845+0000] {processor.py:841} WARNING - No viable dags retrieved from /opt/airflow/dags/utils/const.py
[2023-10-26T10:02:27.855+0000] {processor.py:179} INFO - Processing /opt/airflow/dags/utils/const.py took 0.020 seconds
[2023-10-26T10:02:58.619+0000] {processor.py:157} INFO - Started process (PID=2620) to work on /opt/airflow/dags/utils/const.py
[2023-10-26T10:02:58.619+0000] {processor.py:829} INFO - Processing file /opt/airflow/dags/utils/const.py for tasks to queue
[2023-10-26T10:02:58.620+0000] {logging_mixin.py:151} INFO - [2023-10-26T10:02:58.620+0000] {dagbag.py:536} INFO - Filling up the DagBag from /opt/airflow/dags/utils/const.py
[2023-10-26T10:02:58.621+0000] {processor.py:841} WARNING - No viable dags retrieved from /opt/airflow/dags/utils/const.py
[2023-10-26T10:02:58.630+0000] {processor.py:179} INFO - Processing /opt/airflow/dags/utils/const.py took 0.016 seconds
[2023-10-26T10:03:29.412+0000] {processor.py:157} INFO - Started process (PID=2677) to work on /opt/airflow/dags/utils/const.py
[2023-10-26T10:03:29.415+0000] {processor.py:829} INFO - Processing file /opt/airflow/dags/utils/const.py for tasks to queue
[2023-10-26T10:03:29.418+0000] {logging_mixin.py:151} INFO - [2023-10-26T10:03:29.418+0000] {dagbag.py:536} INFO - Filling up the DagBag from /opt/airflow/dags/utils/const.py
[2023-10-26T10:03:29.421+0000] {processor.py:841} WARNING - No viable dags retrieved from /opt/airflow/dags/utils/const.py
[2023-10-26T10:03:29.429+0000] {processor.py:179} INFO - Processing /opt/airflow/dags/utils/const.py took 0.018 seconds
[2023-10-26T10:04:00.243+0000] {processor.py:157} INFO - Started process (PID=2733) to work on /opt/airflow/dags/utils/const.py
[2023-10-26T10:04:00.246+0000] {processor.py:829} INFO - Processing file /opt/airflow/dags/utils/const.py for tasks to queue
[2023-10-26T10:04:00.249+0000] {logging_mixin.py:151} INFO - [2023-10-26T10:04:00.248+0000] {dagbag.py:536} INFO - Filling up the DagBag from /opt/airflow/dags/utils/const.py
[2023-10-26T10:04:00.251+0000] {processor.py:841} WARNING - No viable dags retrieved from /opt/airflow/dags/utils/const.py
[2023-10-26T10:04:00.260+0000] {processor.py:179} INFO - Processing /opt/airflow/dags/utils/const.py took 0.023 seconds
[2023-10-26T10:04:31.110+0000] {processor.py:157} INFO - Started process (PID=2789) to work on /opt/airflow/dags/utils/const.py
[2023-10-26T10:04:31.112+0000] {processor.py:829} INFO - Processing file /opt/airflow/dags/utils/const.py for tasks to queue
[2023-10-26T10:04:31.114+0000] {logging_mixin.py:151} INFO - [2023-10-26T10:04:31.114+0000] {dagbag.py:536} INFO - Filling up the DagBag from /opt/airflow/dags/utils/const.py
[2023-10-26T10:04:31.116+0000] {processor.py:841} WARNING - No viable dags retrieved from /opt/airflow/dags/utils/const.py
[2023-10-26T10:04:31.128+0000] {processor.py:179} INFO - Processing /opt/airflow/dags/utils/const.py took 0.022 seconds
[2023-10-26T10:05:01.920+0000] {processor.py:157} INFO - Started process (PID=2845) to work on /opt/airflow/dags/utils/const.py
[2023-10-26T10:05:01.923+0000] {processor.py:829} INFO - Processing file /opt/airflow/dags/utils/const.py for tasks to queue
[2023-10-26T10:05:01.926+0000] {logging_mixin.py:151} INFO - [2023-10-26T10:05:01.925+0000] {dagbag.py:536} INFO - Filling up the DagBag from /opt/airflow/dags/utils/const.py
[2023-10-26T10:05:01.928+0000] {processor.py:841} WARNING - No viable dags retrieved from /opt/airflow/dags/utils/const.py
[2023-10-26T10:05:01.937+0000] {processor.py:179} INFO - Processing /opt/airflow/dags/utils/const.py took 0.019 seconds
[2023-10-26T10:05:32.663+0000] {processor.py:157} INFO - Started process (PID=2901) to work on /opt/airflow/dags/utils/const.py
[2023-10-26T10:05:32.666+0000] {processor.py:829} INFO - Processing file /opt/airflow/dags/utils/const.py for tasks to queue
[2023-10-26T10:05:32.668+0000] {logging_mixin.py:151} INFO - [2023-10-26T10:05:32.668+0000] {dagbag.py:536} INFO - Filling up the DagBag from /opt/airflow/dags/utils/const.py
[2023-10-26T10:05:32.671+0000] {processor.py:841} WARNING - No viable dags retrieved from /opt/airflow/dags/utils/const.py
[2023-10-26T10:05:32.683+0000] {processor.py:179} INFO - Processing /opt/airflow/dags/utils/const.py took 0.022 seconds
[2023-10-26T10:06:03.467+0000] {processor.py:157} INFO - Started process (PID=2957) to work on /opt/airflow/dags/utils/const.py
[2023-10-26T10:06:03.470+0000] {processor.py:829} INFO - Processing file /opt/airflow/dags/utils/const.py for tasks to queue
[2023-10-26T10:06:03.471+0000] {logging_mixin.py:151} INFO - [2023-10-26T10:06:03.471+0000] {dagbag.py:536} INFO - Filling up the DagBag from /opt/airflow/dags/utils/const.py
[2023-10-26T10:06:03.473+0000] {processor.py:841} WARNING - No viable dags retrieved from /opt/airflow/dags/utils/const.py
[2023-10-26T10:06:03.485+0000] {processor.py:179} INFO - Processing /opt/airflow/dags/utils/const.py took 0.020 seconds
[2023-10-26T10:06:34.309+0000] {processor.py:157} INFO - Started process (PID=3014) to work on /opt/airflow/dags/utils/const.py
[2023-10-26T10:06:34.310+0000] {processor.py:829} INFO - Processing file /opt/airflow/dags/utils/const.py for tasks to queue
[2023-10-26T10:06:34.313+0000] {logging_mixin.py:151} INFO - [2023-10-26T10:06:34.312+0000] {dagbag.py:536} INFO - Filling up the DagBag from /opt/airflow/dags/utils/const.py
[2023-10-26T10:06:34.315+0000] {processor.py:841} WARNING - No viable dags retrieved from /opt/airflow/dags/utils/const.py
[2023-10-26T10:06:34.326+0000] {processor.py:179} INFO - Processing /opt/airflow/dags/utils/const.py took 0.020 seconds
[2023-10-26T10:07:05.072+0000] {processor.py:157} INFO - Started process (PID=3070) to work on /opt/airflow/dags/utils/const.py
[2023-10-26T10:07:05.075+0000] {processor.py:829} INFO - Processing file /opt/airflow/dags/utils/const.py for tasks to queue
[2023-10-26T10:07:05.076+0000] {logging_mixin.py:151} INFO - [2023-10-26T10:07:05.076+0000] {dagbag.py:536} INFO - Filling up the DagBag from /opt/airflow/dags/utils/const.py
[2023-10-26T10:07:05.079+0000] {processor.py:841} WARNING - No viable dags retrieved from /opt/airflow/dags/utils/const.py
[2023-10-26T10:07:05.091+0000] {processor.py:179} INFO - Processing /opt/airflow/dags/utils/const.py took 0.023 seconds
[2023-10-26T10:07:35.879+0000] {processor.py:157} INFO - Started process (PID=3126) to work on /opt/airflow/dags/utils/const.py
[2023-10-26T10:07:35.881+0000] {processor.py:829} INFO - Processing file /opt/airflow/dags/utils/const.py for tasks to queue
[2023-10-26T10:07:35.882+0000] {logging_mixin.py:151} INFO - [2023-10-26T10:07:35.882+0000] {dagbag.py:536} INFO - Filling up the DagBag from /opt/airflow/dags/utils/const.py
[2023-10-26T10:07:35.884+0000] {processor.py:841} WARNING - No viable dags retrieved from /opt/airflow/dags/utils/const.py
[2023-10-26T10:07:35.891+0000] {processor.py:179} INFO - Processing /opt/airflow/dags/utils/const.py took 0.014 seconds
[2023-10-26T14:28:33.512+0000] {processor.py:157} INFO - Started process (PID=3142) to work on /opt/airflow/dags/utils/const.py
[2023-10-26T14:28:33.513+0000] {processor.py:829} INFO - Processing file /opt/airflow/dags/utils/const.py for tasks to queue
[2023-10-26T14:28:33.514+0000] {logging_mixin.py:151} INFO - [2023-10-26T14:28:33.514+0000] {dagbag.py:536} INFO - Filling up the DagBag from /opt/airflow/dags/utils/const.py
[2023-10-26T14:28:33.516+0000] {processor.py:841} WARNING - No viable dags retrieved from /opt/airflow/dags/utils/const.py
[2023-10-26T14:28:33.525+0000] {processor.py:179} INFO - Processing /opt/airflow/dags/utils/const.py took 0.016 seconds
[2023-10-26T14:29:04.117+0000] {processor.py:157} INFO - Started process (PID=3199) to work on /opt/airflow/dags/utils/const.py
[2023-10-26T14:29:04.117+0000] {processor.py:829} INFO - Processing file /opt/airflow/dags/utils/const.py for tasks to queue
[2023-10-26T14:29:04.118+0000] {logging_mixin.py:151} INFO - [2023-10-26T14:29:04.118+0000] {dagbag.py:536} INFO - Filling up the DagBag from /opt/airflow/dags/utils/const.py
[2023-10-26T14:29:04.119+0000] {processor.py:841} WARNING - No viable dags retrieved from /opt/airflow/dags/utils/const.py
[2023-10-26T14:29:04.128+0000] {processor.py:179} INFO - Processing /opt/airflow/dags/utils/const.py took 0.013 seconds
[2023-10-26T14:29:34.210+0000] {processor.py:157} INFO - Started process (PID=3255) to work on /opt/airflow/dags/utils/const.py
[2023-10-26T14:29:34.210+0000] {processor.py:829} INFO - Processing file /opt/airflow/dags/utils/const.py for tasks to queue
[2023-10-26T14:29:34.211+0000] {logging_mixin.py:151} INFO - [2023-10-26T14:29:34.211+0000] {dagbag.py:536} INFO - Filling up the DagBag from /opt/airflow/dags/utils/const.py
[2023-10-26T14:29:34.212+0000] {processor.py:841} WARNING - No viable dags retrieved from /opt/airflow/dags/utils/const.py
[2023-10-26T14:29:34.221+0000] {processor.py:179} INFO - Processing /opt/airflow/dags/utils/const.py took 0.013 seconds
[2023-10-26T14:30:05.036+0000] {processor.py:157} INFO - Started process (PID=3311) to work on /opt/airflow/dags/utils/const.py
[2023-10-26T14:30:05.037+0000] {processor.py:829} INFO - Processing file /opt/airflow/dags/utils/const.py for tasks to queue
[2023-10-26T14:30:05.038+0000] {logging_mixin.py:151} INFO - [2023-10-26T14:30:05.038+0000] {dagbag.py:536} INFO - Filling up the DagBag from /opt/airflow/dags/utils/const.py
[2023-10-26T14:30:05.039+0000] {processor.py:841} WARNING - No viable dags retrieved from /opt/airflow/dags/utils/const.py
[2023-10-26T14:30:05.047+0000] {processor.py:179} INFO - Processing /opt/airflow/dags/utils/const.py took 0.013 seconds
[2023-10-26T14:30:35.845+0000] {processor.py:157} INFO - Started process (PID=3367) to work on /opt/airflow/dags/utils/const.py
[2023-10-26T14:30:35.845+0000] {processor.py:829} INFO - Processing file /opt/airflow/dags/utils/const.py for tasks to queue
[2023-10-26T14:30:35.847+0000] {logging_mixin.py:151} INFO - [2023-10-26T14:30:35.846+0000] {dagbag.py:536} INFO - Filling up the DagBag from /opt/airflow/dags/utils/const.py
[2023-10-26T14:30:35.848+0000] {processor.py:841} WARNING - No viable dags retrieved from /opt/airflow/dags/utils/const.py
[2023-10-26T14:30:35.856+0000] {processor.py:179} INFO - Processing /opt/airflow/dags/utils/const.py took 0.014 seconds
[2023-10-26T14:31:06.650+0000] {processor.py:157} INFO - Started process (PID=3424) to work on /opt/airflow/dags/utils/const.py
[2023-10-26T14:31:06.651+0000] {processor.py:829} INFO - Processing file /opt/airflow/dags/utils/const.py for tasks to queue
[2023-10-26T14:31:06.652+0000] {logging_mixin.py:151} INFO - [2023-10-26T14:31:06.652+0000] {dagbag.py:536} INFO - Filling up the DagBag from /opt/airflow/dags/utils/const.py
[2023-10-26T14:31:06.653+0000] {processor.py:841} WARNING - No viable dags retrieved from /opt/airflow/dags/utils/const.py
[2023-10-26T14:31:06.662+0000] {processor.py:179} INFO - Processing /opt/airflow/dags/utils/const.py took 0.014 seconds
[2023-10-26T14:31:37.450+0000] {processor.py:157} INFO - Started process (PID=3480) to work on /opt/airflow/dags/utils/const.py
[2023-10-26T14:31:37.451+0000] {processor.py:829} INFO - Processing file /opt/airflow/dags/utils/const.py for tasks to queue
[2023-10-26T14:31:37.452+0000] {logging_mixin.py:151} INFO - [2023-10-26T14:31:37.451+0000] {dagbag.py:536} INFO - Filling up the DagBag from /opt/airflow/dags/utils/const.py
[2023-10-26T14:31:37.453+0000] {processor.py:841} WARNING - No viable dags retrieved from /opt/airflow/dags/utils/const.py
[2023-10-26T14:31:37.461+0000] {processor.py:179} INFO - Processing /opt/airflow/dags/utils/const.py took 0.013 seconds
[2023-10-26T14:32:08.218+0000] {processor.py:157} INFO - Started process (PID=3536) to work on /opt/airflow/dags/utils/const.py
[2023-10-26T14:32:08.218+0000] {processor.py:829} INFO - Processing file /opt/airflow/dags/utils/const.py for tasks to queue
[2023-10-26T14:32:08.219+0000] {logging_mixin.py:151} INFO - [2023-10-26T14:32:08.219+0000] {dagbag.py:536} INFO - Filling up the DagBag from /opt/airflow/dags/utils/const.py
[2023-10-26T14:32:08.220+0000] {processor.py:841} WARNING - No viable dags retrieved from /opt/airflow/dags/utils/const.py
[2023-10-26T14:32:08.229+0000] {processor.py:179} INFO - Processing /opt/airflow/dags/utils/const.py took 0.013 seconds
[2023-10-26T14:32:38.957+0000] {processor.py:157} INFO - Started process (PID=3591) to work on /opt/airflow/dags/utils/const.py
[2023-10-26T14:32:38.958+0000] {processor.py:829} INFO - Processing file /opt/airflow/dags/utils/const.py for tasks to queue
[2023-10-26T14:32:38.959+0000] {logging_mixin.py:151} INFO - [2023-10-26T14:32:38.959+0000] {dagbag.py:536} INFO - Filling up the DagBag from /opt/airflow/dags/utils/const.py
[2023-10-26T14:32:38.960+0000] {processor.py:841} WARNING - No viable dags retrieved from /opt/airflow/dags/utils/const.py
[2023-10-26T14:32:38.970+0000] {processor.py:179} INFO - Processing /opt/airflow/dags/utils/const.py took 0.016 seconds
