[2023-12-19T19:59:33.743+0000] {taskinstance.py:1159} INFO - Dependencies all met for dep_context=non-requeueable deps ti=<TaskInstance: update_dwh.sat_employee_social_performance_update manual__2023-12-19T19:59:20.918361+00:00 [queued]>
[2023-12-19T19:59:33.767+0000] {taskinstance.py:1159} INFO - Dependencies all met for dep_context=requeueable deps ti=<TaskInstance: update_dwh.sat_employee_social_performance_update manual__2023-12-19T19:59:20.918361+00:00 [queued]>
[2023-12-19T19:59:33.767+0000] {taskinstance.py:1361} INFO - Starting attempt 1 of 1
[2023-12-19T19:59:33.861+0000] {taskinstance.py:1382} INFO - Executing <Task(PostgresOperator): sat_employee_social_performance_update> on 2023-12-19 19:59:20.918361+00:00
[2023-12-19T19:59:33.875+0000] {standard_task_runner.py:57} INFO - Started process 1543 to run task
[2023-12-19T19:59:33.881+0000] {standard_task_runner.py:84} INFO - Running: ['***', 'tasks', 'run', 'update_dwh', 'sat_employee_social_performance_update', 'manual__2023-12-19T19:59:20.918361+00:00', '--job-id', '432', '--raw', '--subdir', 'DAGS_FOLDER/update_dwh_dag.py', '--cfg-path', '/tmp/tmpkn2a2c0u']
[2023-12-19T19:59:33.883+0000] {standard_task_runner.py:85} INFO - Job 432: Subtask sat_employee_social_performance_update
[2023-12-19T19:59:33.931+0000] {task_command.py:416} INFO - Running <TaskInstance: update_dwh.sat_employee_social_performance_update manual__2023-12-19T19:59:20.918361+00:00 [running]> on host 5e0c64ad45d7
[2023-12-19T19:59:33.999+0000] {taskinstance.py:1662} INFO - Exporting env vars: AIRFLOW_CTX_DAG_OWNER='***' AIRFLOW_CTX_DAG_ID='update_dwh' AIRFLOW_CTX_TASK_ID='sat_employee_social_performance_update' AIRFLOW_CTX_EXECUTION_DATE='2023-12-19T19:59:20.918361+00:00' AIRFLOW_CTX_TRY_NUMBER='1' AIRFLOW_CTX_DAG_RUN_ID='manual__2023-12-19T19:59:20.918361+00:00'
[2023-12-19T19:59:34.000+0000] {sql.py:274} INFO - Executing: 
INSERT INTO rdv.sat_employee_social_performance
SELECT DISTINCT
	md5(so.employeenumber::text),
	'csv',
	now() ,
	so.environmentsatisfaction,
	so.jobsatisfaction,
	so.relationshipsatisfaction,
	so.worklifebalance
FROM
    staging.stg_table so
LEFT OUTER JOIN rdv.sat_employee_social_performance sat ON (sat.employee_hash_key = md5(so.employeenumber::text) AND sat.created_at IS NULL)
where 
	coalesce(so.environmentsatisfaction, 0) != coalesce(sat.environment_satisfaction, 0) or
	coalesce(so.jobsatisfaction, 0) != coalesce(sat.job_satisfaction, 0) or
	coalesce(so.relationshipsatisfaction, 0) != coalesce(sat.relationship_satisfaction, 0) or
	coalesce(so.worklifebalance, 0) != coalesce(sat.work_life_balance, 0)
[2023-12-19T19:59:34.006+0000] {base.py:73} INFO - Using connection ID 'stg_conn' for task execution.
[2023-12-19T19:59:34.007+0000] {warnings.py:109} WARNING - /home/***/.local/lib/python3.8/site-packages/***/models/connection.py:374: AirflowProviderDeprecationWarning: The "schema" arg has been renamed to "database" as it contained the database name.Please use "database" to set the database name.
  return hook_class(**{hook.connection_id_attribute_name: self.conn_id}, **hook_params)

[2023-12-19T19:59:34.013+0000] {base.py:73} INFO - Using connection ID 'stg_conn' for task execution.
[2023-12-19T19:59:34.081+0000] {sql.py:418} INFO - Running statement: 
INSERT INTO rdv.sat_employee_social_performance
SELECT DISTINCT
	md5(so.employeenumber::text),
	'csv',
	now() ,
	so.environmentsatisfaction,
	so.jobsatisfaction,
	so.relationshipsatisfaction,
	so.worklifebalance
FROM
    staging.stg_table so
LEFT OUTER JOIN rdv.sat_employee_social_performance sat ON (sat.employee_hash_key = md5(so.employeenumber::text) AND sat.created_at IS NULL)
where 
	coalesce(so.environmentsatisfaction, 0) != coalesce(sat.environment_satisfaction, 0) or
	coalesce(so.jobsatisfaction, 0) != coalesce(sat.job_satisfaction, 0) or
	coalesce(so.relationshipsatisfaction, 0) != coalesce(sat.relationship_satisfaction, 0) or
	coalesce(so.worklifebalance, 0) != coalesce(sat.work_life_balance, 0), parameters: None
[2023-12-19T19:59:34.122+0000] {sql.py:427} INFO - Rows affected: 1470
[2023-12-19T19:59:34.248+0000] {taskinstance.py:1400} INFO - Marking task as SUCCESS. dag_id=update_dwh, task_id=sat_employee_social_performance_update, execution_date=20231219T195920, start_date=20231219T195933, end_date=20231219T195934
[2023-12-19T19:59:34.291+0000] {local_task_job_runner.py:228} INFO - Task exited with return code 0
[2023-12-19T19:59:34.323+0000] {taskinstance.py:2778} INFO - 0 downstream tasks scheduled from follow-on schedule check
