[2023-10-27T16:56:49.055+0000] {processor.py:157} INFO - Started process (PID=3641) to work on /home/airflow/.local/lib/python3.8/site-packages/airflow/example_dags/example_latest_only_with_trigger.py
[2023-10-27T16:56:49.055+0000] {processor.py:829} INFO - Processing file /home/airflow/.local/lib/python3.8/site-packages/airflow/example_dags/example_latest_only_with_trigger.py for tasks to queue
[2023-10-27T16:56:49.057+0000] {logging_mixin.py:151} INFO - [2023-10-27T16:56:49.057+0000] {dagbag.py:536} INFO - Filling up the DagBag from /home/airflow/.local/lib/python3.8/site-packages/airflow/example_dags/example_latest_only_with_trigger.py
[2023-10-27T16:56:49.060+0000] {processor.py:839} INFO - DAG(s) dict_keys(['latest_only_with_trigger']) retrieved from /home/airflow/.local/lib/python3.8/site-packages/airflow/example_dags/example_latest_only_with_trigger.py
[2023-10-27T16:56:49.072+0000] {logging_mixin.py:151} INFO - [2023-10-27T16:56:49.071+0000] {dag.py:2941} INFO - Sync 1 DAGs
[2023-10-27T16:56:49.084+0000] {logging_mixin.py:151} INFO - [2023-10-27T16:56:49.084+0000] {dag.py:3722} INFO - Setting next_dagrun for latest_only_with_trigger to 2023-10-27T12:56:49.084465+00:00, run_after=2023-10-27T16:56:49.084465+00:00
[2023-10-27T16:56:49.095+0000] {processor.py:179} INFO - Processing /home/airflow/.local/lib/python3.8/site-packages/airflow/example_dags/example_latest_only_with_trigger.py took 0.042 seconds
[2023-10-27T16:57:19.375+0000] {processor.py:157} INFO - Started process (PID=3697) to work on /home/airflow/.local/lib/python3.8/site-packages/airflow/example_dags/example_latest_only_with_trigger.py
[2023-10-27T16:57:19.376+0000] {processor.py:829} INFO - Processing file /home/airflow/.local/lib/python3.8/site-packages/airflow/example_dags/example_latest_only_with_trigger.py for tasks to queue
[2023-10-27T16:57:19.377+0000] {logging_mixin.py:151} INFO - [2023-10-27T16:57:19.377+0000] {dagbag.py:536} INFO - Filling up the DagBag from /home/airflow/.local/lib/python3.8/site-packages/airflow/example_dags/example_latest_only_with_trigger.py
[2023-10-27T16:57:19.380+0000] {processor.py:839} INFO - DAG(s) dict_keys(['latest_only_with_trigger']) retrieved from /home/airflow/.local/lib/python3.8/site-packages/airflow/example_dags/example_latest_only_with_trigger.py
[2023-10-27T16:57:19.393+0000] {logging_mixin.py:151} INFO - [2023-10-27T16:57:19.392+0000] {dag.py:2941} INFO - Sync 1 DAGs
[2023-10-27T16:57:19.417+0000] {logging_mixin.py:151} INFO - [2023-10-27T16:57:19.417+0000] {dag.py:3722} INFO - Setting next_dagrun for latest_only_with_trigger to 2023-10-27T12:57:19.416882+00:00, run_after=2023-10-27T16:57:19.416882+00:00
[2023-10-27T16:57:19.429+0000] {processor.py:179} INFO - Processing /home/airflow/.local/lib/python3.8/site-packages/airflow/example_dags/example_latest_only_with_trigger.py took 0.056 seconds
[2023-10-27T16:57:50.323+0000] {processor.py:157} INFO - Started process (PID=3753) to work on /home/airflow/.local/lib/python3.8/site-packages/airflow/example_dags/example_latest_only_with_trigger.py
[2023-10-27T16:57:50.324+0000] {processor.py:829} INFO - Processing file /home/airflow/.local/lib/python3.8/site-packages/airflow/example_dags/example_latest_only_with_trigger.py for tasks to queue
[2023-10-27T16:57:50.325+0000] {logging_mixin.py:151} INFO - [2023-10-27T16:57:50.325+0000] {dagbag.py:536} INFO - Filling up the DagBag from /home/airflow/.local/lib/python3.8/site-packages/airflow/example_dags/example_latest_only_with_trigger.py
[2023-10-27T16:57:50.328+0000] {processor.py:839} INFO - DAG(s) dict_keys(['latest_only_with_trigger']) retrieved from /home/airflow/.local/lib/python3.8/site-packages/airflow/example_dags/example_latest_only_with_trigger.py
[2023-10-27T16:57:50.341+0000] {logging_mixin.py:151} INFO - [2023-10-27T16:57:50.341+0000] {dag.py:2941} INFO - Sync 1 DAGs
[2023-10-27T16:57:50.354+0000] {logging_mixin.py:151} INFO - [2023-10-27T16:57:50.354+0000] {dag.py:3722} INFO - Setting next_dagrun for latest_only_with_trigger to 2023-10-27T12:57:50.354633+00:00, run_after=2023-10-27T16:57:50.354633+00:00
[2023-10-27T16:57:50.367+0000] {processor.py:179} INFO - Processing /home/airflow/.local/lib/python3.8/site-packages/airflow/example_dags/example_latest_only_with_trigger.py took 0.045 seconds
[2023-10-27T16:58:21.050+0000] {processor.py:157} INFO - Started process (PID=3810) to work on /home/airflow/.local/lib/python3.8/site-packages/airflow/example_dags/example_latest_only_with_trigger.py
[2023-10-27T16:58:21.051+0000] {processor.py:829} INFO - Processing file /home/airflow/.local/lib/python3.8/site-packages/airflow/example_dags/example_latest_only_with_trigger.py for tasks to queue
[2023-10-27T16:58:21.052+0000] {logging_mixin.py:151} INFO - [2023-10-27T16:58:21.052+0000] {dagbag.py:536} INFO - Filling up the DagBag from /home/airflow/.local/lib/python3.8/site-packages/airflow/example_dags/example_latest_only_with_trigger.py
[2023-10-27T16:58:21.055+0000] {processor.py:839} INFO - DAG(s) dict_keys(['latest_only_with_trigger']) retrieved from /home/airflow/.local/lib/python3.8/site-packages/airflow/example_dags/example_latest_only_with_trigger.py
[2023-10-27T16:58:21.070+0000] {logging_mixin.py:151} INFO - [2023-10-27T16:58:21.070+0000] {dag.py:2941} INFO - Sync 1 DAGs
[2023-10-27T16:58:21.089+0000] {logging_mixin.py:151} INFO - [2023-10-27T16:58:21.089+0000] {dag.py:3722} INFO - Setting next_dagrun for latest_only_with_trigger to 2023-10-27T12:58:21.089101+00:00, run_after=2023-10-27T16:58:21.089101+00:00
[2023-10-27T16:58:21.100+0000] {processor.py:179} INFO - Processing /home/airflow/.local/lib/python3.8/site-packages/airflow/example_dags/example_latest_only_with_trigger.py took 0.052 seconds
[2023-10-27T16:58:52.020+0000] {processor.py:157} INFO - Started process (PID=3867) to work on /home/airflow/.local/lib/python3.8/site-packages/airflow/example_dags/example_latest_only_with_trigger.py
[2023-10-27T16:58:52.021+0000] {processor.py:829} INFO - Processing file /home/airflow/.local/lib/python3.8/site-packages/airflow/example_dags/example_latest_only_with_trigger.py for tasks to queue
[2023-10-27T16:58:52.022+0000] {logging_mixin.py:151} INFO - [2023-10-27T16:58:52.022+0000] {dagbag.py:536} INFO - Filling up the DagBag from /home/airflow/.local/lib/python3.8/site-packages/airflow/example_dags/example_latest_only_with_trigger.py
[2023-10-27T16:58:52.025+0000] {processor.py:839} INFO - DAG(s) dict_keys(['latest_only_with_trigger']) retrieved from /home/airflow/.local/lib/python3.8/site-packages/airflow/example_dags/example_latest_only_with_trigger.py
[2023-10-27T16:58:52.038+0000] {logging_mixin.py:151} INFO - [2023-10-27T16:58:52.038+0000] {dag.py:2941} INFO - Sync 1 DAGs
[2023-10-27T16:58:52.051+0000] {logging_mixin.py:151} INFO - [2023-10-27T16:58:52.051+0000] {dag.py:3722} INFO - Setting next_dagrun for latest_only_with_trigger to 2023-10-27T12:58:52.051591+00:00, run_after=2023-10-27T16:58:52.051591+00:00
[2023-10-27T16:58:52.064+0000] {processor.py:179} INFO - Processing /home/airflow/.local/lib/python3.8/site-packages/airflow/example_dags/example_latest_only_with_trigger.py took 0.046 seconds
[2023-10-27T16:59:22.996+0000] {processor.py:157} INFO - Started process (PID=3923) to work on /home/airflow/.local/lib/python3.8/site-packages/airflow/example_dags/example_latest_only_with_trigger.py
[2023-10-27T16:59:22.997+0000] {processor.py:829} INFO - Processing file /home/airflow/.local/lib/python3.8/site-packages/airflow/example_dags/example_latest_only_with_trigger.py for tasks to queue
[2023-10-27T16:59:22.999+0000] {logging_mixin.py:151} INFO - [2023-10-27T16:59:22.998+0000] {dagbag.py:536} INFO - Filling up the DagBag from /home/airflow/.local/lib/python3.8/site-packages/airflow/example_dags/example_latest_only_with_trigger.py
[2023-10-27T16:59:23.002+0000] {processor.py:839} INFO - DAG(s) dict_keys(['latest_only_with_trigger']) retrieved from /home/airflow/.local/lib/python3.8/site-packages/airflow/example_dags/example_latest_only_with_trigger.py
[2023-10-27T16:59:23.017+0000] {logging_mixin.py:151} INFO - [2023-10-27T16:59:23.017+0000] {dag.py:2941} INFO - Sync 1 DAGs
[2023-10-27T16:59:23.035+0000] {logging_mixin.py:151} INFO - [2023-10-27T16:59:23.035+0000] {dag.py:3722} INFO - Setting next_dagrun for latest_only_with_trigger to 2023-10-27T12:59:23.035171+00:00, run_after=2023-10-27T16:59:23.035171+00:00
[2023-10-27T16:59:23.049+0000] {processor.py:179} INFO - Processing /home/airflow/.local/lib/python3.8/site-packages/airflow/example_dags/example_latest_only_with_trigger.py took 0.055 seconds
[2023-10-27T16:59:53.789+0000] {processor.py:157} INFO - Started process (PID=3986) to work on /home/airflow/.local/lib/python3.8/site-packages/airflow/example_dags/example_latest_only_with_trigger.py
[2023-10-27T16:59:53.790+0000] {processor.py:829} INFO - Processing file /home/airflow/.local/lib/python3.8/site-packages/airflow/example_dags/example_latest_only_with_trigger.py for tasks to queue
[2023-10-27T16:59:53.792+0000] {logging_mixin.py:151} INFO - [2023-10-27T16:59:53.791+0000] {dagbag.py:536} INFO - Filling up the DagBag from /home/airflow/.local/lib/python3.8/site-packages/airflow/example_dags/example_latest_only_with_trigger.py
[2023-10-27T16:59:53.795+0000] {processor.py:839} INFO - DAG(s) dict_keys(['latest_only_with_trigger']) retrieved from /home/airflow/.local/lib/python3.8/site-packages/airflow/example_dags/example_latest_only_with_trigger.py
[2023-10-27T16:59:53.807+0000] {logging_mixin.py:151} INFO - [2023-10-27T16:59:53.807+0000] {dag.py:2941} INFO - Sync 1 DAGs
[2023-10-27T16:59:53.821+0000] {logging_mixin.py:151} INFO - [2023-10-27T16:59:53.821+0000] {dag.py:3722} INFO - Setting next_dagrun for latest_only_with_trigger to 2023-10-27T12:59:53.821089+00:00, run_after=2023-10-27T16:59:53.821089+00:00
[2023-10-27T16:59:53.834+0000] {processor.py:179} INFO - Processing /home/airflow/.local/lib/python3.8/site-packages/airflow/example_dags/example_latest_only_with_trigger.py took 0.046 seconds
[2023-10-27T17:00:24.538+0000] {processor.py:157} INFO - Started process (PID=4042) to work on /home/airflow/.local/lib/python3.8/site-packages/airflow/example_dags/example_latest_only_with_trigger.py
[2023-10-27T17:00:24.538+0000] {processor.py:829} INFO - Processing file /home/airflow/.local/lib/python3.8/site-packages/airflow/example_dags/example_latest_only_with_trigger.py for tasks to queue
[2023-10-27T17:00:24.540+0000] {logging_mixin.py:151} INFO - [2023-10-27T17:00:24.540+0000] {dagbag.py:536} INFO - Filling up the DagBag from /home/airflow/.local/lib/python3.8/site-packages/airflow/example_dags/example_latest_only_with_trigger.py
[2023-10-27T17:00:24.543+0000] {processor.py:839} INFO - DAG(s) dict_keys(['latest_only_with_trigger']) retrieved from /home/airflow/.local/lib/python3.8/site-packages/airflow/example_dags/example_latest_only_with_trigger.py
[2023-10-27T17:00:24.555+0000] {logging_mixin.py:151} INFO - [2023-10-27T17:00:24.555+0000] {dag.py:2941} INFO - Sync 1 DAGs
[2023-10-27T17:00:24.569+0000] {logging_mixin.py:151} INFO - [2023-10-27T17:00:24.569+0000] {dag.py:3722} INFO - Setting next_dagrun for latest_only_with_trigger to 2023-10-27T13:00:24.569346+00:00, run_after=2023-10-27T17:00:24.569346+00:00
[2023-10-27T17:00:24.582+0000] {processor.py:179} INFO - Processing /home/airflow/.local/lib/python3.8/site-packages/airflow/example_dags/example_latest_only_with_trigger.py took 0.046 seconds
[2023-10-27T17:00:55.519+0000] {processor.py:157} INFO - Started process (PID=4098) to work on /home/airflow/.local/lib/python3.8/site-packages/airflow/example_dags/example_latest_only_with_trigger.py
[2023-10-27T17:00:55.520+0000] {processor.py:829} INFO - Processing file /home/airflow/.local/lib/python3.8/site-packages/airflow/example_dags/example_latest_only_with_trigger.py for tasks to queue
[2023-10-27T17:00:55.522+0000] {logging_mixin.py:151} INFO - [2023-10-27T17:00:55.521+0000] {dagbag.py:536} INFO - Filling up the DagBag from /home/airflow/.local/lib/python3.8/site-packages/airflow/example_dags/example_latest_only_with_trigger.py
[2023-10-27T17:00:55.525+0000] {processor.py:839} INFO - DAG(s) dict_keys(['latest_only_with_trigger']) retrieved from /home/airflow/.local/lib/python3.8/site-packages/airflow/example_dags/example_latest_only_with_trigger.py
[2023-10-27T17:00:55.537+0000] {logging_mixin.py:151} INFO - [2023-10-27T17:00:55.537+0000] {dag.py:2941} INFO - Sync 1 DAGs
[2023-10-27T17:00:55.552+0000] {logging_mixin.py:151} INFO - [2023-10-27T17:00:55.552+0000] {dag.py:3722} INFO - Setting next_dagrun for latest_only_with_trigger to 2023-10-27T13:00:55.552109+00:00, run_after=2023-10-27T17:00:55.552109+00:00
[2023-10-27T17:00:55.563+0000] {processor.py:179} INFO - Processing /home/airflow/.local/lib/python3.8/site-packages/airflow/example_dags/example_latest_only_with_trigger.py took 0.046 seconds
[2023-10-27T17:01:26.410+0000] {processor.py:157} INFO - Started process (PID=4154) to work on /home/airflow/.local/lib/python3.8/site-packages/airflow/example_dags/example_latest_only_with_trigger.py
[2023-10-27T17:01:26.410+0000] {processor.py:829} INFO - Processing file /home/airflow/.local/lib/python3.8/site-packages/airflow/example_dags/example_latest_only_with_trigger.py for tasks to queue
[2023-10-27T17:01:26.412+0000] {logging_mixin.py:151} INFO - [2023-10-27T17:01:26.412+0000] {dagbag.py:536} INFO - Filling up the DagBag from /home/airflow/.local/lib/python3.8/site-packages/airflow/example_dags/example_latest_only_with_trigger.py
[2023-10-27T17:01:26.415+0000] {processor.py:839} INFO - DAG(s) dict_keys(['latest_only_with_trigger']) retrieved from /home/airflow/.local/lib/python3.8/site-packages/airflow/example_dags/example_latest_only_with_trigger.py
[2023-10-27T17:01:26.428+0000] {logging_mixin.py:151} INFO - [2023-10-27T17:01:26.428+0000] {dag.py:2941} INFO - Sync 1 DAGs
[2023-10-27T17:01:26.445+0000] {logging_mixin.py:151} INFO - [2023-10-27T17:01:26.445+0000] {dag.py:3722} INFO - Setting next_dagrun for latest_only_with_trigger to 2023-10-27T13:01:26.444994+00:00, run_after=2023-10-27T17:01:26.444994+00:00
[2023-10-27T17:01:26.458+0000] {processor.py:179} INFO - Processing /home/airflow/.local/lib/python3.8/site-packages/airflow/example_dags/example_latest_only_with_trigger.py took 0.050 seconds
[2023-10-27T17:01:57.166+0000] {processor.py:157} INFO - Started process (PID=4210) to work on /home/airflow/.local/lib/python3.8/site-packages/airflow/example_dags/example_latest_only_with_trigger.py
[2023-10-27T17:01:57.167+0000] {processor.py:829} INFO - Processing file /home/airflow/.local/lib/python3.8/site-packages/airflow/example_dags/example_latest_only_with_trigger.py for tasks to queue
[2023-10-27T17:01:57.169+0000] {logging_mixin.py:151} INFO - [2023-10-27T17:01:57.169+0000] {dagbag.py:536} INFO - Filling up the DagBag from /home/airflow/.local/lib/python3.8/site-packages/airflow/example_dags/example_latest_only_with_trigger.py
[2023-10-27T17:01:57.172+0000] {processor.py:839} INFO - DAG(s) dict_keys(['latest_only_with_trigger']) retrieved from /home/airflow/.local/lib/python3.8/site-packages/airflow/example_dags/example_latest_only_with_trigger.py
[2023-10-27T17:01:57.185+0000] {logging_mixin.py:151} INFO - [2023-10-27T17:01:57.185+0000] {dag.py:2941} INFO - Sync 1 DAGs
[2023-10-27T17:01:57.200+0000] {logging_mixin.py:151} INFO - [2023-10-27T17:01:57.200+0000] {dag.py:3722} INFO - Setting next_dagrun for latest_only_with_trigger to 2023-10-27T13:01:57.200421+00:00, run_after=2023-10-27T17:01:57.200421+00:00
[2023-10-27T17:01:57.214+0000] {processor.py:179} INFO - Processing /home/airflow/.local/lib/python3.8/site-packages/airflow/example_dags/example_latest_only_with_trigger.py took 0.050 seconds
[2023-10-27T17:02:28.120+0000] {processor.py:157} INFO - Started process (PID=4266) to work on /home/airflow/.local/lib/python3.8/site-packages/airflow/example_dags/example_latest_only_with_trigger.py
[2023-10-27T17:02:28.121+0000] {processor.py:829} INFO - Processing file /home/airflow/.local/lib/python3.8/site-packages/airflow/example_dags/example_latest_only_with_trigger.py for tasks to queue
[2023-10-27T17:02:28.122+0000] {logging_mixin.py:151} INFO - [2023-10-27T17:02:28.122+0000] {dagbag.py:536} INFO - Filling up the DagBag from /home/airflow/.local/lib/python3.8/site-packages/airflow/example_dags/example_latest_only_with_trigger.py
[2023-10-27T17:02:28.125+0000] {processor.py:839} INFO - DAG(s) dict_keys(['latest_only_with_trigger']) retrieved from /home/airflow/.local/lib/python3.8/site-packages/airflow/example_dags/example_latest_only_with_trigger.py
[2023-10-27T17:02:28.138+0000] {logging_mixin.py:151} INFO - [2023-10-27T17:02:28.138+0000] {dag.py:2941} INFO - Sync 1 DAGs
[2023-10-27T17:02:28.152+0000] {logging_mixin.py:151} INFO - [2023-10-27T17:02:28.152+0000] {dag.py:3722} INFO - Setting next_dagrun for latest_only_with_trigger to 2023-10-27T13:02:28.152476+00:00, run_after=2023-10-27T17:02:28.152476+00:00
[2023-10-27T17:02:28.164+0000] {processor.py:179} INFO - Processing /home/airflow/.local/lib/python3.8/site-packages/airflow/example_dags/example_latest_only_with_trigger.py took 0.046 seconds
[2023-10-27T17:02:58.996+0000] {processor.py:157} INFO - Started process (PID=4322) to work on /home/airflow/.local/lib/python3.8/site-packages/airflow/example_dags/example_latest_only_with_trigger.py
[2023-10-27T17:02:58.997+0000] {processor.py:829} INFO - Processing file /home/airflow/.local/lib/python3.8/site-packages/airflow/example_dags/example_latest_only_with_trigger.py for tasks to queue
[2023-10-27T17:02:58.999+0000] {logging_mixin.py:151} INFO - [2023-10-27T17:02:58.998+0000] {dagbag.py:536} INFO - Filling up the DagBag from /home/airflow/.local/lib/python3.8/site-packages/airflow/example_dags/example_latest_only_with_trigger.py
[2023-10-27T17:02:59.003+0000] {processor.py:839} INFO - DAG(s) dict_keys(['latest_only_with_trigger']) retrieved from /home/airflow/.local/lib/python3.8/site-packages/airflow/example_dags/example_latest_only_with_trigger.py
[2023-10-27T17:02:59.019+0000] {logging_mixin.py:151} INFO - [2023-10-27T17:02:59.018+0000] {dag.py:2941} INFO - Sync 1 DAGs
[2023-10-27T17:02:59.035+0000] {logging_mixin.py:151} INFO - [2023-10-27T17:02:59.035+0000] {dag.py:3722} INFO - Setting next_dagrun for latest_only_with_trigger to 2023-10-27T13:02:59.035014+00:00, run_after=2023-10-27T17:02:59.035014+00:00
[2023-10-27T17:02:59.049+0000] {processor.py:179} INFO - Processing /home/airflow/.local/lib/python3.8/site-packages/airflow/example_dags/example_latest_only_with_trigger.py took 0.055 seconds
[2023-10-27T17:03:29.983+0000] {processor.py:157} INFO - Started process (PID=4379) to work on /home/airflow/.local/lib/python3.8/site-packages/airflow/example_dags/example_latest_only_with_trigger.py
[2023-10-27T17:03:29.983+0000] {processor.py:829} INFO - Processing file /home/airflow/.local/lib/python3.8/site-packages/airflow/example_dags/example_latest_only_with_trigger.py for tasks to queue
[2023-10-27T17:03:29.985+0000] {logging_mixin.py:151} INFO - [2023-10-27T17:03:29.985+0000] {dagbag.py:536} INFO - Filling up the DagBag from /home/airflow/.local/lib/python3.8/site-packages/airflow/example_dags/example_latest_only_with_trigger.py
[2023-10-27T17:03:29.988+0000] {processor.py:839} INFO - DAG(s) dict_keys(['latest_only_with_trigger']) retrieved from /home/airflow/.local/lib/python3.8/site-packages/airflow/example_dags/example_latest_only_with_trigger.py
[2023-10-27T17:03:30.000+0000] {logging_mixin.py:151} INFO - [2023-10-27T17:03:30.000+0000] {dag.py:2941} INFO - Sync 1 DAGs
[2023-10-27T17:03:30.014+0000] {logging_mixin.py:151} INFO - [2023-10-27T17:03:30.014+0000] {dag.py:3722} INFO - Setting next_dagrun for latest_only_with_trigger to 2023-10-27T13:03:30.013869+00:00, run_after=2023-10-27T17:03:30.013869+00:00
[2023-10-27T17:03:30.026+0000] {processor.py:179} INFO - Processing /home/airflow/.local/lib/python3.8/site-packages/airflow/example_dags/example_latest_only_with_trigger.py took 0.046 seconds
[2023-10-27T17:04:00.970+0000] {processor.py:157} INFO - Started process (PID=4435) to work on /home/airflow/.local/lib/python3.8/site-packages/airflow/example_dags/example_latest_only_with_trigger.py
[2023-10-27T17:04:00.971+0000] {processor.py:829} INFO - Processing file /home/airflow/.local/lib/python3.8/site-packages/airflow/example_dags/example_latest_only_with_trigger.py for tasks to queue
[2023-10-27T17:04:00.972+0000] {logging_mixin.py:151} INFO - [2023-10-27T17:04:00.972+0000] {dagbag.py:536} INFO - Filling up the DagBag from /home/airflow/.local/lib/python3.8/site-packages/airflow/example_dags/example_latest_only_with_trigger.py
[2023-10-27T17:04:00.975+0000] {processor.py:839} INFO - DAG(s) dict_keys(['latest_only_with_trigger']) retrieved from /home/airflow/.local/lib/python3.8/site-packages/airflow/example_dags/example_latest_only_with_trigger.py
[2023-10-27T17:04:00.991+0000] {logging_mixin.py:151} INFO - [2023-10-27T17:04:00.990+0000] {dag.py:2941} INFO - Sync 1 DAGs
[2023-10-27T17:04:01.008+0000] {logging_mixin.py:151} INFO - [2023-10-27T17:04:01.008+0000] {dag.py:3722} INFO - Setting next_dagrun for latest_only_with_trigger to 2023-10-27T13:04:01.007989+00:00, run_after=2023-10-27T17:04:01.007989+00:00
[2023-10-27T17:04:01.021+0000] {processor.py:179} INFO - Processing /home/airflow/.local/lib/python3.8/site-packages/airflow/example_dags/example_latest_only_with_trigger.py took 0.053 seconds
[2023-10-27T17:04:31.922+0000] {processor.py:157} INFO - Started process (PID=4491) to work on /home/airflow/.local/lib/python3.8/site-packages/airflow/example_dags/example_latest_only_with_trigger.py
[2023-10-27T17:04:31.923+0000] {processor.py:829} INFO - Processing file /home/airflow/.local/lib/python3.8/site-packages/airflow/example_dags/example_latest_only_with_trigger.py for tasks to queue
[2023-10-27T17:04:31.925+0000] {logging_mixin.py:151} INFO - [2023-10-27T17:04:31.924+0000] {dagbag.py:536} INFO - Filling up the DagBag from /home/airflow/.local/lib/python3.8/site-packages/airflow/example_dags/example_latest_only_with_trigger.py
[2023-10-27T17:04:31.928+0000] {processor.py:839} INFO - DAG(s) dict_keys(['latest_only_with_trigger']) retrieved from /home/airflow/.local/lib/python3.8/site-packages/airflow/example_dags/example_latest_only_with_trigger.py
[2023-10-27T17:04:31.944+0000] {logging_mixin.py:151} INFO - [2023-10-27T17:04:31.943+0000] {dag.py:2941} INFO - Sync 1 DAGs
[2023-10-27T17:04:31.958+0000] {logging_mixin.py:151} INFO - [2023-10-27T17:04:31.958+0000] {dag.py:3722} INFO - Setting next_dagrun for latest_only_with_trigger to 2023-10-27T13:04:31.958351+00:00, run_after=2023-10-27T17:04:31.958351+00:00
[2023-10-27T17:04:31.970+0000] {processor.py:179} INFO - Processing /home/airflow/.local/lib/python3.8/site-packages/airflow/example_dags/example_latest_only_with_trigger.py took 0.050 seconds
[2023-10-27T17:05:02.884+0000] {processor.py:157} INFO - Started process (PID=4548) to work on /home/airflow/.local/lib/python3.8/site-packages/airflow/example_dags/example_latest_only_with_trigger.py
[2023-10-27T17:05:02.884+0000] {processor.py:829} INFO - Processing file /home/airflow/.local/lib/python3.8/site-packages/airflow/example_dags/example_latest_only_with_trigger.py for tasks to queue
[2023-10-27T17:05:02.886+0000] {logging_mixin.py:151} INFO - [2023-10-27T17:05:02.885+0000] {dagbag.py:536} INFO - Filling up the DagBag from /home/airflow/.local/lib/python3.8/site-packages/airflow/example_dags/example_latest_only_with_trigger.py
[2023-10-27T17:05:02.889+0000] {processor.py:839} INFO - DAG(s) dict_keys(['latest_only_with_trigger']) retrieved from /home/airflow/.local/lib/python3.8/site-packages/airflow/example_dags/example_latest_only_with_trigger.py
[2023-10-27T17:05:02.901+0000] {logging_mixin.py:151} INFO - [2023-10-27T17:05:02.901+0000] {dag.py:2941} INFO - Sync 1 DAGs
[2023-10-27T17:05:02.915+0000] {logging_mixin.py:151} INFO - [2023-10-27T17:05:02.915+0000] {dag.py:3722} INFO - Setting next_dagrun for latest_only_with_trigger to 2023-10-27T13:05:02.914882+00:00, run_after=2023-10-27T17:05:02.914882+00:00
[2023-10-27T17:05:02.928+0000] {processor.py:179} INFO - Processing /home/airflow/.local/lib/python3.8/site-packages/airflow/example_dags/example_latest_only_with_trigger.py took 0.046 seconds
[2023-10-27T17:05:33.801+0000] {processor.py:157} INFO - Started process (PID=4604) to work on /home/airflow/.local/lib/python3.8/site-packages/airflow/example_dags/example_latest_only_with_trigger.py
[2023-10-27T17:05:33.802+0000] {processor.py:829} INFO - Processing file /home/airflow/.local/lib/python3.8/site-packages/airflow/example_dags/example_latest_only_with_trigger.py for tasks to queue
[2023-10-27T17:05:33.804+0000] {logging_mixin.py:151} INFO - [2023-10-27T17:05:33.804+0000] {dagbag.py:536} INFO - Filling up the DagBag from /home/airflow/.local/lib/python3.8/site-packages/airflow/example_dags/example_latest_only_with_trigger.py
[2023-10-27T17:05:33.809+0000] {processor.py:839} INFO - DAG(s) dict_keys(['latest_only_with_trigger']) retrieved from /home/airflow/.local/lib/python3.8/site-packages/airflow/example_dags/example_latest_only_with_trigger.py
[2023-10-27T17:05:33.822+0000] {logging_mixin.py:151} INFO - [2023-10-27T17:05:33.822+0000] {dag.py:2941} INFO - Sync 1 DAGs
[2023-10-27T17:05:33.841+0000] {logging_mixin.py:151} INFO - [2023-10-27T17:05:33.841+0000] {dag.py:3722} INFO - Setting next_dagrun for latest_only_with_trigger to 2023-10-27T13:05:33.841243+00:00, run_after=2023-10-27T17:05:33.841243+00:00
[2023-10-27T17:05:33.853+0000] {processor.py:179} INFO - Processing /home/airflow/.local/lib/python3.8/site-packages/airflow/example_dags/example_latest_only_with_trigger.py took 0.054 seconds
[2023-10-27T17:06:04.700+0000] {processor.py:157} INFO - Started process (PID=4660) to work on /home/airflow/.local/lib/python3.8/site-packages/airflow/example_dags/example_latest_only_with_trigger.py
[2023-10-27T17:06:04.700+0000] {processor.py:829} INFO - Processing file /home/airflow/.local/lib/python3.8/site-packages/airflow/example_dags/example_latest_only_with_trigger.py for tasks to queue
[2023-10-27T17:06:04.701+0000] {logging_mixin.py:151} INFO - [2023-10-27T17:06:04.701+0000] {dagbag.py:536} INFO - Filling up the DagBag from /home/airflow/.local/lib/python3.8/site-packages/airflow/example_dags/example_latest_only_with_trigger.py
[2023-10-27T17:06:04.706+0000] {processor.py:839} INFO - DAG(s) dict_keys(['latest_only_with_trigger']) retrieved from /home/airflow/.local/lib/python3.8/site-packages/airflow/example_dags/example_latest_only_with_trigger.py
[2023-10-27T17:06:04.722+0000] {logging_mixin.py:151} INFO - [2023-10-27T17:06:04.722+0000] {dag.py:2941} INFO - Sync 1 DAGs
[2023-10-27T17:06:04.736+0000] {logging_mixin.py:151} INFO - [2023-10-27T17:06:04.736+0000] {dag.py:3722} INFO - Setting next_dagrun for latest_only_with_trigger to 2023-10-27T13:06:04.736138+00:00, run_after=2023-10-27T17:06:04.736138+00:00
[2023-10-27T17:06:04.747+0000] {processor.py:179} INFO - Processing /home/airflow/.local/lib/python3.8/site-packages/airflow/example_dags/example_latest_only_with_trigger.py took 0.050 seconds
[2023-10-27T17:06:34.782+0000] {processor.py:157} INFO - Started process (PID=4716) to work on /home/airflow/.local/lib/python3.8/site-packages/airflow/example_dags/example_latest_only_with_trigger.py
[2023-10-27T17:06:34.783+0000] {processor.py:829} INFO - Processing file /home/airflow/.local/lib/python3.8/site-packages/airflow/example_dags/example_latest_only_with_trigger.py for tasks to queue
[2023-10-27T17:06:34.784+0000] {logging_mixin.py:151} INFO - [2023-10-27T17:06:34.784+0000] {dagbag.py:536} INFO - Filling up the DagBag from /home/airflow/.local/lib/python3.8/site-packages/airflow/example_dags/example_latest_only_with_trigger.py
[2023-10-27T17:06:34.787+0000] {processor.py:839} INFO - DAG(s) dict_keys(['latest_only_with_trigger']) retrieved from /home/airflow/.local/lib/python3.8/site-packages/airflow/example_dags/example_latest_only_with_trigger.py
[2023-10-27T17:06:34.803+0000] {logging_mixin.py:151} INFO - [2023-10-27T17:06:34.803+0000] {dag.py:2941} INFO - Sync 1 DAGs
[2023-10-27T17:06:34.821+0000] {logging_mixin.py:151} INFO - [2023-10-27T17:06:34.820+0000] {dag.py:3722} INFO - Setting next_dagrun for latest_only_with_trigger to 2023-10-27T13:06:34.820750+00:00, run_after=2023-10-27T17:06:34.820750+00:00
[2023-10-27T17:06:34.833+0000] {processor.py:179} INFO - Processing /home/airflow/.local/lib/python3.8/site-packages/airflow/example_dags/example_latest_only_with_trigger.py took 0.053 seconds
[2023-10-27T17:07:04.859+0000] {processor.py:157} INFO - Started process (PID=4772) to work on /home/airflow/.local/lib/python3.8/site-packages/airflow/example_dags/example_latest_only_with_trigger.py
[2023-10-27T17:07:04.860+0000] {processor.py:829} INFO - Processing file /home/airflow/.local/lib/python3.8/site-packages/airflow/example_dags/example_latest_only_with_trigger.py for tasks to queue
[2023-10-27T17:07:04.862+0000] {logging_mixin.py:151} INFO - [2023-10-27T17:07:04.862+0000] {dagbag.py:536} INFO - Filling up the DagBag from /home/airflow/.local/lib/python3.8/site-packages/airflow/example_dags/example_latest_only_with_trigger.py
[2023-10-27T17:07:04.865+0000] {processor.py:839} INFO - DAG(s) dict_keys(['latest_only_with_trigger']) retrieved from /home/airflow/.local/lib/python3.8/site-packages/airflow/example_dags/example_latest_only_with_trigger.py
[2023-10-27T17:07:04.879+0000] {logging_mixin.py:151} INFO - [2023-10-27T17:07:04.879+0000] {dag.py:2941} INFO - Sync 1 DAGs
[2023-10-27T17:07:04.897+0000] {logging_mixin.py:151} INFO - [2023-10-27T17:07:04.897+0000] {dag.py:3722} INFO - Setting next_dagrun for latest_only_with_trigger to 2023-10-27T13:07:04.897542+00:00, run_after=2023-10-27T17:07:04.897542+00:00
[2023-10-27T17:07:04.910+0000] {processor.py:179} INFO - Processing /home/airflow/.local/lib/python3.8/site-packages/airflow/example_dags/example_latest_only_with_trigger.py took 0.053 seconds
[2023-10-27T17:07:35.007+0000] {processor.py:157} INFO - Started process (PID=4828) to work on /home/airflow/.local/lib/python3.8/site-packages/airflow/example_dags/example_latest_only_with_trigger.py
[2023-10-27T17:07:35.008+0000] {processor.py:829} INFO - Processing file /home/airflow/.local/lib/python3.8/site-packages/airflow/example_dags/example_latest_only_with_trigger.py for tasks to queue
[2023-10-27T17:07:35.009+0000] {logging_mixin.py:151} INFO - [2023-10-27T17:07:35.009+0000] {dagbag.py:536} INFO - Filling up the DagBag from /home/airflow/.local/lib/python3.8/site-packages/airflow/example_dags/example_latest_only_with_trigger.py
[2023-10-27T17:07:35.013+0000] {processor.py:839} INFO - DAG(s) dict_keys(['latest_only_with_trigger']) retrieved from /home/airflow/.local/lib/python3.8/site-packages/airflow/example_dags/example_latest_only_with_trigger.py
[2023-10-27T17:07:35.026+0000] {logging_mixin.py:151} INFO - [2023-10-27T17:07:35.026+0000] {dag.py:2941} INFO - Sync 1 DAGs
[2023-10-27T17:07:35.041+0000] {logging_mixin.py:151} INFO - [2023-10-27T17:07:35.041+0000] {dag.py:3722} INFO - Setting next_dagrun for latest_only_with_trigger to 2023-10-27T13:07:35.041427+00:00, run_after=2023-10-27T17:07:35.041427+00:00
[2023-10-27T17:07:35.054+0000] {processor.py:179} INFO - Processing /home/airflow/.local/lib/python3.8/site-packages/airflow/example_dags/example_latest_only_with_trigger.py took 0.048 seconds
[2023-10-27T17:08:05.124+0000] {processor.py:157} INFO - Started process (PID=4884) to work on /home/airflow/.local/lib/python3.8/site-packages/airflow/example_dags/example_latest_only_with_trigger.py
[2023-10-27T17:08:05.124+0000] {processor.py:829} INFO - Processing file /home/airflow/.local/lib/python3.8/site-packages/airflow/example_dags/example_latest_only_with_trigger.py for tasks to queue
[2023-10-27T17:08:05.126+0000] {logging_mixin.py:151} INFO - [2023-10-27T17:08:05.125+0000] {dagbag.py:536} INFO - Filling up the DagBag from /home/airflow/.local/lib/python3.8/site-packages/airflow/example_dags/example_latest_only_with_trigger.py
[2023-10-27T17:08:05.129+0000] {processor.py:839} INFO - DAG(s) dict_keys(['latest_only_with_trigger']) retrieved from /home/airflow/.local/lib/python3.8/site-packages/airflow/example_dags/example_latest_only_with_trigger.py
[2023-10-27T17:08:05.141+0000] {logging_mixin.py:151} INFO - [2023-10-27T17:08:05.141+0000] {dag.py:2941} INFO - Sync 1 DAGs
[2023-10-27T17:08:05.155+0000] {logging_mixin.py:151} INFO - [2023-10-27T17:08:05.155+0000] {dag.py:3722} INFO - Setting next_dagrun for latest_only_with_trigger to 2023-10-27T13:08:05.155549+00:00, run_after=2023-10-27T17:08:05.155549+00:00
[2023-10-27T17:08:05.168+0000] {processor.py:179} INFO - Processing /home/airflow/.local/lib/python3.8/site-packages/airflow/example_dags/example_latest_only_with_trigger.py took 0.046 seconds
[2023-10-27T17:08:35.886+0000] {processor.py:157} INFO - Started process (PID=4940) to work on /home/airflow/.local/lib/python3.8/site-packages/airflow/example_dags/example_latest_only_with_trigger.py
[2023-10-27T17:08:35.886+0000] {processor.py:829} INFO - Processing file /home/airflow/.local/lib/python3.8/site-packages/airflow/example_dags/example_latest_only_with_trigger.py for tasks to queue
[2023-10-27T17:08:35.888+0000] {logging_mixin.py:151} INFO - [2023-10-27T17:08:35.888+0000] {dagbag.py:536} INFO - Filling up the DagBag from /home/airflow/.local/lib/python3.8/site-packages/airflow/example_dags/example_latest_only_with_trigger.py
[2023-10-27T17:08:35.891+0000] {processor.py:839} INFO - DAG(s) dict_keys(['latest_only_with_trigger']) retrieved from /home/airflow/.local/lib/python3.8/site-packages/airflow/example_dags/example_latest_only_with_trigger.py
[2023-10-27T17:08:35.903+0000] {logging_mixin.py:151} INFO - [2023-10-27T17:08:35.903+0000] {dag.py:2941} INFO - Sync 1 DAGs
[2023-10-27T17:08:35.917+0000] {logging_mixin.py:151} INFO - [2023-10-27T17:08:35.917+0000] {dag.py:3722} INFO - Setting next_dagrun for latest_only_with_trigger to 2023-10-27T13:08:35.917124+00:00, run_after=2023-10-27T17:08:35.917124+00:00
[2023-10-27T17:08:35.929+0000] {processor.py:179} INFO - Processing /home/airflow/.local/lib/python3.8/site-packages/airflow/example_dags/example_latest_only_with_trigger.py took 0.045 seconds
[2023-10-27T17:09:06.665+0000] {processor.py:157} INFO - Started process (PID=4996) to work on /home/airflow/.local/lib/python3.8/site-packages/airflow/example_dags/example_latest_only_with_trigger.py
[2023-10-27T17:09:06.666+0000] {processor.py:829} INFO - Processing file /home/airflow/.local/lib/python3.8/site-packages/airflow/example_dags/example_latest_only_with_trigger.py for tasks to queue
[2023-10-27T17:09:06.667+0000] {logging_mixin.py:151} INFO - [2023-10-27T17:09:06.667+0000] {dagbag.py:536} INFO - Filling up the DagBag from /home/airflow/.local/lib/python3.8/site-packages/airflow/example_dags/example_latest_only_with_trigger.py
[2023-10-27T17:09:06.670+0000] {processor.py:839} INFO - DAG(s) dict_keys(['latest_only_with_trigger']) retrieved from /home/airflow/.local/lib/python3.8/site-packages/airflow/example_dags/example_latest_only_with_trigger.py
[2023-10-27T17:09:06.683+0000] {logging_mixin.py:151} INFO - [2023-10-27T17:09:06.683+0000] {dag.py:2941} INFO - Sync 1 DAGs
[2023-10-27T17:09:06.698+0000] {logging_mixin.py:151} INFO - [2023-10-27T17:09:06.698+0000] {dag.py:3722} INFO - Setting next_dagrun for latest_only_with_trigger to 2023-10-27T13:09:06.698446+00:00, run_after=2023-10-27T17:09:06.698446+00:00
[2023-10-27T17:09:06.710+0000] {processor.py:179} INFO - Processing /home/airflow/.local/lib/python3.8/site-packages/airflow/example_dags/example_latest_only_with_trigger.py took 0.047 seconds
[2023-10-27T17:09:37.432+0000] {processor.py:157} INFO - Started process (PID=5053) to work on /home/airflow/.local/lib/python3.8/site-packages/airflow/example_dags/example_latest_only_with_trigger.py
[2023-10-27T17:09:37.433+0000] {processor.py:829} INFO - Processing file /home/airflow/.local/lib/python3.8/site-packages/airflow/example_dags/example_latest_only_with_trigger.py for tasks to queue
[2023-10-27T17:09:37.434+0000] {logging_mixin.py:151} INFO - [2023-10-27T17:09:37.434+0000] {dagbag.py:536} INFO - Filling up the DagBag from /home/airflow/.local/lib/python3.8/site-packages/airflow/example_dags/example_latest_only_with_trigger.py
[2023-10-27T17:09:37.437+0000] {processor.py:839} INFO - DAG(s) dict_keys(['latest_only_with_trigger']) retrieved from /home/airflow/.local/lib/python3.8/site-packages/airflow/example_dags/example_latest_only_with_trigger.py
[2023-10-27T17:09:37.452+0000] {logging_mixin.py:151} INFO - [2023-10-27T17:09:37.452+0000] {dag.py:2941} INFO - Sync 1 DAGs
[2023-10-27T17:09:37.470+0000] {logging_mixin.py:151} INFO - [2023-10-27T17:09:37.470+0000] {dag.py:3722} INFO - Setting next_dagrun for latest_only_with_trigger to 2023-10-27T13:09:37.470553+00:00, run_after=2023-10-27T17:09:37.470553+00:00
[2023-10-27T17:09:37.483+0000] {processor.py:179} INFO - Processing /home/airflow/.local/lib/python3.8/site-packages/airflow/example_dags/example_latest_only_with_trigger.py took 0.052 seconds
[2023-10-27T17:10:08.154+0000] {processor.py:157} INFO - Started process (PID=5109) to work on /home/airflow/.local/lib/python3.8/site-packages/airflow/example_dags/example_latest_only_with_trigger.py
[2023-10-27T17:10:08.154+0000] {processor.py:829} INFO - Processing file /home/airflow/.local/lib/python3.8/site-packages/airflow/example_dags/example_latest_only_with_trigger.py for tasks to queue
[2023-10-27T17:10:08.156+0000] {logging_mixin.py:151} INFO - [2023-10-27T17:10:08.155+0000] {dagbag.py:536} INFO - Filling up the DagBag from /home/airflow/.local/lib/python3.8/site-packages/airflow/example_dags/example_latest_only_with_trigger.py
[2023-10-27T17:10:08.159+0000] {processor.py:839} INFO - DAG(s) dict_keys(['latest_only_with_trigger']) retrieved from /home/airflow/.local/lib/python3.8/site-packages/airflow/example_dags/example_latest_only_with_trigger.py
[2023-10-27T17:10:08.172+0000] {logging_mixin.py:151} INFO - [2023-10-27T17:10:08.172+0000] {dag.py:2941} INFO - Sync 1 DAGs
[2023-10-27T17:10:08.188+0000] {logging_mixin.py:151} INFO - [2023-10-27T17:10:08.188+0000] {dag.py:3722} INFO - Setting next_dagrun for latest_only_with_trigger to 2023-10-27T13:10:08.188210+00:00, run_after=2023-10-27T17:10:08.188210+00:00
[2023-10-27T17:10:08.201+0000] {processor.py:179} INFO - Processing /home/airflow/.local/lib/python3.8/site-packages/airflow/example_dags/example_latest_only_with_trigger.py took 0.049 seconds
[2023-10-27T17:10:38.844+0000] {processor.py:157} INFO - Started process (PID=5165) to work on /home/airflow/.local/lib/python3.8/site-packages/airflow/example_dags/example_latest_only_with_trigger.py
[2023-10-27T17:10:38.845+0000] {processor.py:829} INFO - Processing file /home/airflow/.local/lib/python3.8/site-packages/airflow/example_dags/example_latest_only_with_trigger.py for tasks to queue
[2023-10-27T17:10:38.846+0000] {logging_mixin.py:151} INFO - [2023-10-27T17:10:38.846+0000] {dagbag.py:536} INFO - Filling up the DagBag from /home/airflow/.local/lib/python3.8/site-packages/airflow/example_dags/example_latest_only_with_trigger.py
[2023-10-27T17:10:38.849+0000] {processor.py:839} INFO - DAG(s) dict_keys(['latest_only_with_trigger']) retrieved from /home/airflow/.local/lib/python3.8/site-packages/airflow/example_dags/example_latest_only_with_trigger.py
[2023-10-27T17:10:38.863+0000] {logging_mixin.py:151} INFO - [2023-10-27T17:10:38.863+0000] {dag.py:2941} INFO - Sync 1 DAGs
[2023-10-27T17:10:38.877+0000] {logging_mixin.py:151} INFO - [2023-10-27T17:10:38.877+0000] {dag.py:3722} INFO - Setting next_dagrun for latest_only_with_trigger to 2023-10-27T13:10:38.877475+00:00, run_after=2023-10-27T17:10:38.877475+00:00
[2023-10-27T17:10:38.889+0000] {processor.py:179} INFO - Processing /home/airflow/.local/lib/python3.8/site-packages/airflow/example_dags/example_latest_only_with_trigger.py took 0.047 seconds
[2023-10-27T17:11:09.596+0000] {processor.py:157} INFO - Started process (PID=5221) to work on /home/airflow/.local/lib/python3.8/site-packages/airflow/example_dags/example_latest_only_with_trigger.py
[2023-10-27T17:11:09.597+0000] {processor.py:829} INFO - Processing file /home/airflow/.local/lib/python3.8/site-packages/airflow/example_dags/example_latest_only_with_trigger.py for tasks to queue
[2023-10-27T17:11:09.598+0000] {logging_mixin.py:151} INFO - [2023-10-27T17:11:09.598+0000] {dagbag.py:536} INFO - Filling up the DagBag from /home/airflow/.local/lib/python3.8/site-packages/airflow/example_dags/example_latest_only_with_trigger.py
[2023-10-27T17:11:09.601+0000] {processor.py:839} INFO - DAG(s) dict_keys(['latest_only_with_trigger']) retrieved from /home/airflow/.local/lib/python3.8/site-packages/airflow/example_dags/example_latest_only_with_trigger.py
[2023-10-27T17:11:09.614+0000] {logging_mixin.py:151} INFO - [2023-10-27T17:11:09.613+0000] {dag.py:2941} INFO - Sync 1 DAGs
[2023-10-27T17:11:09.627+0000] {logging_mixin.py:151} INFO - [2023-10-27T17:11:09.627+0000] {dag.py:3722} INFO - Setting next_dagrun for latest_only_with_trigger to 2023-10-27T13:11:09.627346+00:00, run_after=2023-10-27T17:11:09.627346+00:00
[2023-10-27T17:11:09.639+0000] {processor.py:179} INFO - Processing /home/airflow/.local/lib/python3.8/site-packages/airflow/example_dags/example_latest_only_with_trigger.py took 0.045 seconds
[2023-10-27T17:11:40.341+0000] {processor.py:157} INFO - Started process (PID=5277) to work on /home/airflow/.local/lib/python3.8/site-packages/airflow/example_dags/example_latest_only_with_trigger.py
[2023-10-27T17:11:40.341+0000] {processor.py:829} INFO - Processing file /home/airflow/.local/lib/python3.8/site-packages/airflow/example_dags/example_latest_only_with_trigger.py for tasks to queue
[2023-10-27T17:11:40.343+0000] {logging_mixin.py:151} INFO - [2023-10-27T17:11:40.343+0000] {dagbag.py:536} INFO - Filling up the DagBag from /home/airflow/.local/lib/python3.8/site-packages/airflow/example_dags/example_latest_only_with_trigger.py
[2023-10-27T17:11:40.346+0000] {processor.py:839} INFO - DAG(s) dict_keys(['latest_only_with_trigger']) retrieved from /home/airflow/.local/lib/python3.8/site-packages/airflow/example_dags/example_latest_only_with_trigger.py
[2023-10-27T17:11:40.359+0000] {logging_mixin.py:151} INFO - [2023-10-27T17:11:40.359+0000] {dag.py:2941} INFO - Sync 1 DAGs
[2023-10-27T17:11:40.375+0000] {logging_mixin.py:151} INFO - [2023-10-27T17:11:40.375+0000] {dag.py:3722} INFO - Setting next_dagrun for latest_only_with_trigger to 2023-10-27T13:11:40.375255+00:00, run_after=2023-10-27T17:11:40.375255+00:00
[2023-10-27T17:11:40.387+0000] {processor.py:179} INFO - Processing /home/airflow/.local/lib/python3.8/site-packages/airflow/example_dags/example_latest_only_with_trigger.py took 0.048 seconds
