[2023-10-27T16:56:47.518+0000] {processor.py:157} INFO - Started process (PID=3620) to work on /home/airflow/.local/lib/python3.8/site-packages/airflow/example_dags/example_task_group_decorator.py
[2023-10-27T16:56:47.518+0000] {processor.py:829} INFO - Processing file /home/airflow/.local/lib/python3.8/site-packages/airflow/example_dags/example_task_group_decorator.py for tasks to queue
[2023-10-27T16:56:47.520+0000] {logging_mixin.py:151} INFO - [2023-10-27T16:56:47.520+0000] {dagbag.py:536} INFO - Filling up the DagBag from /home/airflow/.local/lib/python3.8/site-packages/airflow/example_dags/example_task_group_decorator.py
[2023-10-27T16:56:47.532+0000] {processor.py:839} INFO - DAG(s) dict_keys(['example_task_group_decorator']) retrieved from /home/airflow/.local/lib/python3.8/site-packages/airflow/example_dags/example_task_group_decorator.py
[2023-10-27T16:56:47.553+0000] {logging_mixin.py:151} INFO - [2023-10-27T16:56:47.553+0000] {dag.py:2941} INFO - Sync 1 DAGs
[2023-10-27T16:56:47.569+0000] {logging_mixin.py:151} INFO - [2023-10-27T16:56:47.569+0000] {dag.py:3722} INFO - Setting next_dagrun for example_task_group_decorator to 2023-10-26T16:56:47.569181+00:00, run_after=2023-10-27T16:56:47.569181+00:00
[2023-10-27T16:56:47.584+0000] {processor.py:179} INFO - Processing /home/airflow/.local/lib/python3.8/site-packages/airflow/example_dags/example_task_group_decorator.py took 0.068 seconds
[2023-10-27T16:57:17.601+0000] {processor.py:157} INFO - Started process (PID=3676) to work on /home/airflow/.local/lib/python3.8/site-packages/airflow/example_dags/example_task_group_decorator.py
[2023-10-27T16:57:17.601+0000] {processor.py:829} INFO - Processing file /home/airflow/.local/lib/python3.8/site-packages/airflow/example_dags/example_task_group_decorator.py for tasks to queue
[2023-10-27T16:57:17.602+0000] {logging_mixin.py:151} INFO - [2023-10-27T16:57:17.602+0000] {dagbag.py:536} INFO - Filling up the DagBag from /home/airflow/.local/lib/python3.8/site-packages/airflow/example_dags/example_task_group_decorator.py
[2023-10-27T16:57:17.611+0000] {processor.py:839} INFO - DAG(s) dict_keys(['example_task_group_decorator']) retrieved from /home/airflow/.local/lib/python3.8/site-packages/airflow/example_dags/example_task_group_decorator.py
[2023-10-27T16:57:17.626+0000] {logging_mixin.py:151} INFO - [2023-10-27T16:57:17.626+0000] {dag.py:2941} INFO - Sync 1 DAGs
[2023-10-27T16:57:17.640+0000] {logging_mixin.py:151} INFO - [2023-10-27T16:57:17.640+0000] {dag.py:3722} INFO - Setting next_dagrun for example_task_group_decorator to 2023-10-26T16:57:17.640482+00:00, run_after=2023-10-27T16:57:17.640482+00:00
[2023-10-27T16:57:17.652+0000] {processor.py:179} INFO - Processing /home/airflow/.local/lib/python3.8/site-packages/airflow/example_dags/example_task_group_decorator.py took 0.053 seconds
[2023-10-27T16:57:48.592+0000] {processor.py:157} INFO - Started process (PID=3732) to work on /home/airflow/.local/lib/python3.8/site-packages/airflow/example_dags/example_task_group_decorator.py
[2023-10-27T16:57:48.593+0000] {processor.py:829} INFO - Processing file /home/airflow/.local/lib/python3.8/site-packages/airflow/example_dags/example_task_group_decorator.py for tasks to queue
[2023-10-27T16:57:48.594+0000] {logging_mixin.py:151} INFO - [2023-10-27T16:57:48.594+0000] {dagbag.py:536} INFO - Filling up the DagBag from /home/airflow/.local/lib/python3.8/site-packages/airflow/example_dags/example_task_group_decorator.py
[2023-10-27T16:57:48.603+0000] {processor.py:839} INFO - DAG(s) dict_keys(['example_task_group_decorator']) retrieved from /home/airflow/.local/lib/python3.8/site-packages/airflow/example_dags/example_task_group_decorator.py
[2023-10-27T16:57:48.618+0000] {logging_mixin.py:151} INFO - [2023-10-27T16:57:48.618+0000] {dag.py:2941} INFO - Sync 1 DAGs
[2023-10-27T16:57:48.633+0000] {logging_mixin.py:151} INFO - [2023-10-27T16:57:48.633+0000] {dag.py:3722} INFO - Setting next_dagrun for example_task_group_decorator to 2023-10-26T16:57:48.632911+00:00, run_after=2023-10-27T16:57:48.632911+00:00
[2023-10-27T16:57:48.647+0000] {processor.py:179} INFO - Processing /home/airflow/.local/lib/python3.8/site-packages/airflow/example_dags/example_task_group_decorator.py took 0.057 seconds
[2023-10-27T16:58:19.328+0000] {processor.py:157} INFO - Started process (PID=3789) to work on /home/airflow/.local/lib/python3.8/site-packages/airflow/example_dags/example_task_group_decorator.py
[2023-10-27T16:58:19.328+0000] {processor.py:829} INFO - Processing file /home/airflow/.local/lib/python3.8/site-packages/airflow/example_dags/example_task_group_decorator.py for tasks to queue
[2023-10-27T16:58:19.329+0000] {logging_mixin.py:151} INFO - [2023-10-27T16:58:19.329+0000] {dagbag.py:536} INFO - Filling up the DagBag from /home/airflow/.local/lib/python3.8/site-packages/airflow/example_dags/example_task_group_decorator.py
[2023-10-27T16:58:19.337+0000] {processor.py:839} INFO - DAG(s) dict_keys(['example_task_group_decorator']) retrieved from /home/airflow/.local/lib/python3.8/site-packages/airflow/example_dags/example_task_group_decorator.py
[2023-10-27T16:58:19.352+0000] {logging_mixin.py:151} INFO - [2023-10-27T16:58:19.351+0000] {dag.py:2941} INFO - Sync 1 DAGs
[2023-10-27T16:58:19.365+0000] {logging_mixin.py:151} INFO - [2023-10-27T16:58:19.364+0000] {dag.py:3722} INFO - Setting next_dagrun for example_task_group_decorator to 2023-10-26T16:58:19.364816+00:00, run_after=2023-10-27T16:58:19.364816+00:00
[2023-10-27T16:58:19.374+0000] {processor.py:179} INFO - Processing /home/airflow/.local/lib/python3.8/site-packages/airflow/example_dags/example_task_group_decorator.py took 0.048 seconds
[2023-10-27T16:58:50.276+0000] {processor.py:157} INFO - Started process (PID=3846) to work on /home/airflow/.local/lib/python3.8/site-packages/airflow/example_dags/example_task_group_decorator.py
[2023-10-27T16:58:50.277+0000] {processor.py:829} INFO - Processing file /home/airflow/.local/lib/python3.8/site-packages/airflow/example_dags/example_task_group_decorator.py for tasks to queue
[2023-10-27T16:58:50.278+0000] {logging_mixin.py:151} INFO - [2023-10-27T16:58:50.278+0000] {dagbag.py:536} INFO - Filling up the DagBag from /home/airflow/.local/lib/python3.8/site-packages/airflow/example_dags/example_task_group_decorator.py
[2023-10-27T16:58:50.287+0000] {processor.py:839} INFO - DAG(s) dict_keys(['example_task_group_decorator']) retrieved from /home/airflow/.local/lib/python3.8/site-packages/airflow/example_dags/example_task_group_decorator.py
[2023-10-27T16:58:50.305+0000] {logging_mixin.py:151} INFO - [2023-10-27T16:58:50.305+0000] {dag.py:2941} INFO - Sync 1 DAGs
[2023-10-27T16:58:50.323+0000] {logging_mixin.py:151} INFO - [2023-10-27T16:58:50.323+0000] {dag.py:3722} INFO - Setting next_dagrun for example_task_group_decorator to 2023-10-26T16:58:50.323173+00:00, run_after=2023-10-27T16:58:50.323173+00:00
[2023-10-27T16:58:50.337+0000] {processor.py:179} INFO - Processing /home/airflow/.local/lib/python3.8/site-packages/airflow/example_dags/example_task_group_decorator.py took 0.063 seconds
[2023-10-27T16:59:21.266+0000] {processor.py:157} INFO - Started process (PID=3902) to work on /home/airflow/.local/lib/python3.8/site-packages/airflow/example_dags/example_task_group_decorator.py
[2023-10-27T16:59:21.267+0000] {processor.py:829} INFO - Processing file /home/airflow/.local/lib/python3.8/site-packages/airflow/example_dags/example_task_group_decorator.py for tasks to queue
[2023-10-27T16:59:21.268+0000] {logging_mixin.py:151} INFO - [2023-10-27T16:59:21.268+0000] {dagbag.py:536} INFO - Filling up the DagBag from /home/airflow/.local/lib/python3.8/site-packages/airflow/example_dags/example_task_group_decorator.py
[2023-10-27T16:59:21.277+0000] {processor.py:839} INFO - DAG(s) dict_keys(['example_task_group_decorator']) retrieved from /home/airflow/.local/lib/python3.8/site-packages/airflow/example_dags/example_task_group_decorator.py
[2023-10-27T16:59:21.292+0000] {logging_mixin.py:151} INFO - [2023-10-27T16:59:21.292+0000] {dag.py:2941} INFO - Sync 1 DAGs
[2023-10-27T16:59:21.307+0000] {logging_mixin.py:151} INFO - [2023-10-27T16:59:21.307+0000] {dag.py:3722} INFO - Setting next_dagrun for example_task_group_decorator to 2023-10-26T16:59:21.307029+00:00, run_after=2023-10-27T16:59:21.307029+00:00
[2023-10-27T16:59:21.318+0000] {processor.py:179} INFO - Processing /home/airflow/.local/lib/python3.8/site-packages/airflow/example_dags/example_task_group_decorator.py took 0.054 seconds
[2023-10-27T16:59:52.008+0000] {processor.py:157} INFO - Started process (PID=3958) to work on /home/airflow/.local/lib/python3.8/site-packages/airflow/example_dags/example_task_group_decorator.py
[2023-10-27T16:59:52.009+0000] {processor.py:829} INFO - Processing file /home/airflow/.local/lib/python3.8/site-packages/airflow/example_dags/example_task_group_decorator.py for tasks to queue
[2023-10-27T16:59:52.010+0000] {logging_mixin.py:151} INFO - [2023-10-27T16:59:52.010+0000] {dagbag.py:536} INFO - Filling up the DagBag from /home/airflow/.local/lib/python3.8/site-packages/airflow/example_dags/example_task_group_decorator.py
[2023-10-27T16:59:52.018+0000] {processor.py:839} INFO - DAG(s) dict_keys(['example_task_group_decorator']) retrieved from /home/airflow/.local/lib/python3.8/site-packages/airflow/example_dags/example_task_group_decorator.py
[2023-10-27T16:59:52.033+0000] {logging_mixin.py:151} INFO - [2023-10-27T16:59:52.033+0000] {dag.py:2941} INFO - Sync 1 DAGs
[2023-10-27T16:59:52.046+0000] {logging_mixin.py:151} INFO - [2023-10-27T16:59:52.046+0000] {dag.py:3722} INFO - Setting next_dagrun for example_task_group_decorator to 2023-10-26T16:59:52.046409+00:00, run_after=2023-10-27T16:59:52.046409+00:00
[2023-10-27T16:59:52.057+0000] {processor.py:179} INFO - Processing /home/airflow/.local/lib/python3.8/site-packages/airflow/example_dags/example_task_group_decorator.py took 0.051 seconds
[2023-10-27T17:00:22.774+0000] {processor.py:157} INFO - Started process (PID=4014) to work on /home/airflow/.local/lib/python3.8/site-packages/airflow/example_dags/example_task_group_decorator.py
[2023-10-27T17:00:22.775+0000] {processor.py:829} INFO - Processing file /home/airflow/.local/lib/python3.8/site-packages/airflow/example_dags/example_task_group_decorator.py for tasks to queue
[2023-10-27T17:00:22.776+0000] {logging_mixin.py:151} INFO - [2023-10-27T17:00:22.776+0000] {dagbag.py:536} INFO - Filling up the DagBag from /home/airflow/.local/lib/python3.8/site-packages/airflow/example_dags/example_task_group_decorator.py
[2023-10-27T17:00:22.788+0000] {processor.py:839} INFO - DAG(s) dict_keys(['example_task_group_decorator']) retrieved from /home/airflow/.local/lib/python3.8/site-packages/airflow/example_dags/example_task_group_decorator.py
[2023-10-27T17:00:22.802+0000] {logging_mixin.py:151} INFO - [2023-10-27T17:00:22.802+0000] {dag.py:2941} INFO - Sync 1 DAGs
[2023-10-27T17:00:22.830+0000] {logging_mixin.py:151} INFO - [2023-10-27T17:00:22.830+0000] {dag.py:3722} INFO - Setting next_dagrun for example_task_group_decorator to 2023-10-26T17:00:22.830050+00:00, run_after=2023-10-27T17:00:22.830050+00:00
[2023-10-27T17:00:22.844+0000] {processor.py:179} INFO - Processing /home/airflow/.local/lib/python3.8/site-packages/airflow/example_dags/example_task_group_decorator.py took 0.073 seconds
[2023-10-27T17:00:53.767+0000] {processor.py:157} INFO - Started process (PID=4070) to work on /home/airflow/.local/lib/python3.8/site-packages/airflow/example_dags/example_task_group_decorator.py
[2023-10-27T17:00:53.768+0000] {processor.py:829} INFO - Processing file /home/airflow/.local/lib/python3.8/site-packages/airflow/example_dags/example_task_group_decorator.py for tasks to queue
[2023-10-27T17:00:53.769+0000] {logging_mixin.py:151} INFO - [2023-10-27T17:00:53.769+0000] {dagbag.py:536} INFO - Filling up the DagBag from /home/airflow/.local/lib/python3.8/site-packages/airflow/example_dags/example_task_group_decorator.py
[2023-10-27T17:00:53.778+0000] {processor.py:839} INFO - DAG(s) dict_keys(['example_task_group_decorator']) retrieved from /home/airflow/.local/lib/python3.8/site-packages/airflow/example_dags/example_task_group_decorator.py
[2023-10-27T17:00:53.793+0000] {logging_mixin.py:151} INFO - [2023-10-27T17:00:53.793+0000] {dag.py:2941} INFO - Sync 1 DAGs
[2023-10-27T17:00:53.808+0000] {logging_mixin.py:151} INFO - [2023-10-27T17:00:53.808+0000] {dag.py:3722} INFO - Setting next_dagrun for example_task_group_decorator to 2023-10-26T17:00:53.808590+00:00, run_after=2023-10-27T17:00:53.808590+00:00
[2023-10-27T17:00:53.823+0000] {processor.py:179} INFO - Processing /home/airflow/.local/lib/python3.8/site-packages/airflow/example_dags/example_task_group_decorator.py took 0.058 seconds
[2023-10-27T17:01:24.714+0000] {processor.py:157} INFO - Started process (PID=4133) to work on /home/airflow/.local/lib/python3.8/site-packages/airflow/example_dags/example_task_group_decorator.py
[2023-10-27T17:01:24.715+0000] {processor.py:829} INFO - Processing file /home/airflow/.local/lib/python3.8/site-packages/airflow/example_dags/example_task_group_decorator.py for tasks to queue
[2023-10-27T17:01:24.717+0000] {logging_mixin.py:151} INFO - [2023-10-27T17:01:24.716+0000] {dagbag.py:536} INFO - Filling up the DagBag from /home/airflow/.local/lib/python3.8/site-packages/airflow/example_dags/example_task_group_decorator.py
[2023-10-27T17:01:24.725+0000] {processor.py:839} INFO - DAG(s) dict_keys(['example_task_group_decorator']) retrieved from /home/airflow/.local/lib/python3.8/site-packages/airflow/example_dags/example_task_group_decorator.py
[2023-10-27T17:01:24.740+0000] {logging_mixin.py:151} INFO - [2023-10-27T17:01:24.740+0000] {dag.py:2941} INFO - Sync 1 DAGs
[2023-10-27T17:01:24.753+0000] {logging_mixin.py:151} INFO - [2023-10-27T17:01:24.753+0000] {dag.py:3722} INFO - Setting next_dagrun for example_task_group_decorator to 2023-10-26T17:01:24.753395+00:00, run_after=2023-10-27T17:01:24.753395+00:00
[2023-10-27T17:01:24.764+0000] {processor.py:179} INFO - Processing /home/airflow/.local/lib/python3.8/site-packages/airflow/example_dags/example_task_group_decorator.py took 0.052 seconds
[2023-10-27T17:01:55.417+0000] {processor.py:157} INFO - Started process (PID=4189) to work on /home/airflow/.local/lib/python3.8/site-packages/airflow/example_dags/example_task_group_decorator.py
[2023-10-27T17:01:55.418+0000] {processor.py:829} INFO - Processing file /home/airflow/.local/lib/python3.8/site-packages/airflow/example_dags/example_task_group_decorator.py for tasks to queue
[2023-10-27T17:01:55.419+0000] {logging_mixin.py:151} INFO - [2023-10-27T17:01:55.419+0000] {dagbag.py:536} INFO - Filling up the DagBag from /home/airflow/.local/lib/python3.8/site-packages/airflow/example_dags/example_task_group_decorator.py
[2023-10-27T17:01:55.428+0000] {processor.py:839} INFO - DAG(s) dict_keys(['example_task_group_decorator']) retrieved from /home/airflow/.local/lib/python3.8/site-packages/airflow/example_dags/example_task_group_decorator.py
[2023-10-27T17:01:55.442+0000] {logging_mixin.py:151} INFO - [2023-10-27T17:01:55.442+0000] {dag.py:2941} INFO - Sync 1 DAGs
[2023-10-27T17:01:55.456+0000] {logging_mixin.py:151} INFO - [2023-10-27T17:01:55.456+0000] {dag.py:3722} INFO - Setting next_dagrun for example_task_group_decorator to 2023-10-26T17:01:55.456533+00:00, run_after=2023-10-27T17:01:55.456533+00:00
[2023-10-27T17:01:55.468+0000] {processor.py:179} INFO - Processing /home/airflow/.local/lib/python3.8/site-packages/airflow/example_dags/example_task_group_decorator.py took 0.052 seconds
[2023-10-27T17:02:26.379+0000] {processor.py:157} INFO - Started process (PID=4245) to work on /home/airflow/.local/lib/python3.8/site-packages/airflow/example_dags/example_task_group_decorator.py
[2023-10-27T17:02:26.380+0000] {processor.py:829} INFO - Processing file /home/airflow/.local/lib/python3.8/site-packages/airflow/example_dags/example_task_group_decorator.py for tasks to queue
[2023-10-27T17:02:26.381+0000] {logging_mixin.py:151} INFO - [2023-10-27T17:02:26.381+0000] {dagbag.py:536} INFO - Filling up the DagBag from /home/airflow/.local/lib/python3.8/site-packages/airflow/example_dags/example_task_group_decorator.py
[2023-10-27T17:02:26.389+0000] {processor.py:839} INFO - DAG(s) dict_keys(['example_task_group_decorator']) retrieved from /home/airflow/.local/lib/python3.8/site-packages/airflow/example_dags/example_task_group_decorator.py
[2023-10-27T17:02:26.405+0000] {logging_mixin.py:151} INFO - [2023-10-27T17:02:26.405+0000] {dag.py:2941} INFO - Sync 1 DAGs
[2023-10-27T17:02:26.420+0000] {logging_mixin.py:151} INFO - [2023-10-27T17:02:26.420+0000] {dag.py:3722} INFO - Setting next_dagrun for example_task_group_decorator to 2023-10-26T17:02:26.420312+00:00, run_after=2023-10-27T17:02:26.420312+00:00
[2023-10-27T17:02:26.433+0000] {processor.py:179} INFO - Processing /home/airflow/.local/lib/python3.8/site-packages/airflow/example_dags/example_task_group_decorator.py took 0.056 seconds
[2023-10-27T17:02:57.269+0000] {processor.py:157} INFO - Started process (PID=4301) to work on /home/airflow/.local/lib/python3.8/site-packages/airflow/example_dags/example_task_group_decorator.py
[2023-10-27T17:02:57.270+0000] {processor.py:829} INFO - Processing file /home/airflow/.local/lib/python3.8/site-packages/airflow/example_dags/example_task_group_decorator.py for tasks to queue
[2023-10-27T17:02:57.271+0000] {logging_mixin.py:151} INFO - [2023-10-27T17:02:57.271+0000] {dagbag.py:536} INFO - Filling up the DagBag from /home/airflow/.local/lib/python3.8/site-packages/airflow/example_dags/example_task_group_decorator.py
[2023-10-27T17:02:57.279+0000] {processor.py:839} INFO - DAG(s) dict_keys(['example_task_group_decorator']) retrieved from /home/airflow/.local/lib/python3.8/site-packages/airflow/example_dags/example_task_group_decorator.py
[2023-10-27T17:02:57.297+0000] {logging_mixin.py:151} INFO - [2023-10-27T17:02:57.297+0000] {dag.py:2941} INFO - Sync 1 DAGs
[2023-10-27T17:02:57.314+0000] {logging_mixin.py:151} INFO - [2023-10-27T17:02:57.314+0000] {dag.py:3722} INFO - Setting next_dagrun for example_task_group_decorator to 2023-10-26T17:02:57.314528+00:00, run_after=2023-10-27T17:02:57.314528+00:00
[2023-10-27T17:02:57.326+0000] {processor.py:179} INFO - Processing /home/airflow/.local/lib/python3.8/site-packages/airflow/example_dags/example_task_group_decorator.py took 0.059 seconds
[2023-10-27T17:03:28.240+0000] {processor.py:157} INFO - Started process (PID=4358) to work on /home/airflow/.local/lib/python3.8/site-packages/airflow/example_dags/example_task_group_decorator.py
[2023-10-27T17:03:28.240+0000] {processor.py:829} INFO - Processing file /home/airflow/.local/lib/python3.8/site-packages/airflow/example_dags/example_task_group_decorator.py for tasks to queue
[2023-10-27T17:03:28.242+0000] {logging_mixin.py:151} INFO - [2023-10-27T17:03:28.241+0000] {dagbag.py:536} INFO - Filling up the DagBag from /home/airflow/.local/lib/python3.8/site-packages/airflow/example_dags/example_task_group_decorator.py
[2023-10-27T17:03:28.250+0000] {processor.py:839} INFO - DAG(s) dict_keys(['example_task_group_decorator']) retrieved from /home/airflow/.local/lib/python3.8/site-packages/airflow/example_dags/example_task_group_decorator.py
[2023-10-27T17:03:28.266+0000] {logging_mixin.py:151} INFO - [2023-10-27T17:03:28.265+0000] {dag.py:2941} INFO - Sync 1 DAGs
[2023-10-27T17:03:28.280+0000] {logging_mixin.py:151} INFO - [2023-10-27T17:03:28.280+0000] {dag.py:3722} INFO - Setting next_dagrun for example_task_group_decorator to 2023-10-26T17:03:28.280195+00:00, run_after=2023-10-27T17:03:28.280195+00:00
[2023-10-27T17:03:28.291+0000] {processor.py:179} INFO - Processing /home/airflow/.local/lib/python3.8/site-packages/airflow/example_dags/example_task_group_decorator.py took 0.053 seconds
[2023-10-27T17:03:59.214+0000] {processor.py:157} INFO - Started process (PID=4414) to work on /home/airflow/.local/lib/python3.8/site-packages/airflow/example_dags/example_task_group_decorator.py
[2023-10-27T17:03:59.215+0000] {processor.py:829} INFO - Processing file /home/airflow/.local/lib/python3.8/site-packages/airflow/example_dags/example_task_group_decorator.py for tasks to queue
[2023-10-27T17:03:59.217+0000] {logging_mixin.py:151} INFO - [2023-10-27T17:03:59.216+0000] {dagbag.py:536} INFO - Filling up the DagBag from /home/airflow/.local/lib/python3.8/site-packages/airflow/example_dags/example_task_group_decorator.py
[2023-10-27T17:03:59.231+0000] {processor.py:839} INFO - DAG(s) dict_keys(['example_task_group_decorator']) retrieved from /home/airflow/.local/lib/python3.8/site-packages/airflow/example_dags/example_task_group_decorator.py
[2023-10-27T17:03:59.254+0000] {logging_mixin.py:151} INFO - [2023-10-27T17:03:59.253+0000] {dag.py:2941} INFO - Sync 1 DAGs
[2023-10-27T17:03:59.275+0000] {logging_mixin.py:151} INFO - [2023-10-27T17:03:59.275+0000] {dag.py:3722} INFO - Setting next_dagrun for example_task_group_decorator to 2023-10-26T17:03:59.274951+00:00, run_after=2023-10-27T17:03:59.274951+00:00
[2023-10-27T17:03:59.291+0000] {processor.py:179} INFO - Processing /home/airflow/.local/lib/python3.8/site-packages/airflow/example_dags/example_task_group_decorator.py took 0.079 seconds
[2023-10-27T17:04:30.161+0000] {processor.py:157} INFO - Started process (PID=4470) to work on /home/airflow/.local/lib/python3.8/site-packages/airflow/example_dags/example_task_group_decorator.py
[2023-10-27T17:04:30.161+0000] {processor.py:829} INFO - Processing file /home/airflow/.local/lib/python3.8/site-packages/airflow/example_dags/example_task_group_decorator.py for tasks to queue
[2023-10-27T17:04:30.163+0000] {logging_mixin.py:151} INFO - [2023-10-27T17:04:30.162+0000] {dagbag.py:536} INFO - Filling up the DagBag from /home/airflow/.local/lib/python3.8/site-packages/airflow/example_dags/example_task_group_decorator.py
[2023-10-27T17:04:30.173+0000] {processor.py:839} INFO - DAG(s) dict_keys(['example_task_group_decorator']) retrieved from /home/airflow/.local/lib/python3.8/site-packages/airflow/example_dags/example_task_group_decorator.py
[2023-10-27T17:04:30.187+0000] {logging_mixin.py:151} INFO - [2023-10-27T17:04:30.187+0000] {dag.py:2941} INFO - Sync 1 DAGs
[2023-10-27T17:04:30.202+0000] {logging_mixin.py:151} INFO - [2023-10-27T17:04:30.201+0000] {dag.py:3722} INFO - Setting next_dagrun for example_task_group_decorator to 2023-10-26T17:04:30.201796+00:00, run_after=2023-10-27T17:04:30.201796+00:00
[2023-10-27T17:04:30.214+0000] {processor.py:179} INFO - Processing /home/airflow/.local/lib/python3.8/site-packages/airflow/example_dags/example_task_group_decorator.py took 0.055 seconds
[2023-10-27T17:05:01.078+0000] {processor.py:157} INFO - Started process (PID=4527) to work on /home/airflow/.local/lib/python3.8/site-packages/airflow/example_dags/example_task_group_decorator.py
[2023-10-27T17:05:01.085+0000] {processor.py:829} INFO - Processing file /home/airflow/.local/lib/python3.8/site-packages/airflow/example_dags/example_task_group_decorator.py for tasks to queue
[2023-10-27T17:05:01.087+0000] {logging_mixin.py:151} INFO - [2023-10-27T17:05:01.087+0000] {dagbag.py:536} INFO - Filling up the DagBag from /home/airflow/.local/lib/python3.8/site-packages/airflow/example_dags/example_task_group_decorator.py
[2023-10-27T17:05:01.101+0000] {processor.py:839} INFO - DAG(s) dict_keys(['example_task_group_decorator']) retrieved from /home/airflow/.local/lib/python3.8/site-packages/airflow/example_dags/example_task_group_decorator.py
[2023-10-27T17:05:01.121+0000] {logging_mixin.py:151} INFO - [2023-10-27T17:05:01.120+0000] {dag.py:2941} INFO - Sync 1 DAGs
[2023-10-27T17:05:01.140+0000] {logging_mixin.py:151} INFO - [2023-10-27T17:05:01.140+0000] {dag.py:3722} INFO - Setting next_dagrun for example_task_group_decorator to 2023-10-26T17:05:01.140442+00:00, run_after=2023-10-27T17:05:01.140442+00:00
[2023-10-27T17:05:01.157+0000] {processor.py:179} INFO - Processing /home/airflow/.local/lib/python3.8/site-packages/airflow/example_dags/example_task_group_decorator.py took 0.081 seconds
[2023-10-27T17:05:31.919+0000] {processor.py:157} INFO - Started process (PID=4583) to work on /home/airflow/.local/lib/python3.8/site-packages/airflow/example_dags/example_task_group_decorator.py
[2023-10-27T17:05:31.920+0000] {processor.py:829} INFO - Processing file /home/airflow/.local/lib/python3.8/site-packages/airflow/example_dags/example_task_group_decorator.py for tasks to queue
[2023-10-27T17:05:31.921+0000] {logging_mixin.py:151} INFO - [2023-10-27T17:05:31.921+0000] {dagbag.py:536} INFO - Filling up the DagBag from /home/airflow/.local/lib/python3.8/site-packages/airflow/example_dags/example_task_group_decorator.py
[2023-10-27T17:05:31.930+0000] {processor.py:839} INFO - DAG(s) dict_keys(['example_task_group_decorator']) retrieved from /home/airflow/.local/lib/python3.8/site-packages/airflow/example_dags/example_task_group_decorator.py
[2023-10-27T17:05:31.946+0000] {logging_mixin.py:151} INFO - [2023-10-27T17:05:31.946+0000] {dag.py:2941} INFO - Sync 1 DAGs
[2023-10-27T17:05:31.961+0000] {logging_mixin.py:151} INFO - [2023-10-27T17:05:31.960+0000] {dag.py:3722} INFO - Setting next_dagrun for example_task_group_decorator to 2023-10-26T17:05:31.960801+00:00, run_after=2023-10-27T17:05:31.960801+00:00
[2023-10-27T17:05:31.973+0000] {processor.py:179} INFO - Processing /home/airflow/.local/lib/python3.8/site-packages/airflow/example_dags/example_task_group_decorator.py took 0.056 seconds
[2023-10-27T17:06:02.800+0000] {processor.py:157} INFO - Started process (PID=4639) to work on /home/airflow/.local/lib/python3.8/site-packages/airflow/example_dags/example_task_group_decorator.py
[2023-10-27T17:06:02.801+0000] {processor.py:829} INFO - Processing file /home/airflow/.local/lib/python3.8/site-packages/airflow/example_dags/example_task_group_decorator.py for tasks to queue
[2023-10-27T17:06:02.802+0000] {logging_mixin.py:151} INFO - [2023-10-27T17:06:02.802+0000] {dagbag.py:536} INFO - Filling up the DagBag from /home/airflow/.local/lib/python3.8/site-packages/airflow/example_dags/example_task_group_decorator.py
[2023-10-27T17:06:02.810+0000] {processor.py:839} INFO - DAG(s) dict_keys(['example_task_group_decorator']) retrieved from /home/airflow/.local/lib/python3.8/site-packages/airflow/example_dags/example_task_group_decorator.py
[2023-10-27T17:06:02.825+0000] {logging_mixin.py:151} INFO - [2023-10-27T17:06:02.824+0000] {dag.py:2941} INFO - Sync 1 DAGs
[2023-10-27T17:06:02.837+0000] {logging_mixin.py:151} INFO - [2023-10-27T17:06:02.837+0000] {dag.py:3722} INFO - Setting next_dagrun for example_task_group_decorator to 2023-10-26T17:06:02.837533+00:00, run_after=2023-10-27T17:06:02.837533+00:00
[2023-10-27T17:06:02.847+0000] {processor.py:179} INFO - Processing /home/airflow/.local/lib/python3.8/site-packages/airflow/example_dags/example_task_group_decorator.py took 0.049 seconds
[2023-10-27T17:06:32.942+0000] {processor.py:157} INFO - Started process (PID=4695) to work on /home/airflow/.local/lib/python3.8/site-packages/airflow/example_dags/example_task_group_decorator.py
[2023-10-27T17:06:32.942+0000] {processor.py:829} INFO - Processing file /home/airflow/.local/lib/python3.8/site-packages/airflow/example_dags/example_task_group_decorator.py for tasks to queue
[2023-10-27T17:06:32.944+0000] {logging_mixin.py:151} INFO - [2023-10-27T17:06:32.943+0000] {dagbag.py:536} INFO - Filling up the DagBag from /home/airflow/.local/lib/python3.8/site-packages/airflow/example_dags/example_task_group_decorator.py
[2023-10-27T17:06:32.952+0000] {processor.py:839} INFO - DAG(s) dict_keys(['example_task_group_decorator']) retrieved from /home/airflow/.local/lib/python3.8/site-packages/airflow/example_dags/example_task_group_decorator.py
[2023-10-27T17:06:32.968+0000] {logging_mixin.py:151} INFO - [2023-10-27T17:06:32.968+0000] {dag.py:2941} INFO - Sync 1 DAGs
[2023-10-27T17:06:32.981+0000] {logging_mixin.py:151} INFO - [2023-10-27T17:06:32.981+0000] {dag.py:3722} INFO - Setting next_dagrun for example_task_group_decorator to 2023-10-26T17:06:32.981545+00:00, run_after=2023-10-27T17:06:32.981545+00:00
[2023-10-27T17:06:32.993+0000] {processor.py:179} INFO - Processing /home/airflow/.local/lib/python3.8/site-packages/airflow/example_dags/example_task_group_decorator.py took 0.053 seconds
[2023-10-27T17:07:03.063+0000] {processor.py:157} INFO - Started process (PID=4751) to work on /home/airflow/.local/lib/python3.8/site-packages/airflow/example_dags/example_task_group_decorator.py
[2023-10-27T17:07:03.064+0000] {processor.py:829} INFO - Processing file /home/airflow/.local/lib/python3.8/site-packages/airflow/example_dags/example_task_group_decorator.py for tasks to queue
[2023-10-27T17:07:03.065+0000] {logging_mixin.py:151} INFO - [2023-10-27T17:07:03.065+0000] {dagbag.py:536} INFO - Filling up the DagBag from /home/airflow/.local/lib/python3.8/site-packages/airflow/example_dags/example_task_group_decorator.py
[2023-10-27T17:07:03.073+0000] {processor.py:839} INFO - DAG(s) dict_keys(['example_task_group_decorator']) retrieved from /home/airflow/.local/lib/python3.8/site-packages/airflow/example_dags/example_task_group_decorator.py
[2023-10-27T17:07:03.087+0000] {logging_mixin.py:151} INFO - [2023-10-27T17:07:03.087+0000] {dag.py:2941} INFO - Sync 1 DAGs
[2023-10-27T17:07:03.101+0000] {logging_mixin.py:151} INFO - [2023-10-27T17:07:03.100+0000] {dag.py:3722} INFO - Setting next_dagrun for example_task_group_decorator to 2023-10-26T17:07:03.100796+00:00, run_after=2023-10-27T17:07:03.100796+00:00
[2023-10-27T17:07:03.111+0000] {processor.py:179} INFO - Processing /home/airflow/.local/lib/python3.8/site-packages/airflow/example_dags/example_task_group_decorator.py took 0.050 seconds
[2023-10-27T17:07:33.222+0000] {processor.py:157} INFO - Started process (PID=4807) to work on /home/airflow/.local/lib/python3.8/site-packages/airflow/example_dags/example_task_group_decorator.py
[2023-10-27T17:07:33.222+0000] {processor.py:829} INFO - Processing file /home/airflow/.local/lib/python3.8/site-packages/airflow/example_dags/example_task_group_decorator.py for tasks to queue
[2023-10-27T17:07:33.223+0000] {logging_mixin.py:151} INFO - [2023-10-27T17:07:33.223+0000] {dagbag.py:536} INFO - Filling up the DagBag from /home/airflow/.local/lib/python3.8/site-packages/airflow/example_dags/example_task_group_decorator.py
[2023-10-27T17:07:33.232+0000] {processor.py:839} INFO - DAG(s) dict_keys(['example_task_group_decorator']) retrieved from /home/airflow/.local/lib/python3.8/site-packages/airflow/example_dags/example_task_group_decorator.py
[2023-10-27T17:07:33.246+0000] {logging_mixin.py:151} INFO - [2023-10-27T17:07:33.246+0000] {dag.py:2941} INFO - Sync 1 DAGs
[2023-10-27T17:07:33.259+0000] {logging_mixin.py:151} INFO - [2023-10-27T17:07:33.259+0000] {dag.py:3722} INFO - Setting next_dagrun for example_task_group_decorator to 2023-10-26T17:07:33.259251+00:00, run_after=2023-10-27T17:07:33.259251+00:00
[2023-10-27T17:07:33.270+0000] {processor.py:179} INFO - Processing /home/airflow/.local/lib/python3.8/site-packages/airflow/example_dags/example_task_group_decorator.py took 0.050 seconds
[2023-10-27T17:08:03.358+0000] {processor.py:157} INFO - Started process (PID=4863) to work on /home/airflow/.local/lib/python3.8/site-packages/airflow/example_dags/example_task_group_decorator.py
[2023-10-27T17:08:03.358+0000] {processor.py:829} INFO - Processing file /home/airflow/.local/lib/python3.8/site-packages/airflow/example_dags/example_task_group_decorator.py for tasks to queue
[2023-10-27T17:08:03.359+0000] {logging_mixin.py:151} INFO - [2023-10-27T17:08:03.359+0000] {dagbag.py:536} INFO - Filling up the DagBag from /home/airflow/.local/lib/python3.8/site-packages/airflow/example_dags/example_task_group_decorator.py
[2023-10-27T17:08:03.368+0000] {processor.py:839} INFO - DAG(s) dict_keys(['example_task_group_decorator']) retrieved from /home/airflow/.local/lib/python3.8/site-packages/airflow/example_dags/example_task_group_decorator.py
[2023-10-27T17:08:03.382+0000] {logging_mixin.py:151} INFO - [2023-10-27T17:08:03.382+0000] {dag.py:2941} INFO - Sync 1 DAGs
[2023-10-27T17:08:03.396+0000] {logging_mixin.py:151} INFO - [2023-10-27T17:08:03.396+0000] {dag.py:3722} INFO - Setting next_dagrun for example_task_group_decorator to 2023-10-26T17:08:03.396401+00:00, run_after=2023-10-27T17:08:03.396401+00:00
[2023-10-27T17:08:03.410+0000] {processor.py:179} INFO - Processing /home/airflow/.local/lib/python3.8/site-packages/airflow/example_dags/example_task_group_decorator.py took 0.055 seconds
[2023-10-27T17:08:34.163+0000] {processor.py:157} INFO - Started process (PID=4919) to work on /home/airflow/.local/lib/python3.8/site-packages/airflow/example_dags/example_task_group_decorator.py
[2023-10-27T17:08:34.164+0000] {processor.py:829} INFO - Processing file /home/airflow/.local/lib/python3.8/site-packages/airflow/example_dags/example_task_group_decorator.py for tasks to queue
[2023-10-27T17:08:34.165+0000] {logging_mixin.py:151} INFO - [2023-10-27T17:08:34.165+0000] {dagbag.py:536} INFO - Filling up the DagBag from /home/airflow/.local/lib/python3.8/site-packages/airflow/example_dags/example_task_group_decorator.py
[2023-10-27T17:08:34.174+0000] {processor.py:839} INFO - DAG(s) dict_keys(['example_task_group_decorator']) retrieved from /home/airflow/.local/lib/python3.8/site-packages/airflow/example_dags/example_task_group_decorator.py
[2023-10-27T17:08:34.189+0000] {logging_mixin.py:151} INFO - [2023-10-27T17:08:34.189+0000] {dag.py:2941} INFO - Sync 1 DAGs
[2023-10-27T17:08:34.202+0000] {logging_mixin.py:151} INFO - [2023-10-27T17:08:34.202+0000] {dag.py:3722} INFO - Setting next_dagrun for example_task_group_decorator to 2023-10-26T17:08:34.202379+00:00, run_after=2023-10-27T17:08:34.202379+00:00
[2023-10-27T17:08:34.213+0000] {processor.py:179} INFO - Processing /home/airflow/.local/lib/python3.8/site-packages/airflow/example_dags/example_task_group_decorator.py took 0.052 seconds
[2023-10-27T17:09:04.920+0000] {processor.py:157} INFO - Started process (PID=4975) to work on /home/airflow/.local/lib/python3.8/site-packages/airflow/example_dags/example_task_group_decorator.py
[2023-10-27T17:09:04.920+0000] {processor.py:829} INFO - Processing file /home/airflow/.local/lib/python3.8/site-packages/airflow/example_dags/example_task_group_decorator.py for tasks to queue
[2023-10-27T17:09:04.922+0000] {logging_mixin.py:151} INFO - [2023-10-27T17:09:04.922+0000] {dagbag.py:536} INFO - Filling up the DagBag from /home/airflow/.local/lib/python3.8/site-packages/airflow/example_dags/example_task_group_decorator.py
[2023-10-27T17:09:04.931+0000] {processor.py:839} INFO - DAG(s) dict_keys(['example_task_group_decorator']) retrieved from /home/airflow/.local/lib/python3.8/site-packages/airflow/example_dags/example_task_group_decorator.py
[2023-10-27T17:09:04.946+0000] {logging_mixin.py:151} INFO - [2023-10-27T17:09:04.945+0000] {dag.py:2941} INFO - Sync 1 DAGs
[2023-10-27T17:09:04.958+0000] {logging_mixin.py:151} INFO - [2023-10-27T17:09:04.958+0000] {dag.py:3722} INFO - Setting next_dagrun for example_task_group_decorator to 2023-10-26T17:09:04.958593+00:00, run_after=2023-10-27T17:09:04.958593+00:00
[2023-10-27T17:09:04.970+0000] {processor.py:179} INFO - Processing /home/airflow/.local/lib/python3.8/site-packages/airflow/example_dags/example_task_group_decorator.py took 0.052 seconds
[2023-10-27T17:09:35.669+0000] {processor.py:157} INFO - Started process (PID=5032) to work on /home/airflow/.local/lib/python3.8/site-packages/airflow/example_dags/example_task_group_decorator.py
[2023-10-27T17:09:35.670+0000] {processor.py:829} INFO - Processing file /home/airflow/.local/lib/python3.8/site-packages/airflow/example_dags/example_task_group_decorator.py for tasks to queue
[2023-10-27T17:09:35.671+0000] {logging_mixin.py:151} INFO - [2023-10-27T17:09:35.671+0000] {dagbag.py:536} INFO - Filling up the DagBag from /home/airflow/.local/lib/python3.8/site-packages/airflow/example_dags/example_task_group_decorator.py
[2023-10-27T17:09:35.679+0000] {processor.py:839} INFO - DAG(s) dict_keys(['example_task_group_decorator']) retrieved from /home/airflow/.local/lib/python3.8/site-packages/airflow/example_dags/example_task_group_decorator.py
[2023-10-27T17:09:35.693+0000] {logging_mixin.py:151} INFO - [2023-10-27T17:09:35.693+0000] {dag.py:2941} INFO - Sync 1 DAGs
[2023-10-27T17:09:35.706+0000] {logging_mixin.py:151} INFO - [2023-10-27T17:09:35.706+0000] {dag.py:3722} INFO - Setting next_dagrun for example_task_group_decorator to 2023-10-26T17:09:35.706661+00:00, run_after=2023-10-27T17:09:35.706661+00:00
[2023-10-27T17:09:35.740+0000] {processor.py:179} INFO - Processing /home/airflow/.local/lib/python3.8/site-packages/airflow/example_dags/example_task_group_decorator.py took 0.073 seconds
[2023-10-27T17:10:06.415+0000] {processor.py:157} INFO - Started process (PID=5088) to work on /home/airflow/.local/lib/python3.8/site-packages/airflow/example_dags/example_task_group_decorator.py
[2023-10-27T17:10:06.415+0000] {processor.py:829} INFO - Processing file /home/airflow/.local/lib/python3.8/site-packages/airflow/example_dags/example_task_group_decorator.py for tasks to queue
[2023-10-27T17:10:06.416+0000] {logging_mixin.py:151} INFO - [2023-10-27T17:10:06.416+0000] {dagbag.py:536} INFO - Filling up the DagBag from /home/airflow/.local/lib/python3.8/site-packages/airflow/example_dags/example_task_group_decorator.py
[2023-10-27T17:10:06.424+0000] {processor.py:839} INFO - DAG(s) dict_keys(['example_task_group_decorator']) retrieved from /home/airflow/.local/lib/python3.8/site-packages/airflow/example_dags/example_task_group_decorator.py
[2023-10-27T17:10:06.438+0000] {logging_mixin.py:151} INFO - [2023-10-27T17:10:06.438+0000] {dag.py:2941} INFO - Sync 1 DAGs
[2023-10-27T17:10:06.452+0000] {logging_mixin.py:151} INFO - [2023-10-27T17:10:06.452+0000] {dag.py:3722} INFO - Setting next_dagrun for example_task_group_decorator to 2023-10-26T17:10:06.451908+00:00, run_after=2023-10-27T17:10:06.451908+00:00
[2023-10-27T17:10:06.463+0000] {processor.py:179} INFO - Processing /home/airflow/.local/lib/python3.8/site-packages/airflow/example_dags/example_task_group_decorator.py took 0.050 seconds
[2023-10-27T17:10:37.134+0000] {processor.py:157} INFO - Started process (PID=5144) to work on /home/airflow/.local/lib/python3.8/site-packages/airflow/example_dags/example_task_group_decorator.py
[2023-10-27T17:10:37.135+0000] {processor.py:829} INFO - Processing file /home/airflow/.local/lib/python3.8/site-packages/airflow/example_dags/example_task_group_decorator.py for tasks to queue
[2023-10-27T17:10:37.136+0000] {logging_mixin.py:151} INFO - [2023-10-27T17:10:37.136+0000] {dagbag.py:536} INFO - Filling up the DagBag from /home/airflow/.local/lib/python3.8/site-packages/airflow/example_dags/example_task_group_decorator.py
[2023-10-27T17:10:37.144+0000] {processor.py:839} INFO - DAG(s) dict_keys(['example_task_group_decorator']) retrieved from /home/airflow/.local/lib/python3.8/site-packages/airflow/example_dags/example_task_group_decorator.py
[2023-10-27T17:10:37.158+0000] {logging_mixin.py:151} INFO - [2023-10-27T17:10:37.158+0000] {dag.py:2941} INFO - Sync 1 DAGs
[2023-10-27T17:10:37.171+0000] {logging_mixin.py:151} INFO - [2023-10-27T17:10:37.171+0000] {dag.py:3722} INFO - Setting next_dagrun for example_task_group_decorator to 2023-10-26T17:10:37.171225+00:00, run_after=2023-10-27T17:10:37.171225+00:00
[2023-10-27T17:10:37.182+0000] {processor.py:179} INFO - Processing /home/airflow/.local/lib/python3.8/site-packages/airflow/example_dags/example_task_group_decorator.py took 0.050 seconds
[2023-10-27T17:11:07.851+0000] {processor.py:157} INFO - Started process (PID=5200) to work on /home/airflow/.local/lib/python3.8/site-packages/airflow/example_dags/example_task_group_decorator.py
[2023-10-27T17:11:07.852+0000] {processor.py:829} INFO - Processing file /home/airflow/.local/lib/python3.8/site-packages/airflow/example_dags/example_task_group_decorator.py for tasks to queue
[2023-10-27T17:11:07.853+0000] {logging_mixin.py:151} INFO - [2023-10-27T17:11:07.853+0000] {dagbag.py:536} INFO - Filling up the DagBag from /home/airflow/.local/lib/python3.8/site-packages/airflow/example_dags/example_task_group_decorator.py
[2023-10-27T17:11:07.861+0000] {processor.py:839} INFO - DAG(s) dict_keys(['example_task_group_decorator']) retrieved from /home/airflow/.local/lib/python3.8/site-packages/airflow/example_dags/example_task_group_decorator.py
[2023-10-27T17:11:07.875+0000] {logging_mixin.py:151} INFO - [2023-10-27T17:11:07.875+0000] {dag.py:2941} INFO - Sync 1 DAGs
[2023-10-27T17:11:07.888+0000] {logging_mixin.py:151} INFO - [2023-10-27T17:11:07.888+0000] {dag.py:3722} INFO - Setting next_dagrun for example_task_group_decorator to 2023-10-26T17:11:07.888261+00:00, run_after=2023-10-27T17:11:07.888261+00:00
[2023-10-27T17:11:07.899+0000] {processor.py:179} INFO - Processing /home/airflow/.local/lib/python3.8/site-packages/airflow/example_dags/example_task_group_decorator.py took 0.049 seconds
[2023-10-27T17:11:38.601+0000] {processor.py:157} INFO - Started process (PID=5256) to work on /home/airflow/.local/lib/python3.8/site-packages/airflow/example_dags/example_task_group_decorator.py
[2023-10-27T17:11:38.602+0000] {processor.py:829} INFO - Processing file /home/airflow/.local/lib/python3.8/site-packages/airflow/example_dags/example_task_group_decorator.py for tasks to queue
[2023-10-27T17:11:38.604+0000] {logging_mixin.py:151} INFO - [2023-10-27T17:11:38.603+0000] {dagbag.py:536} INFO - Filling up the DagBag from /home/airflow/.local/lib/python3.8/site-packages/airflow/example_dags/example_task_group_decorator.py
[2023-10-27T17:11:38.612+0000] {processor.py:839} INFO - DAG(s) dict_keys(['example_task_group_decorator']) retrieved from /home/airflow/.local/lib/python3.8/site-packages/airflow/example_dags/example_task_group_decorator.py
[2023-10-27T17:11:38.628+0000] {logging_mixin.py:151} INFO - [2023-10-27T17:11:38.628+0000] {dag.py:2941} INFO - Sync 1 DAGs
[2023-10-27T17:11:38.641+0000] {logging_mixin.py:151} INFO - [2023-10-27T17:11:38.641+0000] {dag.py:3722} INFO - Setting next_dagrun for example_task_group_decorator to 2023-10-26T17:11:38.641447+00:00, run_after=2023-10-27T17:11:38.641447+00:00
[2023-10-27T17:11:38.653+0000] {processor.py:179} INFO - Processing /home/airflow/.local/lib/python3.8/site-packages/airflow/example_dags/example_task_group_decorator.py took 0.054 seconds
