[2023-10-27T16:56:49.949+0000] {processor.py:157} INFO - Started process (PID=3657) to work on /home/airflow/.local/lib/python3.8/site-packages/airflow/example_dags/example_setup_teardown_taskflow.py
[2023-10-27T16:56:49.950+0000] {processor.py:829} INFO - Processing file /home/airflow/.local/lib/python3.8/site-packages/airflow/example_dags/example_setup_teardown_taskflow.py for tasks to queue
[2023-10-27T16:56:49.951+0000] {logging_mixin.py:151} INFO - [2023-10-27T16:56:49.951+0000] {dagbag.py:536} INFO - Filling up the DagBag from /home/airflow/.local/lib/python3.8/site-packages/airflow/example_dags/example_setup_teardown_taskflow.py
[2023-10-27T16:56:49.959+0000] {processor.py:839} INFO - DAG(s) dict_keys(['example_setup_teardown_taskflow']) retrieved from /home/airflow/.local/lib/python3.8/site-packages/airflow/example_dags/example_setup_teardown_taskflow.py
[2023-10-27T16:56:49.977+0000] {logging_mixin.py:151} INFO - [2023-10-27T16:56:49.977+0000] {dag.py:2941} INFO - Sync 1 DAGs
[2023-10-27T16:56:49.997+0000] {logging_mixin.py:151} INFO - [2023-10-27T16:56:49.997+0000] {dag.py:3722} INFO - Setting next_dagrun for example_setup_teardown_taskflow to 2023-10-26T16:56:49.997204+00:00, run_after=2023-10-27T16:56:49.997204+00:00
[2023-10-27T16:56:50.013+0000] {processor.py:179} INFO - Processing /home/airflow/.local/lib/python3.8/site-packages/airflow/example_dags/example_setup_teardown_taskflow.py took 0.066 seconds
[2023-10-27T16:57:20.988+0000] {processor.py:157} INFO - Started process (PID=3713) to work on /home/airflow/.local/lib/python3.8/site-packages/airflow/example_dags/example_setup_teardown_taskflow.py
[2023-10-27T16:57:20.989+0000] {processor.py:829} INFO - Processing file /home/airflow/.local/lib/python3.8/site-packages/airflow/example_dags/example_setup_teardown_taskflow.py for tasks to queue
[2023-10-27T16:57:20.990+0000] {logging_mixin.py:151} INFO - [2023-10-27T16:57:20.990+0000] {dagbag.py:536} INFO - Filling up the DagBag from /home/airflow/.local/lib/python3.8/site-packages/airflow/example_dags/example_setup_teardown_taskflow.py
[2023-10-27T16:57:20.995+0000] {processor.py:839} INFO - DAG(s) dict_keys(['example_setup_teardown_taskflow']) retrieved from /home/airflow/.local/lib/python3.8/site-packages/airflow/example_dags/example_setup_teardown_taskflow.py
[2023-10-27T16:57:21.008+0000] {logging_mixin.py:151} INFO - [2023-10-27T16:57:21.007+0000] {dag.py:2941} INFO - Sync 1 DAGs
[2023-10-27T16:57:21.021+0000] {logging_mixin.py:151} INFO - [2023-10-27T16:57:21.021+0000] {dag.py:3722} INFO - Setting next_dagrun for example_setup_teardown_taskflow to 2023-10-26T16:57:21.021372+00:00, run_after=2023-10-27T16:57:21.021372+00:00
[2023-10-27T16:57:21.032+0000] {processor.py:179} INFO - Processing /home/airflow/.local/lib/python3.8/site-packages/airflow/example_dags/example_setup_teardown_taskflow.py took 0.046 seconds
[2023-10-27T16:57:51.887+0000] {processor.py:157} INFO - Started process (PID=3769) to work on /home/airflow/.local/lib/python3.8/site-packages/airflow/example_dags/example_setup_teardown_taskflow.py
[2023-10-27T16:57:51.888+0000] {processor.py:829} INFO - Processing file /home/airflow/.local/lib/python3.8/site-packages/airflow/example_dags/example_setup_teardown_taskflow.py for tasks to queue
[2023-10-27T16:57:51.889+0000] {logging_mixin.py:151} INFO - [2023-10-27T16:57:51.889+0000] {dagbag.py:536} INFO - Filling up the DagBag from /home/airflow/.local/lib/python3.8/site-packages/airflow/example_dags/example_setup_teardown_taskflow.py
[2023-10-27T16:57:51.895+0000] {processor.py:839} INFO - DAG(s) dict_keys(['example_setup_teardown_taskflow']) retrieved from /home/airflow/.local/lib/python3.8/site-packages/airflow/example_dags/example_setup_teardown_taskflow.py
[2023-10-27T16:57:51.907+0000] {logging_mixin.py:151} INFO - [2023-10-27T16:57:51.907+0000] {dag.py:2941} INFO - Sync 1 DAGs
[2023-10-27T16:57:51.921+0000] {logging_mixin.py:151} INFO - [2023-10-27T16:57:51.921+0000] {dag.py:3722} INFO - Setting next_dagrun for example_setup_teardown_taskflow to 2023-10-26T16:57:51.921002+00:00, run_after=2023-10-27T16:57:51.921002+00:00
[2023-10-27T16:57:51.933+0000] {processor.py:179} INFO - Processing /home/airflow/.local/lib/python3.8/site-packages/airflow/example_dags/example_setup_teardown_taskflow.py took 0.047 seconds
[2023-10-27T16:58:22.671+0000] {processor.py:157} INFO - Started process (PID=3826) to work on /home/airflow/.local/lib/python3.8/site-packages/airflow/example_dags/example_setup_teardown_taskflow.py
[2023-10-27T16:58:22.672+0000] {processor.py:829} INFO - Processing file /home/airflow/.local/lib/python3.8/site-packages/airflow/example_dags/example_setup_teardown_taskflow.py for tasks to queue
[2023-10-27T16:58:22.673+0000] {logging_mixin.py:151} INFO - [2023-10-27T16:58:22.673+0000] {dagbag.py:536} INFO - Filling up the DagBag from /home/airflow/.local/lib/python3.8/site-packages/airflow/example_dags/example_setup_teardown_taskflow.py
[2023-10-27T16:58:22.678+0000] {processor.py:839} INFO - DAG(s) dict_keys(['example_setup_teardown_taskflow']) retrieved from /home/airflow/.local/lib/python3.8/site-packages/airflow/example_dags/example_setup_teardown_taskflow.py
[2023-10-27T16:58:22.691+0000] {logging_mixin.py:151} INFO - [2023-10-27T16:58:22.691+0000] {dag.py:2941} INFO - Sync 1 DAGs
[2023-10-27T16:58:22.704+0000] {logging_mixin.py:151} INFO - [2023-10-27T16:58:22.704+0000] {dag.py:3722} INFO - Setting next_dagrun for example_setup_teardown_taskflow to 2023-10-26T16:58:22.703946+00:00, run_after=2023-10-27T16:58:22.703946+00:00
[2023-10-27T16:58:22.714+0000] {processor.py:179} INFO - Processing /home/airflow/.local/lib/python3.8/site-packages/airflow/example_dags/example_setup_teardown_taskflow.py took 0.044 seconds
[2023-10-27T16:58:53.660+0000] {processor.py:157} INFO - Started process (PID=3890) to work on /home/airflow/.local/lib/python3.8/site-packages/airflow/example_dags/example_setup_teardown_taskflow.py
[2023-10-27T16:58:53.661+0000] {processor.py:829} INFO - Processing file /home/airflow/.local/lib/python3.8/site-packages/airflow/example_dags/example_setup_teardown_taskflow.py for tasks to queue
[2023-10-27T16:58:53.662+0000] {logging_mixin.py:151} INFO - [2023-10-27T16:58:53.662+0000] {dagbag.py:536} INFO - Filling up the DagBag from /home/airflow/.local/lib/python3.8/site-packages/airflow/example_dags/example_setup_teardown_taskflow.py
[2023-10-27T16:58:53.667+0000] {processor.py:839} INFO - DAG(s) dict_keys(['example_setup_teardown_taskflow']) retrieved from /home/airflow/.local/lib/python3.8/site-packages/airflow/example_dags/example_setup_teardown_taskflow.py
[2023-10-27T16:58:53.680+0000] {logging_mixin.py:151} INFO - [2023-10-27T16:58:53.679+0000] {dag.py:2941} INFO - Sync 1 DAGs
[2023-10-27T16:58:53.693+0000] {logging_mixin.py:151} INFO - [2023-10-27T16:58:53.693+0000] {dag.py:3722} INFO - Setting next_dagrun for example_setup_teardown_taskflow to 2023-10-26T16:58:53.693091+00:00, run_after=2023-10-27T16:58:53.693091+00:00
[2023-10-27T16:58:53.703+0000] {processor.py:179} INFO - Processing /home/airflow/.local/lib/python3.8/site-packages/airflow/example_dags/example_setup_teardown_taskflow.py took 0.045 seconds
[2023-10-27T16:59:24.577+0000] {processor.py:157} INFO - Started process (PID=3946) to work on /home/airflow/.local/lib/python3.8/site-packages/airflow/example_dags/example_setup_teardown_taskflow.py
[2023-10-27T16:59:24.577+0000] {processor.py:829} INFO - Processing file /home/airflow/.local/lib/python3.8/site-packages/airflow/example_dags/example_setup_teardown_taskflow.py for tasks to queue
[2023-10-27T16:59:24.578+0000] {logging_mixin.py:151} INFO - [2023-10-27T16:59:24.578+0000] {dagbag.py:536} INFO - Filling up the DagBag from /home/airflow/.local/lib/python3.8/site-packages/airflow/example_dags/example_setup_teardown_taskflow.py
[2023-10-27T16:59:24.584+0000] {processor.py:839} INFO - DAG(s) dict_keys(['example_setup_teardown_taskflow']) retrieved from /home/airflow/.local/lib/python3.8/site-packages/airflow/example_dags/example_setup_teardown_taskflow.py
[2023-10-27T16:59:24.597+0000] {logging_mixin.py:151} INFO - [2023-10-27T16:59:24.597+0000] {dag.py:2941} INFO - Sync 1 DAGs
[2023-10-27T16:59:24.611+0000] {logging_mixin.py:151} INFO - [2023-10-27T16:59:24.610+0000] {dag.py:3722} INFO - Setting next_dagrun for example_setup_teardown_taskflow to 2023-10-26T16:59:24.610758+00:00, run_after=2023-10-27T16:59:24.610758+00:00
[2023-10-27T16:59:24.622+0000] {processor.py:179} INFO - Processing /home/airflow/.local/lib/python3.8/site-packages/airflow/example_dags/example_setup_teardown_taskflow.py took 0.048 seconds
[2023-10-27T16:59:55.338+0000] {processor.py:157} INFO - Started process (PID=4002) to work on /home/airflow/.local/lib/python3.8/site-packages/airflow/example_dags/example_setup_teardown_taskflow.py
[2023-10-27T16:59:55.339+0000] {processor.py:829} INFO - Processing file /home/airflow/.local/lib/python3.8/site-packages/airflow/example_dags/example_setup_teardown_taskflow.py for tasks to queue
[2023-10-27T16:59:55.340+0000] {logging_mixin.py:151} INFO - [2023-10-27T16:59:55.340+0000] {dagbag.py:536} INFO - Filling up the DagBag from /home/airflow/.local/lib/python3.8/site-packages/airflow/example_dags/example_setup_teardown_taskflow.py
[2023-10-27T16:59:55.346+0000] {processor.py:839} INFO - DAG(s) dict_keys(['example_setup_teardown_taskflow']) retrieved from /home/airflow/.local/lib/python3.8/site-packages/airflow/example_dags/example_setup_teardown_taskflow.py
[2023-10-27T16:59:55.359+0000] {logging_mixin.py:151} INFO - [2023-10-27T16:59:55.358+0000] {dag.py:2941} INFO - Sync 1 DAGs
[2023-10-27T16:59:55.372+0000] {logging_mixin.py:151} INFO - [2023-10-27T16:59:55.372+0000] {dag.py:3722} INFO - Setting next_dagrun for example_setup_teardown_taskflow to 2023-10-26T16:59:55.372288+00:00, run_after=2023-10-27T16:59:55.372288+00:00
[2023-10-27T16:59:55.385+0000] {processor.py:179} INFO - Processing /home/airflow/.local/lib/python3.8/site-packages/airflow/example_dags/example_setup_teardown_taskflow.py took 0.048 seconds
[2023-10-27T17:00:26.151+0000] {processor.py:157} INFO - Started process (PID=4058) to work on /home/airflow/.local/lib/python3.8/site-packages/airflow/example_dags/example_setup_teardown_taskflow.py
[2023-10-27T17:00:26.152+0000] {processor.py:829} INFO - Processing file /home/airflow/.local/lib/python3.8/site-packages/airflow/example_dags/example_setup_teardown_taskflow.py for tasks to queue
[2023-10-27T17:00:26.153+0000] {logging_mixin.py:151} INFO - [2023-10-27T17:00:26.153+0000] {dagbag.py:536} INFO - Filling up the DagBag from /home/airflow/.local/lib/python3.8/site-packages/airflow/example_dags/example_setup_teardown_taskflow.py
[2023-10-27T17:00:26.158+0000] {processor.py:839} INFO - DAG(s) dict_keys(['example_setup_teardown_taskflow']) retrieved from /home/airflow/.local/lib/python3.8/site-packages/airflow/example_dags/example_setup_teardown_taskflow.py
[2023-10-27T17:00:26.171+0000] {logging_mixin.py:151} INFO - [2023-10-27T17:00:26.171+0000] {dag.py:2941} INFO - Sync 1 DAGs
[2023-10-27T17:00:26.184+0000] {logging_mixin.py:151} INFO - [2023-10-27T17:00:26.184+0000] {dag.py:3722} INFO - Setting next_dagrun for example_setup_teardown_taskflow to 2023-10-26T17:00:26.184356+00:00, run_after=2023-10-27T17:00:26.184356+00:00
[2023-10-27T17:00:26.194+0000] {processor.py:179} INFO - Processing /home/airflow/.local/lib/python3.8/site-packages/airflow/example_dags/example_setup_teardown_taskflow.py took 0.045 seconds
[2023-10-27T17:00:57.118+0000] {processor.py:157} INFO - Started process (PID=4114) to work on /home/airflow/.local/lib/python3.8/site-packages/airflow/example_dags/example_setup_teardown_taskflow.py
[2023-10-27T17:00:57.119+0000] {processor.py:829} INFO - Processing file /home/airflow/.local/lib/python3.8/site-packages/airflow/example_dags/example_setup_teardown_taskflow.py for tasks to queue
[2023-10-27T17:00:57.120+0000] {logging_mixin.py:151} INFO - [2023-10-27T17:00:57.120+0000] {dagbag.py:536} INFO - Filling up the DagBag from /home/airflow/.local/lib/python3.8/site-packages/airflow/example_dags/example_setup_teardown_taskflow.py
[2023-10-27T17:00:57.125+0000] {processor.py:839} INFO - DAG(s) dict_keys(['example_setup_teardown_taskflow']) retrieved from /home/airflow/.local/lib/python3.8/site-packages/airflow/example_dags/example_setup_teardown_taskflow.py
[2023-10-27T17:00:57.138+0000] {logging_mixin.py:151} INFO - [2023-10-27T17:00:57.138+0000] {dag.py:2941} INFO - Sync 1 DAGs
[2023-10-27T17:00:57.151+0000] {logging_mixin.py:151} INFO - [2023-10-27T17:00:57.151+0000] {dag.py:3722} INFO - Setting next_dagrun for example_setup_teardown_taskflow to 2023-10-26T17:00:57.151634+00:00, run_after=2023-10-27T17:00:57.151634+00:00
[2023-10-27T17:00:57.162+0000] {processor.py:179} INFO - Processing /home/airflow/.local/lib/python3.8/site-packages/airflow/example_dags/example_setup_teardown_taskflow.py took 0.045 seconds
[2023-10-27T17:01:27.972+0000] {processor.py:157} INFO - Started process (PID=4170) to work on /home/airflow/.local/lib/python3.8/site-packages/airflow/example_dags/example_setup_teardown_taskflow.py
[2023-10-27T17:01:27.972+0000] {processor.py:829} INFO - Processing file /home/airflow/.local/lib/python3.8/site-packages/airflow/example_dags/example_setup_teardown_taskflow.py for tasks to queue
[2023-10-27T17:01:27.973+0000] {logging_mixin.py:151} INFO - [2023-10-27T17:01:27.973+0000] {dagbag.py:536} INFO - Filling up the DagBag from /home/airflow/.local/lib/python3.8/site-packages/airflow/example_dags/example_setup_teardown_taskflow.py
[2023-10-27T17:01:27.980+0000] {processor.py:839} INFO - DAG(s) dict_keys(['example_setup_teardown_taskflow']) retrieved from /home/airflow/.local/lib/python3.8/site-packages/airflow/example_dags/example_setup_teardown_taskflow.py
[2023-10-27T17:01:27.996+0000] {logging_mixin.py:151} INFO - [2023-10-27T17:01:27.996+0000] {dag.py:2941} INFO - Sync 1 DAGs
[2023-10-27T17:01:28.013+0000] {logging_mixin.py:151} INFO - [2023-10-27T17:01:28.013+0000] {dag.py:3722} INFO - Setting next_dagrun for example_setup_teardown_taskflow to 2023-10-26T17:01:28.013172+00:00, run_after=2023-10-27T17:01:28.013172+00:00
[2023-10-27T17:01:28.027+0000] {processor.py:179} INFO - Processing /home/airflow/.local/lib/python3.8/site-packages/airflow/example_dags/example_setup_teardown_taskflow.py took 0.057 seconds
[2023-10-27T17:01:58.794+0000] {processor.py:157} INFO - Started process (PID=4226) to work on /home/airflow/.local/lib/python3.8/site-packages/airflow/example_dags/example_setup_teardown_taskflow.py
[2023-10-27T17:01:58.795+0000] {processor.py:829} INFO - Processing file /home/airflow/.local/lib/python3.8/site-packages/airflow/example_dags/example_setup_teardown_taskflow.py for tasks to queue
[2023-10-27T17:01:58.796+0000] {logging_mixin.py:151} INFO - [2023-10-27T17:01:58.796+0000] {dagbag.py:536} INFO - Filling up the DagBag from /home/airflow/.local/lib/python3.8/site-packages/airflow/example_dags/example_setup_teardown_taskflow.py
[2023-10-27T17:01:58.801+0000] {processor.py:839} INFO - DAG(s) dict_keys(['example_setup_teardown_taskflow']) retrieved from /home/airflow/.local/lib/python3.8/site-packages/airflow/example_dags/example_setup_teardown_taskflow.py
[2023-10-27T17:01:58.814+0000] {logging_mixin.py:151} INFO - [2023-10-27T17:01:58.813+0000] {dag.py:2941} INFO - Sync 1 DAGs
[2023-10-27T17:01:58.827+0000] {logging_mixin.py:151} INFO - [2023-10-27T17:01:58.827+0000] {dag.py:3722} INFO - Setting next_dagrun for example_setup_teardown_taskflow to 2023-10-26T17:01:58.827248+00:00, run_after=2023-10-27T17:01:58.827248+00:00
[2023-10-27T17:01:58.837+0000] {processor.py:179} INFO - Processing /home/airflow/.local/lib/python3.8/site-packages/airflow/example_dags/example_setup_teardown_taskflow.py took 0.045 seconds
[2023-10-27T17:02:29.657+0000] {processor.py:157} INFO - Started process (PID=4282) to work on /home/airflow/.local/lib/python3.8/site-packages/airflow/example_dags/example_setup_teardown_taskflow.py
[2023-10-27T17:02:29.658+0000] {processor.py:829} INFO - Processing file /home/airflow/.local/lib/python3.8/site-packages/airflow/example_dags/example_setup_teardown_taskflow.py for tasks to queue
[2023-10-27T17:02:29.659+0000] {logging_mixin.py:151} INFO - [2023-10-27T17:02:29.659+0000] {dagbag.py:536} INFO - Filling up the DagBag from /home/airflow/.local/lib/python3.8/site-packages/airflow/example_dags/example_setup_teardown_taskflow.py
[2023-10-27T17:02:29.665+0000] {processor.py:839} INFO - DAG(s) dict_keys(['example_setup_teardown_taskflow']) retrieved from /home/airflow/.local/lib/python3.8/site-packages/airflow/example_dags/example_setup_teardown_taskflow.py
[2023-10-27T17:02:29.678+0000] {logging_mixin.py:151} INFO - [2023-10-27T17:02:29.678+0000] {dag.py:2941} INFO - Sync 1 DAGs
[2023-10-27T17:02:29.691+0000] {logging_mixin.py:151} INFO - [2023-10-27T17:02:29.691+0000] {dag.py:3722} INFO - Setting next_dagrun for example_setup_teardown_taskflow to 2023-10-26T17:02:29.691153+00:00, run_after=2023-10-27T17:02:29.691153+00:00
[2023-10-27T17:02:29.703+0000] {processor.py:179} INFO - Processing /home/airflow/.local/lib/python3.8/site-packages/airflow/example_dags/example_setup_teardown_taskflow.py took 0.047 seconds
[2023-10-27T17:03:00.619+0000] {processor.py:157} INFO - Started process (PID=4338) to work on /home/airflow/.local/lib/python3.8/site-packages/airflow/example_dags/example_setup_teardown_taskflow.py
[2023-10-27T17:03:00.620+0000] {processor.py:829} INFO - Processing file /home/airflow/.local/lib/python3.8/site-packages/airflow/example_dags/example_setup_teardown_taskflow.py for tasks to queue
[2023-10-27T17:03:00.621+0000] {logging_mixin.py:151} INFO - [2023-10-27T17:03:00.621+0000] {dagbag.py:536} INFO - Filling up the DagBag from /home/airflow/.local/lib/python3.8/site-packages/airflow/example_dags/example_setup_teardown_taskflow.py
[2023-10-27T17:03:00.626+0000] {processor.py:839} INFO - DAG(s) dict_keys(['example_setup_teardown_taskflow']) retrieved from /home/airflow/.local/lib/python3.8/site-packages/airflow/example_dags/example_setup_teardown_taskflow.py
[2023-10-27T17:03:00.642+0000] {logging_mixin.py:151} INFO - [2023-10-27T17:03:00.642+0000] {dag.py:2941} INFO - Sync 1 DAGs
[2023-10-27T17:03:00.655+0000] {logging_mixin.py:151} INFO - [2023-10-27T17:03:00.655+0000] {dag.py:3722} INFO - Setting next_dagrun for example_setup_teardown_taskflow to 2023-10-26T17:03:00.654998+00:00, run_after=2023-10-27T17:03:00.654998+00:00
[2023-10-27T17:03:00.665+0000] {processor.py:179} INFO - Processing /home/airflow/.local/lib/python3.8/site-packages/airflow/example_dags/example_setup_teardown_taskflow.py took 0.048 seconds
[2023-10-27T17:03:31.575+0000] {processor.py:157} INFO - Started process (PID=4395) to work on /home/airflow/.local/lib/python3.8/site-packages/airflow/example_dags/example_setup_teardown_taskflow.py
[2023-10-27T17:03:31.576+0000] {processor.py:829} INFO - Processing file /home/airflow/.local/lib/python3.8/site-packages/airflow/example_dags/example_setup_teardown_taskflow.py for tasks to queue
[2023-10-27T17:03:31.577+0000] {logging_mixin.py:151} INFO - [2023-10-27T17:03:31.577+0000] {dagbag.py:536} INFO - Filling up the DagBag from /home/airflow/.local/lib/python3.8/site-packages/airflow/example_dags/example_setup_teardown_taskflow.py
[2023-10-27T17:03:31.582+0000] {processor.py:839} INFO - DAG(s) dict_keys(['example_setup_teardown_taskflow']) retrieved from /home/airflow/.local/lib/python3.8/site-packages/airflow/example_dags/example_setup_teardown_taskflow.py
[2023-10-27T17:03:31.595+0000] {logging_mixin.py:151} INFO - [2023-10-27T17:03:31.594+0000] {dag.py:2941} INFO - Sync 1 DAGs
[2023-10-27T17:03:31.608+0000] {logging_mixin.py:151} INFO - [2023-10-27T17:03:31.608+0000] {dag.py:3722} INFO - Setting next_dagrun for example_setup_teardown_taskflow to 2023-10-26T17:03:31.607915+00:00, run_after=2023-10-27T17:03:31.607915+00:00
[2023-10-27T17:03:31.618+0000] {processor.py:179} INFO - Processing /home/airflow/.local/lib/python3.8/site-packages/airflow/example_dags/example_setup_teardown_taskflow.py took 0.045 seconds
[2023-10-27T17:04:02.537+0000] {processor.py:157} INFO - Started process (PID=4451) to work on /home/airflow/.local/lib/python3.8/site-packages/airflow/example_dags/example_setup_teardown_taskflow.py
[2023-10-27T17:04:02.538+0000] {processor.py:829} INFO - Processing file /home/airflow/.local/lib/python3.8/site-packages/airflow/example_dags/example_setup_teardown_taskflow.py for tasks to queue
[2023-10-27T17:04:02.539+0000] {logging_mixin.py:151} INFO - [2023-10-27T17:04:02.539+0000] {dagbag.py:536} INFO - Filling up the DagBag from /home/airflow/.local/lib/python3.8/site-packages/airflow/example_dags/example_setup_teardown_taskflow.py
[2023-10-27T17:04:02.544+0000] {processor.py:839} INFO - DAG(s) dict_keys(['example_setup_teardown_taskflow']) retrieved from /home/airflow/.local/lib/python3.8/site-packages/airflow/example_dags/example_setup_teardown_taskflow.py
[2023-10-27T17:04:02.560+0000] {logging_mixin.py:151} INFO - [2023-10-27T17:04:02.560+0000] {dag.py:2941} INFO - Sync 1 DAGs
[2023-10-27T17:04:02.579+0000] {logging_mixin.py:151} INFO - [2023-10-27T17:04:02.579+0000] {dag.py:3722} INFO - Setting next_dagrun for example_setup_teardown_taskflow to 2023-10-26T17:04:02.578847+00:00, run_after=2023-10-27T17:04:02.578847+00:00
[2023-10-27T17:04:02.592+0000] {processor.py:179} INFO - Processing /home/airflow/.local/lib/python3.8/site-packages/airflow/example_dags/example_setup_teardown_taskflow.py took 0.057 seconds
[2023-10-27T17:04:33.457+0000] {processor.py:157} INFO - Started process (PID=4507) to work on /home/airflow/.local/lib/python3.8/site-packages/airflow/example_dags/example_setup_teardown_taskflow.py
[2023-10-27T17:04:33.457+0000] {processor.py:829} INFO - Processing file /home/airflow/.local/lib/python3.8/site-packages/airflow/example_dags/example_setup_teardown_taskflow.py for tasks to queue
[2023-10-27T17:04:33.459+0000] {logging_mixin.py:151} INFO - [2023-10-27T17:04:33.458+0000] {dagbag.py:536} INFO - Filling up the DagBag from /home/airflow/.local/lib/python3.8/site-packages/airflow/example_dags/example_setup_teardown_taskflow.py
[2023-10-27T17:04:33.464+0000] {processor.py:839} INFO - DAG(s) dict_keys(['example_setup_teardown_taskflow']) retrieved from /home/airflow/.local/lib/python3.8/site-packages/airflow/example_dags/example_setup_teardown_taskflow.py
[2023-10-27T17:04:33.480+0000] {logging_mixin.py:151} INFO - [2023-10-27T17:04:33.480+0000] {dag.py:2941} INFO - Sync 1 DAGs
[2023-10-27T17:04:33.495+0000] {logging_mixin.py:151} INFO - [2023-10-27T17:04:33.495+0000] {dag.py:3722} INFO - Setting next_dagrun for example_setup_teardown_taskflow to 2023-10-26T17:04:33.494969+00:00, run_after=2023-10-27T17:04:33.494969+00:00
[2023-10-27T17:04:33.508+0000] {processor.py:179} INFO - Processing /home/airflow/.local/lib/python3.8/site-packages/airflow/example_dags/example_setup_teardown_taskflow.py took 0.053 seconds
[2023-10-27T17:05:04.477+0000] {processor.py:157} INFO - Started process (PID=4564) to work on /home/airflow/.local/lib/python3.8/site-packages/airflow/example_dags/example_setup_teardown_taskflow.py
[2023-10-27T17:05:04.478+0000] {processor.py:829} INFO - Processing file /home/airflow/.local/lib/python3.8/site-packages/airflow/example_dags/example_setup_teardown_taskflow.py for tasks to queue
[2023-10-27T17:05:04.479+0000] {logging_mixin.py:151} INFO - [2023-10-27T17:05:04.479+0000] {dagbag.py:536} INFO - Filling up the DagBag from /home/airflow/.local/lib/python3.8/site-packages/airflow/example_dags/example_setup_teardown_taskflow.py
[2023-10-27T17:05:04.485+0000] {processor.py:839} INFO - DAG(s) dict_keys(['example_setup_teardown_taskflow']) retrieved from /home/airflow/.local/lib/python3.8/site-packages/airflow/example_dags/example_setup_teardown_taskflow.py
[2023-10-27T17:05:04.500+0000] {logging_mixin.py:151} INFO - [2023-10-27T17:05:04.500+0000] {dag.py:2941} INFO - Sync 1 DAGs
[2023-10-27T17:05:04.517+0000] {logging_mixin.py:151} INFO - [2023-10-27T17:05:04.517+0000] {dag.py:3722} INFO - Setting next_dagrun for example_setup_teardown_taskflow to 2023-10-26T17:05:04.517573+00:00, run_after=2023-10-27T17:05:04.517573+00:00
[2023-10-27T17:05:04.530+0000] {processor.py:179} INFO - Processing /home/airflow/.local/lib/python3.8/site-packages/airflow/example_dags/example_setup_teardown_taskflow.py took 0.055 seconds
[2023-10-27T17:05:35.370+0000] {processor.py:157} INFO - Started process (PID=4620) to work on /home/airflow/.local/lib/python3.8/site-packages/airflow/example_dags/example_setup_teardown_taskflow.py
[2023-10-27T17:05:35.370+0000] {processor.py:829} INFO - Processing file /home/airflow/.local/lib/python3.8/site-packages/airflow/example_dags/example_setup_teardown_taskflow.py for tasks to queue
[2023-10-27T17:05:35.372+0000] {logging_mixin.py:151} INFO - [2023-10-27T17:05:35.371+0000] {dagbag.py:536} INFO - Filling up the DagBag from /home/airflow/.local/lib/python3.8/site-packages/airflow/example_dags/example_setup_teardown_taskflow.py
[2023-10-27T17:05:35.377+0000] {processor.py:839} INFO - DAG(s) dict_keys(['example_setup_teardown_taskflow']) retrieved from /home/airflow/.local/lib/python3.8/site-packages/airflow/example_dags/example_setup_teardown_taskflow.py
[2023-10-27T17:05:35.391+0000] {logging_mixin.py:151} INFO - [2023-10-27T17:05:35.391+0000] {dag.py:2941} INFO - Sync 1 DAGs
[2023-10-27T17:05:35.406+0000] {logging_mixin.py:151} INFO - [2023-10-27T17:05:35.406+0000] {dag.py:3722} INFO - Setting next_dagrun for example_setup_teardown_taskflow to 2023-10-26T17:05:35.406202+00:00, run_after=2023-10-27T17:05:35.406202+00:00
[2023-10-27T17:05:35.419+0000] {processor.py:179} INFO - Processing /home/airflow/.local/lib/python3.8/site-packages/airflow/example_dags/example_setup_teardown_taskflow.py took 0.051 seconds
[2023-10-27T17:06:06.352+0000] {processor.py:157} INFO - Started process (PID=4676) to work on /home/airflow/.local/lib/python3.8/site-packages/airflow/example_dags/example_setup_teardown_taskflow.py
[2023-10-27T17:06:06.352+0000] {processor.py:829} INFO - Processing file /home/airflow/.local/lib/python3.8/site-packages/airflow/example_dags/example_setup_teardown_taskflow.py for tasks to queue
[2023-10-27T17:06:06.353+0000] {logging_mixin.py:151} INFO - [2023-10-27T17:06:06.353+0000] {dagbag.py:536} INFO - Filling up the DagBag from /home/airflow/.local/lib/python3.8/site-packages/airflow/example_dags/example_setup_teardown_taskflow.py
[2023-10-27T17:06:06.359+0000] {processor.py:839} INFO - DAG(s) dict_keys(['example_setup_teardown_taskflow']) retrieved from /home/airflow/.local/lib/python3.8/site-packages/airflow/example_dags/example_setup_teardown_taskflow.py
[2023-10-27T17:06:06.371+0000] {logging_mixin.py:151} INFO - [2023-10-27T17:06:06.371+0000] {dag.py:2941} INFO - Sync 1 DAGs
[2023-10-27T17:06:06.385+0000] {logging_mixin.py:151} INFO - [2023-10-27T17:06:06.384+0000] {dag.py:3722} INFO - Setting next_dagrun for example_setup_teardown_taskflow to 2023-10-26T17:06:06.384755+00:00, run_after=2023-10-27T17:06:06.384755+00:00
[2023-10-27T17:06:06.395+0000] {processor.py:179} INFO - Processing /home/airflow/.local/lib/python3.8/site-packages/airflow/example_dags/example_setup_teardown_taskflow.py took 0.045 seconds
[2023-10-27T17:06:37.435+0000] {processor.py:157} INFO - Started process (PID=4732) to work on /home/airflow/.local/lib/python3.8/site-packages/airflow/example_dags/example_setup_teardown_taskflow.py
[2023-10-27T17:06:37.435+0000] {processor.py:829} INFO - Processing file /home/airflow/.local/lib/python3.8/site-packages/airflow/example_dags/example_setup_teardown_taskflow.py for tasks to queue
[2023-10-27T17:06:37.436+0000] {logging_mixin.py:151} INFO - [2023-10-27T17:06:37.436+0000] {dagbag.py:536} INFO - Filling up the DagBag from /home/airflow/.local/lib/python3.8/site-packages/airflow/example_dags/example_setup_teardown_taskflow.py
[2023-10-27T17:06:37.442+0000] {processor.py:839} INFO - DAG(s) dict_keys(['example_setup_teardown_taskflow']) retrieved from /home/airflow/.local/lib/python3.8/site-packages/airflow/example_dags/example_setup_teardown_taskflow.py
[2023-10-27T17:06:37.458+0000] {logging_mixin.py:151} INFO - [2023-10-27T17:06:37.458+0000] {dag.py:2941} INFO - Sync 1 DAGs
[2023-10-27T17:06:37.474+0000] {logging_mixin.py:151} INFO - [2023-10-27T17:06:37.474+0000] {dag.py:3722} INFO - Setting next_dagrun for example_setup_teardown_taskflow to 2023-10-26T17:06:37.474632+00:00, run_after=2023-10-27T17:06:37.474632+00:00
[2023-10-27T17:06:37.486+0000] {processor.py:179} INFO - Processing /home/airflow/.local/lib/python3.8/site-packages/airflow/example_dags/example_setup_teardown_taskflow.py took 0.054 seconds
[2023-10-27T17:07:07.556+0000] {processor.py:157} INFO - Started process (PID=4788) to work on /home/airflow/.local/lib/python3.8/site-packages/airflow/example_dags/example_setup_teardown_taskflow.py
[2023-10-27T17:07:07.556+0000] {processor.py:829} INFO - Processing file /home/airflow/.local/lib/python3.8/site-packages/airflow/example_dags/example_setup_teardown_taskflow.py for tasks to queue
[2023-10-27T17:07:07.558+0000] {logging_mixin.py:151} INFO - [2023-10-27T17:07:07.558+0000] {dagbag.py:536} INFO - Filling up the DagBag from /home/airflow/.local/lib/python3.8/site-packages/airflow/example_dags/example_setup_teardown_taskflow.py
[2023-10-27T17:07:07.566+0000] {processor.py:839} INFO - DAG(s) dict_keys(['example_setup_teardown_taskflow']) retrieved from /home/airflow/.local/lib/python3.8/site-packages/airflow/example_dags/example_setup_teardown_taskflow.py
[2023-10-27T17:07:07.585+0000] {logging_mixin.py:151} INFO - [2023-10-27T17:07:07.585+0000] {dag.py:2941} INFO - Sync 1 DAGs
[2023-10-27T17:07:07.606+0000] {logging_mixin.py:151} INFO - [2023-10-27T17:07:07.606+0000] {dag.py:3722} INFO - Setting next_dagrun for example_setup_teardown_taskflow to 2023-10-26T17:07:07.606297+00:00, run_after=2023-10-27T17:07:07.606297+00:00
[2023-10-27T17:07:07.623+0000] {processor.py:179} INFO - Processing /home/airflow/.local/lib/python3.8/site-packages/airflow/example_dags/example_setup_teardown_taskflow.py took 0.070 seconds
[2023-10-27T17:07:37.710+0000] {processor.py:157} INFO - Started process (PID=4844) to work on /home/airflow/.local/lib/python3.8/site-packages/airflow/example_dags/example_setup_teardown_taskflow.py
[2023-10-27T17:07:37.711+0000] {processor.py:829} INFO - Processing file /home/airflow/.local/lib/python3.8/site-packages/airflow/example_dags/example_setup_teardown_taskflow.py for tasks to queue
[2023-10-27T17:07:37.712+0000] {logging_mixin.py:151} INFO - [2023-10-27T17:07:37.711+0000] {dagbag.py:536} INFO - Filling up the DagBag from /home/airflow/.local/lib/python3.8/site-packages/airflow/example_dags/example_setup_teardown_taskflow.py
[2023-10-27T17:07:37.717+0000] {processor.py:839} INFO - DAG(s) dict_keys(['example_setup_teardown_taskflow']) retrieved from /home/airflow/.local/lib/python3.8/site-packages/airflow/example_dags/example_setup_teardown_taskflow.py
[2023-10-27T17:07:37.734+0000] {logging_mixin.py:151} INFO - [2023-10-27T17:07:37.733+0000] {dag.py:2941} INFO - Sync 1 DAGs
[2023-10-27T17:07:37.750+0000] {logging_mixin.py:151} INFO - [2023-10-27T17:07:37.750+0000] {dag.py:3722} INFO - Setting next_dagrun for example_setup_teardown_taskflow to 2023-10-26T17:07:37.750145+00:00, run_after=2023-10-27T17:07:37.750145+00:00
[2023-10-27T17:07:37.761+0000] {processor.py:179} INFO - Processing /home/airflow/.local/lib/python3.8/site-packages/airflow/example_dags/example_setup_teardown_taskflow.py took 0.053 seconds
[2023-10-27T17:08:08.724+0000] {processor.py:157} INFO - Started process (PID=4900) to work on /home/airflow/.local/lib/python3.8/site-packages/airflow/example_dags/example_setup_teardown_taskflow.py
[2023-10-27T17:08:08.724+0000] {processor.py:829} INFO - Processing file /home/airflow/.local/lib/python3.8/site-packages/airflow/example_dags/example_setup_teardown_taskflow.py for tasks to queue
[2023-10-27T17:08:08.726+0000] {logging_mixin.py:151} INFO - [2023-10-27T17:08:08.725+0000] {dagbag.py:536} INFO - Filling up the DagBag from /home/airflow/.local/lib/python3.8/site-packages/airflow/example_dags/example_setup_teardown_taskflow.py
[2023-10-27T17:08:08.731+0000] {processor.py:839} INFO - DAG(s) dict_keys(['example_setup_teardown_taskflow']) retrieved from /home/airflow/.local/lib/python3.8/site-packages/airflow/example_dags/example_setup_teardown_taskflow.py
[2023-10-27T17:08:08.744+0000] {logging_mixin.py:151} INFO - [2023-10-27T17:08:08.743+0000] {dag.py:2941} INFO - Sync 1 DAGs
[2023-10-27T17:08:08.757+0000] {logging_mixin.py:151} INFO - [2023-10-27T17:08:08.757+0000] {dag.py:3722} INFO - Setting next_dagrun for example_setup_teardown_taskflow to 2023-10-26T17:08:08.757293+00:00, run_after=2023-10-27T17:08:08.757293+00:00
[2023-10-27T17:08:08.768+0000] {processor.py:179} INFO - Processing /home/airflow/.local/lib/python3.8/site-packages/airflow/example_dags/example_setup_teardown_taskflow.py took 0.046 seconds
[2023-10-27T17:08:39.456+0000] {processor.py:157} INFO - Started process (PID=4956) to work on /home/airflow/.local/lib/python3.8/site-packages/airflow/example_dags/example_setup_teardown_taskflow.py
[2023-10-27T17:08:39.456+0000] {processor.py:829} INFO - Processing file /home/airflow/.local/lib/python3.8/site-packages/airflow/example_dags/example_setup_teardown_taskflow.py for tasks to queue
[2023-10-27T17:08:39.458+0000] {logging_mixin.py:151} INFO - [2023-10-27T17:08:39.457+0000] {dagbag.py:536} INFO - Filling up the DagBag from /home/airflow/.local/lib/python3.8/site-packages/airflow/example_dags/example_setup_teardown_taskflow.py
[2023-10-27T17:08:39.463+0000] {processor.py:839} INFO - DAG(s) dict_keys(['example_setup_teardown_taskflow']) retrieved from /home/airflow/.local/lib/python3.8/site-packages/airflow/example_dags/example_setup_teardown_taskflow.py
[2023-10-27T17:08:39.480+0000] {logging_mixin.py:151} INFO - [2023-10-27T17:08:39.480+0000] {dag.py:2941} INFO - Sync 1 DAGs
[2023-10-27T17:08:39.496+0000] {logging_mixin.py:151} INFO - [2023-10-27T17:08:39.496+0000] {dag.py:3722} INFO - Setting next_dagrun for example_setup_teardown_taskflow to 2023-10-26T17:08:39.495986+00:00, run_after=2023-10-27T17:08:39.495986+00:00
[2023-10-27T17:08:39.507+0000] {processor.py:179} INFO - Processing /home/airflow/.local/lib/python3.8/site-packages/airflow/example_dags/example_setup_teardown_taskflow.py took 0.053 seconds
[2023-10-27T17:09:10.224+0000] {processor.py:157} INFO - Started process (PID=5012) to work on /home/airflow/.local/lib/python3.8/site-packages/airflow/example_dags/example_setup_teardown_taskflow.py
[2023-10-27T17:09:10.225+0000] {processor.py:829} INFO - Processing file /home/airflow/.local/lib/python3.8/site-packages/airflow/example_dags/example_setup_teardown_taskflow.py for tasks to queue
[2023-10-27T17:09:10.226+0000] {logging_mixin.py:151} INFO - [2023-10-27T17:09:10.226+0000] {dagbag.py:536} INFO - Filling up the DagBag from /home/airflow/.local/lib/python3.8/site-packages/airflow/example_dags/example_setup_teardown_taskflow.py
[2023-10-27T17:09:10.233+0000] {processor.py:839} INFO - DAG(s) dict_keys(['example_setup_teardown_taskflow']) retrieved from /home/airflow/.local/lib/python3.8/site-packages/airflow/example_dags/example_setup_teardown_taskflow.py
[2023-10-27T17:09:10.246+0000] {logging_mixin.py:151} INFO - [2023-10-27T17:09:10.246+0000] {dag.py:2941} INFO - Sync 1 DAGs
[2023-10-27T17:09:10.260+0000] {logging_mixin.py:151} INFO - [2023-10-27T17:09:10.260+0000] {dag.py:3722} INFO - Setting next_dagrun for example_setup_teardown_taskflow to 2023-10-26T17:09:10.260003+00:00, run_after=2023-10-27T17:09:10.260003+00:00
[2023-10-27T17:09:10.272+0000] {processor.py:179} INFO - Processing /home/airflow/.local/lib/python3.8/site-packages/airflow/example_dags/example_setup_teardown_taskflow.py took 0.049 seconds
[2023-10-27T17:09:41.001+0000] {processor.py:157} INFO - Started process (PID=5069) to work on /home/airflow/.local/lib/python3.8/site-packages/airflow/example_dags/example_setup_teardown_taskflow.py
[2023-10-27T17:09:41.002+0000] {processor.py:829} INFO - Processing file /home/airflow/.local/lib/python3.8/site-packages/airflow/example_dags/example_setup_teardown_taskflow.py for tasks to queue
[2023-10-27T17:09:41.003+0000] {logging_mixin.py:151} INFO - [2023-10-27T17:09:41.003+0000] {dagbag.py:536} INFO - Filling up the DagBag from /home/airflow/.local/lib/python3.8/site-packages/airflow/example_dags/example_setup_teardown_taskflow.py
[2023-10-27T17:09:41.008+0000] {processor.py:839} INFO - DAG(s) dict_keys(['example_setup_teardown_taskflow']) retrieved from /home/airflow/.local/lib/python3.8/site-packages/airflow/example_dags/example_setup_teardown_taskflow.py
[2023-10-27T17:09:41.021+0000] {logging_mixin.py:151} INFO - [2023-10-27T17:09:41.021+0000] {dag.py:2941} INFO - Sync 1 DAGs
[2023-10-27T17:09:41.035+0000] {logging_mixin.py:151} INFO - [2023-10-27T17:09:41.034+0000] {dag.py:3722} INFO - Setting next_dagrun for example_setup_teardown_taskflow to 2023-10-26T17:09:41.034759+00:00, run_after=2023-10-27T17:09:41.034759+00:00
[2023-10-27T17:09:41.045+0000] {processor.py:179} INFO - Processing /home/airflow/.local/lib/python3.8/site-packages/airflow/example_dags/example_setup_teardown_taskflow.py took 0.046 seconds
[2023-10-27T17:10:11.713+0000] {processor.py:157} INFO - Started process (PID=5125) to work on /home/airflow/.local/lib/python3.8/site-packages/airflow/example_dags/example_setup_teardown_taskflow.py
[2023-10-27T17:10:11.713+0000] {processor.py:829} INFO - Processing file /home/airflow/.local/lib/python3.8/site-packages/airflow/example_dags/example_setup_teardown_taskflow.py for tasks to queue
[2023-10-27T17:10:11.714+0000] {logging_mixin.py:151} INFO - [2023-10-27T17:10:11.714+0000] {dagbag.py:536} INFO - Filling up the DagBag from /home/airflow/.local/lib/python3.8/site-packages/airflow/example_dags/example_setup_teardown_taskflow.py
[2023-10-27T17:10:11.720+0000] {processor.py:839} INFO - DAG(s) dict_keys(['example_setup_teardown_taskflow']) retrieved from /home/airflow/.local/lib/python3.8/site-packages/airflow/example_dags/example_setup_teardown_taskflow.py
[2023-10-27T17:10:11.736+0000] {logging_mixin.py:151} INFO - [2023-10-27T17:10:11.736+0000] {dag.py:2941} INFO - Sync 1 DAGs
[2023-10-27T17:10:11.754+0000] {logging_mixin.py:151} INFO - [2023-10-27T17:10:11.754+0000] {dag.py:3722} INFO - Setting next_dagrun for example_setup_teardown_taskflow to 2023-10-26T17:10:11.754422+00:00, run_after=2023-10-27T17:10:11.754422+00:00
[2023-10-27T17:10:11.768+0000] {processor.py:179} INFO - Processing /home/airflow/.local/lib/python3.8/site-packages/airflow/example_dags/example_setup_teardown_taskflow.py took 0.057 seconds
[2023-10-27T17:10:42.387+0000] {processor.py:157} INFO - Started process (PID=5181) to work on /home/airflow/.local/lib/python3.8/site-packages/airflow/example_dags/example_setup_teardown_taskflow.py
[2023-10-27T17:10:42.387+0000] {processor.py:829} INFO - Processing file /home/airflow/.local/lib/python3.8/site-packages/airflow/example_dags/example_setup_teardown_taskflow.py for tasks to queue
[2023-10-27T17:10:42.388+0000] {logging_mixin.py:151} INFO - [2023-10-27T17:10:42.388+0000] {dagbag.py:536} INFO - Filling up the DagBag from /home/airflow/.local/lib/python3.8/site-packages/airflow/example_dags/example_setup_teardown_taskflow.py
[2023-10-27T17:10:42.394+0000] {processor.py:839} INFO - DAG(s) dict_keys(['example_setup_teardown_taskflow']) retrieved from /home/airflow/.local/lib/python3.8/site-packages/airflow/example_dags/example_setup_teardown_taskflow.py
[2023-10-27T17:10:42.406+0000] {logging_mixin.py:151} INFO - [2023-10-27T17:10:42.406+0000] {dag.py:2941} INFO - Sync 1 DAGs
[2023-10-27T17:10:42.420+0000] {logging_mixin.py:151} INFO - [2023-10-27T17:10:42.420+0000] {dag.py:3722} INFO - Setting next_dagrun for example_setup_teardown_taskflow to 2023-10-26T17:10:42.420150+00:00, run_after=2023-10-27T17:10:42.420150+00:00
[2023-10-27T17:10:42.431+0000] {processor.py:179} INFO - Processing /home/airflow/.local/lib/python3.8/site-packages/airflow/example_dags/example_setup_teardown_taskflow.py took 0.047 seconds
[2023-10-27T17:11:13.145+0000] {processor.py:157} INFO - Started process (PID=5237) to work on /home/airflow/.local/lib/python3.8/site-packages/airflow/example_dags/example_setup_teardown_taskflow.py
[2023-10-27T17:11:13.145+0000] {processor.py:829} INFO - Processing file /home/airflow/.local/lib/python3.8/site-packages/airflow/example_dags/example_setup_teardown_taskflow.py for tasks to queue
[2023-10-27T17:11:13.146+0000] {logging_mixin.py:151} INFO - [2023-10-27T17:11:13.146+0000] {dagbag.py:536} INFO - Filling up the DagBag from /home/airflow/.local/lib/python3.8/site-packages/airflow/example_dags/example_setup_teardown_taskflow.py
[2023-10-27T17:11:13.152+0000] {processor.py:839} INFO - DAG(s) dict_keys(['example_setup_teardown_taskflow']) retrieved from /home/airflow/.local/lib/python3.8/site-packages/airflow/example_dags/example_setup_teardown_taskflow.py
[2023-10-27T17:11:13.169+0000] {logging_mixin.py:151} INFO - [2023-10-27T17:11:13.168+0000] {dag.py:2941} INFO - Sync 1 DAGs
[2023-10-27T17:11:13.185+0000] {logging_mixin.py:151} INFO - [2023-10-27T17:11:13.185+0000] {dag.py:3722} INFO - Setting next_dagrun for example_setup_teardown_taskflow to 2023-10-26T17:11:13.185100+00:00, run_after=2023-10-27T17:11:13.185100+00:00
[2023-10-27T17:11:13.197+0000] {processor.py:179} INFO - Processing /home/airflow/.local/lib/python3.8/site-packages/airflow/example_dags/example_setup_teardown_taskflow.py took 0.054 seconds
[2023-10-27T17:11:43.919+0000] {processor.py:157} INFO - Started process (PID=5293) to work on /home/airflow/.local/lib/python3.8/site-packages/airflow/example_dags/example_setup_teardown_taskflow.py
[2023-10-27T17:11:43.920+0000] {processor.py:829} INFO - Processing file /home/airflow/.local/lib/python3.8/site-packages/airflow/example_dags/example_setup_teardown_taskflow.py for tasks to queue
[2023-10-27T17:11:43.921+0000] {logging_mixin.py:151} INFO - [2023-10-27T17:11:43.921+0000] {dagbag.py:536} INFO - Filling up the DagBag from /home/airflow/.local/lib/python3.8/site-packages/airflow/example_dags/example_setup_teardown_taskflow.py
[2023-10-27T17:11:43.929+0000] {processor.py:839} INFO - DAG(s) dict_keys(['example_setup_teardown_taskflow']) retrieved from /home/airflow/.local/lib/python3.8/site-packages/airflow/example_dags/example_setup_teardown_taskflow.py
[2023-10-27T17:11:43.942+0000] {logging_mixin.py:151} INFO - [2023-10-27T17:11:43.941+0000] {dag.py:2941} INFO - Sync 1 DAGs
[2023-10-27T17:11:43.961+0000] {logging_mixin.py:151} INFO - [2023-10-27T17:11:43.960+0000] {dag.py:3722} INFO - Setting next_dagrun for example_setup_teardown_taskflow to 2023-10-26T17:11:43.960811+00:00, run_after=2023-10-27T17:11:43.960811+00:00
[2023-10-27T17:11:43.975+0000] {processor.py:179} INFO - Processing /home/airflow/.local/lib/python3.8/site-packages/airflow/example_dags/example_setup_teardown_taskflow.py took 0.058 seconds
