[2023-10-27T16:56:49.356+0000] {processor.py:157} INFO - Started process (PID=3646) to work on /home/airflow/.local/lib/python3.8/site-packages/airflow/example_dags/example_subdag_operator.py
[2023-10-27T16:56:49.357+0000] {processor.py:829} INFO - Processing file /home/airflow/.local/lib/python3.8/site-packages/airflow/example_dags/example_subdag_operator.py for tasks to queue
[2023-10-27T16:56:49.358+0000] {logging_mixin.py:151} INFO - [2023-10-27T16:56:49.358+0000] {dagbag.py:536} INFO - Filling up the DagBag from /home/airflow/.local/lib/python3.8/site-packages/airflow/example_dags/example_subdag_operator.py
[2023-10-27T16:56:49.379+0000] {processor.py:839} INFO - DAG(s) dict_keys(['example_subdag_operator.section-1', 'example_subdag_operator.section-2', 'example_subdag_operator']) retrieved from /home/airflow/.local/lib/python3.8/site-packages/airflow/example_dags/example_subdag_operator.py
[2023-10-27T16:56:49.393+0000] {logging_mixin.py:151} INFO - [2023-10-27T16:56:49.393+0000] {dag.py:2941} INFO - Sync 3 DAGs
[2023-10-27T16:56:49.417+0000] {logging_mixin.py:151} INFO - [2023-10-27T16:56:49.416+0000] {dag.py:3722} INFO - Setting next_dagrun for example_subdag_operator to 2022-01-01T00:00:00+00:00, run_after=2022-01-01T00:00:00+00:00
[2023-10-27T16:56:49.420+0000] {logging_mixin.py:151} INFO - [2023-10-27T16:56:49.420+0000] {dag.py:3722} INFO - Setting next_dagrun for example_subdag_operator.section-1 to None, run_after=None
[2023-10-27T16:56:49.421+0000] {logging_mixin.py:151} INFO - [2023-10-27T16:56:49.421+0000] {dag.py:3722} INFO - Setting next_dagrun for example_subdag_operator.section-2 to None, run_after=None
[2023-10-27T16:56:49.428+0000] {logging_mixin.py:151} INFO - [2023-10-27T16:56:49.427+0000] {dag.py:2941} INFO - Sync 2 DAGs
[2023-10-27T16:56:49.433+0000] {logging_mixin.py:151} INFO - [2023-10-27T16:56:49.433+0000] {dag.py:3722} INFO - Setting next_dagrun for example_subdag_operator.section-1 to None, run_after=None
[2023-10-27T16:56:49.433+0000] {logging_mixin.py:151} INFO - [2023-10-27T16:56:49.433+0000] {dag.py:3722} INFO - Setting next_dagrun for example_subdag_operator.section-2 to None, run_after=None
[2023-10-27T16:56:49.442+0000] {processor.py:179} INFO - Processing /home/airflow/.local/lib/python3.8/site-packages/airflow/example_dags/example_subdag_operator.py took 0.088 seconds
[2023-10-27T16:57:19.553+0000] {processor.py:157} INFO - Started process (PID=3702) to work on /home/airflow/.local/lib/python3.8/site-packages/airflow/example_dags/example_subdag_operator.py
[2023-10-27T16:57:19.554+0000] {processor.py:829} INFO - Processing file /home/airflow/.local/lib/python3.8/site-packages/airflow/example_dags/example_subdag_operator.py for tasks to queue
[2023-10-27T16:57:19.555+0000] {logging_mixin.py:151} INFO - [2023-10-27T16:57:19.555+0000] {dagbag.py:536} INFO - Filling up the DagBag from /home/airflow/.local/lib/python3.8/site-packages/airflow/example_dags/example_subdag_operator.py
[2023-10-27T16:57:19.570+0000] {processor.py:839} INFO - DAG(s) dict_keys(['example_subdag_operator.section-1', 'example_subdag_operator.section-2', 'example_subdag_operator']) retrieved from /home/airflow/.local/lib/python3.8/site-packages/airflow/example_dags/example_subdag_operator.py
[2023-10-27T16:57:19.579+0000] {logging_mixin.py:151} INFO - [2023-10-27T16:57:19.579+0000] {dag.py:2941} INFO - Sync 3 DAGs
[2023-10-27T16:57:19.593+0000] {logging_mixin.py:151} INFO - [2023-10-27T16:57:19.593+0000] {dag.py:3722} INFO - Setting next_dagrun for example_subdag_operator to 2022-01-01T00:00:00+00:00, run_after=2022-01-01T00:00:00+00:00
[2023-10-27T16:57:19.595+0000] {logging_mixin.py:151} INFO - [2023-10-27T16:57:19.595+0000] {dag.py:3722} INFO - Setting next_dagrun for example_subdag_operator.section-1 to None, run_after=None
[2023-10-27T16:57:19.596+0000] {logging_mixin.py:151} INFO - [2023-10-27T16:57:19.596+0000] {dag.py:3722} INFO - Setting next_dagrun for example_subdag_operator.section-2 to None, run_after=None
[2023-10-27T16:57:19.600+0000] {logging_mixin.py:151} INFO - [2023-10-27T16:57:19.600+0000] {dag.py:2941} INFO - Sync 2 DAGs
[2023-10-27T16:57:19.604+0000] {logging_mixin.py:151} INFO - [2023-10-27T16:57:19.604+0000] {dag.py:3722} INFO - Setting next_dagrun for example_subdag_operator.section-1 to None, run_after=None
[2023-10-27T16:57:19.605+0000] {logging_mixin.py:151} INFO - [2023-10-27T16:57:19.605+0000] {dag.py:3722} INFO - Setting next_dagrun for example_subdag_operator.section-2 to None, run_after=None
[2023-10-27T16:57:19.611+0000] {processor.py:179} INFO - Processing /home/airflow/.local/lib/python3.8/site-packages/airflow/example_dags/example_subdag_operator.py took 0.060 seconds
[2023-10-27T16:57:50.482+0000] {processor.py:157} INFO - Started process (PID=3758) to work on /home/airflow/.local/lib/python3.8/site-packages/airflow/example_dags/example_subdag_operator.py
[2023-10-27T16:57:50.482+0000] {processor.py:829} INFO - Processing file /home/airflow/.local/lib/python3.8/site-packages/airflow/example_dags/example_subdag_operator.py for tasks to queue
[2023-10-27T16:57:50.484+0000] {logging_mixin.py:151} INFO - [2023-10-27T16:57:50.483+0000] {dagbag.py:536} INFO - Filling up the DagBag from /home/airflow/.local/lib/python3.8/site-packages/airflow/example_dags/example_subdag_operator.py
[2023-10-27T16:57:50.498+0000] {processor.py:839} INFO - DAG(s) dict_keys(['example_subdag_operator.section-1', 'example_subdag_operator.section-2', 'example_subdag_operator']) retrieved from /home/airflow/.local/lib/python3.8/site-packages/airflow/example_dags/example_subdag_operator.py
[2023-10-27T16:57:50.508+0000] {logging_mixin.py:151} INFO - [2023-10-27T16:57:50.508+0000] {dag.py:2941} INFO - Sync 3 DAGs
[2023-10-27T16:57:50.522+0000] {logging_mixin.py:151} INFO - [2023-10-27T16:57:50.522+0000] {dag.py:3722} INFO - Setting next_dagrun for example_subdag_operator to 2022-01-01T00:00:00+00:00, run_after=2022-01-01T00:00:00+00:00
[2023-10-27T16:57:50.524+0000] {logging_mixin.py:151} INFO - [2023-10-27T16:57:50.524+0000] {dag.py:3722} INFO - Setting next_dagrun for example_subdag_operator.section-1 to None, run_after=None
[2023-10-27T16:57:50.525+0000] {logging_mixin.py:151} INFO - [2023-10-27T16:57:50.525+0000] {dag.py:3722} INFO - Setting next_dagrun for example_subdag_operator.section-2 to None, run_after=None
[2023-10-27T16:57:50.531+0000] {logging_mixin.py:151} INFO - [2023-10-27T16:57:50.530+0000] {dag.py:2941} INFO - Sync 2 DAGs
[2023-10-27T16:57:50.534+0000] {logging_mixin.py:151} INFO - [2023-10-27T16:57:50.534+0000] {dag.py:3722} INFO - Setting next_dagrun for example_subdag_operator.section-1 to None, run_after=None
[2023-10-27T16:57:50.535+0000] {logging_mixin.py:151} INFO - [2023-10-27T16:57:50.535+0000] {dag.py:3722} INFO - Setting next_dagrun for example_subdag_operator.section-2 to None, run_after=None
[2023-10-27T16:57:50.541+0000] {processor.py:179} INFO - Processing /home/airflow/.local/lib/python3.8/site-packages/airflow/example_dags/example_subdag_operator.py took 0.062 seconds
[2023-10-27T16:58:21.219+0000] {processor.py:157} INFO - Started process (PID=3815) to work on /home/airflow/.local/lib/python3.8/site-packages/airflow/example_dags/example_subdag_operator.py
[2023-10-27T16:58:21.220+0000] {processor.py:829} INFO - Processing file /home/airflow/.local/lib/python3.8/site-packages/airflow/example_dags/example_subdag_operator.py for tasks to queue
[2023-10-27T16:58:21.221+0000] {logging_mixin.py:151} INFO - [2023-10-27T16:58:21.221+0000] {dagbag.py:536} INFO - Filling up the DagBag from /home/airflow/.local/lib/python3.8/site-packages/airflow/example_dags/example_subdag_operator.py
[2023-10-27T16:58:21.237+0000] {processor.py:839} INFO - DAG(s) dict_keys(['example_subdag_operator.section-1', 'example_subdag_operator.section-2', 'example_subdag_operator']) retrieved from /home/airflow/.local/lib/python3.8/site-packages/airflow/example_dags/example_subdag_operator.py
[2023-10-27T16:58:21.248+0000] {logging_mixin.py:151} INFO - [2023-10-27T16:58:21.248+0000] {dag.py:2941} INFO - Sync 3 DAGs
[2023-10-27T16:58:21.265+0000] {logging_mixin.py:151} INFO - [2023-10-27T16:58:21.265+0000] {dag.py:3722} INFO - Setting next_dagrun for example_subdag_operator to 2022-01-01T00:00:00+00:00, run_after=2022-01-01T00:00:00+00:00
[2023-10-27T16:58:21.268+0000] {logging_mixin.py:151} INFO - [2023-10-27T16:58:21.268+0000] {dag.py:3722} INFO - Setting next_dagrun for example_subdag_operator.section-1 to None, run_after=None
[2023-10-27T16:58:21.269+0000] {logging_mixin.py:151} INFO - [2023-10-27T16:58:21.269+0000] {dag.py:3722} INFO - Setting next_dagrun for example_subdag_operator.section-2 to None, run_after=None
[2023-10-27T16:58:21.275+0000] {logging_mixin.py:151} INFO - [2023-10-27T16:58:21.275+0000] {dag.py:2941} INFO - Sync 2 DAGs
[2023-10-27T16:58:21.279+0000] {logging_mixin.py:151} INFO - [2023-10-27T16:58:21.279+0000] {dag.py:3722} INFO - Setting next_dagrun for example_subdag_operator.section-1 to None, run_after=None
[2023-10-27T16:58:21.279+0000] {logging_mixin.py:151} INFO - [2023-10-27T16:58:21.279+0000] {dag.py:3722} INFO - Setting next_dagrun for example_subdag_operator.section-2 to None, run_after=None
[2023-10-27T16:58:21.287+0000] {processor.py:179} INFO - Processing /home/airflow/.local/lib/python3.8/site-packages/airflow/example_dags/example_subdag_operator.py took 0.070 seconds
[2023-10-27T16:58:52.185+0000] {processor.py:157} INFO - Started process (PID=3872) to work on /home/airflow/.local/lib/python3.8/site-packages/airflow/example_dags/example_subdag_operator.py
[2023-10-27T16:58:52.185+0000] {processor.py:829} INFO - Processing file /home/airflow/.local/lib/python3.8/site-packages/airflow/example_dags/example_subdag_operator.py for tasks to queue
[2023-10-27T16:58:52.187+0000] {logging_mixin.py:151} INFO - [2023-10-27T16:58:52.186+0000] {dagbag.py:536} INFO - Filling up the DagBag from /home/airflow/.local/lib/python3.8/site-packages/airflow/example_dags/example_subdag_operator.py
[2023-10-27T16:58:52.203+0000] {processor.py:839} INFO - DAG(s) dict_keys(['example_subdag_operator.section-1', 'example_subdag_operator.section-2', 'example_subdag_operator']) retrieved from /home/airflow/.local/lib/python3.8/site-packages/airflow/example_dags/example_subdag_operator.py
[2023-10-27T16:58:52.212+0000] {logging_mixin.py:151} INFO - [2023-10-27T16:58:52.212+0000] {dag.py:2941} INFO - Sync 3 DAGs
[2023-10-27T16:58:52.228+0000] {logging_mixin.py:151} INFO - [2023-10-27T16:58:52.228+0000] {dag.py:3722} INFO - Setting next_dagrun for example_subdag_operator to 2022-01-01T00:00:00+00:00, run_after=2022-01-01T00:00:00+00:00
[2023-10-27T16:58:52.230+0000] {logging_mixin.py:151} INFO - [2023-10-27T16:58:52.230+0000] {dag.py:3722} INFO - Setting next_dagrun for example_subdag_operator.section-1 to None, run_after=None
[2023-10-27T16:58:52.231+0000] {logging_mixin.py:151} INFO - [2023-10-27T16:58:52.231+0000] {dag.py:3722} INFO - Setting next_dagrun for example_subdag_operator.section-2 to None, run_after=None
[2023-10-27T16:58:52.236+0000] {logging_mixin.py:151} INFO - [2023-10-27T16:58:52.235+0000] {dag.py:2941} INFO - Sync 2 DAGs
[2023-10-27T16:58:52.239+0000] {logging_mixin.py:151} INFO - [2023-10-27T16:58:52.239+0000] {dag.py:3722} INFO - Setting next_dagrun for example_subdag_operator.section-1 to None, run_after=None
[2023-10-27T16:58:52.239+0000] {logging_mixin.py:151} INFO - [2023-10-27T16:58:52.239+0000] {dag.py:3722} INFO - Setting next_dagrun for example_subdag_operator.section-2 to None, run_after=None
[2023-10-27T16:58:52.246+0000] {processor.py:179} INFO - Processing /home/airflow/.local/lib/python3.8/site-packages/airflow/example_dags/example_subdag_operator.py took 0.063 seconds
[2023-10-27T16:59:23.172+0000] {processor.py:157} INFO - Started process (PID=3928) to work on /home/airflow/.local/lib/python3.8/site-packages/airflow/example_dags/example_subdag_operator.py
[2023-10-27T16:59:23.173+0000] {processor.py:829} INFO - Processing file /home/airflow/.local/lib/python3.8/site-packages/airflow/example_dags/example_subdag_operator.py for tasks to queue
[2023-10-27T16:59:23.174+0000] {logging_mixin.py:151} INFO - [2023-10-27T16:59:23.174+0000] {dagbag.py:536} INFO - Filling up the DagBag from /home/airflow/.local/lib/python3.8/site-packages/airflow/example_dags/example_subdag_operator.py
[2023-10-27T16:59:23.189+0000] {processor.py:839} INFO - DAG(s) dict_keys(['example_subdag_operator.section-1', 'example_subdag_operator.section-2', 'example_subdag_operator']) retrieved from /home/airflow/.local/lib/python3.8/site-packages/airflow/example_dags/example_subdag_operator.py
[2023-10-27T16:59:23.199+0000] {logging_mixin.py:151} INFO - [2023-10-27T16:59:23.199+0000] {dag.py:2941} INFO - Sync 3 DAGs
[2023-10-27T16:59:23.215+0000] {logging_mixin.py:151} INFO - [2023-10-27T16:59:23.215+0000] {dag.py:3722} INFO - Setting next_dagrun for example_subdag_operator to 2022-01-01T00:00:00+00:00, run_after=2022-01-01T00:00:00+00:00
[2023-10-27T16:59:23.218+0000] {logging_mixin.py:151} INFO - [2023-10-27T16:59:23.218+0000] {dag.py:3722} INFO - Setting next_dagrun for example_subdag_operator.section-1 to None, run_after=None
[2023-10-27T16:59:23.219+0000] {logging_mixin.py:151} INFO - [2023-10-27T16:59:23.219+0000] {dag.py:3722} INFO - Setting next_dagrun for example_subdag_operator.section-2 to None, run_after=None
[2023-10-27T16:59:23.223+0000] {logging_mixin.py:151} INFO - [2023-10-27T16:59:23.223+0000] {dag.py:2941} INFO - Sync 2 DAGs
[2023-10-27T16:59:23.227+0000] {logging_mixin.py:151} INFO - [2023-10-27T16:59:23.227+0000] {dag.py:3722} INFO - Setting next_dagrun for example_subdag_operator.section-1 to None, run_after=None
[2023-10-27T16:59:23.227+0000] {logging_mixin.py:151} INFO - [2023-10-27T16:59:23.227+0000] {dag.py:3722} INFO - Setting next_dagrun for example_subdag_operator.section-2 to None, run_after=None
[2023-10-27T16:59:23.234+0000] {processor.py:179} INFO - Processing /home/airflow/.local/lib/python3.8/site-packages/airflow/example_dags/example_subdag_operator.py took 0.064 seconds
[2023-10-27T16:59:53.952+0000] {processor.py:157} INFO - Started process (PID=3991) to work on /home/airflow/.local/lib/python3.8/site-packages/airflow/example_dags/example_subdag_operator.py
[2023-10-27T16:59:53.953+0000] {processor.py:829} INFO - Processing file /home/airflow/.local/lib/python3.8/site-packages/airflow/example_dags/example_subdag_operator.py for tasks to queue
[2023-10-27T16:59:53.954+0000] {logging_mixin.py:151} INFO - [2023-10-27T16:59:53.954+0000] {dagbag.py:536} INFO - Filling up the DagBag from /home/airflow/.local/lib/python3.8/site-packages/airflow/example_dags/example_subdag_operator.py
[2023-10-27T16:59:53.969+0000] {processor.py:839} INFO - DAG(s) dict_keys(['example_subdag_operator.section-1', 'example_subdag_operator.section-2', 'example_subdag_operator']) retrieved from /home/airflow/.local/lib/python3.8/site-packages/airflow/example_dags/example_subdag_operator.py
[2023-10-27T16:59:53.980+0000] {logging_mixin.py:151} INFO - [2023-10-27T16:59:53.980+0000] {dag.py:2941} INFO - Sync 3 DAGs
[2023-10-27T16:59:53.996+0000] {logging_mixin.py:151} INFO - [2023-10-27T16:59:53.996+0000] {dag.py:3722} INFO - Setting next_dagrun for example_subdag_operator to 2022-01-01T00:00:00+00:00, run_after=2022-01-01T00:00:00+00:00
[2023-10-27T16:59:53.998+0000] {logging_mixin.py:151} INFO - [2023-10-27T16:59:53.998+0000] {dag.py:3722} INFO - Setting next_dagrun for example_subdag_operator.section-1 to None, run_after=None
[2023-10-27T16:59:53.999+0000] {logging_mixin.py:151} INFO - [2023-10-27T16:59:53.999+0000] {dag.py:3722} INFO - Setting next_dagrun for example_subdag_operator.section-2 to None, run_after=None
[2023-10-27T16:59:54.004+0000] {logging_mixin.py:151} INFO - [2023-10-27T16:59:54.004+0000] {dag.py:2941} INFO - Sync 2 DAGs
[2023-10-27T16:59:54.008+0000] {logging_mixin.py:151} INFO - [2023-10-27T16:59:54.008+0000] {dag.py:3722} INFO - Setting next_dagrun for example_subdag_operator.section-1 to None, run_after=None
[2023-10-27T16:59:54.008+0000] {logging_mixin.py:151} INFO - [2023-10-27T16:59:54.008+0000] {dag.py:3722} INFO - Setting next_dagrun for example_subdag_operator.section-2 to None, run_after=None
[2023-10-27T16:59:54.015+0000] {processor.py:179} INFO - Processing /home/airflow/.local/lib/python3.8/site-packages/airflow/example_dags/example_subdag_operator.py took 0.065 seconds
[2023-10-27T17:00:24.705+0000] {processor.py:157} INFO - Started process (PID=4047) to work on /home/airflow/.local/lib/python3.8/site-packages/airflow/example_dags/example_subdag_operator.py
[2023-10-27T17:00:24.705+0000] {processor.py:829} INFO - Processing file /home/airflow/.local/lib/python3.8/site-packages/airflow/example_dags/example_subdag_operator.py for tasks to queue
[2023-10-27T17:00:24.707+0000] {logging_mixin.py:151} INFO - [2023-10-27T17:00:24.706+0000] {dagbag.py:536} INFO - Filling up the DagBag from /home/airflow/.local/lib/python3.8/site-packages/airflow/example_dags/example_subdag_operator.py
[2023-10-27T17:00:24.724+0000] {processor.py:839} INFO - DAG(s) dict_keys(['example_subdag_operator.section-1', 'example_subdag_operator.section-2', 'example_subdag_operator']) retrieved from /home/airflow/.local/lib/python3.8/site-packages/airflow/example_dags/example_subdag_operator.py
[2023-10-27T17:00:24.736+0000] {logging_mixin.py:151} INFO - [2023-10-27T17:00:24.735+0000] {dag.py:2941} INFO - Sync 3 DAGs
[2023-10-27T17:00:24.752+0000] {logging_mixin.py:151} INFO - [2023-10-27T17:00:24.752+0000] {dag.py:3722} INFO - Setting next_dagrun for example_subdag_operator to 2022-01-01T00:00:00+00:00, run_after=2022-01-01T00:00:00+00:00
[2023-10-27T17:00:24.754+0000] {logging_mixin.py:151} INFO - [2023-10-27T17:00:24.754+0000] {dag.py:3722} INFO - Setting next_dagrun for example_subdag_operator.section-1 to None, run_after=None
[2023-10-27T17:00:24.756+0000] {logging_mixin.py:151} INFO - [2023-10-27T17:00:24.755+0000] {dag.py:3722} INFO - Setting next_dagrun for example_subdag_operator.section-2 to None, run_after=None
[2023-10-27T17:00:24.760+0000] {logging_mixin.py:151} INFO - [2023-10-27T17:00:24.760+0000] {dag.py:2941} INFO - Sync 2 DAGs
[2023-10-27T17:00:24.764+0000] {logging_mixin.py:151} INFO - [2023-10-27T17:00:24.764+0000] {dag.py:3722} INFO - Setting next_dagrun for example_subdag_operator.section-1 to None, run_after=None
[2023-10-27T17:00:24.764+0000] {logging_mixin.py:151} INFO - [2023-10-27T17:00:24.764+0000] {dag.py:3722} INFO - Setting next_dagrun for example_subdag_operator.section-2 to None, run_after=None
[2023-10-27T17:00:24.771+0000] {processor.py:179} INFO - Processing /home/airflow/.local/lib/python3.8/site-packages/airflow/example_dags/example_subdag_operator.py took 0.069 seconds
[2023-10-27T17:00:55.671+0000] {processor.py:157} INFO - Started process (PID=4103) to work on /home/airflow/.local/lib/python3.8/site-packages/airflow/example_dags/example_subdag_operator.py
[2023-10-27T17:00:55.672+0000] {processor.py:829} INFO - Processing file /home/airflow/.local/lib/python3.8/site-packages/airflow/example_dags/example_subdag_operator.py for tasks to queue
[2023-10-27T17:00:55.673+0000] {logging_mixin.py:151} INFO - [2023-10-27T17:00:55.673+0000] {dagbag.py:536} INFO - Filling up the DagBag from /home/airflow/.local/lib/python3.8/site-packages/airflow/example_dags/example_subdag_operator.py
[2023-10-27T17:00:55.689+0000] {processor.py:839} INFO - DAG(s) dict_keys(['example_subdag_operator.section-1', 'example_subdag_operator.section-2', 'example_subdag_operator']) retrieved from /home/airflow/.local/lib/python3.8/site-packages/airflow/example_dags/example_subdag_operator.py
[2023-10-27T17:00:55.699+0000] {logging_mixin.py:151} INFO - [2023-10-27T17:00:55.698+0000] {dag.py:2941} INFO - Sync 3 DAGs
[2023-10-27T17:00:55.715+0000] {logging_mixin.py:151} INFO - [2023-10-27T17:00:55.715+0000] {dag.py:3722} INFO - Setting next_dagrun for example_subdag_operator to 2022-01-01T00:00:00+00:00, run_after=2022-01-01T00:00:00+00:00
[2023-10-27T17:00:55.717+0000] {logging_mixin.py:151} INFO - [2023-10-27T17:00:55.717+0000] {dag.py:3722} INFO - Setting next_dagrun for example_subdag_operator.section-1 to None, run_after=None
[2023-10-27T17:00:55.718+0000] {logging_mixin.py:151} INFO - [2023-10-27T17:00:55.718+0000] {dag.py:3722} INFO - Setting next_dagrun for example_subdag_operator.section-2 to None, run_after=None
[2023-10-27T17:00:55.722+0000] {logging_mixin.py:151} INFO - [2023-10-27T17:00:55.722+0000] {dag.py:2941} INFO - Sync 2 DAGs
[2023-10-27T17:00:55.726+0000] {logging_mixin.py:151} INFO - [2023-10-27T17:00:55.726+0000] {dag.py:3722} INFO - Setting next_dagrun for example_subdag_operator.section-1 to None, run_after=None
[2023-10-27T17:00:55.726+0000] {logging_mixin.py:151} INFO - [2023-10-27T17:00:55.726+0000] {dag.py:3722} INFO - Setting next_dagrun for example_subdag_operator.section-2 to None, run_after=None
[2023-10-27T17:00:55.734+0000] {processor.py:179} INFO - Processing /home/airflow/.local/lib/python3.8/site-packages/airflow/example_dags/example_subdag_operator.py took 0.065 seconds
[2023-10-27T17:01:26.569+0000] {processor.py:157} INFO - Started process (PID=4159) to work on /home/airflow/.local/lib/python3.8/site-packages/airflow/example_dags/example_subdag_operator.py
[2023-10-27T17:01:26.569+0000] {processor.py:829} INFO - Processing file /home/airflow/.local/lib/python3.8/site-packages/airflow/example_dags/example_subdag_operator.py for tasks to queue
[2023-10-27T17:01:26.571+0000] {logging_mixin.py:151} INFO - [2023-10-27T17:01:26.570+0000] {dagbag.py:536} INFO - Filling up the DagBag from /home/airflow/.local/lib/python3.8/site-packages/airflow/example_dags/example_subdag_operator.py
[2023-10-27T17:01:26.586+0000] {processor.py:839} INFO - DAG(s) dict_keys(['example_subdag_operator.section-1', 'example_subdag_operator.section-2', 'example_subdag_operator']) retrieved from /home/airflow/.local/lib/python3.8/site-packages/airflow/example_dags/example_subdag_operator.py
[2023-10-27T17:01:26.595+0000] {logging_mixin.py:151} INFO - [2023-10-27T17:01:26.595+0000] {dag.py:2941} INFO - Sync 3 DAGs
[2023-10-27T17:01:26.609+0000] {logging_mixin.py:151} INFO - [2023-10-27T17:01:26.609+0000] {dag.py:3722} INFO - Setting next_dagrun for example_subdag_operator to 2022-01-01T00:00:00+00:00, run_after=2022-01-01T00:00:00+00:00
[2023-10-27T17:01:26.613+0000] {logging_mixin.py:151} INFO - [2023-10-27T17:01:26.613+0000] {dag.py:3722} INFO - Setting next_dagrun for example_subdag_operator.section-1 to None, run_after=None
[2023-10-27T17:01:26.614+0000] {logging_mixin.py:151} INFO - [2023-10-27T17:01:26.614+0000] {dag.py:3722} INFO - Setting next_dagrun for example_subdag_operator.section-2 to None, run_after=None
[2023-10-27T17:01:26.619+0000] {logging_mixin.py:151} INFO - [2023-10-27T17:01:26.618+0000] {dag.py:2941} INFO - Sync 2 DAGs
[2023-10-27T17:01:26.622+0000] {logging_mixin.py:151} INFO - [2023-10-27T17:01:26.622+0000] {dag.py:3722} INFO - Setting next_dagrun for example_subdag_operator.section-1 to None, run_after=None
[2023-10-27T17:01:26.622+0000] {logging_mixin.py:151} INFO - [2023-10-27T17:01:26.622+0000] {dag.py:3722} INFO - Setting next_dagrun for example_subdag_operator.section-2 to None, run_after=None
[2023-10-27T17:01:26.629+0000] {processor.py:179} INFO - Processing /home/airflow/.local/lib/python3.8/site-packages/airflow/example_dags/example_subdag_operator.py took 0.062 seconds
[2023-10-27T17:01:57.336+0000] {processor.py:157} INFO - Started process (PID=4215) to work on /home/airflow/.local/lib/python3.8/site-packages/airflow/example_dags/example_subdag_operator.py
[2023-10-27T17:01:57.336+0000] {processor.py:829} INFO - Processing file /home/airflow/.local/lib/python3.8/site-packages/airflow/example_dags/example_subdag_operator.py for tasks to queue
[2023-10-27T17:01:57.338+0000] {logging_mixin.py:151} INFO - [2023-10-27T17:01:57.337+0000] {dagbag.py:536} INFO - Filling up the DagBag from /home/airflow/.local/lib/python3.8/site-packages/airflow/example_dags/example_subdag_operator.py
[2023-10-27T17:01:57.352+0000] {processor.py:839} INFO - DAG(s) dict_keys(['example_subdag_operator.section-1', 'example_subdag_operator.section-2', 'example_subdag_operator']) retrieved from /home/airflow/.local/lib/python3.8/site-packages/airflow/example_dags/example_subdag_operator.py
[2023-10-27T17:01:57.362+0000] {logging_mixin.py:151} INFO - [2023-10-27T17:01:57.362+0000] {dag.py:2941} INFO - Sync 3 DAGs
[2023-10-27T17:01:57.376+0000] {logging_mixin.py:151} INFO - [2023-10-27T17:01:57.376+0000] {dag.py:3722} INFO - Setting next_dagrun for example_subdag_operator to 2022-01-01T00:00:00+00:00, run_after=2022-01-01T00:00:00+00:00
[2023-10-27T17:01:57.379+0000] {logging_mixin.py:151} INFO - [2023-10-27T17:01:57.379+0000] {dag.py:3722} INFO - Setting next_dagrun for example_subdag_operator.section-1 to None, run_after=None
[2023-10-27T17:01:57.380+0000] {logging_mixin.py:151} INFO - [2023-10-27T17:01:57.380+0000] {dag.py:3722} INFO - Setting next_dagrun for example_subdag_operator.section-2 to None, run_after=None
[2023-10-27T17:01:57.385+0000] {logging_mixin.py:151} INFO - [2023-10-27T17:01:57.385+0000] {dag.py:2941} INFO - Sync 2 DAGs
[2023-10-27T17:01:57.390+0000] {logging_mixin.py:151} INFO - [2023-10-27T17:01:57.390+0000] {dag.py:3722} INFO - Setting next_dagrun for example_subdag_operator.section-1 to None, run_after=None
[2023-10-27T17:01:57.390+0000] {logging_mixin.py:151} INFO - [2023-10-27T17:01:57.390+0000] {dag.py:3722} INFO - Setting next_dagrun for example_subdag_operator.section-2 to None, run_after=None
[2023-10-27T17:01:57.398+0000] {processor.py:179} INFO - Processing /home/airflow/.local/lib/python3.8/site-packages/airflow/example_dags/example_subdag_operator.py took 0.064 seconds
[2023-10-27T17:02:28.282+0000] {processor.py:157} INFO - Started process (PID=4271) to work on /home/airflow/.local/lib/python3.8/site-packages/airflow/example_dags/example_subdag_operator.py
[2023-10-27T17:02:28.283+0000] {processor.py:829} INFO - Processing file /home/airflow/.local/lib/python3.8/site-packages/airflow/example_dags/example_subdag_operator.py for tasks to queue
[2023-10-27T17:02:28.284+0000] {logging_mixin.py:151} INFO - [2023-10-27T17:02:28.284+0000] {dagbag.py:536} INFO - Filling up the DagBag from /home/airflow/.local/lib/python3.8/site-packages/airflow/example_dags/example_subdag_operator.py
[2023-10-27T17:02:28.299+0000] {processor.py:839} INFO - DAG(s) dict_keys(['example_subdag_operator.section-1', 'example_subdag_operator.section-2', 'example_subdag_operator']) retrieved from /home/airflow/.local/lib/python3.8/site-packages/airflow/example_dags/example_subdag_operator.py
[2023-10-27T17:02:28.310+0000] {logging_mixin.py:151} INFO - [2023-10-27T17:02:28.310+0000] {dag.py:2941} INFO - Sync 3 DAGs
[2023-10-27T17:02:28.324+0000] {logging_mixin.py:151} INFO - [2023-10-27T17:02:28.324+0000] {dag.py:3722} INFO - Setting next_dagrun for example_subdag_operator to 2022-01-01T00:00:00+00:00, run_after=2022-01-01T00:00:00+00:00
[2023-10-27T17:02:28.327+0000] {logging_mixin.py:151} INFO - [2023-10-27T17:02:28.327+0000] {dag.py:3722} INFO - Setting next_dagrun for example_subdag_operator.section-1 to None, run_after=None
[2023-10-27T17:02:28.328+0000] {logging_mixin.py:151} INFO - [2023-10-27T17:02:28.328+0000] {dag.py:3722} INFO - Setting next_dagrun for example_subdag_operator.section-2 to None, run_after=None
[2023-10-27T17:02:28.333+0000] {logging_mixin.py:151} INFO - [2023-10-27T17:02:28.333+0000] {dag.py:2941} INFO - Sync 2 DAGs
[2023-10-27T17:02:28.337+0000] {logging_mixin.py:151} INFO - [2023-10-27T17:02:28.337+0000] {dag.py:3722} INFO - Setting next_dagrun for example_subdag_operator.section-1 to None, run_after=None
[2023-10-27T17:02:28.338+0000] {logging_mixin.py:151} INFO - [2023-10-27T17:02:28.338+0000] {dag.py:3722} INFO - Setting next_dagrun for example_subdag_operator.section-2 to None, run_after=None
[2023-10-27T17:02:28.345+0000] {processor.py:179} INFO - Processing /home/airflow/.local/lib/python3.8/site-packages/airflow/example_dags/example_subdag_operator.py took 0.065 seconds
[2023-10-27T17:02:59.168+0000] {processor.py:157} INFO - Started process (PID=4327) to work on /home/airflow/.local/lib/python3.8/site-packages/airflow/example_dags/example_subdag_operator.py
[2023-10-27T17:02:59.168+0000] {processor.py:829} INFO - Processing file /home/airflow/.local/lib/python3.8/site-packages/airflow/example_dags/example_subdag_operator.py for tasks to queue
[2023-10-27T17:02:59.169+0000] {logging_mixin.py:151} INFO - [2023-10-27T17:02:59.169+0000] {dagbag.py:536} INFO - Filling up the DagBag from /home/airflow/.local/lib/python3.8/site-packages/airflow/example_dags/example_subdag_operator.py
[2023-10-27T17:02:59.186+0000] {processor.py:839} INFO - DAG(s) dict_keys(['example_subdag_operator.section-1', 'example_subdag_operator.section-2', 'example_subdag_operator']) retrieved from /home/airflow/.local/lib/python3.8/site-packages/airflow/example_dags/example_subdag_operator.py
[2023-10-27T17:02:59.199+0000] {logging_mixin.py:151} INFO - [2023-10-27T17:02:59.199+0000] {dag.py:2941} INFO - Sync 3 DAGs
[2023-10-27T17:02:59.214+0000] {logging_mixin.py:151} INFO - [2023-10-27T17:02:59.214+0000] {dag.py:3722} INFO - Setting next_dagrun for example_subdag_operator to 2022-01-01T00:00:00+00:00, run_after=2022-01-01T00:00:00+00:00
[2023-10-27T17:02:59.217+0000] {logging_mixin.py:151} INFO - [2023-10-27T17:02:59.217+0000] {dag.py:3722} INFO - Setting next_dagrun for example_subdag_operator.section-1 to None, run_after=None
[2023-10-27T17:02:59.218+0000] {logging_mixin.py:151} INFO - [2023-10-27T17:02:59.218+0000] {dag.py:3722} INFO - Setting next_dagrun for example_subdag_operator.section-2 to None, run_after=None
[2023-10-27T17:02:59.224+0000] {logging_mixin.py:151} INFO - [2023-10-27T17:02:59.224+0000] {dag.py:2941} INFO - Sync 2 DAGs
[2023-10-27T17:02:59.229+0000] {logging_mixin.py:151} INFO - [2023-10-27T17:02:59.229+0000] {dag.py:3722} INFO - Setting next_dagrun for example_subdag_operator.section-1 to None, run_after=None
[2023-10-27T17:02:59.229+0000] {logging_mixin.py:151} INFO - [2023-10-27T17:02:59.229+0000] {dag.py:3722} INFO - Setting next_dagrun for example_subdag_operator.section-2 to None, run_after=None
[2023-10-27T17:02:59.238+0000] {processor.py:179} INFO - Processing /home/airflow/.local/lib/python3.8/site-packages/airflow/example_dags/example_subdag_operator.py took 0.072 seconds
[2023-10-27T17:03:30.145+0000] {processor.py:157} INFO - Started process (PID=4384) to work on /home/airflow/.local/lib/python3.8/site-packages/airflow/example_dags/example_subdag_operator.py
[2023-10-27T17:03:30.145+0000] {processor.py:829} INFO - Processing file /home/airflow/.local/lib/python3.8/site-packages/airflow/example_dags/example_subdag_operator.py for tasks to queue
[2023-10-27T17:03:30.147+0000] {logging_mixin.py:151} INFO - [2023-10-27T17:03:30.146+0000] {dagbag.py:536} INFO - Filling up the DagBag from /home/airflow/.local/lib/python3.8/site-packages/airflow/example_dags/example_subdag_operator.py
[2023-10-27T17:03:30.163+0000] {processor.py:839} INFO - DAG(s) dict_keys(['example_subdag_operator.section-1', 'example_subdag_operator.section-2', 'example_subdag_operator']) retrieved from /home/airflow/.local/lib/python3.8/site-packages/airflow/example_dags/example_subdag_operator.py
[2023-10-27T17:03:30.175+0000] {logging_mixin.py:151} INFO - [2023-10-27T17:03:30.175+0000] {dag.py:2941} INFO - Sync 3 DAGs
[2023-10-27T17:03:30.190+0000] {logging_mixin.py:151} INFO - [2023-10-27T17:03:30.190+0000] {dag.py:3722} INFO - Setting next_dagrun for example_subdag_operator to 2022-01-01T00:00:00+00:00, run_after=2022-01-01T00:00:00+00:00
[2023-10-27T17:03:30.193+0000] {logging_mixin.py:151} INFO - [2023-10-27T17:03:30.193+0000] {dag.py:3722} INFO - Setting next_dagrun for example_subdag_operator.section-1 to None, run_after=None
[2023-10-27T17:03:30.194+0000] {logging_mixin.py:151} INFO - [2023-10-27T17:03:30.194+0000] {dag.py:3722} INFO - Setting next_dagrun for example_subdag_operator.section-2 to None, run_after=None
[2023-10-27T17:03:30.199+0000] {logging_mixin.py:151} INFO - [2023-10-27T17:03:30.199+0000] {dag.py:2941} INFO - Sync 2 DAGs
[2023-10-27T17:03:30.204+0000] {logging_mixin.py:151} INFO - [2023-10-27T17:03:30.203+0000] {dag.py:3722} INFO - Setting next_dagrun for example_subdag_operator.section-1 to None, run_after=None
[2023-10-27T17:03:30.204+0000] {logging_mixin.py:151} INFO - [2023-10-27T17:03:30.204+0000] {dag.py:3722} INFO - Setting next_dagrun for example_subdag_operator.section-2 to None, run_after=None
[2023-10-27T17:03:30.212+0000] {processor.py:179} INFO - Processing /home/airflow/.local/lib/python3.8/site-packages/airflow/example_dags/example_subdag_operator.py took 0.069 seconds
[2023-10-27T17:04:01.148+0000] {processor.py:157} INFO - Started process (PID=4440) to work on /home/airflow/.local/lib/python3.8/site-packages/airflow/example_dags/example_subdag_operator.py
[2023-10-27T17:04:01.149+0000] {processor.py:829} INFO - Processing file /home/airflow/.local/lib/python3.8/site-packages/airflow/example_dags/example_subdag_operator.py for tasks to queue
[2023-10-27T17:04:01.150+0000] {logging_mixin.py:151} INFO - [2023-10-27T17:04:01.150+0000] {dagbag.py:536} INFO - Filling up the DagBag from /home/airflow/.local/lib/python3.8/site-packages/airflow/example_dags/example_subdag_operator.py
[2023-10-27T17:04:01.165+0000] {processor.py:839} INFO - DAG(s) dict_keys(['example_subdag_operator.section-1', 'example_subdag_operator.section-2', 'example_subdag_operator']) retrieved from /home/airflow/.local/lib/python3.8/site-packages/airflow/example_dags/example_subdag_operator.py
[2023-10-27T17:04:01.177+0000] {logging_mixin.py:151} INFO - [2023-10-27T17:04:01.177+0000] {dag.py:2941} INFO - Sync 3 DAGs
[2023-10-27T17:04:01.191+0000] {logging_mixin.py:151} INFO - [2023-10-27T17:04:01.191+0000] {dag.py:3722} INFO - Setting next_dagrun for example_subdag_operator to 2022-01-01T00:00:00+00:00, run_after=2022-01-01T00:00:00+00:00
[2023-10-27T17:04:01.193+0000] {logging_mixin.py:151} INFO - [2023-10-27T17:04:01.193+0000] {dag.py:3722} INFO - Setting next_dagrun for example_subdag_operator.section-1 to None, run_after=None
[2023-10-27T17:04:01.194+0000] {logging_mixin.py:151} INFO - [2023-10-27T17:04:01.194+0000] {dag.py:3722} INFO - Setting next_dagrun for example_subdag_operator.section-2 to None, run_after=None
[2023-10-27T17:04:01.199+0000] {logging_mixin.py:151} INFO - [2023-10-27T17:04:01.199+0000] {dag.py:2941} INFO - Sync 2 DAGs
[2023-10-27T17:04:01.203+0000] {logging_mixin.py:151} INFO - [2023-10-27T17:04:01.203+0000] {dag.py:3722} INFO - Setting next_dagrun for example_subdag_operator.section-1 to None, run_after=None
[2023-10-27T17:04:01.203+0000] {logging_mixin.py:151} INFO - [2023-10-27T17:04:01.203+0000] {dag.py:3722} INFO - Setting next_dagrun for example_subdag_operator.section-2 to None, run_after=None
[2023-10-27T17:04:01.210+0000] {processor.py:179} INFO - Processing /home/airflow/.local/lib/python3.8/site-packages/airflow/example_dags/example_subdag_operator.py took 0.063 seconds
[2023-10-27T17:04:32.071+0000] {processor.py:157} INFO - Started process (PID=4496) to work on /home/airflow/.local/lib/python3.8/site-packages/airflow/example_dags/example_subdag_operator.py
[2023-10-27T17:04:32.071+0000] {processor.py:829} INFO - Processing file /home/airflow/.local/lib/python3.8/site-packages/airflow/example_dags/example_subdag_operator.py for tasks to queue
[2023-10-27T17:04:32.073+0000] {logging_mixin.py:151} INFO - [2023-10-27T17:04:32.072+0000] {dagbag.py:536} INFO - Filling up the DagBag from /home/airflow/.local/lib/python3.8/site-packages/airflow/example_dags/example_subdag_operator.py
[2023-10-27T17:04:32.089+0000] {processor.py:839} INFO - DAG(s) dict_keys(['example_subdag_operator.section-1', 'example_subdag_operator.section-2', 'example_subdag_operator']) retrieved from /home/airflow/.local/lib/python3.8/site-packages/airflow/example_dags/example_subdag_operator.py
[2023-10-27T17:04:32.103+0000] {logging_mixin.py:151} INFO - [2023-10-27T17:04:32.103+0000] {dag.py:2941} INFO - Sync 3 DAGs
[2023-10-27T17:04:32.120+0000] {logging_mixin.py:151} INFO - [2023-10-27T17:04:32.120+0000] {dag.py:3722} INFO - Setting next_dagrun for example_subdag_operator to 2022-01-01T00:00:00+00:00, run_after=2022-01-01T00:00:00+00:00
[2023-10-27T17:04:32.123+0000] {logging_mixin.py:151} INFO - [2023-10-27T17:04:32.123+0000] {dag.py:3722} INFO - Setting next_dagrun for example_subdag_operator.section-1 to None, run_after=None
[2023-10-27T17:04:32.124+0000] {logging_mixin.py:151} INFO - [2023-10-27T17:04:32.124+0000] {dag.py:3722} INFO - Setting next_dagrun for example_subdag_operator.section-2 to None, run_after=None
[2023-10-27T17:04:32.128+0000] {logging_mixin.py:151} INFO - [2023-10-27T17:04:32.128+0000] {dag.py:2941} INFO - Sync 2 DAGs
[2023-10-27T17:04:32.132+0000] {logging_mixin.py:151} INFO - [2023-10-27T17:04:32.132+0000] {dag.py:3722} INFO - Setting next_dagrun for example_subdag_operator.section-1 to None, run_after=None
[2023-10-27T17:04:32.132+0000] {logging_mixin.py:151} INFO - [2023-10-27T17:04:32.132+0000] {dag.py:3722} INFO - Setting next_dagrun for example_subdag_operator.section-2 to None, run_after=None
[2023-10-27T17:04:32.139+0000] {processor.py:179} INFO - Processing /home/airflow/.local/lib/python3.8/site-packages/airflow/example_dags/example_subdag_operator.py took 0.070 seconds
[2023-10-27T17:05:03.048+0000] {processor.py:157} INFO - Started process (PID=4553) to work on /home/airflow/.local/lib/python3.8/site-packages/airflow/example_dags/example_subdag_operator.py
[2023-10-27T17:05:03.049+0000] {processor.py:829} INFO - Processing file /home/airflow/.local/lib/python3.8/site-packages/airflow/example_dags/example_subdag_operator.py for tasks to queue
[2023-10-27T17:05:03.050+0000] {logging_mixin.py:151} INFO - [2023-10-27T17:05:03.050+0000] {dagbag.py:536} INFO - Filling up the DagBag from /home/airflow/.local/lib/python3.8/site-packages/airflow/example_dags/example_subdag_operator.py
[2023-10-27T17:05:03.067+0000] {processor.py:839} INFO - DAG(s) dict_keys(['example_subdag_operator.section-1', 'example_subdag_operator.section-2', 'example_subdag_operator']) retrieved from /home/airflow/.local/lib/python3.8/site-packages/airflow/example_dags/example_subdag_operator.py
[2023-10-27T17:05:03.078+0000] {logging_mixin.py:151} INFO - [2023-10-27T17:05:03.078+0000] {dag.py:2941} INFO - Sync 3 DAGs
[2023-10-27T17:05:03.093+0000] {logging_mixin.py:151} INFO - [2023-10-27T17:05:03.093+0000] {dag.py:3722} INFO - Setting next_dagrun for example_subdag_operator to 2022-01-01T00:00:00+00:00, run_after=2022-01-01T00:00:00+00:00
[2023-10-27T17:05:03.096+0000] {logging_mixin.py:151} INFO - [2023-10-27T17:05:03.096+0000] {dag.py:3722} INFO - Setting next_dagrun for example_subdag_operator.section-1 to None, run_after=None
[2023-10-27T17:05:03.097+0000] {logging_mixin.py:151} INFO - [2023-10-27T17:05:03.097+0000] {dag.py:3722} INFO - Setting next_dagrun for example_subdag_operator.section-2 to None, run_after=None
[2023-10-27T17:05:03.102+0000] {logging_mixin.py:151} INFO - [2023-10-27T17:05:03.102+0000] {dag.py:2941} INFO - Sync 2 DAGs
[2023-10-27T17:05:03.107+0000] {logging_mixin.py:151} INFO - [2023-10-27T17:05:03.107+0000] {dag.py:3722} INFO - Setting next_dagrun for example_subdag_operator.section-1 to None, run_after=None
[2023-10-27T17:05:03.107+0000] {logging_mixin.py:151} INFO - [2023-10-27T17:05:03.107+0000] {dag.py:3722} INFO - Setting next_dagrun for example_subdag_operator.section-2 to None, run_after=None
[2023-10-27T17:05:03.115+0000] {processor.py:179} INFO - Processing /home/airflow/.local/lib/python3.8/site-packages/airflow/example_dags/example_subdag_operator.py took 0.069 seconds
[2023-10-27T17:05:33.968+0000] {processor.py:157} INFO - Started process (PID=4609) to work on /home/airflow/.local/lib/python3.8/site-packages/airflow/example_dags/example_subdag_operator.py
[2023-10-27T17:05:33.969+0000] {processor.py:829} INFO - Processing file /home/airflow/.local/lib/python3.8/site-packages/airflow/example_dags/example_subdag_operator.py for tasks to queue
[2023-10-27T17:05:33.970+0000] {logging_mixin.py:151} INFO - [2023-10-27T17:05:33.970+0000] {dagbag.py:536} INFO - Filling up the DagBag from /home/airflow/.local/lib/python3.8/site-packages/airflow/example_dags/example_subdag_operator.py
[2023-10-27T17:05:33.985+0000] {processor.py:839} INFO - DAG(s) dict_keys(['example_subdag_operator.section-1', 'example_subdag_operator.section-2', 'example_subdag_operator']) retrieved from /home/airflow/.local/lib/python3.8/site-packages/airflow/example_dags/example_subdag_operator.py
[2023-10-27T17:05:33.995+0000] {logging_mixin.py:151} INFO - [2023-10-27T17:05:33.995+0000] {dag.py:2941} INFO - Sync 3 DAGs
[2023-10-27T17:05:34.011+0000] {logging_mixin.py:151} INFO - [2023-10-27T17:05:34.011+0000] {dag.py:3722} INFO - Setting next_dagrun for example_subdag_operator to 2022-01-01T00:00:00+00:00, run_after=2022-01-01T00:00:00+00:00
[2023-10-27T17:05:34.013+0000] {logging_mixin.py:151} INFO - [2023-10-27T17:05:34.013+0000] {dag.py:3722} INFO - Setting next_dagrun for example_subdag_operator.section-1 to None, run_after=None
[2023-10-27T17:05:34.014+0000] {logging_mixin.py:151} INFO - [2023-10-27T17:05:34.014+0000] {dag.py:3722} INFO - Setting next_dagrun for example_subdag_operator.section-2 to None, run_after=None
[2023-10-27T17:05:34.018+0000] {logging_mixin.py:151} INFO - [2023-10-27T17:05:34.018+0000] {dag.py:2941} INFO - Sync 2 DAGs
[2023-10-27T17:05:34.022+0000] {logging_mixin.py:151} INFO - [2023-10-27T17:05:34.022+0000] {dag.py:3722} INFO - Setting next_dagrun for example_subdag_operator.section-1 to None, run_after=None
[2023-10-27T17:05:34.023+0000] {logging_mixin.py:151} INFO - [2023-10-27T17:05:34.023+0000] {dag.py:3722} INFO - Setting next_dagrun for example_subdag_operator.section-2 to None, run_after=None
[2023-10-27T17:05:34.030+0000] {processor.py:179} INFO - Processing /home/airflow/.local/lib/python3.8/site-packages/airflow/example_dags/example_subdag_operator.py took 0.063 seconds
[2023-10-27T17:06:04.867+0000] {processor.py:157} INFO - Started process (PID=4665) to work on /home/airflow/.local/lib/python3.8/site-packages/airflow/example_dags/example_subdag_operator.py
[2023-10-27T17:06:04.868+0000] {processor.py:829} INFO - Processing file /home/airflow/.local/lib/python3.8/site-packages/airflow/example_dags/example_subdag_operator.py for tasks to queue
[2023-10-27T17:06:04.869+0000] {logging_mixin.py:151} INFO - [2023-10-27T17:06:04.869+0000] {dagbag.py:536} INFO - Filling up the DagBag from /home/airflow/.local/lib/python3.8/site-packages/airflow/example_dags/example_subdag_operator.py
[2023-10-27T17:06:04.884+0000] {processor.py:839} INFO - DAG(s) dict_keys(['example_subdag_operator.section-1', 'example_subdag_operator.section-2', 'example_subdag_operator']) retrieved from /home/airflow/.local/lib/python3.8/site-packages/airflow/example_dags/example_subdag_operator.py
[2023-10-27T17:06:04.894+0000] {logging_mixin.py:151} INFO - [2023-10-27T17:06:04.894+0000] {dag.py:2941} INFO - Sync 3 DAGs
[2023-10-27T17:06:04.907+0000] {logging_mixin.py:151} INFO - [2023-10-27T17:06:04.907+0000] {dag.py:3722} INFO - Setting next_dagrun for example_subdag_operator to 2022-01-01T00:00:00+00:00, run_after=2022-01-01T00:00:00+00:00
[2023-10-27T17:06:04.910+0000] {logging_mixin.py:151} INFO - [2023-10-27T17:06:04.910+0000] {dag.py:3722} INFO - Setting next_dagrun for example_subdag_operator.section-1 to None, run_after=None
[2023-10-27T17:06:04.911+0000] {logging_mixin.py:151} INFO - [2023-10-27T17:06:04.911+0000] {dag.py:3722} INFO - Setting next_dagrun for example_subdag_operator.section-2 to None, run_after=None
[2023-10-27T17:06:04.915+0000] {logging_mixin.py:151} INFO - [2023-10-27T17:06:04.915+0000] {dag.py:2941} INFO - Sync 2 DAGs
[2023-10-27T17:06:04.919+0000] {logging_mixin.py:151} INFO - [2023-10-27T17:06:04.919+0000] {dag.py:3722} INFO - Setting next_dagrun for example_subdag_operator.section-1 to None, run_after=None
[2023-10-27T17:06:04.919+0000] {logging_mixin.py:151} INFO - [2023-10-27T17:06:04.919+0000] {dag.py:3722} INFO - Setting next_dagrun for example_subdag_operator.section-2 to None, run_after=None
[2023-10-27T17:06:04.926+0000] {processor.py:179} INFO - Processing /home/airflow/.local/lib/python3.8/site-packages/airflow/example_dags/example_subdag_operator.py took 0.060 seconds
[2023-10-27T17:06:34.968+0000] {processor.py:157} INFO - Started process (PID=4721) to work on /home/airflow/.local/lib/python3.8/site-packages/airflow/example_dags/example_subdag_operator.py
[2023-10-27T17:06:34.968+0000] {processor.py:829} INFO - Processing file /home/airflow/.local/lib/python3.8/site-packages/airflow/example_dags/example_subdag_operator.py for tasks to queue
[2023-10-27T17:06:34.969+0000] {logging_mixin.py:151} INFO - [2023-10-27T17:06:34.969+0000] {dagbag.py:536} INFO - Filling up the DagBag from /home/airflow/.local/lib/python3.8/site-packages/airflow/example_dags/example_subdag_operator.py
[2023-10-27T17:06:34.984+0000] {processor.py:839} INFO - DAG(s) dict_keys(['example_subdag_operator.section-1', 'example_subdag_operator.section-2', 'example_subdag_operator']) retrieved from /home/airflow/.local/lib/python3.8/site-packages/airflow/example_dags/example_subdag_operator.py
[2023-10-27T17:06:34.994+0000] {logging_mixin.py:151} INFO - [2023-10-27T17:06:34.993+0000] {dag.py:2941} INFO - Sync 3 DAGs
[2023-10-27T17:06:35.007+0000] {logging_mixin.py:151} INFO - [2023-10-27T17:06:35.007+0000] {dag.py:3722} INFO - Setting next_dagrun for example_subdag_operator to 2022-01-01T00:00:00+00:00, run_after=2022-01-01T00:00:00+00:00
[2023-10-27T17:06:35.009+0000] {logging_mixin.py:151} INFO - [2023-10-27T17:06:35.009+0000] {dag.py:3722} INFO - Setting next_dagrun for example_subdag_operator.section-1 to None, run_after=None
[2023-10-27T17:06:35.010+0000] {logging_mixin.py:151} INFO - [2023-10-27T17:06:35.010+0000] {dag.py:3722} INFO - Setting next_dagrun for example_subdag_operator.section-2 to None, run_after=None
[2023-10-27T17:06:35.014+0000] {logging_mixin.py:151} INFO - [2023-10-27T17:06:35.014+0000] {dag.py:2941} INFO - Sync 2 DAGs
[2023-10-27T17:06:35.017+0000] {logging_mixin.py:151} INFO - [2023-10-27T17:06:35.017+0000] {dag.py:3722} INFO - Setting next_dagrun for example_subdag_operator.section-1 to None, run_after=None
[2023-10-27T17:06:35.018+0000] {logging_mixin.py:151} INFO - [2023-10-27T17:06:35.018+0000] {dag.py:3722} INFO - Setting next_dagrun for example_subdag_operator.section-2 to None, run_after=None
[2023-10-27T17:06:35.025+0000] {processor.py:179} INFO - Processing /home/airflow/.local/lib/python3.8/site-packages/airflow/example_dags/example_subdag_operator.py took 0.059 seconds
[2023-10-27T17:07:05.043+0000] {processor.py:157} INFO - Started process (PID=4777) to work on /home/airflow/.local/lib/python3.8/site-packages/airflow/example_dags/example_subdag_operator.py
[2023-10-27T17:07:05.043+0000] {processor.py:829} INFO - Processing file /home/airflow/.local/lib/python3.8/site-packages/airflow/example_dags/example_subdag_operator.py for tasks to queue
[2023-10-27T17:07:05.044+0000] {logging_mixin.py:151} INFO - [2023-10-27T17:07:05.044+0000] {dagbag.py:536} INFO - Filling up the DagBag from /home/airflow/.local/lib/python3.8/site-packages/airflow/example_dags/example_subdag_operator.py
[2023-10-27T17:07:05.059+0000] {processor.py:839} INFO - DAG(s) dict_keys(['example_subdag_operator.section-1', 'example_subdag_operator.section-2', 'example_subdag_operator']) retrieved from /home/airflow/.local/lib/python3.8/site-packages/airflow/example_dags/example_subdag_operator.py
[2023-10-27T17:07:05.068+0000] {logging_mixin.py:151} INFO - [2023-10-27T17:07:05.068+0000] {dag.py:2941} INFO - Sync 3 DAGs
[2023-10-27T17:07:05.082+0000] {logging_mixin.py:151} INFO - [2023-10-27T17:07:05.081+0000] {dag.py:3722} INFO - Setting next_dagrun for example_subdag_operator to 2022-01-01T00:00:00+00:00, run_after=2022-01-01T00:00:00+00:00
[2023-10-27T17:07:05.084+0000] {logging_mixin.py:151} INFO - [2023-10-27T17:07:05.083+0000] {dag.py:3722} INFO - Setting next_dagrun for example_subdag_operator.section-1 to None, run_after=None
[2023-10-27T17:07:05.084+0000] {logging_mixin.py:151} INFO - [2023-10-27T17:07:05.084+0000] {dag.py:3722} INFO - Setting next_dagrun for example_subdag_operator.section-2 to None, run_after=None
[2023-10-27T17:07:05.089+0000] {logging_mixin.py:151} INFO - [2023-10-27T17:07:05.089+0000] {dag.py:2941} INFO - Sync 2 DAGs
[2023-10-27T17:07:05.092+0000] {logging_mixin.py:151} INFO - [2023-10-27T17:07:05.092+0000] {dag.py:3722} INFO - Setting next_dagrun for example_subdag_operator.section-1 to None, run_after=None
[2023-10-27T17:07:05.092+0000] {logging_mixin.py:151} INFO - [2023-10-27T17:07:05.092+0000] {dag.py:3722} INFO - Setting next_dagrun for example_subdag_operator.section-2 to None, run_after=None
[2023-10-27T17:07:05.100+0000] {processor.py:179} INFO - Processing /home/airflow/.local/lib/python3.8/site-packages/airflow/example_dags/example_subdag_operator.py took 0.059 seconds
[2023-10-27T17:07:35.156+0000] {processor.py:157} INFO - Started process (PID=4833) to work on /home/airflow/.local/lib/python3.8/site-packages/airflow/example_dags/example_subdag_operator.py
[2023-10-27T17:07:35.156+0000] {processor.py:829} INFO - Processing file /home/airflow/.local/lib/python3.8/site-packages/airflow/example_dags/example_subdag_operator.py for tasks to queue
[2023-10-27T17:07:35.158+0000] {logging_mixin.py:151} INFO - [2023-10-27T17:07:35.157+0000] {dagbag.py:536} INFO - Filling up the DagBag from /home/airflow/.local/lib/python3.8/site-packages/airflow/example_dags/example_subdag_operator.py
[2023-10-27T17:07:35.177+0000] {processor.py:839} INFO - DAG(s) dict_keys(['example_subdag_operator.section-1', 'example_subdag_operator.section-2', 'example_subdag_operator']) retrieved from /home/airflow/.local/lib/python3.8/site-packages/airflow/example_dags/example_subdag_operator.py
[2023-10-27T17:07:35.190+0000] {logging_mixin.py:151} INFO - [2023-10-27T17:07:35.190+0000] {dag.py:2941} INFO - Sync 3 DAGs
[2023-10-27T17:07:35.205+0000] {logging_mixin.py:151} INFO - [2023-10-27T17:07:35.205+0000] {dag.py:3722} INFO - Setting next_dagrun for example_subdag_operator to 2022-01-01T00:00:00+00:00, run_after=2022-01-01T00:00:00+00:00
[2023-10-27T17:07:35.208+0000] {logging_mixin.py:151} INFO - [2023-10-27T17:07:35.207+0000] {dag.py:3722} INFO - Setting next_dagrun for example_subdag_operator.section-1 to None, run_after=None
[2023-10-27T17:07:35.209+0000] {logging_mixin.py:151} INFO - [2023-10-27T17:07:35.208+0000] {dag.py:3722} INFO - Setting next_dagrun for example_subdag_operator.section-2 to None, run_after=None
[2023-10-27T17:07:35.214+0000] {logging_mixin.py:151} INFO - [2023-10-27T17:07:35.214+0000] {dag.py:2941} INFO - Sync 2 DAGs
[2023-10-27T17:07:35.218+0000] {logging_mixin.py:151} INFO - [2023-10-27T17:07:35.218+0000] {dag.py:3722} INFO - Setting next_dagrun for example_subdag_operator.section-1 to None, run_after=None
[2023-10-27T17:07:35.218+0000] {logging_mixin.py:151} INFO - [2023-10-27T17:07:35.218+0000] {dag.py:3722} INFO - Setting next_dagrun for example_subdag_operator.section-2 to None, run_after=None
[2023-10-27T17:07:35.225+0000] {processor.py:179} INFO - Processing /home/airflow/.local/lib/python3.8/site-packages/airflow/example_dags/example_subdag_operator.py took 0.072 seconds
[2023-10-27T17:08:05.287+0000] {processor.py:157} INFO - Started process (PID=4889) to work on /home/airflow/.local/lib/python3.8/site-packages/airflow/example_dags/example_subdag_operator.py
[2023-10-27T17:08:05.287+0000] {processor.py:829} INFO - Processing file /home/airflow/.local/lib/python3.8/site-packages/airflow/example_dags/example_subdag_operator.py for tasks to queue
[2023-10-27T17:08:05.288+0000] {logging_mixin.py:151} INFO - [2023-10-27T17:08:05.288+0000] {dagbag.py:536} INFO - Filling up the DagBag from /home/airflow/.local/lib/python3.8/site-packages/airflow/example_dags/example_subdag_operator.py
[2023-10-27T17:08:05.303+0000] {processor.py:839} INFO - DAG(s) dict_keys(['example_subdag_operator.section-1', 'example_subdag_operator.section-2', 'example_subdag_operator']) retrieved from /home/airflow/.local/lib/python3.8/site-packages/airflow/example_dags/example_subdag_operator.py
[2023-10-27T17:08:05.312+0000] {logging_mixin.py:151} INFO - [2023-10-27T17:08:05.312+0000] {dag.py:2941} INFO - Sync 3 DAGs
[2023-10-27T17:08:05.329+0000] {logging_mixin.py:151} INFO - [2023-10-27T17:08:05.328+0000] {dag.py:3722} INFO - Setting next_dagrun for example_subdag_operator to 2022-01-01T00:00:00+00:00, run_after=2022-01-01T00:00:00+00:00
[2023-10-27T17:08:05.331+0000] {logging_mixin.py:151} INFO - [2023-10-27T17:08:05.331+0000] {dag.py:3722} INFO - Setting next_dagrun for example_subdag_operator.section-1 to None, run_after=None
[2023-10-27T17:08:05.332+0000] {logging_mixin.py:151} INFO - [2023-10-27T17:08:05.332+0000] {dag.py:3722} INFO - Setting next_dagrun for example_subdag_operator.section-2 to None, run_after=None
[2023-10-27T17:08:05.336+0000] {logging_mixin.py:151} INFO - [2023-10-27T17:08:05.336+0000] {dag.py:2941} INFO - Sync 2 DAGs
[2023-10-27T17:08:05.340+0000] {logging_mixin.py:151} INFO - [2023-10-27T17:08:05.340+0000] {dag.py:3722} INFO - Setting next_dagrun for example_subdag_operator.section-1 to None, run_after=None
[2023-10-27T17:08:05.340+0000] {logging_mixin.py:151} INFO - [2023-10-27T17:08:05.340+0000] {dag.py:3722} INFO - Setting next_dagrun for example_subdag_operator.section-2 to None, run_after=None
[2023-10-27T17:08:05.348+0000] {processor.py:179} INFO - Processing /home/airflow/.local/lib/python3.8/site-packages/airflow/example_dags/example_subdag_operator.py took 0.063 seconds
[2023-10-27T17:08:36.047+0000] {processor.py:157} INFO - Started process (PID=4945) to work on /home/airflow/.local/lib/python3.8/site-packages/airflow/example_dags/example_subdag_operator.py
[2023-10-27T17:08:36.048+0000] {processor.py:829} INFO - Processing file /home/airflow/.local/lib/python3.8/site-packages/airflow/example_dags/example_subdag_operator.py for tasks to queue
[2023-10-27T17:08:36.049+0000] {logging_mixin.py:151} INFO - [2023-10-27T17:08:36.049+0000] {dagbag.py:536} INFO - Filling up the DagBag from /home/airflow/.local/lib/python3.8/site-packages/airflow/example_dags/example_subdag_operator.py
[2023-10-27T17:08:36.065+0000] {processor.py:839} INFO - DAG(s) dict_keys(['example_subdag_operator.section-1', 'example_subdag_operator.section-2', 'example_subdag_operator']) retrieved from /home/airflow/.local/lib/python3.8/site-packages/airflow/example_dags/example_subdag_operator.py
[2023-10-27T17:08:36.075+0000] {logging_mixin.py:151} INFO - [2023-10-27T17:08:36.075+0000] {dag.py:2941} INFO - Sync 3 DAGs
[2023-10-27T17:08:36.089+0000] {logging_mixin.py:151} INFO - [2023-10-27T17:08:36.089+0000] {dag.py:3722} INFO - Setting next_dagrun for example_subdag_operator to 2022-01-01T00:00:00+00:00, run_after=2022-01-01T00:00:00+00:00
[2023-10-27T17:08:36.091+0000] {logging_mixin.py:151} INFO - [2023-10-27T17:08:36.091+0000] {dag.py:3722} INFO - Setting next_dagrun for example_subdag_operator.section-1 to None, run_after=None
[2023-10-27T17:08:36.092+0000] {logging_mixin.py:151} INFO - [2023-10-27T17:08:36.092+0000] {dag.py:3722} INFO - Setting next_dagrun for example_subdag_operator.section-2 to None, run_after=None
[2023-10-27T17:08:36.096+0000] {logging_mixin.py:151} INFO - [2023-10-27T17:08:36.096+0000] {dag.py:2941} INFO - Sync 2 DAGs
[2023-10-27T17:08:36.101+0000] {logging_mixin.py:151} INFO - [2023-10-27T17:08:36.100+0000] {dag.py:3722} INFO - Setting next_dagrun for example_subdag_operator.section-1 to None, run_after=None
[2023-10-27T17:08:36.101+0000] {logging_mixin.py:151} INFO - [2023-10-27T17:08:36.101+0000] {dag.py:3722} INFO - Setting next_dagrun for example_subdag_operator.section-2 to None, run_after=None
[2023-10-27T17:08:36.107+0000] {processor.py:179} INFO - Processing /home/airflow/.local/lib/python3.8/site-packages/airflow/example_dags/example_subdag_operator.py took 0.062 seconds
[2023-10-27T17:09:06.823+0000] {processor.py:157} INFO - Started process (PID=5001) to work on /home/airflow/.local/lib/python3.8/site-packages/airflow/example_dags/example_subdag_operator.py
[2023-10-27T17:09:06.823+0000] {processor.py:829} INFO - Processing file /home/airflow/.local/lib/python3.8/site-packages/airflow/example_dags/example_subdag_operator.py for tasks to queue
[2023-10-27T17:09:06.825+0000] {logging_mixin.py:151} INFO - [2023-10-27T17:09:06.824+0000] {dagbag.py:536} INFO - Filling up the DagBag from /home/airflow/.local/lib/python3.8/site-packages/airflow/example_dags/example_subdag_operator.py
[2023-10-27T17:09:06.839+0000] {processor.py:839} INFO - DAG(s) dict_keys(['example_subdag_operator.section-1', 'example_subdag_operator.section-2', 'example_subdag_operator']) retrieved from /home/airflow/.local/lib/python3.8/site-packages/airflow/example_dags/example_subdag_operator.py
[2023-10-27T17:09:06.849+0000] {logging_mixin.py:151} INFO - [2023-10-27T17:09:06.849+0000] {dag.py:2941} INFO - Sync 3 DAGs
[2023-10-27T17:09:06.864+0000] {logging_mixin.py:151} INFO - [2023-10-27T17:09:06.864+0000] {dag.py:3722} INFO - Setting next_dagrun for example_subdag_operator to 2022-01-01T00:00:00+00:00, run_after=2022-01-01T00:00:00+00:00
[2023-10-27T17:09:06.866+0000] {logging_mixin.py:151} INFO - [2023-10-27T17:09:06.866+0000] {dag.py:3722} INFO - Setting next_dagrun for example_subdag_operator.section-1 to None, run_after=None
[2023-10-27T17:09:06.867+0000] {logging_mixin.py:151} INFO - [2023-10-27T17:09:06.867+0000] {dag.py:3722} INFO - Setting next_dagrun for example_subdag_operator.section-2 to None, run_after=None
[2023-10-27T17:09:06.872+0000] {logging_mixin.py:151} INFO - [2023-10-27T17:09:06.872+0000] {dag.py:2941} INFO - Sync 2 DAGs
[2023-10-27T17:09:06.876+0000] {logging_mixin.py:151} INFO - [2023-10-27T17:09:06.876+0000] {dag.py:3722} INFO - Setting next_dagrun for example_subdag_operator.section-1 to None, run_after=None
[2023-10-27T17:09:06.876+0000] {logging_mixin.py:151} INFO - [2023-10-27T17:09:06.876+0000] {dag.py:3722} INFO - Setting next_dagrun for example_subdag_operator.section-2 to None, run_after=None
[2023-10-27T17:09:06.885+0000] {processor.py:179} INFO - Processing /home/airflow/.local/lib/python3.8/site-packages/airflow/example_dags/example_subdag_operator.py took 0.064 seconds
[2023-10-27T17:09:37.597+0000] {processor.py:157} INFO - Started process (PID=5058) to work on /home/airflow/.local/lib/python3.8/site-packages/airflow/example_dags/example_subdag_operator.py
[2023-10-27T17:09:37.598+0000] {processor.py:829} INFO - Processing file /home/airflow/.local/lib/python3.8/site-packages/airflow/example_dags/example_subdag_operator.py for tasks to queue
[2023-10-27T17:09:37.599+0000] {logging_mixin.py:151} INFO - [2023-10-27T17:09:37.599+0000] {dagbag.py:536} INFO - Filling up the DagBag from /home/airflow/.local/lib/python3.8/site-packages/airflow/example_dags/example_subdag_operator.py
[2023-10-27T17:09:37.613+0000] {processor.py:839} INFO - DAG(s) dict_keys(['example_subdag_operator.section-1', 'example_subdag_operator.section-2', 'example_subdag_operator']) retrieved from /home/airflow/.local/lib/python3.8/site-packages/airflow/example_dags/example_subdag_operator.py
[2023-10-27T17:09:37.624+0000] {logging_mixin.py:151} INFO - [2023-10-27T17:09:37.623+0000] {dag.py:2941} INFO - Sync 3 DAGs
[2023-10-27T17:09:37.639+0000] {logging_mixin.py:151} INFO - [2023-10-27T17:09:37.639+0000] {dag.py:3722} INFO - Setting next_dagrun for example_subdag_operator to 2022-01-01T00:00:00+00:00, run_after=2022-01-01T00:00:00+00:00
[2023-10-27T17:09:37.641+0000] {logging_mixin.py:151} INFO - [2023-10-27T17:09:37.641+0000] {dag.py:3722} INFO - Setting next_dagrun for example_subdag_operator.section-1 to None, run_after=None
[2023-10-27T17:09:37.642+0000] {logging_mixin.py:151} INFO - [2023-10-27T17:09:37.642+0000] {dag.py:3722} INFO - Setting next_dagrun for example_subdag_operator.section-2 to None, run_after=None
[2023-10-27T17:09:37.646+0000] {logging_mixin.py:151} INFO - [2023-10-27T17:09:37.646+0000] {dag.py:2941} INFO - Sync 2 DAGs
[2023-10-27T17:09:37.650+0000] {logging_mixin.py:151} INFO - [2023-10-27T17:09:37.650+0000] {dag.py:3722} INFO - Setting next_dagrun for example_subdag_operator.section-1 to None, run_after=None
[2023-10-27T17:09:37.650+0000] {logging_mixin.py:151} INFO - [2023-10-27T17:09:37.650+0000] {dag.py:3722} INFO - Setting next_dagrun for example_subdag_operator.section-2 to None, run_after=None
[2023-10-27T17:09:37.658+0000] {processor.py:179} INFO - Processing /home/airflow/.local/lib/python3.8/site-packages/airflow/example_dags/example_subdag_operator.py took 0.063 seconds
[2023-10-27T17:10:08.319+0000] {processor.py:157} INFO - Started process (PID=5114) to work on /home/airflow/.local/lib/python3.8/site-packages/airflow/example_dags/example_subdag_operator.py
[2023-10-27T17:10:08.319+0000] {processor.py:829} INFO - Processing file /home/airflow/.local/lib/python3.8/site-packages/airflow/example_dags/example_subdag_operator.py for tasks to queue
[2023-10-27T17:10:08.320+0000] {logging_mixin.py:151} INFO - [2023-10-27T17:10:08.320+0000] {dagbag.py:536} INFO - Filling up the DagBag from /home/airflow/.local/lib/python3.8/site-packages/airflow/example_dags/example_subdag_operator.py
[2023-10-27T17:10:08.335+0000] {processor.py:839} INFO - DAG(s) dict_keys(['example_subdag_operator.section-1', 'example_subdag_operator.section-2', 'example_subdag_operator']) retrieved from /home/airflow/.local/lib/python3.8/site-packages/airflow/example_dags/example_subdag_operator.py
[2023-10-27T17:10:08.347+0000] {logging_mixin.py:151} INFO - [2023-10-27T17:10:08.347+0000] {dag.py:2941} INFO - Sync 3 DAGs
[2023-10-27T17:10:08.363+0000] {logging_mixin.py:151} INFO - [2023-10-27T17:10:08.363+0000] {dag.py:3722} INFO - Setting next_dagrun for example_subdag_operator to 2022-01-01T00:00:00+00:00, run_after=2022-01-01T00:00:00+00:00
[2023-10-27T17:10:08.366+0000] {logging_mixin.py:151} INFO - [2023-10-27T17:10:08.366+0000] {dag.py:3722} INFO - Setting next_dagrun for example_subdag_operator.section-1 to None, run_after=None
[2023-10-27T17:10:08.367+0000] {logging_mixin.py:151} INFO - [2023-10-27T17:10:08.367+0000] {dag.py:3722} INFO - Setting next_dagrun for example_subdag_operator.section-2 to None, run_after=None
[2023-10-27T17:10:08.371+0000] {logging_mixin.py:151} INFO - [2023-10-27T17:10:08.371+0000] {dag.py:2941} INFO - Sync 2 DAGs
[2023-10-27T17:10:08.375+0000] {logging_mixin.py:151} INFO - [2023-10-27T17:10:08.375+0000] {dag.py:3722} INFO - Setting next_dagrun for example_subdag_operator.section-1 to None, run_after=None
[2023-10-27T17:10:08.375+0000] {logging_mixin.py:151} INFO - [2023-10-27T17:10:08.375+0000] {dag.py:3722} INFO - Setting next_dagrun for example_subdag_operator.section-2 to None, run_after=None
[2023-10-27T17:10:08.382+0000] {processor.py:179} INFO - Processing /home/airflow/.local/lib/python3.8/site-packages/airflow/example_dags/example_subdag_operator.py took 0.066 seconds
[2023-10-27T17:10:38.988+0000] {processor.py:157} INFO - Started process (PID=5170) to work on /home/airflow/.local/lib/python3.8/site-packages/airflow/example_dags/example_subdag_operator.py
[2023-10-27T17:10:38.988+0000] {processor.py:829} INFO - Processing file /home/airflow/.local/lib/python3.8/site-packages/airflow/example_dags/example_subdag_operator.py for tasks to queue
[2023-10-27T17:10:38.990+0000] {logging_mixin.py:151} INFO - [2023-10-27T17:10:38.989+0000] {dagbag.py:536} INFO - Filling up the DagBag from /home/airflow/.local/lib/python3.8/site-packages/airflow/example_dags/example_subdag_operator.py
[2023-10-27T17:10:39.004+0000] {processor.py:839} INFO - DAG(s) dict_keys(['example_subdag_operator.section-1', 'example_subdag_operator.section-2', 'example_subdag_operator']) retrieved from /home/airflow/.local/lib/python3.8/site-packages/airflow/example_dags/example_subdag_operator.py
[2023-10-27T17:10:39.014+0000] {logging_mixin.py:151} INFO - [2023-10-27T17:10:39.013+0000] {dag.py:2941} INFO - Sync 3 DAGs
[2023-10-27T17:10:39.027+0000] {logging_mixin.py:151} INFO - [2023-10-27T17:10:39.027+0000] {dag.py:3722} INFO - Setting next_dagrun for example_subdag_operator to 2022-01-01T00:00:00+00:00, run_after=2022-01-01T00:00:00+00:00
[2023-10-27T17:10:39.030+0000] {logging_mixin.py:151} INFO - [2023-10-27T17:10:39.030+0000] {dag.py:3722} INFO - Setting next_dagrun for example_subdag_operator.section-1 to None, run_after=None
[2023-10-27T17:10:39.031+0000] {logging_mixin.py:151} INFO - [2023-10-27T17:10:39.031+0000] {dag.py:3722} INFO - Setting next_dagrun for example_subdag_operator.section-2 to None, run_after=None
[2023-10-27T17:10:39.035+0000] {logging_mixin.py:151} INFO - [2023-10-27T17:10:39.035+0000] {dag.py:2941} INFO - Sync 2 DAGs
[2023-10-27T17:10:39.039+0000] {logging_mixin.py:151} INFO - [2023-10-27T17:10:39.039+0000] {dag.py:3722} INFO - Setting next_dagrun for example_subdag_operator.section-1 to None, run_after=None
[2023-10-27T17:10:39.039+0000] {logging_mixin.py:151} INFO - [2023-10-27T17:10:39.039+0000] {dag.py:3722} INFO - Setting next_dagrun for example_subdag_operator.section-2 to None, run_after=None
[2023-10-27T17:10:39.046+0000] {processor.py:179} INFO - Processing /home/airflow/.local/lib/python3.8/site-packages/airflow/example_dags/example_subdag_operator.py took 0.060 seconds
[2023-10-27T17:11:09.761+0000] {processor.py:157} INFO - Started process (PID=5226) to work on /home/airflow/.local/lib/python3.8/site-packages/airflow/example_dags/example_subdag_operator.py
[2023-10-27T17:11:09.761+0000] {processor.py:829} INFO - Processing file /home/airflow/.local/lib/python3.8/site-packages/airflow/example_dags/example_subdag_operator.py for tasks to queue
[2023-10-27T17:11:09.762+0000] {logging_mixin.py:151} INFO - [2023-10-27T17:11:09.762+0000] {dagbag.py:536} INFO - Filling up the DagBag from /home/airflow/.local/lib/python3.8/site-packages/airflow/example_dags/example_subdag_operator.py
[2023-10-27T17:11:09.777+0000] {processor.py:839} INFO - DAG(s) dict_keys(['example_subdag_operator.section-1', 'example_subdag_operator.section-2', 'example_subdag_operator']) retrieved from /home/airflow/.local/lib/python3.8/site-packages/airflow/example_dags/example_subdag_operator.py
[2023-10-27T17:11:09.786+0000] {logging_mixin.py:151} INFO - [2023-10-27T17:11:09.786+0000] {dag.py:2941} INFO - Sync 3 DAGs
[2023-10-27T17:11:09.801+0000] {logging_mixin.py:151} INFO - [2023-10-27T17:11:09.801+0000] {dag.py:3722} INFO - Setting next_dagrun for example_subdag_operator to 2022-01-01T00:00:00+00:00, run_after=2022-01-01T00:00:00+00:00
[2023-10-27T17:11:09.803+0000] {logging_mixin.py:151} INFO - [2023-10-27T17:11:09.803+0000] {dag.py:3722} INFO - Setting next_dagrun for example_subdag_operator.section-1 to None, run_after=None
[2023-10-27T17:11:09.805+0000] {logging_mixin.py:151} INFO - [2023-10-27T17:11:09.804+0000] {dag.py:3722} INFO - Setting next_dagrun for example_subdag_operator.section-2 to None, run_after=None
[2023-10-27T17:11:09.809+0000] {logging_mixin.py:151} INFO - [2023-10-27T17:11:09.809+0000] {dag.py:2941} INFO - Sync 2 DAGs
[2023-10-27T17:11:09.813+0000] {logging_mixin.py:151} INFO - [2023-10-27T17:11:09.813+0000] {dag.py:3722} INFO - Setting next_dagrun for example_subdag_operator.section-1 to None, run_after=None
[2023-10-27T17:11:09.813+0000] {logging_mixin.py:151} INFO - [2023-10-27T17:11:09.813+0000] {dag.py:3722} INFO - Setting next_dagrun for example_subdag_operator.section-2 to None, run_after=None
[2023-10-27T17:11:09.820+0000] {processor.py:179} INFO - Processing /home/airflow/.local/lib/python3.8/site-packages/airflow/example_dags/example_subdag_operator.py took 0.061 seconds
[2023-10-27T17:11:40.499+0000] {processor.py:157} INFO - Started process (PID=5282) to work on /home/airflow/.local/lib/python3.8/site-packages/airflow/example_dags/example_subdag_operator.py
[2023-10-27T17:11:40.500+0000] {processor.py:829} INFO - Processing file /home/airflow/.local/lib/python3.8/site-packages/airflow/example_dags/example_subdag_operator.py for tasks to queue
[2023-10-27T17:11:40.501+0000] {logging_mixin.py:151} INFO - [2023-10-27T17:11:40.501+0000] {dagbag.py:536} INFO - Filling up the DagBag from /home/airflow/.local/lib/python3.8/site-packages/airflow/example_dags/example_subdag_operator.py
[2023-10-27T17:11:40.520+0000] {processor.py:839} INFO - DAG(s) dict_keys(['example_subdag_operator.section-1', 'example_subdag_operator.section-2', 'example_subdag_operator']) retrieved from /home/airflow/.local/lib/python3.8/site-packages/airflow/example_dags/example_subdag_operator.py
[2023-10-27T17:11:40.533+0000] {logging_mixin.py:151} INFO - [2023-10-27T17:11:40.533+0000] {dag.py:2941} INFO - Sync 3 DAGs
[2023-10-27T17:11:40.550+0000] {logging_mixin.py:151} INFO - [2023-10-27T17:11:40.550+0000] {dag.py:3722} INFO - Setting next_dagrun for example_subdag_operator to 2022-01-01T00:00:00+00:00, run_after=2022-01-01T00:00:00+00:00
[2023-10-27T17:11:40.553+0000] {logging_mixin.py:151} INFO - [2023-10-27T17:11:40.553+0000] {dag.py:3722} INFO - Setting next_dagrun for example_subdag_operator.section-1 to None, run_after=None
[2023-10-27T17:11:40.554+0000] {logging_mixin.py:151} INFO - [2023-10-27T17:11:40.554+0000] {dag.py:3722} INFO - Setting next_dagrun for example_subdag_operator.section-2 to None, run_after=None
[2023-10-27T17:11:40.558+0000] {logging_mixin.py:151} INFO - [2023-10-27T17:11:40.558+0000] {dag.py:2941} INFO - Sync 2 DAGs
[2023-10-27T17:11:40.563+0000] {logging_mixin.py:151} INFO - [2023-10-27T17:11:40.562+0000] {dag.py:3722} INFO - Setting next_dagrun for example_subdag_operator.section-1 to None, run_after=None
[2023-10-27T17:11:40.563+0000] {logging_mixin.py:151} INFO - [2023-10-27T17:11:40.563+0000] {dag.py:3722} INFO - Setting next_dagrun for example_subdag_operator.section-2 to None, run_after=None
[2023-10-27T17:11:40.569+0000] {processor.py:179} INFO - Processing /home/airflow/.local/lib/python3.8/site-packages/airflow/example_dags/example_subdag_operator.py took 0.072 seconds
