[2023-10-27T16:56:48.992+0000] {processor.py:157} INFO - Started process (PID=3639) to work on /home/airflow/.local/lib/python3.8/site-packages/airflow/example_dags/example_trigger_target_dag.py
[2023-10-27T16:56:48.992+0000] {processor.py:829} INFO - Processing file /home/airflow/.local/lib/python3.8/site-packages/airflow/example_dags/example_trigger_target_dag.py for tasks to queue
[2023-10-27T16:56:48.994+0000] {logging_mixin.py:151} INFO - [2023-10-27T16:56:48.994+0000] {dagbag.py:536} INFO - Filling up the DagBag from /home/airflow/.local/lib/python3.8/site-packages/airflow/example_dags/example_trigger_target_dag.py
[2023-10-27T16:56:48.998+0000] {processor.py:839} INFO - DAG(s) dict_keys(['example_trigger_target_dag']) retrieved from /home/airflow/.local/lib/python3.8/site-packages/airflow/example_dags/example_trigger_target_dag.py
[2023-10-27T16:56:49.014+0000] {logging_mixin.py:151} INFO - [2023-10-27T16:56:49.014+0000] {dag.py:2941} INFO - Sync 1 DAGs
[2023-10-27T16:56:49.025+0000] {logging_mixin.py:151} INFO - [2023-10-27T16:56:49.025+0000] {dag.py:3722} INFO - Setting next_dagrun for example_trigger_target_dag to None, run_after=None
[2023-10-27T16:56:49.039+0000] {processor.py:179} INFO - Processing /home/airflow/.local/lib/python3.8/site-packages/airflow/example_dags/example_trigger_target_dag.py took 0.051 seconds
[2023-10-27T16:57:19.319+0000] {processor.py:157} INFO - Started process (PID=3695) to work on /home/airflow/.local/lib/python3.8/site-packages/airflow/example_dags/example_trigger_target_dag.py
[2023-10-27T16:57:19.319+0000] {processor.py:829} INFO - Processing file /home/airflow/.local/lib/python3.8/site-packages/airflow/example_dags/example_trigger_target_dag.py for tasks to queue
[2023-10-27T16:57:19.320+0000] {logging_mixin.py:151} INFO - [2023-10-27T16:57:19.320+0000] {dagbag.py:536} INFO - Filling up the DagBag from /home/airflow/.local/lib/python3.8/site-packages/airflow/example_dags/example_trigger_target_dag.py
[2023-10-27T16:57:19.324+0000] {processor.py:839} INFO - DAG(s) dict_keys(['example_trigger_target_dag']) retrieved from /home/airflow/.local/lib/python3.8/site-packages/airflow/example_dags/example_trigger_target_dag.py
[2023-10-27T16:57:19.338+0000] {logging_mixin.py:151} INFO - [2023-10-27T16:57:19.338+0000] {dag.py:2941} INFO - Sync 1 DAGs
[2023-10-27T16:57:19.348+0000] {logging_mixin.py:151} INFO - [2023-10-27T16:57:19.347+0000] {dag.py:3722} INFO - Setting next_dagrun for example_trigger_target_dag to None, run_after=None
[2023-10-27T16:57:19.361+0000] {processor.py:179} INFO - Processing /home/airflow/.local/lib/python3.8/site-packages/airflow/example_dags/example_trigger_target_dag.py took 0.045 seconds
[2023-10-27T16:57:50.271+0000] {processor.py:157} INFO - Started process (PID=3751) to work on /home/airflow/.local/lib/python3.8/site-packages/airflow/example_dags/example_trigger_target_dag.py
[2023-10-27T16:57:50.272+0000] {processor.py:829} INFO - Processing file /home/airflow/.local/lib/python3.8/site-packages/airflow/example_dags/example_trigger_target_dag.py for tasks to queue
[2023-10-27T16:57:50.273+0000] {logging_mixin.py:151} INFO - [2023-10-27T16:57:50.273+0000] {dagbag.py:536} INFO - Filling up the DagBag from /home/airflow/.local/lib/python3.8/site-packages/airflow/example_dags/example_trigger_target_dag.py
[2023-10-27T16:57:50.276+0000] {processor.py:839} INFO - DAG(s) dict_keys(['example_trigger_target_dag']) retrieved from /home/airflow/.local/lib/python3.8/site-packages/airflow/example_dags/example_trigger_target_dag.py
[2023-10-27T16:57:50.288+0000] {logging_mixin.py:151} INFO - [2023-10-27T16:57:50.288+0000] {dag.py:2941} INFO - Sync 1 DAGs
[2023-10-27T16:57:50.296+0000] {logging_mixin.py:151} INFO - [2023-10-27T16:57:50.296+0000] {dag.py:3722} INFO - Setting next_dagrun for example_trigger_target_dag to None, run_after=None
[2023-10-27T16:57:50.309+0000] {processor.py:179} INFO - Processing /home/airflow/.local/lib/python3.8/site-packages/airflow/example_dags/example_trigger_target_dag.py took 0.039 seconds
[2023-10-27T16:58:20.997+0000] {processor.py:157} INFO - Started process (PID=3808) to work on /home/airflow/.local/lib/python3.8/site-packages/airflow/example_dags/example_trigger_target_dag.py
[2023-10-27T16:58:20.998+0000] {processor.py:829} INFO - Processing file /home/airflow/.local/lib/python3.8/site-packages/airflow/example_dags/example_trigger_target_dag.py for tasks to queue
[2023-10-27T16:58:20.999+0000] {logging_mixin.py:151} INFO - [2023-10-27T16:58:20.999+0000] {dagbag.py:536} INFO - Filling up the DagBag from /home/airflow/.local/lib/python3.8/site-packages/airflow/example_dags/example_trigger_target_dag.py
[2023-10-27T16:58:21.002+0000] {processor.py:839} INFO - DAG(s) dict_keys(['example_trigger_target_dag']) retrieved from /home/airflow/.local/lib/python3.8/site-packages/airflow/example_dags/example_trigger_target_dag.py
[2023-10-27T16:58:21.015+0000] {logging_mixin.py:151} INFO - [2023-10-27T16:58:21.014+0000] {dag.py:2941} INFO - Sync 1 DAGs
[2023-10-27T16:58:21.022+0000] {logging_mixin.py:151} INFO - [2023-10-27T16:58:21.022+0000] {dag.py:3722} INFO - Setting next_dagrun for example_trigger_target_dag to None, run_after=None
[2023-10-27T16:58:21.035+0000] {processor.py:179} INFO - Processing /home/airflow/.local/lib/python3.8/site-packages/airflow/example_dags/example_trigger_target_dag.py took 0.040 seconds
[2023-10-27T16:58:51.963+0000] {processor.py:157} INFO - Started process (PID=3865) to work on /home/airflow/.local/lib/python3.8/site-packages/airflow/example_dags/example_trigger_target_dag.py
[2023-10-27T16:58:51.963+0000] {processor.py:829} INFO - Processing file /home/airflow/.local/lib/python3.8/site-packages/airflow/example_dags/example_trigger_target_dag.py for tasks to queue
[2023-10-27T16:58:51.965+0000] {logging_mixin.py:151} INFO - [2023-10-27T16:58:51.964+0000] {dagbag.py:536} INFO - Filling up the DagBag from /home/airflow/.local/lib/python3.8/site-packages/airflow/example_dags/example_trigger_target_dag.py
[2023-10-27T16:58:51.968+0000] {processor.py:839} INFO - DAG(s) dict_keys(['example_trigger_target_dag']) retrieved from /home/airflow/.local/lib/python3.8/site-packages/airflow/example_dags/example_trigger_target_dag.py
[2023-10-27T16:58:51.982+0000] {logging_mixin.py:151} INFO - [2023-10-27T16:58:51.982+0000] {dag.py:2941} INFO - Sync 1 DAGs
[2023-10-27T16:58:51.992+0000] {logging_mixin.py:151} INFO - [2023-10-27T16:58:51.991+0000] {dag.py:3722} INFO - Setting next_dagrun for example_trigger_target_dag to None, run_after=None
[2023-10-27T16:58:52.004+0000] {processor.py:179} INFO - Processing /home/airflow/.local/lib/python3.8/site-packages/airflow/example_dags/example_trigger_target_dag.py took 0.043 seconds
[2023-10-27T16:59:22.945+0000] {processor.py:157} INFO - Started process (PID=3921) to work on /home/airflow/.local/lib/python3.8/site-packages/airflow/example_dags/example_trigger_target_dag.py
[2023-10-27T16:59:22.945+0000] {processor.py:829} INFO - Processing file /home/airflow/.local/lib/python3.8/site-packages/airflow/example_dags/example_trigger_target_dag.py for tasks to queue
[2023-10-27T16:59:22.946+0000] {logging_mixin.py:151} INFO - [2023-10-27T16:59:22.946+0000] {dagbag.py:536} INFO - Filling up the DagBag from /home/airflow/.local/lib/python3.8/site-packages/airflow/example_dags/example_trigger_target_dag.py
[2023-10-27T16:59:22.950+0000] {processor.py:839} INFO - DAG(s) dict_keys(['example_trigger_target_dag']) retrieved from /home/airflow/.local/lib/python3.8/site-packages/airflow/example_dags/example_trigger_target_dag.py
[2023-10-27T16:59:22.962+0000] {logging_mixin.py:151} INFO - [2023-10-27T16:59:22.961+0000] {dag.py:2941} INFO - Sync 1 DAGs
[2023-10-27T16:59:22.969+0000] {logging_mixin.py:151} INFO - [2023-10-27T16:59:22.969+0000] {dag.py:3722} INFO - Setting next_dagrun for example_trigger_target_dag to None, run_after=None
[2023-10-27T16:59:22.982+0000] {processor.py:179} INFO - Processing /home/airflow/.local/lib/python3.8/site-packages/airflow/example_dags/example_trigger_target_dag.py took 0.039 seconds
[2023-10-27T16:59:53.718+0000] {processor.py:157} INFO - Started process (PID=3983) to work on /home/airflow/.local/lib/python3.8/site-packages/airflow/example_dags/example_trigger_target_dag.py
[2023-10-27T16:59:53.719+0000] {processor.py:829} INFO - Processing file /home/airflow/.local/lib/python3.8/site-packages/airflow/example_dags/example_trigger_target_dag.py for tasks to queue
[2023-10-27T16:59:53.721+0000] {logging_mixin.py:151} INFO - [2023-10-27T16:59:53.720+0000] {dagbag.py:536} INFO - Filling up the DagBag from /home/airflow/.local/lib/python3.8/site-packages/airflow/example_dags/example_trigger_target_dag.py
[2023-10-27T16:59:53.725+0000] {processor.py:839} INFO - DAG(s) dict_keys(['example_trigger_target_dag']) retrieved from /home/airflow/.local/lib/python3.8/site-packages/airflow/example_dags/example_trigger_target_dag.py
[2023-10-27T16:59:53.744+0000] {logging_mixin.py:151} INFO - [2023-10-27T16:59:53.744+0000] {dag.py:2941} INFO - Sync 1 DAGs
[2023-10-27T16:59:53.756+0000] {logging_mixin.py:151} INFO - [2023-10-27T16:59:53.756+0000] {dag.py:3722} INFO - Setting next_dagrun for example_trigger_target_dag to None, run_after=None
[2023-10-27T16:59:53.775+0000] {processor.py:179} INFO - Processing /home/airflow/.local/lib/python3.8/site-packages/airflow/example_dags/example_trigger_target_dag.py took 0.060 seconds
[2023-10-27T17:00:24.485+0000] {processor.py:157} INFO - Started process (PID=4040) to work on /home/airflow/.local/lib/python3.8/site-packages/airflow/example_dags/example_trigger_target_dag.py
[2023-10-27T17:00:24.486+0000] {processor.py:829} INFO - Processing file /home/airflow/.local/lib/python3.8/site-packages/airflow/example_dags/example_trigger_target_dag.py for tasks to queue
[2023-10-27T17:00:24.487+0000] {logging_mixin.py:151} INFO - [2023-10-27T17:00:24.487+0000] {dagbag.py:536} INFO - Filling up the DagBag from /home/airflow/.local/lib/python3.8/site-packages/airflow/example_dags/example_trigger_target_dag.py
[2023-10-27T17:00:24.490+0000] {processor.py:839} INFO - DAG(s) dict_keys(['example_trigger_target_dag']) retrieved from /home/airflow/.local/lib/python3.8/site-packages/airflow/example_dags/example_trigger_target_dag.py
[2023-10-27T17:00:24.502+0000] {logging_mixin.py:151} INFO - [2023-10-27T17:00:24.502+0000] {dag.py:2941} INFO - Sync 1 DAGs
[2023-10-27T17:00:24.510+0000] {logging_mixin.py:151} INFO - [2023-10-27T17:00:24.510+0000] {dag.py:3722} INFO - Setting next_dagrun for example_trigger_target_dag to None, run_after=None
[2023-10-27T17:00:24.522+0000] {processor.py:179} INFO - Processing /home/airflow/.local/lib/python3.8/site-packages/airflow/example_dags/example_trigger_target_dag.py took 0.038 seconds
[2023-10-27T17:00:55.466+0000] {processor.py:157} INFO - Started process (PID=4096) to work on /home/airflow/.local/lib/python3.8/site-packages/airflow/example_dags/example_trigger_target_dag.py
[2023-10-27T17:00:55.467+0000] {processor.py:829} INFO - Processing file /home/airflow/.local/lib/python3.8/site-packages/airflow/example_dags/example_trigger_target_dag.py for tasks to queue
[2023-10-27T17:00:55.468+0000] {logging_mixin.py:151} INFO - [2023-10-27T17:00:55.468+0000] {dagbag.py:536} INFO - Filling up the DagBag from /home/airflow/.local/lib/python3.8/site-packages/airflow/example_dags/example_trigger_target_dag.py
[2023-10-27T17:00:55.472+0000] {processor.py:839} INFO - DAG(s) dict_keys(['example_trigger_target_dag']) retrieved from /home/airflow/.local/lib/python3.8/site-packages/airflow/example_dags/example_trigger_target_dag.py
[2023-10-27T17:00:55.484+0000] {logging_mixin.py:151} INFO - [2023-10-27T17:00:55.484+0000] {dag.py:2941} INFO - Sync 1 DAGs
[2023-10-27T17:00:55.492+0000] {logging_mixin.py:151} INFO - [2023-10-27T17:00:55.492+0000] {dag.py:3722} INFO - Setting next_dagrun for example_trigger_target_dag to None, run_after=None
[2023-10-27T17:00:55.504+0000] {processor.py:179} INFO - Processing /home/airflow/.local/lib/python3.8/site-packages/airflow/example_dags/example_trigger_target_dag.py took 0.039 seconds
[2023-10-27T17:01:26.357+0000] {processor.py:157} INFO - Started process (PID=4152) to work on /home/airflow/.local/lib/python3.8/site-packages/airflow/example_dags/example_trigger_target_dag.py
[2023-10-27T17:01:26.357+0000] {processor.py:829} INFO - Processing file /home/airflow/.local/lib/python3.8/site-packages/airflow/example_dags/example_trigger_target_dag.py for tasks to queue
[2023-10-27T17:01:26.358+0000] {logging_mixin.py:151} INFO - [2023-10-27T17:01:26.358+0000] {dagbag.py:536} INFO - Filling up the DagBag from /home/airflow/.local/lib/python3.8/site-packages/airflow/example_dags/example_trigger_target_dag.py
[2023-10-27T17:01:26.362+0000] {processor.py:839} INFO - DAG(s) dict_keys(['example_trigger_target_dag']) retrieved from /home/airflow/.local/lib/python3.8/site-packages/airflow/example_dags/example_trigger_target_dag.py
[2023-10-27T17:01:26.376+0000] {logging_mixin.py:151} INFO - [2023-10-27T17:01:26.375+0000] {dag.py:2941} INFO - Sync 1 DAGs
[2023-10-27T17:01:26.384+0000] {logging_mixin.py:151} INFO - [2023-10-27T17:01:26.384+0000] {dag.py:3722} INFO - Setting next_dagrun for example_trigger_target_dag to None, run_after=None
[2023-10-27T17:01:26.396+0000] {processor.py:179} INFO - Processing /home/airflow/.local/lib/python3.8/site-packages/airflow/example_dags/example_trigger_target_dag.py took 0.041 seconds
[2023-10-27T17:01:57.108+0000] {processor.py:157} INFO - Started process (PID=4208) to work on /home/airflow/.local/lib/python3.8/site-packages/airflow/example_dags/example_trigger_target_dag.py
[2023-10-27T17:01:57.109+0000] {processor.py:829} INFO - Processing file /home/airflow/.local/lib/python3.8/site-packages/airflow/example_dags/example_trigger_target_dag.py for tasks to queue
[2023-10-27T17:01:57.110+0000] {logging_mixin.py:151} INFO - [2023-10-27T17:01:57.110+0000] {dagbag.py:536} INFO - Filling up the DagBag from /home/airflow/.local/lib/python3.8/site-packages/airflow/example_dags/example_trigger_target_dag.py
[2023-10-27T17:01:57.113+0000] {processor.py:839} INFO - DAG(s) dict_keys(['example_trigger_target_dag']) retrieved from /home/airflow/.local/lib/python3.8/site-packages/airflow/example_dags/example_trigger_target_dag.py
[2023-10-27T17:01:57.128+0000] {logging_mixin.py:151} INFO - [2023-10-27T17:01:57.127+0000] {dag.py:2941} INFO - Sync 1 DAGs
[2023-10-27T17:01:57.138+0000] {logging_mixin.py:151} INFO - [2023-10-27T17:01:57.138+0000] {dag.py:3722} INFO - Setting next_dagrun for example_trigger_target_dag to None, run_after=None
[2023-10-27T17:01:57.150+0000] {processor.py:179} INFO - Processing /home/airflow/.local/lib/python3.8/site-packages/airflow/example_dags/example_trigger_target_dag.py took 0.044 seconds
[2023-10-27T17:02:28.064+0000] {processor.py:157} INFO - Started process (PID=4264) to work on /home/airflow/.local/lib/python3.8/site-packages/airflow/example_dags/example_trigger_target_dag.py
[2023-10-27T17:02:28.065+0000] {processor.py:829} INFO - Processing file /home/airflow/.local/lib/python3.8/site-packages/airflow/example_dags/example_trigger_target_dag.py for tasks to queue
[2023-10-27T17:02:28.066+0000] {logging_mixin.py:151} INFO - [2023-10-27T17:02:28.066+0000] {dagbag.py:536} INFO - Filling up the DagBag from /home/airflow/.local/lib/python3.8/site-packages/airflow/example_dags/example_trigger_target_dag.py
[2023-10-27T17:02:28.069+0000] {processor.py:839} INFO - DAG(s) dict_keys(['example_trigger_target_dag']) retrieved from /home/airflow/.local/lib/python3.8/site-packages/airflow/example_dags/example_trigger_target_dag.py
[2023-10-27T17:02:28.082+0000] {logging_mixin.py:151} INFO - [2023-10-27T17:02:28.082+0000] {dag.py:2941} INFO - Sync 1 DAGs
[2023-10-27T17:02:28.091+0000] {logging_mixin.py:151} INFO - [2023-10-27T17:02:28.091+0000] {dag.py:3722} INFO - Setting next_dagrun for example_trigger_target_dag to None, run_after=None
[2023-10-27T17:02:28.104+0000] {processor.py:179} INFO - Processing /home/airflow/.local/lib/python3.8/site-packages/airflow/example_dags/example_trigger_target_dag.py took 0.042 seconds
[2023-10-27T17:02:58.945+0000] {processor.py:157} INFO - Started process (PID=4320) to work on /home/airflow/.local/lib/python3.8/site-packages/airflow/example_dags/example_trigger_target_dag.py
[2023-10-27T17:02:58.945+0000] {processor.py:829} INFO - Processing file /home/airflow/.local/lib/python3.8/site-packages/airflow/example_dags/example_trigger_target_dag.py for tasks to queue
[2023-10-27T17:02:58.946+0000] {logging_mixin.py:151} INFO - [2023-10-27T17:02:58.946+0000] {dagbag.py:536} INFO - Filling up the DagBag from /home/airflow/.local/lib/python3.8/site-packages/airflow/example_dags/example_trigger_target_dag.py
[2023-10-27T17:02:58.950+0000] {processor.py:839} INFO - DAG(s) dict_keys(['example_trigger_target_dag']) retrieved from /home/airflow/.local/lib/python3.8/site-packages/airflow/example_dags/example_trigger_target_dag.py
[2023-10-27T17:02:58.961+0000] {logging_mixin.py:151} INFO - [2023-10-27T17:02:58.961+0000] {dag.py:2941} INFO - Sync 1 DAGs
[2023-10-27T17:02:58.969+0000] {logging_mixin.py:151} INFO - [2023-10-27T17:02:58.969+0000] {dag.py:3722} INFO - Setting next_dagrun for example_trigger_target_dag to None, run_after=None
[2023-10-27T17:02:58.981+0000] {processor.py:179} INFO - Processing /home/airflow/.local/lib/python3.8/site-packages/airflow/example_dags/example_trigger_target_dag.py took 0.038 seconds
[2023-10-27T17:03:29.924+0000] {processor.py:157} INFO - Started process (PID=4377) to work on /home/airflow/.local/lib/python3.8/site-packages/airflow/example_dags/example_trigger_target_dag.py
[2023-10-27T17:03:29.924+0000] {processor.py:829} INFO - Processing file /home/airflow/.local/lib/python3.8/site-packages/airflow/example_dags/example_trigger_target_dag.py for tasks to queue
[2023-10-27T17:03:29.925+0000] {logging_mixin.py:151} INFO - [2023-10-27T17:03:29.925+0000] {dagbag.py:536} INFO - Filling up the DagBag from /home/airflow/.local/lib/python3.8/site-packages/airflow/example_dags/example_trigger_target_dag.py
[2023-10-27T17:03:29.929+0000] {processor.py:839} INFO - DAG(s) dict_keys(['example_trigger_target_dag']) retrieved from /home/airflow/.local/lib/python3.8/site-packages/airflow/example_dags/example_trigger_target_dag.py
[2023-10-27T17:03:29.944+0000] {logging_mixin.py:151} INFO - [2023-10-27T17:03:29.943+0000] {dag.py:2941} INFO - Sync 1 DAGs
[2023-10-27T17:03:29.953+0000] {logging_mixin.py:151} INFO - [2023-10-27T17:03:29.953+0000] {dag.py:3722} INFO - Setting next_dagrun for example_trigger_target_dag to None, run_after=None
[2023-10-27T17:03:29.967+0000] {processor.py:179} INFO - Processing /home/airflow/.local/lib/python3.8/site-packages/airflow/example_dags/example_trigger_target_dag.py took 0.045 seconds
[2023-10-27T17:04:00.911+0000] {processor.py:157} INFO - Started process (PID=4433) to work on /home/airflow/.local/lib/python3.8/site-packages/airflow/example_dags/example_trigger_target_dag.py
[2023-10-27T17:04:00.912+0000] {processor.py:829} INFO - Processing file /home/airflow/.local/lib/python3.8/site-packages/airflow/example_dags/example_trigger_target_dag.py for tasks to queue
[2023-10-27T17:04:00.914+0000] {logging_mixin.py:151} INFO - [2023-10-27T17:04:00.913+0000] {dagbag.py:536} INFO - Filling up the DagBag from /home/airflow/.local/lib/python3.8/site-packages/airflow/example_dags/example_trigger_target_dag.py
[2023-10-27T17:04:00.918+0000] {processor.py:839} INFO - DAG(s) dict_keys(['example_trigger_target_dag']) retrieved from /home/airflow/.local/lib/python3.8/site-packages/airflow/example_dags/example_trigger_target_dag.py
[2023-10-27T17:04:00.932+0000] {logging_mixin.py:151} INFO - [2023-10-27T17:04:00.932+0000] {dag.py:2941} INFO - Sync 1 DAGs
[2023-10-27T17:04:00.942+0000] {logging_mixin.py:151} INFO - [2023-10-27T17:04:00.942+0000] {dag.py:3722} INFO - Setting next_dagrun for example_trigger_target_dag to None, run_after=None
[2023-10-27T17:04:00.956+0000] {processor.py:179} INFO - Processing /home/airflow/.local/lib/python3.8/site-packages/airflow/example_dags/example_trigger_target_dag.py took 0.047 seconds
[2023-10-27T17:04:31.867+0000] {processor.py:157} INFO - Started process (PID=4489) to work on /home/airflow/.local/lib/python3.8/site-packages/airflow/example_dags/example_trigger_target_dag.py
[2023-10-27T17:04:31.868+0000] {processor.py:829} INFO - Processing file /home/airflow/.local/lib/python3.8/site-packages/airflow/example_dags/example_trigger_target_dag.py for tasks to queue
[2023-10-27T17:04:31.869+0000] {logging_mixin.py:151} INFO - [2023-10-27T17:04:31.869+0000] {dagbag.py:536} INFO - Filling up the DagBag from /home/airflow/.local/lib/python3.8/site-packages/airflow/example_dags/example_trigger_target_dag.py
[2023-10-27T17:04:31.872+0000] {processor.py:839} INFO - DAG(s) dict_keys(['example_trigger_target_dag']) retrieved from /home/airflow/.local/lib/python3.8/site-packages/airflow/example_dags/example_trigger_target_dag.py
[2023-10-27T17:04:31.886+0000] {logging_mixin.py:151} INFO - [2023-10-27T17:04:31.886+0000] {dag.py:2941} INFO - Sync 1 DAGs
[2023-10-27T17:04:31.894+0000] {logging_mixin.py:151} INFO - [2023-10-27T17:04:31.894+0000] {dag.py:3722} INFO - Setting next_dagrun for example_trigger_target_dag to None, run_after=None
[2023-10-27T17:04:31.906+0000] {processor.py:179} INFO - Processing /home/airflow/.local/lib/python3.8/site-packages/airflow/example_dags/example_trigger_target_dag.py took 0.040 seconds
[2023-10-27T17:05:02.832+0000] {processor.py:157} INFO - Started process (PID=4546) to work on /home/airflow/.local/lib/python3.8/site-packages/airflow/example_dags/example_trigger_target_dag.py
[2023-10-27T17:05:02.833+0000] {processor.py:829} INFO - Processing file /home/airflow/.local/lib/python3.8/site-packages/airflow/example_dags/example_trigger_target_dag.py for tasks to queue
[2023-10-27T17:05:02.834+0000] {logging_mixin.py:151} INFO - [2023-10-27T17:05:02.834+0000] {dagbag.py:536} INFO - Filling up the DagBag from /home/airflow/.local/lib/python3.8/site-packages/airflow/example_dags/example_trigger_target_dag.py
[2023-10-27T17:05:02.837+0000] {processor.py:839} INFO - DAG(s) dict_keys(['example_trigger_target_dag']) retrieved from /home/airflow/.local/lib/python3.8/site-packages/airflow/example_dags/example_trigger_target_dag.py
[2023-10-27T17:05:02.849+0000] {logging_mixin.py:151} INFO - [2023-10-27T17:05:02.849+0000] {dag.py:2941} INFO - Sync 1 DAGs
[2023-10-27T17:05:02.857+0000] {logging_mixin.py:151} INFO - [2023-10-27T17:05:02.856+0000] {dag.py:3722} INFO - Setting next_dagrun for example_trigger_target_dag to None, run_after=None
[2023-10-27T17:05:02.869+0000] {processor.py:179} INFO - Processing /home/airflow/.local/lib/python3.8/site-packages/airflow/example_dags/example_trigger_target_dag.py took 0.039 seconds
[2023-10-27T17:05:33.708+0000] {processor.py:157} INFO - Started process (PID=4602) to work on /home/airflow/.local/lib/python3.8/site-packages/airflow/example_dags/example_trigger_target_dag.py
[2023-10-27T17:05:33.709+0000] {processor.py:829} INFO - Processing file /home/airflow/.local/lib/python3.8/site-packages/airflow/example_dags/example_trigger_target_dag.py for tasks to queue
[2023-10-27T17:05:33.711+0000] {logging_mixin.py:151} INFO - [2023-10-27T17:05:33.710+0000] {dagbag.py:536} INFO - Filling up the DagBag from /home/airflow/.local/lib/python3.8/site-packages/airflow/example_dags/example_trigger_target_dag.py
[2023-10-27T17:05:33.716+0000] {processor.py:839} INFO - DAG(s) dict_keys(['example_trigger_target_dag']) retrieved from /home/airflow/.local/lib/python3.8/site-packages/airflow/example_dags/example_trigger_target_dag.py
[2023-10-27T17:05:33.746+0000] {logging_mixin.py:151} INFO - [2023-10-27T17:05:33.746+0000] {dag.py:2941} INFO - Sync 1 DAGs
[2023-10-27T17:05:33.759+0000] {logging_mixin.py:151} INFO - [2023-10-27T17:05:33.759+0000] {dag.py:3722} INFO - Setting next_dagrun for example_trigger_target_dag to None, run_after=None
[2023-10-27T17:05:33.779+0000] {processor.py:179} INFO - Processing /home/airflow/.local/lib/python3.8/site-packages/airflow/example_dags/example_trigger_target_dag.py took 0.073 seconds
[2023-10-27T17:06:04.577+0000] {processor.py:157} INFO - Started process (PID=4658) to work on /home/airflow/.local/lib/python3.8/site-packages/airflow/example_dags/example_trigger_target_dag.py
[2023-10-27T17:06:04.577+0000] {processor.py:829} INFO - Processing file /home/airflow/.local/lib/python3.8/site-packages/airflow/example_dags/example_trigger_target_dag.py for tasks to queue
[2023-10-27T17:06:04.579+0000] {logging_mixin.py:151} INFO - [2023-10-27T17:06:04.578+0000] {dagbag.py:536} INFO - Filling up the DagBag from /home/airflow/.local/lib/python3.8/site-packages/airflow/example_dags/example_trigger_target_dag.py
[2023-10-27T17:06:04.582+0000] {processor.py:839} INFO - DAG(s) dict_keys(['example_trigger_target_dag']) retrieved from /home/airflow/.local/lib/python3.8/site-packages/airflow/example_dags/example_trigger_target_dag.py
[2023-10-27T17:06:04.594+0000] {logging_mixin.py:151} INFO - [2023-10-27T17:06:04.594+0000] {dag.py:2941} INFO - Sync 1 DAGs
[2023-10-27T17:06:04.604+0000] {logging_mixin.py:151} INFO - [2023-10-27T17:06:04.604+0000] {dag.py:3722} INFO - Setting next_dagrun for example_trigger_target_dag to None, run_after=None
[2023-10-27T17:06:04.621+0000] {processor.py:179} INFO - Processing /home/airflow/.local/lib/python3.8/site-packages/airflow/example_dags/example_trigger_target_dag.py took 0.046 seconds
[2023-10-27T17:06:34.680+0000] {processor.py:157} INFO - Started process (PID=4714) to work on /home/airflow/.local/lib/python3.8/site-packages/airflow/example_dags/example_trigger_target_dag.py
[2023-10-27T17:06:34.680+0000] {processor.py:829} INFO - Processing file /home/airflow/.local/lib/python3.8/site-packages/airflow/example_dags/example_trigger_target_dag.py for tasks to queue
[2023-10-27T17:06:34.682+0000] {logging_mixin.py:151} INFO - [2023-10-27T17:06:34.681+0000] {dagbag.py:536} INFO - Filling up the DagBag from /home/airflow/.local/lib/python3.8/site-packages/airflow/example_dags/example_trigger_target_dag.py
[2023-10-27T17:06:34.685+0000] {processor.py:839} INFO - DAG(s) dict_keys(['example_trigger_target_dag']) retrieved from /home/airflow/.local/lib/python3.8/site-packages/airflow/example_dags/example_trigger_target_dag.py
[2023-10-27T17:06:34.697+0000] {logging_mixin.py:151} INFO - [2023-10-27T17:06:34.697+0000] {dag.py:2941} INFO - Sync 1 DAGs
[2023-10-27T17:06:34.705+0000] {logging_mixin.py:151} INFO - [2023-10-27T17:06:34.704+0000] {dag.py:3722} INFO - Setting next_dagrun for example_trigger_target_dag to None, run_after=None
[2023-10-27T17:06:34.716+0000] {processor.py:179} INFO - Processing /home/airflow/.local/lib/python3.8/site-packages/airflow/example_dags/example_trigger_target_dag.py took 0.038 seconds
[2023-10-27T17:07:04.770+0000] {processor.py:157} INFO - Started process (PID=4770) to work on /home/airflow/.local/lib/python3.8/site-packages/airflow/example_dags/example_trigger_target_dag.py
[2023-10-27T17:07:04.770+0000] {processor.py:829} INFO - Processing file /home/airflow/.local/lib/python3.8/site-packages/airflow/example_dags/example_trigger_target_dag.py for tasks to queue
[2023-10-27T17:07:04.772+0000] {logging_mixin.py:151} INFO - [2023-10-27T17:07:04.771+0000] {dagbag.py:536} INFO - Filling up the DagBag from /home/airflow/.local/lib/python3.8/site-packages/airflow/example_dags/example_trigger_target_dag.py
[2023-10-27T17:07:04.775+0000] {processor.py:839} INFO - DAG(s) dict_keys(['example_trigger_target_dag']) retrieved from /home/airflow/.local/lib/python3.8/site-packages/airflow/example_dags/example_trigger_target_dag.py
[2023-10-27T17:07:04.790+0000] {logging_mixin.py:151} INFO - [2023-10-27T17:07:04.789+0000] {dag.py:2941} INFO - Sync 1 DAGs
[2023-10-27T17:07:04.799+0000] {logging_mixin.py:151} INFO - [2023-10-27T17:07:04.799+0000] {dag.py:3722} INFO - Setting next_dagrun for example_trigger_target_dag to None, run_after=None
[2023-10-27T17:07:04.811+0000] {processor.py:179} INFO - Processing /home/airflow/.local/lib/python3.8/site-packages/airflow/example_dags/example_trigger_target_dag.py took 0.044 seconds
[2023-10-27T17:07:34.957+0000] {processor.py:157} INFO - Started process (PID=4826) to work on /home/airflow/.local/lib/python3.8/site-packages/airflow/example_dags/example_trigger_target_dag.py
[2023-10-27T17:07:34.958+0000] {processor.py:829} INFO - Processing file /home/airflow/.local/lib/python3.8/site-packages/airflow/example_dags/example_trigger_target_dag.py for tasks to queue
[2023-10-27T17:07:34.959+0000] {logging_mixin.py:151} INFO - [2023-10-27T17:07:34.959+0000] {dagbag.py:536} INFO - Filling up the DagBag from /home/airflow/.local/lib/python3.8/site-packages/airflow/example_dags/example_trigger_target_dag.py
[2023-10-27T17:07:34.962+0000] {processor.py:839} INFO - DAG(s) dict_keys(['example_trigger_target_dag']) retrieved from /home/airflow/.local/lib/python3.8/site-packages/airflow/example_dags/example_trigger_target_dag.py
[2023-10-27T17:07:34.974+0000] {logging_mixin.py:151} INFO - [2023-10-27T17:07:34.974+0000] {dag.py:2941} INFO - Sync 1 DAGs
[2023-10-27T17:07:34.982+0000] {logging_mixin.py:151} INFO - [2023-10-27T17:07:34.981+0000] {dag.py:3722} INFO - Setting next_dagrun for example_trigger_target_dag to None, run_after=None
[2023-10-27T17:07:34.993+0000] {processor.py:179} INFO - Processing /home/airflow/.local/lib/python3.8/site-packages/airflow/example_dags/example_trigger_target_dag.py took 0.038 seconds
[2023-10-27T17:08:05.070+0000] {processor.py:157} INFO - Started process (PID=4882) to work on /home/airflow/.local/lib/python3.8/site-packages/airflow/example_dags/example_trigger_target_dag.py
[2023-10-27T17:08:05.070+0000] {processor.py:829} INFO - Processing file /home/airflow/.local/lib/python3.8/site-packages/airflow/example_dags/example_trigger_target_dag.py for tasks to queue
[2023-10-27T17:08:05.072+0000] {logging_mixin.py:151} INFO - [2023-10-27T17:08:05.071+0000] {dagbag.py:536} INFO - Filling up the DagBag from /home/airflow/.local/lib/python3.8/site-packages/airflow/example_dags/example_trigger_target_dag.py
[2023-10-27T17:08:05.075+0000] {processor.py:839} INFO - DAG(s) dict_keys(['example_trigger_target_dag']) retrieved from /home/airflow/.local/lib/python3.8/site-packages/airflow/example_dags/example_trigger_target_dag.py
[2023-10-27T17:08:05.088+0000] {logging_mixin.py:151} INFO - [2023-10-27T17:08:05.088+0000] {dag.py:2941} INFO - Sync 1 DAGs
[2023-10-27T17:08:05.096+0000] {logging_mixin.py:151} INFO - [2023-10-27T17:08:05.096+0000] {dag.py:3722} INFO - Setting next_dagrun for example_trigger_target_dag to None, run_after=None
[2023-10-27T17:08:05.108+0000] {processor.py:179} INFO - Processing /home/airflow/.local/lib/python3.8/site-packages/airflow/example_dags/example_trigger_target_dag.py took 0.040 seconds
[2023-10-27T17:08:35.835+0000] {processor.py:157} INFO - Started process (PID=4938) to work on /home/airflow/.local/lib/python3.8/site-packages/airflow/example_dags/example_trigger_target_dag.py
[2023-10-27T17:08:35.835+0000] {processor.py:829} INFO - Processing file /home/airflow/.local/lib/python3.8/site-packages/airflow/example_dags/example_trigger_target_dag.py for tasks to queue
[2023-10-27T17:08:35.836+0000] {logging_mixin.py:151} INFO - [2023-10-27T17:08:35.836+0000] {dagbag.py:536} INFO - Filling up the DagBag from /home/airflow/.local/lib/python3.8/site-packages/airflow/example_dags/example_trigger_target_dag.py
[2023-10-27T17:08:35.840+0000] {processor.py:839} INFO - DAG(s) dict_keys(['example_trigger_target_dag']) retrieved from /home/airflow/.local/lib/python3.8/site-packages/airflow/example_dags/example_trigger_target_dag.py
[2023-10-27T17:08:35.851+0000] {logging_mixin.py:151} INFO - [2023-10-27T17:08:35.851+0000] {dag.py:2941} INFO - Sync 1 DAGs
[2023-10-27T17:08:35.859+0000] {logging_mixin.py:151} INFO - [2023-10-27T17:08:35.859+0000] {dag.py:3722} INFO - Setting next_dagrun for example_trigger_target_dag to None, run_after=None
[2023-10-27T17:08:35.872+0000] {processor.py:179} INFO - Processing /home/airflow/.local/lib/python3.8/site-packages/airflow/example_dags/example_trigger_target_dag.py took 0.039 seconds
[2023-10-27T17:09:06.582+0000] {processor.py:157} INFO - Started process (PID=4994) to work on /home/airflow/.local/lib/python3.8/site-packages/airflow/example_dags/example_trigger_target_dag.py
[2023-10-27T17:09:06.583+0000] {processor.py:829} INFO - Processing file /home/airflow/.local/lib/python3.8/site-packages/airflow/example_dags/example_trigger_target_dag.py for tasks to queue
[2023-10-27T17:09:06.584+0000] {logging_mixin.py:151} INFO - [2023-10-27T17:09:06.584+0000] {dagbag.py:536} INFO - Filling up the DagBag from /home/airflow/.local/lib/python3.8/site-packages/airflow/example_dags/example_trigger_target_dag.py
[2023-10-27T17:09:06.587+0000] {processor.py:839} INFO - DAG(s) dict_keys(['example_trigger_target_dag']) retrieved from /home/airflow/.local/lib/python3.8/site-packages/airflow/example_dags/example_trigger_target_dag.py
[2023-10-27T17:09:06.600+0000] {logging_mixin.py:151} INFO - [2023-10-27T17:09:06.600+0000] {dag.py:2941} INFO - Sync 1 DAGs
[2023-10-27T17:09:06.609+0000] {logging_mixin.py:151} INFO - [2023-10-27T17:09:06.609+0000] {dag.py:3722} INFO - Setting next_dagrun for example_trigger_target_dag to None, run_after=None
[2023-10-27T17:09:06.648+0000] {processor.py:179} INFO - Processing /home/airflow/.local/lib/python3.8/site-packages/airflow/example_dags/example_trigger_target_dag.py took 0.068 seconds
[2023-10-27T17:09:37.380+0000] {processor.py:157} INFO - Started process (PID=5051) to work on /home/airflow/.local/lib/python3.8/site-packages/airflow/example_dags/example_trigger_target_dag.py
[2023-10-27T17:09:37.381+0000] {processor.py:829} INFO - Processing file /home/airflow/.local/lib/python3.8/site-packages/airflow/example_dags/example_trigger_target_dag.py for tasks to queue
[2023-10-27T17:09:37.382+0000] {logging_mixin.py:151} INFO - [2023-10-27T17:09:37.382+0000] {dagbag.py:536} INFO - Filling up the DagBag from /home/airflow/.local/lib/python3.8/site-packages/airflow/example_dags/example_trigger_target_dag.py
[2023-10-27T17:09:37.385+0000] {processor.py:839} INFO - DAG(s) dict_keys(['example_trigger_target_dag']) retrieved from /home/airflow/.local/lib/python3.8/site-packages/airflow/example_dags/example_trigger_target_dag.py
[2023-10-27T17:09:37.397+0000] {logging_mixin.py:151} INFO - [2023-10-27T17:09:37.397+0000] {dag.py:2941} INFO - Sync 1 DAGs
[2023-10-27T17:09:37.405+0000] {logging_mixin.py:151} INFO - [2023-10-27T17:09:37.405+0000] {dag.py:3722} INFO - Setting next_dagrun for example_trigger_target_dag to None, run_after=None
[2023-10-27T17:09:37.418+0000] {processor.py:179} INFO - Processing /home/airflow/.local/lib/python3.8/site-packages/airflow/example_dags/example_trigger_target_dag.py took 0.040 seconds
[2023-10-27T17:10:08.097+0000] {processor.py:157} INFO - Started process (PID=5107) to work on /home/airflow/.local/lib/python3.8/site-packages/airflow/example_dags/example_trigger_target_dag.py
[2023-10-27T17:10:08.098+0000] {processor.py:829} INFO - Processing file /home/airflow/.local/lib/python3.8/site-packages/airflow/example_dags/example_trigger_target_dag.py for tasks to queue
[2023-10-27T17:10:08.099+0000] {logging_mixin.py:151} INFO - [2023-10-27T17:10:08.099+0000] {dagbag.py:536} INFO - Filling up the DagBag from /home/airflow/.local/lib/python3.8/site-packages/airflow/example_dags/example_trigger_target_dag.py
[2023-10-27T17:10:08.102+0000] {processor.py:839} INFO - DAG(s) dict_keys(['example_trigger_target_dag']) retrieved from /home/airflow/.local/lib/python3.8/site-packages/airflow/example_dags/example_trigger_target_dag.py
[2023-10-27T17:10:08.116+0000] {logging_mixin.py:151} INFO - [2023-10-27T17:10:08.116+0000] {dag.py:2941} INFO - Sync 1 DAGs
[2023-10-27T17:10:08.127+0000] {logging_mixin.py:151} INFO - [2023-10-27T17:10:08.127+0000] {dag.py:3722} INFO - Setting next_dagrun for example_trigger_target_dag to None, run_after=None
[2023-10-27T17:10:08.139+0000] {processor.py:179} INFO - Processing /home/airflow/.local/lib/python3.8/site-packages/airflow/example_dags/example_trigger_target_dag.py took 0.044 seconds
[2023-10-27T17:10:38.790+0000] {processor.py:157} INFO - Started process (PID=5163) to work on /home/airflow/.local/lib/python3.8/site-packages/airflow/example_dags/example_trigger_target_dag.py
[2023-10-27T17:10:38.790+0000] {processor.py:829} INFO - Processing file /home/airflow/.local/lib/python3.8/site-packages/airflow/example_dags/example_trigger_target_dag.py for tasks to queue
[2023-10-27T17:10:38.791+0000] {logging_mixin.py:151} INFO - [2023-10-27T17:10:38.791+0000] {dagbag.py:536} INFO - Filling up the DagBag from /home/airflow/.local/lib/python3.8/site-packages/airflow/example_dags/example_trigger_target_dag.py
[2023-10-27T17:10:38.795+0000] {processor.py:839} INFO - DAG(s) dict_keys(['example_trigger_target_dag']) retrieved from /home/airflow/.local/lib/python3.8/site-packages/airflow/example_dags/example_trigger_target_dag.py
[2023-10-27T17:10:38.809+0000] {logging_mixin.py:151} INFO - [2023-10-27T17:10:38.808+0000] {dag.py:2941} INFO - Sync 1 DAGs
[2023-10-27T17:10:38.816+0000] {logging_mixin.py:151} INFO - [2023-10-27T17:10:38.816+0000] {dag.py:3722} INFO - Setting next_dagrun for example_trigger_target_dag to None, run_after=None
[2023-10-27T17:10:38.829+0000] {processor.py:179} INFO - Processing /home/airflow/.local/lib/python3.8/site-packages/airflow/example_dags/example_trigger_target_dag.py took 0.041 seconds
[2023-10-27T17:11:09.541+0000] {processor.py:157} INFO - Started process (PID=5219) to work on /home/airflow/.local/lib/python3.8/site-packages/airflow/example_dags/example_trigger_target_dag.py
[2023-10-27T17:11:09.542+0000] {processor.py:829} INFO - Processing file /home/airflow/.local/lib/python3.8/site-packages/airflow/example_dags/example_trigger_target_dag.py for tasks to queue
[2023-10-27T17:11:09.543+0000] {logging_mixin.py:151} INFO - [2023-10-27T17:11:09.543+0000] {dagbag.py:536} INFO - Filling up the DagBag from /home/airflow/.local/lib/python3.8/site-packages/airflow/example_dags/example_trigger_target_dag.py
[2023-10-27T17:11:09.547+0000] {processor.py:839} INFO - DAG(s) dict_keys(['example_trigger_target_dag']) retrieved from /home/airflow/.local/lib/python3.8/site-packages/airflow/example_dags/example_trigger_target_dag.py
[2023-10-27T17:11:09.561+0000] {logging_mixin.py:151} INFO - [2023-10-27T17:11:09.560+0000] {dag.py:2941} INFO - Sync 1 DAGs
[2023-10-27T17:11:09.569+0000] {logging_mixin.py:151} INFO - [2023-10-27T17:11:09.569+0000] {dag.py:3722} INFO - Setting next_dagrun for example_trigger_target_dag to None, run_after=None
[2023-10-27T17:11:09.581+0000] {processor.py:179} INFO - Processing /home/airflow/.local/lib/python3.8/site-packages/airflow/example_dags/example_trigger_target_dag.py took 0.042 seconds
[2023-10-27T17:11:40.286+0000] {processor.py:157} INFO - Started process (PID=5275) to work on /home/airflow/.local/lib/python3.8/site-packages/airflow/example_dags/example_trigger_target_dag.py
[2023-10-27T17:11:40.286+0000] {processor.py:829} INFO - Processing file /home/airflow/.local/lib/python3.8/site-packages/airflow/example_dags/example_trigger_target_dag.py for tasks to queue
[2023-10-27T17:11:40.287+0000] {logging_mixin.py:151} INFO - [2023-10-27T17:11:40.287+0000] {dagbag.py:536} INFO - Filling up the DagBag from /home/airflow/.local/lib/python3.8/site-packages/airflow/example_dags/example_trigger_target_dag.py
[2023-10-27T17:11:40.291+0000] {processor.py:839} INFO - DAG(s) dict_keys(['example_trigger_target_dag']) retrieved from /home/airflow/.local/lib/python3.8/site-packages/airflow/example_dags/example_trigger_target_dag.py
[2023-10-27T17:11:40.302+0000] {logging_mixin.py:151} INFO - [2023-10-27T17:11:40.302+0000] {dag.py:2941} INFO - Sync 1 DAGs
[2023-10-27T17:11:40.310+0000] {logging_mixin.py:151} INFO - [2023-10-27T17:11:40.310+0000] {dag.py:3722} INFO - Setting next_dagrun for example_trigger_target_dag to None, run_after=None
[2023-10-27T17:11:40.324+0000] {processor.py:179} INFO - Processing /home/airflow/.local/lib/python3.8/site-packages/airflow/example_dags/example_trigger_target_dag.py took 0.041 seconds
