[2023-10-27T16:56:48.816+0000] {processor.py:157} INFO - Started process (PID=3635) to work on /home/airflow/.local/lib/python3.8/site-packages/airflow/example_dags/example_skip_dag.py
[2023-10-27T16:56:48.816+0000] {processor.py:829} INFO - Processing file /home/airflow/.local/lib/python3.8/site-packages/airflow/example_dags/example_skip_dag.py for tasks to queue
[2023-10-27T16:56:48.822+0000] {logging_mixin.py:151} INFO - [2023-10-27T16:56:48.822+0000] {dagbag.py:536} INFO - Filling up the DagBag from /home/airflow/.local/lib/python3.8/site-packages/airflow/example_dags/example_skip_dag.py
[2023-10-27T16:56:48.827+0000] {processor.py:839} INFO - DAG(s) dict_keys(['example_skip_dag']) retrieved from /home/airflow/.local/lib/python3.8/site-packages/airflow/example_dags/example_skip_dag.py
[2023-10-27T16:56:48.845+0000] {logging_mixin.py:151} INFO - [2023-10-27T16:56:48.845+0000] {dag.py:2941} INFO - Sync 1 DAGs
[2023-10-27T16:56:48.865+0000] {logging_mixin.py:151} INFO - [2023-10-27T16:56:48.865+0000] {dag.py:3722} INFO - Setting next_dagrun for example_skip_dag to 2023-10-26T16:56:48.864926+00:00, run_after=2023-10-27T16:56:48.864926+00:00
[2023-10-27T16:56:48.881+0000] {processor.py:179} INFO - Processing /home/airflow/.local/lib/python3.8/site-packages/airflow/example_dags/example_skip_dag.py took 0.067 seconds
[2023-10-27T16:57:19.179+0000] {processor.py:157} INFO - Started process (PID=3691) to work on /home/airflow/.local/lib/python3.8/site-packages/airflow/example_dags/example_skip_dag.py
[2023-10-27T16:57:19.179+0000] {processor.py:829} INFO - Processing file /home/airflow/.local/lib/python3.8/site-packages/airflow/example_dags/example_skip_dag.py for tasks to queue
[2023-10-27T16:57:19.181+0000] {logging_mixin.py:151} INFO - [2023-10-27T16:57:19.181+0000] {dagbag.py:536} INFO - Filling up the DagBag from /home/airflow/.local/lib/python3.8/site-packages/airflow/example_dags/example_skip_dag.py
[2023-10-27T16:57:19.186+0000] {processor.py:839} INFO - DAG(s) dict_keys(['example_skip_dag']) retrieved from /home/airflow/.local/lib/python3.8/site-packages/airflow/example_dags/example_skip_dag.py
[2023-10-27T16:57:19.202+0000] {logging_mixin.py:151} INFO - [2023-10-27T16:57:19.202+0000] {dag.py:2941} INFO - Sync 1 DAGs
[2023-10-27T16:57:19.220+0000] {logging_mixin.py:151} INFO - [2023-10-27T16:57:19.220+0000] {dag.py:3722} INFO - Setting next_dagrun for example_skip_dag to 2023-10-26T16:57:19.219850+00:00, run_after=2023-10-27T16:57:19.219850+00:00
[2023-10-27T16:57:19.234+0000] {processor.py:179} INFO - Processing /home/airflow/.local/lib/python3.8/site-packages/airflow/example_dags/example_skip_dag.py took 0.057 seconds
[2023-10-27T16:57:50.120+0000] {processor.py:157} INFO - Started process (PID=3747) to work on /home/airflow/.local/lib/python3.8/site-packages/airflow/example_dags/example_skip_dag.py
[2023-10-27T16:57:50.121+0000] {processor.py:829} INFO - Processing file /home/airflow/.local/lib/python3.8/site-packages/airflow/example_dags/example_skip_dag.py for tasks to queue
[2023-10-27T16:57:50.122+0000] {logging_mixin.py:151} INFO - [2023-10-27T16:57:50.122+0000] {dagbag.py:536} INFO - Filling up the DagBag from /home/airflow/.local/lib/python3.8/site-packages/airflow/example_dags/example_skip_dag.py
[2023-10-27T16:57:50.128+0000] {processor.py:839} INFO - DAG(s) dict_keys(['example_skip_dag']) retrieved from /home/airflow/.local/lib/python3.8/site-packages/airflow/example_dags/example_skip_dag.py
[2023-10-27T16:57:50.144+0000] {logging_mixin.py:151} INFO - [2023-10-27T16:57:50.144+0000] {dag.py:2941} INFO - Sync 1 DAGs
[2023-10-27T16:57:50.162+0000] {logging_mixin.py:151} INFO - [2023-10-27T16:57:50.161+0000] {dag.py:3722} INFO - Setting next_dagrun for example_skip_dag to 2023-10-26T16:57:50.161676+00:00, run_after=2023-10-27T16:57:50.161676+00:00
[2023-10-27T16:57:50.175+0000] {processor.py:179} INFO - Processing /home/airflow/.local/lib/python3.8/site-packages/airflow/example_dags/example_skip_dag.py took 0.057 seconds
[2023-10-27T16:58:20.864+0000] {processor.py:157} INFO - Started process (PID=3804) to work on /home/airflow/.local/lib/python3.8/site-packages/airflow/example_dags/example_skip_dag.py
[2023-10-27T16:58:20.865+0000] {processor.py:829} INFO - Processing file /home/airflow/.local/lib/python3.8/site-packages/airflow/example_dags/example_skip_dag.py for tasks to queue
[2023-10-27T16:58:20.866+0000] {logging_mixin.py:151} INFO - [2023-10-27T16:58:20.866+0000] {dagbag.py:536} INFO - Filling up the DagBag from /home/airflow/.local/lib/python3.8/site-packages/airflow/example_dags/example_skip_dag.py
[2023-10-27T16:58:20.872+0000] {processor.py:839} INFO - DAG(s) dict_keys(['example_skip_dag']) retrieved from /home/airflow/.local/lib/python3.8/site-packages/airflow/example_dags/example_skip_dag.py
[2023-10-27T16:58:20.885+0000] {logging_mixin.py:151} INFO - [2023-10-27T16:58:20.885+0000] {dag.py:2941} INFO - Sync 1 DAGs
[2023-10-27T16:58:20.901+0000] {logging_mixin.py:151} INFO - [2023-10-27T16:58:20.901+0000] {dag.py:3722} INFO - Setting next_dagrun for example_skip_dag to 2023-10-26T16:58:20.900922+00:00, run_after=2023-10-27T16:58:20.900922+00:00
[2023-10-27T16:58:20.914+0000] {processor.py:179} INFO - Processing /home/airflow/.local/lib/python3.8/site-packages/airflow/example_dags/example_skip_dag.py took 0.053 seconds
[2023-10-27T16:58:51.819+0000] {processor.py:157} INFO - Started process (PID=3861) to work on /home/airflow/.local/lib/python3.8/site-packages/airflow/example_dags/example_skip_dag.py
[2023-10-27T16:58:51.820+0000] {processor.py:829} INFO - Processing file /home/airflow/.local/lib/python3.8/site-packages/airflow/example_dags/example_skip_dag.py for tasks to queue
[2023-10-27T16:58:51.821+0000] {logging_mixin.py:151} INFO - [2023-10-27T16:58:51.821+0000] {dagbag.py:536} INFO - Filling up the DagBag from /home/airflow/.local/lib/python3.8/site-packages/airflow/example_dags/example_skip_dag.py
[2023-10-27T16:58:51.827+0000] {processor.py:839} INFO - DAG(s) dict_keys(['example_skip_dag']) retrieved from /home/airflow/.local/lib/python3.8/site-packages/airflow/example_dags/example_skip_dag.py
[2023-10-27T16:58:51.840+0000] {logging_mixin.py:151} INFO - [2023-10-27T16:58:51.840+0000] {dag.py:2941} INFO - Sync 1 DAGs
[2023-10-27T16:58:51.855+0000] {logging_mixin.py:151} INFO - [2023-10-27T16:58:51.855+0000] {dag.py:3722} INFO - Setting next_dagrun for example_skip_dag to 2023-10-26T16:58:51.855183+00:00, run_after=2023-10-27T16:58:51.855183+00:00
[2023-10-27T16:58:51.870+0000] {processor.py:179} INFO - Processing /home/airflow/.local/lib/python3.8/site-packages/airflow/example_dags/example_skip_dag.py took 0.053 seconds
[2023-10-27T16:59:22.812+0000] {processor.py:157} INFO - Started process (PID=3917) to work on /home/airflow/.local/lib/python3.8/site-packages/airflow/example_dags/example_skip_dag.py
[2023-10-27T16:59:22.812+0000] {processor.py:829} INFO - Processing file /home/airflow/.local/lib/python3.8/site-packages/airflow/example_dags/example_skip_dag.py for tasks to queue
[2023-10-27T16:59:22.814+0000] {logging_mixin.py:151} INFO - [2023-10-27T16:59:22.813+0000] {dagbag.py:536} INFO - Filling up the DagBag from /home/airflow/.local/lib/python3.8/site-packages/airflow/example_dags/example_skip_dag.py
[2023-10-27T16:59:22.817+0000] {processor.py:839} INFO - DAG(s) dict_keys(['example_skip_dag']) retrieved from /home/airflow/.local/lib/python3.8/site-packages/airflow/example_dags/example_skip_dag.py
[2023-10-27T16:59:22.833+0000] {logging_mixin.py:151} INFO - [2023-10-27T16:59:22.833+0000] {dag.py:2941} INFO - Sync 1 DAGs
[2023-10-27T16:59:22.849+0000] {logging_mixin.py:151} INFO - [2023-10-27T16:59:22.849+0000] {dag.py:3722} INFO - Setting next_dagrun for example_skip_dag to 2023-10-26T16:59:22.849447+00:00, run_after=2023-10-27T16:59:22.849447+00:00
[2023-10-27T16:59:22.861+0000] {processor.py:179} INFO - Processing /home/airflow/.local/lib/python3.8/site-packages/airflow/example_dags/example_skip_dag.py took 0.051 seconds
[2023-10-27T16:59:53.565+0000] {processor.py:157} INFO - Started process (PID=3973) to work on /home/airflow/.local/lib/python3.8/site-packages/airflow/example_dags/example_skip_dag.py
[2023-10-27T16:59:53.566+0000] {processor.py:829} INFO - Processing file /home/airflow/.local/lib/python3.8/site-packages/airflow/example_dags/example_skip_dag.py for tasks to queue
[2023-10-27T16:59:53.567+0000] {logging_mixin.py:151} INFO - [2023-10-27T16:59:53.567+0000] {dagbag.py:536} INFO - Filling up the DagBag from /home/airflow/.local/lib/python3.8/site-packages/airflow/example_dags/example_skip_dag.py
[2023-10-27T16:59:53.572+0000] {processor.py:839} INFO - DAG(s) dict_keys(['example_skip_dag']) retrieved from /home/airflow/.local/lib/python3.8/site-packages/airflow/example_dags/example_skip_dag.py
[2023-10-27T16:59:53.589+0000] {logging_mixin.py:151} INFO - [2023-10-27T16:59:53.589+0000] {dag.py:2941} INFO - Sync 1 DAGs
[2023-10-27T16:59:53.605+0000] {logging_mixin.py:151} INFO - [2023-10-27T16:59:53.605+0000] {dag.py:3722} INFO - Setting next_dagrun for example_skip_dag to 2023-10-26T16:59:53.604913+00:00, run_after=2023-10-27T16:59:53.604913+00:00
[2023-10-27T16:59:53.617+0000] {processor.py:179} INFO - Processing /home/airflow/.local/lib/python3.8/site-packages/airflow/example_dags/example_skip_dag.py took 0.054 seconds
[2023-10-27T17:00:24.354+0000] {processor.py:157} INFO - Started process (PID=4036) to work on /home/airflow/.local/lib/python3.8/site-packages/airflow/example_dags/example_skip_dag.py
[2023-10-27T17:00:24.355+0000] {processor.py:829} INFO - Processing file /home/airflow/.local/lib/python3.8/site-packages/airflow/example_dags/example_skip_dag.py for tasks to queue
[2023-10-27T17:00:24.356+0000] {logging_mixin.py:151} INFO - [2023-10-27T17:00:24.356+0000] {dagbag.py:536} INFO - Filling up the DagBag from /home/airflow/.local/lib/python3.8/site-packages/airflow/example_dags/example_skip_dag.py
[2023-10-27T17:00:24.360+0000] {processor.py:839} INFO - DAG(s) dict_keys(['example_skip_dag']) retrieved from /home/airflow/.local/lib/python3.8/site-packages/airflow/example_dags/example_skip_dag.py
[2023-10-27T17:00:24.373+0000] {logging_mixin.py:151} INFO - [2023-10-27T17:00:24.373+0000] {dag.py:2941} INFO - Sync 1 DAGs
[2023-10-27T17:00:24.388+0000] {logging_mixin.py:151} INFO - [2023-10-27T17:00:24.387+0000] {dag.py:3722} INFO - Setting next_dagrun for example_skip_dag to 2023-10-26T17:00:24.387807+00:00, run_after=2023-10-27T17:00:24.387807+00:00
[2023-10-27T17:00:24.401+0000] {processor.py:179} INFO - Processing /home/airflow/.local/lib/python3.8/site-packages/airflow/example_dags/example_skip_dag.py took 0.049 seconds
[2023-10-27T17:00:55.325+0000] {processor.py:157} INFO - Started process (PID=4092) to work on /home/airflow/.local/lib/python3.8/site-packages/airflow/example_dags/example_skip_dag.py
[2023-10-27T17:00:55.326+0000] {processor.py:829} INFO - Processing file /home/airflow/.local/lib/python3.8/site-packages/airflow/example_dags/example_skip_dag.py for tasks to queue
[2023-10-27T17:00:55.327+0000] {logging_mixin.py:151} INFO - [2023-10-27T17:00:55.327+0000] {dagbag.py:536} INFO - Filling up the DagBag from /home/airflow/.local/lib/python3.8/site-packages/airflow/example_dags/example_skip_dag.py
[2023-10-27T17:00:55.331+0000] {processor.py:839} INFO - DAG(s) dict_keys(['example_skip_dag']) retrieved from /home/airflow/.local/lib/python3.8/site-packages/airflow/example_dags/example_skip_dag.py
[2023-10-27T17:00:55.347+0000] {logging_mixin.py:151} INFO - [2023-10-27T17:00:55.347+0000] {dag.py:2941} INFO - Sync 1 DAGs
[2023-10-27T17:00:55.362+0000] {logging_mixin.py:151} INFO - [2023-10-27T17:00:55.362+0000] {dag.py:3722} INFO - Setting next_dagrun for example_skip_dag to 2023-10-26T17:00:55.362521+00:00, run_after=2023-10-27T17:00:55.362521+00:00
[2023-10-27T17:00:55.375+0000] {processor.py:179} INFO - Processing /home/airflow/.local/lib/python3.8/site-packages/airflow/example_dags/example_skip_dag.py took 0.052 seconds
[2023-10-27T17:01:26.224+0000] {processor.py:157} INFO - Started process (PID=4148) to work on /home/airflow/.local/lib/python3.8/site-packages/airflow/example_dags/example_skip_dag.py
[2023-10-27T17:01:26.225+0000] {processor.py:829} INFO - Processing file /home/airflow/.local/lib/python3.8/site-packages/airflow/example_dags/example_skip_dag.py for tasks to queue
[2023-10-27T17:01:26.226+0000] {logging_mixin.py:151} INFO - [2023-10-27T17:01:26.226+0000] {dagbag.py:536} INFO - Filling up the DagBag from /home/airflow/.local/lib/python3.8/site-packages/airflow/example_dags/example_skip_dag.py
[2023-10-27T17:01:26.230+0000] {processor.py:839} INFO - DAG(s) dict_keys(['example_skip_dag']) retrieved from /home/airflow/.local/lib/python3.8/site-packages/airflow/example_dags/example_skip_dag.py
[2023-10-27T17:01:26.243+0000] {logging_mixin.py:151} INFO - [2023-10-27T17:01:26.243+0000] {dag.py:2941} INFO - Sync 1 DAGs
[2023-10-27T17:01:26.258+0000] {logging_mixin.py:151} INFO - [2023-10-27T17:01:26.258+0000] {dag.py:3722} INFO - Setting next_dagrun for example_skip_dag to 2023-10-26T17:01:26.258353+00:00, run_after=2023-10-27T17:01:26.258353+00:00
[2023-10-27T17:01:26.270+0000] {processor.py:179} INFO - Processing /home/airflow/.local/lib/python3.8/site-packages/airflow/example_dags/example_skip_dag.py took 0.048 seconds
[2023-10-27T17:01:56.952+0000] {processor.py:157} INFO - Started process (PID=4204) to work on /home/airflow/.local/lib/python3.8/site-packages/airflow/example_dags/example_skip_dag.py
[2023-10-27T17:01:56.953+0000] {processor.py:829} INFO - Processing file /home/airflow/.local/lib/python3.8/site-packages/airflow/example_dags/example_skip_dag.py for tasks to queue
[2023-10-27T17:01:56.955+0000] {logging_mixin.py:151} INFO - [2023-10-27T17:01:56.954+0000] {dagbag.py:536} INFO - Filling up the DagBag from /home/airflow/.local/lib/python3.8/site-packages/airflow/example_dags/example_skip_dag.py
[2023-10-27T17:01:56.960+0000] {processor.py:839} INFO - DAG(s) dict_keys(['example_skip_dag']) retrieved from /home/airflow/.local/lib/python3.8/site-packages/airflow/example_dags/example_skip_dag.py
[2023-10-27T17:01:56.977+0000] {logging_mixin.py:151} INFO - [2023-10-27T17:01:56.976+0000] {dag.py:2941} INFO - Sync 1 DAGs
[2023-10-27T17:01:56.993+0000] {logging_mixin.py:151} INFO - [2023-10-27T17:01:56.993+0000] {dag.py:3722} INFO - Setting next_dagrun for example_skip_dag to 2023-10-26T17:01:56.993243+00:00, run_after=2023-10-27T17:01:56.993243+00:00
[2023-10-27T17:01:57.007+0000] {processor.py:179} INFO - Processing /home/airflow/.local/lib/python3.8/site-packages/airflow/example_dags/example_skip_dag.py took 0.056 seconds
[2023-10-27T17:02:27.917+0000] {processor.py:157} INFO - Started process (PID=4260) to work on /home/airflow/.local/lib/python3.8/site-packages/airflow/example_dags/example_skip_dag.py
[2023-10-27T17:02:27.917+0000] {processor.py:829} INFO - Processing file /home/airflow/.local/lib/python3.8/site-packages/airflow/example_dags/example_skip_dag.py for tasks to queue
[2023-10-27T17:02:27.919+0000] {logging_mixin.py:151} INFO - [2023-10-27T17:02:27.919+0000] {dagbag.py:536} INFO - Filling up the DagBag from /home/airflow/.local/lib/python3.8/site-packages/airflow/example_dags/example_skip_dag.py
[2023-10-27T17:02:27.924+0000] {processor.py:839} INFO - DAG(s) dict_keys(['example_skip_dag']) retrieved from /home/airflow/.local/lib/python3.8/site-packages/airflow/example_dags/example_skip_dag.py
[2023-10-27T17:02:27.940+0000] {logging_mixin.py:151} INFO - [2023-10-27T17:02:27.940+0000] {dag.py:2941} INFO - Sync 1 DAGs
[2023-10-27T17:02:27.958+0000] {logging_mixin.py:151} INFO - [2023-10-27T17:02:27.957+0000] {dag.py:3722} INFO - Setting next_dagrun for example_skip_dag to 2023-10-26T17:02:27.957773+00:00, run_after=2023-10-27T17:02:27.957773+00:00
[2023-10-27T17:02:27.971+0000] {processor.py:179} INFO - Processing /home/airflow/.local/lib/python3.8/site-packages/airflow/example_dags/example_skip_dag.py took 0.057 seconds
[2023-10-27T17:02:58.806+0000] {processor.py:157} INFO - Started process (PID=4316) to work on /home/airflow/.local/lib/python3.8/site-packages/airflow/example_dags/example_skip_dag.py
[2023-10-27T17:02:58.806+0000] {processor.py:829} INFO - Processing file /home/airflow/.local/lib/python3.8/site-packages/airflow/example_dags/example_skip_dag.py for tasks to queue
[2023-10-27T17:02:58.808+0000] {logging_mixin.py:151} INFO - [2023-10-27T17:02:58.807+0000] {dagbag.py:536} INFO - Filling up the DagBag from /home/airflow/.local/lib/python3.8/site-packages/airflow/example_dags/example_skip_dag.py
[2023-10-27T17:02:58.811+0000] {processor.py:839} INFO - DAG(s) dict_keys(['example_skip_dag']) retrieved from /home/airflow/.local/lib/python3.8/site-packages/airflow/example_dags/example_skip_dag.py
[2023-10-27T17:02:58.824+0000] {logging_mixin.py:151} INFO - [2023-10-27T17:02:58.824+0000] {dag.py:2941} INFO - Sync 1 DAGs
[2023-10-27T17:02:58.838+0000] {logging_mixin.py:151} INFO - [2023-10-27T17:02:58.837+0000] {dag.py:3722} INFO - Setting next_dagrun for example_skip_dag to 2023-10-26T17:02:58.837825+00:00, run_after=2023-10-27T17:02:58.837825+00:00
[2023-10-27T17:02:58.850+0000] {processor.py:179} INFO - Processing /home/airflow/.local/lib/python3.8/site-packages/airflow/example_dags/example_skip_dag.py took 0.047 seconds
[2023-10-27T17:03:29.776+0000] {processor.py:157} INFO - Started process (PID=4373) to work on /home/airflow/.local/lib/python3.8/site-packages/airflow/example_dags/example_skip_dag.py
[2023-10-27T17:03:29.776+0000] {processor.py:829} INFO - Processing file /home/airflow/.local/lib/python3.8/site-packages/airflow/example_dags/example_skip_dag.py for tasks to queue
[2023-10-27T17:03:29.778+0000] {logging_mixin.py:151} INFO - [2023-10-27T17:03:29.777+0000] {dagbag.py:536} INFO - Filling up the DagBag from /home/airflow/.local/lib/python3.8/site-packages/airflow/example_dags/example_skip_dag.py
[2023-10-27T17:03:29.781+0000] {processor.py:839} INFO - DAG(s) dict_keys(['example_skip_dag']) retrieved from /home/airflow/.local/lib/python3.8/site-packages/airflow/example_dags/example_skip_dag.py
[2023-10-27T17:03:29.797+0000] {logging_mixin.py:151} INFO - [2023-10-27T17:03:29.797+0000] {dag.py:2941} INFO - Sync 1 DAGs
[2023-10-27T17:03:29.815+0000] {logging_mixin.py:151} INFO - [2023-10-27T17:03:29.815+0000] {dag.py:3722} INFO - Setting next_dagrun for example_skip_dag to 2023-10-26T17:03:29.815000+00:00, run_after=2023-10-27T17:03:29.815000+00:00
[2023-10-27T17:03:29.829+0000] {processor.py:179} INFO - Processing /home/airflow/.local/lib/python3.8/site-packages/airflow/example_dags/example_skip_dag.py took 0.055 seconds
[2023-10-27T17:04:00.761+0000] {processor.py:157} INFO - Started process (PID=4429) to work on /home/airflow/.local/lib/python3.8/site-packages/airflow/example_dags/example_skip_dag.py
[2023-10-27T17:04:00.761+0000] {processor.py:829} INFO - Processing file /home/airflow/.local/lib/python3.8/site-packages/airflow/example_dags/example_skip_dag.py for tasks to queue
[2023-10-27T17:04:00.763+0000] {logging_mixin.py:151} INFO - [2023-10-27T17:04:00.762+0000] {dagbag.py:536} INFO - Filling up the DagBag from /home/airflow/.local/lib/python3.8/site-packages/airflow/example_dags/example_skip_dag.py
[2023-10-27T17:04:00.768+0000] {processor.py:839} INFO - DAG(s) dict_keys(['example_skip_dag']) retrieved from /home/airflow/.local/lib/python3.8/site-packages/airflow/example_dags/example_skip_dag.py
[2023-10-27T17:04:00.782+0000] {logging_mixin.py:151} INFO - [2023-10-27T17:04:00.782+0000] {dag.py:2941} INFO - Sync 1 DAGs
[2023-10-27T17:04:00.798+0000] {logging_mixin.py:151} INFO - [2023-10-27T17:04:00.797+0000] {dag.py:3722} INFO - Setting next_dagrun for example_skip_dag to 2023-10-26T17:04:00.797733+00:00, run_after=2023-10-27T17:04:00.797733+00:00
[2023-10-27T17:04:00.811+0000] {processor.py:179} INFO - Processing /home/airflow/.local/lib/python3.8/site-packages/airflow/example_dags/example_skip_dag.py took 0.053 seconds
[2023-10-27T17:04:31.726+0000] {processor.py:157} INFO - Started process (PID=4485) to work on /home/airflow/.local/lib/python3.8/site-packages/airflow/example_dags/example_skip_dag.py
[2023-10-27T17:04:31.727+0000] {processor.py:829} INFO - Processing file /home/airflow/.local/lib/python3.8/site-packages/airflow/example_dags/example_skip_dag.py for tasks to queue
[2023-10-27T17:04:31.728+0000] {logging_mixin.py:151} INFO - [2023-10-27T17:04:31.728+0000] {dagbag.py:536} INFO - Filling up the DagBag from /home/airflow/.local/lib/python3.8/site-packages/airflow/example_dags/example_skip_dag.py
[2023-10-27T17:04:31.732+0000] {processor.py:839} INFO - DAG(s) dict_keys(['example_skip_dag']) retrieved from /home/airflow/.local/lib/python3.8/site-packages/airflow/example_dags/example_skip_dag.py
[2023-10-27T17:04:31.748+0000] {logging_mixin.py:151} INFO - [2023-10-27T17:04:31.748+0000] {dag.py:2941} INFO - Sync 1 DAGs
[2023-10-27T17:04:31.765+0000] {logging_mixin.py:151} INFO - [2023-10-27T17:04:31.764+0000] {dag.py:3722} INFO - Setting next_dagrun for example_skip_dag to 2023-10-26T17:04:31.764846+00:00, run_after=2023-10-27T17:04:31.764846+00:00
[2023-10-27T17:04:31.777+0000] {processor.py:179} INFO - Processing /home/airflow/.local/lib/python3.8/site-packages/airflow/example_dags/example_skip_dag.py took 0.053 seconds
[2023-10-27T17:05:02.684+0000] {processor.py:157} INFO - Started process (PID=4542) to work on /home/airflow/.local/lib/python3.8/site-packages/airflow/example_dags/example_skip_dag.py
[2023-10-27T17:05:02.685+0000] {processor.py:829} INFO - Processing file /home/airflow/.local/lib/python3.8/site-packages/airflow/example_dags/example_skip_dag.py for tasks to queue
[2023-10-27T17:05:02.686+0000] {logging_mixin.py:151} INFO - [2023-10-27T17:05:02.686+0000] {dagbag.py:536} INFO - Filling up the DagBag from /home/airflow/.local/lib/python3.8/site-packages/airflow/example_dags/example_skip_dag.py
[2023-10-27T17:05:02.690+0000] {processor.py:839} INFO - DAG(s) dict_keys(['example_skip_dag']) retrieved from /home/airflow/.local/lib/python3.8/site-packages/airflow/example_dags/example_skip_dag.py
[2023-10-27T17:05:02.706+0000] {logging_mixin.py:151} INFO - [2023-10-27T17:05:02.706+0000] {dag.py:2941} INFO - Sync 1 DAGs
[2023-10-27T17:05:02.724+0000] {logging_mixin.py:151} INFO - [2023-10-27T17:05:02.724+0000] {dag.py:3722} INFO - Setting next_dagrun for example_skip_dag to 2023-10-26T17:05:02.723997+00:00, run_after=2023-10-27T17:05:02.723997+00:00
[2023-10-27T17:05:02.737+0000] {processor.py:179} INFO - Processing /home/airflow/.local/lib/python3.8/site-packages/airflow/example_dags/example_skip_dag.py took 0.055 seconds
[2023-10-27T17:05:33.560+0000] {processor.py:157} INFO - Started process (PID=4598) to work on /home/airflow/.local/lib/python3.8/site-packages/airflow/example_dags/example_skip_dag.py
[2023-10-27T17:05:33.561+0000] {processor.py:829} INFO - Processing file /home/airflow/.local/lib/python3.8/site-packages/airflow/example_dags/example_skip_dag.py for tasks to queue
[2023-10-27T17:05:33.562+0000] {logging_mixin.py:151} INFO - [2023-10-27T17:05:33.562+0000] {dagbag.py:536} INFO - Filling up the DagBag from /home/airflow/.local/lib/python3.8/site-packages/airflow/example_dags/example_skip_dag.py
[2023-10-27T17:05:33.566+0000] {processor.py:839} INFO - DAG(s) dict_keys(['example_skip_dag']) retrieved from /home/airflow/.local/lib/python3.8/site-packages/airflow/example_dags/example_skip_dag.py
[2023-10-27T17:05:33.579+0000] {logging_mixin.py:151} INFO - [2023-10-27T17:05:33.579+0000] {dag.py:2941} INFO - Sync 1 DAGs
[2023-10-27T17:05:33.599+0000] {logging_mixin.py:151} INFO - [2023-10-27T17:05:33.599+0000] {dag.py:3722} INFO - Setting next_dagrun for example_skip_dag to 2023-10-26T17:05:33.598967+00:00, run_after=2023-10-27T17:05:33.598967+00:00
[2023-10-27T17:05:33.615+0000] {processor.py:179} INFO - Processing /home/airflow/.local/lib/python3.8/site-packages/airflow/example_dags/example_skip_dag.py took 0.057 seconds
[2023-10-27T17:06:04.420+0000] {processor.py:157} INFO - Started process (PID=4654) to work on /home/airflow/.local/lib/python3.8/site-packages/airflow/example_dags/example_skip_dag.py
[2023-10-27T17:06:04.420+0000] {processor.py:829} INFO - Processing file /home/airflow/.local/lib/python3.8/site-packages/airflow/example_dags/example_skip_dag.py for tasks to queue
[2023-10-27T17:06:04.421+0000] {logging_mixin.py:151} INFO - [2023-10-27T17:06:04.421+0000] {dagbag.py:536} INFO - Filling up the DagBag from /home/airflow/.local/lib/python3.8/site-packages/airflow/example_dags/example_skip_dag.py
[2023-10-27T17:06:04.427+0000] {processor.py:839} INFO - DAG(s) dict_keys(['example_skip_dag']) retrieved from /home/airflow/.local/lib/python3.8/site-packages/airflow/example_dags/example_skip_dag.py
[2023-10-27T17:06:04.445+0000] {logging_mixin.py:151} INFO - [2023-10-27T17:06:04.445+0000] {dag.py:2941} INFO - Sync 1 DAGs
[2023-10-27T17:06:04.469+0000] {logging_mixin.py:151} INFO - [2023-10-27T17:06:04.468+0000] {dag.py:3722} INFO - Setting next_dagrun for example_skip_dag to 2023-10-26T17:06:04.468654+00:00, run_after=2023-10-27T17:06:04.468654+00:00
[2023-10-27T17:06:04.482+0000] {processor.py:179} INFO - Processing /home/airflow/.local/lib/python3.8/site-packages/airflow/example_dags/example_skip_dag.py took 0.064 seconds
[2023-10-27T17:06:34.554+0000] {processor.py:157} INFO - Started process (PID=4710) to work on /home/airflow/.local/lib/python3.8/site-packages/airflow/example_dags/example_skip_dag.py
[2023-10-27T17:06:34.554+0000] {processor.py:829} INFO - Processing file /home/airflow/.local/lib/python3.8/site-packages/airflow/example_dags/example_skip_dag.py for tasks to queue
[2023-10-27T17:06:34.555+0000] {logging_mixin.py:151} INFO - [2023-10-27T17:06:34.555+0000] {dagbag.py:536} INFO - Filling up the DagBag from /home/airflow/.local/lib/python3.8/site-packages/airflow/example_dags/example_skip_dag.py
[2023-10-27T17:06:34.559+0000] {processor.py:839} INFO - DAG(s) dict_keys(['example_skip_dag']) retrieved from /home/airflow/.local/lib/python3.8/site-packages/airflow/example_dags/example_skip_dag.py
[2023-10-27T17:06:34.572+0000] {logging_mixin.py:151} INFO - [2023-10-27T17:06:34.572+0000] {dag.py:2941} INFO - Sync 1 DAGs
[2023-10-27T17:06:34.587+0000] {logging_mixin.py:151} INFO - [2023-10-27T17:06:34.586+0000] {dag.py:3722} INFO - Setting next_dagrun for example_skip_dag to 2023-10-26T17:06:34.586803+00:00, run_after=2023-10-27T17:06:34.586803+00:00
[2023-10-27T17:06:34.598+0000] {processor.py:179} INFO - Processing /home/airflow/.local/lib/python3.8/site-packages/airflow/example_dags/example_skip_dag.py took 0.046 seconds
[2023-10-27T17:07:04.635+0000] {processor.py:157} INFO - Started process (PID=4766) to work on /home/airflow/.local/lib/python3.8/site-packages/airflow/example_dags/example_skip_dag.py
[2023-10-27T17:07:04.635+0000] {processor.py:829} INFO - Processing file /home/airflow/.local/lib/python3.8/site-packages/airflow/example_dags/example_skip_dag.py for tasks to queue
[2023-10-27T17:07:04.636+0000] {logging_mixin.py:151} INFO - [2023-10-27T17:07:04.636+0000] {dagbag.py:536} INFO - Filling up the DagBag from /home/airflow/.local/lib/python3.8/site-packages/airflow/example_dags/example_skip_dag.py
[2023-10-27T17:07:04.640+0000] {processor.py:839} INFO - DAG(s) dict_keys(['example_skip_dag']) retrieved from /home/airflow/.local/lib/python3.8/site-packages/airflow/example_dags/example_skip_dag.py
[2023-10-27T17:07:04.654+0000] {logging_mixin.py:151} INFO - [2023-10-27T17:07:04.654+0000] {dag.py:2941} INFO - Sync 1 DAGs
[2023-10-27T17:07:04.670+0000] {logging_mixin.py:151} INFO - [2023-10-27T17:07:04.670+0000] {dag.py:3722} INFO - Setting next_dagrun for example_skip_dag to 2023-10-26T17:07:04.670036+00:00, run_after=2023-10-27T17:07:04.670036+00:00
[2023-10-27T17:07:04.681+0000] {processor.py:179} INFO - Processing /home/airflow/.local/lib/python3.8/site-packages/airflow/example_dags/example_skip_dag.py took 0.049 seconds
[2023-10-27T17:07:34.825+0000] {processor.py:157} INFO - Started process (PID=4822) to work on /home/airflow/.local/lib/python3.8/site-packages/airflow/example_dags/example_skip_dag.py
[2023-10-27T17:07:34.825+0000] {processor.py:829} INFO - Processing file /home/airflow/.local/lib/python3.8/site-packages/airflow/example_dags/example_skip_dag.py for tasks to queue
[2023-10-27T17:07:34.826+0000] {logging_mixin.py:151} INFO - [2023-10-27T17:07:34.826+0000] {dagbag.py:536} INFO - Filling up the DagBag from /home/airflow/.local/lib/python3.8/site-packages/airflow/example_dags/example_skip_dag.py
[2023-10-27T17:07:34.830+0000] {processor.py:839} INFO - DAG(s) dict_keys(['example_skip_dag']) retrieved from /home/airflow/.local/lib/python3.8/site-packages/airflow/example_dags/example_skip_dag.py
[2023-10-27T17:07:34.843+0000] {logging_mixin.py:151} INFO - [2023-10-27T17:07:34.843+0000] {dag.py:2941} INFO - Sync 1 DAGs
[2023-10-27T17:07:34.858+0000] {logging_mixin.py:151} INFO - [2023-10-27T17:07:34.857+0000] {dag.py:3722} INFO - Setting next_dagrun for example_skip_dag to 2023-10-26T17:07:34.857750+00:00, run_after=2023-10-27T17:07:34.857750+00:00
[2023-10-27T17:07:34.869+0000] {processor.py:179} INFO - Processing /home/airflow/.local/lib/python3.8/site-packages/airflow/example_dags/example_skip_dag.py took 0.046 seconds
[2023-10-27T17:08:04.901+0000] {processor.py:157} INFO - Started process (PID=4878) to work on /home/airflow/.local/lib/python3.8/site-packages/airflow/example_dags/example_skip_dag.py
[2023-10-27T17:08:04.902+0000] {processor.py:829} INFO - Processing file /home/airflow/.local/lib/python3.8/site-packages/airflow/example_dags/example_skip_dag.py for tasks to queue
[2023-10-27T17:08:04.903+0000] {logging_mixin.py:151} INFO - [2023-10-27T17:08:04.903+0000] {dagbag.py:536} INFO - Filling up the DagBag from /home/airflow/.local/lib/python3.8/site-packages/airflow/example_dags/example_skip_dag.py
[2023-10-27T17:08:04.907+0000] {processor.py:839} INFO - DAG(s) dict_keys(['example_skip_dag']) retrieved from /home/airflow/.local/lib/python3.8/site-packages/airflow/example_dags/example_skip_dag.py
[2023-10-27T17:08:04.922+0000] {logging_mixin.py:151} INFO - [2023-10-27T17:08:04.922+0000] {dag.py:2941} INFO - Sync 1 DAGs
[2023-10-27T17:08:04.939+0000] {logging_mixin.py:151} INFO - [2023-10-27T17:08:04.939+0000] {dag.py:3722} INFO - Setting next_dagrun for example_skip_dag to 2023-10-26T17:08:04.939552+00:00, run_after=2023-10-27T17:08:04.939552+00:00
[2023-10-27T17:08:04.953+0000] {processor.py:179} INFO - Processing /home/airflow/.local/lib/python3.8/site-packages/airflow/example_dags/example_skip_dag.py took 0.054 seconds
[2023-10-27T17:08:35.693+0000] {processor.py:157} INFO - Started process (PID=4934) to work on /home/airflow/.local/lib/python3.8/site-packages/airflow/example_dags/example_skip_dag.py
[2023-10-27T17:08:35.693+0000] {processor.py:829} INFO - Processing file /home/airflow/.local/lib/python3.8/site-packages/airflow/example_dags/example_skip_dag.py for tasks to queue
[2023-10-27T17:08:35.695+0000] {logging_mixin.py:151} INFO - [2023-10-27T17:08:35.694+0000] {dagbag.py:536} INFO - Filling up the DagBag from /home/airflow/.local/lib/python3.8/site-packages/airflow/example_dags/example_skip_dag.py
[2023-10-27T17:08:35.698+0000] {processor.py:839} INFO - DAG(s) dict_keys(['example_skip_dag']) retrieved from /home/airflow/.local/lib/python3.8/site-packages/airflow/example_dags/example_skip_dag.py
[2023-10-27T17:08:35.711+0000] {logging_mixin.py:151} INFO - [2023-10-27T17:08:35.711+0000] {dag.py:2941} INFO - Sync 1 DAGs
[2023-10-27T17:08:35.724+0000] {logging_mixin.py:151} INFO - [2023-10-27T17:08:35.724+0000] {dag.py:3722} INFO - Setting next_dagrun for example_skip_dag to 2023-10-26T17:08:35.724458+00:00, run_after=2023-10-27T17:08:35.724458+00:00
[2023-10-27T17:08:35.736+0000] {processor.py:179} INFO - Processing /home/airflow/.local/lib/python3.8/site-packages/airflow/example_dags/example_skip_dag.py took 0.045 seconds
[2023-10-27T17:09:06.441+0000] {processor.py:157} INFO - Started process (PID=4990) to work on /home/airflow/.local/lib/python3.8/site-packages/airflow/example_dags/example_skip_dag.py
[2023-10-27T17:09:06.442+0000] {processor.py:829} INFO - Processing file /home/airflow/.local/lib/python3.8/site-packages/airflow/example_dags/example_skip_dag.py for tasks to queue
[2023-10-27T17:09:06.443+0000] {logging_mixin.py:151} INFO - [2023-10-27T17:09:06.443+0000] {dagbag.py:536} INFO - Filling up the DagBag from /home/airflow/.local/lib/python3.8/site-packages/airflow/example_dags/example_skip_dag.py
[2023-10-27T17:09:06.447+0000] {processor.py:839} INFO - DAG(s) dict_keys(['example_skip_dag']) retrieved from /home/airflow/.local/lib/python3.8/site-packages/airflow/example_dags/example_skip_dag.py
[2023-10-27T17:09:06.460+0000] {logging_mixin.py:151} INFO - [2023-10-27T17:09:06.460+0000] {dag.py:2941} INFO - Sync 1 DAGs
[2023-10-27T17:09:06.475+0000] {logging_mixin.py:151} INFO - [2023-10-27T17:09:06.474+0000] {dag.py:3722} INFO - Setting next_dagrun for example_skip_dag to 2023-10-26T17:09:06.474829+00:00, run_after=2023-10-27T17:09:06.474829+00:00
[2023-10-27T17:09:06.487+0000] {processor.py:179} INFO - Processing /home/airflow/.local/lib/python3.8/site-packages/airflow/example_dags/example_skip_dag.py took 0.048 seconds
[2023-10-27T17:09:37.241+0000] {processor.py:157} INFO - Started process (PID=5047) to work on /home/airflow/.local/lib/python3.8/site-packages/airflow/example_dags/example_skip_dag.py
[2023-10-27T17:09:37.242+0000] {processor.py:829} INFO - Processing file /home/airflow/.local/lib/python3.8/site-packages/airflow/example_dags/example_skip_dag.py for tasks to queue
[2023-10-27T17:09:37.243+0000] {logging_mixin.py:151} INFO - [2023-10-27T17:09:37.243+0000] {dagbag.py:536} INFO - Filling up the DagBag from /home/airflow/.local/lib/python3.8/site-packages/airflow/example_dags/example_skip_dag.py
[2023-10-27T17:09:37.247+0000] {processor.py:839} INFO - DAG(s) dict_keys(['example_skip_dag']) retrieved from /home/airflow/.local/lib/python3.8/site-packages/airflow/example_dags/example_skip_dag.py
[2023-10-27T17:09:37.262+0000] {logging_mixin.py:151} INFO - [2023-10-27T17:09:37.262+0000] {dag.py:2941} INFO - Sync 1 DAGs
[2023-10-27T17:09:37.280+0000] {logging_mixin.py:151} INFO - [2023-10-27T17:09:37.279+0000] {dag.py:3722} INFO - Setting next_dagrun for example_skip_dag to 2023-10-26T17:09:37.279633+00:00, run_after=2023-10-27T17:09:37.279633+00:00
[2023-10-27T17:09:37.293+0000] {processor.py:179} INFO - Processing /home/airflow/.local/lib/python3.8/site-packages/airflow/example_dags/example_skip_dag.py took 0.054 seconds
[2023-10-27T17:10:07.965+0000] {processor.py:157} INFO - Started process (PID=5103) to work on /home/airflow/.local/lib/python3.8/site-packages/airflow/example_dags/example_skip_dag.py
[2023-10-27T17:10:07.965+0000] {processor.py:829} INFO - Processing file /home/airflow/.local/lib/python3.8/site-packages/airflow/example_dags/example_skip_dag.py for tasks to queue
[2023-10-27T17:10:07.967+0000] {logging_mixin.py:151} INFO - [2023-10-27T17:10:07.966+0000] {dagbag.py:536} INFO - Filling up the DagBag from /home/airflow/.local/lib/python3.8/site-packages/airflow/example_dags/example_skip_dag.py
[2023-10-27T17:10:07.970+0000] {processor.py:839} INFO - DAG(s) dict_keys(['example_skip_dag']) retrieved from /home/airflow/.local/lib/python3.8/site-packages/airflow/example_dags/example_skip_dag.py
[2023-10-27T17:10:07.984+0000] {logging_mixin.py:151} INFO - [2023-10-27T17:10:07.983+0000] {dag.py:2941} INFO - Sync 1 DAGs
[2023-10-27T17:10:07.999+0000] {logging_mixin.py:151} INFO - [2023-10-27T17:10:07.999+0000] {dag.py:3722} INFO - Setting next_dagrun for example_skip_dag to 2023-10-26T17:10:07.999309+00:00, run_after=2023-10-27T17:10:07.999309+00:00
[2023-10-27T17:10:08.013+0000] {processor.py:179} INFO - Processing /home/airflow/.local/lib/python3.8/site-packages/airflow/example_dags/example_skip_dag.py took 0.050 seconds
[2023-10-27T17:10:38.656+0000] {processor.py:157} INFO - Started process (PID=5159) to work on /home/airflow/.local/lib/python3.8/site-packages/airflow/example_dags/example_skip_dag.py
[2023-10-27T17:10:38.657+0000] {processor.py:829} INFO - Processing file /home/airflow/.local/lib/python3.8/site-packages/airflow/example_dags/example_skip_dag.py for tasks to queue
[2023-10-27T17:10:38.658+0000] {logging_mixin.py:151} INFO - [2023-10-27T17:10:38.658+0000] {dagbag.py:536} INFO - Filling up the DagBag from /home/airflow/.local/lib/python3.8/site-packages/airflow/example_dags/example_skip_dag.py
[2023-10-27T17:10:38.662+0000] {processor.py:839} INFO - DAG(s) dict_keys(['example_skip_dag']) retrieved from /home/airflow/.local/lib/python3.8/site-packages/airflow/example_dags/example_skip_dag.py
[2023-10-27T17:10:38.677+0000] {logging_mixin.py:151} INFO - [2023-10-27T17:10:38.677+0000] {dag.py:2941} INFO - Sync 1 DAGs
[2023-10-27T17:10:38.695+0000] {logging_mixin.py:151} INFO - [2023-10-27T17:10:38.694+0000] {dag.py:3722} INFO - Setting next_dagrun for example_skip_dag to 2023-10-26T17:10:38.694805+00:00, run_after=2023-10-27T17:10:38.694805+00:00
[2023-10-27T17:10:38.706+0000] {processor.py:179} INFO - Processing /home/airflow/.local/lib/python3.8/site-packages/airflow/example_dags/example_skip_dag.py took 0.052 seconds
[2023-10-27T17:11:09.389+0000] {processor.py:157} INFO - Started process (PID=5215) to work on /home/airflow/.local/lib/python3.8/site-packages/airflow/example_dags/example_skip_dag.py
[2023-10-27T17:11:09.390+0000] {processor.py:829} INFO - Processing file /home/airflow/.local/lib/python3.8/site-packages/airflow/example_dags/example_skip_dag.py for tasks to queue
[2023-10-27T17:11:09.391+0000] {logging_mixin.py:151} INFO - [2023-10-27T17:11:09.391+0000] {dagbag.py:536} INFO - Filling up the DagBag from /home/airflow/.local/lib/python3.8/site-packages/airflow/example_dags/example_skip_dag.py
[2023-10-27T17:11:09.397+0000] {processor.py:839} INFO - DAG(s) dict_keys(['example_skip_dag']) retrieved from /home/airflow/.local/lib/python3.8/site-packages/airflow/example_dags/example_skip_dag.py
[2023-10-27T17:11:09.410+0000] {logging_mixin.py:151} INFO - [2023-10-27T17:11:09.410+0000] {dag.py:2941} INFO - Sync 1 DAGs
[2023-10-27T17:11:09.426+0000] {logging_mixin.py:151} INFO - [2023-10-27T17:11:09.426+0000] {dag.py:3722} INFO - Setting next_dagrun for example_skip_dag to 2023-10-26T17:11:09.426404+00:00, run_after=2023-10-27T17:11:09.426404+00:00
[2023-10-27T17:11:09.440+0000] {processor.py:179} INFO - Processing /home/airflow/.local/lib/python3.8/site-packages/airflow/example_dags/example_skip_dag.py took 0.053 seconds
[2023-10-27T17:11:40.141+0000] {processor.py:157} INFO - Started process (PID=5271) to work on /home/airflow/.local/lib/python3.8/site-packages/airflow/example_dags/example_skip_dag.py
[2023-10-27T17:11:40.141+0000] {processor.py:829} INFO - Processing file /home/airflow/.local/lib/python3.8/site-packages/airflow/example_dags/example_skip_dag.py for tasks to queue
[2023-10-27T17:11:40.143+0000] {logging_mixin.py:151} INFO - [2023-10-27T17:11:40.142+0000] {dagbag.py:536} INFO - Filling up the DagBag from /home/airflow/.local/lib/python3.8/site-packages/airflow/example_dags/example_skip_dag.py
[2023-10-27T17:11:40.146+0000] {processor.py:839} INFO - DAG(s) dict_keys(['example_skip_dag']) retrieved from /home/airflow/.local/lib/python3.8/site-packages/airflow/example_dags/example_skip_dag.py
[2023-10-27T17:11:40.162+0000] {logging_mixin.py:151} INFO - [2023-10-27T17:11:40.162+0000] {dag.py:2941} INFO - Sync 1 DAGs
[2023-10-27T17:11:40.179+0000] {logging_mixin.py:151} INFO - [2023-10-27T17:11:40.179+0000] {dag.py:3722} INFO - Setting next_dagrun for example_skip_dag to 2023-10-26T17:11:40.179500+00:00, run_after=2023-10-27T17:11:40.179500+00:00
[2023-10-27T17:11:40.193+0000] {processor.py:179} INFO - Processing /home/airflow/.local/lib/python3.8/site-packages/airflow/example_dags/example_skip_dag.py took 0.055 seconds
