[2023-10-27T16:56:48.899+0000] {processor.py:157} INFO - Started process (PID=3637) to work on /home/airflow/.local/lib/python3.8/site-packages/airflow/example_dags/example_bash_operator.py
[2023-10-27T16:56:48.900+0000] {processor.py:829} INFO - Processing file /home/airflow/.local/lib/python3.8/site-packages/airflow/example_dags/example_bash_operator.py for tasks to queue
[2023-10-27T16:56:48.901+0000] {logging_mixin.py:151} INFO - [2023-10-27T16:56:48.901+0000] {dagbag.py:536} INFO - Filling up the DagBag from /home/airflow/.local/lib/python3.8/site-packages/airflow/example_dags/example_bash_operator.py
[2023-10-27T16:56:48.912+0000] {processor.py:839} INFO - DAG(s) dict_keys(['example_bash_operator']) retrieved from /home/airflow/.local/lib/python3.8/site-packages/airflow/example_dags/example_bash_operator.py
[2023-10-27T16:56:48.937+0000] {logging_mixin.py:151} INFO - [2023-10-27T16:56:48.937+0000] {dag.py:2941} INFO - Sync 1 DAGs
[2023-10-27T16:56:48.960+0000] {logging_mixin.py:151} INFO - [2023-10-27T16:56:48.959+0000] {dag.py:3722} INFO - Setting next_dagrun for example_bash_operator to 2023-10-26T00:00:00+00:00, run_after=2023-10-27T00:00:00+00:00
[2023-10-27T16:56:48.974+0000] {processor.py:179} INFO - Processing /home/airflow/.local/lib/python3.8/site-packages/airflow/example_dags/example_bash_operator.py took 0.077 seconds
[2023-10-27T16:57:19.250+0000] {processor.py:157} INFO - Started process (PID=3693) to work on /home/airflow/.local/lib/python3.8/site-packages/airflow/example_dags/example_bash_operator.py
[2023-10-27T16:57:19.251+0000] {processor.py:829} INFO - Processing file /home/airflow/.local/lib/python3.8/site-packages/airflow/example_dags/example_bash_operator.py for tasks to queue
[2023-10-27T16:57:19.252+0000] {logging_mixin.py:151} INFO - [2023-10-27T16:57:19.252+0000] {dagbag.py:536} INFO - Filling up the DagBag from /home/airflow/.local/lib/python3.8/site-packages/airflow/example_dags/example_bash_operator.py
[2023-10-27T16:57:19.259+0000] {processor.py:839} INFO - DAG(s) dict_keys(['example_bash_operator']) retrieved from /home/airflow/.local/lib/python3.8/site-packages/airflow/example_dags/example_bash_operator.py
[2023-10-27T16:57:19.277+0000] {logging_mixin.py:151} INFO - [2023-10-27T16:57:19.277+0000] {dag.py:2941} INFO - Sync 1 DAGs
[2023-10-27T16:57:19.292+0000] {logging_mixin.py:151} INFO - [2023-10-27T16:57:19.292+0000] {dag.py:3722} INFO - Setting next_dagrun for example_bash_operator to 2023-10-26T00:00:00+00:00, run_after=2023-10-27T00:00:00+00:00
[2023-10-27T16:57:19.303+0000] {processor.py:179} INFO - Processing /home/airflow/.local/lib/python3.8/site-packages/airflow/example_dags/example_bash_operator.py took 0.055 seconds
[2023-10-27T16:57:50.192+0000] {processor.py:157} INFO - Started process (PID=3749) to work on /home/airflow/.local/lib/python3.8/site-packages/airflow/example_dags/example_bash_operator.py
[2023-10-27T16:57:50.193+0000] {processor.py:829} INFO - Processing file /home/airflow/.local/lib/python3.8/site-packages/airflow/example_dags/example_bash_operator.py for tasks to queue
[2023-10-27T16:57:50.194+0000] {logging_mixin.py:151} INFO - [2023-10-27T16:57:50.194+0000] {dagbag.py:536} INFO - Filling up the DagBag from /home/airflow/.local/lib/python3.8/site-packages/airflow/example_dags/example_bash_operator.py
[2023-10-27T16:57:50.204+0000] {processor.py:839} INFO - DAG(s) dict_keys(['example_bash_operator']) retrieved from /home/airflow/.local/lib/python3.8/site-packages/airflow/example_dags/example_bash_operator.py
[2023-10-27T16:57:50.229+0000] {logging_mixin.py:151} INFO - [2023-10-27T16:57:50.229+0000] {dag.py:2941} INFO - Sync 1 DAGs
[2023-10-27T16:57:50.245+0000] {logging_mixin.py:151} INFO - [2023-10-27T16:57:50.245+0000] {dag.py:3722} INFO - Setting next_dagrun for example_bash_operator to 2023-10-26T00:00:00+00:00, run_after=2023-10-27T00:00:00+00:00
[2023-10-27T16:57:50.257+0000] {processor.py:179} INFO - Processing /home/airflow/.local/lib/python3.8/site-packages/airflow/example_dags/example_bash_operator.py took 0.067 seconds
[2023-10-27T16:58:20.929+0000] {processor.py:157} INFO - Started process (PID=3806) to work on /home/airflow/.local/lib/python3.8/site-packages/airflow/example_dags/example_bash_operator.py
[2023-10-27T16:58:20.929+0000] {processor.py:829} INFO - Processing file /home/airflow/.local/lib/python3.8/site-packages/airflow/example_dags/example_bash_operator.py for tasks to queue
[2023-10-27T16:58:20.931+0000] {logging_mixin.py:151} INFO - [2023-10-27T16:58:20.930+0000] {dagbag.py:536} INFO - Filling up the DagBag from /home/airflow/.local/lib/python3.8/site-packages/airflow/example_dags/example_bash_operator.py
[2023-10-27T16:58:20.938+0000] {processor.py:839} INFO - DAG(s) dict_keys(['example_bash_operator']) retrieved from /home/airflow/.local/lib/python3.8/site-packages/airflow/example_dags/example_bash_operator.py
[2023-10-27T16:58:20.956+0000] {logging_mixin.py:151} INFO - [2023-10-27T16:58:20.956+0000] {dag.py:2941} INFO - Sync 1 DAGs
[2023-10-27T16:58:20.972+0000] {logging_mixin.py:151} INFO - [2023-10-27T16:58:20.972+0000] {dag.py:3722} INFO - Setting next_dagrun for example_bash_operator to 2023-10-26T00:00:00+00:00, run_after=2023-10-27T00:00:00+00:00
[2023-10-27T16:58:20.983+0000] {processor.py:179} INFO - Processing /home/airflow/.local/lib/python3.8/site-packages/airflow/example_dags/example_bash_operator.py took 0.057 seconds
[2023-10-27T16:58:51.885+0000] {processor.py:157} INFO - Started process (PID=3863) to work on /home/airflow/.local/lib/python3.8/site-packages/airflow/example_dags/example_bash_operator.py
[2023-10-27T16:58:51.886+0000] {processor.py:829} INFO - Processing file /home/airflow/.local/lib/python3.8/site-packages/airflow/example_dags/example_bash_operator.py for tasks to queue
[2023-10-27T16:58:51.887+0000] {logging_mixin.py:151} INFO - [2023-10-27T16:58:51.887+0000] {dagbag.py:536} INFO - Filling up the DagBag from /home/airflow/.local/lib/python3.8/site-packages/airflow/example_dags/example_bash_operator.py
[2023-10-27T16:58:51.894+0000] {processor.py:839} INFO - DAG(s) dict_keys(['example_bash_operator']) retrieved from /home/airflow/.local/lib/python3.8/site-packages/airflow/example_dags/example_bash_operator.py
[2023-10-27T16:58:51.918+0000] {logging_mixin.py:151} INFO - [2023-10-27T16:58:51.918+0000] {dag.py:2941} INFO - Sync 1 DAGs
[2023-10-27T16:58:51.936+0000] {logging_mixin.py:151} INFO - [2023-10-27T16:58:51.936+0000] {dag.py:3722} INFO - Setting next_dagrun for example_bash_operator to 2023-10-26T00:00:00+00:00, run_after=2023-10-27T00:00:00+00:00
[2023-10-27T16:58:51.948+0000] {processor.py:179} INFO - Processing /home/airflow/.local/lib/python3.8/site-packages/airflow/example_dags/example_bash_operator.py took 0.065 seconds
[2023-10-27T16:59:22.878+0000] {processor.py:157} INFO - Started process (PID=3919) to work on /home/airflow/.local/lib/python3.8/site-packages/airflow/example_dags/example_bash_operator.py
[2023-10-27T16:59:22.878+0000] {processor.py:829} INFO - Processing file /home/airflow/.local/lib/python3.8/site-packages/airflow/example_dags/example_bash_operator.py for tasks to queue
[2023-10-27T16:59:22.879+0000] {logging_mixin.py:151} INFO - [2023-10-27T16:59:22.879+0000] {dagbag.py:536} INFO - Filling up the DagBag from /home/airflow/.local/lib/python3.8/site-packages/airflow/example_dags/example_bash_operator.py
[2023-10-27T16:59:22.886+0000] {processor.py:839} INFO - DAG(s) dict_keys(['example_bash_operator']) retrieved from /home/airflow/.local/lib/python3.8/site-packages/airflow/example_dags/example_bash_operator.py
[2023-10-27T16:59:22.904+0000] {logging_mixin.py:151} INFO - [2023-10-27T16:59:22.904+0000] {dag.py:2941} INFO - Sync 1 DAGs
[2023-10-27T16:59:22.919+0000] {logging_mixin.py:151} INFO - [2023-10-27T16:59:22.919+0000] {dag.py:3722} INFO - Setting next_dagrun for example_bash_operator to 2023-10-26T00:00:00+00:00, run_after=2023-10-27T00:00:00+00:00
[2023-10-27T16:59:22.930+0000] {processor.py:179} INFO - Processing /home/airflow/.local/lib/python3.8/site-packages/airflow/example_dags/example_bash_operator.py took 0.055 seconds
[2023-10-27T16:59:53.634+0000] {processor.py:157} INFO - Started process (PID=3975) to work on /home/airflow/.local/lib/python3.8/site-packages/airflow/example_dags/example_bash_operator.py
[2023-10-27T16:59:53.635+0000] {processor.py:829} INFO - Processing file /home/airflow/.local/lib/python3.8/site-packages/airflow/example_dags/example_bash_operator.py for tasks to queue
[2023-10-27T16:59:53.636+0000] {logging_mixin.py:151} INFO - [2023-10-27T16:59:53.636+0000] {dagbag.py:536} INFO - Filling up the DagBag from /home/airflow/.local/lib/python3.8/site-packages/airflow/example_dags/example_bash_operator.py
[2023-10-27T16:59:53.646+0000] {processor.py:839} INFO - DAG(s) dict_keys(['example_bash_operator']) retrieved from /home/airflow/.local/lib/python3.8/site-packages/airflow/example_dags/example_bash_operator.py
[2023-10-27T16:59:53.666+0000] {logging_mixin.py:151} INFO - [2023-10-27T16:59:53.666+0000] {dag.py:2941} INFO - Sync 1 DAGs
[2023-10-27T16:59:53.680+0000] {logging_mixin.py:151} INFO - [2023-10-27T16:59:53.680+0000] {dag.py:3722} INFO - Setting next_dagrun for example_bash_operator to 2023-10-26T00:00:00+00:00, run_after=2023-10-27T00:00:00+00:00
[2023-10-27T16:59:53.693+0000] {processor.py:179} INFO - Processing /home/airflow/.local/lib/python3.8/site-packages/airflow/example_dags/example_bash_operator.py took 0.061 seconds
[2023-10-27T17:00:24.415+0000] {processor.py:157} INFO - Started process (PID=4038) to work on /home/airflow/.local/lib/python3.8/site-packages/airflow/example_dags/example_bash_operator.py
[2023-10-27T17:00:24.416+0000] {processor.py:829} INFO - Processing file /home/airflow/.local/lib/python3.8/site-packages/airflow/example_dags/example_bash_operator.py for tasks to queue
[2023-10-27T17:00:24.417+0000] {logging_mixin.py:151} INFO - [2023-10-27T17:00:24.417+0000] {dagbag.py:536} INFO - Filling up the DagBag from /home/airflow/.local/lib/python3.8/site-packages/airflow/example_dags/example_bash_operator.py
[2023-10-27T17:00:24.424+0000] {processor.py:839} INFO - DAG(s) dict_keys(['example_bash_operator']) retrieved from /home/airflow/.local/lib/python3.8/site-packages/airflow/example_dags/example_bash_operator.py
[2023-10-27T17:00:24.442+0000] {logging_mixin.py:151} INFO - [2023-10-27T17:00:24.442+0000] {dag.py:2941} INFO - Sync 1 DAGs
[2023-10-27T17:00:24.458+0000] {logging_mixin.py:151} INFO - [2023-10-27T17:00:24.458+0000] {dag.py:3722} INFO - Setting next_dagrun for example_bash_operator to 2023-10-26T00:00:00+00:00, run_after=2023-10-27T00:00:00+00:00
[2023-10-27T17:00:24.470+0000] {processor.py:179} INFO - Processing /home/airflow/.local/lib/python3.8/site-packages/airflow/example_dags/example_bash_operator.py took 0.057 seconds
[2023-10-27T17:00:55.389+0000] {processor.py:157} INFO - Started process (PID=4094) to work on /home/airflow/.local/lib/python3.8/site-packages/airflow/example_dags/example_bash_operator.py
[2023-10-27T17:00:55.389+0000] {processor.py:829} INFO - Processing file /home/airflow/.local/lib/python3.8/site-packages/airflow/example_dags/example_bash_operator.py for tasks to queue
[2023-10-27T17:00:55.391+0000] {logging_mixin.py:151} INFO - [2023-10-27T17:00:55.390+0000] {dagbag.py:536} INFO - Filling up the DagBag from /home/airflow/.local/lib/python3.8/site-packages/airflow/example_dags/example_bash_operator.py
[2023-10-27T17:00:55.398+0000] {processor.py:839} INFO - DAG(s) dict_keys(['example_bash_operator']) retrieved from /home/airflow/.local/lib/python3.8/site-packages/airflow/example_dags/example_bash_operator.py
[2023-10-27T17:00:55.421+0000] {logging_mixin.py:151} INFO - [2023-10-27T17:00:55.421+0000] {dag.py:2941} INFO - Sync 1 DAGs
[2023-10-27T17:00:55.437+0000] {logging_mixin.py:151} INFO - [2023-10-27T17:00:55.436+0000] {dag.py:3722} INFO - Setting next_dagrun for example_bash_operator to 2023-10-26T00:00:00+00:00, run_after=2023-10-27T00:00:00+00:00
[2023-10-27T17:00:55.450+0000] {processor.py:179} INFO - Processing /home/airflow/.local/lib/python3.8/site-packages/airflow/example_dags/example_bash_operator.py took 0.063 seconds
[2023-10-27T17:01:26.286+0000] {processor.py:157} INFO - Started process (PID=4150) to work on /home/airflow/.local/lib/python3.8/site-packages/airflow/example_dags/example_bash_operator.py
[2023-10-27T17:01:26.286+0000] {processor.py:829} INFO - Processing file /home/airflow/.local/lib/python3.8/site-packages/airflow/example_dags/example_bash_operator.py for tasks to queue
[2023-10-27T17:01:26.288+0000] {logging_mixin.py:151} INFO - [2023-10-27T17:01:26.287+0000] {dagbag.py:536} INFO - Filling up the DagBag from /home/airflow/.local/lib/python3.8/site-packages/airflow/example_dags/example_bash_operator.py
[2023-10-27T17:01:26.294+0000] {processor.py:839} INFO - DAG(s) dict_keys(['example_bash_operator']) retrieved from /home/airflow/.local/lib/python3.8/site-packages/airflow/example_dags/example_bash_operator.py
[2023-10-27T17:01:26.314+0000] {logging_mixin.py:151} INFO - [2023-10-27T17:01:26.314+0000] {dag.py:2941} INFO - Sync 1 DAGs
[2023-10-27T17:01:26.329+0000] {logging_mixin.py:151} INFO - [2023-10-27T17:01:26.329+0000] {dag.py:3722} INFO - Setting next_dagrun for example_bash_operator to 2023-10-26T00:00:00+00:00, run_after=2023-10-27T00:00:00+00:00
[2023-10-27T17:01:26.343+0000] {processor.py:179} INFO - Processing /home/airflow/.local/lib/python3.8/site-packages/airflow/example_dags/example_bash_operator.py took 0.059 seconds
[2023-10-27T17:01:57.024+0000] {processor.py:157} INFO - Started process (PID=4206) to work on /home/airflow/.local/lib/python3.8/site-packages/airflow/example_dags/example_bash_operator.py
[2023-10-27T17:01:57.025+0000] {processor.py:829} INFO - Processing file /home/airflow/.local/lib/python3.8/site-packages/airflow/example_dags/example_bash_operator.py for tasks to queue
[2023-10-27T17:01:57.026+0000] {logging_mixin.py:151} INFO - [2023-10-27T17:01:57.026+0000] {dagbag.py:536} INFO - Filling up the DagBag from /home/airflow/.local/lib/python3.8/site-packages/airflow/example_dags/example_bash_operator.py
[2023-10-27T17:01:57.035+0000] {processor.py:839} INFO - DAG(s) dict_keys(['example_bash_operator']) retrieved from /home/airflow/.local/lib/python3.8/site-packages/airflow/example_dags/example_bash_operator.py
[2023-10-27T17:01:57.059+0000] {logging_mixin.py:151} INFO - [2023-10-27T17:01:57.059+0000] {dag.py:2941} INFO - Sync 1 DAGs
[2023-10-27T17:01:57.077+0000] {logging_mixin.py:151} INFO - [2023-10-27T17:01:57.077+0000] {dag.py:3722} INFO - Setting next_dagrun for example_bash_operator to 2023-10-26T00:00:00+00:00, run_after=2023-10-27T00:00:00+00:00
[2023-10-27T17:01:57.091+0000] {processor.py:179} INFO - Processing /home/airflow/.local/lib/python3.8/site-packages/airflow/example_dags/example_bash_operator.py took 0.069 seconds
[2023-10-27T17:02:27.988+0000] {processor.py:157} INFO - Started process (PID=4262) to work on /home/airflow/.local/lib/python3.8/site-packages/airflow/example_dags/example_bash_operator.py
[2023-10-27T17:02:27.989+0000] {processor.py:829} INFO - Processing file /home/airflow/.local/lib/python3.8/site-packages/airflow/example_dags/example_bash_operator.py for tasks to queue
[2023-10-27T17:02:27.990+0000] {logging_mixin.py:151} INFO - [2023-10-27T17:02:27.990+0000] {dagbag.py:536} INFO - Filling up the DagBag from /home/airflow/.local/lib/python3.8/site-packages/airflow/example_dags/example_bash_operator.py
[2023-10-27T17:02:28.000+0000] {processor.py:839} INFO - DAG(s) dict_keys(['example_bash_operator']) retrieved from /home/airflow/.local/lib/python3.8/site-packages/airflow/example_dags/example_bash_operator.py
[2023-10-27T17:02:28.020+0000] {logging_mixin.py:151} INFO - [2023-10-27T17:02:28.020+0000] {dag.py:2941} INFO - Sync 1 DAGs
[2023-10-27T17:02:28.038+0000] {logging_mixin.py:151} INFO - [2023-10-27T17:02:28.037+0000] {dag.py:3722} INFO - Setting next_dagrun for example_bash_operator to 2023-10-26T00:00:00+00:00, run_after=2023-10-27T00:00:00+00:00
[2023-10-27T17:02:28.050+0000] {processor.py:179} INFO - Processing /home/airflow/.local/lib/python3.8/site-packages/airflow/example_dags/example_bash_operator.py took 0.064 seconds
[2023-10-27T17:02:58.865+0000] {processor.py:157} INFO - Started process (PID=4318) to work on /home/airflow/.local/lib/python3.8/site-packages/airflow/example_dags/example_bash_operator.py
[2023-10-27T17:02:58.866+0000] {processor.py:829} INFO - Processing file /home/airflow/.local/lib/python3.8/site-packages/airflow/example_dags/example_bash_operator.py for tasks to queue
[2023-10-27T17:02:58.867+0000] {logging_mixin.py:151} INFO - [2023-10-27T17:02:58.867+0000] {dagbag.py:536} INFO - Filling up the DagBag from /home/airflow/.local/lib/python3.8/site-packages/airflow/example_dags/example_bash_operator.py
[2023-10-27T17:02:58.877+0000] {processor.py:839} INFO - DAG(s) dict_keys(['example_bash_operator']) retrieved from /home/airflow/.local/lib/python3.8/site-packages/airflow/example_dags/example_bash_operator.py
[2023-10-27T17:02:58.901+0000] {logging_mixin.py:151} INFO - [2023-10-27T17:02:58.900+0000] {dag.py:2941} INFO - Sync 1 DAGs
[2023-10-27T17:02:58.917+0000] {logging_mixin.py:151} INFO - [2023-10-27T17:02:58.917+0000] {dag.py:3722} INFO - Setting next_dagrun for example_bash_operator to 2023-10-26T00:00:00+00:00, run_after=2023-10-27T00:00:00+00:00
[2023-10-27T17:02:58.930+0000] {processor.py:179} INFO - Processing /home/airflow/.local/lib/python3.8/site-packages/airflow/example_dags/example_bash_operator.py took 0.067 seconds
[2023-10-27T17:03:29.846+0000] {processor.py:157} INFO - Started process (PID=4375) to work on /home/airflow/.local/lib/python3.8/site-packages/airflow/example_dags/example_bash_operator.py
[2023-10-27T17:03:29.847+0000] {processor.py:829} INFO - Processing file /home/airflow/.local/lib/python3.8/site-packages/airflow/example_dags/example_bash_operator.py for tasks to queue
[2023-10-27T17:03:29.848+0000] {logging_mixin.py:151} INFO - [2023-10-27T17:03:29.848+0000] {dagbag.py:536} INFO - Filling up the DagBag from /home/airflow/.local/lib/python3.8/site-packages/airflow/example_dags/example_bash_operator.py
[2023-10-27T17:03:29.856+0000] {processor.py:839} INFO - DAG(s) dict_keys(['example_bash_operator']) retrieved from /home/airflow/.local/lib/python3.8/site-packages/airflow/example_dags/example_bash_operator.py
[2023-10-27T17:03:29.880+0000] {logging_mixin.py:151} INFO - [2023-10-27T17:03:29.880+0000] {dag.py:2941} INFO - Sync 1 DAGs
[2023-10-27T17:03:29.896+0000] {logging_mixin.py:151} INFO - [2023-10-27T17:03:29.896+0000] {dag.py:3722} INFO - Setting next_dagrun for example_bash_operator to 2023-10-26T00:00:00+00:00, run_after=2023-10-27T00:00:00+00:00
[2023-10-27T17:03:29.908+0000] {processor.py:179} INFO - Processing /home/airflow/.local/lib/python3.8/site-packages/airflow/example_dags/example_bash_operator.py took 0.065 seconds
[2023-10-27T17:04:00.828+0000] {processor.py:157} INFO - Started process (PID=4431) to work on /home/airflow/.local/lib/python3.8/site-packages/airflow/example_dags/example_bash_operator.py
[2023-10-27T17:04:00.829+0000] {processor.py:829} INFO - Processing file /home/airflow/.local/lib/python3.8/site-packages/airflow/example_dags/example_bash_operator.py for tasks to queue
[2023-10-27T17:04:00.830+0000] {logging_mixin.py:151} INFO - [2023-10-27T17:04:00.830+0000] {dagbag.py:536} INFO - Filling up the DagBag from /home/airflow/.local/lib/python3.8/site-packages/airflow/example_dags/example_bash_operator.py
[2023-10-27T17:04:00.840+0000] {processor.py:839} INFO - DAG(s) dict_keys(['example_bash_operator']) retrieved from /home/airflow/.local/lib/python3.8/site-packages/airflow/example_dags/example_bash_operator.py
[2023-10-27T17:04:00.864+0000] {logging_mixin.py:151} INFO - [2023-10-27T17:04:00.864+0000] {dag.py:2941} INFO - Sync 1 DAGs
[2023-10-27T17:04:00.883+0000] {logging_mixin.py:151} INFO - [2023-10-27T17:04:00.883+0000] {dag.py:3722} INFO - Setting next_dagrun for example_bash_operator to 2023-10-26T00:00:00+00:00, run_after=2023-10-27T00:00:00+00:00
[2023-10-27T17:04:00.897+0000] {processor.py:179} INFO - Processing /home/airflow/.local/lib/python3.8/site-packages/airflow/example_dags/example_bash_operator.py took 0.071 seconds
[2023-10-27T17:04:31.792+0000] {processor.py:157} INFO - Started process (PID=4487) to work on /home/airflow/.local/lib/python3.8/site-packages/airflow/example_dags/example_bash_operator.py
[2023-10-27T17:04:31.793+0000] {processor.py:829} INFO - Processing file /home/airflow/.local/lib/python3.8/site-packages/airflow/example_dags/example_bash_operator.py for tasks to queue
[2023-10-27T17:04:31.794+0000] {logging_mixin.py:151} INFO - [2023-10-27T17:04:31.794+0000] {dagbag.py:536} INFO - Filling up the DagBag from /home/airflow/.local/lib/python3.8/site-packages/airflow/example_dags/example_bash_operator.py
[2023-10-27T17:04:31.802+0000] {processor.py:839} INFO - DAG(s) dict_keys(['example_bash_operator']) retrieved from /home/airflow/.local/lib/python3.8/site-packages/airflow/example_dags/example_bash_operator.py
[2023-10-27T17:04:31.825+0000] {logging_mixin.py:151} INFO - [2023-10-27T17:04:31.825+0000] {dag.py:2941} INFO - Sync 1 DAGs
[2023-10-27T17:04:31.842+0000] {logging_mixin.py:151} INFO - [2023-10-27T17:04:31.842+0000] {dag.py:3722} INFO - Setting next_dagrun for example_bash_operator to 2023-10-26T00:00:00+00:00, run_after=2023-10-27T00:00:00+00:00
[2023-10-27T17:04:31.853+0000] {processor.py:179} INFO - Processing /home/airflow/.local/lib/python3.8/site-packages/airflow/example_dags/example_bash_operator.py took 0.063 seconds
[2023-10-27T17:05:02.754+0000] {processor.py:157} INFO - Started process (PID=4544) to work on /home/airflow/.local/lib/python3.8/site-packages/airflow/example_dags/example_bash_operator.py
[2023-10-27T17:05:02.754+0000] {processor.py:829} INFO - Processing file /home/airflow/.local/lib/python3.8/site-packages/airflow/example_dags/example_bash_operator.py for tasks to queue
[2023-10-27T17:05:02.755+0000] {logging_mixin.py:151} INFO - [2023-10-27T17:05:02.755+0000] {dagbag.py:536} INFO - Filling up the DagBag from /home/airflow/.local/lib/python3.8/site-packages/airflow/example_dags/example_bash_operator.py
[2023-10-27T17:05:02.762+0000] {processor.py:839} INFO - DAG(s) dict_keys(['example_bash_operator']) retrieved from /home/airflow/.local/lib/python3.8/site-packages/airflow/example_dags/example_bash_operator.py
[2023-10-27T17:05:02.782+0000] {logging_mixin.py:151} INFO - [2023-10-27T17:05:02.782+0000] {dag.py:2941} INFO - Sync 1 DAGs
[2023-10-27T17:05:02.802+0000] {logging_mixin.py:151} INFO - [2023-10-27T17:05:02.801+0000] {dag.py:3722} INFO - Setting next_dagrun for example_bash_operator to 2023-10-26T00:00:00+00:00, run_after=2023-10-27T00:00:00+00:00
[2023-10-27T17:05:02.816+0000] {processor.py:179} INFO - Processing /home/airflow/.local/lib/python3.8/site-packages/airflow/example_dags/example_bash_operator.py took 0.064 seconds
[2023-10-27T17:05:33.633+0000] {processor.py:157} INFO - Started process (PID=4600) to work on /home/airflow/.local/lib/python3.8/site-packages/airflow/example_dags/example_bash_operator.py
[2023-10-27T17:05:33.633+0000] {processor.py:829} INFO - Processing file /home/airflow/.local/lib/python3.8/site-packages/airflow/example_dags/example_bash_operator.py for tasks to queue
[2023-10-27T17:05:33.635+0000] {logging_mixin.py:151} INFO - [2023-10-27T17:05:33.635+0000] {dagbag.py:536} INFO - Filling up the DagBag from /home/airflow/.local/lib/python3.8/site-packages/airflow/example_dags/example_bash_operator.py
[2023-10-27T17:05:33.644+0000] {processor.py:839} INFO - DAG(s) dict_keys(['example_bash_operator']) retrieved from /home/airflow/.local/lib/python3.8/site-packages/airflow/example_dags/example_bash_operator.py
[2023-10-27T17:05:33.663+0000] {logging_mixin.py:151} INFO - [2023-10-27T17:05:33.663+0000] {dag.py:2941} INFO - Sync 1 DAGs
[2023-10-27T17:05:33.679+0000] {logging_mixin.py:151} INFO - [2023-10-27T17:05:33.679+0000] {dag.py:3722} INFO - Setting next_dagrun for example_bash_operator to 2023-10-26T00:00:00+00:00, run_after=2023-10-27T00:00:00+00:00
[2023-10-27T17:05:33.691+0000] {processor.py:179} INFO - Processing /home/airflow/.local/lib/python3.8/site-packages/airflow/example_dags/example_bash_operator.py took 0.060 seconds
[2023-10-27T17:06:04.496+0000] {processor.py:157} INFO - Started process (PID=4656) to work on /home/airflow/.local/lib/python3.8/site-packages/airflow/example_dags/example_bash_operator.py
[2023-10-27T17:06:04.497+0000] {processor.py:829} INFO - Processing file /home/airflow/.local/lib/python3.8/site-packages/airflow/example_dags/example_bash_operator.py for tasks to queue
[2023-10-27T17:06:04.498+0000] {logging_mixin.py:151} INFO - [2023-10-27T17:06:04.498+0000] {dagbag.py:536} INFO - Filling up the DagBag from /home/airflow/.local/lib/python3.8/site-packages/airflow/example_dags/example_bash_operator.py
[2023-10-27T17:06:04.505+0000] {processor.py:839} INFO - DAG(s) dict_keys(['example_bash_operator']) retrieved from /home/airflow/.local/lib/python3.8/site-packages/airflow/example_dags/example_bash_operator.py
[2023-10-27T17:06:04.530+0000] {logging_mixin.py:151} INFO - [2023-10-27T17:06:04.530+0000] {dag.py:2941} INFO - Sync 1 DAGs
[2023-10-27T17:06:04.546+0000] {logging_mixin.py:151} INFO - [2023-10-27T17:06:04.546+0000] {dag.py:3722} INFO - Setting next_dagrun for example_bash_operator to 2023-10-26T00:00:00+00:00, run_after=2023-10-27T00:00:00+00:00
[2023-10-27T17:06:04.558+0000] {processor.py:179} INFO - Processing /home/airflow/.local/lib/python3.8/site-packages/airflow/example_dags/example_bash_operator.py took 0.063 seconds
[2023-10-27T17:06:34.613+0000] {processor.py:157} INFO - Started process (PID=4712) to work on /home/airflow/.local/lib/python3.8/site-packages/airflow/example_dags/example_bash_operator.py
[2023-10-27T17:06:34.614+0000] {processor.py:829} INFO - Processing file /home/airflow/.local/lib/python3.8/site-packages/airflow/example_dags/example_bash_operator.py for tasks to queue
[2023-10-27T17:06:34.615+0000] {logging_mixin.py:151} INFO - [2023-10-27T17:06:34.615+0000] {dagbag.py:536} INFO - Filling up the DagBag from /home/airflow/.local/lib/python3.8/site-packages/airflow/example_dags/example_bash_operator.py
[2023-10-27T17:06:34.622+0000] {processor.py:839} INFO - DAG(s) dict_keys(['example_bash_operator']) retrieved from /home/airflow/.local/lib/python3.8/site-packages/airflow/example_dags/example_bash_operator.py
[2023-10-27T17:06:34.639+0000] {logging_mixin.py:151} INFO - [2023-10-27T17:06:34.639+0000] {dag.py:2941} INFO - Sync 1 DAGs
[2023-10-27T17:06:34.653+0000] {logging_mixin.py:151} INFO - [2023-10-27T17:06:34.652+0000] {dag.py:3722} INFO - Setting next_dagrun for example_bash_operator to 2023-10-26T00:00:00+00:00, run_after=2023-10-27T00:00:00+00:00
[2023-10-27T17:06:34.663+0000] {processor.py:179} INFO - Processing /home/airflow/.local/lib/python3.8/site-packages/airflow/example_dags/example_bash_operator.py took 0.051 seconds
[2023-10-27T17:07:04.696+0000] {processor.py:157} INFO - Started process (PID=4768) to work on /home/airflow/.local/lib/python3.8/site-packages/airflow/example_dags/example_bash_operator.py
[2023-10-27T17:07:04.697+0000] {processor.py:829} INFO - Processing file /home/airflow/.local/lib/python3.8/site-packages/airflow/example_dags/example_bash_operator.py for tasks to queue
[2023-10-27T17:07:04.698+0000] {logging_mixin.py:151} INFO - [2023-10-27T17:07:04.698+0000] {dagbag.py:536} INFO - Filling up the DagBag from /home/airflow/.local/lib/python3.8/site-packages/airflow/example_dags/example_bash_operator.py
[2023-10-27T17:07:04.705+0000] {processor.py:839} INFO - DAG(s) dict_keys(['example_bash_operator']) retrieved from /home/airflow/.local/lib/python3.8/site-packages/airflow/example_dags/example_bash_operator.py
[2023-10-27T17:07:04.725+0000] {logging_mixin.py:151} INFO - [2023-10-27T17:07:04.725+0000] {dag.py:2941} INFO - Sync 1 DAGs
[2023-10-27T17:07:04.742+0000] {logging_mixin.py:151} INFO - [2023-10-27T17:07:04.742+0000] {dag.py:3722} INFO - Setting next_dagrun for example_bash_operator to 2023-10-26T00:00:00+00:00, run_after=2023-10-27T00:00:00+00:00
[2023-10-27T17:07:04.754+0000] {processor.py:179} INFO - Processing /home/airflow/.local/lib/python3.8/site-packages/airflow/example_dags/example_bash_operator.py took 0.060 seconds
[2023-10-27T17:07:34.884+0000] {processor.py:157} INFO - Started process (PID=4824) to work on /home/airflow/.local/lib/python3.8/site-packages/airflow/example_dags/example_bash_operator.py
[2023-10-27T17:07:34.885+0000] {processor.py:829} INFO - Processing file /home/airflow/.local/lib/python3.8/site-packages/airflow/example_dags/example_bash_operator.py for tasks to queue
[2023-10-27T17:07:34.886+0000] {logging_mixin.py:151} INFO - [2023-10-27T17:07:34.886+0000] {dagbag.py:536} INFO - Filling up the DagBag from /home/airflow/.local/lib/python3.8/site-packages/airflow/example_dags/example_bash_operator.py
[2023-10-27T17:07:34.893+0000] {processor.py:839} INFO - DAG(s) dict_keys(['example_bash_operator']) retrieved from /home/airflow/.local/lib/python3.8/site-packages/airflow/example_dags/example_bash_operator.py
[2023-10-27T17:07:34.915+0000] {logging_mixin.py:151} INFO - [2023-10-27T17:07:34.914+0000] {dag.py:2941} INFO - Sync 1 DAGs
[2023-10-27T17:07:34.935+0000] {logging_mixin.py:151} INFO - [2023-10-27T17:07:34.935+0000] {dag.py:3722} INFO - Setting next_dagrun for example_bash_operator to 2023-10-26T00:00:00+00:00, run_after=2023-10-27T00:00:00+00:00
[2023-10-27T17:07:34.947+0000] {processor.py:179} INFO - Processing /home/airflow/.local/lib/python3.8/site-packages/airflow/example_dags/example_bash_operator.py took 0.065 seconds
[2023-10-27T17:08:04.979+0000] {processor.py:157} INFO - Started process (PID=4880) to work on /home/airflow/.local/lib/python3.8/site-packages/airflow/example_dags/example_bash_operator.py
[2023-10-27T17:08:04.980+0000] {processor.py:829} INFO - Processing file /home/airflow/.local/lib/python3.8/site-packages/airflow/example_dags/example_bash_operator.py for tasks to queue
[2023-10-27T17:08:04.982+0000] {logging_mixin.py:151} INFO - [2023-10-27T17:08:04.981+0000] {dagbag.py:536} INFO - Filling up the DagBag from /home/airflow/.local/lib/python3.8/site-packages/airflow/example_dags/example_bash_operator.py
[2023-10-27T17:08:04.991+0000] {processor.py:839} INFO - DAG(s) dict_keys(['example_bash_operator']) retrieved from /home/airflow/.local/lib/python3.8/site-packages/airflow/example_dags/example_bash_operator.py
[2023-10-27T17:08:05.017+0000] {logging_mixin.py:151} INFO - [2023-10-27T17:08:05.017+0000] {dag.py:2941} INFO - Sync 1 DAGs
[2023-10-27T17:08:05.038+0000] {logging_mixin.py:151} INFO - [2023-10-27T17:08:05.038+0000] {dag.py:3722} INFO - Setting next_dagrun for example_bash_operator to 2023-10-26T00:00:00+00:00, run_after=2023-10-27T00:00:00+00:00
[2023-10-27T17:08:05.054+0000] {processor.py:179} INFO - Processing /home/airflow/.local/lib/python3.8/site-packages/airflow/example_dags/example_bash_operator.py took 0.080 seconds
[2023-10-27T17:08:35.753+0000] {processor.py:157} INFO - Started process (PID=4936) to work on /home/airflow/.local/lib/python3.8/site-packages/airflow/example_dags/example_bash_operator.py
[2023-10-27T17:08:35.754+0000] {processor.py:829} INFO - Processing file /home/airflow/.local/lib/python3.8/site-packages/airflow/example_dags/example_bash_operator.py for tasks to queue
[2023-10-27T17:08:35.755+0000] {logging_mixin.py:151} INFO - [2023-10-27T17:08:35.755+0000] {dagbag.py:536} INFO - Filling up the DagBag from /home/airflow/.local/lib/python3.8/site-packages/airflow/example_dags/example_bash_operator.py
[2023-10-27T17:08:35.765+0000] {processor.py:839} INFO - DAG(s) dict_keys(['example_bash_operator']) retrieved from /home/airflow/.local/lib/python3.8/site-packages/airflow/example_dags/example_bash_operator.py
[2023-10-27T17:08:35.789+0000] {logging_mixin.py:151} INFO - [2023-10-27T17:08:35.789+0000] {dag.py:2941} INFO - Sync 1 DAGs
[2023-10-27T17:08:35.808+0000] {logging_mixin.py:151} INFO - [2023-10-27T17:08:35.808+0000] {dag.py:3722} INFO - Setting next_dagrun for example_bash_operator to 2023-10-26T00:00:00+00:00, run_after=2023-10-27T00:00:00+00:00
[2023-10-27T17:08:35.820+0000] {processor.py:179} INFO - Processing /home/airflow/.local/lib/python3.8/site-packages/airflow/example_dags/example_bash_operator.py took 0.069 seconds
[2023-10-27T17:09:06.503+0000] {processor.py:157} INFO - Started process (PID=4992) to work on /home/airflow/.local/lib/python3.8/site-packages/airflow/example_dags/example_bash_operator.py
[2023-10-27T17:09:06.504+0000] {processor.py:829} INFO - Processing file /home/airflow/.local/lib/python3.8/site-packages/airflow/example_dags/example_bash_operator.py for tasks to queue
[2023-10-27T17:09:06.505+0000] {logging_mixin.py:151} INFO - [2023-10-27T17:09:06.505+0000] {dagbag.py:536} INFO - Filling up the DagBag from /home/airflow/.local/lib/python3.8/site-packages/airflow/example_dags/example_bash_operator.py
[2023-10-27T17:09:06.515+0000] {processor.py:839} INFO - DAG(s) dict_keys(['example_bash_operator']) retrieved from /home/airflow/.local/lib/python3.8/site-packages/airflow/example_dags/example_bash_operator.py
[2023-10-27T17:09:06.538+0000] {logging_mixin.py:151} INFO - [2023-10-27T17:09:06.538+0000] {dag.py:2941} INFO - Sync 1 DAGs
[2023-10-27T17:09:06.556+0000] {logging_mixin.py:151} INFO - [2023-10-27T17:09:06.556+0000] {dag.py:3722} INFO - Setting next_dagrun for example_bash_operator to 2023-10-26T00:00:00+00:00, run_after=2023-10-27T00:00:00+00:00
[2023-10-27T17:09:06.569+0000] {processor.py:179} INFO - Processing /home/airflow/.local/lib/python3.8/site-packages/airflow/example_dags/example_bash_operator.py took 0.068 seconds
[2023-10-27T17:09:37.310+0000] {processor.py:157} INFO - Started process (PID=5049) to work on /home/airflow/.local/lib/python3.8/site-packages/airflow/example_dags/example_bash_operator.py
[2023-10-27T17:09:37.310+0000] {processor.py:829} INFO - Processing file /home/airflow/.local/lib/python3.8/site-packages/airflow/example_dags/example_bash_operator.py for tasks to queue
[2023-10-27T17:09:37.312+0000] {logging_mixin.py:151} INFO - [2023-10-27T17:09:37.311+0000] {dagbag.py:536} INFO - Filling up the DagBag from /home/airflow/.local/lib/python3.8/site-packages/airflow/example_dags/example_bash_operator.py
[2023-10-27T17:09:37.318+0000] {processor.py:839} INFO - DAG(s) dict_keys(['example_bash_operator']) retrieved from /home/airflow/.local/lib/python3.8/site-packages/airflow/example_dags/example_bash_operator.py
[2023-10-27T17:09:37.339+0000] {logging_mixin.py:151} INFO - [2023-10-27T17:09:37.339+0000] {dag.py:2941} INFO - Sync 1 DAGs
[2023-10-27T17:09:37.354+0000] {logging_mixin.py:151} INFO - [2023-10-27T17:09:37.354+0000] {dag.py:3722} INFO - Setting next_dagrun for example_bash_operator to 2023-10-26T00:00:00+00:00, run_after=2023-10-27T00:00:00+00:00
[2023-10-27T17:09:37.366+0000] {processor.py:179} INFO - Processing /home/airflow/.local/lib/python3.8/site-packages/airflow/example_dags/example_bash_operator.py took 0.058 seconds
[2023-10-27T17:10:08.030+0000] {processor.py:157} INFO - Started process (PID=5105) to work on /home/airflow/.local/lib/python3.8/site-packages/airflow/example_dags/example_bash_operator.py
[2023-10-27T17:10:08.030+0000] {processor.py:829} INFO - Processing file /home/airflow/.local/lib/python3.8/site-packages/airflow/example_dags/example_bash_operator.py for tasks to queue
[2023-10-27T17:10:08.032+0000] {logging_mixin.py:151} INFO - [2023-10-27T17:10:08.031+0000] {dagbag.py:536} INFO - Filling up the DagBag from /home/airflow/.local/lib/python3.8/site-packages/airflow/example_dags/example_bash_operator.py
[2023-10-27T17:10:08.039+0000] {processor.py:839} INFO - DAG(s) dict_keys(['example_bash_operator']) retrieved from /home/airflow/.local/lib/python3.8/site-packages/airflow/example_dags/example_bash_operator.py
[2023-10-27T17:10:08.056+0000] {logging_mixin.py:151} INFO - [2023-10-27T17:10:08.056+0000] {dag.py:2941} INFO - Sync 1 DAGs
[2023-10-27T17:10:08.072+0000] {logging_mixin.py:151} INFO - [2023-10-27T17:10:08.071+0000] {dag.py:3722} INFO - Setting next_dagrun for example_bash_operator to 2023-10-26T00:00:00+00:00, run_after=2023-10-27T00:00:00+00:00
[2023-10-27T17:10:08.083+0000] {processor.py:179} INFO - Processing /home/airflow/.local/lib/python3.8/site-packages/airflow/example_dags/example_bash_operator.py took 0.055 seconds
[2023-10-27T17:10:38.721+0000] {processor.py:157} INFO - Started process (PID=5161) to work on /home/airflow/.local/lib/python3.8/site-packages/airflow/example_dags/example_bash_operator.py
[2023-10-27T17:10:38.722+0000] {processor.py:829} INFO - Processing file /home/airflow/.local/lib/python3.8/site-packages/airflow/example_dags/example_bash_operator.py for tasks to queue
[2023-10-27T17:10:38.723+0000] {logging_mixin.py:151} INFO - [2023-10-27T17:10:38.723+0000] {dagbag.py:536} INFO - Filling up the DagBag from /home/airflow/.local/lib/python3.8/site-packages/airflow/example_dags/example_bash_operator.py
[2023-10-27T17:10:38.731+0000] {processor.py:839} INFO - DAG(s) dict_keys(['example_bash_operator']) retrieved from /home/airflow/.local/lib/python3.8/site-packages/airflow/example_dags/example_bash_operator.py
[2023-10-27T17:10:38.749+0000] {logging_mixin.py:151} INFO - [2023-10-27T17:10:38.749+0000] {dag.py:2941} INFO - Sync 1 DAGs
[2023-10-27T17:10:38.764+0000] {logging_mixin.py:151} INFO - [2023-10-27T17:10:38.764+0000] {dag.py:3722} INFO - Setting next_dagrun for example_bash_operator to 2023-10-26T00:00:00+00:00, run_after=2023-10-27T00:00:00+00:00
[2023-10-27T17:10:38.775+0000] {processor.py:179} INFO - Processing /home/airflow/.local/lib/python3.8/site-packages/airflow/example_dags/example_bash_operator.py took 0.056 seconds
[2023-10-27T17:11:09.457+0000] {processor.py:157} INFO - Started process (PID=5217) to work on /home/airflow/.local/lib/python3.8/site-packages/airflow/example_dags/example_bash_operator.py
[2023-10-27T17:11:09.458+0000] {processor.py:829} INFO - Processing file /home/airflow/.local/lib/python3.8/site-packages/airflow/example_dags/example_bash_operator.py for tasks to queue
[2023-10-27T17:11:09.459+0000] {logging_mixin.py:151} INFO - [2023-10-27T17:11:09.459+0000] {dagbag.py:536} INFO - Filling up the DagBag from /home/airflow/.local/lib/python3.8/site-packages/airflow/example_dags/example_bash_operator.py
[2023-10-27T17:11:09.469+0000] {processor.py:839} INFO - DAG(s) dict_keys(['example_bash_operator']) retrieved from /home/airflow/.local/lib/python3.8/site-packages/airflow/example_dags/example_bash_operator.py
[2023-10-27T17:11:09.494+0000] {logging_mixin.py:151} INFO - [2023-10-27T17:11:09.494+0000] {dag.py:2941} INFO - Sync 1 DAGs
[2023-10-27T17:11:09.513+0000] {logging_mixin.py:151} INFO - [2023-10-27T17:11:09.513+0000] {dag.py:3722} INFO - Setting next_dagrun for example_bash_operator to 2023-10-26T00:00:00+00:00, run_after=2023-10-27T00:00:00+00:00
[2023-10-27T17:11:09.527+0000] {processor.py:179} INFO - Processing /home/airflow/.local/lib/python3.8/site-packages/airflow/example_dags/example_bash_operator.py took 0.072 seconds
[2023-10-27T17:11:40.209+0000] {processor.py:157} INFO - Started process (PID=5273) to work on /home/airflow/.local/lib/python3.8/site-packages/airflow/example_dags/example_bash_operator.py
[2023-10-27T17:11:40.210+0000] {processor.py:829} INFO - Processing file /home/airflow/.local/lib/python3.8/site-packages/airflow/example_dags/example_bash_operator.py for tasks to queue
[2023-10-27T17:11:40.211+0000] {logging_mixin.py:151} INFO - [2023-10-27T17:11:40.211+0000] {dagbag.py:536} INFO - Filling up the DagBag from /home/airflow/.local/lib/python3.8/site-packages/airflow/example_dags/example_bash_operator.py
[2023-10-27T17:11:40.218+0000] {processor.py:839} INFO - DAG(s) dict_keys(['example_bash_operator']) retrieved from /home/airflow/.local/lib/python3.8/site-packages/airflow/example_dags/example_bash_operator.py
[2023-10-27T17:11:40.242+0000] {logging_mixin.py:151} INFO - [2023-10-27T17:11:40.241+0000] {dag.py:2941} INFO - Sync 1 DAGs
[2023-10-27T17:11:40.260+0000] {logging_mixin.py:151} INFO - [2023-10-27T17:11:40.260+0000] {dag.py:3722} INFO - Setting next_dagrun for example_bash_operator to 2023-10-26T00:00:00+00:00, run_after=2023-10-27T00:00:00+00:00
[2023-10-27T17:11:40.271+0000] {processor.py:179} INFO - Processing /home/airflow/.local/lib/python3.8/site-packages/airflow/example_dags/example_bash_operator.py took 0.064 seconds
