[2023-10-27T16:56:47.704+0000] {processor.py:157} INFO - Started process (PID=3625) to work on /home/airflow/.local/lib/python3.8/site-packages/airflow/example_dags/example_external_task_marker_dag.py
[2023-10-27T16:56:47.704+0000] {processor.py:829} INFO - Processing file /home/airflow/.local/lib/python3.8/site-packages/airflow/example_dags/example_external_task_marker_dag.py for tasks to queue
[2023-10-27T16:56:47.706+0000] {logging_mixin.py:151} INFO - [2023-10-27T16:56:47.706+0000] {dagbag.py:536} INFO - Filling up the DagBag from /home/airflow/.local/lib/python3.8/site-packages/airflow/example_dags/example_external_task_marker_dag.py
[2023-10-27T16:56:47.709+0000] {processor.py:839} INFO - DAG(s) dict_keys(['example_external_task_marker_child', 'example_external_task_marker_parent']) retrieved from /home/airflow/.local/lib/python3.8/site-packages/airflow/example_dags/example_external_task_marker_dag.py
[2023-10-27T16:56:47.728+0000] {logging_mixin.py:151} INFO - [2023-10-27T16:56:47.728+0000] {dag.py:2941} INFO - Sync 2 DAGs
[2023-10-27T16:56:47.736+0000] {logging_mixin.py:151} INFO - [2023-10-27T16:56:47.736+0000] {dag.py:3722} INFO - Setting next_dagrun for example_external_task_marker_child to None, run_after=None
[2023-10-27T16:56:47.738+0000] {logging_mixin.py:151} INFO - [2023-10-27T16:56:47.738+0000] {dag.py:3722} INFO - Setting next_dagrun for example_external_task_marker_parent to None, run_after=None
[2023-10-27T16:56:47.748+0000] {processor.py:179} INFO - Processing /home/airflow/.local/lib/python3.8/site-packages/airflow/example_dags/example_external_task_marker_dag.py took 0.046 seconds
[2023-10-27T16:57:17.827+0000] {processor.py:157} INFO - Started process (PID=3681) to work on /home/airflow/.local/lib/python3.8/site-packages/airflow/example_dags/example_external_task_marker_dag.py
[2023-10-27T16:57:17.828+0000] {processor.py:829} INFO - Processing file /home/airflow/.local/lib/python3.8/site-packages/airflow/example_dags/example_external_task_marker_dag.py for tasks to queue
[2023-10-27T16:57:17.829+0000] {logging_mixin.py:151} INFO - [2023-10-27T16:57:17.829+0000] {dagbag.py:536} INFO - Filling up the DagBag from /home/airflow/.local/lib/python3.8/site-packages/airflow/example_dags/example_external_task_marker_dag.py
[2023-10-27T16:57:17.833+0000] {processor.py:839} INFO - DAG(s) dict_keys(['example_external_task_marker_parent', 'example_external_task_marker_child']) retrieved from /home/airflow/.local/lib/python3.8/site-packages/airflow/example_dags/example_external_task_marker_dag.py
[2023-10-27T16:57:17.846+0000] {logging_mixin.py:151} INFO - [2023-10-27T16:57:17.846+0000] {dag.py:2941} INFO - Sync 2 DAGs
[2023-10-27T16:57:17.854+0000] {logging_mixin.py:151} INFO - [2023-10-27T16:57:17.854+0000] {dag.py:3722} INFO - Setting next_dagrun for example_external_task_marker_child to None, run_after=None
[2023-10-27T16:57:17.856+0000] {logging_mixin.py:151} INFO - [2023-10-27T16:57:17.856+0000] {dag.py:3722} INFO - Setting next_dagrun for example_external_task_marker_parent to None, run_after=None
[2023-10-27T16:57:17.866+0000] {processor.py:179} INFO - Processing /home/airflow/.local/lib/python3.8/site-packages/airflow/example_dags/example_external_task_marker_dag.py took 0.040 seconds
[2023-10-27T16:57:48.776+0000] {processor.py:157} INFO - Started process (PID=3737) to work on /home/airflow/.local/lib/python3.8/site-packages/airflow/example_dags/example_external_task_marker_dag.py
[2023-10-27T16:57:48.776+0000] {processor.py:829} INFO - Processing file /home/airflow/.local/lib/python3.8/site-packages/airflow/example_dags/example_external_task_marker_dag.py for tasks to queue
[2023-10-27T16:57:48.778+0000] {logging_mixin.py:151} INFO - [2023-10-27T16:57:48.777+0000] {dagbag.py:536} INFO - Filling up the DagBag from /home/airflow/.local/lib/python3.8/site-packages/airflow/example_dags/example_external_task_marker_dag.py
[2023-10-27T16:57:48.781+0000] {processor.py:839} INFO - DAG(s) dict_keys(['example_external_task_marker_child', 'example_external_task_marker_parent']) retrieved from /home/airflow/.local/lib/python3.8/site-packages/airflow/example_dags/example_external_task_marker_dag.py
[2023-10-27T16:57:48.795+0000] {logging_mixin.py:151} INFO - [2023-10-27T16:57:48.795+0000] {dag.py:2941} INFO - Sync 2 DAGs
[2023-10-27T16:57:48.803+0000] {logging_mixin.py:151} INFO - [2023-10-27T16:57:48.802+0000] {dag.py:3722} INFO - Setting next_dagrun for example_external_task_marker_child to None, run_after=None
[2023-10-27T16:57:48.805+0000] {logging_mixin.py:151} INFO - [2023-10-27T16:57:48.805+0000] {dag.py:3722} INFO - Setting next_dagrun for example_external_task_marker_parent to None, run_after=None
[2023-10-27T16:57:48.814+0000] {processor.py:179} INFO - Processing /home/airflow/.local/lib/python3.8/site-packages/airflow/example_dags/example_external_task_marker_dag.py took 0.041 seconds
[2023-10-27T16:58:19.522+0000] {processor.py:157} INFO - Started process (PID=3794) to work on /home/airflow/.local/lib/python3.8/site-packages/airflow/example_dags/example_external_task_marker_dag.py
[2023-10-27T16:58:19.523+0000] {processor.py:829} INFO - Processing file /home/airflow/.local/lib/python3.8/site-packages/airflow/example_dags/example_external_task_marker_dag.py for tasks to queue
[2023-10-27T16:58:19.524+0000] {logging_mixin.py:151} INFO - [2023-10-27T16:58:19.524+0000] {dagbag.py:536} INFO - Filling up the DagBag from /home/airflow/.local/lib/python3.8/site-packages/airflow/example_dags/example_external_task_marker_dag.py
[2023-10-27T16:58:19.527+0000] {processor.py:839} INFO - DAG(s) dict_keys(['example_external_task_marker_parent', 'example_external_task_marker_child']) retrieved from /home/airflow/.local/lib/python3.8/site-packages/airflow/example_dags/example_external_task_marker_dag.py
[2023-10-27T16:58:19.546+0000] {logging_mixin.py:151} INFO - [2023-10-27T16:58:19.545+0000] {dag.py:2941} INFO - Sync 2 DAGs
[2023-10-27T16:58:19.556+0000] {logging_mixin.py:151} INFO - [2023-10-27T16:58:19.556+0000] {dag.py:3722} INFO - Setting next_dagrun for example_external_task_marker_child to None, run_after=None
[2023-10-27T16:58:19.559+0000] {logging_mixin.py:151} INFO - [2023-10-27T16:58:19.559+0000] {dag.py:3722} INFO - Setting next_dagrun for example_external_task_marker_parent to None, run_after=None
[2023-10-27T16:58:19.573+0000] {processor.py:179} INFO - Processing /home/airflow/.local/lib/python3.8/site-packages/airflow/example_dags/example_external_task_marker_dag.py took 0.053 seconds
[2023-10-27T16:58:50.472+0000] {processor.py:157} INFO - Started process (PID=3851) to work on /home/airflow/.local/lib/python3.8/site-packages/airflow/example_dags/example_external_task_marker_dag.py
[2023-10-27T16:58:50.473+0000] {processor.py:829} INFO - Processing file /home/airflow/.local/lib/python3.8/site-packages/airflow/example_dags/example_external_task_marker_dag.py for tasks to queue
[2023-10-27T16:58:50.474+0000] {logging_mixin.py:151} INFO - [2023-10-27T16:58:50.474+0000] {dagbag.py:536} INFO - Filling up the DagBag from /home/airflow/.local/lib/python3.8/site-packages/airflow/example_dags/example_external_task_marker_dag.py
[2023-10-27T16:58:50.477+0000] {processor.py:839} INFO - DAG(s) dict_keys(['example_external_task_marker_parent', 'example_external_task_marker_child']) retrieved from /home/airflow/.local/lib/python3.8/site-packages/airflow/example_dags/example_external_task_marker_dag.py
[2023-10-27T16:58:50.491+0000] {logging_mixin.py:151} INFO - [2023-10-27T16:58:50.491+0000] {dag.py:2941} INFO - Sync 2 DAGs
[2023-10-27T16:58:50.499+0000] {logging_mixin.py:151} INFO - [2023-10-27T16:58:50.499+0000] {dag.py:3722} INFO - Setting next_dagrun for example_external_task_marker_child to None, run_after=None
[2023-10-27T16:58:50.501+0000] {logging_mixin.py:151} INFO - [2023-10-27T16:58:50.501+0000] {dag.py:3722} INFO - Setting next_dagrun for example_external_task_marker_parent to None, run_after=None
[2023-10-27T16:58:50.510+0000] {processor.py:179} INFO - Processing /home/airflow/.local/lib/python3.8/site-packages/airflow/example_dags/example_external_task_marker_dag.py took 0.039 seconds
[2023-10-27T16:59:21.459+0000] {processor.py:157} INFO - Started process (PID=3907) to work on /home/airflow/.local/lib/python3.8/site-packages/airflow/example_dags/example_external_task_marker_dag.py
[2023-10-27T16:59:21.459+0000] {processor.py:829} INFO - Processing file /home/airflow/.local/lib/python3.8/site-packages/airflow/example_dags/example_external_task_marker_dag.py for tasks to queue
[2023-10-27T16:59:21.460+0000] {logging_mixin.py:151} INFO - [2023-10-27T16:59:21.460+0000] {dagbag.py:536} INFO - Filling up the DagBag from /home/airflow/.local/lib/python3.8/site-packages/airflow/example_dags/example_external_task_marker_dag.py
[2023-10-27T16:59:21.464+0000] {processor.py:839} INFO - DAG(s) dict_keys(['example_external_task_marker_parent', 'example_external_task_marker_child']) retrieved from /home/airflow/.local/lib/python3.8/site-packages/airflow/example_dags/example_external_task_marker_dag.py
[2023-10-27T16:59:21.478+0000] {logging_mixin.py:151} INFO - [2023-10-27T16:59:21.477+0000] {dag.py:2941} INFO - Sync 2 DAGs
[2023-10-27T16:59:21.485+0000] {logging_mixin.py:151} INFO - [2023-10-27T16:59:21.485+0000] {dag.py:3722} INFO - Setting next_dagrun for example_external_task_marker_child to None, run_after=None
[2023-10-27T16:59:21.487+0000] {logging_mixin.py:151} INFO - [2023-10-27T16:59:21.487+0000] {dag.py:3722} INFO - Setting next_dagrun for example_external_task_marker_parent to None, run_after=None
[2023-10-27T16:59:21.497+0000] {processor.py:179} INFO - Processing /home/airflow/.local/lib/python3.8/site-packages/airflow/example_dags/example_external_task_marker_dag.py took 0.040 seconds
[2023-10-27T16:59:52.201+0000] {processor.py:157} INFO - Started process (PID=3963) to work on /home/airflow/.local/lib/python3.8/site-packages/airflow/example_dags/example_external_task_marker_dag.py
[2023-10-27T16:59:52.202+0000] {processor.py:829} INFO - Processing file /home/airflow/.local/lib/python3.8/site-packages/airflow/example_dags/example_external_task_marker_dag.py for tasks to queue
[2023-10-27T16:59:52.203+0000] {logging_mixin.py:151} INFO - [2023-10-27T16:59:52.203+0000] {dagbag.py:536} INFO - Filling up the DagBag from /home/airflow/.local/lib/python3.8/site-packages/airflow/example_dags/example_external_task_marker_dag.py
[2023-10-27T16:59:52.207+0000] {processor.py:839} INFO - DAG(s) dict_keys(['example_external_task_marker_child', 'example_external_task_marker_parent']) retrieved from /home/airflow/.local/lib/python3.8/site-packages/airflow/example_dags/example_external_task_marker_dag.py
[2023-10-27T16:59:52.225+0000] {logging_mixin.py:151} INFO - [2023-10-27T16:59:52.225+0000] {dag.py:2941} INFO - Sync 2 DAGs
[2023-10-27T16:59:52.233+0000] {logging_mixin.py:151} INFO - [2023-10-27T16:59:52.233+0000] {dag.py:3722} INFO - Setting next_dagrun for example_external_task_marker_child to None, run_after=None
[2023-10-27T16:59:52.236+0000] {logging_mixin.py:151} INFO - [2023-10-27T16:59:52.236+0000] {dag.py:3722} INFO - Setting next_dagrun for example_external_task_marker_parent to None, run_after=None
[2023-10-27T16:59:52.246+0000] {processor.py:179} INFO - Processing /home/airflow/.local/lib/python3.8/site-packages/airflow/example_dags/example_external_task_marker_dag.py took 0.047 seconds
[2023-10-27T17:00:22.983+0000] {processor.py:157} INFO - Started process (PID=4019) to work on /home/airflow/.local/lib/python3.8/site-packages/airflow/example_dags/example_external_task_marker_dag.py
[2023-10-27T17:00:22.984+0000] {processor.py:829} INFO - Processing file /home/airflow/.local/lib/python3.8/site-packages/airflow/example_dags/example_external_task_marker_dag.py for tasks to queue
[2023-10-27T17:00:22.985+0000] {logging_mixin.py:151} INFO - [2023-10-27T17:00:22.985+0000] {dagbag.py:536} INFO - Filling up the DagBag from /home/airflow/.local/lib/python3.8/site-packages/airflow/example_dags/example_external_task_marker_dag.py
[2023-10-27T17:00:22.988+0000] {processor.py:839} INFO - DAG(s) dict_keys(['example_external_task_marker_parent', 'example_external_task_marker_child']) retrieved from /home/airflow/.local/lib/python3.8/site-packages/airflow/example_dags/example_external_task_marker_dag.py
[2023-10-27T17:00:23.002+0000] {logging_mixin.py:151} INFO - [2023-10-27T17:00:23.002+0000] {dag.py:2941} INFO - Sync 2 DAGs
[2023-10-27T17:00:23.010+0000] {logging_mixin.py:151} INFO - [2023-10-27T17:00:23.010+0000] {dag.py:3722} INFO - Setting next_dagrun for example_external_task_marker_child to None, run_after=None
[2023-10-27T17:00:23.012+0000] {logging_mixin.py:151} INFO - [2023-10-27T17:00:23.012+0000] {dag.py:3722} INFO - Setting next_dagrun for example_external_task_marker_parent to None, run_after=None
[2023-10-27T17:00:23.021+0000] {processor.py:179} INFO - Processing /home/airflow/.local/lib/python3.8/site-packages/airflow/example_dags/example_external_task_marker_dag.py took 0.040 seconds
[2023-10-27T17:00:53.979+0000] {processor.py:157} INFO - Started process (PID=4082) to work on /home/airflow/.local/lib/python3.8/site-packages/airflow/example_dags/example_external_task_marker_dag.py
[2023-10-27T17:00:53.979+0000] {processor.py:829} INFO - Processing file /home/airflow/.local/lib/python3.8/site-packages/airflow/example_dags/example_external_task_marker_dag.py for tasks to queue
[2023-10-27T17:00:53.981+0000] {logging_mixin.py:151} INFO - [2023-10-27T17:00:53.980+0000] {dagbag.py:536} INFO - Filling up the DagBag from /home/airflow/.local/lib/python3.8/site-packages/airflow/example_dags/example_external_task_marker_dag.py
[2023-10-27T17:00:53.984+0000] {processor.py:839} INFO - DAG(s) dict_keys(['example_external_task_marker_child', 'example_external_task_marker_parent']) retrieved from /home/airflow/.local/lib/python3.8/site-packages/airflow/example_dags/example_external_task_marker_dag.py
[2023-10-27T17:00:53.998+0000] {logging_mixin.py:151} INFO - [2023-10-27T17:00:53.998+0000] {dag.py:2941} INFO - Sync 2 DAGs
[2023-10-27T17:00:54.006+0000] {logging_mixin.py:151} INFO - [2023-10-27T17:00:54.006+0000] {dag.py:3722} INFO - Setting next_dagrun for example_external_task_marker_child to None, run_after=None
[2023-10-27T17:00:54.008+0000] {logging_mixin.py:151} INFO - [2023-10-27T17:00:54.008+0000] {dag.py:3722} INFO - Setting next_dagrun for example_external_task_marker_parent to None, run_after=None
[2023-10-27T17:00:54.018+0000] {processor.py:179} INFO - Processing /home/airflow/.local/lib/python3.8/site-packages/airflow/example_dags/example_external_task_marker_dag.py took 0.041 seconds
[2023-10-27T17:01:24.903+0000] {processor.py:157} INFO - Started process (PID=4138) to work on /home/airflow/.local/lib/python3.8/site-packages/airflow/example_dags/example_external_task_marker_dag.py
[2023-10-27T17:01:24.904+0000] {processor.py:829} INFO - Processing file /home/airflow/.local/lib/python3.8/site-packages/airflow/example_dags/example_external_task_marker_dag.py for tasks to queue
[2023-10-27T17:01:24.905+0000] {logging_mixin.py:151} INFO - [2023-10-27T17:01:24.905+0000] {dagbag.py:536} INFO - Filling up the DagBag from /home/airflow/.local/lib/python3.8/site-packages/airflow/example_dags/example_external_task_marker_dag.py
[2023-10-27T17:01:24.909+0000] {processor.py:839} INFO - DAG(s) dict_keys(['example_external_task_marker_child', 'example_external_task_marker_parent']) retrieved from /home/airflow/.local/lib/python3.8/site-packages/airflow/example_dags/example_external_task_marker_dag.py
[2023-10-27T17:01:24.926+0000] {logging_mixin.py:151} INFO - [2023-10-27T17:01:24.926+0000] {dag.py:2941} INFO - Sync 2 DAGs
[2023-10-27T17:01:24.933+0000] {logging_mixin.py:151} INFO - [2023-10-27T17:01:24.933+0000] {dag.py:3722} INFO - Setting next_dagrun for example_external_task_marker_child to None, run_after=None
[2023-10-27T17:01:24.935+0000] {logging_mixin.py:151} INFO - [2023-10-27T17:01:24.935+0000] {dag.py:3722} INFO - Setting next_dagrun for example_external_task_marker_parent to None, run_after=None
[2023-10-27T17:01:24.945+0000] {processor.py:179} INFO - Processing /home/airflow/.local/lib/python3.8/site-packages/airflow/example_dags/example_external_task_marker_dag.py took 0.044 seconds
[2023-10-27T17:01:55.600+0000] {processor.py:157} INFO - Started process (PID=4194) to work on /home/airflow/.local/lib/python3.8/site-packages/airflow/example_dags/example_external_task_marker_dag.py
[2023-10-27T17:01:55.601+0000] {processor.py:829} INFO - Processing file /home/airflow/.local/lib/python3.8/site-packages/airflow/example_dags/example_external_task_marker_dag.py for tasks to queue
[2023-10-27T17:01:55.602+0000] {logging_mixin.py:151} INFO - [2023-10-27T17:01:55.602+0000] {dagbag.py:536} INFO - Filling up the DagBag from /home/airflow/.local/lib/python3.8/site-packages/airflow/example_dags/example_external_task_marker_dag.py
[2023-10-27T17:01:55.605+0000] {processor.py:839} INFO - DAG(s) dict_keys(['example_external_task_marker_parent', 'example_external_task_marker_child']) retrieved from /home/airflow/.local/lib/python3.8/site-packages/airflow/example_dags/example_external_task_marker_dag.py
[2023-10-27T17:01:55.620+0000] {logging_mixin.py:151} INFO - [2023-10-27T17:01:55.620+0000] {dag.py:2941} INFO - Sync 2 DAGs
[2023-10-27T17:01:55.627+0000] {logging_mixin.py:151} INFO - [2023-10-27T17:01:55.627+0000] {dag.py:3722} INFO - Setting next_dagrun for example_external_task_marker_child to None, run_after=None
[2023-10-27T17:01:55.630+0000] {logging_mixin.py:151} INFO - [2023-10-27T17:01:55.630+0000] {dag.py:3722} INFO - Setting next_dagrun for example_external_task_marker_parent to None, run_after=None
[2023-10-27T17:01:55.639+0000] {processor.py:179} INFO - Processing /home/airflow/.local/lib/python3.8/site-packages/airflow/example_dags/example_external_task_marker_dag.py took 0.041 seconds
[2023-10-27T17:02:26.566+0000] {processor.py:157} INFO - Started process (PID=4250) to work on /home/airflow/.local/lib/python3.8/site-packages/airflow/example_dags/example_external_task_marker_dag.py
[2023-10-27T17:02:26.567+0000] {processor.py:829} INFO - Processing file /home/airflow/.local/lib/python3.8/site-packages/airflow/example_dags/example_external_task_marker_dag.py for tasks to queue
[2023-10-27T17:02:26.568+0000] {logging_mixin.py:151} INFO - [2023-10-27T17:02:26.568+0000] {dagbag.py:536} INFO - Filling up the DagBag from /home/airflow/.local/lib/python3.8/site-packages/airflow/example_dags/example_external_task_marker_dag.py
[2023-10-27T17:02:26.571+0000] {processor.py:839} INFO - DAG(s) dict_keys(['example_external_task_marker_parent', 'example_external_task_marker_child']) retrieved from /home/airflow/.local/lib/python3.8/site-packages/airflow/example_dags/example_external_task_marker_dag.py
[2023-10-27T17:02:26.586+0000] {logging_mixin.py:151} INFO - [2023-10-27T17:02:26.586+0000] {dag.py:2941} INFO - Sync 2 DAGs
[2023-10-27T17:02:26.593+0000] {logging_mixin.py:151} INFO - [2023-10-27T17:02:26.593+0000] {dag.py:3722} INFO - Setting next_dagrun for example_external_task_marker_child to None, run_after=None
[2023-10-27T17:02:26.596+0000] {logging_mixin.py:151} INFO - [2023-10-27T17:02:26.596+0000] {dag.py:3722} INFO - Setting next_dagrun for example_external_task_marker_parent to None, run_after=None
[2023-10-27T17:02:26.605+0000] {processor.py:179} INFO - Processing /home/airflow/.local/lib/python3.8/site-packages/airflow/example_dags/example_external_task_marker_dag.py took 0.040 seconds
[2023-10-27T17:02:57.466+0000] {processor.py:157} INFO - Started process (PID=4306) to work on /home/airflow/.local/lib/python3.8/site-packages/airflow/example_dags/example_external_task_marker_dag.py
[2023-10-27T17:02:57.466+0000] {processor.py:829} INFO - Processing file /home/airflow/.local/lib/python3.8/site-packages/airflow/example_dags/example_external_task_marker_dag.py for tasks to queue
[2023-10-27T17:02:57.467+0000] {logging_mixin.py:151} INFO - [2023-10-27T17:02:57.467+0000] {dagbag.py:536} INFO - Filling up the DagBag from /home/airflow/.local/lib/python3.8/site-packages/airflow/example_dags/example_external_task_marker_dag.py
[2023-10-27T17:02:57.471+0000] {processor.py:839} INFO - DAG(s) dict_keys(['example_external_task_marker_parent', 'example_external_task_marker_child']) retrieved from /home/airflow/.local/lib/python3.8/site-packages/airflow/example_dags/example_external_task_marker_dag.py
[2023-10-27T17:02:57.485+0000] {logging_mixin.py:151} INFO - [2023-10-27T17:02:57.485+0000] {dag.py:2941} INFO - Sync 2 DAGs
[2023-10-27T17:02:57.493+0000] {logging_mixin.py:151} INFO - [2023-10-27T17:02:57.493+0000] {dag.py:3722} INFO - Setting next_dagrun for example_external_task_marker_child to None, run_after=None
[2023-10-27T17:02:57.495+0000] {logging_mixin.py:151} INFO - [2023-10-27T17:02:57.495+0000] {dag.py:3722} INFO - Setting next_dagrun for example_external_task_marker_parent to None, run_after=None
[2023-10-27T17:02:57.505+0000] {processor.py:179} INFO - Processing /home/airflow/.local/lib/python3.8/site-packages/airflow/example_dags/example_external_task_marker_dag.py took 0.041 seconds
[2023-10-27T17:03:28.428+0000] {processor.py:157} INFO - Started process (PID=4363) to work on /home/airflow/.local/lib/python3.8/site-packages/airflow/example_dags/example_external_task_marker_dag.py
[2023-10-27T17:03:28.428+0000] {processor.py:829} INFO - Processing file /home/airflow/.local/lib/python3.8/site-packages/airflow/example_dags/example_external_task_marker_dag.py for tasks to queue
[2023-10-27T17:03:28.429+0000] {logging_mixin.py:151} INFO - [2023-10-27T17:03:28.429+0000] {dagbag.py:536} INFO - Filling up the DagBag from /home/airflow/.local/lib/python3.8/site-packages/airflow/example_dags/example_external_task_marker_dag.py
[2023-10-27T17:03:28.433+0000] {processor.py:839} INFO - DAG(s) dict_keys(['example_external_task_marker_parent', 'example_external_task_marker_child']) retrieved from /home/airflow/.local/lib/python3.8/site-packages/airflow/example_dags/example_external_task_marker_dag.py
[2023-10-27T17:03:28.447+0000] {logging_mixin.py:151} INFO - [2023-10-27T17:03:28.446+0000] {dag.py:2941} INFO - Sync 2 DAGs
[2023-10-27T17:03:28.454+0000] {logging_mixin.py:151} INFO - [2023-10-27T17:03:28.454+0000] {dag.py:3722} INFO - Setting next_dagrun for example_external_task_marker_child to None, run_after=None
[2023-10-27T17:03:28.456+0000] {logging_mixin.py:151} INFO - [2023-10-27T17:03:28.456+0000] {dag.py:3722} INFO - Setting next_dagrun for example_external_task_marker_parent to None, run_after=None
[2023-10-27T17:03:28.465+0000] {processor.py:179} INFO - Processing /home/airflow/.local/lib/python3.8/site-packages/airflow/example_dags/example_external_task_marker_dag.py took 0.039 seconds
[2023-10-27T17:03:59.396+0000] {processor.py:157} INFO - Started process (PID=4419) to work on /home/airflow/.local/lib/python3.8/site-packages/airflow/example_dags/example_external_task_marker_dag.py
[2023-10-27T17:03:59.397+0000] {processor.py:829} INFO - Processing file /home/airflow/.local/lib/python3.8/site-packages/airflow/example_dags/example_external_task_marker_dag.py for tasks to queue
[2023-10-27T17:03:59.398+0000] {logging_mixin.py:151} INFO - [2023-10-27T17:03:59.398+0000] {dagbag.py:536} INFO - Filling up the DagBag from /home/airflow/.local/lib/python3.8/site-packages/airflow/example_dags/example_external_task_marker_dag.py
[2023-10-27T17:03:59.403+0000] {processor.py:839} INFO - DAG(s) dict_keys(['example_external_task_marker_parent', 'example_external_task_marker_child']) retrieved from /home/airflow/.local/lib/python3.8/site-packages/airflow/example_dags/example_external_task_marker_dag.py
[2023-10-27T17:03:59.425+0000] {logging_mixin.py:151} INFO - [2023-10-27T17:03:59.424+0000] {dag.py:2941} INFO - Sync 2 DAGs
[2023-10-27T17:03:59.437+0000] {logging_mixin.py:151} INFO - [2023-10-27T17:03:59.437+0000] {dag.py:3722} INFO - Setting next_dagrun for example_external_task_marker_child to None, run_after=None
[2023-10-27T17:03:59.441+0000] {logging_mixin.py:151} INFO - [2023-10-27T17:03:59.440+0000] {dag.py:3722} INFO - Setting next_dagrun for example_external_task_marker_parent to None, run_after=None
[2023-10-27T17:03:59.455+0000] {processor.py:179} INFO - Processing /home/airflow/.local/lib/python3.8/site-packages/airflow/example_dags/example_external_task_marker_dag.py took 0.062 seconds
[2023-10-27T17:04:30.369+0000] {processor.py:157} INFO - Started process (PID=4475) to work on /home/airflow/.local/lib/python3.8/site-packages/airflow/example_dags/example_external_task_marker_dag.py
[2023-10-27T17:04:30.370+0000] {processor.py:829} INFO - Processing file /home/airflow/.local/lib/python3.8/site-packages/airflow/example_dags/example_external_task_marker_dag.py for tasks to queue
[2023-10-27T17:04:30.372+0000] {logging_mixin.py:151} INFO - [2023-10-27T17:04:30.372+0000] {dagbag.py:536} INFO - Filling up the DagBag from /home/airflow/.local/lib/python3.8/site-packages/airflow/example_dags/example_external_task_marker_dag.py
[2023-10-27T17:04:30.377+0000] {processor.py:839} INFO - DAG(s) dict_keys(['example_external_task_marker_parent', 'example_external_task_marker_child']) retrieved from /home/airflow/.local/lib/python3.8/site-packages/airflow/example_dags/example_external_task_marker_dag.py
[2023-10-27T17:04:30.399+0000] {logging_mixin.py:151} INFO - [2023-10-27T17:04:30.398+0000] {dag.py:2941} INFO - Sync 2 DAGs
[2023-10-27T17:04:30.412+0000] {logging_mixin.py:151} INFO - [2023-10-27T17:04:30.411+0000] {dag.py:3722} INFO - Setting next_dagrun for example_external_task_marker_child to None, run_after=None
[2023-10-27T17:04:30.415+0000] {logging_mixin.py:151} INFO - [2023-10-27T17:04:30.415+0000] {dag.py:3722} INFO - Setting next_dagrun for example_external_task_marker_parent to None, run_after=None
[2023-10-27T17:04:30.430+0000] {processor.py:179} INFO - Processing /home/airflow/.local/lib/python3.8/site-packages/airflow/example_dags/example_external_task_marker_dag.py took 0.063 seconds
[2023-10-27T17:05:01.305+0000] {processor.py:157} INFO - Started process (PID=4532) to work on /home/airflow/.local/lib/python3.8/site-packages/airflow/example_dags/example_external_task_marker_dag.py
[2023-10-27T17:05:01.305+0000] {processor.py:829} INFO - Processing file /home/airflow/.local/lib/python3.8/site-packages/airflow/example_dags/example_external_task_marker_dag.py for tasks to queue
[2023-10-27T17:05:01.306+0000] {logging_mixin.py:151} INFO - [2023-10-27T17:05:01.306+0000] {dagbag.py:536} INFO - Filling up the DagBag from /home/airflow/.local/lib/python3.8/site-packages/airflow/example_dags/example_external_task_marker_dag.py
[2023-10-27T17:05:01.310+0000] {processor.py:839} INFO - DAG(s) dict_keys(['example_external_task_marker_parent', 'example_external_task_marker_child']) retrieved from /home/airflow/.local/lib/python3.8/site-packages/airflow/example_dags/example_external_task_marker_dag.py
[2023-10-27T17:05:01.333+0000] {logging_mixin.py:151} INFO - [2023-10-27T17:05:01.332+0000] {dag.py:2941} INFO - Sync 2 DAGs
[2023-10-27T17:05:01.345+0000] {logging_mixin.py:151} INFO - [2023-10-27T17:05:01.345+0000] {dag.py:3722} INFO - Setting next_dagrun for example_external_task_marker_child to None, run_after=None
[2023-10-27T17:05:01.349+0000] {logging_mixin.py:151} INFO - [2023-10-27T17:05:01.349+0000] {dag.py:3722} INFO - Setting next_dagrun for example_external_task_marker_parent to None, run_after=None
[2023-10-27T17:05:01.363+0000] {processor.py:179} INFO - Processing /home/airflow/.local/lib/python3.8/site-packages/airflow/example_dags/example_external_task_marker_dag.py took 0.061 seconds
[2023-10-27T17:05:32.109+0000] {processor.py:157} INFO - Started process (PID=4588) to work on /home/airflow/.local/lib/python3.8/site-packages/airflow/example_dags/example_external_task_marker_dag.py
[2023-10-27T17:05:32.109+0000] {processor.py:829} INFO - Processing file /home/airflow/.local/lib/python3.8/site-packages/airflow/example_dags/example_external_task_marker_dag.py for tasks to queue
[2023-10-27T17:05:32.110+0000] {logging_mixin.py:151} INFO - [2023-10-27T17:05:32.110+0000] {dagbag.py:536} INFO - Filling up the DagBag from /home/airflow/.local/lib/python3.8/site-packages/airflow/example_dags/example_external_task_marker_dag.py
[2023-10-27T17:05:32.114+0000] {processor.py:839} INFO - DAG(s) dict_keys(['example_external_task_marker_parent', 'example_external_task_marker_child']) retrieved from /home/airflow/.local/lib/python3.8/site-packages/airflow/example_dags/example_external_task_marker_dag.py
[2023-10-27T17:05:32.128+0000] {logging_mixin.py:151} INFO - [2023-10-27T17:05:32.128+0000] {dag.py:2941} INFO - Sync 2 DAGs
[2023-10-27T17:05:32.136+0000] {logging_mixin.py:151} INFO - [2023-10-27T17:05:32.136+0000] {dag.py:3722} INFO - Setting next_dagrun for example_external_task_marker_child to None, run_after=None
[2023-10-27T17:05:32.138+0000] {logging_mixin.py:151} INFO - [2023-10-27T17:05:32.138+0000] {dag.py:3722} INFO - Setting next_dagrun for example_external_task_marker_parent to None, run_after=None
[2023-10-27T17:05:32.148+0000] {processor.py:179} INFO - Processing /home/airflow/.local/lib/python3.8/site-packages/airflow/example_dags/example_external_task_marker_dag.py took 0.041 seconds
[2023-10-27T17:06:02.992+0000] {processor.py:157} INFO - Started process (PID=4644) to work on /home/airflow/.local/lib/python3.8/site-packages/airflow/example_dags/example_external_task_marker_dag.py
[2023-10-27T17:06:02.993+0000] {processor.py:829} INFO - Processing file /home/airflow/.local/lib/python3.8/site-packages/airflow/example_dags/example_external_task_marker_dag.py for tasks to queue
[2023-10-27T17:06:02.994+0000] {logging_mixin.py:151} INFO - [2023-10-27T17:06:02.994+0000] {dagbag.py:536} INFO - Filling up the DagBag from /home/airflow/.local/lib/python3.8/site-packages/airflow/example_dags/example_external_task_marker_dag.py
[2023-10-27T17:06:02.998+0000] {processor.py:839} INFO - DAG(s) dict_keys(['example_external_task_marker_child', 'example_external_task_marker_parent']) retrieved from /home/airflow/.local/lib/python3.8/site-packages/airflow/example_dags/example_external_task_marker_dag.py
[2023-10-27T17:06:03.014+0000] {logging_mixin.py:151} INFO - [2023-10-27T17:06:03.014+0000] {dag.py:2941} INFO - Sync 2 DAGs
[2023-10-27T17:06:03.022+0000] {logging_mixin.py:151} INFO - [2023-10-27T17:06:03.021+0000] {dag.py:3722} INFO - Setting next_dagrun for example_external_task_marker_child to None, run_after=None
[2023-10-27T17:06:03.024+0000] {logging_mixin.py:151} INFO - [2023-10-27T17:06:03.024+0000] {dag.py:3722} INFO - Setting next_dagrun for example_external_task_marker_parent to None, run_after=None
[2023-10-27T17:06:03.034+0000] {processor.py:179} INFO - Processing /home/airflow/.local/lib/python3.8/site-packages/airflow/example_dags/example_external_task_marker_dag.py took 0.044 seconds
[2023-10-27T17:06:33.127+0000] {processor.py:157} INFO - Started process (PID=4700) to work on /home/airflow/.local/lib/python3.8/site-packages/airflow/example_dags/example_external_task_marker_dag.py
[2023-10-27T17:06:33.128+0000] {processor.py:829} INFO - Processing file /home/airflow/.local/lib/python3.8/site-packages/airflow/example_dags/example_external_task_marker_dag.py for tasks to queue
[2023-10-27T17:06:33.129+0000] {logging_mixin.py:151} INFO - [2023-10-27T17:06:33.129+0000] {dagbag.py:536} INFO - Filling up the DagBag from /home/airflow/.local/lib/python3.8/site-packages/airflow/example_dags/example_external_task_marker_dag.py
[2023-10-27T17:06:33.132+0000] {processor.py:839} INFO - DAG(s) dict_keys(['example_external_task_marker_parent', 'example_external_task_marker_child']) retrieved from /home/airflow/.local/lib/python3.8/site-packages/airflow/example_dags/example_external_task_marker_dag.py
[2023-10-27T17:06:33.150+0000] {logging_mixin.py:151} INFO - [2023-10-27T17:06:33.150+0000] {dag.py:2941} INFO - Sync 2 DAGs
[2023-10-27T17:06:33.161+0000] {logging_mixin.py:151} INFO - [2023-10-27T17:06:33.161+0000] {dag.py:3722} INFO - Setting next_dagrun for example_external_task_marker_child to None, run_after=None
[2023-10-27T17:06:33.164+0000] {logging_mixin.py:151} INFO - [2023-10-27T17:06:33.164+0000] {dag.py:3722} INFO - Setting next_dagrun for example_external_task_marker_parent to None, run_after=None
[2023-10-27T17:06:33.177+0000] {processor.py:179} INFO - Processing /home/airflow/.local/lib/python3.8/site-packages/airflow/example_dags/example_external_task_marker_dag.py took 0.052 seconds
[2023-10-27T17:07:03.254+0000] {processor.py:157} INFO - Started process (PID=4756) to work on /home/airflow/.local/lib/python3.8/site-packages/airflow/example_dags/example_external_task_marker_dag.py
[2023-10-27T17:07:03.255+0000] {processor.py:829} INFO - Processing file /home/airflow/.local/lib/python3.8/site-packages/airflow/example_dags/example_external_task_marker_dag.py for tasks to queue
[2023-10-27T17:07:03.257+0000] {logging_mixin.py:151} INFO - [2023-10-27T17:07:03.257+0000] {dagbag.py:536} INFO - Filling up the DagBag from /home/airflow/.local/lib/python3.8/site-packages/airflow/example_dags/example_external_task_marker_dag.py
[2023-10-27T17:07:03.261+0000] {processor.py:839} INFO - DAG(s) dict_keys(['example_external_task_marker_child', 'example_external_task_marker_parent']) retrieved from /home/airflow/.local/lib/python3.8/site-packages/airflow/example_dags/example_external_task_marker_dag.py
[2023-10-27T17:07:03.280+0000] {logging_mixin.py:151} INFO - [2023-10-27T17:07:03.280+0000] {dag.py:2941} INFO - Sync 2 DAGs
[2023-10-27T17:07:03.291+0000] {logging_mixin.py:151} INFO - [2023-10-27T17:07:03.291+0000] {dag.py:3722} INFO - Setting next_dagrun for example_external_task_marker_child to None, run_after=None
[2023-10-27T17:07:03.294+0000] {logging_mixin.py:151} INFO - [2023-10-27T17:07:03.294+0000] {dag.py:3722} INFO - Setting next_dagrun for example_external_task_marker_parent to None, run_after=None
[2023-10-27T17:07:03.306+0000] {processor.py:179} INFO - Processing /home/airflow/.local/lib/python3.8/site-packages/airflow/example_dags/example_external_task_marker_dag.py took 0.054 seconds
[2023-10-27T17:07:33.410+0000] {processor.py:157} INFO - Started process (PID=4812) to work on /home/airflow/.local/lib/python3.8/site-packages/airflow/example_dags/example_external_task_marker_dag.py
[2023-10-27T17:07:33.411+0000] {processor.py:829} INFO - Processing file /home/airflow/.local/lib/python3.8/site-packages/airflow/example_dags/example_external_task_marker_dag.py for tasks to queue
[2023-10-27T17:07:33.412+0000] {logging_mixin.py:151} INFO - [2023-10-27T17:07:33.412+0000] {dagbag.py:536} INFO - Filling up the DagBag from /home/airflow/.local/lib/python3.8/site-packages/airflow/example_dags/example_external_task_marker_dag.py
[2023-10-27T17:07:33.416+0000] {processor.py:839} INFO - DAG(s) dict_keys(['example_external_task_marker_child', 'example_external_task_marker_parent']) retrieved from /home/airflow/.local/lib/python3.8/site-packages/airflow/example_dags/example_external_task_marker_dag.py
[2023-10-27T17:07:33.434+0000] {logging_mixin.py:151} INFO - [2023-10-27T17:07:33.433+0000] {dag.py:2941} INFO - Sync 2 DAGs
[2023-10-27T17:07:33.443+0000] {logging_mixin.py:151} INFO - [2023-10-27T17:07:33.443+0000] {dag.py:3722} INFO - Setting next_dagrun for example_external_task_marker_child to None, run_after=None
[2023-10-27T17:07:33.446+0000] {logging_mixin.py:151} INFO - [2023-10-27T17:07:33.446+0000] {dag.py:3722} INFO - Setting next_dagrun for example_external_task_marker_parent to None, run_after=None
[2023-10-27T17:07:33.456+0000] {processor.py:179} INFO - Processing /home/airflow/.local/lib/python3.8/site-packages/airflow/example_dags/example_external_task_marker_dag.py took 0.048 seconds
[2023-10-27T17:08:03.543+0000] {processor.py:157} INFO - Started process (PID=4868) to work on /home/airflow/.local/lib/python3.8/site-packages/airflow/example_dags/example_external_task_marker_dag.py
[2023-10-27T17:08:03.543+0000] {processor.py:829} INFO - Processing file /home/airflow/.local/lib/python3.8/site-packages/airflow/example_dags/example_external_task_marker_dag.py for tasks to queue
[2023-10-27T17:08:03.544+0000] {logging_mixin.py:151} INFO - [2023-10-27T17:08:03.544+0000] {dagbag.py:536} INFO - Filling up the DagBag from /home/airflow/.local/lib/python3.8/site-packages/airflow/example_dags/example_external_task_marker_dag.py
[2023-10-27T17:08:03.548+0000] {processor.py:839} INFO - DAG(s) dict_keys(['example_external_task_marker_child', 'example_external_task_marker_parent']) retrieved from /home/airflow/.local/lib/python3.8/site-packages/airflow/example_dags/example_external_task_marker_dag.py
[2023-10-27T17:08:03.562+0000] {logging_mixin.py:151} INFO - [2023-10-27T17:08:03.561+0000] {dag.py:2941} INFO - Sync 2 DAGs
[2023-10-27T17:08:03.569+0000] {logging_mixin.py:151} INFO - [2023-10-27T17:08:03.569+0000] {dag.py:3722} INFO - Setting next_dagrun for example_external_task_marker_child to None, run_after=None
[2023-10-27T17:08:03.572+0000] {logging_mixin.py:151} INFO - [2023-10-27T17:08:03.571+0000] {dag.py:3722} INFO - Setting next_dagrun for example_external_task_marker_parent to None, run_after=None
[2023-10-27T17:08:03.581+0000] {processor.py:179} INFO - Processing /home/airflow/.local/lib/python3.8/site-packages/airflow/example_dags/example_external_task_marker_dag.py took 0.040 seconds
[2023-10-27T17:08:34.343+0000] {processor.py:157} INFO - Started process (PID=4924) to work on /home/airflow/.local/lib/python3.8/site-packages/airflow/example_dags/example_external_task_marker_dag.py
[2023-10-27T17:08:34.344+0000] {processor.py:829} INFO - Processing file /home/airflow/.local/lib/python3.8/site-packages/airflow/example_dags/example_external_task_marker_dag.py for tasks to queue
[2023-10-27T17:08:34.345+0000] {logging_mixin.py:151} INFO - [2023-10-27T17:08:34.344+0000] {dagbag.py:536} INFO - Filling up the DagBag from /home/airflow/.local/lib/python3.8/site-packages/airflow/example_dags/example_external_task_marker_dag.py
[2023-10-27T17:08:34.348+0000] {processor.py:839} INFO - DAG(s) dict_keys(['example_external_task_marker_parent', 'example_external_task_marker_child']) retrieved from /home/airflow/.local/lib/python3.8/site-packages/airflow/example_dags/example_external_task_marker_dag.py
[2023-10-27T17:08:34.362+0000] {logging_mixin.py:151} INFO - [2023-10-27T17:08:34.362+0000] {dag.py:2941} INFO - Sync 2 DAGs
[2023-10-27T17:08:34.370+0000] {logging_mixin.py:151} INFO - [2023-10-27T17:08:34.370+0000] {dag.py:3722} INFO - Setting next_dagrun for example_external_task_marker_child to None, run_after=None
[2023-10-27T17:08:34.372+0000] {logging_mixin.py:151} INFO - [2023-10-27T17:08:34.372+0000] {dag.py:3722} INFO - Setting next_dagrun for example_external_task_marker_parent to None, run_after=None
[2023-10-27T17:08:34.381+0000] {processor.py:179} INFO - Processing /home/airflow/.local/lib/python3.8/site-packages/airflow/example_dags/example_external_task_marker_dag.py took 0.040 seconds
[2023-10-27T17:09:05.099+0000] {processor.py:157} INFO - Started process (PID=4980) to work on /home/airflow/.local/lib/python3.8/site-packages/airflow/example_dags/example_external_task_marker_dag.py
[2023-10-27T17:09:05.099+0000] {processor.py:829} INFO - Processing file /home/airflow/.local/lib/python3.8/site-packages/airflow/example_dags/example_external_task_marker_dag.py for tasks to queue
[2023-10-27T17:09:05.100+0000] {logging_mixin.py:151} INFO - [2023-10-27T17:09:05.100+0000] {dagbag.py:536} INFO - Filling up the DagBag from /home/airflow/.local/lib/python3.8/site-packages/airflow/example_dags/example_external_task_marker_dag.py
[2023-10-27T17:09:05.104+0000] {processor.py:839} INFO - DAG(s) dict_keys(['example_external_task_marker_child', 'example_external_task_marker_parent']) retrieved from /home/airflow/.local/lib/python3.8/site-packages/airflow/example_dags/example_external_task_marker_dag.py
[2023-10-27T17:09:05.118+0000] {logging_mixin.py:151} INFO - [2023-10-27T17:09:05.118+0000] {dag.py:2941} INFO - Sync 2 DAGs
[2023-10-27T17:09:05.125+0000] {logging_mixin.py:151} INFO - [2023-10-27T17:09:05.125+0000] {dag.py:3722} INFO - Setting next_dagrun for example_external_task_marker_child to None, run_after=None
[2023-10-27T17:09:05.128+0000] {logging_mixin.py:151} INFO - [2023-10-27T17:09:05.128+0000] {dag.py:3722} INFO - Setting next_dagrun for example_external_task_marker_parent to None, run_after=None
[2023-10-27T17:09:05.137+0000] {processor.py:179} INFO - Processing /home/airflow/.local/lib/python3.8/site-packages/airflow/example_dags/example_external_task_marker_dag.py took 0.040 seconds
[2023-10-27T17:09:35.878+0000] {processor.py:157} INFO - Started process (PID=5037) to work on /home/airflow/.local/lib/python3.8/site-packages/airflow/example_dags/example_external_task_marker_dag.py
[2023-10-27T17:09:35.879+0000] {processor.py:829} INFO - Processing file /home/airflow/.local/lib/python3.8/site-packages/airflow/example_dags/example_external_task_marker_dag.py for tasks to queue
[2023-10-27T17:09:35.880+0000] {logging_mixin.py:151} INFO - [2023-10-27T17:09:35.880+0000] {dagbag.py:536} INFO - Filling up the DagBag from /home/airflow/.local/lib/python3.8/site-packages/airflow/example_dags/example_external_task_marker_dag.py
[2023-10-27T17:09:35.884+0000] {processor.py:839} INFO - DAG(s) dict_keys(['example_external_task_marker_parent', 'example_external_task_marker_child']) retrieved from /home/airflow/.local/lib/python3.8/site-packages/airflow/example_dags/example_external_task_marker_dag.py
[2023-10-27T17:09:35.898+0000] {logging_mixin.py:151} INFO - [2023-10-27T17:09:35.898+0000] {dag.py:2941} INFO - Sync 2 DAGs
[2023-10-27T17:09:35.907+0000] {logging_mixin.py:151} INFO - [2023-10-27T17:09:35.907+0000] {dag.py:3722} INFO - Setting next_dagrun for example_external_task_marker_child to None, run_after=None
[2023-10-27T17:09:35.909+0000] {logging_mixin.py:151} INFO - [2023-10-27T17:09:35.909+0000] {dag.py:3722} INFO - Setting next_dagrun for example_external_task_marker_parent to None, run_after=None
[2023-10-27T17:09:35.919+0000] {processor.py:179} INFO - Processing /home/airflow/.local/lib/python3.8/site-packages/airflow/example_dags/example_external_task_marker_dag.py took 0.042 seconds
[2023-10-27T17:10:06.612+0000] {processor.py:157} INFO - Started process (PID=5093) to work on /home/airflow/.local/lib/python3.8/site-packages/airflow/example_dags/example_external_task_marker_dag.py
[2023-10-27T17:10:06.613+0000] {processor.py:829} INFO - Processing file /home/airflow/.local/lib/python3.8/site-packages/airflow/example_dags/example_external_task_marker_dag.py for tasks to queue
[2023-10-27T17:10:06.614+0000] {logging_mixin.py:151} INFO - [2023-10-27T17:10:06.614+0000] {dagbag.py:536} INFO - Filling up the DagBag from /home/airflow/.local/lib/python3.8/site-packages/airflow/example_dags/example_external_task_marker_dag.py
[2023-10-27T17:10:06.618+0000] {processor.py:839} INFO - DAG(s) dict_keys(['example_external_task_marker_parent', 'example_external_task_marker_child']) retrieved from /home/airflow/.local/lib/python3.8/site-packages/airflow/example_dags/example_external_task_marker_dag.py
[2023-10-27T17:10:06.636+0000] {logging_mixin.py:151} INFO - [2023-10-27T17:10:06.635+0000] {dag.py:2941} INFO - Sync 2 DAGs
[2023-10-27T17:10:06.645+0000] {logging_mixin.py:151} INFO - [2023-10-27T17:10:06.644+0000] {dag.py:3722} INFO - Setting next_dagrun for example_external_task_marker_child to None, run_after=None
[2023-10-27T17:10:06.647+0000] {logging_mixin.py:151} INFO - [2023-10-27T17:10:06.647+0000] {dag.py:3722} INFO - Setting next_dagrun for example_external_task_marker_parent to None, run_after=None
[2023-10-27T17:10:06.658+0000] {processor.py:179} INFO - Processing /home/airflow/.local/lib/python3.8/site-packages/airflow/example_dags/example_external_task_marker_dag.py took 0.048 seconds
[2023-10-27T17:10:37.328+0000] {processor.py:157} INFO - Started process (PID=5149) to work on /home/airflow/.local/lib/python3.8/site-packages/airflow/example_dags/example_external_task_marker_dag.py
[2023-10-27T17:10:37.329+0000] {processor.py:829} INFO - Processing file /home/airflow/.local/lib/python3.8/site-packages/airflow/example_dags/example_external_task_marker_dag.py for tasks to queue
[2023-10-27T17:10:37.330+0000] {logging_mixin.py:151} INFO - [2023-10-27T17:10:37.330+0000] {dagbag.py:536} INFO - Filling up the DagBag from /home/airflow/.local/lib/python3.8/site-packages/airflow/example_dags/example_external_task_marker_dag.py
[2023-10-27T17:10:37.333+0000] {processor.py:839} INFO - DAG(s) dict_keys(['example_external_task_marker_child', 'example_external_task_marker_parent']) retrieved from /home/airflow/.local/lib/python3.8/site-packages/airflow/example_dags/example_external_task_marker_dag.py
[2023-10-27T17:10:37.348+0000] {logging_mixin.py:151} INFO - [2023-10-27T17:10:37.348+0000] {dag.py:2941} INFO - Sync 2 DAGs
[2023-10-27T17:10:37.356+0000] {logging_mixin.py:151} INFO - [2023-10-27T17:10:37.355+0000] {dag.py:3722} INFO - Setting next_dagrun for example_external_task_marker_child to None, run_after=None
[2023-10-27T17:10:37.358+0000] {logging_mixin.py:151} INFO - [2023-10-27T17:10:37.358+0000] {dag.py:3722} INFO - Setting next_dagrun for example_external_task_marker_parent to None, run_after=None
[2023-10-27T17:10:37.368+0000] {processor.py:179} INFO - Processing /home/airflow/.local/lib/python3.8/site-packages/airflow/example_dags/example_external_task_marker_dag.py took 0.041 seconds
[2023-10-27T17:11:08.045+0000] {processor.py:157} INFO - Started process (PID=5205) to work on /home/airflow/.local/lib/python3.8/site-packages/airflow/example_dags/example_external_task_marker_dag.py
[2023-10-27T17:11:08.045+0000] {processor.py:829} INFO - Processing file /home/airflow/.local/lib/python3.8/site-packages/airflow/example_dags/example_external_task_marker_dag.py for tasks to queue
[2023-10-27T17:11:08.047+0000] {logging_mixin.py:151} INFO - [2023-10-27T17:11:08.047+0000] {dagbag.py:536} INFO - Filling up the DagBag from /home/airflow/.local/lib/python3.8/site-packages/airflow/example_dags/example_external_task_marker_dag.py
[2023-10-27T17:11:08.050+0000] {processor.py:839} INFO - DAG(s) dict_keys(['example_external_task_marker_child', 'example_external_task_marker_parent']) retrieved from /home/airflow/.local/lib/python3.8/site-packages/airflow/example_dags/example_external_task_marker_dag.py
[2023-10-27T17:11:08.065+0000] {logging_mixin.py:151} INFO - [2023-10-27T17:11:08.065+0000] {dag.py:2941} INFO - Sync 2 DAGs
[2023-10-27T17:11:08.076+0000] {logging_mixin.py:151} INFO - [2023-10-27T17:11:08.075+0000] {dag.py:3722} INFO - Setting next_dagrun for example_external_task_marker_child to None, run_after=None
[2023-10-27T17:11:08.079+0000] {logging_mixin.py:151} INFO - [2023-10-27T17:11:08.079+0000] {dag.py:3722} INFO - Setting next_dagrun for example_external_task_marker_parent to None, run_after=None
[2023-10-27T17:11:08.091+0000] {processor.py:179} INFO - Processing /home/airflow/.local/lib/python3.8/site-packages/airflow/example_dags/example_external_task_marker_dag.py took 0.049 seconds
[2023-10-27T17:11:38.786+0000] {processor.py:157} INFO - Started process (PID=5261) to work on /home/airflow/.local/lib/python3.8/site-packages/airflow/example_dags/example_external_task_marker_dag.py
[2023-10-27T17:11:38.786+0000] {processor.py:829} INFO - Processing file /home/airflow/.local/lib/python3.8/site-packages/airflow/example_dags/example_external_task_marker_dag.py for tasks to queue
[2023-10-27T17:11:38.788+0000] {logging_mixin.py:151} INFO - [2023-10-27T17:11:38.787+0000] {dagbag.py:536} INFO - Filling up the DagBag from /home/airflow/.local/lib/python3.8/site-packages/airflow/example_dags/example_external_task_marker_dag.py
[2023-10-27T17:11:38.791+0000] {processor.py:839} INFO - DAG(s) dict_keys(['example_external_task_marker_parent', 'example_external_task_marker_child']) retrieved from /home/airflow/.local/lib/python3.8/site-packages/airflow/example_dags/example_external_task_marker_dag.py
[2023-10-27T17:11:38.805+0000] {logging_mixin.py:151} INFO - [2023-10-27T17:11:38.805+0000] {dag.py:2941} INFO - Sync 2 DAGs
[2023-10-27T17:11:38.813+0000] {logging_mixin.py:151} INFO - [2023-10-27T17:11:38.812+0000] {dag.py:3722} INFO - Setting next_dagrun for example_external_task_marker_child to None, run_after=None
[2023-10-27T17:11:38.815+0000] {logging_mixin.py:151} INFO - [2023-10-27T17:11:38.815+0000] {dag.py:3722} INFO - Setting next_dagrun for example_external_task_marker_parent to None, run_after=None
[2023-10-27T17:11:38.824+0000] {processor.py:179} INFO - Processing /home/airflow/.local/lib/python3.8/site-packages/airflow/example_dags/example_external_task_marker_dag.py took 0.040 seconds
