[2023-10-27T16:56:48.189+0000] {processor.py:157} INFO - Started process (PID=3631) to work on /home/airflow/.local/lib/python3.8/site-packages/airflow/example_dags/example_params_trigger_ui.py
[2023-10-27T16:56:48.190+0000] {processor.py:829} INFO - Processing file /home/airflow/.local/lib/python3.8/site-packages/airflow/example_dags/example_params_trigger_ui.py for tasks to queue
[2023-10-27T16:56:48.198+0000] {logging_mixin.py:151} INFO - [2023-10-27T16:56:48.198+0000] {dagbag.py:536} INFO - Filling up the DagBag from /home/airflow/.local/lib/python3.8/site-packages/airflow/example_dags/example_params_trigger_ui.py
[2023-10-27T16:56:48.238+0000] {processor.py:839} INFO - DAG(s) dict_keys(['example_params_trigger_ui']) retrieved from /home/airflow/.local/lib/python3.8/site-packages/airflow/example_dags/example_params_trigger_ui.py
[2023-10-27T16:56:48.382+0000] {logging_mixin.py:151} INFO - [2023-10-27T16:56:48.382+0000] {dag.py:2941} INFO - Sync 1 DAGs
[2023-10-27T16:56:48.402+0000] {logging_mixin.py:151} INFO - [2023-10-27T16:56:48.402+0000] {dag.py:3722} INFO - Setting next_dagrun for example_params_trigger_ui to None, run_after=None
[2023-10-27T16:56:48.426+0000] {processor.py:179} INFO - Processing /home/airflow/.local/lib/python3.8/site-packages/airflow/example_dags/example_params_trigger_ui.py took 0.239 seconds
[2023-10-27T16:57:19.011+0000] {processor.py:157} INFO - Started process (PID=3687) to work on /home/airflow/.local/lib/python3.8/site-packages/airflow/example_dags/example_params_trigger_ui.py
[2023-10-27T16:57:19.011+0000] {processor.py:829} INFO - Processing file /home/airflow/.local/lib/python3.8/site-packages/airflow/example_dags/example_params_trigger_ui.py for tasks to queue
[2023-10-27T16:57:19.012+0000] {logging_mixin.py:151} INFO - [2023-10-27T16:57:19.012+0000] {dagbag.py:536} INFO - Filling up the DagBag from /home/airflow/.local/lib/python3.8/site-packages/airflow/example_dags/example_params_trigger_ui.py
[2023-10-27T16:57:19.022+0000] {processor.py:839} INFO - DAG(s) dict_keys(['example_params_trigger_ui']) retrieved from /home/airflow/.local/lib/python3.8/site-packages/airflow/example_dags/example_params_trigger_ui.py
[2023-10-27T16:57:19.065+0000] {logging_mixin.py:151} INFO - [2023-10-27T16:57:19.064+0000] {dag.py:2941} INFO - Sync 1 DAGs
[2023-10-27T16:57:19.072+0000] {logging_mixin.py:151} INFO - [2023-10-27T16:57:19.072+0000] {dag.py:3722} INFO - Setting next_dagrun for example_params_trigger_ui to None, run_after=None
[2023-10-27T16:57:19.083+0000] {processor.py:179} INFO - Processing /home/airflow/.local/lib/python3.8/site-packages/airflow/example_dags/example_params_trigger_ui.py took 0.074 seconds
[2023-10-27T16:57:49.962+0000] {processor.py:157} INFO - Started process (PID=3743) to work on /home/airflow/.local/lib/python3.8/site-packages/airflow/example_dags/example_params_trigger_ui.py
[2023-10-27T16:57:49.962+0000] {processor.py:829} INFO - Processing file /home/airflow/.local/lib/python3.8/site-packages/airflow/example_dags/example_params_trigger_ui.py for tasks to queue
[2023-10-27T16:57:49.963+0000] {logging_mixin.py:151} INFO - [2023-10-27T16:57:49.963+0000] {dagbag.py:536} INFO - Filling up the DagBag from /home/airflow/.local/lib/python3.8/site-packages/airflow/example_dags/example_params_trigger_ui.py
[2023-10-27T16:57:49.973+0000] {processor.py:839} INFO - DAG(s) dict_keys(['example_params_trigger_ui']) retrieved from /home/airflow/.local/lib/python3.8/site-packages/airflow/example_dags/example_params_trigger_ui.py
[2023-10-27T16:57:50.014+0000] {logging_mixin.py:151} INFO - [2023-10-27T16:57:50.013+0000] {dag.py:2941} INFO - Sync 1 DAGs
[2023-10-27T16:57:50.021+0000] {logging_mixin.py:151} INFO - [2023-10-27T16:57:50.021+0000] {dag.py:3722} INFO - Setting next_dagrun for example_params_trigger_ui to None, run_after=None
[2023-10-27T16:57:50.033+0000] {processor.py:179} INFO - Processing /home/airflow/.local/lib/python3.8/site-packages/airflow/example_dags/example_params_trigger_ui.py took 0.073 seconds
[2023-10-27T16:58:20.709+0000] {processor.py:157} INFO - Started process (PID=3800) to work on /home/airflow/.local/lib/python3.8/site-packages/airflow/example_dags/example_params_trigger_ui.py
[2023-10-27T16:58:20.710+0000] {processor.py:829} INFO - Processing file /home/airflow/.local/lib/python3.8/site-packages/airflow/example_dags/example_params_trigger_ui.py for tasks to queue
[2023-10-27T16:58:20.711+0000] {logging_mixin.py:151} INFO - [2023-10-27T16:58:20.711+0000] {dagbag.py:536} INFO - Filling up the DagBag from /home/airflow/.local/lib/python3.8/site-packages/airflow/example_dags/example_params_trigger_ui.py
[2023-10-27T16:58:20.721+0000] {processor.py:839} INFO - DAG(s) dict_keys(['example_params_trigger_ui']) retrieved from /home/airflow/.local/lib/python3.8/site-packages/airflow/example_dags/example_params_trigger_ui.py
[2023-10-27T16:58:20.756+0000] {logging_mixin.py:151} INFO - [2023-10-27T16:58:20.756+0000] {dag.py:2941} INFO - Sync 1 DAGs
[2023-10-27T16:58:20.764+0000] {logging_mixin.py:151} INFO - [2023-10-27T16:58:20.764+0000] {dag.py:3722} INFO - Setting next_dagrun for example_params_trigger_ui to None, run_after=None
[2023-10-27T16:58:20.776+0000] {processor.py:179} INFO - Processing /home/airflow/.local/lib/python3.8/site-packages/airflow/example_dags/example_params_trigger_ui.py took 0.068 seconds
[2023-10-27T16:58:51.657+0000] {processor.py:157} INFO - Started process (PID=3857) to work on /home/airflow/.local/lib/python3.8/site-packages/airflow/example_dags/example_params_trigger_ui.py
[2023-10-27T16:58:51.658+0000] {processor.py:829} INFO - Processing file /home/airflow/.local/lib/python3.8/site-packages/airflow/example_dags/example_params_trigger_ui.py for tasks to queue
[2023-10-27T16:58:51.659+0000] {logging_mixin.py:151} INFO - [2023-10-27T16:58:51.659+0000] {dagbag.py:536} INFO - Filling up the DagBag from /home/airflow/.local/lib/python3.8/site-packages/airflow/example_dags/example_params_trigger_ui.py
[2023-10-27T16:58:51.669+0000] {processor.py:839} INFO - DAG(s) dict_keys(['example_params_trigger_ui']) retrieved from /home/airflow/.local/lib/python3.8/site-packages/airflow/example_dags/example_params_trigger_ui.py
[2023-10-27T16:58:51.699+0000] {logging_mixin.py:151} INFO - [2023-10-27T16:58:51.699+0000] {dag.py:2941} INFO - Sync 1 DAGs
[2023-10-27T16:58:51.707+0000] {logging_mixin.py:151} INFO - [2023-10-27T16:58:51.707+0000] {dag.py:3722} INFO - Setting next_dagrun for example_params_trigger_ui to None, run_after=None
[2023-10-27T16:58:51.719+0000] {processor.py:179} INFO - Processing /home/airflow/.local/lib/python3.8/site-packages/airflow/example_dags/example_params_trigger_ui.py took 0.064 seconds
[2023-10-27T16:59:22.641+0000] {processor.py:157} INFO - Started process (PID=3913) to work on /home/airflow/.local/lib/python3.8/site-packages/airflow/example_dags/example_params_trigger_ui.py
[2023-10-27T16:59:22.641+0000] {processor.py:829} INFO - Processing file /home/airflow/.local/lib/python3.8/site-packages/airflow/example_dags/example_params_trigger_ui.py for tasks to queue
[2023-10-27T16:59:22.642+0000] {logging_mixin.py:151} INFO - [2023-10-27T16:59:22.642+0000] {dagbag.py:536} INFO - Filling up the DagBag from /home/airflow/.local/lib/python3.8/site-packages/airflow/example_dags/example_params_trigger_ui.py
[2023-10-27T16:59:22.652+0000] {processor.py:839} INFO - DAG(s) dict_keys(['example_params_trigger_ui']) retrieved from /home/airflow/.local/lib/python3.8/site-packages/airflow/example_dags/example_params_trigger_ui.py
[2023-10-27T16:59:22.697+0000] {logging_mixin.py:151} INFO - [2023-10-27T16:59:22.697+0000] {dag.py:2941} INFO - Sync 1 DAGs
[2023-10-27T16:59:22.708+0000] {logging_mixin.py:151} INFO - [2023-10-27T16:59:22.707+0000] {dag.py:3722} INFO - Setting next_dagrun for example_params_trigger_ui to None, run_after=None
[2023-10-27T16:59:22.720+0000] {processor.py:179} INFO - Processing /home/airflow/.local/lib/python3.8/site-packages/airflow/example_dags/example_params_trigger_ui.py took 0.081 seconds
[2023-10-27T16:59:53.386+0000] {processor.py:157} INFO - Started process (PID=3969) to work on /home/airflow/.local/lib/python3.8/site-packages/airflow/example_dags/example_params_trigger_ui.py
[2023-10-27T16:59:53.386+0000] {processor.py:829} INFO - Processing file /home/airflow/.local/lib/python3.8/site-packages/airflow/example_dags/example_params_trigger_ui.py for tasks to queue
[2023-10-27T16:59:53.387+0000] {logging_mixin.py:151} INFO - [2023-10-27T16:59:53.387+0000] {dagbag.py:536} INFO - Filling up the DagBag from /home/airflow/.local/lib/python3.8/site-packages/airflow/example_dags/example_params_trigger_ui.py
[2023-10-27T16:59:53.397+0000] {processor.py:839} INFO - DAG(s) dict_keys(['example_params_trigger_ui']) retrieved from /home/airflow/.local/lib/python3.8/site-packages/airflow/example_dags/example_params_trigger_ui.py
[2023-10-27T16:59:53.442+0000] {logging_mixin.py:151} INFO - [2023-10-27T16:59:53.442+0000] {dag.py:2941} INFO - Sync 1 DAGs
[2023-10-27T16:59:53.453+0000] {logging_mixin.py:151} INFO - [2023-10-27T16:59:53.453+0000] {dag.py:3722} INFO - Setting next_dagrun for example_params_trigger_ui to None, run_after=None
[2023-10-27T16:59:53.466+0000] {processor.py:179} INFO - Processing /home/airflow/.local/lib/python3.8/site-packages/airflow/example_dags/example_params_trigger_ui.py took 0.082 seconds
[2023-10-27T17:00:24.171+0000] {processor.py:157} INFO - Started process (PID=4032) to work on /home/airflow/.local/lib/python3.8/site-packages/airflow/example_dags/example_params_trigger_ui.py
[2023-10-27T17:00:24.171+0000] {processor.py:829} INFO - Processing file /home/airflow/.local/lib/python3.8/site-packages/airflow/example_dags/example_params_trigger_ui.py for tasks to queue
[2023-10-27T17:00:24.172+0000] {logging_mixin.py:151} INFO - [2023-10-27T17:00:24.172+0000] {dagbag.py:536} INFO - Filling up the DagBag from /home/airflow/.local/lib/python3.8/site-packages/airflow/example_dags/example_params_trigger_ui.py
[2023-10-27T17:00:24.182+0000] {processor.py:839} INFO - DAG(s) dict_keys(['example_params_trigger_ui']) retrieved from /home/airflow/.local/lib/python3.8/site-packages/airflow/example_dags/example_params_trigger_ui.py
[2023-10-27T17:00:24.226+0000] {logging_mixin.py:151} INFO - [2023-10-27T17:00:24.226+0000] {dag.py:2941} INFO - Sync 1 DAGs
[2023-10-27T17:00:24.238+0000] {logging_mixin.py:151} INFO - [2023-10-27T17:00:24.237+0000] {dag.py:3722} INFO - Setting next_dagrun for example_params_trigger_ui to None, run_after=None
[2023-10-27T17:00:24.252+0000] {processor.py:179} INFO - Processing /home/airflow/.local/lib/python3.8/site-packages/airflow/example_dags/example_params_trigger_ui.py took 0.084 seconds
[2023-10-27T17:00:55.173+0000] {processor.py:157} INFO - Started process (PID=4088) to work on /home/airflow/.local/lib/python3.8/site-packages/airflow/example_dags/example_params_trigger_ui.py
[2023-10-27T17:00:55.173+0000] {processor.py:829} INFO - Processing file /home/airflow/.local/lib/python3.8/site-packages/airflow/example_dags/example_params_trigger_ui.py for tasks to queue
[2023-10-27T17:00:55.174+0000] {logging_mixin.py:151} INFO - [2023-10-27T17:00:55.174+0000] {dagbag.py:536} INFO - Filling up the DagBag from /home/airflow/.local/lib/python3.8/site-packages/airflow/example_dags/example_params_trigger_ui.py
[2023-10-27T17:00:55.184+0000] {processor.py:839} INFO - DAG(s) dict_keys(['example_params_trigger_ui']) retrieved from /home/airflow/.local/lib/python3.8/site-packages/airflow/example_dags/example_params_trigger_ui.py
[2023-10-27T17:00:55.227+0000] {logging_mixin.py:151} INFO - [2023-10-27T17:00:55.227+0000] {dag.py:2941} INFO - Sync 1 DAGs
[2023-10-27T17:00:55.235+0000] {logging_mixin.py:151} INFO - [2023-10-27T17:00:55.234+0000] {dag.py:3722} INFO - Setting next_dagrun for example_params_trigger_ui to None, run_after=None
[2023-10-27T17:00:55.247+0000] {processor.py:179} INFO - Processing /home/airflow/.local/lib/python3.8/site-packages/airflow/example_dags/example_params_trigger_ui.py took 0.076 seconds
[2023-10-27T17:01:26.085+0000] {processor.py:157} INFO - Started process (PID=4144) to work on /home/airflow/.local/lib/python3.8/site-packages/airflow/example_dags/example_params_trigger_ui.py
[2023-10-27T17:01:26.085+0000] {processor.py:829} INFO - Processing file /home/airflow/.local/lib/python3.8/site-packages/airflow/example_dags/example_params_trigger_ui.py for tasks to queue
[2023-10-27T17:01:26.086+0000] {logging_mixin.py:151} INFO - [2023-10-27T17:01:26.086+0000] {dagbag.py:536} INFO - Filling up the DagBag from /home/airflow/.local/lib/python3.8/site-packages/airflow/example_dags/example_params_trigger_ui.py
[2023-10-27T17:01:26.096+0000] {processor.py:839} INFO - DAG(s) dict_keys(['example_params_trigger_ui']) retrieved from /home/airflow/.local/lib/python3.8/site-packages/airflow/example_dags/example_params_trigger_ui.py
[2023-10-27T17:01:26.131+0000] {logging_mixin.py:151} INFO - [2023-10-27T17:01:26.131+0000] {dag.py:2941} INFO - Sync 1 DAGs
[2023-10-27T17:01:26.139+0000] {logging_mixin.py:151} INFO - [2023-10-27T17:01:26.139+0000] {dag.py:3722} INFO - Setting next_dagrun for example_params_trigger_ui to None, run_after=None
[2023-10-27T17:01:26.151+0000] {processor.py:179} INFO - Processing /home/airflow/.local/lib/python3.8/site-packages/airflow/example_dags/example_params_trigger_ui.py took 0.068 seconds
[2023-10-27T17:01:56.786+0000] {processor.py:157} INFO - Started process (PID=4200) to work on /home/airflow/.local/lib/python3.8/site-packages/airflow/example_dags/example_params_trigger_ui.py
[2023-10-27T17:01:56.786+0000] {processor.py:829} INFO - Processing file /home/airflow/.local/lib/python3.8/site-packages/airflow/example_dags/example_params_trigger_ui.py for tasks to queue
[2023-10-27T17:01:56.788+0000] {logging_mixin.py:151} INFO - [2023-10-27T17:01:56.787+0000] {dagbag.py:536} INFO - Filling up the DagBag from /home/airflow/.local/lib/python3.8/site-packages/airflow/example_dags/example_params_trigger_ui.py
[2023-10-27T17:01:56.797+0000] {processor.py:839} INFO - DAG(s) dict_keys(['example_params_trigger_ui']) retrieved from /home/airflow/.local/lib/python3.8/site-packages/airflow/example_dags/example_params_trigger_ui.py
[2023-10-27T17:01:56.833+0000] {logging_mixin.py:151} INFO - [2023-10-27T17:01:56.832+0000] {dag.py:2941} INFO - Sync 1 DAGs
[2023-10-27T17:01:56.843+0000] {logging_mixin.py:151} INFO - [2023-10-27T17:01:56.843+0000] {dag.py:3722} INFO - Setting next_dagrun for example_params_trigger_ui to None, run_after=None
[2023-10-27T17:01:56.857+0000] {processor.py:179} INFO - Processing /home/airflow/.local/lib/python3.8/site-packages/airflow/example_dags/example_params_trigger_ui.py took 0.073 seconds
[2023-10-27T17:02:27.746+0000] {processor.py:157} INFO - Started process (PID=4256) to work on /home/airflow/.local/lib/python3.8/site-packages/airflow/example_dags/example_params_trigger_ui.py
[2023-10-27T17:02:27.746+0000] {processor.py:829} INFO - Processing file /home/airflow/.local/lib/python3.8/site-packages/airflow/example_dags/example_params_trigger_ui.py for tasks to queue
[2023-10-27T17:02:27.747+0000] {logging_mixin.py:151} INFO - [2023-10-27T17:02:27.747+0000] {dagbag.py:536} INFO - Filling up the DagBag from /home/airflow/.local/lib/python3.8/site-packages/airflow/example_dags/example_params_trigger_ui.py
[2023-10-27T17:02:27.757+0000] {processor.py:839} INFO - DAG(s) dict_keys(['example_params_trigger_ui']) retrieved from /home/airflow/.local/lib/python3.8/site-packages/airflow/example_dags/example_params_trigger_ui.py
[2023-10-27T17:02:27.802+0000] {logging_mixin.py:151} INFO - [2023-10-27T17:02:27.801+0000] {dag.py:2941} INFO - Sync 1 DAGs
[2023-10-27T17:02:27.812+0000] {logging_mixin.py:151} INFO - [2023-10-27T17:02:27.812+0000] {dag.py:3722} INFO - Setting next_dagrun for example_params_trigger_ui to None, run_after=None
[2023-10-27T17:02:27.827+0000] {processor.py:179} INFO - Processing /home/airflow/.local/lib/python3.8/site-packages/airflow/example_dags/example_params_trigger_ui.py took 0.083 seconds
[2023-10-27T17:02:58.657+0000] {processor.py:157} INFO - Started process (PID=4312) to work on /home/airflow/.local/lib/python3.8/site-packages/airflow/example_dags/example_params_trigger_ui.py
[2023-10-27T17:02:58.658+0000] {processor.py:829} INFO - Processing file /home/airflow/.local/lib/python3.8/site-packages/airflow/example_dags/example_params_trigger_ui.py for tasks to queue
[2023-10-27T17:02:58.659+0000] {logging_mixin.py:151} INFO - [2023-10-27T17:02:58.659+0000] {dagbag.py:536} INFO - Filling up the DagBag from /home/airflow/.local/lib/python3.8/site-packages/airflow/example_dags/example_params_trigger_ui.py
[2023-10-27T17:02:58.669+0000] {processor.py:839} INFO - DAG(s) dict_keys(['example_params_trigger_ui']) retrieved from /home/airflow/.local/lib/python3.8/site-packages/airflow/example_dags/example_params_trigger_ui.py
[2023-10-27T17:02:58.700+0000] {logging_mixin.py:151} INFO - [2023-10-27T17:02:58.700+0000] {dag.py:2941} INFO - Sync 1 DAGs
[2023-10-27T17:02:58.708+0000] {logging_mixin.py:151} INFO - [2023-10-27T17:02:58.708+0000] {dag.py:3722} INFO - Setting next_dagrun for example_params_trigger_ui to None, run_after=None
[2023-10-27T17:02:58.720+0000] {processor.py:179} INFO - Processing /home/airflow/.local/lib/python3.8/site-packages/airflow/example_dags/example_params_trigger_ui.py took 0.064 seconds
[2023-10-27T17:03:29.604+0000] {processor.py:157} INFO - Started process (PID=4369) to work on /home/airflow/.local/lib/python3.8/site-packages/airflow/example_dags/example_params_trigger_ui.py
[2023-10-27T17:03:29.604+0000] {processor.py:829} INFO - Processing file /home/airflow/.local/lib/python3.8/site-packages/airflow/example_dags/example_params_trigger_ui.py for tasks to queue
[2023-10-27T17:03:29.605+0000] {logging_mixin.py:151} INFO - [2023-10-27T17:03:29.605+0000] {dagbag.py:536} INFO - Filling up the DagBag from /home/airflow/.local/lib/python3.8/site-packages/airflow/example_dags/example_params_trigger_ui.py
[2023-10-27T17:03:29.615+0000] {processor.py:839} INFO - DAG(s) dict_keys(['example_params_trigger_ui']) retrieved from /home/airflow/.local/lib/python3.8/site-packages/airflow/example_dags/example_params_trigger_ui.py
[2023-10-27T17:03:29.661+0000] {logging_mixin.py:151} INFO - [2023-10-27T17:03:29.661+0000] {dag.py:2941} INFO - Sync 1 DAGs
[2023-10-27T17:03:29.672+0000] {logging_mixin.py:151} INFO - [2023-10-27T17:03:29.672+0000] {dag.py:3722} INFO - Setting next_dagrun for example_params_trigger_ui to None, run_after=None
[2023-10-27T17:03:29.689+0000] {processor.py:179} INFO - Processing /home/airflow/.local/lib/python3.8/site-packages/airflow/example_dags/example_params_trigger_ui.py took 0.087 seconds
[2023-10-27T17:04:00.595+0000] {processor.py:157} INFO - Started process (PID=4425) to work on /home/airflow/.local/lib/python3.8/site-packages/airflow/example_dags/example_params_trigger_ui.py
[2023-10-27T17:04:00.595+0000] {processor.py:829} INFO - Processing file /home/airflow/.local/lib/python3.8/site-packages/airflow/example_dags/example_params_trigger_ui.py for tasks to queue
[2023-10-27T17:04:00.597+0000] {logging_mixin.py:151} INFO - [2023-10-27T17:04:00.596+0000] {dagbag.py:536} INFO - Filling up the DagBag from /home/airflow/.local/lib/python3.8/site-packages/airflow/example_dags/example_params_trigger_ui.py
[2023-10-27T17:04:00.606+0000] {processor.py:839} INFO - DAG(s) dict_keys(['example_params_trigger_ui']) retrieved from /home/airflow/.local/lib/python3.8/site-packages/airflow/example_dags/example_params_trigger_ui.py
[2023-10-27T17:04:00.651+0000] {logging_mixin.py:151} INFO - [2023-10-27T17:04:00.651+0000] {dag.py:2941} INFO - Sync 1 DAGs
[2023-10-27T17:04:00.662+0000] {logging_mixin.py:151} INFO - [2023-10-27T17:04:00.661+0000] {dag.py:3722} INFO - Setting next_dagrun for example_params_trigger_ui to None, run_after=None
[2023-10-27T17:04:00.675+0000] {processor.py:179} INFO - Processing /home/airflow/.local/lib/python3.8/site-packages/airflow/example_dags/example_params_trigger_ui.py took 0.082 seconds
[2023-10-27T17:04:31.576+0000] {processor.py:157} INFO - Started process (PID=4481) to work on /home/airflow/.local/lib/python3.8/site-packages/airflow/example_dags/example_params_trigger_ui.py
[2023-10-27T17:04:31.577+0000] {processor.py:829} INFO - Processing file /home/airflow/.local/lib/python3.8/site-packages/airflow/example_dags/example_params_trigger_ui.py for tasks to queue
[2023-10-27T17:04:31.578+0000] {logging_mixin.py:151} INFO - [2023-10-27T17:04:31.578+0000] {dagbag.py:536} INFO - Filling up the DagBag from /home/airflow/.local/lib/python3.8/site-packages/airflow/example_dags/example_params_trigger_ui.py
[2023-10-27T17:04:31.588+0000] {processor.py:839} INFO - DAG(s) dict_keys(['example_params_trigger_ui']) retrieved from /home/airflow/.local/lib/python3.8/site-packages/airflow/example_dags/example_params_trigger_ui.py
[2023-10-27T17:04:31.630+0000] {logging_mixin.py:151} INFO - [2023-10-27T17:04:31.630+0000] {dag.py:2941} INFO - Sync 1 DAGs
[2023-10-27T17:04:31.638+0000] {logging_mixin.py:151} INFO - [2023-10-27T17:04:31.638+0000] {dag.py:3722} INFO - Setting next_dagrun for example_params_trigger_ui to None, run_after=None
[2023-10-27T17:04:31.651+0000] {processor.py:179} INFO - Processing /home/airflow/.local/lib/python3.8/site-packages/airflow/example_dags/example_params_trigger_ui.py took 0.076 seconds
[2023-10-27T17:05:02.507+0000] {processor.py:157} INFO - Started process (PID=4538) to work on /home/airflow/.local/lib/python3.8/site-packages/airflow/example_dags/example_params_trigger_ui.py
[2023-10-27T17:05:02.508+0000] {processor.py:829} INFO - Processing file /home/airflow/.local/lib/python3.8/site-packages/airflow/example_dags/example_params_trigger_ui.py for tasks to queue
[2023-10-27T17:05:02.509+0000] {logging_mixin.py:151} INFO - [2023-10-27T17:05:02.509+0000] {dagbag.py:536} INFO - Filling up the DagBag from /home/airflow/.local/lib/python3.8/site-packages/airflow/example_dags/example_params_trigger_ui.py
[2023-10-27T17:05:02.519+0000] {processor.py:839} INFO - DAG(s) dict_keys(['example_params_trigger_ui']) retrieved from /home/airflow/.local/lib/python3.8/site-packages/airflow/example_dags/example_params_trigger_ui.py
[2023-10-27T17:05:02.563+0000] {logging_mixin.py:151} INFO - [2023-10-27T17:05:02.563+0000] {dag.py:2941} INFO - Sync 1 DAGs
[2023-10-27T17:05:02.574+0000] {logging_mixin.py:151} INFO - [2023-10-27T17:05:02.574+0000] {dag.py:3722} INFO - Setting next_dagrun for example_params_trigger_ui to None, run_after=None
[2023-10-27T17:05:02.587+0000] {processor.py:179} INFO - Processing /home/airflow/.local/lib/python3.8/site-packages/airflow/example_dags/example_params_trigger_ui.py took 0.082 seconds
[2023-10-27T17:05:33.311+0000] {processor.py:157} INFO - Started process (PID=4594) to work on /home/airflow/.local/lib/python3.8/site-packages/airflow/example_dags/example_params_trigger_ui.py
[2023-10-27T17:05:33.312+0000] {processor.py:829} INFO - Processing file /home/airflow/.local/lib/python3.8/site-packages/airflow/example_dags/example_params_trigger_ui.py for tasks to queue
[2023-10-27T17:05:33.313+0000] {logging_mixin.py:151} INFO - [2023-10-27T17:05:33.313+0000] {dagbag.py:536} INFO - Filling up the DagBag from /home/airflow/.local/lib/python3.8/site-packages/airflow/example_dags/example_params_trigger_ui.py
[2023-10-27T17:05:33.328+0000] {processor.py:839} INFO - DAG(s) dict_keys(['example_params_trigger_ui']) retrieved from /home/airflow/.local/lib/python3.8/site-packages/airflow/example_dags/example_params_trigger_ui.py
[2023-10-27T17:05:33.377+0000] {logging_mixin.py:151} INFO - [2023-10-27T17:05:33.376+0000] {dag.py:2941} INFO - Sync 1 DAGs
[2023-10-27T17:05:33.388+0000] {logging_mixin.py:151} INFO - [2023-10-27T17:05:33.388+0000] {dag.py:3722} INFO - Setting next_dagrun for example_params_trigger_ui to None, run_after=None
[2023-10-27T17:05:33.405+0000] {processor.py:179} INFO - Processing /home/airflow/.local/lib/python3.8/site-packages/airflow/example_dags/example_params_trigger_ui.py took 0.096 seconds
[2023-10-27T17:06:04.180+0000] {processor.py:157} INFO - Started process (PID=4650) to work on /home/airflow/.local/lib/python3.8/site-packages/airflow/example_dags/example_params_trigger_ui.py
[2023-10-27T17:06:04.181+0000] {processor.py:829} INFO - Processing file /home/airflow/.local/lib/python3.8/site-packages/airflow/example_dags/example_params_trigger_ui.py for tasks to queue
[2023-10-27T17:06:04.182+0000] {logging_mixin.py:151} INFO - [2023-10-27T17:06:04.182+0000] {dagbag.py:536} INFO - Filling up the DagBag from /home/airflow/.local/lib/python3.8/site-packages/airflow/example_dags/example_params_trigger_ui.py
[2023-10-27T17:06:04.197+0000] {processor.py:839} INFO - DAG(s) dict_keys(['example_params_trigger_ui']) retrieved from /home/airflow/.local/lib/python3.8/site-packages/airflow/example_dags/example_params_trigger_ui.py
[2023-10-27T17:06:04.246+0000] {logging_mixin.py:151} INFO - [2023-10-27T17:06:04.245+0000] {dag.py:2941} INFO - Sync 1 DAGs
[2023-10-27T17:06:04.257+0000] {logging_mixin.py:151} INFO - [2023-10-27T17:06:04.257+0000] {dag.py:3722} INFO - Setting next_dagrun for example_params_trigger_ui to None, run_after=None
[2023-10-27T17:06:04.271+0000] {processor.py:179} INFO - Processing /home/airflow/.local/lib/python3.8/site-packages/airflow/example_dags/example_params_trigger_ui.py took 0.093 seconds
[2023-10-27T17:06:34.333+0000] {processor.py:157} INFO - Started process (PID=4706) to work on /home/airflow/.local/lib/python3.8/site-packages/airflow/example_dags/example_params_trigger_ui.py
[2023-10-27T17:06:34.334+0000] {processor.py:829} INFO - Processing file /home/airflow/.local/lib/python3.8/site-packages/airflow/example_dags/example_params_trigger_ui.py for tasks to queue
[2023-10-27T17:06:34.335+0000] {logging_mixin.py:151} INFO - [2023-10-27T17:06:34.335+0000] {dagbag.py:536} INFO - Filling up the DagBag from /home/airflow/.local/lib/python3.8/site-packages/airflow/example_dags/example_params_trigger_ui.py
[2023-10-27T17:06:34.345+0000] {processor.py:839} INFO - DAG(s) dict_keys(['example_params_trigger_ui']) retrieved from /home/airflow/.local/lib/python3.8/site-packages/airflow/example_dags/example_params_trigger_ui.py
[2023-10-27T17:06:34.391+0000] {logging_mixin.py:151} INFO - [2023-10-27T17:06:34.391+0000] {dag.py:2941} INFO - Sync 1 DAGs
[2023-10-27T17:06:34.400+0000] {logging_mixin.py:151} INFO - [2023-10-27T17:06:34.400+0000] {dag.py:3722} INFO - Setting next_dagrun for example_params_trigger_ui to None, run_after=None
[2023-10-27T17:06:34.411+0000] {processor.py:179} INFO - Processing /home/airflow/.local/lib/python3.8/site-packages/airflow/example_dags/example_params_trigger_ui.py took 0.081 seconds
[2023-10-27T17:07:04.446+0000] {processor.py:157} INFO - Started process (PID=4762) to work on /home/airflow/.local/lib/python3.8/site-packages/airflow/example_dags/example_params_trigger_ui.py
[2023-10-27T17:07:04.447+0000] {processor.py:829} INFO - Processing file /home/airflow/.local/lib/python3.8/site-packages/airflow/example_dags/example_params_trigger_ui.py for tasks to queue
[2023-10-27T17:07:04.448+0000] {logging_mixin.py:151} INFO - [2023-10-27T17:07:04.448+0000] {dagbag.py:536} INFO - Filling up the DagBag from /home/airflow/.local/lib/python3.8/site-packages/airflow/example_dags/example_params_trigger_ui.py
[2023-10-27T17:07:04.458+0000] {processor.py:839} INFO - DAG(s) dict_keys(['example_params_trigger_ui']) retrieved from /home/airflow/.local/lib/python3.8/site-packages/airflow/example_dags/example_params_trigger_ui.py
[2023-10-27T17:07:04.509+0000] {logging_mixin.py:151} INFO - [2023-10-27T17:07:04.509+0000] {dag.py:2941} INFO - Sync 1 DAGs
[2023-10-27T17:07:04.520+0000] {logging_mixin.py:151} INFO - [2023-10-27T17:07:04.520+0000] {dag.py:3722} INFO - Setting next_dagrun for example_params_trigger_ui to None, run_after=None
[2023-10-27T17:07:04.536+0000] {processor.py:179} INFO - Processing /home/airflow/.local/lib/python3.8/site-packages/airflow/example_dags/example_params_trigger_ui.py took 0.092 seconds
[2023-10-27T17:07:34.595+0000] {processor.py:157} INFO - Started process (PID=4818) to work on /home/airflow/.local/lib/python3.8/site-packages/airflow/example_dags/example_params_trigger_ui.py
[2023-10-27T17:07:34.596+0000] {processor.py:829} INFO - Processing file /home/airflow/.local/lib/python3.8/site-packages/airflow/example_dags/example_params_trigger_ui.py for tasks to queue
[2023-10-27T17:07:34.597+0000] {logging_mixin.py:151} INFO - [2023-10-27T17:07:34.597+0000] {dagbag.py:536} INFO - Filling up the DagBag from /home/airflow/.local/lib/python3.8/site-packages/airflow/example_dags/example_params_trigger_ui.py
[2023-10-27T17:07:34.607+0000] {processor.py:839} INFO - DAG(s) dict_keys(['example_params_trigger_ui']) retrieved from /home/airflow/.local/lib/python3.8/site-packages/airflow/example_dags/example_params_trigger_ui.py
[2023-10-27T17:07:34.645+0000] {logging_mixin.py:151} INFO - [2023-10-27T17:07:34.645+0000] {dag.py:2941} INFO - Sync 1 DAGs
[2023-10-27T17:07:34.653+0000] {logging_mixin.py:151} INFO - [2023-10-27T17:07:34.653+0000] {dag.py:3722} INFO - Setting next_dagrun for example_params_trigger_ui to None, run_after=None
[2023-10-27T17:07:34.665+0000] {processor.py:179} INFO - Processing /home/airflow/.local/lib/python3.8/site-packages/airflow/example_dags/example_params_trigger_ui.py took 0.071 seconds
[2023-10-27T17:08:04.724+0000] {processor.py:157} INFO - Started process (PID=4874) to work on /home/airflow/.local/lib/python3.8/site-packages/airflow/example_dags/example_params_trigger_ui.py
[2023-10-27T17:08:04.725+0000] {processor.py:829} INFO - Processing file /home/airflow/.local/lib/python3.8/site-packages/airflow/example_dags/example_params_trigger_ui.py for tasks to queue
[2023-10-27T17:08:04.726+0000] {logging_mixin.py:151} INFO - [2023-10-27T17:08:04.725+0000] {dagbag.py:536} INFO - Filling up the DagBag from /home/airflow/.local/lib/python3.8/site-packages/airflow/example_dags/example_params_trigger_ui.py
[2023-10-27T17:08:04.735+0000] {processor.py:839} INFO - DAG(s) dict_keys(['example_params_trigger_ui']) retrieved from /home/airflow/.local/lib/python3.8/site-packages/airflow/example_dags/example_params_trigger_ui.py
[2023-10-27T17:08:04.782+0000] {logging_mixin.py:151} INFO - [2023-10-27T17:08:04.782+0000] {dag.py:2941} INFO - Sync 1 DAGs
[2023-10-27T17:08:04.793+0000] {logging_mixin.py:151} INFO - [2023-10-27T17:08:04.792+0000] {dag.py:3722} INFO - Setting next_dagrun for example_params_trigger_ui to None, run_after=None
[2023-10-27T17:08:04.809+0000] {processor.py:179} INFO - Processing /home/airflow/.local/lib/python3.8/site-packages/airflow/example_dags/example_params_trigger_ui.py took 0.086 seconds
[2023-10-27T17:08:35.539+0000] {processor.py:157} INFO - Started process (PID=4930) to work on /home/airflow/.local/lib/python3.8/site-packages/airflow/example_dags/example_params_trigger_ui.py
[2023-10-27T17:08:35.539+0000] {processor.py:829} INFO - Processing file /home/airflow/.local/lib/python3.8/site-packages/airflow/example_dags/example_params_trigger_ui.py for tasks to queue
[2023-10-27T17:08:35.541+0000] {logging_mixin.py:151} INFO - [2023-10-27T17:08:35.540+0000] {dagbag.py:536} INFO - Filling up the DagBag from /home/airflow/.local/lib/python3.8/site-packages/airflow/example_dags/example_params_trigger_ui.py
[2023-10-27T17:08:35.550+0000] {processor.py:839} INFO - DAG(s) dict_keys(['example_params_trigger_ui']) retrieved from /home/airflow/.local/lib/python3.8/site-packages/airflow/example_dags/example_params_trigger_ui.py
[2023-10-27T17:08:35.584+0000] {logging_mixin.py:151} INFO - [2023-10-27T17:08:35.584+0000] {dag.py:2941} INFO - Sync 1 DAGs
[2023-10-27T17:08:35.591+0000] {logging_mixin.py:151} INFO - [2023-10-27T17:08:35.591+0000] {dag.py:3722} INFO - Setting next_dagrun for example_params_trigger_ui to None, run_after=None
[2023-10-27T17:08:35.603+0000] {processor.py:179} INFO - Processing /home/airflow/.local/lib/python3.8/site-packages/airflow/example_dags/example_params_trigger_ui.py took 0.066 seconds
[2023-10-27T17:09:06.271+0000] {processor.py:157} INFO - Started process (PID=4986) to work on /home/airflow/.local/lib/python3.8/site-packages/airflow/example_dags/example_params_trigger_ui.py
[2023-10-27T17:09:06.272+0000] {processor.py:829} INFO - Processing file /home/airflow/.local/lib/python3.8/site-packages/airflow/example_dags/example_params_trigger_ui.py for tasks to queue
[2023-10-27T17:09:06.273+0000] {logging_mixin.py:151} INFO - [2023-10-27T17:09:06.273+0000] {dagbag.py:536} INFO - Filling up the DagBag from /home/airflow/.local/lib/python3.8/site-packages/airflow/example_dags/example_params_trigger_ui.py
[2023-10-27T17:09:06.283+0000] {processor.py:839} INFO - DAG(s) dict_keys(['example_params_trigger_ui']) retrieved from /home/airflow/.local/lib/python3.8/site-packages/airflow/example_dags/example_params_trigger_ui.py
[2023-10-27T17:09:06.327+0000] {logging_mixin.py:151} INFO - [2023-10-27T17:09:06.327+0000] {dag.py:2941} INFO - Sync 1 DAGs
[2023-10-27T17:09:06.338+0000] {logging_mixin.py:151} INFO - [2023-10-27T17:09:06.338+0000] {dag.py:3722} INFO - Setting next_dagrun for example_params_trigger_ui to None, run_after=None
[2023-10-27T17:09:06.353+0000] {processor.py:179} INFO - Processing /home/airflow/.local/lib/python3.8/site-packages/airflow/example_dags/example_params_trigger_ui.py took 0.083 seconds
[2023-10-27T17:09:37.067+0000] {processor.py:157} INFO - Started process (PID=5043) to work on /home/airflow/.local/lib/python3.8/site-packages/airflow/example_dags/example_params_trigger_ui.py
[2023-10-27T17:09:37.067+0000] {processor.py:829} INFO - Processing file /home/airflow/.local/lib/python3.8/site-packages/airflow/example_dags/example_params_trigger_ui.py for tasks to queue
[2023-10-27T17:09:37.068+0000] {logging_mixin.py:151} INFO - [2023-10-27T17:09:37.068+0000] {dagbag.py:536} INFO - Filling up the DagBag from /home/airflow/.local/lib/python3.8/site-packages/airflow/example_dags/example_params_trigger_ui.py
[2023-10-27T17:09:37.078+0000] {processor.py:839} INFO - DAG(s) dict_keys(['example_params_trigger_ui']) retrieved from /home/airflow/.local/lib/python3.8/site-packages/airflow/example_dags/example_params_trigger_ui.py
[2023-10-27T17:09:37.123+0000] {logging_mixin.py:151} INFO - [2023-10-27T17:09:37.123+0000] {dag.py:2941} INFO - Sync 1 DAGs
[2023-10-27T17:09:37.133+0000] {logging_mixin.py:151} INFO - [2023-10-27T17:09:37.133+0000] {dag.py:3722} INFO - Setting next_dagrun for example_params_trigger_ui to None, run_after=None
[2023-10-27T17:09:37.145+0000] {processor.py:179} INFO - Processing /home/airflow/.local/lib/python3.8/site-packages/airflow/example_dags/example_params_trigger_ui.py took 0.080 seconds
[2023-10-27T17:10:07.796+0000] {processor.py:157} INFO - Started process (PID=5099) to work on /home/airflow/.local/lib/python3.8/site-packages/airflow/example_dags/example_params_trigger_ui.py
[2023-10-27T17:10:07.797+0000] {processor.py:829} INFO - Processing file /home/airflow/.local/lib/python3.8/site-packages/airflow/example_dags/example_params_trigger_ui.py for tasks to queue
[2023-10-27T17:10:07.798+0000] {logging_mixin.py:151} INFO - [2023-10-27T17:10:07.798+0000] {dagbag.py:536} INFO - Filling up the DagBag from /home/airflow/.local/lib/python3.8/site-packages/airflow/example_dags/example_params_trigger_ui.py
[2023-10-27T17:10:07.808+0000] {processor.py:839} INFO - DAG(s) dict_keys(['example_params_trigger_ui']) retrieved from /home/airflow/.local/lib/python3.8/site-packages/airflow/example_dags/example_params_trigger_ui.py
[2023-10-27T17:10:07.853+0000] {logging_mixin.py:151} INFO - [2023-10-27T17:10:07.853+0000] {dag.py:2941} INFO - Sync 1 DAGs
[2023-10-27T17:10:07.864+0000] {logging_mixin.py:151} INFO - [2023-10-27T17:10:07.864+0000] {dag.py:3722} INFO - Setting next_dagrun for example_params_trigger_ui to None, run_after=None
[2023-10-27T17:10:07.876+0000] {processor.py:179} INFO - Processing /home/airflow/.local/lib/python3.8/site-packages/airflow/example_dags/example_params_trigger_ui.py took 0.082 seconds
[2023-10-27T17:10:38.513+0000] {processor.py:157} INFO - Started process (PID=5155) to work on /home/airflow/.local/lib/python3.8/site-packages/airflow/example_dags/example_params_trigger_ui.py
[2023-10-27T17:10:38.514+0000] {processor.py:829} INFO - Processing file /home/airflow/.local/lib/python3.8/site-packages/airflow/example_dags/example_params_trigger_ui.py for tasks to queue
[2023-10-27T17:10:38.515+0000] {logging_mixin.py:151} INFO - [2023-10-27T17:10:38.514+0000] {dagbag.py:536} INFO - Filling up the DagBag from /home/airflow/.local/lib/python3.8/site-packages/airflow/example_dags/example_params_trigger_ui.py
[2023-10-27T17:10:38.524+0000] {processor.py:839} INFO - DAG(s) dict_keys(['example_params_trigger_ui']) retrieved from /home/airflow/.local/lib/python3.8/site-packages/airflow/example_dags/example_params_trigger_ui.py
[2023-10-27T17:10:38.558+0000] {logging_mixin.py:151} INFO - [2023-10-27T17:10:38.558+0000] {dag.py:2941} INFO - Sync 1 DAGs
[2023-10-27T17:10:38.566+0000] {logging_mixin.py:151} INFO - [2023-10-27T17:10:38.566+0000] {dag.py:3722} INFO - Setting next_dagrun for example_params_trigger_ui to None, run_after=None
[2023-10-27T17:10:38.578+0000] {processor.py:179} INFO - Processing /home/airflow/.local/lib/python3.8/site-packages/airflow/example_dags/example_params_trigger_ui.py took 0.066 seconds
[2023-10-27T17:11:09.231+0000] {processor.py:157} INFO - Started process (PID=5211) to work on /home/airflow/.local/lib/python3.8/site-packages/airflow/example_dags/example_params_trigger_ui.py
[2023-10-27T17:11:09.232+0000] {processor.py:829} INFO - Processing file /home/airflow/.local/lib/python3.8/site-packages/airflow/example_dags/example_params_trigger_ui.py for tasks to queue
[2023-10-27T17:11:09.233+0000] {logging_mixin.py:151} INFO - [2023-10-27T17:11:09.232+0000] {dagbag.py:536} INFO - Filling up the DagBag from /home/airflow/.local/lib/python3.8/site-packages/airflow/example_dags/example_params_trigger_ui.py
[2023-10-27T17:11:09.242+0000] {processor.py:839} INFO - DAG(s) dict_keys(['example_params_trigger_ui']) retrieved from /home/airflow/.local/lib/python3.8/site-packages/airflow/example_dags/example_params_trigger_ui.py
[2023-10-27T17:11:09.276+0000] {logging_mixin.py:151} INFO - [2023-10-27T17:11:09.275+0000] {dag.py:2941} INFO - Sync 1 DAGs
[2023-10-27T17:11:09.283+0000] {logging_mixin.py:151} INFO - [2023-10-27T17:11:09.283+0000] {dag.py:3722} INFO - Setting next_dagrun for example_params_trigger_ui to None, run_after=None
[2023-10-27T17:11:09.296+0000] {processor.py:179} INFO - Processing /home/airflow/.local/lib/python3.8/site-packages/airflow/example_dags/example_params_trigger_ui.py took 0.067 seconds
[2023-10-27T17:11:39.970+0000] {processor.py:157} INFO - Started process (PID=5267) to work on /home/airflow/.local/lib/python3.8/site-packages/airflow/example_dags/example_params_trigger_ui.py
[2023-10-27T17:11:39.970+0000] {processor.py:829} INFO - Processing file /home/airflow/.local/lib/python3.8/site-packages/airflow/example_dags/example_params_trigger_ui.py for tasks to queue
[2023-10-27T17:11:39.972+0000] {logging_mixin.py:151} INFO - [2023-10-27T17:11:39.971+0000] {dagbag.py:536} INFO - Filling up the DagBag from /home/airflow/.local/lib/python3.8/site-packages/airflow/example_dags/example_params_trigger_ui.py
[2023-10-27T17:11:39.981+0000] {processor.py:839} INFO - DAG(s) dict_keys(['example_params_trigger_ui']) retrieved from /home/airflow/.local/lib/python3.8/site-packages/airflow/example_dags/example_params_trigger_ui.py
[2023-10-27T17:11:40.026+0000] {logging_mixin.py:151} INFO - [2023-10-27T17:11:40.026+0000] {dag.py:2941} INFO - Sync 1 DAGs
[2023-10-27T17:11:40.036+0000] {logging_mixin.py:151} INFO - [2023-10-27T17:11:40.036+0000] {dag.py:3722} INFO - Setting next_dagrun for example_params_trigger_ui to None, run_after=None
[2023-10-27T17:11:40.051+0000] {processor.py:179} INFO - Processing /home/airflow/.local/lib/python3.8/site-packages/airflow/example_dags/example_params_trigger_ui.py took 0.083 seconds
