[2023-10-27T16:56:49.738+0000] {processor.py:157} INFO - Started process (PID=3654) to work on /home/airflow/.local/lib/python3.8/site-packages/airflow/example_dags/example_dag_decorator.py
[2023-10-27T16:56:49.739+0000] {processor.py:829} INFO - Processing file /home/airflow/.local/lib/python3.8/site-packages/airflow/example_dags/example_dag_decorator.py for tasks to queue
[2023-10-27T16:56:49.740+0000] {logging_mixin.py:151} INFO - [2023-10-27T16:56:49.740+0000] {dagbag.py:536} INFO - Filling up the DagBag from /home/airflow/.local/lib/python3.8/site-packages/airflow/example_dags/example_dag_decorator.py
[2023-10-27T16:56:49.807+0000] {processor.py:839} INFO - DAG(s) dict_keys(['example_dag_decorator']) retrieved from /home/airflow/.local/lib/python3.8/site-packages/airflow/example_dags/example_dag_decorator.py
[2023-10-27T16:56:49.905+0000] {logging_mixin.py:151} INFO - [2023-10-27T16:56:49.905+0000] {dag.py:2941} INFO - Sync 1 DAGs
[2023-10-27T16:56:49.914+0000] {logging_mixin.py:151} INFO - [2023-10-27T16:56:49.914+0000] {dag.py:3722} INFO - Setting next_dagrun for example_dag_decorator to None, run_after=None
[2023-10-27T16:56:49.930+0000] {processor.py:179} INFO - Processing /home/airflow/.local/lib/python3.8/site-packages/airflow/example_dags/example_dag_decorator.py took 0.194 seconds
[2023-10-27T16:57:20.837+0000] {processor.py:157} INFO - Started process (PID=3710) to work on /home/airflow/.local/lib/python3.8/site-packages/airflow/example_dags/example_dag_decorator.py
[2023-10-27T16:57:20.838+0000] {processor.py:829} INFO - Processing file /home/airflow/.local/lib/python3.8/site-packages/airflow/example_dags/example_dag_decorator.py for tasks to queue
[2023-10-27T16:57:20.840+0000] {logging_mixin.py:151} INFO - [2023-10-27T16:57:20.840+0000] {dagbag.py:536} INFO - Filling up the DagBag from /home/airflow/.local/lib/python3.8/site-packages/airflow/example_dags/example_dag_decorator.py
[2023-10-27T16:57:20.886+0000] {processor.py:839} INFO - DAG(s) dict_keys(['example_dag_decorator']) retrieved from /home/airflow/.local/lib/python3.8/site-packages/airflow/example_dags/example_dag_decorator.py
[2023-10-27T16:57:20.955+0000] {logging_mixin.py:151} INFO - [2023-10-27T16:57:20.955+0000] {dag.py:2941} INFO - Sync 1 DAGs
[2023-10-27T16:57:20.962+0000] {logging_mixin.py:151} INFO - [2023-10-27T16:57:20.962+0000] {dag.py:3722} INFO - Setting next_dagrun for example_dag_decorator to None, run_after=None
[2023-10-27T16:57:20.973+0000] {processor.py:179} INFO - Processing /home/airflow/.local/lib/python3.8/site-packages/airflow/example_dags/example_dag_decorator.py took 0.141 seconds
[2023-10-27T16:57:51.770+0000] {processor.py:157} INFO - Started process (PID=3766) to work on /home/airflow/.local/lib/python3.8/site-packages/airflow/example_dags/example_dag_decorator.py
[2023-10-27T16:57:51.772+0000] {processor.py:829} INFO - Processing file /home/airflow/.local/lib/python3.8/site-packages/airflow/example_dags/example_dag_decorator.py for tasks to queue
[2023-10-27T16:57:51.774+0000] {logging_mixin.py:151} INFO - [2023-10-27T16:57:51.774+0000] {dagbag.py:536} INFO - Filling up the DagBag from /home/airflow/.local/lib/python3.8/site-packages/airflow/example_dags/example_dag_decorator.py
[2023-10-27T16:57:51.830+0000] {processor.py:839} INFO - DAG(s) dict_keys(['example_dag_decorator']) retrieved from /home/airflow/.local/lib/python3.8/site-packages/airflow/example_dags/example_dag_decorator.py
[2023-10-27T16:57:51.849+0000] {logging_mixin.py:151} INFO - [2023-10-27T16:57:51.849+0000] {dag.py:2941} INFO - Sync 1 DAGs
[2023-10-27T16:57:51.860+0000] {logging_mixin.py:151} INFO - [2023-10-27T16:57:51.860+0000] {dag.py:3722} INFO - Setting next_dagrun for example_dag_decorator to None, run_after=None
[2023-10-27T16:57:51.873+0000] {processor.py:179} INFO - Processing /home/airflow/.local/lib/python3.8/site-packages/airflow/example_dags/example_dag_decorator.py took 0.105 seconds
[2023-10-27T16:58:22.517+0000] {processor.py:157} INFO - Started process (PID=3823) to work on /home/airflow/.local/lib/python3.8/site-packages/airflow/example_dags/example_dag_decorator.py
[2023-10-27T16:58:22.520+0000] {processor.py:829} INFO - Processing file /home/airflow/.local/lib/python3.8/site-packages/airflow/example_dags/example_dag_decorator.py for tasks to queue
[2023-10-27T16:58:22.522+0000] {logging_mixin.py:151} INFO - [2023-10-27T16:58:22.521+0000] {dagbag.py:536} INFO - Filling up the DagBag from /home/airflow/.local/lib/python3.8/site-packages/airflow/example_dags/example_dag_decorator.py
[2023-10-27T16:58:22.564+0000] {processor.py:839} INFO - DAG(s) dict_keys(['example_dag_decorator']) retrieved from /home/airflow/.local/lib/python3.8/site-packages/airflow/example_dags/example_dag_decorator.py
[2023-10-27T16:58:22.636+0000] {logging_mixin.py:151} INFO - [2023-10-27T16:58:22.636+0000] {dag.py:2941} INFO - Sync 1 DAGs
[2023-10-27T16:58:22.644+0000] {logging_mixin.py:151} INFO - [2023-10-27T16:58:22.644+0000] {dag.py:3722} INFO - Setting next_dagrun for example_dag_decorator to None, run_after=None
[2023-10-27T16:58:22.657+0000] {processor.py:179} INFO - Processing /home/airflow/.local/lib/python3.8/site-packages/airflow/example_dags/example_dag_decorator.py took 0.143 seconds
[2023-10-27T16:58:53.478+0000] {processor.py:157} INFO - Started process (PID=3880) to work on /home/airflow/.local/lib/python3.8/site-packages/airflow/example_dags/example_dag_decorator.py
[2023-10-27T16:58:53.479+0000] {processor.py:829} INFO - Processing file /home/airflow/.local/lib/python3.8/site-packages/airflow/example_dags/example_dag_decorator.py for tasks to queue
[2023-10-27T16:58:53.480+0000] {logging_mixin.py:151} INFO - [2023-10-27T16:58:53.480+0000] {dagbag.py:536} INFO - Filling up the DagBag from /home/airflow/.local/lib/python3.8/site-packages/airflow/example_dags/example_dag_decorator.py
[2023-10-27T16:58:53.523+0000] {processor.py:839} INFO - DAG(s) dict_keys(['example_dag_decorator']) retrieved from /home/airflow/.local/lib/python3.8/site-packages/airflow/example_dags/example_dag_decorator.py
[2023-10-27T16:58:53.613+0000] {logging_mixin.py:151} INFO - [2023-10-27T16:58:53.612+0000] {dag.py:2941} INFO - Sync 1 DAGs
[2023-10-27T16:58:53.623+0000] {logging_mixin.py:151} INFO - [2023-10-27T16:58:53.623+0000] {dag.py:3722} INFO - Setting next_dagrun for example_dag_decorator to None, run_after=None
[2023-10-27T16:58:53.642+0000] {processor.py:179} INFO - Processing /home/airflow/.local/lib/python3.8/site-packages/airflow/example_dags/example_dag_decorator.py took 0.166 seconds
[2023-10-27T16:59:24.458+0000] {processor.py:157} INFO - Started process (PID=3943) to work on /home/airflow/.local/lib/python3.8/site-packages/airflow/example_dags/example_dag_decorator.py
[2023-10-27T16:59:24.461+0000] {processor.py:829} INFO - Processing file /home/airflow/.local/lib/python3.8/site-packages/airflow/example_dags/example_dag_decorator.py for tasks to queue
[2023-10-27T16:59:24.462+0000] {logging_mixin.py:151} INFO - [2023-10-27T16:59:24.462+0000] {dagbag.py:536} INFO - Filling up the DagBag from /home/airflow/.local/lib/python3.8/site-packages/airflow/example_dags/example_dag_decorator.py
[2023-10-27T16:59:24.523+0000] {processor.py:839} INFO - DAG(s) dict_keys(['example_dag_decorator']) retrieved from /home/airflow/.local/lib/python3.8/site-packages/airflow/example_dags/example_dag_decorator.py
[2023-10-27T16:59:24.540+0000] {logging_mixin.py:151} INFO - [2023-10-27T16:59:24.540+0000] {dag.py:2941} INFO - Sync 1 DAGs
[2023-10-27T16:59:24.548+0000] {logging_mixin.py:151} INFO - [2023-10-27T16:59:24.547+0000] {dag.py:3722} INFO - Setting next_dagrun for example_dag_decorator to None, run_after=None
[2023-10-27T16:59:24.561+0000] {processor.py:179} INFO - Processing /home/airflow/.local/lib/python3.8/site-packages/airflow/example_dags/example_dag_decorator.py took 0.104 seconds
[2023-10-27T16:59:55.233+0000] {processor.py:157} INFO - Started process (PID=3999) to work on /home/airflow/.local/lib/python3.8/site-packages/airflow/example_dags/example_dag_decorator.py
[2023-10-27T16:59:55.236+0000] {processor.py:829} INFO - Processing file /home/airflow/.local/lib/python3.8/site-packages/airflow/example_dags/example_dag_decorator.py for tasks to queue
[2023-10-27T16:59:55.237+0000] {logging_mixin.py:151} INFO - [2023-10-27T16:59:55.237+0000] {dagbag.py:536} INFO - Filling up the DagBag from /home/airflow/.local/lib/python3.8/site-packages/airflow/example_dags/example_dag_decorator.py
[2023-10-27T16:59:55.288+0000] {processor.py:839} INFO - DAG(s) dict_keys(['example_dag_decorator']) retrieved from /home/airflow/.local/lib/python3.8/site-packages/airflow/example_dags/example_dag_decorator.py
[2023-10-27T16:59:55.305+0000] {logging_mixin.py:151} INFO - [2023-10-27T16:59:55.305+0000] {dag.py:2941} INFO - Sync 1 DAGs
[2023-10-27T16:59:55.313+0000] {logging_mixin.py:151} INFO - [2023-10-27T16:59:55.312+0000] {dag.py:3722} INFO - Setting next_dagrun for example_dag_decorator to None, run_after=None
[2023-10-27T16:59:55.324+0000] {processor.py:179} INFO - Processing /home/airflow/.local/lib/python3.8/site-packages/airflow/example_dags/example_dag_decorator.py took 0.092 seconds
[2023-10-27T17:00:26.000+0000] {processor.py:157} INFO - Started process (PID=4055) to work on /home/airflow/.local/lib/python3.8/site-packages/airflow/example_dags/example_dag_decorator.py
[2023-10-27T17:00:26.003+0000] {processor.py:829} INFO - Processing file /home/airflow/.local/lib/python3.8/site-packages/airflow/example_dags/example_dag_decorator.py for tasks to queue
[2023-10-27T17:00:26.005+0000] {logging_mixin.py:151} INFO - [2023-10-27T17:00:26.005+0000] {dagbag.py:536} INFO - Filling up the DagBag from /home/airflow/.local/lib/python3.8/site-packages/airflow/example_dags/example_dag_decorator.py
[2023-10-27T17:00:26.048+0000] {processor.py:839} INFO - DAG(s) dict_keys(['example_dag_decorator']) retrieved from /home/airflow/.local/lib/python3.8/site-packages/airflow/example_dags/example_dag_decorator.py
[2023-10-27T17:00:26.116+0000] {logging_mixin.py:151} INFO - [2023-10-27T17:00:26.115+0000] {dag.py:2941} INFO - Sync 1 DAGs
[2023-10-27T17:00:26.124+0000] {logging_mixin.py:151} INFO - [2023-10-27T17:00:26.124+0000] {dag.py:3722} INFO - Setting next_dagrun for example_dag_decorator to None, run_after=None
[2023-10-27T17:00:26.137+0000] {processor.py:179} INFO - Processing /home/airflow/.local/lib/python3.8/site-packages/airflow/example_dags/example_dag_decorator.py took 0.139 seconds
[2023-10-27T17:00:56.951+0000] {processor.py:157} INFO - Started process (PID=4111) to work on /home/airflow/.local/lib/python3.8/site-packages/airflow/example_dags/example_dag_decorator.py
[2023-10-27T17:00:56.951+0000] {processor.py:829} INFO - Processing file /home/airflow/.local/lib/python3.8/site-packages/airflow/example_dags/example_dag_decorator.py for tasks to queue
[2023-10-27T17:00:56.953+0000] {logging_mixin.py:151} INFO - [2023-10-27T17:00:56.952+0000] {dagbag.py:536} INFO - Filling up the DagBag from /home/airflow/.local/lib/python3.8/site-packages/airflow/example_dags/example_dag_decorator.py
[2023-10-27T17:00:57.011+0000] {processor.py:839} INFO - DAG(s) dict_keys(['example_dag_decorator']) retrieved from /home/airflow/.local/lib/python3.8/site-packages/airflow/example_dags/example_dag_decorator.py
[2023-10-27T17:00:57.083+0000] {logging_mixin.py:151} INFO - [2023-10-27T17:00:57.083+0000] {dag.py:2941} INFO - Sync 1 DAGs
[2023-10-27T17:00:57.090+0000] {logging_mixin.py:151} INFO - [2023-10-27T17:00:57.090+0000] {dag.py:3722} INFO - Setting next_dagrun for example_dag_decorator to None, run_after=None
[2023-10-27T17:00:57.103+0000] {processor.py:179} INFO - Processing /home/airflow/.local/lib/python3.8/site-packages/airflow/example_dags/example_dag_decorator.py took 0.154 seconds
[2023-10-27T17:01:27.848+0000] {processor.py:157} INFO - Started process (PID=4167) to work on /home/airflow/.local/lib/python3.8/site-packages/airflow/example_dags/example_dag_decorator.py
[2023-10-27T17:01:27.850+0000] {processor.py:829} INFO - Processing file /home/airflow/.local/lib/python3.8/site-packages/airflow/example_dags/example_dag_decorator.py for tasks to queue
[2023-10-27T17:01:27.852+0000] {logging_mixin.py:151} INFO - [2023-10-27T17:01:27.852+0000] {dagbag.py:536} INFO - Filling up the DagBag from /home/airflow/.local/lib/python3.8/site-packages/airflow/example_dags/example_dag_decorator.py
[2023-10-27T17:01:27.917+0000] {processor.py:839} INFO - DAG(s) dict_keys(['example_dag_decorator']) retrieved from /home/airflow/.local/lib/python3.8/site-packages/airflow/example_dags/example_dag_decorator.py
[2023-10-27T17:01:27.934+0000] {logging_mixin.py:151} INFO - [2023-10-27T17:01:27.934+0000] {dag.py:2941} INFO - Sync 1 DAGs
[2023-10-27T17:01:27.942+0000] {logging_mixin.py:151} INFO - [2023-10-27T17:01:27.942+0000] {dag.py:3722} INFO - Setting next_dagrun for example_dag_decorator to None, run_after=None
[2023-10-27T17:01:27.955+0000] {processor.py:179} INFO - Processing /home/airflow/.local/lib/python3.8/site-packages/airflow/example_dags/example_dag_decorator.py took 0.110 seconds
[2023-10-27T17:01:58.616+0000] {processor.py:157} INFO - Started process (PID=4223) to work on /home/airflow/.local/lib/python3.8/site-packages/airflow/example_dags/example_dag_decorator.py
[2023-10-27T17:01:58.619+0000] {processor.py:829} INFO - Processing file /home/airflow/.local/lib/python3.8/site-packages/airflow/example_dags/example_dag_decorator.py for tasks to queue
[2023-10-27T17:01:58.620+0000] {logging_mixin.py:151} INFO - [2023-10-27T17:01:58.620+0000] {dagbag.py:536} INFO - Filling up the DagBag from /home/airflow/.local/lib/python3.8/site-packages/airflow/example_dags/example_dag_decorator.py
[2023-10-27T17:01:58.682+0000] {processor.py:839} INFO - DAG(s) dict_keys(['example_dag_decorator']) retrieved from /home/airflow/.local/lib/python3.8/site-packages/airflow/example_dags/example_dag_decorator.py
[2023-10-27T17:01:58.756+0000] {logging_mixin.py:151} INFO - [2023-10-27T17:01:58.755+0000] {dag.py:2941} INFO - Sync 1 DAGs
[2023-10-27T17:01:58.764+0000] {logging_mixin.py:151} INFO - [2023-10-27T17:01:58.764+0000] {dag.py:3722} INFO - Setting next_dagrun for example_dag_decorator to None, run_after=None
[2023-10-27T17:01:58.779+0000] {processor.py:179} INFO - Processing /home/airflow/.local/lib/python3.8/site-packages/airflow/example_dags/example_dag_decorator.py took 0.165 seconds
[2023-10-27T17:02:29.561+0000] {processor.py:157} INFO - Started process (PID=4279) to work on /home/airflow/.local/lib/python3.8/site-packages/airflow/example_dags/example_dag_decorator.py
[2023-10-27T17:02:29.564+0000] {processor.py:829} INFO - Processing file /home/airflow/.local/lib/python3.8/site-packages/airflow/example_dags/example_dag_decorator.py for tasks to queue
[2023-10-27T17:02:29.565+0000] {logging_mixin.py:151} INFO - [2023-10-27T17:02:29.565+0000] {dagbag.py:536} INFO - Filling up the DagBag from /home/airflow/.local/lib/python3.8/site-packages/airflow/example_dags/example_dag_decorator.py
[2023-10-27T17:02:29.608+0000] {processor.py:839} INFO - DAG(s) dict_keys(['example_dag_decorator']) retrieved from /home/airflow/.local/lib/python3.8/site-packages/airflow/example_dags/example_dag_decorator.py
[2023-10-27T17:02:29.624+0000] {logging_mixin.py:151} INFO - [2023-10-27T17:02:29.624+0000] {dag.py:2941} INFO - Sync 1 DAGs
[2023-10-27T17:02:29.632+0000] {logging_mixin.py:151} INFO - [2023-10-27T17:02:29.631+0000] {dag.py:3722} INFO - Setting next_dagrun for example_dag_decorator to None, run_after=None
[2023-10-27T17:02:29.643+0000] {processor.py:179} INFO - Processing /home/airflow/.local/lib/python3.8/site-packages/airflow/example_dags/example_dag_decorator.py took 0.084 seconds
[2023-10-27T17:03:00.449+0000] {processor.py:157} INFO - Started process (PID=4335) to work on /home/airflow/.local/lib/python3.8/site-packages/airflow/example_dags/example_dag_decorator.py
[2023-10-27T17:03:00.452+0000] {processor.py:829} INFO - Processing file /home/airflow/.local/lib/python3.8/site-packages/airflow/example_dags/example_dag_decorator.py for tasks to queue
[2023-10-27T17:03:00.453+0000] {logging_mixin.py:151} INFO - [2023-10-27T17:03:00.453+0000] {dagbag.py:536} INFO - Filling up the DagBag from /home/airflow/.local/lib/python3.8/site-packages/airflow/example_dags/example_dag_decorator.py
[2023-10-27T17:03:00.510+0000] {processor.py:839} INFO - DAG(s) dict_keys(['example_dag_decorator']) retrieved from /home/airflow/.local/lib/python3.8/site-packages/airflow/example_dags/example_dag_decorator.py
[2023-10-27T17:03:00.584+0000] {logging_mixin.py:151} INFO - [2023-10-27T17:03:00.584+0000] {dag.py:2941} INFO - Sync 1 DAGs
[2023-10-27T17:03:00.593+0000] {logging_mixin.py:151} INFO - [2023-10-27T17:03:00.592+0000] {dag.py:3722} INFO - Setting next_dagrun for example_dag_decorator to None, run_after=None
[2023-10-27T17:03:00.606+0000] {processor.py:179} INFO - Processing /home/airflow/.local/lib/python3.8/site-packages/airflow/example_dags/example_dag_decorator.py took 0.158 seconds
[2023-10-27T17:03:31.429+0000] {processor.py:157} INFO - Started process (PID=4392) to work on /home/airflow/.local/lib/python3.8/site-packages/airflow/example_dags/example_dag_decorator.py
[2023-10-27T17:03:31.432+0000] {processor.py:829} INFO - Processing file /home/airflow/.local/lib/python3.8/site-packages/airflow/example_dags/example_dag_decorator.py for tasks to queue
[2023-10-27T17:03:31.433+0000] {logging_mixin.py:151} INFO - [2023-10-27T17:03:31.433+0000] {dagbag.py:536} INFO - Filling up the DagBag from /home/airflow/.local/lib/python3.8/site-packages/airflow/example_dags/example_dag_decorator.py
[2023-10-27T17:03:31.475+0000] {processor.py:839} INFO - DAG(s) dict_keys(['example_dag_decorator']) retrieved from /home/airflow/.local/lib/python3.8/site-packages/airflow/example_dags/example_dag_decorator.py
[2023-10-27T17:03:31.541+0000] {logging_mixin.py:151} INFO - [2023-10-27T17:03:31.541+0000] {dag.py:2941} INFO - Sync 1 DAGs
[2023-10-27T17:03:31.548+0000] {logging_mixin.py:151} INFO - [2023-10-27T17:03:31.548+0000] {dag.py:3722} INFO - Setting next_dagrun for example_dag_decorator to None, run_after=None
[2023-10-27T17:03:31.560+0000] {processor.py:179} INFO - Processing /home/airflow/.local/lib/python3.8/site-packages/airflow/example_dags/example_dag_decorator.py took 0.133 seconds
[2023-10-27T17:04:02.438+0000] {processor.py:157} INFO - Started process (PID=4448) to work on /home/airflow/.local/lib/python3.8/site-packages/airflow/example_dags/example_dag_decorator.py
[2023-10-27T17:04:02.440+0000] {processor.py:829} INFO - Processing file /home/airflow/.local/lib/python3.8/site-packages/airflow/example_dags/example_dag_decorator.py for tasks to queue
[2023-10-27T17:04:02.442+0000] {logging_mixin.py:151} INFO - [2023-10-27T17:04:02.442+0000] {dagbag.py:536} INFO - Filling up the DagBag from /home/airflow/.local/lib/python3.8/site-packages/airflow/example_dags/example_dag_decorator.py
[2023-10-27T17:04:02.486+0000] {processor.py:839} INFO - DAG(s) dict_keys(['example_dag_decorator']) retrieved from /home/airflow/.local/lib/python3.8/site-packages/airflow/example_dags/example_dag_decorator.py
[2023-10-27T17:04:02.503+0000] {logging_mixin.py:151} INFO - [2023-10-27T17:04:02.503+0000] {dag.py:2941} INFO - Sync 1 DAGs
[2023-10-27T17:04:02.511+0000] {logging_mixin.py:151} INFO - [2023-10-27T17:04:02.511+0000] {dag.py:3722} INFO - Setting next_dagrun for example_dag_decorator to None, run_after=None
[2023-10-27T17:04:02.523+0000] {processor.py:179} INFO - Processing /home/airflow/.local/lib/python3.8/site-packages/airflow/example_dags/example_dag_decorator.py took 0.087 seconds
[2023-10-27T17:04:33.348+0000] {processor.py:157} INFO - Started process (PID=4504) to work on /home/airflow/.local/lib/python3.8/site-packages/airflow/example_dags/example_dag_decorator.py
[2023-10-27T17:04:33.349+0000] {processor.py:829} INFO - Processing file /home/airflow/.local/lib/python3.8/site-packages/airflow/example_dags/example_dag_decorator.py for tasks to queue
[2023-10-27T17:04:33.351+0000] {logging_mixin.py:151} INFO - [2023-10-27T17:04:33.350+0000] {dagbag.py:536} INFO - Filling up the DagBag from /home/airflow/.local/lib/python3.8/site-packages/airflow/example_dags/example_dag_decorator.py
[2023-10-27T17:04:33.408+0000] {processor.py:839} INFO - DAG(s) dict_keys(['example_dag_decorator']) retrieved from /home/airflow/.local/lib/python3.8/site-packages/airflow/example_dags/example_dag_decorator.py
[2023-10-27T17:04:33.423+0000] {logging_mixin.py:151} INFO - [2023-10-27T17:04:33.423+0000] {dag.py:2941} INFO - Sync 1 DAGs
[2023-10-27T17:04:33.430+0000] {logging_mixin.py:151} INFO - [2023-10-27T17:04:33.430+0000] {dag.py:3722} INFO - Setting next_dagrun for example_dag_decorator to None, run_after=None
[2023-10-27T17:04:33.442+0000] {processor.py:179} INFO - Processing /home/airflow/.local/lib/python3.8/site-packages/airflow/example_dags/example_dag_decorator.py took 0.096 seconds
[2023-10-27T17:05:04.331+0000] {processor.py:157} INFO - Started process (PID=4561) to work on /home/airflow/.local/lib/python3.8/site-packages/airflow/example_dags/example_dag_decorator.py
[2023-10-27T17:05:04.333+0000] {processor.py:829} INFO - Processing file /home/airflow/.local/lib/python3.8/site-packages/airflow/example_dags/example_dag_decorator.py for tasks to queue
[2023-10-27T17:05:04.335+0000] {logging_mixin.py:151} INFO - [2023-10-27T17:05:04.334+0000] {dagbag.py:536} INFO - Filling up the DagBag from /home/airflow/.local/lib/python3.8/site-packages/airflow/example_dags/example_dag_decorator.py
[2023-10-27T17:05:04.377+0000] {processor.py:839} INFO - DAG(s) dict_keys(['example_dag_decorator']) retrieved from /home/airflow/.local/lib/python3.8/site-packages/airflow/example_dags/example_dag_decorator.py
[2023-10-27T17:05:04.441+0000] {logging_mixin.py:151} INFO - [2023-10-27T17:05:04.441+0000] {dag.py:2941} INFO - Sync 1 DAGs
[2023-10-27T17:05:04.449+0000] {logging_mixin.py:151} INFO - [2023-10-27T17:05:04.449+0000] {dag.py:3722} INFO - Setting next_dagrun for example_dag_decorator to None, run_after=None
[2023-10-27T17:05:04.460+0000] {processor.py:179} INFO - Processing /home/airflow/.local/lib/python3.8/site-packages/airflow/example_dags/example_dag_decorator.py took 0.132 seconds
[2023-10-27T17:05:35.255+0000] {processor.py:157} INFO - Started process (PID=4617) to work on /home/airflow/.local/lib/python3.8/site-packages/airflow/example_dags/example_dag_decorator.py
[2023-10-27T17:05:35.257+0000] {processor.py:829} INFO - Processing file /home/airflow/.local/lib/python3.8/site-packages/airflow/example_dags/example_dag_decorator.py for tasks to queue
[2023-10-27T17:05:35.259+0000] {logging_mixin.py:151} INFO - [2023-10-27T17:05:35.259+0000] {dagbag.py:536} INFO - Filling up the DagBag from /home/airflow/.local/lib/python3.8/site-packages/airflow/example_dags/example_dag_decorator.py
[2023-10-27T17:05:35.318+0000] {processor.py:839} INFO - DAG(s) dict_keys(['example_dag_decorator']) retrieved from /home/airflow/.local/lib/python3.8/site-packages/airflow/example_dags/example_dag_decorator.py
[2023-10-27T17:05:35.335+0000] {logging_mixin.py:151} INFO - [2023-10-27T17:05:35.335+0000] {dag.py:2941} INFO - Sync 1 DAGs
[2023-10-27T17:05:35.343+0000] {logging_mixin.py:151} INFO - [2023-10-27T17:05:35.343+0000] {dag.py:3722} INFO - Setting next_dagrun for example_dag_decorator to None, run_after=None
[2023-10-27T17:05:35.355+0000] {processor.py:179} INFO - Processing /home/airflow/.local/lib/python3.8/site-packages/airflow/example_dags/example_dag_decorator.py took 0.105 seconds
[2023-10-27T17:06:06.207+0000] {processor.py:157} INFO - Started process (PID=4673) to work on /home/airflow/.local/lib/python3.8/site-packages/airflow/example_dags/example_dag_decorator.py
[2023-10-27T17:06:06.210+0000] {processor.py:829} INFO - Processing file /home/airflow/.local/lib/python3.8/site-packages/airflow/example_dags/example_dag_decorator.py for tasks to queue
[2023-10-27T17:06:06.211+0000] {logging_mixin.py:151} INFO - [2023-10-27T17:06:06.211+0000] {dagbag.py:536} INFO - Filling up the DagBag from /home/airflow/.local/lib/python3.8/site-packages/airflow/example_dags/example_dag_decorator.py
[2023-10-27T17:06:06.254+0000] {processor.py:839} INFO - DAG(s) dict_keys(['example_dag_decorator']) retrieved from /home/airflow/.local/lib/python3.8/site-packages/airflow/example_dags/example_dag_decorator.py
[2023-10-27T17:06:06.317+0000] {logging_mixin.py:151} INFO - [2023-10-27T17:06:06.317+0000] {dag.py:2941} INFO - Sync 1 DAGs
[2023-10-27T17:06:06.324+0000] {logging_mixin.py:151} INFO - [2023-10-27T17:06:06.324+0000] {dag.py:3722} INFO - Setting next_dagrun for example_dag_decorator to None, run_after=None
[2023-10-27T17:06:06.335+0000] {processor.py:179} INFO - Processing /home/airflow/.local/lib/python3.8/site-packages/airflow/example_dags/example_dag_decorator.py took 0.131 seconds
[2023-10-27T17:06:37.335+0000] {processor.py:157} INFO - Started process (PID=4730) to work on /home/airflow/.local/lib/python3.8/site-packages/airflow/example_dags/example_dag_decorator.py
[2023-10-27T17:06:37.336+0000] {processor.py:829} INFO - Processing file /home/airflow/.local/lib/python3.8/site-packages/airflow/example_dags/example_dag_decorator.py for tasks to queue
[2023-10-27T17:06:37.337+0000] {logging_mixin.py:151} INFO - [2023-10-27T17:06:37.337+0000] {dagbag.py:536} INFO - Filling up the DagBag from /home/airflow/.local/lib/python3.8/site-packages/airflow/example_dags/example_dag_decorator.py
[2023-10-27T17:06:37.395+0000] {processor.py:839} INFO - DAG(s) dict_keys(['example_dag_decorator']) retrieved from /home/airflow/.local/lib/python3.8/site-packages/airflow/example_dags/example_dag_decorator.py
[2023-10-27T17:06:37.462+0000] {logging_mixin.py:151} INFO - [2023-10-27T17:06:37.462+0000] {dag.py:2941} INFO - Sync 1 DAGs
[2023-10-27T17:06:37.471+0000] {logging_mixin.py:151} INFO - [2023-10-27T17:06:37.471+0000] {dag.py:3722} INFO - Setting next_dagrun for example_dag_decorator to None, run_after=None
[2023-10-27T17:06:37.483+0000] {processor.py:179} INFO - Processing /home/airflow/.local/lib/python3.8/site-packages/airflow/example_dags/example_dag_decorator.py took 0.150 seconds
[2023-10-27T17:07:07.550+0000] {processor.py:157} INFO - Started process (PID=4787) to work on /home/airflow/.local/lib/python3.8/site-packages/airflow/example_dags/example_dag_decorator.py
[2023-10-27T17:07:07.550+0000] {processor.py:829} INFO - Processing file /home/airflow/.local/lib/python3.8/site-packages/airflow/example_dags/example_dag_decorator.py for tasks to queue
[2023-10-27T17:07:07.553+0000] {logging_mixin.py:151} INFO - [2023-10-27T17:07:07.552+0000] {dagbag.py:536} INFO - Filling up the DagBag from /home/airflow/.local/lib/python3.8/site-packages/airflow/example_dags/example_dag_decorator.py
[2023-10-27T17:07:07.601+0000] {processor.py:839} INFO - DAG(s) dict_keys(['example_dag_decorator']) retrieved from /home/airflow/.local/lib/python3.8/site-packages/airflow/example_dags/example_dag_decorator.py
[2023-10-27T17:07:07.670+0000] {logging_mixin.py:151} INFO - [2023-10-27T17:07:07.670+0000] {dag.py:2941} INFO - Sync 1 DAGs
[2023-10-27T17:07:07.676+0000] {logging_mixin.py:151} INFO - [2023-10-27T17:07:07.676+0000] {dag.py:3722} INFO - Setting next_dagrun for example_dag_decorator to None, run_after=None
[2023-10-27T17:07:07.688+0000] {processor.py:179} INFO - Processing /home/airflow/.local/lib/python3.8/site-packages/airflow/example_dags/example_dag_decorator.py took 0.141 seconds
[2023-10-27T17:07:37.706+0000] {processor.py:157} INFO - Started process (PID=4843) to work on /home/airflow/.local/lib/python3.8/site-packages/airflow/example_dags/example_dag_decorator.py
[2023-10-27T17:07:37.706+0000] {processor.py:829} INFO - Processing file /home/airflow/.local/lib/python3.8/site-packages/airflow/example_dags/example_dag_decorator.py for tasks to queue
[2023-10-27T17:07:37.708+0000] {logging_mixin.py:151} INFO - [2023-10-27T17:07:37.707+0000] {dagbag.py:536} INFO - Filling up the DagBag from /home/airflow/.local/lib/python3.8/site-packages/airflow/example_dags/example_dag_decorator.py
[2023-10-27T17:07:37.759+0000] {processor.py:839} INFO - DAG(s) dict_keys(['example_dag_decorator']) retrieved from /home/airflow/.local/lib/python3.8/site-packages/airflow/example_dags/example_dag_decorator.py
[2023-10-27T17:07:37.834+0000] {logging_mixin.py:151} INFO - [2023-10-27T17:07:37.834+0000] {dag.py:2941} INFO - Sync 1 DAGs
[2023-10-27T17:07:37.842+0000] {logging_mixin.py:151} INFO - [2023-10-27T17:07:37.842+0000] {dag.py:3722} INFO - Setting next_dagrun for example_dag_decorator to None, run_after=None
[2023-10-27T17:07:37.858+0000] {processor.py:179} INFO - Processing /home/airflow/.local/lib/python3.8/site-packages/airflow/example_dags/example_dag_decorator.py took 0.154 seconds
[2023-10-27T17:08:08.638+0000] {processor.py:157} INFO - Started process (PID=4898) to work on /home/airflow/.local/lib/python3.8/site-packages/airflow/example_dags/example_dag_decorator.py
[2023-10-27T17:08:08.638+0000] {processor.py:829} INFO - Processing file /home/airflow/.local/lib/python3.8/site-packages/airflow/example_dags/example_dag_decorator.py for tasks to queue
[2023-10-27T17:08:08.639+0000] {logging_mixin.py:151} INFO - [2023-10-27T17:08:08.639+0000] {dagbag.py:536} INFO - Filling up the DagBag from /home/airflow/.local/lib/python3.8/site-packages/airflow/example_dags/example_dag_decorator.py
[2023-10-27T17:08:08.684+0000] {processor.py:839} INFO - DAG(s) dict_keys(['example_dag_decorator']) retrieved from /home/airflow/.local/lib/python3.8/site-packages/airflow/example_dags/example_dag_decorator.py
[2023-10-27T17:08:08.749+0000] {logging_mixin.py:151} INFO - [2023-10-27T17:08:08.749+0000] {dag.py:2941} INFO - Sync 1 DAGs
[2023-10-27T17:08:08.756+0000] {logging_mixin.py:151} INFO - [2023-10-27T17:08:08.756+0000] {dag.py:3722} INFO - Setting next_dagrun for example_dag_decorator to None, run_after=None
[2023-10-27T17:08:08.768+0000] {processor.py:179} INFO - Processing /home/airflow/.local/lib/python3.8/site-packages/airflow/example_dags/example_dag_decorator.py took 0.133 seconds
[2023-10-27T17:08:39.351+0000] {processor.py:157} INFO - Started process (PID=4954) to work on /home/airflow/.local/lib/python3.8/site-packages/airflow/example_dags/example_dag_decorator.py
[2023-10-27T17:08:39.354+0000] {processor.py:829} INFO - Processing file /home/airflow/.local/lib/python3.8/site-packages/airflow/example_dags/example_dag_decorator.py for tasks to queue
[2023-10-27T17:08:39.356+0000] {logging_mixin.py:151} INFO - [2023-10-27T17:08:39.356+0000] {dagbag.py:536} INFO - Filling up the DagBag from /home/airflow/.local/lib/python3.8/site-packages/airflow/example_dags/example_dag_decorator.py
[2023-10-27T17:08:39.419+0000] {processor.py:839} INFO - DAG(s) dict_keys(['example_dag_decorator']) retrieved from /home/airflow/.local/lib/python3.8/site-packages/airflow/example_dags/example_dag_decorator.py
[2023-10-27T17:08:39.491+0000] {logging_mixin.py:151} INFO - [2023-10-27T17:08:39.491+0000] {dag.py:2941} INFO - Sync 1 DAGs
[2023-10-27T17:08:39.498+0000] {logging_mixin.py:151} INFO - [2023-10-27T17:08:39.497+0000] {dag.py:3722} INFO - Setting next_dagrun for example_dag_decorator to None, run_after=None
[2023-10-27T17:08:39.509+0000] {processor.py:179} INFO - Processing /home/airflow/.local/lib/python3.8/site-packages/airflow/example_dags/example_dag_decorator.py took 0.160 seconds
[2023-10-27T17:09:10.132+0000] {processor.py:157} INFO - Started process (PID=5010) to work on /home/airflow/.local/lib/python3.8/site-packages/airflow/example_dags/example_dag_decorator.py
[2023-10-27T17:09:10.132+0000] {processor.py:829} INFO - Processing file /home/airflow/.local/lib/python3.8/site-packages/airflow/example_dags/example_dag_decorator.py for tasks to queue
[2023-10-27T17:09:10.133+0000] {logging_mixin.py:151} INFO - [2023-10-27T17:09:10.133+0000] {dagbag.py:536} INFO - Filling up the DagBag from /home/airflow/.local/lib/python3.8/site-packages/airflow/example_dags/example_dag_decorator.py
[2023-10-27T17:09:10.185+0000] {processor.py:839} INFO - DAG(s) dict_keys(['example_dag_decorator']) retrieved from /home/airflow/.local/lib/python3.8/site-packages/airflow/example_dags/example_dag_decorator.py
[2023-10-27T17:09:10.251+0000] {logging_mixin.py:151} INFO - [2023-10-27T17:09:10.251+0000] {dag.py:2941} INFO - Sync 1 DAGs
[2023-10-27T17:09:10.258+0000] {logging_mixin.py:151} INFO - [2023-10-27T17:09:10.258+0000] {dag.py:3722} INFO - Setting next_dagrun for example_dag_decorator to None, run_after=None
[2023-10-27T17:09:10.269+0000] {processor.py:179} INFO - Processing /home/airflow/.local/lib/python3.8/site-packages/airflow/example_dags/example_dag_decorator.py took 0.141 seconds
[2023-10-27T17:09:40.906+0000] {processor.py:157} INFO - Started process (PID=5067) to work on /home/airflow/.local/lib/python3.8/site-packages/airflow/example_dags/example_dag_decorator.py
[2023-10-27T17:09:40.909+0000] {processor.py:829} INFO - Processing file /home/airflow/.local/lib/python3.8/site-packages/airflow/example_dags/example_dag_decorator.py for tasks to queue
[2023-10-27T17:09:40.910+0000] {logging_mixin.py:151} INFO - [2023-10-27T17:09:40.910+0000] {dagbag.py:536} INFO - Filling up the DagBag from /home/airflow/.local/lib/python3.8/site-packages/airflow/example_dags/example_dag_decorator.py
[2023-10-27T17:09:40.952+0000] {processor.py:839} INFO - DAG(s) dict_keys(['example_dag_decorator']) retrieved from /home/airflow/.local/lib/python3.8/site-packages/airflow/example_dags/example_dag_decorator.py
[2023-10-27T17:09:40.970+0000] {logging_mixin.py:151} INFO - [2023-10-27T17:09:40.970+0000] {dag.py:2941} INFO - Sync 1 DAGs
[2023-10-27T17:09:40.980+0000] {logging_mixin.py:151} INFO - [2023-10-27T17:09:40.980+0000] {dag.py:3722} INFO - Setting next_dagrun for example_dag_decorator to None, run_after=None
[2023-10-27T17:09:40.993+0000] {processor.py:179} INFO - Processing /home/airflow/.local/lib/python3.8/site-packages/airflow/example_dags/example_dag_decorator.py took 0.089 seconds
[2023-10-27T17:10:11.628+0000] {processor.py:157} INFO - Started process (PID=5123) to work on /home/airflow/.local/lib/python3.8/site-packages/airflow/example_dags/example_dag_decorator.py
[2023-10-27T17:10:11.631+0000] {processor.py:829} INFO - Processing file /home/airflow/.local/lib/python3.8/site-packages/airflow/example_dags/example_dag_decorator.py for tasks to queue
[2023-10-27T17:10:11.632+0000] {logging_mixin.py:151} INFO - [2023-10-27T17:10:11.632+0000] {dagbag.py:536} INFO - Filling up the DagBag from /home/airflow/.local/lib/python3.8/site-packages/airflow/example_dags/example_dag_decorator.py
[2023-10-27T17:10:11.673+0000] {processor.py:839} INFO - DAG(s) dict_keys(['example_dag_decorator']) retrieved from /home/airflow/.local/lib/python3.8/site-packages/airflow/example_dags/example_dag_decorator.py
[2023-10-27T17:10:11.741+0000] {logging_mixin.py:151} INFO - [2023-10-27T17:10:11.741+0000] {dag.py:2941} INFO - Sync 1 DAGs
[2023-10-27T17:10:11.750+0000] {logging_mixin.py:151} INFO - [2023-10-27T17:10:11.749+0000] {dag.py:3722} INFO - Setting next_dagrun for example_dag_decorator to None, run_after=None
[2023-10-27T17:10:11.764+0000] {processor.py:179} INFO - Processing /home/airflow/.local/lib/python3.8/site-packages/airflow/example_dags/example_dag_decorator.py took 0.138 seconds
[2023-10-27T17:10:42.298+0000] {processor.py:157} INFO - Started process (PID=5179) to work on /home/airflow/.local/lib/python3.8/site-packages/airflow/example_dags/example_dag_decorator.py
[2023-10-27T17:10:42.299+0000] {processor.py:829} INFO - Processing file /home/airflow/.local/lib/python3.8/site-packages/airflow/example_dags/example_dag_decorator.py for tasks to queue
[2023-10-27T17:10:42.300+0000] {logging_mixin.py:151} INFO - [2023-10-27T17:10:42.300+0000] {dagbag.py:536} INFO - Filling up the DagBag from /home/airflow/.local/lib/python3.8/site-packages/airflow/example_dags/example_dag_decorator.py
[2023-10-27T17:10:42.346+0000] {processor.py:839} INFO - DAG(s) dict_keys(['example_dag_decorator']) retrieved from /home/airflow/.local/lib/python3.8/site-packages/airflow/example_dags/example_dag_decorator.py
[2023-10-27T17:10:42.410+0000] {logging_mixin.py:151} INFO - [2023-10-27T17:10:42.410+0000] {dag.py:2941} INFO - Sync 1 DAGs
[2023-10-27T17:10:42.418+0000] {logging_mixin.py:151} INFO - [2023-10-27T17:10:42.417+0000] {dag.py:3722} INFO - Setting next_dagrun for example_dag_decorator to None, run_after=None
[2023-10-27T17:10:42.429+0000] {processor.py:179} INFO - Processing /home/airflow/.local/lib/python3.8/site-packages/airflow/example_dags/example_dag_decorator.py took 0.134 seconds
[2023-10-27T17:11:13.058+0000] {processor.py:157} INFO - Started process (PID=5235) to work on /home/airflow/.local/lib/python3.8/site-packages/airflow/example_dags/example_dag_decorator.py
[2023-10-27T17:11:13.061+0000] {processor.py:829} INFO - Processing file /home/airflow/.local/lib/python3.8/site-packages/airflow/example_dags/example_dag_decorator.py for tasks to queue
[2023-10-27T17:11:13.062+0000] {logging_mixin.py:151} INFO - [2023-10-27T17:11:13.062+0000] {dagbag.py:536} INFO - Filling up the DagBag from /home/airflow/.local/lib/python3.8/site-packages/airflow/example_dags/example_dag_decorator.py
[2023-10-27T17:11:13.107+0000] {processor.py:839} INFO - DAG(s) dict_keys(['example_dag_decorator']) retrieved from /home/airflow/.local/lib/python3.8/site-packages/airflow/example_dags/example_dag_decorator.py
[2023-10-27T17:11:13.178+0000] {logging_mixin.py:151} INFO - [2023-10-27T17:11:13.178+0000] {dag.py:2941} INFO - Sync 1 DAGs
[2023-10-27T17:11:13.185+0000] {logging_mixin.py:151} INFO - [2023-10-27T17:11:13.185+0000] {dag.py:3722} INFO - Setting next_dagrun for example_dag_decorator to None, run_after=None
[2023-10-27T17:11:13.199+0000] {processor.py:179} INFO - Processing /home/airflow/.local/lib/python3.8/site-packages/airflow/example_dags/example_dag_decorator.py took 0.142 seconds
[2023-10-27T17:11:43.820+0000] {processor.py:157} INFO - Started process (PID=5291) to work on /home/airflow/.local/lib/python3.8/site-packages/airflow/example_dags/example_dag_decorator.py
[2023-10-27T17:11:43.820+0000] {processor.py:829} INFO - Processing file /home/airflow/.local/lib/python3.8/site-packages/airflow/example_dags/example_dag_decorator.py for tasks to queue
[2023-10-27T17:11:43.821+0000] {logging_mixin.py:151} INFO - [2023-10-27T17:11:43.821+0000] {dagbag.py:536} INFO - Filling up the DagBag from /home/airflow/.local/lib/python3.8/site-packages/airflow/example_dags/example_dag_decorator.py
[2023-10-27T17:11:43.877+0000] {processor.py:839} INFO - DAG(s) dict_keys(['example_dag_decorator']) retrieved from /home/airflow/.local/lib/python3.8/site-packages/airflow/example_dags/example_dag_decorator.py
[2023-10-27T17:11:43.895+0000] {logging_mixin.py:151} INFO - [2023-10-27T17:11:43.895+0000] {dag.py:2941} INFO - Sync 1 DAGs
[2023-10-27T17:11:43.903+0000] {logging_mixin.py:151} INFO - [2023-10-27T17:11:43.903+0000] {dag.py:3722} INFO - Setting next_dagrun for example_dag_decorator to None, run_after=None
[2023-10-27T17:11:43.915+0000] {processor.py:179} INFO - Processing /home/airflow/.local/lib/python3.8/site-packages/airflow/example_dags/example_dag_decorator.py took 0.097 seconds
