[2023-10-27T16:56:47.449+0000] {processor.py:157} INFO - Started process (PID=3618) to work on /home/airflow/.local/lib/python3.8/site-packages/airflow/example_dags/example_short_circuit_decorator.py
[2023-10-27T16:56:47.450+0000] {processor.py:829} INFO - Processing file /home/airflow/.local/lib/python3.8/site-packages/airflow/example_dags/example_short_circuit_decorator.py for tasks to queue
[2023-10-27T16:56:47.451+0000] {logging_mixin.py:151} INFO - [2023-10-27T16:56:47.450+0000] {dagbag.py:536} INFO - Filling up the DagBag from /home/airflow/.local/lib/python3.8/site-packages/airflow/example_dags/example_short_circuit_decorator.py
[2023-10-27T16:56:47.456+0000] {processor.py:839} INFO - DAG(s) dict_keys(['example_short_circuit_decorator']) retrieved from /home/airflow/.local/lib/python3.8/site-packages/airflow/example_dags/example_short_circuit_decorator.py
[2023-10-27T16:56:47.472+0000] {logging_mixin.py:151} INFO - [2023-10-27T16:56:47.472+0000] {dag.py:2941} INFO - Sync 1 DAGs
[2023-10-27T16:56:47.485+0000] {logging_mixin.py:151} INFO - [2023-10-27T16:56:47.485+0000] {dag.py:3722} INFO - Setting next_dagrun for example_short_circuit_decorator to 2023-10-26T16:56:47.485128+00:00, run_after=2023-10-27T16:56:47.485128+00:00
[2023-10-27T16:56:47.497+0000] {processor.py:179} INFO - Processing /home/airflow/.local/lib/python3.8/site-packages/airflow/example_dags/example_short_circuit_decorator.py took 0.049 seconds
[2023-10-27T16:57:17.540+0000] {processor.py:157} INFO - Started process (PID=3674) to work on /home/airflow/.local/lib/python3.8/site-packages/airflow/example_dags/example_short_circuit_decorator.py
[2023-10-27T16:57:17.541+0000] {processor.py:829} INFO - Processing file /home/airflow/.local/lib/python3.8/site-packages/airflow/example_dags/example_short_circuit_decorator.py for tasks to queue
[2023-10-27T16:57:17.542+0000] {logging_mixin.py:151} INFO - [2023-10-27T16:57:17.542+0000] {dagbag.py:536} INFO - Filling up the DagBag from /home/airflow/.local/lib/python3.8/site-packages/airflow/example_dags/example_short_circuit_decorator.py
[2023-10-27T16:57:17.548+0000] {processor.py:839} INFO - DAG(s) dict_keys(['example_short_circuit_decorator']) retrieved from /home/airflow/.local/lib/python3.8/site-packages/airflow/example_dags/example_short_circuit_decorator.py
[2023-10-27T16:57:17.561+0000] {logging_mixin.py:151} INFO - [2023-10-27T16:57:17.561+0000] {dag.py:2941} INFO - Sync 1 DAGs
[2023-10-27T16:57:17.574+0000] {logging_mixin.py:151} INFO - [2023-10-27T16:57:17.574+0000] {dag.py:3722} INFO - Setting next_dagrun for example_short_circuit_decorator to 2023-10-26T16:57:17.574163+00:00, run_after=2023-10-27T16:57:17.574163+00:00
[2023-10-27T16:57:17.585+0000] {processor.py:179} INFO - Processing /home/airflow/.local/lib/python3.8/site-packages/airflow/example_dags/example_short_circuit_decorator.py took 0.046 seconds
[2023-10-27T16:57:48.527+0000] {processor.py:157} INFO - Started process (PID=3730) to work on /home/airflow/.local/lib/python3.8/site-packages/airflow/example_dags/example_short_circuit_decorator.py
[2023-10-27T16:57:48.528+0000] {processor.py:829} INFO - Processing file /home/airflow/.local/lib/python3.8/site-packages/airflow/example_dags/example_short_circuit_decorator.py for tasks to queue
[2023-10-27T16:57:48.529+0000] {logging_mixin.py:151} INFO - [2023-10-27T16:57:48.529+0000] {dagbag.py:536} INFO - Filling up the DagBag from /home/airflow/.local/lib/python3.8/site-packages/airflow/example_dags/example_short_circuit_decorator.py
[2023-10-27T16:57:48.534+0000] {processor.py:839} INFO - DAG(s) dict_keys(['example_short_circuit_decorator']) retrieved from /home/airflow/.local/lib/python3.8/site-packages/airflow/example_dags/example_short_circuit_decorator.py
[2023-10-27T16:57:48.549+0000] {logging_mixin.py:151} INFO - [2023-10-27T16:57:48.549+0000] {dag.py:2941} INFO - Sync 1 DAGs
[2023-10-27T16:57:48.564+0000] {logging_mixin.py:151} INFO - [2023-10-27T16:57:48.564+0000] {dag.py:3722} INFO - Setting next_dagrun for example_short_circuit_decorator to 2023-10-26T16:57:48.563914+00:00, run_after=2023-10-27T16:57:48.563914+00:00
[2023-10-27T16:57:48.576+0000] {processor.py:179} INFO - Processing /home/airflow/.local/lib/python3.8/site-packages/airflow/example_dags/example_short_circuit_decorator.py took 0.051 seconds
[2023-10-27T16:58:19.259+0000] {processor.py:157} INFO - Started process (PID=3787) to work on /home/airflow/.local/lib/python3.8/site-packages/airflow/example_dags/example_short_circuit_decorator.py
[2023-10-27T16:58:19.259+0000] {processor.py:829} INFO - Processing file /home/airflow/.local/lib/python3.8/site-packages/airflow/example_dags/example_short_circuit_decorator.py for tasks to queue
[2023-10-27T16:58:19.260+0000] {logging_mixin.py:151} INFO - [2023-10-27T16:58:19.260+0000] {dagbag.py:536} INFO - Filling up the DagBag from /home/airflow/.local/lib/python3.8/site-packages/airflow/example_dags/example_short_circuit_decorator.py
[2023-10-27T16:58:19.266+0000] {processor.py:839} INFO - DAG(s) dict_keys(['example_short_circuit_decorator']) retrieved from /home/airflow/.local/lib/python3.8/site-packages/airflow/example_dags/example_short_circuit_decorator.py
[2023-10-27T16:58:19.280+0000] {logging_mixin.py:151} INFO - [2023-10-27T16:58:19.280+0000] {dag.py:2941} INFO - Sync 1 DAGs
[2023-10-27T16:58:19.298+0000] {logging_mixin.py:151} INFO - [2023-10-27T16:58:19.297+0000] {dag.py:3722} INFO - Setting next_dagrun for example_short_circuit_decorator to 2023-10-26T16:58:19.297760+00:00, run_after=2023-10-27T16:58:19.297760+00:00
[2023-10-27T16:58:19.313+0000] {processor.py:179} INFO - Processing /home/airflow/.local/lib/python3.8/site-packages/airflow/example_dags/example_short_circuit_decorator.py took 0.056 seconds
[2023-10-27T16:58:50.203+0000] {processor.py:157} INFO - Started process (PID=3844) to work on /home/airflow/.local/lib/python3.8/site-packages/airflow/example_dags/example_short_circuit_decorator.py
[2023-10-27T16:58:50.203+0000] {processor.py:829} INFO - Processing file /home/airflow/.local/lib/python3.8/site-packages/airflow/example_dags/example_short_circuit_decorator.py for tasks to queue
[2023-10-27T16:58:50.205+0000] {logging_mixin.py:151} INFO - [2023-10-27T16:58:50.205+0000] {dagbag.py:536} INFO - Filling up the DagBag from /home/airflow/.local/lib/python3.8/site-packages/airflow/example_dags/example_short_circuit_decorator.py
[2023-10-27T16:58:50.212+0000] {processor.py:839} INFO - DAG(s) dict_keys(['example_short_circuit_decorator']) retrieved from /home/airflow/.local/lib/python3.8/site-packages/airflow/example_dags/example_short_circuit_decorator.py
[2023-10-27T16:58:50.227+0000] {logging_mixin.py:151} INFO - [2023-10-27T16:58:50.227+0000] {dag.py:2941} INFO - Sync 1 DAGs
[2023-10-27T16:58:50.246+0000] {logging_mixin.py:151} INFO - [2023-10-27T16:58:50.246+0000] {dag.py:3722} INFO - Setting next_dagrun for example_short_circuit_decorator to 2023-10-26T16:58:50.246681+00:00, run_after=2023-10-27T16:58:50.246681+00:00
[2023-10-27T16:58:50.258+0000] {processor.py:179} INFO - Processing /home/airflow/.local/lib/python3.8/site-packages/airflow/example_dags/example_short_circuit_decorator.py took 0.057 seconds
[2023-10-27T16:59:21.202+0000] {processor.py:157} INFO - Started process (PID=3900) to work on /home/airflow/.local/lib/python3.8/site-packages/airflow/example_dags/example_short_circuit_decorator.py
[2023-10-27T16:59:21.203+0000] {processor.py:829} INFO - Processing file /home/airflow/.local/lib/python3.8/site-packages/airflow/example_dags/example_short_circuit_decorator.py for tasks to queue
[2023-10-27T16:59:21.205+0000] {logging_mixin.py:151} INFO - [2023-10-27T16:59:21.204+0000] {dagbag.py:536} INFO - Filling up the DagBag from /home/airflow/.local/lib/python3.8/site-packages/airflow/example_dags/example_short_circuit_decorator.py
[2023-10-27T16:59:21.212+0000] {processor.py:839} INFO - DAG(s) dict_keys(['example_short_circuit_decorator']) retrieved from /home/airflow/.local/lib/python3.8/site-packages/airflow/example_dags/example_short_circuit_decorator.py
[2023-10-27T16:59:21.226+0000] {logging_mixin.py:151} INFO - [2023-10-27T16:59:21.226+0000] {dag.py:2941} INFO - Sync 1 DAGs
[2023-10-27T16:59:21.241+0000] {logging_mixin.py:151} INFO - [2023-10-27T16:59:21.240+0000] {dag.py:3722} INFO - Setting next_dagrun for example_short_circuit_decorator to 2023-10-26T16:59:21.240807+00:00, run_after=2023-10-27T16:59:21.240807+00:00
[2023-10-27T16:59:21.252+0000] {processor.py:179} INFO - Processing /home/airflow/.local/lib/python3.8/site-packages/airflow/example_dags/example_short_circuit_decorator.py took 0.052 seconds
[2023-10-27T16:59:51.935+0000] {processor.py:157} INFO - Started process (PID=3956) to work on /home/airflow/.local/lib/python3.8/site-packages/airflow/example_dags/example_short_circuit_decorator.py
[2023-10-27T16:59:51.935+0000] {processor.py:829} INFO - Processing file /home/airflow/.local/lib/python3.8/site-packages/airflow/example_dags/example_short_circuit_decorator.py for tasks to queue
[2023-10-27T16:59:51.936+0000] {logging_mixin.py:151} INFO - [2023-10-27T16:59:51.936+0000] {dagbag.py:536} INFO - Filling up the DagBag from /home/airflow/.local/lib/python3.8/site-packages/airflow/example_dags/example_short_circuit_decorator.py
[2023-10-27T16:59:51.942+0000] {processor.py:839} INFO - DAG(s) dict_keys(['example_short_circuit_decorator']) retrieved from /home/airflow/.local/lib/python3.8/site-packages/airflow/example_dags/example_short_circuit_decorator.py
[2023-10-27T16:59:51.961+0000] {logging_mixin.py:151} INFO - [2023-10-27T16:59:51.961+0000] {dag.py:2941} INFO - Sync 1 DAGs
[2023-10-27T16:59:51.979+0000] {logging_mixin.py:151} INFO - [2023-10-27T16:59:51.979+0000] {dag.py:3722} INFO - Setting next_dagrun for example_short_circuit_decorator to 2023-10-26T16:59:51.979477+00:00, run_after=2023-10-27T16:59:51.979477+00:00
[2023-10-27T16:59:51.993+0000] {processor.py:179} INFO - Processing /home/airflow/.local/lib/python3.8/site-packages/airflow/example_dags/example_short_circuit_decorator.py took 0.060 seconds
[2023-10-27T17:00:22.707+0000] {processor.py:157} INFO - Started process (PID=4012) to work on /home/airflow/.local/lib/python3.8/site-packages/airflow/example_dags/example_short_circuit_decorator.py
[2023-10-27T17:00:22.708+0000] {processor.py:829} INFO - Processing file /home/airflow/.local/lib/python3.8/site-packages/airflow/example_dags/example_short_circuit_decorator.py for tasks to queue
[2023-10-27T17:00:22.709+0000] {logging_mixin.py:151} INFO - [2023-10-27T17:00:22.709+0000] {dagbag.py:536} INFO - Filling up the DagBag from /home/airflow/.local/lib/python3.8/site-packages/airflow/example_dags/example_short_circuit_decorator.py
[2023-10-27T17:00:22.717+0000] {processor.py:839} INFO - DAG(s) dict_keys(['example_short_circuit_decorator']) retrieved from /home/airflow/.local/lib/python3.8/site-packages/airflow/example_dags/example_short_circuit_decorator.py
[2023-10-27T17:00:22.731+0000] {logging_mixin.py:151} INFO - [2023-10-27T17:00:22.731+0000] {dag.py:2941} INFO - Sync 1 DAGs
[2023-10-27T17:00:22.747+0000] {logging_mixin.py:151} INFO - [2023-10-27T17:00:22.747+0000] {dag.py:3722} INFO - Setting next_dagrun for example_short_circuit_decorator to 2023-10-26T17:00:22.747144+00:00, run_after=2023-10-27T17:00:22.747144+00:00
[2023-10-27T17:00:22.759+0000] {processor.py:179} INFO - Processing /home/airflow/.local/lib/python3.8/site-packages/airflow/example_dags/example_short_circuit_decorator.py took 0.054 seconds
[2023-10-27T17:00:53.703+0000] {processor.py:157} INFO - Started process (PID=4068) to work on /home/airflow/.local/lib/python3.8/site-packages/airflow/example_dags/example_short_circuit_decorator.py
[2023-10-27T17:00:53.704+0000] {processor.py:829} INFO - Processing file /home/airflow/.local/lib/python3.8/site-packages/airflow/example_dags/example_short_circuit_decorator.py for tasks to queue
[2023-10-27T17:00:53.705+0000] {logging_mixin.py:151} INFO - [2023-10-27T17:00:53.705+0000] {dagbag.py:536} INFO - Filling up the DagBag from /home/airflow/.local/lib/python3.8/site-packages/airflow/example_dags/example_short_circuit_decorator.py
[2023-10-27T17:00:53.711+0000] {processor.py:839} INFO - DAG(s) dict_keys(['example_short_circuit_decorator']) retrieved from /home/airflow/.local/lib/python3.8/site-packages/airflow/example_dags/example_short_circuit_decorator.py
[2023-10-27T17:00:53.726+0000] {logging_mixin.py:151} INFO - [2023-10-27T17:00:53.726+0000] {dag.py:2941} INFO - Sync 1 DAGs
[2023-10-27T17:00:53.741+0000] {logging_mixin.py:151} INFO - [2023-10-27T17:00:53.741+0000] {dag.py:3722} INFO - Setting next_dagrun for example_short_circuit_decorator to 2023-10-26T17:00:53.740880+00:00, run_after=2023-10-27T17:00:53.740880+00:00
[2023-10-27T17:00:53.752+0000] {processor.py:179} INFO - Processing /home/airflow/.local/lib/python3.8/site-packages/airflow/example_dags/example_short_circuit_decorator.py took 0.051 seconds
[2023-10-27T17:01:24.648+0000] {processor.py:157} INFO - Started process (PID=4131) to work on /home/airflow/.local/lib/python3.8/site-packages/airflow/example_dags/example_short_circuit_decorator.py
[2023-10-27T17:01:24.649+0000] {processor.py:829} INFO - Processing file /home/airflow/.local/lib/python3.8/site-packages/airflow/example_dags/example_short_circuit_decorator.py for tasks to queue
[2023-10-27T17:01:24.650+0000] {logging_mixin.py:151} INFO - [2023-10-27T17:01:24.650+0000] {dagbag.py:536} INFO - Filling up the DagBag from /home/airflow/.local/lib/python3.8/site-packages/airflow/example_dags/example_short_circuit_decorator.py
[2023-10-27T17:01:24.655+0000] {processor.py:839} INFO - DAG(s) dict_keys(['example_short_circuit_decorator']) retrieved from /home/airflow/.local/lib/python3.8/site-packages/airflow/example_dags/example_short_circuit_decorator.py
[2023-10-27T17:01:24.670+0000] {logging_mixin.py:151} INFO - [2023-10-27T17:01:24.670+0000] {dag.py:2941} INFO - Sync 1 DAGs
[2023-10-27T17:01:24.687+0000] {logging_mixin.py:151} INFO - [2023-10-27T17:01:24.686+0000] {dag.py:3722} INFO - Setting next_dagrun for example_short_circuit_decorator to 2023-10-26T17:01:24.686741+00:00, run_after=2023-10-27T17:01:24.686741+00:00
[2023-10-27T17:01:24.700+0000] {processor.py:179} INFO - Processing /home/airflow/.local/lib/python3.8/site-packages/airflow/example_dags/example_short_circuit_decorator.py took 0.053 seconds
[2023-10-27T17:01:55.353+0000] {processor.py:157} INFO - Started process (PID=4187) to work on /home/airflow/.local/lib/python3.8/site-packages/airflow/example_dags/example_short_circuit_decorator.py
[2023-10-27T17:01:55.354+0000] {processor.py:829} INFO - Processing file /home/airflow/.local/lib/python3.8/site-packages/airflow/example_dags/example_short_circuit_decorator.py for tasks to queue
[2023-10-27T17:01:55.355+0000] {logging_mixin.py:151} INFO - [2023-10-27T17:01:55.355+0000] {dagbag.py:536} INFO - Filling up the DagBag from /home/airflow/.local/lib/python3.8/site-packages/airflow/example_dags/example_short_circuit_decorator.py
[2023-10-27T17:01:55.361+0000] {processor.py:839} INFO - DAG(s) dict_keys(['example_short_circuit_decorator']) retrieved from /home/airflow/.local/lib/python3.8/site-packages/airflow/example_dags/example_short_circuit_decorator.py
[2023-10-27T17:01:55.376+0000] {logging_mixin.py:151} INFO - [2023-10-27T17:01:55.375+0000] {dag.py:2941} INFO - Sync 1 DAGs
[2023-10-27T17:01:55.391+0000] {logging_mixin.py:151} INFO - [2023-10-27T17:01:55.391+0000] {dag.py:3722} INFO - Setting next_dagrun for example_short_circuit_decorator to 2023-10-26T17:01:55.390785+00:00, run_after=2023-10-27T17:01:55.390785+00:00
[2023-10-27T17:01:55.403+0000] {processor.py:179} INFO - Processing /home/airflow/.local/lib/python3.8/site-packages/airflow/example_dags/example_short_circuit_decorator.py took 0.052 seconds
[2023-10-27T17:02:26.314+0000] {processor.py:157} INFO - Started process (PID=4243) to work on /home/airflow/.local/lib/python3.8/site-packages/airflow/example_dags/example_short_circuit_decorator.py
[2023-10-27T17:02:26.314+0000] {processor.py:829} INFO - Processing file /home/airflow/.local/lib/python3.8/site-packages/airflow/example_dags/example_short_circuit_decorator.py for tasks to queue
[2023-10-27T17:02:26.315+0000] {logging_mixin.py:151} INFO - [2023-10-27T17:02:26.315+0000] {dagbag.py:536} INFO - Filling up the DagBag from /home/airflow/.local/lib/python3.8/site-packages/airflow/example_dags/example_short_circuit_decorator.py
[2023-10-27T17:02:26.321+0000] {processor.py:839} INFO - DAG(s) dict_keys(['example_short_circuit_decorator']) retrieved from /home/airflow/.local/lib/python3.8/site-packages/airflow/example_dags/example_short_circuit_decorator.py
[2023-10-27T17:02:26.336+0000] {logging_mixin.py:151} INFO - [2023-10-27T17:02:26.335+0000] {dag.py:2941} INFO - Sync 1 DAGs
[2023-10-27T17:02:26.353+0000] {logging_mixin.py:151} INFO - [2023-10-27T17:02:26.353+0000] {dag.py:3722} INFO - Setting next_dagrun for example_short_circuit_decorator to 2023-10-26T17:02:26.352896+00:00, run_after=2023-10-27T17:02:26.352896+00:00
[2023-10-27T17:02:26.366+0000] {processor.py:179} INFO - Processing /home/airflow/.local/lib/python3.8/site-packages/airflow/example_dags/example_short_circuit_decorator.py took 0.054 seconds
[2023-10-27T17:02:57.203+0000] {processor.py:157} INFO - Started process (PID=4299) to work on /home/airflow/.local/lib/python3.8/site-packages/airflow/example_dags/example_short_circuit_decorator.py
[2023-10-27T17:02:57.204+0000] {processor.py:829} INFO - Processing file /home/airflow/.local/lib/python3.8/site-packages/airflow/example_dags/example_short_circuit_decorator.py for tasks to queue
[2023-10-27T17:02:57.205+0000] {logging_mixin.py:151} INFO - [2023-10-27T17:02:57.205+0000] {dagbag.py:536} INFO - Filling up the DagBag from /home/airflow/.local/lib/python3.8/site-packages/airflow/example_dags/example_short_circuit_decorator.py
[2023-10-27T17:02:57.210+0000] {processor.py:839} INFO - DAG(s) dict_keys(['example_short_circuit_decorator']) retrieved from /home/airflow/.local/lib/python3.8/site-packages/airflow/example_dags/example_short_circuit_decorator.py
[2023-10-27T17:02:57.225+0000] {logging_mixin.py:151} INFO - [2023-10-27T17:02:57.225+0000] {dag.py:2941} INFO - Sync 1 DAGs
[2023-10-27T17:02:57.242+0000] {logging_mixin.py:151} INFO - [2023-10-27T17:02:57.242+0000] {dag.py:3722} INFO - Setting next_dagrun for example_short_circuit_decorator to 2023-10-26T17:02:57.242015+00:00, run_after=2023-10-27T17:02:57.242015+00:00
[2023-10-27T17:02:57.254+0000] {processor.py:179} INFO - Processing /home/airflow/.local/lib/python3.8/site-packages/airflow/example_dags/example_short_circuit_decorator.py took 0.052 seconds
[2023-10-27T17:03:28.178+0000] {processor.py:157} INFO - Started process (PID=4356) to work on /home/airflow/.local/lib/python3.8/site-packages/airflow/example_dags/example_short_circuit_decorator.py
[2023-10-27T17:03:28.178+0000] {processor.py:829} INFO - Processing file /home/airflow/.local/lib/python3.8/site-packages/airflow/example_dags/example_short_circuit_decorator.py for tasks to queue
[2023-10-27T17:03:28.180+0000] {logging_mixin.py:151} INFO - [2023-10-27T17:03:28.179+0000] {dagbag.py:536} INFO - Filling up the DagBag from /home/airflow/.local/lib/python3.8/site-packages/airflow/example_dags/example_short_circuit_decorator.py
[2023-10-27T17:03:28.186+0000] {processor.py:839} INFO - DAG(s) dict_keys(['example_short_circuit_decorator']) retrieved from /home/airflow/.local/lib/python3.8/site-packages/airflow/example_dags/example_short_circuit_decorator.py
[2023-10-27T17:03:28.200+0000] {logging_mixin.py:151} INFO - [2023-10-27T17:03:28.200+0000] {dag.py:2941} INFO - Sync 1 DAGs
[2023-10-27T17:03:28.214+0000] {logging_mixin.py:151} INFO - [2023-10-27T17:03:28.214+0000] {dag.py:3722} INFO - Setting next_dagrun for example_short_circuit_decorator to 2023-10-26T17:03:28.214165+00:00, run_after=2023-10-27T17:03:28.214165+00:00
[2023-10-27T17:03:28.225+0000] {processor.py:179} INFO - Processing /home/airflow/.local/lib/python3.8/site-packages/airflow/example_dags/example_short_circuit_decorator.py took 0.049 seconds
[2023-10-27T17:03:59.132+0000] {processor.py:157} INFO - Started process (PID=4412) to work on /home/airflow/.local/lib/python3.8/site-packages/airflow/example_dags/example_short_circuit_decorator.py
[2023-10-27T17:03:59.133+0000] {processor.py:829} INFO - Processing file /home/airflow/.local/lib/python3.8/site-packages/airflow/example_dags/example_short_circuit_decorator.py for tasks to queue
[2023-10-27T17:03:59.134+0000] {logging_mixin.py:151} INFO - [2023-10-27T17:03:59.134+0000] {dagbag.py:536} INFO - Filling up the DagBag from /home/airflow/.local/lib/python3.8/site-packages/airflow/example_dags/example_short_circuit_decorator.py
[2023-10-27T17:03:59.139+0000] {processor.py:839} INFO - DAG(s) dict_keys(['example_short_circuit_decorator']) retrieved from /home/airflow/.local/lib/python3.8/site-packages/airflow/example_dags/example_short_circuit_decorator.py
[2023-10-27T17:03:59.158+0000] {logging_mixin.py:151} INFO - [2023-10-27T17:03:59.157+0000] {dag.py:2941} INFO - Sync 1 DAGs
[2023-10-27T17:03:59.177+0000] {logging_mixin.py:151} INFO - [2023-10-27T17:03:59.177+0000] {dag.py:3722} INFO - Setting next_dagrun for example_short_circuit_decorator to 2023-10-26T17:03:59.176873+00:00, run_after=2023-10-27T17:03:59.176873+00:00
[2023-10-27T17:03:59.193+0000] {processor.py:179} INFO - Processing /home/airflow/.local/lib/python3.8/site-packages/airflow/example_dags/example_short_circuit_decorator.py took 0.062 seconds
[2023-10-27T17:04:30.094+0000] {processor.py:157} INFO - Started process (PID=4468) to work on /home/airflow/.local/lib/python3.8/site-packages/airflow/example_dags/example_short_circuit_decorator.py
[2023-10-27T17:04:30.095+0000] {processor.py:829} INFO - Processing file /home/airflow/.local/lib/python3.8/site-packages/airflow/example_dags/example_short_circuit_decorator.py for tasks to queue
[2023-10-27T17:04:30.096+0000] {logging_mixin.py:151} INFO - [2023-10-27T17:04:30.096+0000] {dagbag.py:536} INFO - Filling up the DagBag from /home/airflow/.local/lib/python3.8/site-packages/airflow/example_dags/example_short_circuit_decorator.py
[2023-10-27T17:04:30.101+0000] {processor.py:839} INFO - DAG(s) dict_keys(['example_short_circuit_decorator']) retrieved from /home/airflow/.local/lib/python3.8/site-packages/airflow/example_dags/example_short_circuit_decorator.py
[2023-10-27T17:04:30.115+0000] {logging_mixin.py:151} INFO - [2023-10-27T17:04:30.115+0000] {dag.py:2941} INFO - Sync 1 DAGs
[2023-10-27T17:04:30.128+0000] {logging_mixin.py:151} INFO - [2023-10-27T17:04:30.128+0000] {dag.py:3722} INFO - Setting next_dagrun for example_short_circuit_decorator to 2023-10-26T17:04:30.128334+00:00, run_after=2023-10-27T17:04:30.128334+00:00
[2023-10-27T17:04:30.140+0000] {processor.py:179} INFO - Processing /home/airflow/.local/lib/python3.8/site-packages/airflow/example_dags/example_short_circuit_decorator.py took 0.048 seconds
[2023-10-27T17:05:01.008+0000] {processor.py:157} INFO - Started process (PID=4525) to work on /home/airflow/.local/lib/python3.8/site-packages/airflow/example_dags/example_short_circuit_decorator.py
[2023-10-27T17:05:01.009+0000] {processor.py:829} INFO - Processing file /home/airflow/.local/lib/python3.8/site-packages/airflow/example_dags/example_short_circuit_decorator.py for tasks to queue
[2023-10-27T17:05:01.010+0000] {logging_mixin.py:151} INFO - [2023-10-27T17:05:01.010+0000] {dagbag.py:536} INFO - Filling up the DagBag from /home/airflow/.local/lib/python3.8/site-packages/airflow/example_dags/example_short_circuit_decorator.py
[2023-10-27T17:05:01.017+0000] {processor.py:839} INFO - DAG(s) dict_keys(['example_short_circuit_decorator']) retrieved from /home/airflow/.local/lib/python3.8/site-packages/airflow/example_dags/example_short_circuit_decorator.py
[2023-10-27T17:05:01.031+0000] {logging_mixin.py:151} INFO - [2023-10-27T17:05:01.031+0000] {dag.py:2941} INFO - Sync 1 DAGs
[2023-10-27T17:05:01.046+0000] {logging_mixin.py:151} INFO - [2023-10-27T17:05:01.046+0000] {dag.py:3722} INFO - Setting next_dagrun for example_short_circuit_decorator to 2023-10-26T17:05:01.046135+00:00, run_after=2023-10-27T17:05:01.046135+00:00
[2023-10-27T17:05:01.061+0000] {processor.py:179} INFO - Processing /home/airflow/.local/lib/python3.8/site-packages/airflow/example_dags/example_short_circuit_decorator.py took 0.055 seconds
[2023-10-27T17:05:31.855+0000] {processor.py:157} INFO - Started process (PID=4581) to work on /home/airflow/.local/lib/python3.8/site-packages/airflow/example_dags/example_short_circuit_decorator.py
[2023-10-27T17:05:31.855+0000] {processor.py:829} INFO - Processing file /home/airflow/.local/lib/python3.8/site-packages/airflow/example_dags/example_short_circuit_decorator.py for tasks to queue
[2023-10-27T17:05:31.857+0000] {logging_mixin.py:151} INFO - [2023-10-27T17:05:31.856+0000] {dagbag.py:536} INFO - Filling up the DagBag from /home/airflow/.local/lib/python3.8/site-packages/airflow/example_dags/example_short_circuit_decorator.py
[2023-10-27T17:05:31.862+0000] {processor.py:839} INFO - DAG(s) dict_keys(['example_short_circuit_decorator']) retrieved from /home/airflow/.local/lib/python3.8/site-packages/airflow/example_dags/example_short_circuit_decorator.py
[2023-10-27T17:05:31.877+0000] {logging_mixin.py:151} INFO - [2023-10-27T17:05:31.877+0000] {dag.py:2941} INFO - Sync 1 DAGs
[2023-10-27T17:05:31.891+0000] {logging_mixin.py:151} INFO - [2023-10-27T17:05:31.890+0000] {dag.py:3722} INFO - Setting next_dagrun for example_short_circuit_decorator to 2023-10-26T17:05:31.890792+00:00, run_after=2023-10-27T17:05:31.890792+00:00
[2023-10-27T17:05:31.903+0000] {processor.py:179} INFO - Processing /home/airflow/.local/lib/python3.8/site-packages/airflow/example_dags/example_short_circuit_decorator.py took 0.050 seconds
[2023-10-27T17:06:02.733+0000] {processor.py:157} INFO - Started process (PID=4637) to work on /home/airflow/.local/lib/python3.8/site-packages/airflow/example_dags/example_short_circuit_decorator.py
[2023-10-27T17:06:02.733+0000] {processor.py:829} INFO - Processing file /home/airflow/.local/lib/python3.8/site-packages/airflow/example_dags/example_short_circuit_decorator.py for tasks to queue
[2023-10-27T17:06:02.735+0000] {logging_mixin.py:151} INFO - [2023-10-27T17:06:02.735+0000] {dagbag.py:536} INFO - Filling up the DagBag from /home/airflow/.local/lib/python3.8/site-packages/airflow/example_dags/example_short_circuit_decorator.py
[2023-10-27T17:06:02.741+0000] {processor.py:839} INFO - DAG(s) dict_keys(['example_short_circuit_decorator']) retrieved from /home/airflow/.local/lib/python3.8/site-packages/airflow/example_dags/example_short_circuit_decorator.py
[2023-10-27T17:06:02.754+0000] {logging_mixin.py:151} INFO - [2023-10-27T17:06:02.754+0000] {dag.py:2941} INFO - Sync 1 DAGs
[2023-10-27T17:06:02.771+0000] {logging_mixin.py:151} INFO - [2023-10-27T17:06:02.771+0000] {dag.py:3722} INFO - Setting next_dagrun for example_short_circuit_decorator to 2023-10-26T17:06:02.771385+00:00, run_after=2023-10-27T17:06:02.771385+00:00
[2023-10-27T17:06:02.785+0000] {processor.py:179} INFO - Processing /home/airflow/.local/lib/python3.8/site-packages/airflow/example_dags/example_short_circuit_decorator.py took 0.055 seconds
[2023-10-27T17:06:32.877+0000] {processor.py:157} INFO - Started process (PID=4693) to work on /home/airflow/.local/lib/python3.8/site-packages/airflow/example_dags/example_short_circuit_decorator.py
[2023-10-27T17:06:32.877+0000] {processor.py:829} INFO - Processing file /home/airflow/.local/lib/python3.8/site-packages/airflow/example_dags/example_short_circuit_decorator.py for tasks to queue
[2023-10-27T17:06:32.878+0000] {logging_mixin.py:151} INFO - [2023-10-27T17:06:32.878+0000] {dagbag.py:536} INFO - Filling up the DagBag from /home/airflow/.local/lib/python3.8/site-packages/airflow/example_dags/example_short_circuit_decorator.py
[2023-10-27T17:06:32.884+0000] {processor.py:839} INFO - DAG(s) dict_keys(['example_short_circuit_decorator']) retrieved from /home/airflow/.local/lib/python3.8/site-packages/airflow/example_dags/example_short_circuit_decorator.py
[2023-10-27T17:06:32.898+0000] {logging_mixin.py:151} INFO - [2023-10-27T17:06:32.898+0000] {dag.py:2941} INFO - Sync 1 DAGs
[2023-10-27T17:06:32.912+0000] {logging_mixin.py:151} INFO - [2023-10-27T17:06:32.911+0000] {dag.py:3722} INFO - Setting next_dagrun for example_short_circuit_decorator to 2023-10-26T17:06:32.911839+00:00, run_after=2023-10-27T17:06:32.911839+00:00
[2023-10-27T17:06:32.924+0000] {processor.py:179} INFO - Processing /home/airflow/.local/lib/python3.8/site-packages/airflow/example_dags/example_short_circuit_decorator.py took 0.050 seconds
[2023-10-27T17:07:03.002+0000] {processor.py:157} INFO - Started process (PID=4749) to work on /home/airflow/.local/lib/python3.8/site-packages/airflow/example_dags/example_short_circuit_decorator.py
[2023-10-27T17:07:03.003+0000] {processor.py:829} INFO - Processing file /home/airflow/.local/lib/python3.8/site-packages/airflow/example_dags/example_short_circuit_decorator.py for tasks to queue
[2023-10-27T17:07:03.004+0000] {logging_mixin.py:151} INFO - [2023-10-27T17:07:03.004+0000] {dagbag.py:536} INFO - Filling up the DagBag from /home/airflow/.local/lib/python3.8/site-packages/airflow/example_dags/example_short_circuit_decorator.py
[2023-10-27T17:07:03.010+0000] {processor.py:839} INFO - DAG(s) dict_keys(['example_short_circuit_decorator']) retrieved from /home/airflow/.local/lib/python3.8/site-packages/airflow/example_dags/example_short_circuit_decorator.py
[2023-10-27T17:07:03.024+0000] {logging_mixin.py:151} INFO - [2023-10-27T17:07:03.024+0000] {dag.py:2941} INFO - Sync 1 DAGs
[2023-10-27T17:07:03.038+0000] {logging_mixin.py:151} INFO - [2023-10-27T17:07:03.038+0000] {dag.py:3722} INFO - Setting next_dagrun for example_short_circuit_decorator to 2023-10-26T17:07:03.038124+00:00, run_after=2023-10-27T17:07:03.038124+00:00
[2023-10-27T17:07:03.049+0000] {processor.py:179} INFO - Processing /home/airflow/.local/lib/python3.8/site-packages/airflow/example_dags/example_short_circuit_decorator.py took 0.050 seconds
[2023-10-27T17:07:33.153+0000] {processor.py:157} INFO - Started process (PID=4805) to work on /home/airflow/.local/lib/python3.8/site-packages/airflow/example_dags/example_short_circuit_decorator.py
[2023-10-27T17:07:33.153+0000] {processor.py:829} INFO - Processing file /home/airflow/.local/lib/python3.8/site-packages/airflow/example_dags/example_short_circuit_decorator.py for tasks to queue
[2023-10-27T17:07:33.155+0000] {logging_mixin.py:151} INFO - [2023-10-27T17:07:33.154+0000] {dagbag.py:536} INFO - Filling up the DagBag from /home/airflow/.local/lib/python3.8/site-packages/airflow/example_dags/example_short_circuit_decorator.py
[2023-10-27T17:07:33.160+0000] {processor.py:839} INFO - DAG(s) dict_keys(['example_short_circuit_decorator']) retrieved from /home/airflow/.local/lib/python3.8/site-packages/airflow/example_dags/example_short_circuit_decorator.py
[2023-10-27T17:07:33.175+0000] {logging_mixin.py:151} INFO - [2023-10-27T17:07:33.175+0000] {dag.py:2941} INFO - Sync 1 DAGs
[2023-10-27T17:07:33.193+0000] {logging_mixin.py:151} INFO - [2023-10-27T17:07:33.192+0000] {dag.py:3722} INFO - Setting next_dagrun for example_short_circuit_decorator to 2023-10-26T17:07:33.192614+00:00, run_after=2023-10-27T17:07:33.192614+00:00
[2023-10-27T17:07:33.207+0000] {processor.py:179} INFO - Processing /home/airflow/.local/lib/python3.8/site-packages/airflow/example_dags/example_short_circuit_decorator.py took 0.056 seconds
[2023-10-27T17:08:03.294+0000] {processor.py:157} INFO - Started process (PID=4861) to work on /home/airflow/.local/lib/python3.8/site-packages/airflow/example_dags/example_short_circuit_decorator.py
[2023-10-27T17:08:03.294+0000] {processor.py:829} INFO - Processing file /home/airflow/.local/lib/python3.8/site-packages/airflow/example_dags/example_short_circuit_decorator.py for tasks to queue
[2023-10-27T17:08:03.296+0000] {logging_mixin.py:151} INFO - [2023-10-27T17:08:03.296+0000] {dagbag.py:536} INFO - Filling up the DagBag from /home/airflow/.local/lib/python3.8/site-packages/airflow/example_dags/example_short_circuit_decorator.py
[2023-10-27T17:08:03.303+0000] {processor.py:839} INFO - DAG(s) dict_keys(['example_short_circuit_decorator']) retrieved from /home/airflow/.local/lib/python3.8/site-packages/airflow/example_dags/example_short_circuit_decorator.py
[2023-10-27T17:08:03.317+0000] {logging_mixin.py:151} INFO - [2023-10-27T17:08:03.317+0000] {dag.py:2941} INFO - Sync 1 DAGs
[2023-10-27T17:08:03.331+0000] {logging_mixin.py:151} INFO - [2023-10-27T17:08:03.331+0000] {dag.py:3722} INFO - Setting next_dagrun for example_short_circuit_decorator to 2023-10-26T17:08:03.331117+00:00, run_after=2023-10-27T17:08:03.331117+00:00
[2023-10-27T17:08:03.342+0000] {processor.py:179} INFO - Processing /home/airflow/.local/lib/python3.8/site-packages/airflow/example_dags/example_short_circuit_decorator.py took 0.051 seconds
[2023-10-27T17:08:34.094+0000] {processor.py:157} INFO - Started process (PID=4917) to work on /home/airflow/.local/lib/python3.8/site-packages/airflow/example_dags/example_short_circuit_decorator.py
[2023-10-27T17:08:34.095+0000] {processor.py:829} INFO - Processing file /home/airflow/.local/lib/python3.8/site-packages/airflow/example_dags/example_short_circuit_decorator.py for tasks to queue
[2023-10-27T17:08:34.096+0000] {logging_mixin.py:151} INFO - [2023-10-27T17:08:34.096+0000] {dagbag.py:536} INFO - Filling up the DagBag from /home/airflow/.local/lib/python3.8/site-packages/airflow/example_dags/example_short_circuit_decorator.py
[2023-10-27T17:08:34.102+0000] {processor.py:839} INFO - DAG(s) dict_keys(['example_short_circuit_decorator']) retrieved from /home/airflow/.local/lib/python3.8/site-packages/airflow/example_dags/example_short_circuit_decorator.py
[2023-10-27T17:08:34.117+0000] {logging_mixin.py:151} INFO - [2023-10-27T17:08:34.117+0000] {dag.py:2941} INFO - Sync 1 DAGs
[2023-10-27T17:08:34.133+0000] {logging_mixin.py:151} INFO - [2023-10-27T17:08:34.133+0000] {dag.py:3722} INFO - Setting next_dagrun for example_short_circuit_decorator to 2023-10-26T17:08:34.133445+00:00, run_after=2023-10-27T17:08:34.133445+00:00
[2023-10-27T17:08:34.147+0000] {processor.py:179} INFO - Processing /home/airflow/.local/lib/python3.8/site-packages/airflow/example_dags/example_short_circuit_decorator.py took 0.055 seconds
[2023-10-27T17:09:04.851+0000] {processor.py:157} INFO - Started process (PID=4973) to work on /home/airflow/.local/lib/python3.8/site-packages/airflow/example_dags/example_short_circuit_decorator.py
[2023-10-27T17:09:04.852+0000] {processor.py:829} INFO - Processing file /home/airflow/.local/lib/python3.8/site-packages/airflow/example_dags/example_short_circuit_decorator.py for tasks to queue
[2023-10-27T17:09:04.853+0000] {logging_mixin.py:151} INFO - [2023-10-27T17:09:04.853+0000] {dagbag.py:536} INFO - Filling up the DagBag from /home/airflow/.local/lib/python3.8/site-packages/airflow/example_dags/example_short_circuit_decorator.py
[2023-10-27T17:09:04.858+0000] {processor.py:839} INFO - DAG(s) dict_keys(['example_short_circuit_decorator']) retrieved from /home/airflow/.local/lib/python3.8/site-packages/airflow/example_dags/example_short_circuit_decorator.py
[2023-10-27T17:09:04.874+0000] {logging_mixin.py:151} INFO - [2023-10-27T17:09:04.873+0000] {dag.py:2941} INFO - Sync 1 DAGs
[2023-10-27T17:09:04.889+0000] {logging_mixin.py:151} INFO - [2023-10-27T17:09:04.889+0000] {dag.py:3722} INFO - Setting next_dagrun for example_short_circuit_decorator to 2023-10-26T17:09:04.889612+00:00, run_after=2023-10-27T17:09:04.889612+00:00
[2023-10-27T17:09:04.904+0000] {processor.py:179} INFO - Processing /home/airflow/.local/lib/python3.8/site-packages/airflow/example_dags/example_short_circuit_decorator.py took 0.054 seconds
[2023-10-27T17:09:35.603+0000] {processor.py:157} INFO - Started process (PID=5030) to work on /home/airflow/.local/lib/python3.8/site-packages/airflow/example_dags/example_short_circuit_decorator.py
[2023-10-27T17:09:35.603+0000] {processor.py:829} INFO - Processing file /home/airflow/.local/lib/python3.8/site-packages/airflow/example_dags/example_short_circuit_decorator.py for tasks to queue
[2023-10-27T17:09:35.605+0000] {logging_mixin.py:151} INFO - [2023-10-27T17:09:35.604+0000] {dagbag.py:536} INFO - Filling up the DagBag from /home/airflow/.local/lib/python3.8/site-packages/airflow/example_dags/example_short_circuit_decorator.py
[2023-10-27T17:09:35.610+0000] {processor.py:839} INFO - DAG(s) dict_keys(['example_short_circuit_decorator']) retrieved from /home/airflow/.local/lib/python3.8/site-packages/airflow/example_dags/example_short_circuit_decorator.py
[2023-10-27T17:09:35.625+0000] {logging_mixin.py:151} INFO - [2023-10-27T17:09:35.624+0000] {dag.py:2941} INFO - Sync 1 DAGs
[2023-10-27T17:09:35.642+0000] {logging_mixin.py:151} INFO - [2023-10-27T17:09:35.642+0000] {dag.py:3722} INFO - Setting next_dagrun for example_short_circuit_decorator to 2023-10-26T17:09:35.642235+00:00, run_after=2023-10-27T17:09:35.642235+00:00
[2023-10-27T17:09:35.654+0000] {processor.py:179} INFO - Processing /home/airflow/.local/lib/python3.8/site-packages/airflow/example_dags/example_short_circuit_decorator.py took 0.054 seconds
[2023-10-27T17:10:06.346+0000] {processor.py:157} INFO - Started process (PID=5086) to work on /home/airflow/.local/lib/python3.8/site-packages/airflow/example_dags/example_short_circuit_decorator.py
[2023-10-27T17:10:06.346+0000] {processor.py:829} INFO - Processing file /home/airflow/.local/lib/python3.8/site-packages/airflow/example_dags/example_short_circuit_decorator.py for tasks to queue
[2023-10-27T17:10:06.348+0000] {logging_mixin.py:151} INFO - [2023-10-27T17:10:06.347+0000] {dagbag.py:536} INFO - Filling up the DagBag from /home/airflow/.local/lib/python3.8/site-packages/airflow/example_dags/example_short_circuit_decorator.py
[2023-10-27T17:10:06.353+0000] {processor.py:839} INFO - DAG(s) dict_keys(['example_short_circuit_decorator']) retrieved from /home/airflow/.local/lib/python3.8/site-packages/airflow/example_dags/example_short_circuit_decorator.py
[2023-10-27T17:10:06.368+0000] {logging_mixin.py:151} INFO - [2023-10-27T17:10:06.368+0000] {dag.py:2941} INFO - Sync 1 DAGs
[2023-10-27T17:10:06.385+0000] {logging_mixin.py:151} INFO - [2023-10-27T17:10:06.385+0000] {dag.py:3722} INFO - Setting next_dagrun for example_short_circuit_decorator to 2023-10-26T17:10:06.385365+00:00, run_after=2023-10-27T17:10:06.385365+00:00
[2023-10-27T17:10:06.400+0000] {processor.py:179} INFO - Processing /home/airflow/.local/lib/python3.8/site-packages/airflow/example_dags/example_short_circuit_decorator.py took 0.056 seconds
[2023-10-27T17:10:37.072+0000] {processor.py:157} INFO - Started process (PID=5142) to work on /home/airflow/.local/lib/python3.8/site-packages/airflow/example_dags/example_short_circuit_decorator.py
[2023-10-27T17:10:37.072+0000] {processor.py:829} INFO - Processing file /home/airflow/.local/lib/python3.8/site-packages/airflow/example_dags/example_short_circuit_decorator.py for tasks to queue
[2023-10-27T17:10:37.074+0000] {logging_mixin.py:151} INFO - [2023-10-27T17:10:37.074+0000] {dagbag.py:536} INFO - Filling up the DagBag from /home/airflow/.local/lib/python3.8/site-packages/airflow/example_dags/example_short_circuit_decorator.py
[2023-10-27T17:10:37.079+0000] {processor.py:839} INFO - DAG(s) dict_keys(['example_short_circuit_decorator']) retrieved from /home/airflow/.local/lib/python3.8/site-packages/airflow/example_dags/example_short_circuit_decorator.py
[2023-10-27T17:10:37.093+0000] {logging_mixin.py:151} INFO - [2023-10-27T17:10:37.093+0000] {dag.py:2941} INFO - Sync 1 DAGs
[2023-10-27T17:10:37.108+0000] {logging_mixin.py:151} INFO - [2023-10-27T17:10:37.108+0000] {dag.py:3722} INFO - Setting next_dagrun for example_short_circuit_decorator to 2023-10-26T17:10:37.108167+00:00, run_after=2023-10-27T17:10:37.108167+00:00
[2023-10-27T17:10:37.120+0000] {processor.py:179} INFO - Processing /home/airflow/.local/lib/python3.8/site-packages/airflow/example_dags/example_short_circuit_decorator.py took 0.050 seconds
[2023-10-27T17:11:07.791+0000] {processor.py:157} INFO - Started process (PID=5198) to work on /home/airflow/.local/lib/python3.8/site-packages/airflow/example_dags/example_short_circuit_decorator.py
[2023-10-27T17:11:07.791+0000] {processor.py:829} INFO - Processing file /home/airflow/.local/lib/python3.8/site-packages/airflow/example_dags/example_short_circuit_decorator.py for tasks to queue
[2023-10-27T17:11:07.792+0000] {logging_mixin.py:151} INFO - [2023-10-27T17:11:07.792+0000] {dagbag.py:536} INFO - Filling up the DagBag from /home/airflow/.local/lib/python3.8/site-packages/airflow/example_dags/example_short_circuit_decorator.py
[2023-10-27T17:11:07.798+0000] {processor.py:839} INFO - DAG(s) dict_keys(['example_short_circuit_decorator']) retrieved from /home/airflow/.local/lib/python3.8/site-packages/airflow/example_dags/example_short_circuit_decorator.py
[2023-10-27T17:11:07.812+0000] {logging_mixin.py:151} INFO - [2023-10-27T17:11:07.812+0000] {dag.py:2941} INFO - Sync 1 DAGs
[2023-10-27T17:11:07.826+0000] {logging_mixin.py:151} INFO - [2023-10-27T17:11:07.826+0000] {dag.py:3722} INFO - Setting next_dagrun for example_short_circuit_decorator to 2023-10-26T17:11:07.826687+00:00, run_after=2023-10-27T17:11:07.826687+00:00
[2023-10-27T17:11:07.838+0000] {processor.py:179} INFO - Processing /home/airflow/.local/lib/python3.8/site-packages/airflow/example_dags/example_short_circuit_decorator.py took 0.049 seconds
[2023-10-27T17:11:38.532+0000] {processor.py:157} INFO - Started process (PID=5254) to work on /home/airflow/.local/lib/python3.8/site-packages/airflow/example_dags/example_short_circuit_decorator.py
[2023-10-27T17:11:38.533+0000] {processor.py:829} INFO - Processing file /home/airflow/.local/lib/python3.8/site-packages/airflow/example_dags/example_short_circuit_decorator.py for tasks to queue
[2023-10-27T17:11:38.534+0000] {logging_mixin.py:151} INFO - [2023-10-27T17:11:38.534+0000] {dagbag.py:536} INFO - Filling up the DagBag from /home/airflow/.local/lib/python3.8/site-packages/airflow/example_dags/example_short_circuit_decorator.py
[2023-10-27T17:11:38.540+0000] {processor.py:839} INFO - DAG(s) dict_keys(['example_short_circuit_decorator']) retrieved from /home/airflow/.local/lib/python3.8/site-packages/airflow/example_dags/example_short_circuit_decorator.py
[2023-10-27T17:11:38.555+0000] {logging_mixin.py:151} INFO - [2023-10-27T17:11:38.555+0000] {dag.py:2941} INFO - Sync 1 DAGs
[2023-10-27T17:11:38.572+0000] {logging_mixin.py:151} INFO - [2023-10-27T17:11:38.572+0000] {dag.py:3722} INFO - Setting next_dagrun for example_short_circuit_decorator to 2023-10-26T17:11:38.571826+00:00, run_after=2023-10-27T17:11:38.571826+00:00
[2023-10-27T17:11:38.586+0000] {processor.py:179} INFO - Processing /home/airflow/.local/lib/python3.8/site-packages/airflow/example_dags/example_short_circuit_decorator.py took 0.056 seconds
