[2023-10-27T16:56:48.651+0000] {processor.py:157} INFO - Started process (PID=3633) to work on /home/airflow/.local/lib/python3.8/site-packages/airflow/example_dags/example_setup_teardown.py
[2023-10-27T16:56:48.651+0000] {processor.py:829} INFO - Processing file /home/airflow/.local/lib/python3.8/site-packages/airflow/example_dags/example_setup_teardown.py for tasks to queue
[2023-10-27T16:56:48.653+0000] {logging_mixin.py:151} INFO - [2023-10-27T16:56:48.653+0000] {dagbag.py:536} INFO - Filling up the DagBag from /home/airflow/.local/lib/python3.8/site-packages/airflow/example_dags/example_setup_teardown.py
[2023-10-27T16:56:48.659+0000] {processor.py:839} INFO - DAG(s) dict_keys(['example_setup_teardown']) retrieved from /home/airflow/.local/lib/python3.8/site-packages/airflow/example_dags/example_setup_teardown.py
[2023-10-27T16:56:48.695+0000] {logging_mixin.py:151} INFO - [2023-10-27T16:56:48.695+0000] {dag.py:2941} INFO - Sync 1 DAGs
[2023-10-27T16:56:48.746+0000] {logging_mixin.py:151} INFO - [2023-10-27T16:56:48.745+0000] {dag.py:3722} INFO - Setting next_dagrun for example_setup_teardown to 2023-10-26T16:56:48.745636+00:00, run_after=2023-10-27T16:56:48.745636+00:00
[2023-10-27T16:56:48.788+0000] {processor.py:179} INFO - Processing /home/airflow/.local/lib/python3.8/site-packages/airflow/example_dags/example_setup_teardown.py took 0.140 seconds
[2023-10-27T16:57:19.109+0000] {processor.py:157} INFO - Started process (PID=3689) to work on /home/airflow/.local/lib/python3.8/site-packages/airflow/example_dags/example_setup_teardown.py
[2023-10-27T16:57:19.110+0000] {processor.py:829} INFO - Processing file /home/airflow/.local/lib/python3.8/site-packages/airflow/example_dags/example_setup_teardown.py for tasks to queue
[2023-10-27T16:57:19.111+0000] {logging_mixin.py:151} INFO - [2023-10-27T16:57:19.111+0000] {dagbag.py:536} INFO - Filling up the DagBag from /home/airflow/.local/lib/python3.8/site-packages/airflow/example_dags/example_setup_teardown.py
[2023-10-27T16:57:19.117+0000] {processor.py:839} INFO - DAG(s) dict_keys(['example_setup_teardown']) retrieved from /home/airflow/.local/lib/python3.8/site-packages/airflow/example_dags/example_setup_teardown.py
[2023-10-27T16:57:19.132+0000] {logging_mixin.py:151} INFO - [2023-10-27T16:57:19.132+0000] {dag.py:2941} INFO - Sync 1 DAGs
[2023-10-27T16:57:19.150+0000] {logging_mixin.py:151} INFO - [2023-10-27T16:57:19.150+0000] {dag.py:3722} INFO - Setting next_dagrun for example_setup_teardown to 2023-10-26T16:57:19.149837+00:00, run_after=2023-10-27T16:57:19.149837+00:00
[2023-10-27T16:57:19.163+0000] {processor.py:179} INFO - Processing /home/airflow/.local/lib/python3.8/site-packages/airflow/example_dags/example_setup_teardown.py took 0.056 seconds
[2023-10-27T16:57:50.059+0000] {processor.py:157} INFO - Started process (PID=3745) to work on /home/airflow/.local/lib/python3.8/site-packages/airflow/example_dags/example_setup_teardown.py
[2023-10-27T16:57:50.060+0000] {processor.py:829} INFO - Processing file /home/airflow/.local/lib/python3.8/site-packages/airflow/example_dags/example_setup_teardown.py for tasks to queue
[2023-10-27T16:57:50.061+0000] {logging_mixin.py:151} INFO - [2023-10-27T16:57:50.061+0000] {dagbag.py:536} INFO - Filling up the DagBag from /home/airflow/.local/lib/python3.8/site-packages/airflow/example_dags/example_setup_teardown.py
[2023-10-27T16:57:50.065+0000] {processor.py:839} INFO - DAG(s) dict_keys(['example_setup_teardown']) retrieved from /home/airflow/.local/lib/python3.8/site-packages/airflow/example_dags/example_setup_teardown.py
[2023-10-27T16:57:50.078+0000] {logging_mixin.py:151} INFO - [2023-10-27T16:57:50.078+0000] {dag.py:2941} INFO - Sync 1 DAGs
[2023-10-27T16:57:50.092+0000] {logging_mixin.py:151} INFO - [2023-10-27T16:57:50.092+0000] {dag.py:3722} INFO - Setting next_dagrun for example_setup_teardown to 2023-10-26T16:57:50.092066+00:00, run_after=2023-10-27T16:57:50.092066+00:00
[2023-10-27T16:57:50.104+0000] {processor.py:179} INFO - Processing /home/airflow/.local/lib/python3.8/site-packages/airflow/example_dags/example_setup_teardown.py took 0.046 seconds
[2023-10-27T16:58:20.804+0000] {processor.py:157} INFO - Started process (PID=3802) to work on /home/airflow/.local/lib/python3.8/site-packages/airflow/example_dags/example_setup_teardown.py
[2023-10-27T16:58:20.805+0000] {processor.py:829} INFO - Processing file /home/airflow/.local/lib/python3.8/site-packages/airflow/example_dags/example_setup_teardown.py for tasks to queue
[2023-10-27T16:58:20.806+0000] {logging_mixin.py:151} INFO - [2023-10-27T16:58:20.806+0000] {dagbag.py:536} INFO - Filling up the DagBag from /home/airflow/.local/lib/python3.8/site-packages/airflow/example_dags/example_setup_teardown.py
[2023-10-27T16:58:20.810+0000] {processor.py:839} INFO - DAG(s) dict_keys(['example_setup_teardown']) retrieved from /home/airflow/.local/lib/python3.8/site-packages/airflow/example_dags/example_setup_teardown.py
[2023-10-27T16:58:20.822+0000] {logging_mixin.py:151} INFO - [2023-10-27T16:58:20.822+0000] {dag.py:2941} INFO - Sync 1 DAGs
[2023-10-27T16:58:20.836+0000] {logging_mixin.py:151} INFO - [2023-10-27T16:58:20.836+0000] {dag.py:3722} INFO - Setting next_dagrun for example_setup_teardown to 2023-10-26T16:58:20.835789+00:00, run_after=2023-10-27T16:58:20.835789+00:00
[2023-10-27T16:58:20.847+0000] {processor.py:179} INFO - Processing /home/airflow/.local/lib/python3.8/site-packages/airflow/example_dags/example_setup_teardown.py took 0.045 seconds
[2023-10-27T16:58:51.748+0000] {processor.py:157} INFO - Started process (PID=3859) to work on /home/airflow/.local/lib/python3.8/site-packages/airflow/example_dags/example_setup_teardown.py
[2023-10-27T16:58:51.748+0000] {processor.py:829} INFO - Processing file /home/airflow/.local/lib/python3.8/site-packages/airflow/example_dags/example_setup_teardown.py for tasks to queue
[2023-10-27T16:58:51.750+0000] {logging_mixin.py:151} INFO - [2023-10-27T16:58:51.750+0000] {dagbag.py:536} INFO - Filling up the DagBag from /home/airflow/.local/lib/python3.8/site-packages/airflow/example_dags/example_setup_teardown.py
[2023-10-27T16:58:51.755+0000] {processor.py:839} INFO - DAG(s) dict_keys(['example_setup_teardown']) retrieved from /home/airflow/.local/lib/python3.8/site-packages/airflow/example_dags/example_setup_teardown.py
[2023-10-27T16:58:51.770+0000] {logging_mixin.py:151} INFO - [2023-10-27T16:58:51.770+0000] {dag.py:2941} INFO - Sync 1 DAGs
[2023-10-27T16:58:51.788+0000] {logging_mixin.py:151} INFO - [2023-10-27T16:58:51.788+0000] {dag.py:3722} INFO - Setting next_dagrun for example_setup_teardown to 2023-10-26T16:58:51.787832+00:00, run_after=2023-10-27T16:58:51.787832+00:00
[2023-10-27T16:58:51.803+0000] {processor.py:179} INFO - Processing /home/airflow/.local/lib/python3.8/site-packages/airflow/example_dags/example_setup_teardown.py took 0.058 seconds
[2023-10-27T16:59:22.750+0000] {processor.py:157} INFO - Started process (PID=3915) to work on /home/airflow/.local/lib/python3.8/site-packages/airflow/example_dags/example_setup_teardown.py
[2023-10-27T16:59:22.750+0000] {processor.py:829} INFO - Processing file /home/airflow/.local/lib/python3.8/site-packages/airflow/example_dags/example_setup_teardown.py for tasks to queue
[2023-10-27T16:59:22.751+0000] {logging_mixin.py:151} INFO - [2023-10-27T16:59:22.751+0000] {dagbag.py:536} INFO - Filling up the DagBag from /home/airflow/.local/lib/python3.8/site-packages/airflow/example_dags/example_setup_teardown.py
[2023-10-27T16:59:22.755+0000] {processor.py:839} INFO - DAG(s) dict_keys(['example_setup_teardown']) retrieved from /home/airflow/.local/lib/python3.8/site-packages/airflow/example_dags/example_setup_teardown.py
[2023-10-27T16:59:22.770+0000] {logging_mixin.py:151} INFO - [2023-10-27T16:59:22.770+0000] {dag.py:2941} INFO - Sync 1 DAGs
[2023-10-27T16:59:22.784+0000] {logging_mixin.py:151} INFO - [2023-10-27T16:59:22.783+0000] {dag.py:3722} INFO - Setting next_dagrun for example_setup_teardown to 2023-10-26T16:59:22.783790+00:00, run_after=2023-10-27T16:59:22.783790+00:00
[2023-10-27T16:59:22.797+0000] {processor.py:179} INFO - Processing /home/airflow/.local/lib/python3.8/site-packages/airflow/example_dags/example_setup_teardown.py took 0.050 seconds
[2023-10-27T16:59:53.497+0000] {processor.py:157} INFO - Started process (PID=3971) to work on /home/airflow/.local/lib/python3.8/site-packages/airflow/example_dags/example_setup_teardown.py
[2023-10-27T16:59:53.498+0000] {processor.py:829} INFO - Processing file /home/airflow/.local/lib/python3.8/site-packages/airflow/example_dags/example_setup_teardown.py for tasks to queue
[2023-10-27T16:59:53.499+0000] {logging_mixin.py:151} INFO - [2023-10-27T16:59:53.499+0000] {dagbag.py:536} INFO - Filling up the DagBag from /home/airflow/.local/lib/python3.8/site-packages/airflow/example_dags/example_setup_teardown.py
[2023-10-27T16:59:53.504+0000] {processor.py:839} INFO - DAG(s) dict_keys(['example_setup_teardown']) retrieved from /home/airflow/.local/lib/python3.8/site-packages/airflow/example_dags/example_setup_teardown.py
[2023-10-27T16:59:53.520+0000] {logging_mixin.py:151} INFO - [2023-10-27T16:59:53.520+0000] {dag.py:2941} INFO - Sync 1 DAGs
[2023-10-27T16:59:53.537+0000] {logging_mixin.py:151} INFO - [2023-10-27T16:59:53.537+0000] {dag.py:3722} INFO - Setting next_dagrun for example_setup_teardown to 2023-10-26T16:59:53.537472+00:00, run_after=2023-10-27T16:59:53.537472+00:00
[2023-10-27T16:59:53.550+0000] {processor.py:179} INFO - Processing /home/airflow/.local/lib/python3.8/site-packages/airflow/example_dags/example_setup_teardown.py took 0.055 seconds
[2023-10-27T17:00:24.283+0000] {processor.py:157} INFO - Started process (PID=4034) to work on /home/airflow/.local/lib/python3.8/site-packages/airflow/example_dags/example_setup_teardown.py
[2023-10-27T17:00:24.284+0000] {processor.py:829} INFO - Processing file /home/airflow/.local/lib/python3.8/site-packages/airflow/example_dags/example_setup_teardown.py for tasks to queue
[2023-10-27T17:00:24.285+0000] {logging_mixin.py:151} INFO - [2023-10-27T17:00:24.285+0000] {dagbag.py:536} INFO - Filling up the DagBag from /home/airflow/.local/lib/python3.8/site-packages/airflow/example_dags/example_setup_teardown.py
[2023-10-27T17:00:24.291+0000] {processor.py:839} INFO - DAG(s) dict_keys(['example_setup_teardown']) retrieved from /home/airflow/.local/lib/python3.8/site-packages/airflow/example_dags/example_setup_teardown.py
[2023-10-27T17:00:24.306+0000] {logging_mixin.py:151} INFO - [2023-10-27T17:00:24.306+0000] {dag.py:2941} INFO - Sync 1 DAGs
[2023-10-27T17:00:24.324+0000] {logging_mixin.py:151} INFO - [2023-10-27T17:00:24.324+0000] {dag.py:3722} INFO - Setting next_dagrun for example_setup_teardown to 2023-10-26T17:00:24.323856+00:00, run_after=2023-10-27T17:00:24.323856+00:00
[2023-10-27T17:00:24.338+0000] {processor.py:179} INFO - Processing /home/airflow/.local/lib/python3.8/site-packages/airflow/example_dags/example_setup_teardown.py took 0.057 seconds
[2023-10-27T17:00:55.261+0000] {processor.py:157} INFO - Started process (PID=4090) to work on /home/airflow/.local/lib/python3.8/site-packages/airflow/example_dags/example_setup_teardown.py
[2023-10-27T17:00:55.262+0000] {processor.py:829} INFO - Processing file /home/airflow/.local/lib/python3.8/site-packages/airflow/example_dags/example_setup_teardown.py for tasks to queue
[2023-10-27T17:00:55.263+0000] {logging_mixin.py:151} INFO - [2023-10-27T17:00:55.263+0000] {dagbag.py:536} INFO - Filling up the DagBag from /home/airflow/.local/lib/python3.8/site-packages/airflow/example_dags/example_setup_teardown.py
[2023-10-27T17:00:55.267+0000] {processor.py:839} INFO - DAG(s) dict_keys(['example_setup_teardown']) retrieved from /home/airflow/.local/lib/python3.8/site-packages/airflow/example_dags/example_setup_teardown.py
[2023-10-27T17:00:55.280+0000] {logging_mixin.py:151} INFO - [2023-10-27T17:00:55.279+0000] {dag.py:2941} INFO - Sync 1 DAGs
[2023-10-27T17:00:55.297+0000] {logging_mixin.py:151} INFO - [2023-10-27T17:00:55.297+0000] {dag.py:3722} INFO - Setting next_dagrun for example_setup_teardown to 2023-10-26T17:00:55.296925+00:00, run_after=2023-10-27T17:00:55.296925+00:00
[2023-10-27T17:00:55.309+0000] {processor.py:179} INFO - Processing /home/airflow/.local/lib/python3.8/site-packages/airflow/example_dags/example_setup_teardown.py took 0.050 seconds
[2023-10-27T17:01:26.165+0000] {processor.py:157} INFO - Started process (PID=4146) to work on /home/airflow/.local/lib/python3.8/site-packages/airflow/example_dags/example_setup_teardown.py
[2023-10-27T17:01:26.166+0000] {processor.py:829} INFO - Processing file /home/airflow/.local/lib/python3.8/site-packages/airflow/example_dags/example_setup_teardown.py for tasks to queue
[2023-10-27T17:01:26.167+0000] {logging_mixin.py:151} INFO - [2023-10-27T17:01:26.167+0000] {dagbag.py:536} INFO - Filling up the DagBag from /home/airflow/.local/lib/python3.8/site-packages/airflow/example_dags/example_setup_teardown.py
[2023-10-27T17:01:26.171+0000] {processor.py:839} INFO - DAG(s) dict_keys(['example_setup_teardown']) retrieved from /home/airflow/.local/lib/python3.8/site-packages/airflow/example_dags/example_setup_teardown.py
[2023-10-27T17:01:26.183+0000] {logging_mixin.py:151} INFO - [2023-10-27T17:01:26.183+0000] {dag.py:2941} INFO - Sync 1 DAGs
[2023-10-27T17:01:26.197+0000] {logging_mixin.py:151} INFO - [2023-10-27T17:01:26.197+0000] {dag.py:3722} INFO - Setting next_dagrun for example_setup_teardown to 2023-10-26T17:01:26.196912+00:00, run_after=2023-10-27T17:01:26.196912+00:00
[2023-10-27T17:01:26.208+0000] {processor.py:179} INFO - Processing /home/airflow/.local/lib/python3.8/site-packages/airflow/example_dags/example_setup_teardown.py took 0.045 seconds
[2023-10-27T17:01:56.886+0000] {processor.py:157} INFO - Started process (PID=4202) to work on /home/airflow/.local/lib/python3.8/site-packages/airflow/example_dags/example_setup_teardown.py
[2023-10-27T17:01:56.887+0000] {processor.py:829} INFO - Processing file /home/airflow/.local/lib/python3.8/site-packages/airflow/example_dags/example_setup_teardown.py for tasks to queue
[2023-10-27T17:01:56.888+0000] {logging_mixin.py:151} INFO - [2023-10-27T17:01:56.888+0000] {dagbag.py:536} INFO - Filling up the DagBag from /home/airflow/.local/lib/python3.8/site-packages/airflow/example_dags/example_setup_teardown.py
[2023-10-27T17:01:56.892+0000] {processor.py:839} INFO - DAG(s) dict_keys(['example_setup_teardown']) retrieved from /home/airflow/.local/lib/python3.8/site-packages/airflow/example_dags/example_setup_teardown.py
[2023-10-27T17:01:56.905+0000] {logging_mixin.py:151} INFO - [2023-10-27T17:01:56.904+0000] {dag.py:2941} INFO - Sync 1 DAGs
[2023-10-27T17:01:56.921+0000] {logging_mixin.py:151} INFO - [2023-10-27T17:01:56.921+0000] {dag.py:3722} INFO - Setting next_dagrun for example_setup_teardown to 2023-10-26T17:01:56.921128+00:00, run_after=2023-10-27T17:01:56.921128+00:00
[2023-10-27T17:01:56.936+0000] {processor.py:179} INFO - Processing /home/airflow/.local/lib/python3.8/site-packages/airflow/example_dags/example_setup_teardown.py took 0.052 seconds
[2023-10-27T17:02:27.858+0000] {processor.py:157} INFO - Started process (PID=4258) to work on /home/airflow/.local/lib/python3.8/site-packages/airflow/example_dags/example_setup_teardown.py
[2023-10-27T17:02:27.859+0000] {processor.py:829} INFO - Processing file /home/airflow/.local/lib/python3.8/site-packages/airflow/example_dags/example_setup_teardown.py for tasks to queue
[2023-10-27T17:02:27.860+0000] {logging_mixin.py:151} INFO - [2023-10-27T17:02:27.860+0000] {dagbag.py:536} INFO - Filling up the DagBag from /home/airflow/.local/lib/python3.8/site-packages/airflow/example_dags/example_setup_teardown.py
[2023-10-27T17:02:27.864+0000] {processor.py:839} INFO - DAG(s) dict_keys(['example_setup_teardown']) retrieved from /home/airflow/.local/lib/python3.8/site-packages/airflow/example_dags/example_setup_teardown.py
[2023-10-27T17:02:27.876+0000] {logging_mixin.py:151} INFO - [2023-10-27T17:02:27.876+0000] {dag.py:2941} INFO - Sync 1 DAGs
[2023-10-27T17:02:27.889+0000] {logging_mixin.py:151} INFO - [2023-10-27T17:02:27.889+0000] {dag.py:3722} INFO - Setting next_dagrun for example_setup_teardown to 2023-10-26T17:02:27.889271+00:00, run_after=2023-10-27T17:02:27.889271+00:00
[2023-10-27T17:02:27.901+0000] {processor.py:179} INFO - Processing /home/airflow/.local/lib/python3.8/site-packages/airflow/example_dags/example_setup_teardown.py took 0.045 seconds
[2023-10-27T17:02:58.747+0000] {processor.py:157} INFO - Started process (PID=4314) to work on /home/airflow/.local/lib/python3.8/site-packages/airflow/example_dags/example_setup_teardown.py
[2023-10-27T17:02:58.747+0000] {processor.py:829} INFO - Processing file /home/airflow/.local/lib/python3.8/site-packages/airflow/example_dags/example_setup_teardown.py for tasks to queue
[2023-10-27T17:02:58.748+0000] {logging_mixin.py:151} INFO - [2023-10-27T17:02:58.748+0000] {dagbag.py:536} INFO - Filling up the DagBag from /home/airflow/.local/lib/python3.8/site-packages/airflow/example_dags/example_setup_teardown.py
[2023-10-27T17:02:58.752+0000] {processor.py:839} INFO - DAG(s) dict_keys(['example_setup_teardown']) retrieved from /home/airflow/.local/lib/python3.8/site-packages/airflow/example_dags/example_setup_teardown.py
[2023-10-27T17:02:58.764+0000] {logging_mixin.py:151} INFO - [2023-10-27T17:02:58.764+0000] {dag.py:2941} INFO - Sync 1 DAGs
[2023-10-27T17:02:58.778+0000] {logging_mixin.py:151} INFO - [2023-10-27T17:02:58.778+0000] {dag.py:3722} INFO - Setting next_dagrun for example_setup_teardown to 2023-10-26T17:02:58.778129+00:00, run_after=2023-10-27T17:02:58.778129+00:00
[2023-10-27T17:02:58.791+0000] {processor.py:179} INFO - Processing /home/airflow/.local/lib/python3.8/site-packages/airflow/example_dags/example_setup_teardown.py took 0.046 seconds
[2023-10-27T17:03:29.716+0000] {processor.py:157} INFO - Started process (PID=4371) to work on /home/airflow/.local/lib/python3.8/site-packages/airflow/example_dags/example_setup_teardown.py
[2023-10-27T17:03:29.717+0000] {processor.py:829} INFO - Processing file /home/airflow/.local/lib/python3.8/site-packages/airflow/example_dags/example_setup_teardown.py for tasks to queue
[2023-10-27T17:03:29.718+0000] {logging_mixin.py:151} INFO - [2023-10-27T17:03:29.718+0000] {dagbag.py:536} INFO - Filling up the DagBag from /home/airflow/.local/lib/python3.8/site-packages/airflow/example_dags/example_setup_teardown.py
[2023-10-27T17:03:29.722+0000] {processor.py:839} INFO - DAG(s) dict_keys(['example_setup_teardown']) retrieved from /home/airflow/.local/lib/python3.8/site-packages/airflow/example_dags/example_setup_teardown.py
[2023-10-27T17:03:29.734+0000] {logging_mixin.py:151} INFO - [2023-10-27T17:03:29.734+0000] {dag.py:2941} INFO - Sync 1 DAGs
[2023-10-27T17:03:29.747+0000] {logging_mixin.py:151} INFO - [2023-10-27T17:03:29.747+0000] {dag.py:3722} INFO - Setting next_dagrun for example_setup_teardown to 2023-10-26T17:03:29.747337+00:00, run_after=2023-10-27T17:03:29.747337+00:00
[2023-10-27T17:03:29.760+0000] {processor.py:179} INFO - Processing /home/airflow/.local/lib/python3.8/site-packages/airflow/example_dags/example_setup_teardown.py took 0.046 seconds
[2023-10-27T17:04:00.702+0000] {processor.py:157} INFO - Started process (PID=4427) to work on /home/airflow/.local/lib/python3.8/site-packages/airflow/example_dags/example_setup_teardown.py
[2023-10-27T17:04:00.702+0000] {processor.py:829} INFO - Processing file /home/airflow/.local/lib/python3.8/site-packages/airflow/example_dags/example_setup_teardown.py for tasks to queue
[2023-10-27T17:04:00.703+0000] {logging_mixin.py:151} INFO - [2023-10-27T17:04:00.703+0000] {dagbag.py:536} INFO - Filling up the DagBag from /home/airflow/.local/lib/python3.8/site-packages/airflow/example_dags/example_setup_teardown.py
[2023-10-27T17:04:00.707+0000] {processor.py:839} INFO - DAG(s) dict_keys(['example_setup_teardown']) retrieved from /home/airflow/.local/lib/python3.8/site-packages/airflow/example_dags/example_setup_teardown.py
[2023-10-27T17:04:00.719+0000] {logging_mixin.py:151} INFO - [2023-10-27T17:04:00.719+0000] {dag.py:2941} INFO - Sync 1 DAGs
[2023-10-27T17:04:00.733+0000] {logging_mixin.py:151} INFO - [2023-10-27T17:04:00.733+0000] {dag.py:3722} INFO - Setting next_dagrun for example_setup_teardown to 2023-10-26T17:04:00.732868+00:00, run_after=2023-10-27T17:04:00.732868+00:00
[2023-10-27T17:04:00.745+0000] {processor.py:179} INFO - Processing /home/airflow/.local/lib/python3.8/site-packages/airflow/example_dags/example_setup_teardown.py took 0.045 seconds
[2023-10-27T17:04:31.666+0000] {processor.py:157} INFO - Started process (PID=4483) to work on /home/airflow/.local/lib/python3.8/site-packages/airflow/example_dags/example_setup_teardown.py
[2023-10-27T17:04:31.667+0000] {processor.py:829} INFO - Processing file /home/airflow/.local/lib/python3.8/site-packages/airflow/example_dags/example_setup_teardown.py for tasks to queue
[2023-10-27T17:04:31.668+0000] {logging_mixin.py:151} INFO - [2023-10-27T17:04:31.668+0000] {dagbag.py:536} INFO - Filling up the DagBag from /home/airflow/.local/lib/python3.8/site-packages/airflow/example_dags/example_setup_teardown.py
[2023-10-27T17:04:31.672+0000] {processor.py:839} INFO - DAG(s) dict_keys(['example_setup_teardown']) retrieved from /home/airflow/.local/lib/python3.8/site-packages/airflow/example_dags/example_setup_teardown.py
[2023-10-27T17:04:31.684+0000] {logging_mixin.py:151} INFO - [2023-10-27T17:04:31.684+0000] {dag.py:2941} INFO - Sync 1 DAGs
[2023-10-27T17:04:31.698+0000] {logging_mixin.py:151} INFO - [2023-10-27T17:04:31.698+0000] {dag.py:3722} INFO - Setting next_dagrun for example_setup_teardown to 2023-10-26T17:04:31.698603+00:00, run_after=2023-10-27T17:04:31.698603+00:00
[2023-10-27T17:04:31.710+0000] {processor.py:179} INFO - Processing /home/airflow/.local/lib/python3.8/site-packages/airflow/example_dags/example_setup_teardown.py took 0.045 seconds
[2023-10-27T17:05:02.615+0000] {processor.py:157} INFO - Started process (PID=4540) to work on /home/airflow/.local/lib/python3.8/site-packages/airflow/example_dags/example_setup_teardown.py
[2023-10-27T17:05:02.616+0000] {processor.py:829} INFO - Processing file /home/airflow/.local/lib/python3.8/site-packages/airflow/example_dags/example_setup_teardown.py for tasks to queue
[2023-10-27T17:05:02.617+0000] {logging_mixin.py:151} INFO - [2023-10-27T17:05:02.617+0000] {dagbag.py:536} INFO - Filling up the DagBag from /home/airflow/.local/lib/python3.8/site-packages/airflow/example_dags/example_setup_teardown.py
[2023-10-27T17:05:02.622+0000] {processor.py:839} INFO - DAG(s) dict_keys(['example_setup_teardown']) retrieved from /home/airflow/.local/lib/python3.8/site-packages/airflow/example_dags/example_setup_teardown.py
[2023-10-27T17:05:02.637+0000] {logging_mixin.py:151} INFO - [2023-10-27T17:05:02.637+0000] {dag.py:2941} INFO - Sync 1 DAGs
[2023-10-27T17:05:02.655+0000] {logging_mixin.py:151} INFO - [2023-10-27T17:05:02.654+0000] {dag.py:3722} INFO - Setting next_dagrun for example_setup_teardown to 2023-10-26T17:05:02.654677+00:00, run_after=2023-10-27T17:05:02.654677+00:00
[2023-10-27T17:05:02.668+0000] {processor.py:179} INFO - Processing /home/airflow/.local/lib/python3.8/site-packages/airflow/example_dags/example_setup_teardown.py took 0.056 seconds
[2023-10-27T17:05:33.439+0000] {processor.py:157} INFO - Started process (PID=4596) to work on /home/airflow/.local/lib/python3.8/site-packages/airflow/example_dags/example_setup_teardown.py
[2023-10-27T17:05:33.440+0000] {processor.py:829} INFO - Processing file /home/airflow/.local/lib/python3.8/site-packages/airflow/example_dags/example_setup_teardown.py for tasks to queue
[2023-10-27T17:05:33.441+0000] {logging_mixin.py:151} INFO - [2023-10-27T17:05:33.441+0000] {dagbag.py:536} INFO - Filling up the DagBag from /home/airflow/.local/lib/python3.8/site-packages/airflow/example_dags/example_setup_teardown.py
[2023-10-27T17:05:33.445+0000] {processor.py:839} INFO - DAG(s) dict_keys(['example_setup_teardown']) retrieved from /home/airflow/.local/lib/python3.8/site-packages/airflow/example_dags/example_setup_teardown.py
[2023-10-27T17:05:33.461+0000] {logging_mixin.py:151} INFO - [2023-10-27T17:05:33.461+0000] {dag.py:2941} INFO - Sync 1 DAGs
[2023-10-27T17:05:33.479+0000] {logging_mixin.py:151} INFO - [2023-10-27T17:05:33.479+0000] {dag.py:3722} INFO - Setting next_dagrun for example_setup_teardown to 2023-10-26T17:05:33.479268+00:00, run_after=2023-10-27T17:05:33.479268+00:00
[2023-10-27T17:05:33.491+0000] {processor.py:179} INFO - Processing /home/airflow/.local/lib/python3.8/site-packages/airflow/example_dags/example_setup_teardown.py took 0.054 seconds
[2023-10-27T17:06:04.291+0000] {processor.py:157} INFO - Started process (PID=4652) to work on /home/airflow/.local/lib/python3.8/site-packages/airflow/example_dags/example_setup_teardown.py
[2023-10-27T17:06:04.291+0000] {processor.py:829} INFO - Processing file /home/airflow/.local/lib/python3.8/site-packages/airflow/example_dags/example_setup_teardown.py for tasks to queue
[2023-10-27T17:06:04.293+0000] {logging_mixin.py:151} INFO - [2023-10-27T17:06:04.293+0000] {dagbag.py:536} INFO - Filling up the DagBag from /home/airflow/.local/lib/python3.8/site-packages/airflow/example_dags/example_setup_teardown.py
[2023-10-27T17:06:04.298+0000] {processor.py:839} INFO - DAG(s) dict_keys(['example_setup_teardown']) retrieved from /home/airflow/.local/lib/python3.8/site-packages/airflow/example_dags/example_setup_teardown.py
[2023-10-27T17:06:04.315+0000] {logging_mixin.py:151} INFO - [2023-10-27T17:06:04.314+0000] {dag.py:2941} INFO - Sync 1 DAGs
[2023-10-27T17:06:04.328+0000] {logging_mixin.py:151} INFO - [2023-10-27T17:06:04.328+0000] {dag.py:3722} INFO - Setting next_dagrun for example_setup_teardown to 2023-10-26T17:06:04.328564+00:00, run_after=2023-10-27T17:06:04.328564+00:00
[2023-10-27T17:06:04.340+0000] {processor.py:179} INFO - Processing /home/airflow/.local/lib/python3.8/site-packages/airflow/example_dags/example_setup_teardown.py took 0.052 seconds
[2023-10-27T17:06:34.436+0000] {processor.py:157} INFO - Started process (PID=4708) to work on /home/airflow/.local/lib/python3.8/site-packages/airflow/example_dags/example_setup_teardown.py
[2023-10-27T17:06:34.437+0000] {processor.py:829} INFO - Processing file /home/airflow/.local/lib/python3.8/site-packages/airflow/example_dags/example_setup_teardown.py for tasks to queue
[2023-10-27T17:06:34.438+0000] {logging_mixin.py:151} INFO - [2023-10-27T17:06:34.438+0000] {dagbag.py:536} INFO - Filling up the DagBag from /home/airflow/.local/lib/python3.8/site-packages/airflow/example_dags/example_setup_teardown.py
[2023-10-27T17:06:34.443+0000] {processor.py:839} INFO - DAG(s) dict_keys(['example_setup_teardown']) retrieved from /home/airflow/.local/lib/python3.8/site-packages/airflow/example_dags/example_setup_teardown.py
[2023-10-27T17:06:34.458+0000] {logging_mixin.py:151} INFO - [2023-10-27T17:06:34.458+0000] {dag.py:2941} INFO - Sync 1 DAGs
[2023-10-27T17:06:34.476+0000] {logging_mixin.py:151} INFO - [2023-10-27T17:06:34.476+0000] {dag.py:3722} INFO - Setting next_dagrun for example_setup_teardown to 2023-10-26T17:06:34.476332+00:00, run_after=2023-10-27T17:06:34.476332+00:00
[2023-10-27T17:06:34.490+0000] {processor.py:179} INFO - Processing /home/airflow/.local/lib/python3.8/site-packages/airflow/example_dags/example_setup_teardown.py took 0.056 seconds
[2023-10-27T17:07:04.574+0000] {processor.py:157} INFO - Started process (PID=4764) to work on /home/airflow/.local/lib/python3.8/site-packages/airflow/example_dags/example_setup_teardown.py
[2023-10-27T17:07:04.575+0000] {processor.py:829} INFO - Processing file /home/airflow/.local/lib/python3.8/site-packages/airflow/example_dags/example_setup_teardown.py for tasks to queue
[2023-10-27T17:07:04.576+0000] {logging_mixin.py:151} INFO - [2023-10-27T17:07:04.576+0000] {dagbag.py:536} INFO - Filling up the DagBag from /home/airflow/.local/lib/python3.8/site-packages/airflow/example_dags/example_setup_teardown.py
[2023-10-27T17:07:04.580+0000] {processor.py:839} INFO - DAG(s) dict_keys(['example_setup_teardown']) retrieved from /home/airflow/.local/lib/python3.8/site-packages/airflow/example_dags/example_setup_teardown.py
[2023-10-27T17:07:04.592+0000] {logging_mixin.py:151} INFO - [2023-10-27T17:07:04.592+0000] {dag.py:2941} INFO - Sync 1 DAGs
[2023-10-27T17:07:04.608+0000] {logging_mixin.py:151} INFO - [2023-10-27T17:07:04.608+0000] {dag.py:3722} INFO - Setting next_dagrun for example_setup_teardown to 2023-10-26T17:07:04.608388+00:00, run_after=2023-10-27T17:07:04.608388+00:00
[2023-10-27T17:07:04.620+0000] {processor.py:179} INFO - Processing /home/airflow/.local/lib/python3.8/site-packages/airflow/example_dags/example_setup_teardown.py took 0.047 seconds
[2023-10-27T17:07:34.692+0000] {processor.py:157} INFO - Started process (PID=4820) to work on /home/airflow/.local/lib/python3.8/site-packages/airflow/example_dags/example_setup_teardown.py
[2023-10-27T17:07:34.692+0000] {processor.py:829} INFO - Processing file /home/airflow/.local/lib/python3.8/site-packages/airflow/example_dags/example_setup_teardown.py for tasks to queue
[2023-10-27T17:07:34.694+0000] {logging_mixin.py:151} INFO - [2023-10-27T17:07:34.693+0000] {dagbag.py:536} INFO - Filling up the DagBag from /home/airflow/.local/lib/python3.8/site-packages/airflow/example_dags/example_setup_teardown.py
[2023-10-27T17:07:34.699+0000] {processor.py:839} INFO - DAG(s) dict_keys(['example_setup_teardown']) retrieved from /home/airflow/.local/lib/python3.8/site-packages/airflow/example_dags/example_setup_teardown.py
[2023-10-27T17:07:34.715+0000] {logging_mixin.py:151} INFO - [2023-10-27T17:07:34.715+0000] {dag.py:2941} INFO - Sync 1 DAGs
[2023-10-27T17:07:34.737+0000] {logging_mixin.py:151} INFO - [2023-10-27T17:07:34.737+0000] {dag.py:3722} INFO - Setting next_dagrun for example_setup_teardown to 2023-10-26T17:07:34.737264+00:00, run_after=2023-10-27T17:07:34.737264+00:00
[2023-10-27T17:07:34.752+0000] {processor.py:179} INFO - Processing /home/airflow/.local/lib/python3.8/site-packages/airflow/example_dags/example_setup_teardown.py took 0.063 seconds
[2023-10-27T17:08:04.839+0000] {processor.py:157} INFO - Started process (PID=4876) to work on /home/airflow/.local/lib/python3.8/site-packages/airflow/example_dags/example_setup_teardown.py
[2023-10-27T17:08:04.840+0000] {processor.py:829} INFO - Processing file /home/airflow/.local/lib/python3.8/site-packages/airflow/example_dags/example_setup_teardown.py for tasks to queue
[2023-10-27T17:08:04.841+0000] {logging_mixin.py:151} INFO - [2023-10-27T17:08:04.841+0000] {dagbag.py:536} INFO - Filling up the DagBag from /home/airflow/.local/lib/python3.8/site-packages/airflow/example_dags/example_setup_teardown.py
[2023-10-27T17:08:04.845+0000] {processor.py:839} INFO - DAG(s) dict_keys(['example_setup_teardown']) retrieved from /home/airflow/.local/lib/python3.8/site-packages/airflow/example_dags/example_setup_teardown.py
[2023-10-27T17:08:04.858+0000] {logging_mixin.py:151} INFO - [2023-10-27T17:08:04.857+0000] {dag.py:2941} INFO - Sync 1 DAGs
[2023-10-27T17:08:04.872+0000] {logging_mixin.py:151} INFO - [2023-10-27T17:08:04.872+0000] {dag.py:3722} INFO - Setting next_dagrun for example_setup_teardown to 2023-10-26T17:08:04.872628+00:00, run_after=2023-10-27T17:08:04.872628+00:00
[2023-10-27T17:08:04.887+0000] {processor.py:179} INFO - Processing /home/airflow/.local/lib/python3.8/site-packages/airflow/example_dags/example_setup_teardown.py took 0.050 seconds
[2023-10-27T17:08:35.632+0000] {processor.py:157} INFO - Started process (PID=4932) to work on /home/airflow/.local/lib/python3.8/site-packages/airflow/example_dags/example_setup_teardown.py
[2023-10-27T17:08:35.633+0000] {processor.py:829} INFO - Processing file /home/airflow/.local/lib/python3.8/site-packages/airflow/example_dags/example_setup_teardown.py for tasks to queue
[2023-10-27T17:08:35.634+0000] {logging_mixin.py:151} INFO - [2023-10-27T17:08:35.634+0000] {dagbag.py:536} INFO - Filling up the DagBag from /home/airflow/.local/lib/python3.8/site-packages/airflow/example_dags/example_setup_teardown.py
[2023-10-27T17:08:35.638+0000] {processor.py:839} INFO - DAG(s) dict_keys(['example_setup_teardown']) retrieved from /home/airflow/.local/lib/python3.8/site-packages/airflow/example_dags/example_setup_teardown.py
[2023-10-27T17:08:35.650+0000] {logging_mixin.py:151} INFO - [2023-10-27T17:08:35.650+0000] {dag.py:2941} INFO - Sync 1 DAGs
[2023-10-27T17:08:35.663+0000] {logging_mixin.py:151} INFO - [2023-10-27T17:08:35.663+0000] {dag.py:3722} INFO - Setting next_dagrun for example_setup_teardown to 2023-10-26T17:08:35.663633+00:00, run_after=2023-10-27T17:08:35.663633+00:00
[2023-10-27T17:08:35.676+0000] {processor.py:179} INFO - Processing /home/airflow/.local/lib/python3.8/site-packages/airflow/example_dags/example_setup_teardown.py took 0.046 seconds
[2023-10-27T17:09:06.382+0000] {processor.py:157} INFO - Started process (PID=4988) to work on /home/airflow/.local/lib/python3.8/site-packages/airflow/example_dags/example_setup_teardown.py
[2023-10-27T17:09:06.382+0000] {processor.py:829} INFO - Processing file /home/airflow/.local/lib/python3.8/site-packages/airflow/example_dags/example_setup_teardown.py for tasks to queue
[2023-10-27T17:09:06.384+0000] {logging_mixin.py:151} INFO - [2023-10-27T17:09:06.383+0000] {dagbag.py:536} INFO - Filling up the DagBag from /home/airflow/.local/lib/python3.8/site-packages/airflow/example_dags/example_setup_teardown.py
[2023-10-27T17:09:06.387+0000] {processor.py:839} INFO - DAG(s) dict_keys(['example_setup_teardown']) retrieved from /home/airflow/.local/lib/python3.8/site-packages/airflow/example_dags/example_setup_teardown.py
[2023-10-27T17:09:06.400+0000] {logging_mixin.py:151} INFO - [2023-10-27T17:09:06.400+0000] {dag.py:2941} INFO - Sync 1 DAGs
[2023-10-27T17:09:06.413+0000] {logging_mixin.py:151} INFO - [2023-10-27T17:09:06.413+0000] {dag.py:3722} INFO - Setting next_dagrun for example_setup_teardown to 2023-10-26T17:09:06.413358+00:00, run_after=2023-10-27T17:09:06.413358+00:00
[2023-10-27T17:09:06.425+0000] {processor.py:179} INFO - Processing /home/airflow/.local/lib/python3.8/site-packages/airflow/example_dags/example_setup_teardown.py took 0.045 seconds
[2023-10-27T17:09:37.173+0000] {processor.py:157} INFO - Started process (PID=5045) to work on /home/airflow/.local/lib/python3.8/site-packages/airflow/example_dags/example_setup_teardown.py
[2023-10-27T17:09:37.173+0000] {processor.py:829} INFO - Processing file /home/airflow/.local/lib/python3.8/site-packages/airflow/example_dags/example_setup_teardown.py for tasks to queue
[2023-10-27T17:09:37.174+0000] {logging_mixin.py:151} INFO - [2023-10-27T17:09:37.174+0000] {dagbag.py:536} INFO - Filling up the DagBag from /home/airflow/.local/lib/python3.8/site-packages/airflow/example_dags/example_setup_teardown.py
[2023-10-27T17:09:37.178+0000] {processor.py:839} INFO - DAG(s) dict_keys(['example_setup_teardown']) retrieved from /home/airflow/.local/lib/python3.8/site-packages/airflow/example_dags/example_setup_teardown.py
[2023-10-27T17:09:37.194+0000] {logging_mixin.py:151} INFO - [2023-10-27T17:09:37.194+0000] {dag.py:2941} INFO - Sync 1 DAGs
[2023-10-27T17:09:37.212+0000] {logging_mixin.py:151} INFO - [2023-10-27T17:09:37.211+0000] {dag.py:3722} INFO - Setting next_dagrun for example_setup_teardown to 2023-10-26T17:09:37.211713+00:00, run_after=2023-10-27T17:09:37.211713+00:00
[2023-10-27T17:09:37.225+0000] {processor.py:179} INFO - Processing /home/airflow/.local/lib/python3.8/site-packages/airflow/example_dags/example_setup_teardown.py took 0.054 seconds
[2023-10-27T17:10:07.905+0000] {processor.py:157} INFO - Started process (PID=5101) to work on /home/airflow/.local/lib/python3.8/site-packages/airflow/example_dags/example_setup_teardown.py
[2023-10-27T17:10:07.905+0000] {processor.py:829} INFO - Processing file /home/airflow/.local/lib/python3.8/site-packages/airflow/example_dags/example_setup_teardown.py for tasks to queue
[2023-10-27T17:10:07.906+0000] {logging_mixin.py:151} INFO - [2023-10-27T17:10:07.906+0000] {dagbag.py:536} INFO - Filling up the DagBag from /home/airflow/.local/lib/python3.8/site-packages/airflow/example_dags/example_setup_teardown.py
[2023-10-27T17:10:07.910+0000] {processor.py:839} INFO - DAG(s) dict_keys(['example_setup_teardown']) retrieved from /home/airflow/.local/lib/python3.8/site-packages/airflow/example_dags/example_setup_teardown.py
[2023-10-27T17:10:07.922+0000] {logging_mixin.py:151} INFO - [2023-10-27T17:10:07.922+0000] {dag.py:2941} INFO - Sync 1 DAGs
[2023-10-27T17:10:07.936+0000] {logging_mixin.py:151} INFO - [2023-10-27T17:10:07.936+0000] {dag.py:3722} INFO - Setting next_dagrun for example_setup_teardown to 2023-10-26T17:10:07.936140+00:00, run_after=2023-10-27T17:10:07.936140+00:00
[2023-10-27T17:10:07.948+0000] {processor.py:179} INFO - Processing /home/airflow/.local/lib/python3.8/site-packages/airflow/example_dags/example_setup_teardown.py took 0.045 seconds
[2023-10-27T17:10:38.593+0000] {processor.py:157} INFO - Started process (PID=5157) to work on /home/airflow/.local/lib/python3.8/site-packages/airflow/example_dags/example_setup_teardown.py
[2023-10-27T17:10:38.594+0000] {processor.py:829} INFO - Processing file /home/airflow/.local/lib/python3.8/site-packages/airflow/example_dags/example_setup_teardown.py for tasks to queue
[2023-10-27T17:10:38.595+0000] {logging_mixin.py:151} INFO - [2023-10-27T17:10:38.595+0000] {dagbag.py:536} INFO - Filling up the DagBag from /home/airflow/.local/lib/python3.8/site-packages/airflow/example_dags/example_setup_teardown.py
[2023-10-27T17:10:38.600+0000] {processor.py:839} INFO - DAG(s) dict_keys(['example_setup_teardown']) retrieved from /home/airflow/.local/lib/python3.8/site-packages/airflow/example_dags/example_setup_teardown.py
[2023-10-27T17:10:38.614+0000] {logging_mixin.py:151} INFO - [2023-10-27T17:10:38.614+0000] {dag.py:2941} INFO - Sync 1 DAGs
[2023-10-27T17:10:38.629+0000] {logging_mixin.py:151} INFO - [2023-10-27T17:10:38.629+0000] {dag.py:3722} INFO - Setting next_dagrun for example_setup_teardown to 2023-10-26T17:10:38.628932+00:00, run_after=2023-10-27T17:10:38.628932+00:00
[2023-10-27T17:10:38.640+0000] {processor.py:179} INFO - Processing /home/airflow/.local/lib/python3.8/site-packages/airflow/example_dags/example_setup_teardown.py took 0.049 seconds
[2023-10-27T17:11:09.326+0000] {processor.py:157} INFO - Started process (PID=5213) to work on /home/airflow/.local/lib/python3.8/site-packages/airflow/example_dags/example_setup_teardown.py
[2023-10-27T17:11:09.326+0000] {processor.py:829} INFO - Processing file /home/airflow/.local/lib/python3.8/site-packages/airflow/example_dags/example_setup_teardown.py for tasks to queue
[2023-10-27T17:11:09.328+0000] {logging_mixin.py:151} INFO - [2023-10-27T17:11:09.327+0000] {dagbag.py:536} INFO - Filling up the DagBag from /home/airflow/.local/lib/python3.8/site-packages/airflow/example_dags/example_setup_teardown.py
[2023-10-27T17:11:09.331+0000] {processor.py:839} INFO - DAG(s) dict_keys(['example_setup_teardown']) retrieved from /home/airflow/.local/lib/python3.8/site-packages/airflow/example_dags/example_setup_teardown.py
[2023-10-27T17:11:09.344+0000] {logging_mixin.py:151} INFO - [2023-10-27T17:11:09.343+0000] {dag.py:2941} INFO - Sync 1 DAGs
[2023-10-27T17:11:09.358+0000] {logging_mixin.py:151} INFO - [2023-10-27T17:11:09.358+0000] {dag.py:3722} INFO - Setting next_dagrun for example_setup_teardown to 2023-10-26T17:11:09.358307+00:00, run_after=2023-10-27T17:11:09.358307+00:00
[2023-10-27T17:11:09.373+0000] {processor.py:179} INFO - Processing /home/airflow/.local/lib/python3.8/site-packages/airflow/example_dags/example_setup_teardown.py took 0.049 seconds
[2023-10-27T17:11:40.080+0000] {processor.py:157} INFO - Started process (PID=5269) to work on /home/airflow/.local/lib/python3.8/site-packages/airflow/example_dags/example_setup_teardown.py
[2023-10-27T17:11:40.081+0000] {processor.py:829} INFO - Processing file /home/airflow/.local/lib/python3.8/site-packages/airflow/example_dags/example_setup_teardown.py for tasks to queue
[2023-10-27T17:11:40.082+0000] {logging_mixin.py:151} INFO - [2023-10-27T17:11:40.082+0000] {dagbag.py:536} INFO - Filling up the DagBag from /home/airflow/.local/lib/python3.8/site-packages/airflow/example_dags/example_setup_teardown.py
[2023-10-27T17:11:40.088+0000] {processor.py:839} INFO - DAG(s) dict_keys(['example_setup_teardown']) retrieved from /home/airflow/.local/lib/python3.8/site-packages/airflow/example_dags/example_setup_teardown.py
[2023-10-27T17:11:40.100+0000] {logging_mixin.py:151} INFO - [2023-10-27T17:11:40.100+0000] {dag.py:2941} INFO - Sync 1 DAGs
[2023-10-27T17:11:40.114+0000] {logging_mixin.py:151} INFO - [2023-10-27T17:11:40.114+0000] {dag.py:3722} INFO - Setting next_dagrun for example_setup_teardown to 2023-10-26T17:11:40.113929+00:00, run_after=2023-10-27T17:11:40.113929+00:00
[2023-10-27T17:11:40.126+0000] {processor.py:179} INFO - Processing /home/airflow/.local/lib/python3.8/site-packages/airflow/example_dags/example_setup_teardown.py took 0.048 seconds
