[2023-10-27T16:56:49.114+0000] {processor.py:157} INFO - Started process (PID=3642) to work on /home/airflow/.local/lib/python3.8/site-packages/airflow/example_dags/tutorial_taskflow_api_virtualenv.py
[2023-10-27T16:56:49.115+0000] {processor.py:829} INFO - Processing file /home/airflow/.local/lib/python3.8/site-packages/airflow/example_dags/tutorial_taskflow_api_virtualenv.py for tasks to queue
[2023-10-27T16:56:49.117+0000] {logging_mixin.py:151} INFO - [2023-10-27T16:56:49.116+0000] {dagbag.py:536} INFO - Filling up the DagBag from /home/airflow/.local/lib/python3.8/site-packages/airflow/example_dags/tutorial_taskflow_api_virtualenv.py
[2023-10-27T16:56:49.122+0000] {processor.py:839} INFO - DAG(s) dict_keys(['tutorial_taskflow_api_virtualenv']) retrieved from /home/airflow/.local/lib/python3.8/site-packages/airflow/example_dags/tutorial_taskflow_api_virtualenv.py
[2023-10-27T16:56:49.147+0000] {logging_mixin.py:151} INFO - [2023-10-27T16:56:49.146+0000] {dag.py:2941} INFO - Sync 1 DAGs
[2023-10-27T16:56:49.158+0000] {logging_mixin.py:151} INFO - [2023-10-27T16:56:49.158+0000] {dag.py:3722} INFO - Setting next_dagrun for tutorial_taskflow_api_virtualenv to None, run_after=None
[2023-10-27T16:56:49.185+0000] {processor.py:179} INFO - Processing /home/airflow/.local/lib/python3.8/site-packages/airflow/example_dags/tutorial_taskflow_api_virtualenv.py took 0.074 seconds
[2023-10-27T16:57:19.425+0000] {processor.py:157} INFO - Started process (PID=3698) to work on /home/airflow/.local/lib/python3.8/site-packages/airflow/example_dags/tutorial_taskflow_api_virtualenv.py
[2023-10-27T16:57:19.426+0000] {processor.py:829} INFO - Processing file /home/airflow/.local/lib/python3.8/site-packages/airflow/example_dags/tutorial_taskflow_api_virtualenv.py for tasks to queue
[2023-10-27T16:57:19.427+0000] {logging_mixin.py:151} INFO - [2023-10-27T16:57:19.427+0000] {dagbag.py:536} INFO - Filling up the DagBag from /home/airflow/.local/lib/python3.8/site-packages/airflow/example_dags/tutorial_taskflow_api_virtualenv.py
[2023-10-27T16:57:19.431+0000] {processor.py:839} INFO - DAG(s) dict_keys(['tutorial_taskflow_api_virtualenv']) retrieved from /home/airflow/.local/lib/python3.8/site-packages/airflow/example_dags/tutorial_taskflow_api_virtualenv.py
[2023-10-27T16:57:19.447+0000] {logging_mixin.py:151} INFO - [2023-10-27T16:57:19.447+0000] {dag.py:2941} INFO - Sync 1 DAGs
[2023-10-27T16:57:19.459+0000] {logging_mixin.py:151} INFO - [2023-10-27T16:57:19.459+0000] {dag.py:3722} INFO - Setting next_dagrun for tutorial_taskflow_api_virtualenv to None, run_after=None
[2023-10-27T16:57:19.471+0000] {processor.py:179} INFO - Processing /home/airflow/.local/lib/python3.8/site-packages/airflow/example_dags/tutorial_taskflow_api_virtualenv.py took 0.048 seconds
[2023-10-27T16:57:50.366+0000] {processor.py:157} INFO - Started process (PID=3754) to work on /home/airflow/.local/lib/python3.8/site-packages/airflow/example_dags/tutorial_taskflow_api_virtualenv.py
[2023-10-27T16:57:50.366+0000] {processor.py:829} INFO - Processing file /home/airflow/.local/lib/python3.8/site-packages/airflow/example_dags/tutorial_taskflow_api_virtualenv.py for tasks to queue
[2023-10-27T16:57:50.368+0000] {logging_mixin.py:151} INFO - [2023-10-27T16:57:50.368+0000] {dagbag.py:536} INFO - Filling up the DagBag from /home/airflow/.local/lib/python3.8/site-packages/airflow/example_dags/tutorial_taskflow_api_virtualenv.py
[2023-10-27T16:57:50.372+0000] {processor.py:839} INFO - DAG(s) dict_keys(['tutorial_taskflow_api_virtualenv']) retrieved from /home/airflow/.local/lib/python3.8/site-packages/airflow/example_dags/tutorial_taskflow_api_virtualenv.py
[2023-10-27T16:57:50.385+0000] {logging_mixin.py:151} INFO - [2023-10-27T16:57:50.385+0000] {dag.py:2941} INFO - Sync 1 DAGs
[2023-10-27T16:57:50.393+0000] {logging_mixin.py:151} INFO - [2023-10-27T16:57:50.393+0000] {dag.py:3722} INFO - Setting next_dagrun for tutorial_taskflow_api_virtualenv to None, run_after=None
[2023-10-27T16:57:50.404+0000] {processor.py:179} INFO - Processing /home/airflow/.local/lib/python3.8/site-packages/airflow/example_dags/tutorial_taskflow_api_virtualenv.py took 0.040 seconds
[2023-10-27T16:58:21.098+0000] {processor.py:157} INFO - Started process (PID=3811) to work on /home/airflow/.local/lib/python3.8/site-packages/airflow/example_dags/tutorial_taskflow_api_virtualenv.py
[2023-10-27T16:58:21.099+0000] {processor.py:829} INFO - Processing file /home/airflow/.local/lib/python3.8/site-packages/airflow/example_dags/tutorial_taskflow_api_virtualenv.py for tasks to queue
[2023-10-27T16:58:21.101+0000] {logging_mixin.py:151} INFO - [2023-10-27T16:58:21.100+0000] {dagbag.py:536} INFO - Filling up the DagBag from /home/airflow/.local/lib/python3.8/site-packages/airflow/example_dags/tutorial_taskflow_api_virtualenv.py
[2023-10-27T16:58:21.104+0000] {processor.py:839} INFO - DAG(s) dict_keys(['tutorial_taskflow_api_virtualenv']) retrieved from /home/airflow/.local/lib/python3.8/site-packages/airflow/example_dags/tutorial_taskflow_api_virtualenv.py
[2023-10-27T16:58:21.117+0000] {logging_mixin.py:151} INFO - [2023-10-27T16:58:21.117+0000] {dag.py:2941} INFO - Sync 1 DAGs
[2023-10-27T16:58:21.125+0000] {logging_mixin.py:151} INFO - [2023-10-27T16:58:21.125+0000] {dag.py:3722} INFO - Setting next_dagrun for tutorial_taskflow_api_virtualenv to None, run_after=None
[2023-10-27T16:58:21.136+0000] {processor.py:179} INFO - Processing /home/airflow/.local/lib/python3.8/site-packages/airflow/example_dags/tutorial_taskflow_api_virtualenv.py took 0.040 seconds
[2023-10-27T16:58:52.063+0000] {processor.py:157} INFO - Started process (PID=3868) to work on /home/airflow/.local/lib/python3.8/site-packages/airflow/example_dags/tutorial_taskflow_api_virtualenv.py
[2023-10-27T16:58:52.064+0000] {processor.py:829} INFO - Processing file /home/airflow/.local/lib/python3.8/site-packages/airflow/example_dags/tutorial_taskflow_api_virtualenv.py for tasks to queue
[2023-10-27T16:58:52.065+0000] {logging_mixin.py:151} INFO - [2023-10-27T16:58:52.065+0000] {dagbag.py:536} INFO - Filling up the DagBag from /home/airflow/.local/lib/python3.8/site-packages/airflow/example_dags/tutorial_taskflow_api_virtualenv.py
[2023-10-27T16:58:52.069+0000] {processor.py:839} INFO - DAG(s) dict_keys(['tutorial_taskflow_api_virtualenv']) retrieved from /home/airflow/.local/lib/python3.8/site-packages/airflow/example_dags/tutorial_taskflow_api_virtualenv.py
[2023-10-27T16:58:52.082+0000] {logging_mixin.py:151} INFO - [2023-10-27T16:58:52.082+0000] {dag.py:2941} INFO - Sync 1 DAGs
[2023-10-27T16:58:52.090+0000] {logging_mixin.py:151} INFO - [2023-10-27T16:58:52.090+0000] {dag.py:3722} INFO - Setting next_dagrun for tutorial_taskflow_api_virtualenv to None, run_after=None
[2023-10-27T16:58:52.103+0000] {processor.py:179} INFO - Processing /home/airflow/.local/lib/python3.8/site-packages/airflow/example_dags/tutorial_taskflow_api_virtualenv.py took 0.042 seconds
[2023-10-27T16:59:23.046+0000] {processor.py:157} INFO - Started process (PID=3924) to work on /home/airflow/.local/lib/python3.8/site-packages/airflow/example_dags/tutorial_taskflow_api_virtualenv.py
[2023-10-27T16:59:23.047+0000] {processor.py:829} INFO - Processing file /home/airflow/.local/lib/python3.8/site-packages/airflow/example_dags/tutorial_taskflow_api_virtualenv.py for tasks to queue
[2023-10-27T16:59:23.049+0000] {logging_mixin.py:151} INFO - [2023-10-27T16:59:23.049+0000] {dagbag.py:536} INFO - Filling up the DagBag from /home/airflow/.local/lib/python3.8/site-packages/airflow/example_dags/tutorial_taskflow_api_virtualenv.py
[2023-10-27T16:59:23.054+0000] {processor.py:839} INFO - DAG(s) dict_keys(['tutorial_taskflow_api_virtualenv']) retrieved from /home/airflow/.local/lib/python3.8/site-packages/airflow/example_dags/tutorial_taskflow_api_virtualenv.py
[2023-10-27T16:59:23.066+0000] {logging_mixin.py:151} INFO - [2023-10-27T16:59:23.066+0000] {dag.py:2941} INFO - Sync 1 DAGs
[2023-10-27T16:59:23.074+0000] {logging_mixin.py:151} INFO - [2023-10-27T16:59:23.074+0000] {dag.py:3722} INFO - Setting next_dagrun for tutorial_taskflow_api_virtualenv to None, run_after=None
[2023-10-27T16:59:23.087+0000] {processor.py:179} INFO - Processing /home/airflow/.local/lib/python3.8/site-packages/airflow/example_dags/tutorial_taskflow_api_virtualenv.py took 0.043 seconds
[2023-10-27T16:59:53.832+0000] {processor.py:157} INFO - Started process (PID=3987) to work on /home/airflow/.local/lib/python3.8/site-packages/airflow/example_dags/tutorial_taskflow_api_virtualenv.py
[2023-10-27T16:59:53.833+0000] {processor.py:829} INFO - Processing file /home/airflow/.local/lib/python3.8/site-packages/airflow/example_dags/tutorial_taskflow_api_virtualenv.py for tasks to queue
[2023-10-27T16:59:53.834+0000] {logging_mixin.py:151} INFO - [2023-10-27T16:59:53.834+0000] {dagbag.py:536} INFO - Filling up the DagBag from /home/airflow/.local/lib/python3.8/site-packages/airflow/example_dags/tutorial_taskflow_api_virtualenv.py
[2023-10-27T16:59:53.839+0000] {processor.py:839} INFO - DAG(s) dict_keys(['tutorial_taskflow_api_virtualenv']) retrieved from /home/airflow/.local/lib/python3.8/site-packages/airflow/example_dags/tutorial_taskflow_api_virtualenv.py
[2023-10-27T16:59:53.851+0000] {logging_mixin.py:151} INFO - [2023-10-27T16:59:53.851+0000] {dag.py:2941} INFO - Sync 1 DAGs
[2023-10-27T16:59:53.858+0000] {logging_mixin.py:151} INFO - [2023-10-27T16:59:53.858+0000] {dag.py:3722} INFO - Setting next_dagrun for tutorial_taskflow_api_virtualenv to None, run_after=None
[2023-10-27T16:59:53.872+0000] {processor.py:179} INFO - Processing /home/airflow/.local/lib/python3.8/site-packages/airflow/example_dags/tutorial_taskflow_api_virtualenv.py took 0.042 seconds
[2023-10-27T17:00:24.582+0000] {processor.py:157} INFO - Started process (PID=4043) to work on /home/airflow/.local/lib/python3.8/site-packages/airflow/example_dags/tutorial_taskflow_api_virtualenv.py
[2023-10-27T17:00:24.582+0000] {processor.py:829} INFO - Processing file /home/airflow/.local/lib/python3.8/site-packages/airflow/example_dags/tutorial_taskflow_api_virtualenv.py for tasks to queue
[2023-10-27T17:00:24.584+0000] {logging_mixin.py:151} INFO - [2023-10-27T17:00:24.584+0000] {dagbag.py:536} INFO - Filling up the DagBag from /home/airflow/.local/lib/python3.8/site-packages/airflow/example_dags/tutorial_taskflow_api_virtualenv.py
[2023-10-27T17:00:24.588+0000] {processor.py:839} INFO - DAG(s) dict_keys(['tutorial_taskflow_api_virtualenv']) retrieved from /home/airflow/.local/lib/python3.8/site-packages/airflow/example_dags/tutorial_taskflow_api_virtualenv.py
[2023-10-27T17:00:24.601+0000] {logging_mixin.py:151} INFO - [2023-10-27T17:00:24.601+0000] {dag.py:2941} INFO - Sync 1 DAGs
[2023-10-27T17:00:24.609+0000] {logging_mixin.py:151} INFO - [2023-10-27T17:00:24.609+0000] {dag.py:3722} INFO - Setting next_dagrun for tutorial_taskflow_api_virtualenv to None, run_after=None
[2023-10-27T17:00:24.621+0000] {processor.py:179} INFO - Processing /home/airflow/.local/lib/python3.8/site-packages/airflow/example_dags/tutorial_taskflow_api_virtualenv.py took 0.041 seconds
[2023-10-27T17:00:55.550+0000] {processor.py:157} INFO - Started process (PID=4099) to work on /home/airflow/.local/lib/python3.8/site-packages/airflow/example_dags/tutorial_taskflow_api_virtualenv.py
[2023-10-27T17:00:55.550+0000] {processor.py:829} INFO - Processing file /home/airflow/.local/lib/python3.8/site-packages/airflow/example_dags/tutorial_taskflow_api_virtualenv.py for tasks to queue
[2023-10-27T17:00:55.552+0000] {logging_mixin.py:151} INFO - [2023-10-27T17:00:55.552+0000] {dagbag.py:536} INFO - Filling up the DagBag from /home/airflow/.local/lib/python3.8/site-packages/airflow/example_dags/tutorial_taskflow_api_virtualenv.py
[2023-10-27T17:00:55.556+0000] {processor.py:839} INFO - DAG(s) dict_keys(['tutorial_taskflow_api_virtualenv']) retrieved from /home/airflow/.local/lib/python3.8/site-packages/airflow/example_dags/tutorial_taskflow_api_virtualenv.py
[2023-10-27T17:00:55.568+0000] {logging_mixin.py:151} INFO - [2023-10-27T17:00:55.568+0000] {dag.py:2941} INFO - Sync 1 DAGs
[2023-10-27T17:00:55.578+0000] {logging_mixin.py:151} INFO - [2023-10-27T17:00:55.578+0000] {dag.py:3722} INFO - Setting next_dagrun for tutorial_taskflow_api_virtualenv to None, run_after=None
[2023-10-27T17:00:55.590+0000] {processor.py:179} INFO - Processing /home/airflow/.local/lib/python3.8/site-packages/airflow/example_dags/tutorial_taskflow_api_virtualenv.py took 0.042 seconds
[2023-10-27T17:01:26.443+0000] {processor.py:157} INFO - Started process (PID=4155) to work on /home/airflow/.local/lib/python3.8/site-packages/airflow/example_dags/tutorial_taskflow_api_virtualenv.py
[2023-10-27T17:01:26.444+0000] {processor.py:829} INFO - Processing file /home/airflow/.local/lib/python3.8/site-packages/airflow/example_dags/tutorial_taskflow_api_virtualenv.py for tasks to queue
[2023-10-27T17:01:26.445+0000] {logging_mixin.py:151} INFO - [2023-10-27T17:01:26.445+0000] {dagbag.py:536} INFO - Filling up the DagBag from /home/airflow/.local/lib/python3.8/site-packages/airflow/example_dags/tutorial_taskflow_api_virtualenv.py
[2023-10-27T17:01:26.449+0000] {processor.py:839} INFO - DAG(s) dict_keys(['tutorial_taskflow_api_virtualenv']) retrieved from /home/airflow/.local/lib/python3.8/site-packages/airflow/example_dags/tutorial_taskflow_api_virtualenv.py
[2023-10-27T17:01:26.464+0000] {logging_mixin.py:151} INFO - [2023-10-27T17:01:26.463+0000] {dag.py:2941} INFO - Sync 1 DAGs
[2023-10-27T17:01:26.473+0000] {logging_mixin.py:151} INFO - [2023-10-27T17:01:26.473+0000] {dag.py:3722} INFO - Setting next_dagrun for tutorial_taskflow_api_virtualenv to None, run_after=None
[2023-10-27T17:01:26.484+0000] {processor.py:179} INFO - Processing /home/airflow/.local/lib/python3.8/site-packages/airflow/example_dags/tutorial_taskflow_api_virtualenv.py took 0.043 seconds
[2023-10-27T17:01:57.212+0000] {processor.py:157} INFO - Started process (PID=4211) to work on /home/airflow/.local/lib/python3.8/site-packages/airflow/example_dags/tutorial_taskflow_api_virtualenv.py
[2023-10-27T17:01:57.212+0000] {processor.py:829} INFO - Processing file /home/airflow/.local/lib/python3.8/site-packages/airflow/example_dags/tutorial_taskflow_api_virtualenv.py for tasks to queue
[2023-10-27T17:01:57.214+0000] {logging_mixin.py:151} INFO - [2023-10-27T17:01:57.214+0000] {dagbag.py:536} INFO - Filling up the DagBag from /home/airflow/.local/lib/python3.8/site-packages/airflow/example_dags/tutorial_taskflow_api_virtualenv.py
[2023-10-27T17:01:57.218+0000] {processor.py:839} INFO - DAG(s) dict_keys(['tutorial_taskflow_api_virtualenv']) retrieved from /home/airflow/.local/lib/python3.8/site-packages/airflow/example_dags/tutorial_taskflow_api_virtualenv.py
[2023-10-27T17:01:57.230+0000] {logging_mixin.py:151} INFO - [2023-10-27T17:01:57.230+0000] {dag.py:2941} INFO - Sync 1 DAGs
[2023-10-27T17:01:57.238+0000] {logging_mixin.py:151} INFO - [2023-10-27T17:01:57.238+0000] {dag.py:3722} INFO - Setting next_dagrun for tutorial_taskflow_api_virtualenv to None, run_after=None
[2023-10-27T17:01:57.249+0000] {processor.py:179} INFO - Processing /home/airflow/.local/lib/python3.8/site-packages/airflow/example_dags/tutorial_taskflow_api_virtualenv.py took 0.039 seconds
[2023-10-27T17:02:28.160+0000] {processor.py:157} INFO - Started process (PID=4267) to work on /home/airflow/.local/lib/python3.8/site-packages/airflow/example_dags/tutorial_taskflow_api_virtualenv.py
[2023-10-27T17:02:28.161+0000] {processor.py:829} INFO - Processing file /home/airflow/.local/lib/python3.8/site-packages/airflow/example_dags/tutorial_taskflow_api_virtualenv.py for tasks to queue
[2023-10-27T17:02:28.162+0000] {logging_mixin.py:151} INFO - [2023-10-27T17:02:28.162+0000] {dagbag.py:536} INFO - Filling up the DagBag from /home/airflow/.local/lib/python3.8/site-packages/airflow/example_dags/tutorial_taskflow_api_virtualenv.py
[2023-10-27T17:02:28.166+0000] {processor.py:839} INFO - DAG(s) dict_keys(['tutorial_taskflow_api_virtualenv']) retrieved from /home/airflow/.local/lib/python3.8/site-packages/airflow/example_dags/tutorial_taskflow_api_virtualenv.py
[2023-10-27T17:02:28.180+0000] {logging_mixin.py:151} INFO - [2023-10-27T17:02:28.180+0000] {dag.py:2941} INFO - Sync 1 DAGs
[2023-10-27T17:02:28.188+0000] {logging_mixin.py:151} INFO - [2023-10-27T17:02:28.188+0000] {dag.py:3722} INFO - Setting next_dagrun for tutorial_taskflow_api_virtualenv to None, run_after=None
[2023-10-27T17:02:28.201+0000] {processor.py:179} INFO - Processing /home/airflow/.local/lib/python3.8/site-packages/airflow/example_dags/tutorial_taskflow_api_virtualenv.py took 0.042 seconds
[2023-10-27T17:02:59.051+0000] {processor.py:157} INFO - Started process (PID=4323) to work on /home/airflow/.local/lib/python3.8/site-packages/airflow/example_dags/tutorial_taskflow_api_virtualenv.py
[2023-10-27T17:02:59.051+0000] {processor.py:829} INFO - Processing file /home/airflow/.local/lib/python3.8/site-packages/airflow/example_dags/tutorial_taskflow_api_virtualenv.py for tasks to queue
[2023-10-27T17:02:59.053+0000] {logging_mixin.py:151} INFO - [2023-10-27T17:02:59.053+0000] {dagbag.py:536} INFO - Filling up the DagBag from /home/airflow/.local/lib/python3.8/site-packages/airflow/example_dags/tutorial_taskflow_api_virtualenv.py
[2023-10-27T17:02:59.057+0000] {processor.py:839} INFO - DAG(s) dict_keys(['tutorial_taskflow_api_virtualenv']) retrieved from /home/airflow/.local/lib/python3.8/site-packages/airflow/example_dags/tutorial_taskflow_api_virtualenv.py
[2023-10-27T17:02:59.068+0000] {logging_mixin.py:151} INFO - [2023-10-27T17:02:59.068+0000] {dag.py:2941} INFO - Sync 1 DAGs
[2023-10-27T17:02:59.076+0000] {logging_mixin.py:151} INFO - [2023-10-27T17:02:59.076+0000] {dag.py:3722} INFO - Setting next_dagrun for tutorial_taskflow_api_virtualenv to None, run_after=None
[2023-10-27T17:02:59.087+0000] {processor.py:179} INFO - Processing /home/airflow/.local/lib/python3.8/site-packages/airflow/example_dags/tutorial_taskflow_api_virtualenv.py took 0.039 seconds
[2023-10-27T17:03:30.027+0000] {processor.py:157} INFO - Started process (PID=4380) to work on /home/airflow/.local/lib/python3.8/site-packages/airflow/example_dags/tutorial_taskflow_api_virtualenv.py
[2023-10-27T17:03:30.027+0000] {processor.py:829} INFO - Processing file /home/airflow/.local/lib/python3.8/site-packages/airflow/example_dags/tutorial_taskflow_api_virtualenv.py for tasks to queue
[2023-10-27T17:03:30.029+0000] {logging_mixin.py:151} INFO - [2023-10-27T17:03:30.029+0000] {dagbag.py:536} INFO - Filling up the DagBag from /home/airflow/.local/lib/python3.8/site-packages/airflow/example_dags/tutorial_taskflow_api_virtualenv.py
[2023-10-27T17:03:30.033+0000] {processor.py:839} INFO - DAG(s) dict_keys(['tutorial_taskflow_api_virtualenv']) retrieved from /home/airflow/.local/lib/python3.8/site-packages/airflow/example_dags/tutorial_taskflow_api_virtualenv.py
[2023-10-27T17:03:30.046+0000] {logging_mixin.py:151} INFO - [2023-10-27T17:03:30.046+0000] {dag.py:2941} INFO - Sync 1 DAGs
[2023-10-27T17:03:30.054+0000] {logging_mixin.py:151} INFO - [2023-10-27T17:03:30.054+0000] {dag.py:3722} INFO - Setting next_dagrun for tutorial_taskflow_api_virtualenv to None, run_after=None
[2023-10-27T17:03:30.066+0000] {processor.py:179} INFO - Processing /home/airflow/.local/lib/python3.8/site-packages/airflow/example_dags/tutorial_taskflow_api_virtualenv.py took 0.041 seconds
[2023-10-27T17:04:01.023+0000] {processor.py:157} INFO - Started process (PID=4436) to work on /home/airflow/.local/lib/python3.8/site-packages/airflow/example_dags/tutorial_taskflow_api_virtualenv.py
[2023-10-27T17:04:01.024+0000] {processor.py:829} INFO - Processing file /home/airflow/.local/lib/python3.8/site-packages/airflow/example_dags/tutorial_taskflow_api_virtualenv.py for tasks to queue
[2023-10-27T17:04:01.026+0000] {logging_mixin.py:151} INFO - [2023-10-27T17:04:01.026+0000] {dagbag.py:536} INFO - Filling up the DagBag from /home/airflow/.local/lib/python3.8/site-packages/airflow/example_dags/tutorial_taskflow_api_virtualenv.py
[2023-10-27T17:04:01.031+0000] {processor.py:839} INFO - DAG(s) dict_keys(['tutorial_taskflow_api_virtualenv']) retrieved from /home/airflow/.local/lib/python3.8/site-packages/airflow/example_dags/tutorial_taskflow_api_virtualenv.py
[2023-10-27T17:04:01.043+0000] {logging_mixin.py:151} INFO - [2023-10-27T17:04:01.042+0000] {dag.py:2941} INFO - Sync 1 DAGs
[2023-10-27T17:04:01.051+0000] {logging_mixin.py:151} INFO - [2023-10-27T17:04:01.051+0000] {dag.py:3722} INFO - Setting next_dagrun for tutorial_taskflow_api_virtualenv to None, run_after=None
[2023-10-27T17:04:01.063+0000] {processor.py:179} INFO - Processing /home/airflow/.local/lib/python3.8/site-packages/airflow/example_dags/tutorial_taskflow_api_virtualenv.py took 0.041 seconds
[2023-10-27T17:04:31.952+0000] {processor.py:157} INFO - Started process (PID=4492) to work on /home/airflow/.local/lib/python3.8/site-packages/airflow/example_dags/tutorial_taskflow_api_virtualenv.py
[2023-10-27T17:04:31.952+0000] {processor.py:829} INFO - Processing file /home/airflow/.local/lib/python3.8/site-packages/airflow/example_dags/tutorial_taskflow_api_virtualenv.py for tasks to queue
[2023-10-27T17:04:31.954+0000] {logging_mixin.py:151} INFO - [2023-10-27T17:04:31.954+0000] {dagbag.py:536} INFO - Filling up the DagBag from /home/airflow/.local/lib/python3.8/site-packages/airflow/example_dags/tutorial_taskflow_api_virtualenv.py
[2023-10-27T17:04:31.958+0000] {processor.py:839} INFO - DAG(s) dict_keys(['tutorial_taskflow_api_virtualenv']) retrieved from /home/airflow/.local/lib/python3.8/site-packages/airflow/example_dags/tutorial_taskflow_api_virtualenv.py
[2023-10-27T17:04:31.970+0000] {logging_mixin.py:151} INFO - [2023-10-27T17:04:31.970+0000] {dag.py:2941} INFO - Sync 1 DAGs
[2023-10-27T17:04:31.978+0000] {logging_mixin.py:151} INFO - [2023-10-27T17:04:31.978+0000] {dag.py:3722} INFO - Setting next_dagrun for tutorial_taskflow_api_virtualenv to None, run_after=None
[2023-10-27T17:04:31.989+0000] {processor.py:179} INFO - Processing /home/airflow/.local/lib/python3.8/site-packages/airflow/example_dags/tutorial_taskflow_api_virtualenv.py took 0.040 seconds
[2023-10-27T17:05:02.930+0000] {processor.py:157} INFO - Started process (PID=4549) to work on /home/airflow/.local/lib/python3.8/site-packages/airflow/example_dags/tutorial_taskflow_api_virtualenv.py
[2023-10-27T17:05:02.930+0000] {processor.py:829} INFO - Processing file /home/airflow/.local/lib/python3.8/site-packages/airflow/example_dags/tutorial_taskflow_api_virtualenv.py for tasks to queue
[2023-10-27T17:05:02.932+0000] {logging_mixin.py:151} INFO - [2023-10-27T17:05:02.932+0000] {dagbag.py:536} INFO - Filling up the DagBag from /home/airflow/.local/lib/python3.8/site-packages/airflow/example_dags/tutorial_taskflow_api_virtualenv.py
[2023-10-27T17:05:02.936+0000] {processor.py:839} INFO - DAG(s) dict_keys(['tutorial_taskflow_api_virtualenv']) retrieved from /home/airflow/.local/lib/python3.8/site-packages/airflow/example_dags/tutorial_taskflow_api_virtualenv.py
[2023-10-27T17:05:02.949+0000] {logging_mixin.py:151} INFO - [2023-10-27T17:05:02.948+0000] {dag.py:2941} INFO - Sync 1 DAGs
[2023-10-27T17:05:02.957+0000] {logging_mixin.py:151} INFO - [2023-10-27T17:05:02.957+0000] {dag.py:3722} INFO - Setting next_dagrun for tutorial_taskflow_api_virtualenv to None, run_after=None
[2023-10-27T17:05:02.968+0000] {processor.py:179} INFO - Processing /home/airflow/.local/lib/python3.8/site-packages/airflow/example_dags/tutorial_taskflow_api_virtualenv.py took 0.041 seconds
[2023-10-27T17:05:33.842+0000] {processor.py:157} INFO - Started process (PID=4605) to work on /home/airflow/.local/lib/python3.8/site-packages/airflow/example_dags/tutorial_taskflow_api_virtualenv.py
[2023-10-27T17:05:33.843+0000] {processor.py:829} INFO - Processing file /home/airflow/.local/lib/python3.8/site-packages/airflow/example_dags/tutorial_taskflow_api_virtualenv.py for tasks to queue
[2023-10-27T17:05:33.844+0000] {logging_mixin.py:151} INFO - [2023-10-27T17:05:33.844+0000] {dagbag.py:536} INFO - Filling up the DagBag from /home/airflow/.local/lib/python3.8/site-packages/airflow/example_dags/tutorial_taskflow_api_virtualenv.py
[2023-10-27T17:05:33.848+0000] {processor.py:839} INFO - DAG(s) dict_keys(['tutorial_taskflow_api_virtualenv']) retrieved from /home/airflow/.local/lib/python3.8/site-packages/airflow/example_dags/tutorial_taskflow_api_virtualenv.py
[2023-10-27T17:05:33.862+0000] {logging_mixin.py:151} INFO - [2023-10-27T17:05:33.862+0000] {dag.py:2941} INFO - Sync 1 DAGs
[2023-10-27T17:05:33.870+0000] {logging_mixin.py:151} INFO - [2023-10-27T17:05:33.870+0000] {dag.py:3722} INFO - Setting next_dagrun for tutorial_taskflow_api_virtualenv to None, run_after=None
[2023-10-27T17:05:33.882+0000] {processor.py:179} INFO - Processing /home/airflow/.local/lib/python3.8/site-packages/airflow/example_dags/tutorial_taskflow_api_virtualenv.py took 0.042 seconds
[2023-10-27T17:06:04.706+0000] {processor.py:157} INFO - Started process (PID=4661) to work on /home/airflow/.local/lib/python3.8/site-packages/airflow/example_dags/tutorial_taskflow_api_virtualenv.py
[2023-10-27T17:06:04.707+0000] {processor.py:829} INFO - Processing file /home/airflow/.local/lib/python3.8/site-packages/airflow/example_dags/tutorial_taskflow_api_virtualenv.py for tasks to queue
[2023-10-27T17:06:04.708+0000] {logging_mixin.py:151} INFO - [2023-10-27T17:06:04.708+0000] {dagbag.py:536} INFO - Filling up the DagBag from /home/airflow/.local/lib/python3.8/site-packages/airflow/example_dags/tutorial_taskflow_api_virtualenv.py
[2023-10-27T17:06:04.713+0000] {processor.py:839} INFO - DAG(s) dict_keys(['tutorial_taskflow_api_virtualenv']) retrieved from /home/airflow/.local/lib/python3.8/site-packages/airflow/example_dags/tutorial_taskflow_api_virtualenv.py
[2023-10-27T17:06:04.732+0000] {logging_mixin.py:151} INFO - [2023-10-27T17:06:04.732+0000] {dag.py:2941} INFO - Sync 1 DAGs
[2023-10-27T17:06:04.743+0000] {logging_mixin.py:151} INFO - [2023-10-27T17:06:04.743+0000] {dag.py:3722} INFO - Setting next_dagrun for tutorial_taskflow_api_virtualenv to None, run_after=None
[2023-10-27T17:06:04.758+0000] {processor.py:179} INFO - Processing /home/airflow/.local/lib/python3.8/site-packages/airflow/example_dags/tutorial_taskflow_api_virtualenv.py took 0.054 seconds
[2023-10-27T17:06:34.786+0000] {processor.py:157} INFO - Started process (PID=4717) to work on /home/airflow/.local/lib/python3.8/site-packages/airflow/example_dags/tutorial_taskflow_api_virtualenv.py
[2023-10-27T17:06:34.787+0000] {processor.py:829} INFO - Processing file /home/airflow/.local/lib/python3.8/site-packages/airflow/example_dags/tutorial_taskflow_api_virtualenv.py for tasks to queue
[2023-10-27T17:06:34.788+0000] {logging_mixin.py:151} INFO - [2023-10-27T17:06:34.788+0000] {dagbag.py:536} INFO - Filling up the DagBag from /home/airflow/.local/lib/python3.8/site-packages/airflow/example_dags/tutorial_taskflow_api_virtualenv.py
[2023-10-27T17:06:34.792+0000] {processor.py:839} INFO - DAG(s) dict_keys(['tutorial_taskflow_api_virtualenv']) retrieved from /home/airflow/.local/lib/python3.8/site-packages/airflow/example_dags/tutorial_taskflow_api_virtualenv.py
[2023-10-27T17:06:34.808+0000] {logging_mixin.py:151} INFO - [2023-10-27T17:06:34.807+0000] {dag.py:2941} INFO - Sync 1 DAGs
[2023-10-27T17:06:34.817+0000] {logging_mixin.py:151} INFO - [2023-10-27T17:06:34.817+0000] {dag.py:3722} INFO - Setting next_dagrun for tutorial_taskflow_api_virtualenv to None, run_after=None
[2023-10-27T17:06:34.830+0000] {processor.py:179} INFO - Processing /home/airflow/.local/lib/python3.8/site-packages/airflow/example_dags/tutorial_taskflow_api_virtualenv.py took 0.046 seconds
[2023-10-27T17:07:04.864+0000] {processor.py:157} INFO - Started process (PID=4773) to work on /home/airflow/.local/lib/python3.8/site-packages/airflow/example_dags/tutorial_taskflow_api_virtualenv.py
[2023-10-27T17:07:04.864+0000] {processor.py:829} INFO - Processing file /home/airflow/.local/lib/python3.8/site-packages/airflow/example_dags/tutorial_taskflow_api_virtualenv.py for tasks to queue
[2023-10-27T17:07:04.866+0000] {logging_mixin.py:151} INFO - [2023-10-27T17:07:04.866+0000] {dagbag.py:536} INFO - Filling up the DagBag from /home/airflow/.local/lib/python3.8/site-packages/airflow/example_dags/tutorial_taskflow_api_virtualenv.py
[2023-10-27T17:07:04.869+0000] {processor.py:839} INFO - DAG(s) dict_keys(['tutorial_taskflow_api_virtualenv']) retrieved from /home/airflow/.local/lib/python3.8/site-packages/airflow/example_dags/tutorial_taskflow_api_virtualenv.py
[2023-10-27T17:07:04.884+0000] {logging_mixin.py:151} INFO - [2023-10-27T17:07:04.884+0000] {dag.py:2941} INFO - Sync 1 DAGs
[2023-10-27T17:07:04.894+0000] {logging_mixin.py:151} INFO - [2023-10-27T17:07:04.894+0000] {dag.py:3722} INFO - Setting next_dagrun for tutorial_taskflow_api_virtualenv to None, run_after=None
[2023-10-27T17:07:04.907+0000] {processor.py:179} INFO - Processing /home/airflow/.local/lib/python3.8/site-packages/airflow/example_dags/tutorial_taskflow_api_virtualenv.py took 0.045 seconds
[2023-10-27T17:07:35.023+0000] {processor.py:157} INFO - Started process (PID=4829) to work on /home/airflow/.local/lib/python3.8/site-packages/airflow/example_dags/tutorial_taskflow_api_virtualenv.py
[2023-10-27T17:07:35.024+0000] {processor.py:829} INFO - Processing file /home/airflow/.local/lib/python3.8/site-packages/airflow/example_dags/tutorial_taskflow_api_virtualenv.py for tasks to queue
[2023-10-27T17:07:35.025+0000] {logging_mixin.py:151} INFO - [2023-10-27T17:07:35.025+0000] {dagbag.py:536} INFO - Filling up the DagBag from /home/airflow/.local/lib/python3.8/site-packages/airflow/example_dags/tutorial_taskflow_api_virtualenv.py
[2023-10-27T17:07:35.029+0000] {processor.py:839} INFO - DAG(s) dict_keys(['tutorial_taskflow_api_virtualenv']) retrieved from /home/airflow/.local/lib/python3.8/site-packages/airflow/example_dags/tutorial_taskflow_api_virtualenv.py
[2023-10-27T17:07:35.042+0000] {logging_mixin.py:151} INFO - [2023-10-27T17:07:35.042+0000] {dag.py:2941} INFO - Sync 1 DAGs
[2023-10-27T17:07:35.051+0000] {logging_mixin.py:151} INFO - [2023-10-27T17:07:35.050+0000] {dag.py:3722} INFO - Setting next_dagrun for tutorial_taskflow_api_virtualenv to None, run_after=None
[2023-10-27T17:07:35.065+0000] {processor.py:179} INFO - Processing /home/airflow/.local/lib/python3.8/site-packages/airflow/example_dags/tutorial_taskflow_api_virtualenv.py took 0.044 seconds
[2023-10-27T17:08:05.157+0000] {processor.py:157} INFO - Started process (PID=4885) to work on /home/airflow/.local/lib/python3.8/site-packages/airflow/example_dags/tutorial_taskflow_api_virtualenv.py
[2023-10-27T17:08:05.158+0000] {processor.py:829} INFO - Processing file /home/airflow/.local/lib/python3.8/site-packages/airflow/example_dags/tutorial_taskflow_api_virtualenv.py for tasks to queue
[2023-10-27T17:08:05.159+0000] {logging_mixin.py:151} INFO - [2023-10-27T17:08:05.159+0000] {dagbag.py:536} INFO - Filling up the DagBag from /home/airflow/.local/lib/python3.8/site-packages/airflow/example_dags/tutorial_taskflow_api_virtualenv.py
[2023-10-27T17:08:05.163+0000] {processor.py:839} INFO - DAG(s) dict_keys(['tutorial_taskflow_api_virtualenv']) retrieved from /home/airflow/.local/lib/python3.8/site-packages/airflow/example_dags/tutorial_taskflow_api_virtualenv.py
[2023-10-27T17:08:05.176+0000] {logging_mixin.py:151} INFO - [2023-10-27T17:08:05.176+0000] {dag.py:2941} INFO - Sync 1 DAGs
[2023-10-27T17:08:05.185+0000] {logging_mixin.py:151} INFO - [2023-10-27T17:08:05.185+0000] {dag.py:3722} INFO - Setting next_dagrun for tutorial_taskflow_api_virtualenv to None, run_after=None
[2023-10-27T17:08:05.196+0000] {processor.py:179} INFO - Processing /home/airflow/.local/lib/python3.8/site-packages/airflow/example_dags/tutorial_taskflow_api_virtualenv.py took 0.041 seconds
[2023-10-27T17:08:35.930+0000] {processor.py:157} INFO - Started process (PID=4941) to work on /home/airflow/.local/lib/python3.8/site-packages/airflow/example_dags/tutorial_taskflow_api_virtualenv.py
[2023-10-27T17:08:35.931+0000] {processor.py:829} INFO - Processing file /home/airflow/.local/lib/python3.8/site-packages/airflow/example_dags/tutorial_taskflow_api_virtualenv.py for tasks to queue
[2023-10-27T17:08:35.932+0000] {logging_mixin.py:151} INFO - [2023-10-27T17:08:35.932+0000] {dagbag.py:536} INFO - Filling up the DagBag from /home/airflow/.local/lib/python3.8/site-packages/airflow/example_dags/tutorial_taskflow_api_virtualenv.py
[2023-10-27T17:08:35.937+0000] {processor.py:839} INFO - DAG(s) dict_keys(['tutorial_taskflow_api_virtualenv']) retrieved from /home/airflow/.local/lib/python3.8/site-packages/airflow/example_dags/tutorial_taskflow_api_virtualenv.py
[2023-10-27T17:08:35.949+0000] {logging_mixin.py:151} INFO - [2023-10-27T17:08:35.949+0000] {dag.py:2941} INFO - Sync 1 DAGs
[2023-10-27T17:08:35.957+0000] {logging_mixin.py:151} INFO - [2023-10-27T17:08:35.957+0000] {dag.py:3722} INFO - Setting next_dagrun for tutorial_taskflow_api_virtualenv to None, run_after=None
[2023-10-27T17:08:35.969+0000] {processor.py:179} INFO - Processing /home/airflow/.local/lib/python3.8/site-packages/airflow/example_dags/tutorial_taskflow_api_virtualenv.py took 0.041 seconds
[2023-10-27T17:09:06.703+0000] {processor.py:157} INFO - Started process (PID=4997) to work on /home/airflow/.local/lib/python3.8/site-packages/airflow/example_dags/tutorial_taskflow_api_virtualenv.py
[2023-10-27T17:09:06.704+0000] {processor.py:829} INFO - Processing file /home/airflow/.local/lib/python3.8/site-packages/airflow/example_dags/tutorial_taskflow_api_virtualenv.py for tasks to queue
[2023-10-27T17:09:06.705+0000] {logging_mixin.py:151} INFO - [2023-10-27T17:09:06.705+0000] {dagbag.py:536} INFO - Filling up the DagBag from /home/airflow/.local/lib/python3.8/site-packages/airflow/example_dags/tutorial_taskflow_api_virtualenv.py
[2023-10-27T17:09:06.709+0000] {processor.py:839} INFO - DAG(s) dict_keys(['tutorial_taskflow_api_virtualenv']) retrieved from /home/airflow/.local/lib/python3.8/site-packages/airflow/example_dags/tutorial_taskflow_api_virtualenv.py
[2023-10-27T17:09:06.722+0000] {logging_mixin.py:151} INFO - [2023-10-27T17:09:06.722+0000] {dag.py:2941} INFO - Sync 1 DAGs
[2023-10-27T17:09:06.729+0000] {logging_mixin.py:151} INFO - [2023-10-27T17:09:06.729+0000] {dag.py:3722} INFO - Setting next_dagrun for tutorial_taskflow_api_virtualenv to None, run_after=None
[2023-10-27T17:09:06.741+0000] {processor.py:179} INFO - Processing /home/airflow/.local/lib/python3.8/site-packages/airflow/example_dags/tutorial_taskflow_api_virtualenv.py took 0.039 seconds
[2023-10-27T17:09:37.481+0000] {processor.py:157} INFO - Started process (PID=5054) to work on /home/airflow/.local/lib/python3.8/site-packages/airflow/example_dags/tutorial_taskflow_api_virtualenv.py
[2023-10-27T17:09:37.481+0000] {processor.py:829} INFO - Processing file /home/airflow/.local/lib/python3.8/site-packages/airflow/example_dags/tutorial_taskflow_api_virtualenv.py for tasks to queue
[2023-10-27T17:09:37.483+0000] {logging_mixin.py:151} INFO - [2023-10-27T17:09:37.483+0000] {dagbag.py:536} INFO - Filling up the DagBag from /home/airflow/.local/lib/python3.8/site-packages/airflow/example_dags/tutorial_taskflow_api_virtualenv.py
[2023-10-27T17:09:37.487+0000] {processor.py:839} INFO - DAG(s) dict_keys(['tutorial_taskflow_api_virtualenv']) retrieved from /home/airflow/.local/lib/python3.8/site-packages/airflow/example_dags/tutorial_taskflow_api_virtualenv.py
[2023-10-27T17:09:37.499+0000] {logging_mixin.py:151} INFO - [2023-10-27T17:09:37.499+0000] {dag.py:2941} INFO - Sync 1 DAGs
[2023-10-27T17:09:37.507+0000] {logging_mixin.py:151} INFO - [2023-10-27T17:09:37.506+0000] {dag.py:3722} INFO - Setting next_dagrun for tutorial_taskflow_api_virtualenv to None, run_after=None
[2023-10-27T17:09:37.518+0000] {processor.py:179} INFO - Processing /home/airflow/.local/lib/python3.8/site-packages/airflow/example_dags/tutorial_taskflow_api_virtualenv.py took 0.039 seconds
[2023-10-27T17:10:08.196+0000] {processor.py:157} INFO - Started process (PID=5110) to work on /home/airflow/.local/lib/python3.8/site-packages/airflow/example_dags/tutorial_taskflow_api_virtualenv.py
[2023-10-27T17:10:08.197+0000] {processor.py:829} INFO - Processing file /home/airflow/.local/lib/python3.8/site-packages/airflow/example_dags/tutorial_taskflow_api_virtualenv.py for tasks to queue
[2023-10-27T17:10:08.198+0000] {logging_mixin.py:151} INFO - [2023-10-27T17:10:08.198+0000] {dagbag.py:536} INFO - Filling up the DagBag from /home/airflow/.local/lib/python3.8/site-packages/airflow/example_dags/tutorial_taskflow_api_virtualenv.py
[2023-10-27T17:10:08.202+0000] {processor.py:839} INFO - DAG(s) dict_keys(['tutorial_taskflow_api_virtualenv']) retrieved from /home/airflow/.local/lib/python3.8/site-packages/airflow/example_dags/tutorial_taskflow_api_virtualenv.py
[2023-10-27T17:10:08.216+0000] {logging_mixin.py:151} INFO - [2023-10-27T17:10:08.216+0000] {dag.py:2941} INFO - Sync 1 DAGs
[2023-10-27T17:10:08.224+0000] {logging_mixin.py:151} INFO - [2023-10-27T17:10:08.224+0000] {dag.py:3722} INFO - Setting next_dagrun for tutorial_taskflow_api_virtualenv to None, run_after=None
[2023-10-27T17:10:08.235+0000] {processor.py:179} INFO - Processing /home/airflow/.local/lib/python3.8/site-packages/airflow/example_dags/tutorial_taskflow_api_virtualenv.py took 0.041 seconds
[2023-10-27T17:10:38.870+0000] {processor.py:157} INFO - Started process (PID=5166) to work on /home/airflow/.local/lib/python3.8/site-packages/airflow/example_dags/tutorial_taskflow_api_virtualenv.py
[2023-10-27T17:10:38.871+0000] {processor.py:829} INFO - Processing file /home/airflow/.local/lib/python3.8/site-packages/airflow/example_dags/tutorial_taskflow_api_virtualenv.py for tasks to queue
[2023-10-27T17:10:38.872+0000] {logging_mixin.py:151} INFO - [2023-10-27T17:10:38.872+0000] {dagbag.py:536} INFO - Filling up the DagBag from /home/airflow/.local/lib/python3.8/site-packages/airflow/example_dags/tutorial_taskflow_api_virtualenv.py
[2023-10-27T17:10:38.876+0000] {processor.py:839} INFO - DAG(s) dict_keys(['tutorial_taskflow_api_virtualenv']) retrieved from /home/airflow/.local/lib/python3.8/site-packages/airflow/example_dags/tutorial_taskflow_api_virtualenv.py
[2023-10-27T17:10:38.888+0000] {logging_mixin.py:151} INFO - [2023-10-27T17:10:38.888+0000] {dag.py:2941} INFO - Sync 1 DAGs
[2023-10-27T17:10:38.897+0000] {logging_mixin.py:151} INFO - [2023-10-27T17:10:38.896+0000] {dag.py:3722} INFO - Setting next_dagrun for tutorial_taskflow_api_virtualenv to None, run_after=None
[2023-10-27T17:10:38.910+0000] {processor.py:179} INFO - Processing /home/airflow/.local/lib/python3.8/site-packages/airflow/example_dags/tutorial_taskflow_api_virtualenv.py took 0.041 seconds
[2023-10-27T17:11:09.638+0000] {processor.py:157} INFO - Started process (PID=5222) to work on /home/airflow/.local/lib/python3.8/site-packages/airflow/example_dags/tutorial_taskflow_api_virtualenv.py
[2023-10-27T17:11:09.638+0000] {processor.py:829} INFO - Processing file /home/airflow/.local/lib/python3.8/site-packages/airflow/example_dags/tutorial_taskflow_api_virtualenv.py for tasks to queue
[2023-10-27T17:11:09.640+0000] {logging_mixin.py:151} INFO - [2023-10-27T17:11:09.640+0000] {dagbag.py:536} INFO - Filling up the DagBag from /home/airflow/.local/lib/python3.8/site-packages/airflow/example_dags/tutorial_taskflow_api_virtualenv.py
[2023-10-27T17:11:09.645+0000] {processor.py:839} INFO - DAG(s) dict_keys(['tutorial_taskflow_api_virtualenv']) retrieved from /home/airflow/.local/lib/python3.8/site-packages/airflow/example_dags/tutorial_taskflow_api_virtualenv.py
[2023-10-27T17:11:09.658+0000] {logging_mixin.py:151} INFO - [2023-10-27T17:11:09.657+0000] {dag.py:2941} INFO - Sync 1 DAGs
[2023-10-27T17:11:09.665+0000] {logging_mixin.py:151} INFO - [2023-10-27T17:11:09.665+0000] {dag.py:3722} INFO - Setting next_dagrun for tutorial_taskflow_api_virtualenv to None, run_after=None
[2023-10-27T17:11:09.679+0000] {processor.py:179} INFO - Processing /home/airflow/.local/lib/python3.8/site-packages/airflow/example_dags/tutorial_taskflow_api_virtualenv.py took 0.044 seconds
[2023-10-27T17:11:40.382+0000] {processor.py:157} INFO - Started process (PID=5278) to work on /home/airflow/.local/lib/python3.8/site-packages/airflow/example_dags/tutorial_taskflow_api_virtualenv.py
[2023-10-27T17:11:40.383+0000] {processor.py:829} INFO - Processing file /home/airflow/.local/lib/python3.8/site-packages/airflow/example_dags/tutorial_taskflow_api_virtualenv.py for tasks to queue
[2023-10-27T17:11:40.384+0000] {logging_mixin.py:151} INFO - [2023-10-27T17:11:40.384+0000] {dagbag.py:536} INFO - Filling up the DagBag from /home/airflow/.local/lib/python3.8/site-packages/airflow/example_dags/tutorial_taskflow_api_virtualenv.py
[2023-10-27T17:11:40.388+0000] {processor.py:839} INFO - DAG(s) dict_keys(['tutorial_taskflow_api_virtualenv']) retrieved from /home/airflow/.local/lib/python3.8/site-packages/airflow/example_dags/tutorial_taskflow_api_virtualenv.py
[2023-10-27T17:11:40.401+0000] {logging_mixin.py:151} INFO - [2023-10-27T17:11:40.401+0000] {dag.py:2941} INFO - Sync 1 DAGs
[2023-10-27T17:11:40.409+0000] {logging_mixin.py:151} INFO - [2023-10-27T17:11:40.409+0000] {dag.py:3722} INFO - Setting next_dagrun for tutorial_taskflow_api_virtualenv to None, run_after=None
[2023-10-27T17:11:40.421+0000] {processor.py:179} INFO - Processing /home/airflow/.local/lib/python3.8/site-packages/airflow/example_dags/tutorial_taskflow_api_virtualenv.py took 0.040 seconds
