[2023-10-27T16:56:47.882+0000] {processor.py:157} INFO - Started process (PID=3628) to work on /home/airflow/.local/lib/python3.8/site-packages/airflow/example_dags/tutorial.py
[2023-10-27T16:56:47.883+0000] {processor.py:829} INFO - Processing file /home/airflow/.local/lib/python3.8/site-packages/airflow/example_dags/tutorial.py for tasks to queue
[2023-10-27T16:56:47.885+0000] {logging_mixin.py:151} INFO - [2023-10-27T16:56:47.884+0000] {dagbag.py:536} INFO - Filling up the DagBag from /home/airflow/.local/lib/python3.8/site-packages/airflow/example_dags/tutorial.py
[2023-10-27T16:56:47.894+0000] {processor.py:839} INFO - DAG(s) dict_keys(['tutorial']) retrieved from /home/airflow/.local/lib/python3.8/site-packages/airflow/example_dags/tutorial.py
[2023-10-27T16:56:47.921+0000] {logging_mixin.py:151} INFO - [2023-10-27T16:56:47.921+0000] {dag.py:2941} INFO - Sync 1 DAGs
[2023-10-27T16:56:47.974+0000] {logging_mixin.py:151} INFO - [2023-10-27T16:56:47.974+0000] {dag.py:3722} INFO - Setting next_dagrun for tutorial to 2023-10-26T16:56:47.974409+00:00, run_after=2023-10-27T16:56:47.974409+00:00
[2023-10-27T16:56:48.035+0000] {processor.py:179} INFO - Processing /home/airflow/.local/lib/python3.8/site-packages/airflow/example_dags/tutorial.py took 0.156 seconds
[2023-10-27T16:57:18.892+0000] {processor.py:157} INFO - Started process (PID=3684) to work on /home/airflow/.local/lib/python3.8/site-packages/airflow/example_dags/tutorial.py
[2023-10-27T16:57:18.892+0000] {processor.py:829} INFO - Processing file /home/airflow/.local/lib/python3.8/site-packages/airflow/example_dags/tutorial.py for tasks to queue
[2023-10-27T16:57:18.893+0000] {logging_mixin.py:151} INFO - [2023-10-27T16:57:18.893+0000] {dagbag.py:536} INFO - Filling up the DagBag from /home/airflow/.local/lib/python3.8/site-packages/airflow/example_dags/tutorial.py
[2023-10-27T16:57:18.897+0000] {processor.py:839} INFO - DAG(s) dict_keys(['tutorial']) retrieved from /home/airflow/.local/lib/python3.8/site-packages/airflow/example_dags/tutorial.py
[2023-10-27T16:57:18.912+0000] {logging_mixin.py:151} INFO - [2023-10-27T16:57:18.911+0000] {dag.py:2941} INFO - Sync 1 DAGs
[2023-10-27T16:57:18.930+0000] {logging_mixin.py:151} INFO - [2023-10-27T16:57:18.930+0000] {dag.py:3722} INFO - Setting next_dagrun for tutorial to 2023-10-26T16:57:18.930442+00:00, run_after=2023-10-27T16:57:18.930442+00:00
[2023-10-27T16:57:18.945+0000] {processor.py:179} INFO - Processing /home/airflow/.local/lib/python3.8/site-packages/airflow/example_dags/tutorial.py took 0.055 seconds
[2023-10-27T16:57:49.849+0000] {processor.py:157} INFO - Started process (PID=3740) to work on /home/airflow/.local/lib/python3.8/site-packages/airflow/example_dags/tutorial.py
[2023-10-27T16:57:49.849+0000] {processor.py:829} INFO - Processing file /home/airflow/.local/lib/python3.8/site-packages/airflow/example_dags/tutorial.py for tasks to queue
[2023-10-27T16:57:49.850+0000] {logging_mixin.py:151} INFO - [2023-10-27T16:57:49.850+0000] {dagbag.py:536} INFO - Filling up the DagBag from /home/airflow/.local/lib/python3.8/site-packages/airflow/example_dags/tutorial.py
[2023-10-27T16:57:49.854+0000] {processor.py:839} INFO - DAG(s) dict_keys(['tutorial']) retrieved from /home/airflow/.local/lib/python3.8/site-packages/airflow/example_dags/tutorial.py
[2023-10-27T16:57:49.866+0000] {logging_mixin.py:151} INFO - [2023-10-27T16:57:49.866+0000] {dag.py:2941} INFO - Sync 1 DAGs
[2023-10-27T16:57:49.881+0000] {logging_mixin.py:151} INFO - [2023-10-27T16:57:49.881+0000] {dag.py:3722} INFO - Setting next_dagrun for tutorial to 2023-10-26T16:57:49.881493+00:00, run_after=2023-10-27T16:57:49.881493+00:00
[2023-10-27T16:57:49.893+0000] {processor.py:179} INFO - Processing /home/airflow/.local/lib/python3.8/site-packages/airflow/example_dags/tutorial.py took 0.047 seconds
[2023-10-27T16:58:20.599+0000] {processor.py:157} INFO - Started process (PID=3797) to work on /home/airflow/.local/lib/python3.8/site-packages/airflow/example_dags/tutorial.py
[2023-10-27T16:58:20.600+0000] {processor.py:829} INFO - Processing file /home/airflow/.local/lib/python3.8/site-packages/airflow/example_dags/tutorial.py for tasks to queue
[2023-10-27T16:58:20.601+0000] {logging_mixin.py:151} INFO - [2023-10-27T16:58:20.601+0000] {dagbag.py:536} INFO - Filling up the DagBag from /home/airflow/.local/lib/python3.8/site-packages/airflow/example_dags/tutorial.py
[2023-10-27T16:58:20.604+0000] {processor.py:839} INFO - DAG(s) dict_keys(['tutorial']) retrieved from /home/airflow/.local/lib/python3.8/site-packages/airflow/example_dags/tutorial.py
[2023-10-27T16:58:20.616+0000] {logging_mixin.py:151} INFO - [2023-10-27T16:58:20.616+0000] {dag.py:2941} INFO - Sync 1 DAGs
[2023-10-27T16:58:20.632+0000] {logging_mixin.py:151} INFO - [2023-10-27T16:58:20.631+0000] {dag.py:3722} INFO - Setting next_dagrun for tutorial to 2023-10-26T16:58:20.631752+00:00, run_after=2023-10-27T16:58:20.631752+00:00
[2023-10-27T16:58:20.644+0000] {processor.py:179} INFO - Processing /home/airflow/.local/lib/python3.8/site-packages/airflow/example_dags/tutorial.py took 0.046 seconds
[2023-10-27T16:58:51.543+0000] {processor.py:157} INFO - Started process (PID=3854) to work on /home/airflow/.local/lib/python3.8/site-packages/airflow/example_dags/tutorial.py
[2023-10-27T16:58:51.544+0000] {processor.py:829} INFO - Processing file /home/airflow/.local/lib/python3.8/site-packages/airflow/example_dags/tutorial.py for tasks to queue
[2023-10-27T16:58:51.545+0000] {logging_mixin.py:151} INFO - [2023-10-27T16:58:51.545+0000] {dagbag.py:536} INFO - Filling up the DagBag from /home/airflow/.local/lib/python3.8/site-packages/airflow/example_dags/tutorial.py
[2023-10-27T16:58:51.548+0000] {processor.py:839} INFO - DAG(s) dict_keys(['tutorial']) retrieved from /home/airflow/.local/lib/python3.8/site-packages/airflow/example_dags/tutorial.py
[2023-10-27T16:58:51.560+0000] {logging_mixin.py:151} INFO - [2023-10-27T16:58:51.560+0000] {dag.py:2941} INFO - Sync 1 DAGs
[2023-10-27T16:58:51.576+0000] {logging_mixin.py:151} INFO - [2023-10-27T16:58:51.576+0000] {dag.py:3722} INFO - Setting next_dagrun for tutorial to 2023-10-26T16:58:51.576045+00:00, run_after=2023-10-27T16:58:51.576045+00:00
[2023-10-27T16:58:51.593+0000] {processor.py:179} INFO - Processing /home/airflow/.local/lib/python3.8/site-packages/airflow/example_dags/tutorial.py took 0.052 seconds
[2023-10-27T16:59:22.528+0000] {processor.py:157} INFO - Started process (PID=3910) to work on /home/airflow/.local/lib/python3.8/site-packages/airflow/example_dags/tutorial.py
[2023-10-27T16:59:22.529+0000] {processor.py:829} INFO - Processing file /home/airflow/.local/lib/python3.8/site-packages/airflow/example_dags/tutorial.py for tasks to queue
[2023-10-27T16:59:22.530+0000] {logging_mixin.py:151} INFO - [2023-10-27T16:59:22.530+0000] {dagbag.py:536} INFO - Filling up the DagBag from /home/airflow/.local/lib/python3.8/site-packages/airflow/example_dags/tutorial.py
[2023-10-27T16:59:22.535+0000] {processor.py:839} INFO - DAG(s) dict_keys(['tutorial']) retrieved from /home/airflow/.local/lib/python3.8/site-packages/airflow/example_dags/tutorial.py
[2023-10-27T16:59:22.548+0000] {logging_mixin.py:151} INFO - [2023-10-27T16:59:22.548+0000] {dag.py:2941} INFO - Sync 1 DAGs
[2023-10-27T16:59:22.561+0000] {logging_mixin.py:151} INFO - [2023-10-27T16:59:22.561+0000] {dag.py:3722} INFO - Setting next_dagrun for tutorial to 2023-10-26T16:59:22.561672+00:00, run_after=2023-10-27T16:59:22.561672+00:00
[2023-10-27T16:59:22.575+0000] {processor.py:179} INFO - Processing /home/airflow/.local/lib/python3.8/site-packages/airflow/example_dags/tutorial.py took 0.049 seconds
[2023-10-27T16:59:53.278+0000] {processor.py:157} INFO - Started process (PID=3966) to work on /home/airflow/.local/lib/python3.8/site-packages/airflow/example_dags/tutorial.py
[2023-10-27T16:59:53.278+0000] {processor.py:829} INFO - Processing file /home/airflow/.local/lib/python3.8/site-packages/airflow/example_dags/tutorial.py for tasks to queue
[2023-10-27T16:59:53.280+0000] {logging_mixin.py:151} INFO - [2023-10-27T16:59:53.279+0000] {dagbag.py:536} INFO - Filling up the DagBag from /home/airflow/.local/lib/python3.8/site-packages/airflow/example_dags/tutorial.py
[2023-10-27T16:59:53.283+0000] {processor.py:839} INFO - DAG(s) dict_keys(['tutorial']) retrieved from /home/airflow/.local/lib/python3.8/site-packages/airflow/example_dags/tutorial.py
[2023-10-27T16:59:53.295+0000] {logging_mixin.py:151} INFO - [2023-10-27T16:59:53.295+0000] {dag.py:2941} INFO - Sync 1 DAGs
[2023-10-27T16:59:53.310+0000] {logging_mixin.py:151} INFO - [2023-10-27T16:59:53.309+0000] {dag.py:3722} INFO - Setting next_dagrun for tutorial to 2023-10-26T16:59:53.309761+00:00, run_after=2023-10-27T16:59:53.309761+00:00
[2023-10-27T16:59:53.321+0000] {processor.py:179} INFO - Processing /home/airflow/.local/lib/python3.8/site-packages/airflow/example_dags/tutorial.py took 0.046 seconds
[2023-10-27T17:00:24.058+0000] {processor.py:157} INFO - Started process (PID=4029) to work on /home/airflow/.local/lib/python3.8/site-packages/airflow/example_dags/tutorial.py
[2023-10-27T17:00:24.058+0000] {processor.py:829} INFO - Processing file /home/airflow/.local/lib/python3.8/site-packages/airflow/example_dags/tutorial.py for tasks to queue
[2023-10-27T17:00:24.060+0000] {logging_mixin.py:151} INFO - [2023-10-27T17:00:24.059+0000] {dagbag.py:536} INFO - Filling up the DagBag from /home/airflow/.local/lib/python3.8/site-packages/airflow/example_dags/tutorial.py
[2023-10-27T17:00:24.063+0000] {processor.py:839} INFO - DAG(s) dict_keys(['tutorial']) retrieved from /home/airflow/.local/lib/python3.8/site-packages/airflow/example_dags/tutorial.py
[2023-10-27T17:00:24.076+0000] {logging_mixin.py:151} INFO - [2023-10-27T17:00:24.075+0000] {dag.py:2941} INFO - Sync 1 DAGs
[2023-10-27T17:00:24.091+0000] {logging_mixin.py:151} INFO - [2023-10-27T17:00:24.090+0000] {dag.py:3722} INFO - Setting next_dagrun for tutorial to 2023-10-26T17:00:24.090738+00:00, run_after=2023-10-27T17:00:24.090738+00:00
[2023-10-27T17:00:24.103+0000] {processor.py:179} INFO - Processing /home/airflow/.local/lib/python3.8/site-packages/airflow/example_dags/tutorial.py took 0.047 seconds
[2023-10-27T17:00:55.053+0000] {processor.py:157} INFO - Started process (PID=4085) to work on /home/airflow/.local/lib/python3.8/site-packages/airflow/example_dags/tutorial.py
[2023-10-27T17:00:55.054+0000] {processor.py:829} INFO - Processing file /home/airflow/.local/lib/python3.8/site-packages/airflow/example_dags/tutorial.py for tasks to queue
[2023-10-27T17:00:55.055+0000] {logging_mixin.py:151} INFO - [2023-10-27T17:00:55.055+0000] {dagbag.py:536} INFO - Filling up the DagBag from /home/airflow/.local/lib/python3.8/site-packages/airflow/example_dags/tutorial.py
[2023-10-27T17:00:55.059+0000] {processor.py:839} INFO - DAG(s) dict_keys(['tutorial']) retrieved from /home/airflow/.local/lib/python3.8/site-packages/airflow/example_dags/tutorial.py
[2023-10-27T17:00:55.071+0000] {logging_mixin.py:151} INFO - [2023-10-27T17:00:55.071+0000] {dag.py:2941} INFO - Sync 1 DAGs
[2023-10-27T17:00:55.087+0000] {logging_mixin.py:151} INFO - [2023-10-27T17:00:55.087+0000] {dag.py:3722} INFO - Setting next_dagrun for tutorial to 2023-10-26T17:00:55.086948+00:00, run_after=2023-10-27T17:00:55.086948+00:00
[2023-10-27T17:00:55.100+0000] {processor.py:179} INFO - Processing /home/airflow/.local/lib/python3.8/site-packages/airflow/example_dags/tutorial.py took 0.049 seconds
[2023-10-27T17:01:25.975+0000] {processor.py:157} INFO - Started process (PID=4141) to work on /home/airflow/.local/lib/python3.8/site-packages/airflow/example_dags/tutorial.py
[2023-10-27T17:01:25.975+0000] {processor.py:829} INFO - Processing file /home/airflow/.local/lib/python3.8/site-packages/airflow/example_dags/tutorial.py for tasks to queue
[2023-10-27T17:01:25.977+0000] {logging_mixin.py:151} INFO - [2023-10-27T17:01:25.976+0000] {dagbag.py:536} INFO - Filling up the DagBag from /home/airflow/.local/lib/python3.8/site-packages/airflow/example_dags/tutorial.py
[2023-10-27T17:01:25.980+0000] {processor.py:839} INFO - DAG(s) dict_keys(['tutorial']) retrieved from /home/airflow/.local/lib/python3.8/site-packages/airflow/example_dags/tutorial.py
[2023-10-27T17:01:25.993+0000] {logging_mixin.py:151} INFO - [2023-10-27T17:01:25.993+0000] {dag.py:2941} INFO - Sync 1 DAGs
[2023-10-27T17:01:26.008+0000] {logging_mixin.py:151} INFO - [2023-10-27T17:01:26.008+0000] {dag.py:3722} INFO - Setting next_dagrun for tutorial to 2023-10-26T17:01:26.008269+00:00, run_after=2023-10-27T17:01:26.008269+00:00
[2023-10-27T17:01:26.020+0000] {processor.py:179} INFO - Processing /home/airflow/.local/lib/python3.8/site-packages/airflow/example_dags/tutorial.py took 0.047 seconds
[2023-10-27T17:01:56.666+0000] {processor.py:157} INFO - Started process (PID=4197) to work on /home/airflow/.local/lib/python3.8/site-packages/airflow/example_dags/tutorial.py
[2023-10-27T17:01:56.666+0000] {processor.py:829} INFO - Processing file /home/airflow/.local/lib/python3.8/site-packages/airflow/example_dags/tutorial.py for tasks to queue
[2023-10-27T17:01:56.668+0000] {logging_mixin.py:151} INFO - [2023-10-27T17:01:56.667+0000] {dagbag.py:536} INFO - Filling up the DagBag from /home/airflow/.local/lib/python3.8/site-packages/airflow/example_dags/tutorial.py
[2023-10-27T17:01:56.672+0000] {processor.py:839} INFO - DAG(s) dict_keys(['tutorial']) retrieved from /home/airflow/.local/lib/python3.8/site-packages/airflow/example_dags/tutorial.py
[2023-10-27T17:01:56.688+0000] {logging_mixin.py:151} INFO - [2023-10-27T17:01:56.687+0000] {dag.py:2941} INFO - Sync 1 DAGs
[2023-10-27T17:01:56.706+0000] {logging_mixin.py:151} INFO - [2023-10-27T17:01:56.706+0000] {dag.py:3722} INFO - Setting next_dagrun for tutorial to 2023-10-26T17:01:56.705974+00:00, run_after=2023-10-27T17:01:56.705974+00:00
[2023-10-27T17:01:56.720+0000] {processor.py:179} INFO - Processing /home/airflow/.local/lib/python3.8/site-packages/airflow/example_dags/tutorial.py took 0.057 seconds
[2023-10-27T17:02:27.634+0000] {processor.py:157} INFO - Started process (PID=4253) to work on /home/airflow/.local/lib/python3.8/site-packages/airflow/example_dags/tutorial.py
[2023-10-27T17:02:27.634+0000] {processor.py:829} INFO - Processing file /home/airflow/.local/lib/python3.8/site-packages/airflow/example_dags/tutorial.py for tasks to queue
[2023-10-27T17:02:27.635+0000] {logging_mixin.py:151} INFO - [2023-10-27T17:02:27.635+0000] {dagbag.py:536} INFO - Filling up the DagBag from /home/airflow/.local/lib/python3.8/site-packages/airflow/example_dags/tutorial.py
[2023-10-27T17:02:27.639+0000] {processor.py:839} INFO - DAG(s) dict_keys(['tutorial']) retrieved from /home/airflow/.local/lib/python3.8/site-packages/airflow/example_dags/tutorial.py
[2023-10-27T17:02:27.651+0000] {logging_mixin.py:151} INFO - [2023-10-27T17:02:27.651+0000] {dag.py:2941} INFO - Sync 1 DAGs
[2023-10-27T17:02:27.668+0000] {logging_mixin.py:151} INFO - [2023-10-27T17:02:27.668+0000] {dag.py:3722} INFO - Setting next_dagrun for tutorial to 2023-10-26T17:02:27.668359+00:00, run_after=2023-10-27T17:02:27.668359+00:00
[2023-10-27T17:02:27.681+0000] {processor.py:179} INFO - Processing /home/airflow/.local/lib/python3.8/site-packages/airflow/example_dags/tutorial.py took 0.049 seconds
[2023-10-27T17:02:58.537+0000] {processor.py:157} INFO - Started process (PID=4309) to work on /home/airflow/.local/lib/python3.8/site-packages/airflow/example_dags/tutorial.py
[2023-10-27T17:02:58.538+0000] {processor.py:829} INFO - Processing file /home/airflow/.local/lib/python3.8/site-packages/airflow/example_dags/tutorial.py for tasks to queue
[2023-10-27T17:02:58.539+0000] {logging_mixin.py:151} INFO - [2023-10-27T17:02:58.539+0000] {dagbag.py:536} INFO - Filling up the DagBag from /home/airflow/.local/lib/python3.8/site-packages/airflow/example_dags/tutorial.py
[2023-10-27T17:02:58.542+0000] {processor.py:839} INFO - DAG(s) dict_keys(['tutorial']) retrieved from /home/airflow/.local/lib/python3.8/site-packages/airflow/example_dags/tutorial.py
[2023-10-27T17:02:58.558+0000] {logging_mixin.py:151} INFO - [2023-10-27T17:02:58.557+0000] {dag.py:2941} INFO - Sync 1 DAGs
[2023-10-27T17:02:58.577+0000] {logging_mixin.py:151} INFO - [2023-10-27T17:02:58.577+0000] {dag.py:3722} INFO - Setting next_dagrun for tutorial to 2023-10-26T17:02:58.577234+00:00, run_after=2023-10-27T17:02:58.577234+00:00
[2023-10-27T17:02:58.592+0000] {processor.py:179} INFO - Processing /home/airflow/.local/lib/python3.8/site-packages/airflow/example_dags/tutorial.py took 0.056 seconds
[2023-10-27T17:03:29.493+0000] {processor.py:157} INFO - Started process (PID=4366) to work on /home/airflow/.local/lib/python3.8/site-packages/airflow/example_dags/tutorial.py
[2023-10-27T17:03:29.493+0000] {processor.py:829} INFO - Processing file /home/airflow/.local/lib/python3.8/site-packages/airflow/example_dags/tutorial.py for tasks to queue
[2023-10-27T17:03:29.495+0000] {logging_mixin.py:151} INFO - [2023-10-27T17:03:29.494+0000] {dagbag.py:536} INFO - Filling up the DagBag from /home/airflow/.local/lib/python3.8/site-packages/airflow/example_dags/tutorial.py
[2023-10-27T17:03:29.498+0000] {processor.py:839} INFO - DAG(s) dict_keys(['tutorial']) retrieved from /home/airflow/.local/lib/python3.8/site-packages/airflow/example_dags/tutorial.py
[2023-10-27T17:03:29.511+0000] {logging_mixin.py:151} INFO - [2023-10-27T17:03:29.510+0000] {dag.py:2941} INFO - Sync 1 DAGs
[2023-10-27T17:03:29.525+0000] {logging_mixin.py:151} INFO - [2023-10-27T17:03:29.525+0000] {dag.py:3722} INFO - Setting next_dagrun for tutorial to 2023-10-26T17:03:29.525692+00:00, run_after=2023-10-27T17:03:29.525692+00:00
[2023-10-27T17:03:29.538+0000] {processor.py:179} INFO - Processing /home/airflow/.local/lib/python3.8/site-packages/airflow/example_dags/tutorial.py took 0.047 seconds
[2023-10-27T17:04:00.484+0000] {processor.py:157} INFO - Started process (PID=4422) to work on /home/airflow/.local/lib/python3.8/site-packages/airflow/example_dags/tutorial.py
[2023-10-27T17:04:00.485+0000] {processor.py:829} INFO - Processing file /home/airflow/.local/lib/python3.8/site-packages/airflow/example_dags/tutorial.py for tasks to queue
[2023-10-27T17:04:00.486+0000] {logging_mixin.py:151} INFO - [2023-10-27T17:04:00.486+0000] {dagbag.py:536} INFO - Filling up the DagBag from /home/airflow/.local/lib/python3.8/site-packages/airflow/example_dags/tutorial.py
[2023-10-27T17:04:00.489+0000] {processor.py:839} INFO - DAG(s) dict_keys(['tutorial']) retrieved from /home/airflow/.local/lib/python3.8/site-packages/airflow/example_dags/tutorial.py
[2023-10-27T17:04:00.502+0000] {logging_mixin.py:151} INFO - [2023-10-27T17:04:00.501+0000] {dag.py:2941} INFO - Sync 1 DAGs
[2023-10-27T17:04:00.516+0000] {logging_mixin.py:151} INFO - [2023-10-27T17:04:00.516+0000] {dag.py:3722} INFO - Setting next_dagrun for tutorial to 2023-10-26T17:04:00.516295+00:00, run_after=2023-10-27T17:04:00.516295+00:00
[2023-10-27T17:04:00.529+0000] {processor.py:179} INFO - Processing /home/airflow/.local/lib/python3.8/site-packages/airflow/example_dags/tutorial.py took 0.046 seconds
[2023-10-27T17:04:31.456+0000] {processor.py:157} INFO - Started process (PID=4478) to work on /home/airflow/.local/lib/python3.8/site-packages/airflow/example_dags/tutorial.py
[2023-10-27T17:04:31.457+0000] {processor.py:829} INFO - Processing file /home/airflow/.local/lib/python3.8/site-packages/airflow/example_dags/tutorial.py for tasks to queue
[2023-10-27T17:04:31.458+0000] {logging_mixin.py:151} INFO - [2023-10-27T17:04:31.458+0000] {dagbag.py:536} INFO - Filling up the DagBag from /home/airflow/.local/lib/python3.8/site-packages/airflow/example_dags/tutorial.py
[2023-10-27T17:04:31.461+0000] {processor.py:839} INFO - DAG(s) dict_keys(['tutorial']) retrieved from /home/airflow/.local/lib/python3.8/site-packages/airflow/example_dags/tutorial.py
[2023-10-27T17:04:31.474+0000] {logging_mixin.py:151} INFO - [2023-10-27T17:04:31.473+0000] {dag.py:2941} INFO - Sync 1 DAGs
[2023-10-27T17:04:31.488+0000] {logging_mixin.py:151} INFO - [2023-10-27T17:04:31.487+0000] {dag.py:3722} INFO - Setting next_dagrun for tutorial to 2023-10-26T17:04:31.487728+00:00, run_after=2023-10-27T17:04:31.487728+00:00
[2023-10-27T17:04:31.501+0000] {processor.py:179} INFO - Processing /home/airflow/.local/lib/python3.8/site-packages/airflow/example_dags/tutorial.py took 0.047 seconds
[2023-10-27T17:05:02.392+0000] {processor.py:157} INFO - Started process (PID=4535) to work on /home/airflow/.local/lib/python3.8/site-packages/airflow/example_dags/tutorial.py
[2023-10-27T17:05:02.393+0000] {processor.py:829} INFO - Processing file /home/airflow/.local/lib/python3.8/site-packages/airflow/example_dags/tutorial.py for tasks to queue
[2023-10-27T17:05:02.395+0000] {logging_mixin.py:151} INFO - [2023-10-27T17:05:02.394+0000] {dagbag.py:536} INFO - Filling up the DagBag from /home/airflow/.local/lib/python3.8/site-packages/airflow/example_dags/tutorial.py
[2023-10-27T17:05:02.399+0000] {processor.py:839} INFO - DAG(s) dict_keys(['tutorial']) retrieved from /home/airflow/.local/lib/python3.8/site-packages/airflow/example_dags/tutorial.py
[2023-10-27T17:05:02.414+0000] {logging_mixin.py:151} INFO - [2023-10-27T17:05:02.414+0000] {dag.py:2941} INFO - Sync 1 DAGs
[2023-10-27T17:05:02.428+0000] {logging_mixin.py:151} INFO - [2023-10-27T17:05:02.428+0000] {dag.py:3722} INFO - Setting next_dagrun for tutorial to 2023-10-26T17:05:02.428298+00:00, run_after=2023-10-27T17:05:02.428298+00:00
[2023-10-27T17:05:02.441+0000] {processor.py:179} INFO - Processing /home/airflow/.local/lib/python3.8/site-packages/airflow/example_dags/tutorial.py took 0.051 seconds
[2023-10-27T17:05:33.173+0000] {processor.py:157} INFO - Started process (PID=4591) to work on /home/airflow/.local/lib/python3.8/site-packages/airflow/example_dags/tutorial.py
[2023-10-27T17:05:33.174+0000] {processor.py:829} INFO - Processing file /home/airflow/.local/lib/python3.8/site-packages/airflow/example_dags/tutorial.py for tasks to queue
[2023-10-27T17:05:33.176+0000] {logging_mixin.py:151} INFO - [2023-10-27T17:05:33.175+0000] {dagbag.py:536} INFO - Filling up the DagBag from /home/airflow/.local/lib/python3.8/site-packages/airflow/example_dags/tutorial.py
[2023-10-27T17:05:33.180+0000] {processor.py:839} INFO - DAG(s) dict_keys(['tutorial']) retrieved from /home/airflow/.local/lib/python3.8/site-packages/airflow/example_dags/tutorial.py
[2023-10-27T17:05:33.196+0000] {logging_mixin.py:151} INFO - [2023-10-27T17:05:33.196+0000] {dag.py:2941} INFO - Sync 1 DAGs
[2023-10-27T17:05:33.219+0000] {logging_mixin.py:151} INFO - [2023-10-27T17:05:33.218+0000] {dag.py:3722} INFO - Setting next_dagrun for tutorial to 2023-10-26T17:05:33.218749+00:00, run_after=2023-10-27T17:05:33.218749+00:00
[2023-10-27T17:05:33.235+0000] {processor.py:179} INFO - Processing /home/airflow/.local/lib/python3.8/site-packages/airflow/example_dags/tutorial.py took 0.064 seconds
[2023-10-27T17:06:04.061+0000] {processor.py:157} INFO - Started process (PID=4647) to work on /home/airflow/.local/lib/python3.8/site-packages/airflow/example_dags/tutorial.py
[2023-10-27T17:06:04.062+0000] {processor.py:829} INFO - Processing file /home/airflow/.local/lib/python3.8/site-packages/airflow/example_dags/tutorial.py for tasks to queue
[2023-10-27T17:06:04.063+0000] {logging_mixin.py:151} INFO - [2023-10-27T17:06:04.063+0000] {dagbag.py:536} INFO - Filling up the DagBag from /home/airflow/.local/lib/python3.8/site-packages/airflow/example_dags/tutorial.py
[2023-10-27T17:06:04.068+0000] {processor.py:839} INFO - DAG(s) dict_keys(['tutorial']) retrieved from /home/airflow/.local/lib/python3.8/site-packages/airflow/example_dags/tutorial.py
[2023-10-27T17:06:04.084+0000] {logging_mixin.py:151} INFO - [2023-10-27T17:06:04.084+0000] {dag.py:2941} INFO - Sync 1 DAGs
[2023-10-27T17:06:04.104+0000] {logging_mixin.py:151} INFO - [2023-10-27T17:06:04.103+0000] {dag.py:3722} INFO - Setting next_dagrun for tutorial to 2023-10-26T17:06:04.103721+00:00, run_after=2023-10-27T17:06:04.103721+00:00
[2023-10-27T17:06:04.121+0000] {processor.py:179} INFO - Processing /home/airflow/.local/lib/python3.8/site-packages/airflow/example_dags/tutorial.py took 0.062 seconds
[2023-10-27T17:06:34.206+0000] {processor.py:157} INFO - Started process (PID=4703) to work on /home/airflow/.local/lib/python3.8/site-packages/airflow/example_dags/tutorial.py
[2023-10-27T17:06:34.206+0000] {processor.py:829} INFO - Processing file /home/airflow/.local/lib/python3.8/site-packages/airflow/example_dags/tutorial.py for tasks to queue
[2023-10-27T17:06:34.207+0000] {logging_mixin.py:151} INFO - [2023-10-27T17:06:34.207+0000] {dagbag.py:536} INFO - Filling up the DagBag from /home/airflow/.local/lib/python3.8/site-packages/airflow/example_dags/tutorial.py
[2023-10-27T17:06:34.211+0000] {processor.py:839} INFO - DAG(s) dict_keys(['tutorial']) retrieved from /home/airflow/.local/lib/python3.8/site-packages/airflow/example_dags/tutorial.py
[2023-10-27T17:06:34.225+0000] {logging_mixin.py:151} INFO - [2023-10-27T17:06:34.225+0000] {dag.py:2941} INFO - Sync 1 DAGs
[2023-10-27T17:06:34.244+0000] {logging_mixin.py:151} INFO - [2023-10-27T17:06:34.244+0000] {dag.py:3722} INFO - Setting next_dagrun for tutorial to 2023-10-26T17:06:34.244575+00:00, run_after=2023-10-27T17:06:34.244575+00:00
[2023-10-27T17:06:34.256+0000] {processor.py:179} INFO - Processing /home/airflow/.local/lib/python3.8/site-packages/airflow/example_dags/tutorial.py took 0.052 seconds
[2023-10-27T17:07:04.331+0000] {processor.py:157} INFO - Started process (PID=4759) to work on /home/airflow/.local/lib/python3.8/site-packages/airflow/example_dags/tutorial.py
[2023-10-27T17:07:04.332+0000] {processor.py:829} INFO - Processing file /home/airflow/.local/lib/python3.8/site-packages/airflow/example_dags/tutorial.py for tasks to queue
[2023-10-27T17:07:04.333+0000] {logging_mixin.py:151} INFO - [2023-10-27T17:07:04.333+0000] {dagbag.py:536} INFO - Filling up the DagBag from /home/airflow/.local/lib/python3.8/site-packages/airflow/example_dags/tutorial.py
[2023-10-27T17:07:04.336+0000] {processor.py:839} INFO - DAG(s) dict_keys(['tutorial']) retrieved from /home/airflow/.local/lib/python3.8/site-packages/airflow/example_dags/tutorial.py
[2023-10-27T17:07:04.350+0000] {logging_mixin.py:151} INFO - [2023-10-27T17:07:04.350+0000] {dag.py:2941} INFO - Sync 1 DAGs
[2023-10-27T17:07:04.367+0000] {logging_mixin.py:151} INFO - [2023-10-27T17:07:04.367+0000] {dag.py:3722} INFO - Setting next_dagrun for tutorial to 2023-10-26T17:07:04.367493+00:00, run_after=2023-10-27T17:07:04.367493+00:00
[2023-10-27T17:07:04.380+0000] {processor.py:179} INFO - Processing /home/airflow/.local/lib/python3.8/site-packages/airflow/example_dags/tutorial.py took 0.051 seconds
[2023-10-27T17:07:34.483+0000] {processor.py:157} INFO - Started process (PID=4815) to work on /home/airflow/.local/lib/python3.8/site-packages/airflow/example_dags/tutorial.py
[2023-10-27T17:07:34.483+0000] {processor.py:829} INFO - Processing file /home/airflow/.local/lib/python3.8/site-packages/airflow/example_dags/tutorial.py for tasks to queue
[2023-10-27T17:07:34.484+0000] {logging_mixin.py:151} INFO - [2023-10-27T17:07:34.484+0000] {dagbag.py:536} INFO - Filling up the DagBag from /home/airflow/.local/lib/python3.8/site-packages/airflow/example_dags/tutorial.py
[2023-10-27T17:07:34.488+0000] {processor.py:839} INFO - DAG(s) dict_keys(['tutorial']) retrieved from /home/airflow/.local/lib/python3.8/site-packages/airflow/example_dags/tutorial.py
[2023-10-27T17:07:34.500+0000] {logging_mixin.py:151} INFO - [2023-10-27T17:07:34.500+0000] {dag.py:2941} INFO - Sync 1 DAGs
[2023-10-27T17:07:34.515+0000] {logging_mixin.py:151} INFO - [2023-10-27T17:07:34.515+0000] {dag.py:3722} INFO - Setting next_dagrun for tutorial to 2023-10-26T17:07:34.515379+00:00, run_after=2023-10-27T17:07:34.515379+00:00
[2023-10-27T17:07:34.527+0000] {processor.py:179} INFO - Processing /home/airflow/.local/lib/python3.8/site-packages/airflow/example_dags/tutorial.py took 0.047 seconds
[2023-10-27T17:08:04.614+0000] {processor.py:157} INFO - Started process (PID=4871) to work on /home/airflow/.local/lib/python3.8/site-packages/airflow/example_dags/tutorial.py
[2023-10-27T17:08:04.615+0000] {processor.py:829} INFO - Processing file /home/airflow/.local/lib/python3.8/site-packages/airflow/example_dags/tutorial.py for tasks to queue
[2023-10-27T17:08:04.616+0000] {logging_mixin.py:151} INFO - [2023-10-27T17:08:04.616+0000] {dagbag.py:536} INFO - Filling up the DagBag from /home/airflow/.local/lib/python3.8/site-packages/airflow/example_dags/tutorial.py
[2023-10-27T17:08:04.619+0000] {processor.py:839} INFO - DAG(s) dict_keys(['tutorial']) retrieved from /home/airflow/.local/lib/python3.8/site-packages/airflow/example_dags/tutorial.py
[2023-10-27T17:08:04.632+0000] {logging_mixin.py:151} INFO - [2023-10-27T17:08:04.632+0000] {dag.py:2941} INFO - Sync 1 DAGs
[2023-10-27T17:08:04.646+0000] {logging_mixin.py:151} INFO - [2023-10-27T17:08:04.646+0000] {dag.py:3722} INFO - Setting next_dagrun for tutorial to 2023-10-26T17:08:04.646550+00:00, run_after=2023-10-27T17:08:04.646550+00:00
[2023-10-27T17:08:04.660+0000] {processor.py:179} INFO - Processing /home/airflow/.local/lib/python3.8/site-packages/airflow/example_dags/tutorial.py took 0.047 seconds
[2023-10-27T17:08:35.419+0000] {processor.py:157} INFO - Started process (PID=4927) to work on /home/airflow/.local/lib/python3.8/site-packages/airflow/example_dags/tutorial.py
[2023-10-27T17:08:35.420+0000] {processor.py:829} INFO - Processing file /home/airflow/.local/lib/python3.8/site-packages/airflow/example_dags/tutorial.py for tasks to queue
[2023-10-27T17:08:35.421+0000] {logging_mixin.py:151} INFO - [2023-10-27T17:08:35.421+0000] {dagbag.py:536} INFO - Filling up the DagBag from /home/airflow/.local/lib/python3.8/site-packages/airflow/example_dags/tutorial.py
[2023-10-27T17:08:35.424+0000] {processor.py:839} INFO - DAG(s) dict_keys(['tutorial']) retrieved from /home/airflow/.local/lib/python3.8/site-packages/airflow/example_dags/tutorial.py
[2023-10-27T17:08:35.440+0000] {logging_mixin.py:151} INFO - [2023-10-27T17:08:35.439+0000] {dag.py:2941} INFO - Sync 1 DAGs
[2023-10-27T17:08:35.459+0000] {logging_mixin.py:151} INFO - [2023-10-27T17:08:35.459+0000] {dag.py:3722} INFO - Setting next_dagrun for tutorial to 2023-10-26T17:08:35.458853+00:00, run_after=2023-10-27T17:08:35.458853+00:00
[2023-10-27T17:08:35.473+0000] {processor.py:179} INFO - Processing /home/airflow/.local/lib/python3.8/site-packages/airflow/example_dags/tutorial.py took 0.057 seconds
[2023-10-27T17:09:06.164+0000] {processor.py:157} INFO - Started process (PID=4983) to work on /home/airflow/.local/lib/python3.8/site-packages/airflow/example_dags/tutorial.py
[2023-10-27T17:09:06.165+0000] {processor.py:829} INFO - Processing file /home/airflow/.local/lib/python3.8/site-packages/airflow/example_dags/tutorial.py for tasks to queue
[2023-10-27T17:09:06.166+0000] {logging_mixin.py:151} INFO - [2023-10-27T17:09:06.166+0000] {dagbag.py:536} INFO - Filling up the DagBag from /home/airflow/.local/lib/python3.8/site-packages/airflow/example_dags/tutorial.py
[2023-10-27T17:09:06.170+0000] {processor.py:839} INFO - DAG(s) dict_keys(['tutorial']) retrieved from /home/airflow/.local/lib/python3.8/site-packages/airflow/example_dags/tutorial.py
[2023-10-27T17:09:06.182+0000] {logging_mixin.py:151} INFO - [2023-10-27T17:09:06.182+0000] {dag.py:2941} INFO - Sync 1 DAGs
[2023-10-27T17:09:06.195+0000] {logging_mixin.py:151} INFO - [2023-10-27T17:09:06.195+0000] {dag.py:3722} INFO - Setting next_dagrun for tutorial to 2023-10-26T17:09:06.195673+00:00, run_after=2023-10-27T17:09:06.195673+00:00
[2023-10-27T17:09:06.207+0000] {processor.py:179} INFO - Processing /home/airflow/.local/lib/python3.8/site-packages/airflow/example_dags/tutorial.py took 0.044 seconds
[2023-10-27T17:09:36.953+0000] {processor.py:157} INFO - Started process (PID=5040) to work on /home/airflow/.local/lib/python3.8/site-packages/airflow/example_dags/tutorial.py
[2023-10-27T17:09:36.953+0000] {processor.py:829} INFO - Processing file /home/airflow/.local/lib/python3.8/site-packages/airflow/example_dags/tutorial.py for tasks to queue
[2023-10-27T17:09:36.955+0000] {logging_mixin.py:151} INFO - [2023-10-27T17:09:36.954+0000] {dagbag.py:536} INFO - Filling up the DagBag from /home/airflow/.local/lib/python3.8/site-packages/airflow/example_dags/tutorial.py
[2023-10-27T17:09:36.958+0000] {processor.py:839} INFO - DAG(s) dict_keys(['tutorial']) retrieved from /home/airflow/.local/lib/python3.8/site-packages/airflow/example_dags/tutorial.py
[2023-10-27T17:09:36.970+0000] {logging_mixin.py:151} INFO - [2023-10-27T17:09:36.970+0000] {dag.py:2941} INFO - Sync 1 DAGs
[2023-10-27T17:09:36.986+0000] {logging_mixin.py:151} INFO - [2023-10-27T17:09:36.985+0000] {dag.py:3722} INFO - Setting next_dagrun for tutorial to 2023-10-26T17:09:36.985580+00:00, run_after=2023-10-27T17:09:36.985580+00:00
[2023-10-27T17:09:37.000+0000] {processor.py:179} INFO - Processing /home/airflow/.local/lib/python3.8/site-packages/airflow/example_dags/tutorial.py took 0.050 seconds
[2023-10-27T17:10:07.684+0000] {processor.py:157} INFO - Started process (PID=5096) to work on /home/airflow/.local/lib/python3.8/site-packages/airflow/example_dags/tutorial.py
[2023-10-27T17:10:07.684+0000] {processor.py:829} INFO - Processing file /home/airflow/.local/lib/python3.8/site-packages/airflow/example_dags/tutorial.py for tasks to queue
[2023-10-27T17:10:07.685+0000] {logging_mixin.py:151} INFO - [2023-10-27T17:10:07.685+0000] {dagbag.py:536} INFO - Filling up the DagBag from /home/airflow/.local/lib/python3.8/site-packages/airflow/example_dags/tutorial.py
[2023-10-27T17:10:07.688+0000] {processor.py:839} INFO - DAG(s) dict_keys(['tutorial']) retrieved from /home/airflow/.local/lib/python3.8/site-packages/airflow/example_dags/tutorial.py
[2023-10-27T17:10:07.700+0000] {logging_mixin.py:151} INFO - [2023-10-27T17:10:07.700+0000] {dag.py:2941} INFO - Sync 1 DAGs
[2023-10-27T17:10:07.717+0000] {logging_mixin.py:151} INFO - [2023-10-27T17:10:07.717+0000] {dag.py:3722} INFO - Setting next_dagrun for tutorial to 2023-10-26T17:10:07.717435+00:00, run_after=2023-10-27T17:10:07.717435+00:00
[2023-10-27T17:10:07.732+0000] {processor.py:179} INFO - Processing /home/airflow/.local/lib/python3.8/site-packages/airflow/example_dags/tutorial.py took 0.051 seconds
[2023-10-27T17:10:38.402+0000] {processor.py:157} INFO - Started process (PID=5152) to work on /home/airflow/.local/lib/python3.8/site-packages/airflow/example_dags/tutorial.py
[2023-10-27T17:10:38.402+0000] {processor.py:829} INFO - Processing file /home/airflow/.local/lib/python3.8/site-packages/airflow/example_dags/tutorial.py for tasks to queue
[2023-10-27T17:10:38.403+0000] {logging_mixin.py:151} INFO - [2023-10-27T17:10:38.403+0000] {dagbag.py:536} INFO - Filling up the DagBag from /home/airflow/.local/lib/python3.8/site-packages/airflow/example_dags/tutorial.py
[2023-10-27T17:10:38.407+0000] {processor.py:839} INFO - DAG(s) dict_keys(['tutorial']) retrieved from /home/airflow/.local/lib/python3.8/site-packages/airflow/example_dags/tutorial.py
[2023-10-27T17:10:38.419+0000] {logging_mixin.py:151} INFO - [2023-10-27T17:10:38.419+0000] {dag.py:2941} INFO - Sync 1 DAGs
[2023-10-27T17:10:38.434+0000] {logging_mixin.py:151} INFO - [2023-10-27T17:10:38.434+0000] {dag.py:3722} INFO - Setting next_dagrun for tutorial to 2023-10-26T17:10:38.434611+00:00, run_after=2023-10-27T17:10:38.434611+00:00
[2023-10-27T17:10:38.448+0000] {processor.py:179} INFO - Processing /home/airflow/.local/lib/python3.8/site-packages/airflow/example_dags/tutorial.py took 0.048 seconds
[2023-10-27T17:11:09.122+0000] {processor.py:157} INFO - Started process (PID=5208) to work on /home/airflow/.local/lib/python3.8/site-packages/airflow/example_dags/tutorial.py
[2023-10-27T17:11:09.123+0000] {processor.py:829} INFO - Processing file /home/airflow/.local/lib/python3.8/site-packages/airflow/example_dags/tutorial.py for tasks to queue
[2023-10-27T17:11:09.124+0000] {logging_mixin.py:151} INFO - [2023-10-27T17:11:09.123+0000] {dagbag.py:536} INFO - Filling up the DagBag from /home/airflow/.local/lib/python3.8/site-packages/airflow/example_dags/tutorial.py
[2023-10-27T17:11:09.127+0000] {processor.py:839} INFO - DAG(s) dict_keys(['tutorial']) retrieved from /home/airflow/.local/lib/python3.8/site-packages/airflow/example_dags/tutorial.py
[2023-10-27T17:11:09.139+0000] {logging_mixin.py:151} INFO - [2023-10-27T17:11:09.139+0000] {dag.py:2941} INFO - Sync 1 DAGs
[2023-10-27T17:11:09.154+0000] {logging_mixin.py:151} INFO - [2023-10-27T17:11:09.154+0000] {dag.py:3722} INFO - Setting next_dagrun for tutorial to 2023-10-26T17:11:09.154033+00:00, run_after=2023-10-27T17:11:09.154033+00:00
[2023-10-27T17:11:09.167+0000] {processor.py:179} INFO - Processing /home/airflow/.local/lib/python3.8/site-packages/airflow/example_dags/tutorial.py took 0.047 seconds
[2023-10-27T17:11:39.855+0000] {processor.py:157} INFO - Started process (PID=5264) to work on /home/airflow/.local/lib/python3.8/site-packages/airflow/example_dags/tutorial.py
[2023-10-27T17:11:39.856+0000] {processor.py:829} INFO - Processing file /home/airflow/.local/lib/python3.8/site-packages/airflow/example_dags/tutorial.py for tasks to queue
[2023-10-27T17:11:39.857+0000] {logging_mixin.py:151} INFO - [2023-10-27T17:11:39.857+0000] {dagbag.py:536} INFO - Filling up the DagBag from /home/airflow/.local/lib/python3.8/site-packages/airflow/example_dags/tutorial.py
[2023-10-27T17:11:39.860+0000] {processor.py:839} INFO - DAG(s) dict_keys(['tutorial']) retrieved from /home/airflow/.local/lib/python3.8/site-packages/airflow/example_dags/tutorial.py
[2023-10-27T17:11:39.875+0000] {logging_mixin.py:151} INFO - [2023-10-27T17:11:39.874+0000] {dag.py:2941} INFO - Sync 1 DAGs
[2023-10-27T17:11:39.890+0000] {logging_mixin.py:151} INFO - [2023-10-27T17:11:39.890+0000] {dag.py:3722} INFO - Setting next_dagrun for tutorial to 2023-10-26T17:11:39.889948+00:00, run_after=2023-10-27T17:11:39.889948+00:00
[2023-10-27T17:11:39.904+0000] {processor.py:179} INFO - Processing /home/airflow/.local/lib/python3.8/site-packages/airflow/example_dags/tutorial.py took 0.051 seconds
