[2023-11-26T11:01:41.643+0000] {processor.py:157} INFO - Started process (PID=30) to work on /opt/airflow/dags/utils/const.py
[2023-11-26T11:01:41.643+0000] {processor.py:829} INFO - Processing file /opt/airflow/dags/utils/const.py for tasks to queue
[2023-11-26T11:01:41.645+0000] {logging_mixin.py:151} INFO - [2023-11-26T11:01:41.645+0000] {dagbag.py:536} INFO - Filling up the DagBag from /opt/airflow/dags/utils/const.py
[2023-11-26T11:01:41.660+0000] {processor.py:841} WARNING - No viable dags retrieved from /opt/airflow/dags/utils/const.py
[2023-11-26T11:01:41.673+0000] {processor.py:179} INFO - Processing /opt/airflow/dags/utils/const.py took 0.033 seconds
[2023-11-26T11:02:12.463+0000] {processor.py:157} INFO - Started process (PID=88) to work on /opt/airflow/dags/utils/const.py
[2023-11-26T11:02:12.463+0000] {processor.py:829} INFO - Processing file /opt/airflow/dags/utils/const.py for tasks to queue
[2023-11-26T11:02:12.465+0000] {logging_mixin.py:151} INFO - [2023-11-26T11:02:12.464+0000] {dagbag.py:536} INFO - Filling up the DagBag from /opt/airflow/dags/utils/const.py
[2023-11-26T11:02:12.466+0000] {processor.py:841} WARNING - No viable dags retrieved from /opt/airflow/dags/utils/const.py
[2023-11-26T11:02:12.473+0000] {processor.py:179} INFO - Processing /opt/airflow/dags/utils/const.py took 0.013 seconds
[2023-11-26T11:02:42.599+0000] {processor.py:157} INFO - Started process (PID=144) to work on /opt/airflow/dags/utils/const.py
[2023-11-26T11:02:42.599+0000] {processor.py:829} INFO - Processing file /opt/airflow/dags/utils/const.py for tasks to queue
[2023-11-26T11:02:42.600+0000] {logging_mixin.py:151} INFO - [2023-11-26T11:02:42.600+0000] {dagbag.py:536} INFO - Filling up the DagBag from /opt/airflow/dags/utils/const.py
[2023-11-26T11:02:42.601+0000] {processor.py:841} WARNING - No viable dags retrieved from /opt/airflow/dags/utils/const.py
[2023-11-26T11:02:42.610+0000] {processor.py:179} INFO - Processing /opt/airflow/dags/utils/const.py took 0.013 seconds
[2023-11-26T11:03:12.638+0000] {processor.py:157} INFO - Started process (PID=202) to work on /opt/airflow/dags/utils/const.py
[2023-11-26T11:03:12.638+0000] {processor.py:829} INFO - Processing file /opt/airflow/dags/utils/const.py for tasks to queue
[2023-11-26T11:03:12.640+0000] {logging_mixin.py:151} INFO - [2023-11-26T11:03:12.640+0000] {dagbag.py:536} INFO - Filling up the DagBag from /opt/airflow/dags/utils/const.py
[2023-11-26T11:03:12.641+0000] {processor.py:841} WARNING - No viable dags retrieved from /opt/airflow/dags/utils/const.py
[2023-11-26T11:03:12.650+0000] {processor.py:179} INFO - Processing /opt/airflow/dags/utils/const.py took 0.016 seconds
[2023-11-26T11:03:42.955+0000] {processor.py:157} INFO - Started process (PID=259) to work on /opt/airflow/dags/utils/const.py
[2023-11-26T11:03:42.955+0000] {processor.py:829} INFO - Processing file /opt/airflow/dags/utils/const.py for tasks to queue
[2023-11-26T11:03:42.956+0000] {logging_mixin.py:151} INFO - [2023-11-26T11:03:42.956+0000] {dagbag.py:536} INFO - Filling up the DagBag from /opt/airflow/dags/utils/const.py
[2023-11-26T11:03:42.958+0000] {processor.py:841} WARNING - No viable dags retrieved from /opt/airflow/dags/utils/const.py
[2023-11-26T11:03:42.966+0000] {processor.py:179} INFO - Processing /opt/airflow/dags/utils/const.py took 0.013 seconds
[2023-11-26T11:04:13.148+0000] {processor.py:157} INFO - Started process (PID=316) to work on /opt/airflow/dags/utils/const.py
[2023-11-26T11:04:13.149+0000] {processor.py:829} INFO - Processing file /opt/airflow/dags/utils/const.py for tasks to queue
[2023-11-26T11:04:13.150+0000] {logging_mixin.py:151} INFO - [2023-11-26T11:04:13.150+0000] {dagbag.py:536} INFO - Filling up the DagBag from /opt/airflow/dags/utils/const.py
[2023-11-26T11:04:13.151+0000] {processor.py:841} WARNING - No viable dags retrieved from /opt/airflow/dags/utils/const.py
[2023-11-26T11:04:13.159+0000] {processor.py:179} INFO - Processing /opt/airflow/dags/utils/const.py took 0.014 seconds
[2023-11-26T11:04:43.337+0000] {processor.py:157} INFO - Started process (PID=373) to work on /opt/airflow/dags/utils/const.py
[2023-11-26T11:04:43.337+0000] {processor.py:829} INFO - Processing file /opt/airflow/dags/utils/const.py for tasks to queue
[2023-11-26T11:04:43.339+0000] {logging_mixin.py:151} INFO - [2023-11-26T11:04:43.339+0000] {dagbag.py:536} INFO - Filling up the DagBag from /opt/airflow/dags/utils/const.py
[2023-11-26T11:04:43.341+0000] {processor.py:841} WARNING - No viable dags retrieved from /opt/airflow/dags/utils/const.py
[2023-11-26T11:04:43.350+0000] {processor.py:179} INFO - Processing /opt/airflow/dags/utils/const.py took 0.015 seconds
[2023-11-26T11:05:13.424+0000] {processor.py:157} INFO - Started process (PID=430) to work on /opt/airflow/dags/utils/const.py
[2023-11-26T11:05:13.425+0000] {processor.py:829} INFO - Processing file /opt/airflow/dags/utils/const.py for tasks to queue
[2023-11-26T11:05:13.427+0000] {logging_mixin.py:151} INFO - [2023-11-26T11:05:13.427+0000] {dagbag.py:536} INFO - Filling up the DagBag from /opt/airflow/dags/utils/const.py
[2023-11-26T11:05:13.429+0000] {processor.py:841} WARNING - No viable dags retrieved from /opt/airflow/dags/utils/const.py
[2023-11-26T11:05:13.437+0000] {processor.py:179} INFO - Processing /opt/airflow/dags/utils/const.py took 0.016 seconds
[2023-11-26T11:05:43.532+0000] {processor.py:157} INFO - Started process (PID=487) to work on /opt/airflow/dags/utils/const.py
[2023-11-26T11:05:43.533+0000] {processor.py:829} INFO - Processing file /opt/airflow/dags/utils/const.py for tasks to queue
[2023-11-26T11:05:43.534+0000] {logging_mixin.py:151} INFO - [2023-11-26T11:05:43.534+0000] {dagbag.py:536} INFO - Filling up the DagBag from /opt/airflow/dags/utils/const.py
[2023-11-26T11:05:43.536+0000] {processor.py:841} WARNING - No viable dags retrieved from /opt/airflow/dags/utils/const.py
[2023-11-26T11:05:43.543+0000] {processor.py:179} INFO - Processing /opt/airflow/dags/utils/const.py took 0.013 seconds
[2023-11-26T11:06:13.802+0000] {processor.py:157} INFO - Started process (PID=543) to work on /opt/airflow/dags/utils/const.py
[2023-11-26T11:06:13.803+0000] {processor.py:829} INFO - Processing file /opt/airflow/dags/utils/const.py for tasks to queue
[2023-11-26T11:06:13.804+0000] {logging_mixin.py:151} INFO - [2023-11-26T11:06:13.804+0000] {dagbag.py:536} INFO - Filling up the DagBag from /opt/airflow/dags/utils/const.py
[2023-11-26T11:06:13.805+0000] {processor.py:841} WARNING - No viable dags retrieved from /opt/airflow/dags/utils/const.py
[2023-11-26T11:06:13.813+0000] {processor.py:179} INFO - Processing /opt/airflow/dags/utils/const.py took 0.013 seconds
[2023-11-26T11:06:43.852+0000] {processor.py:157} INFO - Started process (PID=600) to work on /opt/airflow/dags/utils/const.py
[2023-11-26T11:06:43.852+0000] {processor.py:829} INFO - Processing file /opt/airflow/dags/utils/const.py for tasks to queue
[2023-11-26T11:06:43.855+0000] {logging_mixin.py:151} INFO - [2023-11-26T11:06:43.855+0000] {dagbag.py:536} INFO - Filling up the DagBag from /opt/airflow/dags/utils/const.py
[2023-11-26T11:06:43.857+0000] {processor.py:841} WARNING - No viable dags retrieved from /opt/airflow/dags/utils/const.py
[2023-11-26T11:06:43.868+0000] {processor.py:179} INFO - Processing /opt/airflow/dags/utils/const.py took 0.018 seconds
[2023-11-26T11:07:13.901+0000] {processor.py:157} INFO - Started process (PID=657) to work on /opt/airflow/dags/utils/const.py
[2023-11-26T11:07:13.901+0000] {processor.py:829} INFO - Processing file /opt/airflow/dags/utils/const.py for tasks to queue
[2023-11-26T11:07:13.904+0000] {logging_mixin.py:151} INFO - [2023-11-26T11:07:13.904+0000] {dagbag.py:536} INFO - Filling up the DagBag from /opt/airflow/dags/utils/const.py
[2023-11-26T11:07:13.905+0000] {processor.py:841} WARNING - No viable dags retrieved from /opt/airflow/dags/utils/const.py
[2023-11-26T11:07:13.913+0000] {processor.py:179} INFO - Processing /opt/airflow/dags/utils/const.py took 0.015 seconds
[2023-11-26T11:07:44.147+0000] {processor.py:157} INFO - Started process (PID=713) to work on /opt/airflow/dags/utils/const.py
[2023-11-26T11:07:44.148+0000] {processor.py:829} INFO - Processing file /opt/airflow/dags/utils/const.py for tasks to queue
[2023-11-26T11:07:44.150+0000] {logging_mixin.py:151} INFO - [2023-11-26T11:07:44.150+0000] {dagbag.py:536} INFO - Filling up the DagBag from /opt/airflow/dags/utils/const.py
[2023-11-26T11:07:44.152+0000] {processor.py:841} WARNING - No viable dags retrieved from /opt/airflow/dags/utils/const.py
[2023-11-26T11:07:44.162+0000] {processor.py:179} INFO - Processing /opt/airflow/dags/utils/const.py took 0.017 seconds
[2023-11-26T11:08:14.215+0000] {processor.py:157} INFO - Started process (PID=770) to work on /opt/airflow/dags/utils/const.py
[2023-11-26T11:08:14.216+0000] {processor.py:829} INFO - Processing file /opt/airflow/dags/utils/const.py for tasks to queue
[2023-11-26T11:08:14.217+0000] {logging_mixin.py:151} INFO - [2023-11-26T11:08:14.217+0000] {dagbag.py:536} INFO - Filling up the DagBag from /opt/airflow/dags/utils/const.py
[2023-11-26T11:08:14.220+0000] {processor.py:841} WARNING - No viable dags retrieved from /opt/airflow/dags/utils/const.py
[2023-11-26T11:08:14.228+0000] {processor.py:179} INFO - Processing /opt/airflow/dags/utils/const.py took 0.015 seconds
[2023-11-26T11:08:44.621+0000] {processor.py:157} INFO - Started process (PID=828) to work on /opt/airflow/dags/utils/const.py
[2023-11-26T11:08:44.621+0000] {processor.py:829} INFO - Processing file /opt/airflow/dags/utils/const.py for tasks to queue
[2023-11-26T11:08:44.623+0000] {logging_mixin.py:151} INFO - [2023-11-26T11:08:44.622+0000] {dagbag.py:536} INFO - Filling up the DagBag from /opt/airflow/dags/utils/const.py
[2023-11-26T11:08:44.624+0000] {processor.py:841} WARNING - No viable dags retrieved from /opt/airflow/dags/utils/const.py
[2023-11-26T11:08:44.632+0000] {processor.py:179} INFO - Processing /opt/airflow/dags/utils/const.py took 0.013 seconds
[2023-11-26T11:09:14.708+0000] {processor.py:157} INFO - Started process (PID=885) to work on /opt/airflow/dags/utils/const.py
[2023-11-26T11:09:14.709+0000] {processor.py:829} INFO - Processing file /opt/airflow/dags/utils/const.py for tasks to queue
[2023-11-26T11:09:14.710+0000] {logging_mixin.py:151} INFO - [2023-11-26T11:09:14.710+0000] {dagbag.py:536} INFO - Filling up the DagBag from /opt/airflow/dags/utils/const.py
[2023-11-26T11:09:14.711+0000] {processor.py:841} WARNING - No viable dags retrieved from /opt/airflow/dags/utils/const.py
[2023-11-26T11:09:14.720+0000] {processor.py:179} INFO - Processing /opt/airflow/dags/utils/const.py took 0.014 seconds
[2023-11-26T11:09:44.884+0000] {processor.py:157} INFO - Started process (PID=942) to work on /opt/airflow/dags/utils/const.py
[2023-11-26T11:09:44.884+0000] {processor.py:829} INFO - Processing file /opt/airflow/dags/utils/const.py for tasks to queue
[2023-11-26T11:09:44.886+0000] {logging_mixin.py:151} INFO - [2023-11-26T11:09:44.885+0000] {dagbag.py:536} INFO - Filling up the DagBag from /opt/airflow/dags/utils/const.py
[2023-11-26T11:09:44.887+0000] {processor.py:841} WARNING - No viable dags retrieved from /opt/airflow/dags/utils/const.py
[2023-11-26T11:09:44.895+0000] {processor.py:179} INFO - Processing /opt/airflow/dags/utils/const.py took 0.014 seconds
[2023-11-26T11:10:15.033+0000] {processor.py:157} INFO - Started process (PID=999) to work on /opt/airflow/dags/utils/const.py
[2023-11-26T11:10:15.034+0000] {processor.py:829} INFO - Processing file /opt/airflow/dags/utils/const.py for tasks to queue
[2023-11-26T11:10:15.038+0000] {logging_mixin.py:151} INFO - [2023-11-26T11:10:15.038+0000] {dagbag.py:536} INFO - Filling up the DagBag from /opt/airflow/dags/utils/const.py
[2023-11-26T11:10:15.041+0000] {processor.py:841} WARNING - No viable dags retrieved from /opt/airflow/dags/utils/const.py
[2023-11-26T11:10:15.059+0000] {processor.py:179} INFO - Processing /opt/airflow/dags/utils/const.py took 0.032 seconds
[2023-11-26T11:10:45.094+0000] {processor.py:157} INFO - Started process (PID=1056) to work on /opt/airflow/dags/utils/const.py
[2023-11-26T11:10:45.095+0000] {processor.py:829} INFO - Processing file /opt/airflow/dags/utils/const.py for tasks to queue
[2023-11-26T11:10:45.096+0000] {logging_mixin.py:151} INFO - [2023-11-26T11:10:45.096+0000] {dagbag.py:536} INFO - Filling up the DagBag from /opt/airflow/dags/utils/const.py
[2023-11-26T11:10:45.097+0000] {processor.py:841} WARNING - No viable dags retrieved from /opt/airflow/dags/utils/const.py
[2023-11-26T11:10:45.105+0000] {processor.py:179} INFO - Processing /opt/airflow/dags/utils/const.py took 0.014 seconds
[2023-11-26T11:11:15.132+0000] {processor.py:157} INFO - Started process (PID=1113) to work on /opt/airflow/dags/utils/const.py
[2023-11-26T11:11:15.133+0000] {processor.py:829} INFO - Processing file /opt/airflow/dags/utils/const.py for tasks to queue
[2023-11-26T11:11:15.134+0000] {logging_mixin.py:151} INFO - [2023-11-26T11:11:15.134+0000] {dagbag.py:536} INFO - Filling up the DagBag from /opt/airflow/dags/utils/const.py
[2023-11-26T11:11:15.135+0000] {processor.py:841} WARNING - No viable dags retrieved from /opt/airflow/dags/utils/const.py
[2023-11-26T11:11:15.145+0000] {processor.py:179} INFO - Processing /opt/airflow/dags/utils/const.py took 0.015 seconds
[2023-11-26T11:11:45.245+0000] {processor.py:157} INFO - Started process (PID=1170) to work on /opt/airflow/dags/utils/const.py
[2023-11-26T11:11:45.245+0000] {processor.py:829} INFO - Processing file /opt/airflow/dags/utils/const.py for tasks to queue
[2023-11-26T11:11:45.246+0000] {logging_mixin.py:151} INFO - [2023-11-26T11:11:45.246+0000] {dagbag.py:536} INFO - Filling up the DagBag from /opt/airflow/dags/utils/const.py
[2023-11-26T11:11:45.247+0000] {processor.py:841} WARNING - No viable dags retrieved from /opt/airflow/dags/utils/const.py
[2023-11-26T11:11:45.255+0000] {processor.py:179} INFO - Processing /opt/airflow/dags/utils/const.py took 0.012 seconds
[2023-11-26T11:12:15.305+0000] {processor.py:157} INFO - Started process (PID=1227) to work on /opt/airflow/dags/utils/const.py
[2023-11-26T11:12:15.305+0000] {processor.py:829} INFO - Processing file /opt/airflow/dags/utils/const.py for tasks to queue
[2023-11-26T11:12:15.307+0000] {logging_mixin.py:151} INFO - [2023-11-26T11:12:15.306+0000] {dagbag.py:536} INFO - Filling up the DagBag from /opt/airflow/dags/utils/const.py
[2023-11-26T11:12:15.308+0000] {processor.py:841} WARNING - No viable dags retrieved from /opt/airflow/dags/utils/const.py
[2023-11-26T11:12:15.316+0000] {processor.py:179} INFO - Processing /opt/airflow/dags/utils/const.py took 0.013 seconds
[2023-11-26T11:12:45.362+0000] {processor.py:157} INFO - Started process (PID=1284) to work on /opt/airflow/dags/utils/const.py
[2023-11-26T11:12:45.363+0000] {processor.py:829} INFO - Processing file /opt/airflow/dags/utils/const.py for tasks to queue
[2023-11-26T11:12:45.364+0000] {logging_mixin.py:151} INFO - [2023-11-26T11:12:45.364+0000] {dagbag.py:536} INFO - Filling up the DagBag from /opt/airflow/dags/utils/const.py
[2023-11-26T11:12:45.365+0000] {processor.py:841} WARNING - No viable dags retrieved from /opt/airflow/dags/utils/const.py
[2023-11-26T11:12:45.373+0000] {processor.py:179} INFO - Processing /opt/airflow/dags/utils/const.py took 0.013 seconds
[2023-11-26T11:13:16.232+0000] {processor.py:157} INFO - Started process (PID=1342) to work on /opt/airflow/dags/utils/const.py
[2023-11-26T11:13:16.233+0000] {processor.py:829} INFO - Processing file /opt/airflow/dags/utils/const.py for tasks to queue
[2023-11-26T11:13:16.234+0000] {logging_mixin.py:151} INFO - [2023-11-26T11:13:16.234+0000] {dagbag.py:536} INFO - Filling up the DagBag from /opt/airflow/dags/utils/const.py
[2023-11-26T11:13:16.235+0000] {processor.py:841} WARNING - No viable dags retrieved from /opt/airflow/dags/utils/const.py
[2023-11-26T11:13:16.243+0000] {processor.py:179} INFO - Processing /opt/airflow/dags/utils/const.py took 0.014 seconds
[2023-11-26T11:13:47.078+0000] {processor.py:157} INFO - Started process (PID=1400) to work on /opt/airflow/dags/utils/const.py
[2023-11-26T11:13:47.078+0000] {processor.py:829} INFO - Processing file /opt/airflow/dags/utils/const.py for tasks to queue
[2023-11-26T11:13:47.079+0000] {logging_mixin.py:151} INFO - [2023-11-26T11:13:47.079+0000] {dagbag.py:536} INFO - Filling up the DagBag from /opt/airflow/dags/utils/const.py
[2023-11-26T11:13:47.080+0000] {processor.py:841} WARNING - No viable dags retrieved from /opt/airflow/dags/utils/const.py
[2023-11-26T11:13:47.088+0000] {processor.py:179} INFO - Processing /opt/airflow/dags/utils/const.py took 0.012 seconds
[2023-11-26T11:14:17.139+0000] {processor.py:157} INFO - Started process (PID=1457) to work on /opt/airflow/dags/utils/const.py
[2023-11-26T11:14:17.140+0000] {processor.py:829} INFO - Processing file /opt/airflow/dags/utils/const.py for tasks to queue
[2023-11-26T11:14:17.141+0000] {logging_mixin.py:151} INFO - [2023-11-26T11:14:17.141+0000] {dagbag.py:536} INFO - Filling up the DagBag from /opt/airflow/dags/utils/const.py
[2023-11-26T11:14:17.142+0000] {processor.py:841} WARNING - No viable dags retrieved from /opt/airflow/dags/utils/const.py
[2023-11-26T11:14:17.150+0000] {processor.py:179} INFO - Processing /opt/airflow/dags/utils/const.py took 0.013 seconds
[2023-11-26T11:14:47.178+0000] {processor.py:157} INFO - Started process (PID=1515) to work on /opt/airflow/dags/utils/const.py
[2023-11-26T11:14:47.178+0000] {processor.py:829} INFO - Processing file /opt/airflow/dags/utils/const.py for tasks to queue
[2023-11-26T11:14:47.180+0000] {logging_mixin.py:151} INFO - [2023-11-26T11:14:47.180+0000] {dagbag.py:536} INFO - Filling up the DagBag from /opt/airflow/dags/utils/const.py
[2023-11-26T11:14:47.181+0000] {processor.py:841} WARNING - No viable dags retrieved from /opt/airflow/dags/utils/const.py
[2023-11-26T11:14:47.189+0000] {processor.py:179} INFO - Processing /opt/airflow/dags/utils/const.py took 0.014 seconds
[2023-11-26T11:15:18.088+0000] {processor.py:157} INFO - Started process (PID=1572) to work on /opt/airflow/dags/utils/const.py
[2023-11-26T11:15:18.089+0000] {processor.py:829} INFO - Processing file /opt/airflow/dags/utils/const.py for tasks to queue
[2023-11-26T11:15:18.090+0000] {logging_mixin.py:151} INFO - [2023-11-26T11:15:18.090+0000] {dagbag.py:536} INFO - Filling up the DagBag from /opt/airflow/dags/utils/const.py
[2023-11-26T11:15:18.091+0000] {processor.py:841} WARNING - No viable dags retrieved from /opt/airflow/dags/utils/const.py
[2023-11-26T11:15:18.099+0000] {processor.py:179} INFO - Processing /opt/airflow/dags/utils/const.py took 0.013 seconds
[2023-11-26T11:15:48.995+0000] {processor.py:157} INFO - Started process (PID=1629) to work on /opt/airflow/dags/utils/const.py
[2023-11-26T11:15:48.996+0000] {processor.py:829} INFO - Processing file /opt/airflow/dags/utils/const.py for tasks to queue
[2023-11-26T11:15:48.997+0000] {logging_mixin.py:151} INFO - [2023-11-26T11:15:48.997+0000] {dagbag.py:536} INFO - Filling up the DagBag from /opt/airflow/dags/utils/const.py
[2023-11-26T11:15:48.998+0000] {processor.py:841} WARNING - No viable dags retrieved from /opt/airflow/dags/utils/const.py
[2023-11-26T11:15:49.006+0000] {processor.py:179} INFO - Processing /opt/airflow/dags/utils/const.py took 0.013 seconds
[2023-11-26T11:16:19.603+0000] {processor.py:157} INFO - Started process (PID=1686) to work on /opt/airflow/dags/utils/const.py
[2023-11-26T11:16:19.603+0000] {processor.py:829} INFO - Processing file /opt/airflow/dags/utils/const.py for tasks to queue
[2023-11-26T11:16:19.604+0000] {logging_mixin.py:151} INFO - [2023-11-26T11:16:19.604+0000] {dagbag.py:536} INFO - Filling up the DagBag from /opt/airflow/dags/utils/const.py
[2023-11-26T11:16:19.605+0000] {processor.py:841} WARNING - No viable dags retrieved from /opt/airflow/dags/utils/const.py
[2023-11-26T11:16:19.613+0000] {processor.py:179} INFO - Processing /opt/airflow/dags/utils/const.py took 0.012 seconds
[2023-11-26T11:16:49.887+0000] {processor.py:157} INFO - Started process (PID=1743) to work on /opt/airflow/dags/utils/const.py
[2023-11-26T11:16:49.888+0000] {processor.py:829} INFO - Processing file /opt/airflow/dags/utils/const.py for tasks to queue
[2023-11-26T11:16:49.889+0000] {logging_mixin.py:151} INFO - [2023-11-26T11:16:49.889+0000] {dagbag.py:536} INFO - Filling up the DagBag from /opt/airflow/dags/utils/const.py
[2023-11-26T11:16:49.890+0000] {processor.py:841} WARNING - No viable dags retrieved from /opt/airflow/dags/utils/const.py
[2023-11-26T11:16:49.898+0000] {processor.py:179} INFO - Processing /opt/airflow/dags/utils/const.py took 0.013 seconds
[2023-11-26T11:17:20.693+0000] {processor.py:157} INFO - Started process (PID=1800) to work on /opt/airflow/dags/utils/const.py
[2023-11-26T11:17:20.693+0000] {processor.py:829} INFO - Processing file /opt/airflow/dags/utils/const.py for tasks to queue
[2023-11-26T11:17:20.694+0000] {logging_mixin.py:151} INFO - [2023-11-26T11:17:20.694+0000] {dagbag.py:536} INFO - Filling up the DagBag from /opt/airflow/dags/utils/const.py
[2023-11-26T11:17:20.695+0000] {processor.py:841} WARNING - No viable dags retrieved from /opt/airflow/dags/utils/const.py
[2023-11-26T11:17:20.703+0000] {processor.py:179} INFO - Processing /opt/airflow/dags/utils/const.py took 0.012 seconds
[2023-11-26T11:17:50.928+0000] {processor.py:157} INFO - Started process (PID=1857) to work on /opt/airflow/dags/utils/const.py
[2023-11-26T11:17:50.928+0000] {processor.py:829} INFO - Processing file /opt/airflow/dags/utils/const.py for tasks to queue
[2023-11-26T11:17:50.929+0000] {logging_mixin.py:151} INFO - [2023-11-26T11:17:50.929+0000] {dagbag.py:536} INFO - Filling up the DagBag from /opt/airflow/dags/utils/const.py
[2023-11-26T11:17:50.931+0000] {processor.py:841} WARNING - No viable dags retrieved from /opt/airflow/dags/utils/const.py
[2023-11-26T11:17:50.938+0000] {processor.py:179} INFO - Processing /opt/airflow/dags/utils/const.py took 0.012 seconds
[2023-11-26T11:18:21.174+0000] {processor.py:157} INFO - Started process (PID=1914) to work on /opt/airflow/dags/utils/const.py
[2023-11-26T11:18:21.175+0000] {processor.py:829} INFO - Processing file /opt/airflow/dags/utils/const.py for tasks to queue
[2023-11-26T11:18:21.176+0000] {logging_mixin.py:151} INFO - [2023-11-26T11:18:21.176+0000] {dagbag.py:536} INFO - Filling up the DagBag from /opt/airflow/dags/utils/const.py
[2023-11-26T11:18:21.177+0000] {processor.py:841} WARNING - No viable dags retrieved from /opt/airflow/dags/utils/const.py
[2023-11-26T11:18:21.186+0000] {processor.py:179} INFO - Processing /opt/airflow/dags/utils/const.py took 0.013 seconds
[2023-11-26T11:18:51.976+0000] {processor.py:157} INFO - Started process (PID=1971) to work on /opt/airflow/dags/utils/const.py
[2023-11-26T11:18:51.976+0000] {processor.py:829} INFO - Processing file /opt/airflow/dags/utils/const.py for tasks to queue
[2023-11-26T11:18:51.977+0000] {logging_mixin.py:151} INFO - [2023-11-26T11:18:51.977+0000] {dagbag.py:536} INFO - Filling up the DagBag from /opt/airflow/dags/utils/const.py
[2023-11-26T11:18:51.979+0000] {processor.py:841} WARNING - No viable dags retrieved from /opt/airflow/dags/utils/const.py
[2023-11-26T11:18:51.986+0000] {processor.py:179} INFO - Processing /opt/airflow/dags/utils/const.py took 0.012 seconds
[2023-11-26T11:19:22.135+0000] {processor.py:157} INFO - Started process (PID=2028) to work on /opt/airflow/dags/utils/const.py
[2023-11-26T11:19:22.136+0000] {processor.py:829} INFO - Processing file /opt/airflow/dags/utils/const.py for tasks to queue
[2023-11-26T11:19:22.137+0000] {logging_mixin.py:151} INFO - [2023-11-26T11:19:22.137+0000] {dagbag.py:536} INFO - Filling up the DagBag from /opt/airflow/dags/utils/const.py
[2023-11-26T11:19:22.139+0000] {processor.py:841} WARNING - No viable dags retrieved from /opt/airflow/dags/utils/const.py
[2023-11-26T11:19:22.149+0000] {processor.py:179} INFO - Processing /opt/airflow/dags/utils/const.py took 0.017 seconds
[2023-11-26T11:19:52.451+0000] {processor.py:157} INFO - Started process (PID=2085) to work on /opt/airflow/dags/utils/const.py
[2023-11-26T11:19:52.452+0000] {processor.py:829} INFO - Processing file /opt/airflow/dags/utils/const.py for tasks to queue
[2023-11-26T11:19:52.453+0000] {logging_mixin.py:151} INFO - [2023-11-26T11:19:52.453+0000] {dagbag.py:536} INFO - Filling up the DagBag from /opt/airflow/dags/utils/const.py
[2023-11-26T11:19:52.454+0000] {processor.py:841} WARNING - No viable dags retrieved from /opt/airflow/dags/utils/const.py
[2023-11-26T11:19:52.461+0000] {processor.py:179} INFO - Processing /opt/airflow/dags/utils/const.py took 0.012 seconds
[2023-11-26T11:20:22.890+0000] {processor.py:157} INFO - Started process (PID=2142) to work on /opt/airflow/dags/utils/const.py
[2023-11-26T11:20:22.891+0000] {processor.py:829} INFO - Processing file /opt/airflow/dags/utils/const.py for tasks to queue
[2023-11-26T11:20:22.892+0000] {logging_mixin.py:151} INFO - [2023-11-26T11:20:22.892+0000] {dagbag.py:536} INFO - Filling up the DagBag from /opt/airflow/dags/utils/const.py
[2023-11-26T11:20:22.893+0000] {processor.py:841} WARNING - No viable dags retrieved from /opt/airflow/dags/utils/const.py
[2023-11-26T11:20:22.901+0000] {processor.py:179} INFO - Processing /opt/airflow/dags/utils/const.py took 0.013 seconds
[2023-11-26T11:20:53.743+0000] {processor.py:157} INFO - Started process (PID=2199) to work on /opt/airflow/dags/utils/const.py
[2023-11-26T11:20:53.744+0000] {processor.py:829} INFO - Processing file /opt/airflow/dags/utils/const.py for tasks to queue
[2023-11-26T11:20:53.745+0000] {logging_mixin.py:151} INFO - [2023-11-26T11:20:53.745+0000] {dagbag.py:536} INFO - Filling up the DagBag from /opt/airflow/dags/utils/const.py
[2023-11-26T11:20:53.746+0000] {processor.py:841} WARNING - No viable dags retrieved from /opt/airflow/dags/utils/const.py
[2023-11-26T11:20:53.754+0000] {processor.py:179} INFO - Processing /opt/airflow/dags/utils/const.py took 0.012 seconds
[2023-11-26T11:21:24.684+0000] {processor.py:157} INFO - Started process (PID=2256) to work on /opt/airflow/dags/utils/const.py
[2023-11-26T11:21:24.685+0000] {processor.py:829} INFO - Processing file /opt/airflow/dags/utils/const.py for tasks to queue
[2023-11-26T11:21:24.686+0000] {logging_mixin.py:151} INFO - [2023-11-26T11:21:24.686+0000] {dagbag.py:536} INFO - Filling up the DagBag from /opt/airflow/dags/utils/const.py
[2023-11-26T11:21:24.687+0000] {processor.py:841} WARNING - No viable dags retrieved from /opt/airflow/dags/utils/const.py
[2023-11-26T11:21:24.695+0000] {processor.py:179} INFO - Processing /opt/airflow/dags/utils/const.py took 0.012 seconds
[2023-11-26T11:21:55.542+0000] {processor.py:157} INFO - Started process (PID=2313) to work on /opt/airflow/dags/utils/const.py
[2023-11-26T11:21:55.542+0000] {processor.py:829} INFO - Processing file /opt/airflow/dags/utils/const.py for tasks to queue
[2023-11-26T11:21:55.544+0000] {logging_mixin.py:151} INFO - [2023-11-26T11:21:55.543+0000] {dagbag.py:536} INFO - Filling up the DagBag from /opt/airflow/dags/utils/const.py
[2023-11-26T11:21:55.545+0000] {processor.py:841} WARNING - No viable dags retrieved from /opt/airflow/dags/utils/const.py
[2023-11-26T11:21:55.554+0000] {processor.py:179} INFO - Processing /opt/airflow/dags/utils/const.py took 0.015 seconds
[2023-11-26T11:22:26.338+0000] {processor.py:157} INFO - Started process (PID=2370) to work on /opt/airflow/dags/utils/const.py
[2023-11-26T11:22:26.338+0000] {processor.py:829} INFO - Processing file /opt/airflow/dags/utils/const.py for tasks to queue
[2023-11-26T11:22:26.340+0000] {logging_mixin.py:151} INFO - [2023-11-26T11:22:26.339+0000] {dagbag.py:536} INFO - Filling up the DagBag from /opt/airflow/dags/utils/const.py
[2023-11-26T11:22:26.341+0000] {processor.py:841} WARNING - No viable dags retrieved from /opt/airflow/dags/utils/const.py
[2023-11-26T11:22:26.348+0000] {processor.py:179} INFO - Processing /opt/airflow/dags/utils/const.py took 0.012 seconds
[2023-11-26T11:22:57.221+0000] {processor.py:157} INFO - Started process (PID=2428) to work on /opt/airflow/dags/utils/const.py
[2023-11-26T11:22:57.221+0000] {processor.py:829} INFO - Processing file /opt/airflow/dags/utils/const.py for tasks to queue
[2023-11-26T11:22:57.222+0000] {logging_mixin.py:151} INFO - [2023-11-26T11:22:57.222+0000] {dagbag.py:536} INFO - Filling up the DagBag from /opt/airflow/dags/utils/const.py
[2023-11-26T11:22:57.223+0000] {processor.py:841} WARNING - No viable dags retrieved from /opt/airflow/dags/utils/const.py
[2023-11-26T11:22:57.231+0000] {processor.py:179} INFO - Processing /opt/airflow/dags/utils/const.py took 0.012 seconds
[2023-11-26T11:23:28.101+0000] {processor.py:157} INFO - Started process (PID=2485) to work on /opt/airflow/dags/utils/const.py
[2023-11-26T11:23:28.101+0000] {processor.py:829} INFO - Processing file /opt/airflow/dags/utils/const.py for tasks to queue
[2023-11-26T11:23:28.103+0000] {logging_mixin.py:151} INFO - [2023-11-26T11:23:28.102+0000] {dagbag.py:536} INFO - Filling up the DagBag from /opt/airflow/dags/utils/const.py
[2023-11-26T11:23:28.104+0000] {processor.py:841} WARNING - No viable dags retrieved from /opt/airflow/dags/utils/const.py
[2023-11-26T11:23:28.112+0000] {processor.py:179} INFO - Processing /opt/airflow/dags/utils/const.py took 0.014 seconds
[2023-11-26T11:23:58.989+0000] {processor.py:157} INFO - Started process (PID=2543) to work on /opt/airflow/dags/utils/const.py
[2023-11-26T11:23:58.989+0000] {processor.py:829} INFO - Processing file /opt/airflow/dags/utils/const.py for tasks to queue
[2023-11-26T11:23:58.990+0000] {logging_mixin.py:151} INFO - [2023-11-26T11:23:58.990+0000] {dagbag.py:536} INFO - Filling up the DagBag from /opt/airflow/dags/utils/const.py
[2023-11-26T11:23:58.992+0000] {processor.py:841} WARNING - No viable dags retrieved from /opt/airflow/dags/utils/const.py
[2023-11-26T11:23:59.000+0000] {processor.py:179} INFO - Processing /opt/airflow/dags/utils/const.py took 0.013 seconds
[2023-11-26T11:24:29.902+0000] {processor.py:157} INFO - Started process (PID=2600) to work on /opt/airflow/dags/utils/const.py
[2023-11-26T11:24:29.903+0000] {processor.py:829} INFO - Processing file /opt/airflow/dags/utils/const.py for tasks to queue
[2023-11-26T11:24:29.904+0000] {logging_mixin.py:151} INFO - [2023-11-26T11:24:29.904+0000] {dagbag.py:536} INFO - Filling up the DagBag from /opt/airflow/dags/utils/const.py
[2023-11-26T11:24:29.905+0000] {processor.py:841} WARNING - No viable dags retrieved from /opt/airflow/dags/utils/const.py
[2023-11-26T11:24:29.912+0000] {processor.py:179} INFO - Processing /opt/airflow/dags/utils/const.py took 0.012 seconds
[2023-11-26T11:25:00.850+0000] {processor.py:157} INFO - Started process (PID=2657) to work on /opt/airflow/dags/utils/const.py
[2023-11-26T11:25:00.851+0000] {processor.py:829} INFO - Processing file /opt/airflow/dags/utils/const.py for tasks to queue
[2023-11-26T11:25:00.852+0000] {logging_mixin.py:151} INFO - [2023-11-26T11:25:00.852+0000] {dagbag.py:536} INFO - Filling up the DagBag from /opt/airflow/dags/utils/const.py
[2023-11-26T11:25:00.853+0000] {processor.py:841} WARNING - No viable dags retrieved from /opt/airflow/dags/utils/const.py
[2023-11-26T11:25:00.861+0000] {processor.py:179} INFO - Processing /opt/airflow/dags/utils/const.py took 0.012 seconds
[2023-11-26T11:28:11.299+0000] {processor.py:157} INFO - Started process (PID=2720) to work on /opt/airflow/dags/utils/const.py
[2023-11-26T11:28:11.300+0000] {processor.py:829} INFO - Processing file /opt/airflow/dags/utils/const.py for tasks to queue
[2023-11-26T11:28:11.301+0000] {logging_mixin.py:151} INFO - [2023-11-26T11:28:11.301+0000] {dagbag.py:536} INFO - Filling up the DagBag from /opt/airflow/dags/utils/const.py
[2023-11-26T11:28:11.303+0000] {processor.py:841} WARNING - No viable dags retrieved from /opt/airflow/dags/utils/const.py
[2023-11-26T11:28:11.313+0000] {processor.py:179} INFO - Processing /opt/airflow/dags/utils/const.py took 0.016 seconds
[2023-11-26T11:28:41.742+0000] {processor.py:157} INFO - Started process (PID=2778) to work on /opt/airflow/dags/utils/const.py
[2023-11-26T11:28:41.742+0000] {processor.py:829} INFO - Processing file /opt/airflow/dags/utils/const.py for tasks to queue
[2023-11-26T11:28:41.743+0000] {logging_mixin.py:151} INFO - [2023-11-26T11:28:41.743+0000] {dagbag.py:536} INFO - Filling up the DagBag from /opt/airflow/dags/utils/const.py
[2023-11-26T11:28:41.745+0000] {processor.py:841} WARNING - No viable dags retrieved from /opt/airflow/dags/utils/const.py
[2023-11-26T11:28:41.753+0000] {processor.py:179} INFO - Processing /opt/airflow/dags/utils/const.py took 0.013 seconds
[2023-11-26T11:29:12.591+0000] {processor.py:157} INFO - Started process (PID=2835) to work on /opt/airflow/dags/utils/const.py
[2023-11-26T11:29:12.591+0000] {processor.py:829} INFO - Processing file /opt/airflow/dags/utils/const.py for tasks to queue
[2023-11-26T11:29:12.593+0000] {logging_mixin.py:151} INFO - [2023-11-26T11:29:12.592+0000] {dagbag.py:536} INFO - Filling up the DagBag from /opt/airflow/dags/utils/const.py
[2023-11-26T11:29:12.594+0000] {processor.py:841} WARNING - No viable dags retrieved from /opt/airflow/dags/utils/const.py
[2023-11-26T11:29:12.602+0000] {processor.py:179} INFO - Processing /opt/airflow/dags/utils/const.py took 0.013 seconds
[2023-11-26T11:29:43.416+0000] {processor.py:157} INFO - Started process (PID=2893) to work on /opt/airflow/dags/utils/const.py
[2023-11-26T11:29:43.416+0000] {processor.py:829} INFO - Processing file /opt/airflow/dags/utils/const.py for tasks to queue
[2023-11-26T11:29:43.418+0000] {logging_mixin.py:151} INFO - [2023-11-26T11:29:43.418+0000] {dagbag.py:536} INFO - Filling up the DagBag from /opt/airflow/dags/utils/const.py
[2023-11-26T11:29:43.420+0000] {processor.py:841} WARNING - No viable dags retrieved from /opt/airflow/dags/utils/const.py
[2023-11-26T11:29:43.430+0000] {processor.py:179} INFO - Processing /opt/airflow/dags/utils/const.py took 0.017 seconds
[2023-11-26T11:30:14.277+0000] {processor.py:157} INFO - Started process (PID=2950) to work on /opt/airflow/dags/utils/const.py
[2023-11-26T11:30:14.278+0000] {processor.py:829} INFO - Processing file /opt/airflow/dags/utils/const.py for tasks to queue
[2023-11-26T11:30:14.279+0000] {logging_mixin.py:151} INFO - [2023-11-26T11:30:14.279+0000] {dagbag.py:536} INFO - Filling up the DagBag from /opt/airflow/dags/utils/const.py
[2023-11-26T11:30:14.281+0000] {processor.py:841} WARNING - No viable dags retrieved from /opt/airflow/dags/utils/const.py
[2023-11-26T11:30:14.291+0000] {processor.py:179} INFO - Processing /opt/airflow/dags/utils/const.py took 0.017 seconds
[2023-11-26T11:30:44.402+0000] {processor.py:157} INFO - Started process (PID=3007) to work on /opt/airflow/dags/utils/const.py
[2023-11-26T11:30:44.402+0000] {processor.py:829} INFO - Processing file /opt/airflow/dags/utils/const.py for tasks to queue
[2023-11-26T11:30:44.404+0000] {logging_mixin.py:151} INFO - [2023-11-26T11:30:44.404+0000] {dagbag.py:536} INFO - Filling up the DagBag from /opt/airflow/dags/utils/const.py
[2023-11-26T11:30:44.406+0000] {processor.py:841} WARNING - No viable dags retrieved from /opt/airflow/dags/utils/const.py
[2023-11-26T11:30:44.417+0000] {processor.py:179} INFO - Processing /opt/airflow/dags/utils/const.py took 0.018 seconds
[2023-11-26T11:31:15.083+0000] {processor.py:157} INFO - Started process (PID=3064) to work on /opt/airflow/dags/utils/const.py
[2023-11-26T11:31:15.084+0000] {processor.py:829} INFO - Processing file /opt/airflow/dags/utils/const.py for tasks to queue
[2023-11-26T11:31:15.085+0000] {logging_mixin.py:151} INFO - [2023-11-26T11:31:15.085+0000] {dagbag.py:536} INFO - Filling up the DagBag from /opt/airflow/dags/utils/const.py
[2023-11-26T11:31:15.086+0000] {processor.py:841} WARNING - No viable dags retrieved from /opt/airflow/dags/utils/const.py
[2023-11-26T11:31:15.093+0000] {processor.py:179} INFO - Processing /opt/airflow/dags/utils/const.py took 0.012 seconds
[2023-11-26T11:31:45.255+0000] {processor.py:157} INFO - Started process (PID=3121) to work on /opt/airflow/dags/utils/const.py
[2023-11-26T11:31:45.255+0000] {processor.py:829} INFO - Processing file /opt/airflow/dags/utils/const.py for tasks to queue
[2023-11-26T11:31:45.257+0000] {logging_mixin.py:151} INFO - [2023-11-26T11:31:45.256+0000] {dagbag.py:536} INFO - Filling up the DagBag from /opt/airflow/dags/utils/const.py
[2023-11-26T11:31:45.258+0000] {processor.py:841} WARNING - No viable dags retrieved from /opt/airflow/dags/utils/const.py
[2023-11-26T11:31:45.267+0000] {processor.py:179} INFO - Processing /opt/airflow/dags/utils/const.py took 0.013 seconds
[2023-11-26T11:32:15.360+0000] {processor.py:157} INFO - Started process (PID=3178) to work on /opt/airflow/dags/utils/const.py
[2023-11-26T11:32:15.360+0000] {processor.py:829} INFO - Processing file /opt/airflow/dags/utils/const.py for tasks to queue
[2023-11-26T11:32:15.362+0000] {logging_mixin.py:151} INFO - [2023-11-26T11:32:15.362+0000] {dagbag.py:536} INFO - Filling up the DagBag from /opt/airflow/dags/utils/const.py
[2023-11-26T11:32:15.363+0000] {processor.py:841} WARNING - No viable dags retrieved from /opt/airflow/dags/utils/const.py
[2023-11-26T11:32:15.370+0000] {processor.py:179} INFO - Processing /opt/airflow/dags/utils/const.py took 0.012 seconds
[2023-11-26T11:32:45.482+0000] {processor.py:157} INFO - Started process (PID=3235) to work on /opt/airflow/dags/utils/const.py
[2023-11-26T11:32:45.483+0000] {processor.py:829} INFO - Processing file /opt/airflow/dags/utils/const.py for tasks to queue
[2023-11-26T11:32:45.484+0000] {logging_mixin.py:151} INFO - [2023-11-26T11:32:45.484+0000] {dagbag.py:536} INFO - Filling up the DagBag from /opt/airflow/dags/utils/const.py
[2023-11-26T11:32:45.485+0000] {processor.py:841} WARNING - No viable dags retrieved from /opt/airflow/dags/utils/const.py
[2023-11-26T11:32:45.493+0000] {processor.py:179} INFO - Processing /opt/airflow/dags/utils/const.py took 0.013 seconds
[2023-11-26T11:33:15.540+0000] {processor.py:157} INFO - Started process (PID=3292) to work on /opt/airflow/dags/utils/const.py
[2023-11-26T11:33:15.541+0000] {processor.py:829} INFO - Processing file /opt/airflow/dags/utils/const.py for tasks to queue
[2023-11-26T11:33:15.542+0000] {logging_mixin.py:151} INFO - [2023-11-26T11:33:15.542+0000] {dagbag.py:536} INFO - Filling up the DagBag from /opt/airflow/dags/utils/const.py
[2023-11-26T11:33:15.543+0000] {processor.py:841} WARNING - No viable dags retrieved from /opt/airflow/dags/utils/const.py
[2023-11-26T11:33:15.551+0000] {processor.py:179} INFO - Processing /opt/airflow/dags/utils/const.py took 0.013 seconds
[2023-11-26T11:33:46.292+0000] {processor.py:157} INFO - Started process (PID=3349) to work on /opt/airflow/dags/utils/const.py
[2023-11-26T11:33:46.292+0000] {processor.py:829} INFO - Processing file /opt/airflow/dags/utils/const.py for tasks to queue
[2023-11-26T11:33:46.293+0000] {logging_mixin.py:151} INFO - [2023-11-26T11:33:46.293+0000] {dagbag.py:536} INFO - Filling up the DagBag from /opt/airflow/dags/utils/const.py
[2023-11-26T11:33:46.294+0000] {processor.py:841} WARNING - No viable dags retrieved from /opt/airflow/dags/utils/const.py
[2023-11-26T11:33:46.302+0000] {processor.py:179} INFO - Processing /opt/airflow/dags/utils/const.py took 0.012 seconds
[2023-11-26T11:34:17.036+0000] {processor.py:157} INFO - Started process (PID=3406) to work on /opt/airflow/dags/utils/const.py
[2023-11-26T11:34:17.036+0000] {processor.py:829} INFO - Processing file /opt/airflow/dags/utils/const.py for tasks to queue
[2023-11-26T11:34:17.038+0000] {logging_mixin.py:151} INFO - [2023-11-26T11:34:17.038+0000] {dagbag.py:536} INFO - Filling up the DagBag from /opt/airflow/dags/utils/const.py
[2023-11-26T11:34:17.039+0000] {processor.py:841} WARNING - No viable dags retrieved from /opt/airflow/dags/utils/const.py
[2023-11-26T11:34:17.046+0000] {processor.py:179} INFO - Processing /opt/airflow/dags/utils/const.py took 0.012 seconds
[2023-11-26T11:34:47.742+0000] {processor.py:157} INFO - Started process (PID=3463) to work on /opt/airflow/dags/utils/const.py
[2023-11-26T11:34:47.743+0000] {processor.py:829} INFO - Processing file /opt/airflow/dags/utils/const.py for tasks to queue
[2023-11-26T11:34:47.744+0000] {logging_mixin.py:151} INFO - [2023-11-26T11:34:47.744+0000] {dagbag.py:536} INFO - Filling up the DagBag from /opt/airflow/dags/utils/const.py
[2023-11-26T11:34:47.745+0000] {processor.py:841} WARNING - No viable dags retrieved from /opt/airflow/dags/utils/const.py
[2023-11-26T11:34:47.753+0000] {processor.py:179} INFO - Processing /opt/airflow/dags/utils/const.py took 0.012 seconds
[2023-11-26T11:35:18.428+0000] {processor.py:157} INFO - Started process (PID=3520) to work on /opt/airflow/dags/utils/const.py
[2023-11-26T11:35:18.428+0000] {processor.py:829} INFO - Processing file /opt/airflow/dags/utils/const.py for tasks to queue
[2023-11-26T11:35:18.431+0000] {logging_mixin.py:151} INFO - [2023-11-26T11:35:18.430+0000] {dagbag.py:536} INFO - Filling up the DagBag from /opt/airflow/dags/utils/const.py
[2023-11-26T11:35:18.432+0000] {processor.py:841} WARNING - No viable dags retrieved from /opt/airflow/dags/utils/const.py
[2023-11-26T11:35:18.441+0000] {processor.py:179} INFO - Processing /opt/airflow/dags/utils/const.py took 0.015 seconds
[2023-11-26T11:35:49.161+0000] {processor.py:157} INFO - Started process (PID=3577) to work on /opt/airflow/dags/utils/const.py
[2023-11-26T11:35:49.162+0000] {processor.py:829} INFO - Processing file /opt/airflow/dags/utils/const.py for tasks to queue
[2023-11-26T11:35:49.163+0000] {logging_mixin.py:151} INFO - [2023-11-26T11:35:49.163+0000] {dagbag.py:536} INFO - Filling up the DagBag from /opt/airflow/dags/utils/const.py
[2023-11-26T11:35:49.165+0000] {processor.py:841} WARNING - No viable dags retrieved from /opt/airflow/dags/utils/const.py
[2023-11-26T11:35:49.172+0000] {processor.py:179} INFO - Processing /opt/airflow/dags/utils/const.py took 0.013 seconds
[2023-11-26T11:36:19.947+0000] {processor.py:157} INFO - Started process (PID=3634) to work on /opt/airflow/dags/utils/const.py
[2023-11-26T11:36:19.947+0000] {processor.py:829} INFO - Processing file /opt/airflow/dags/utils/const.py for tasks to queue
[2023-11-26T11:36:19.949+0000] {logging_mixin.py:151} INFO - [2023-11-26T11:36:19.949+0000] {dagbag.py:536} INFO - Filling up the DagBag from /opt/airflow/dags/utils/const.py
[2023-11-26T11:36:19.950+0000] {processor.py:841} WARNING - No viable dags retrieved from /opt/airflow/dags/utils/const.py
[2023-11-26T11:36:19.958+0000] {processor.py:179} INFO - Processing /opt/airflow/dags/utils/const.py took 0.014 seconds
[2023-11-26T11:36:50.607+0000] {processor.py:157} INFO - Started process (PID=3691) to work on /opt/airflow/dags/utils/const.py
[2023-11-26T11:36:50.608+0000] {processor.py:829} INFO - Processing file /opt/airflow/dags/utils/const.py for tasks to queue
[2023-11-26T11:36:50.609+0000] {logging_mixin.py:151} INFO - [2023-11-26T11:36:50.609+0000] {dagbag.py:536} INFO - Filling up the DagBag from /opt/airflow/dags/utils/const.py
[2023-11-26T11:36:50.610+0000] {processor.py:841} WARNING - No viable dags retrieved from /opt/airflow/dags/utils/const.py
[2023-11-26T11:36:50.618+0000] {processor.py:179} INFO - Processing /opt/airflow/dags/utils/const.py took 0.012 seconds
[2023-11-26T11:37:21.384+0000] {processor.py:157} INFO - Started process (PID=3748) to work on /opt/airflow/dags/utils/const.py
[2023-11-26T11:37:21.385+0000] {processor.py:829} INFO - Processing file /opt/airflow/dags/utils/const.py for tasks to queue
[2023-11-26T11:37:21.387+0000] {logging_mixin.py:151} INFO - [2023-11-26T11:37:21.387+0000] {dagbag.py:536} INFO - Filling up the DagBag from /opt/airflow/dags/utils/const.py
[2023-11-26T11:37:21.388+0000] {processor.py:841} WARNING - No viable dags retrieved from /opt/airflow/dags/utils/const.py
[2023-11-26T11:37:21.396+0000] {processor.py:179} INFO - Processing /opt/airflow/dags/utils/const.py took 0.014 seconds
[2023-11-26T11:37:52.014+0000] {processor.py:157} INFO - Started process (PID=3805) to work on /opt/airflow/dags/utils/const.py
[2023-11-26T11:37:52.014+0000] {processor.py:829} INFO - Processing file /opt/airflow/dags/utils/const.py for tasks to queue
[2023-11-26T11:37:52.016+0000] {logging_mixin.py:151} INFO - [2023-11-26T11:37:52.016+0000] {dagbag.py:536} INFO - Filling up the DagBag from /opt/airflow/dags/utils/const.py
[2023-11-26T11:37:52.017+0000] {processor.py:841} WARNING - No viable dags retrieved from /opt/airflow/dags/utils/const.py
[2023-11-26T11:37:52.025+0000] {processor.py:179} INFO - Processing /opt/airflow/dags/utils/const.py took 0.014 seconds
[2023-11-26T11:38:22.702+0000] {processor.py:157} INFO - Started process (PID=3862) to work on /opt/airflow/dags/utils/const.py
[2023-11-26T11:38:22.702+0000] {processor.py:829} INFO - Processing file /opt/airflow/dags/utils/const.py for tasks to queue
[2023-11-26T11:38:22.704+0000] {logging_mixin.py:151} INFO - [2023-11-26T11:38:22.704+0000] {dagbag.py:536} INFO - Filling up the DagBag from /opt/airflow/dags/utils/const.py
[2023-11-26T11:38:22.705+0000] {processor.py:841} WARNING - No viable dags retrieved from /opt/airflow/dags/utils/const.py
[2023-11-26T11:38:22.713+0000] {processor.py:179} INFO - Processing /opt/airflow/dags/utils/const.py took 0.013 seconds
[2023-11-26T11:38:53.503+0000] {processor.py:157} INFO - Started process (PID=3919) to work on /opt/airflow/dags/utils/const.py
[2023-11-26T11:38:53.504+0000] {processor.py:829} INFO - Processing file /opt/airflow/dags/utils/const.py for tasks to queue
[2023-11-26T11:38:53.505+0000] {logging_mixin.py:151} INFO - [2023-11-26T11:38:53.505+0000] {dagbag.py:536} INFO - Filling up the DagBag from /opt/airflow/dags/utils/const.py
[2023-11-26T11:38:53.506+0000] {processor.py:841} WARNING - No viable dags retrieved from /opt/airflow/dags/utils/const.py
[2023-11-26T11:38:53.514+0000] {processor.py:179} INFO - Processing /opt/airflow/dags/utils/const.py took 0.013 seconds
[2023-11-26T11:39:24.198+0000] {processor.py:157} INFO - Started process (PID=3976) to work on /opt/airflow/dags/utils/const.py
[2023-11-26T11:39:24.199+0000] {processor.py:829} INFO - Processing file /opt/airflow/dags/utils/const.py for tasks to queue
[2023-11-26T11:39:24.200+0000] {logging_mixin.py:151} INFO - [2023-11-26T11:39:24.200+0000] {dagbag.py:536} INFO - Filling up the DagBag from /opt/airflow/dags/utils/const.py
[2023-11-26T11:39:24.202+0000] {processor.py:841} WARNING - No viable dags retrieved from /opt/airflow/dags/utils/const.py
[2023-11-26T11:39:24.211+0000] {processor.py:179} INFO - Processing /opt/airflow/dags/utils/const.py took 0.014 seconds
[2023-11-26T11:39:54.995+0000] {processor.py:157} INFO - Started process (PID=4033) to work on /opt/airflow/dags/utils/const.py
[2023-11-26T11:39:54.995+0000] {processor.py:829} INFO - Processing file /opt/airflow/dags/utils/const.py for tasks to queue
[2023-11-26T11:39:54.997+0000] {logging_mixin.py:151} INFO - [2023-11-26T11:39:54.997+0000] {dagbag.py:536} INFO - Filling up the DagBag from /opt/airflow/dags/utils/const.py
[2023-11-26T11:39:54.998+0000] {processor.py:841} WARNING - No viable dags retrieved from /opt/airflow/dags/utils/const.py
[2023-11-26T11:39:55.005+0000] {processor.py:179} INFO - Processing /opt/airflow/dags/utils/const.py took 0.012 seconds
[2023-11-26T11:40:25.720+0000] {processor.py:157} INFO - Started process (PID=4090) to work on /opt/airflow/dags/utils/const.py
[2023-11-26T11:40:25.721+0000] {processor.py:829} INFO - Processing file /opt/airflow/dags/utils/const.py for tasks to queue
[2023-11-26T11:40:25.723+0000] {logging_mixin.py:151} INFO - [2023-11-26T11:40:25.723+0000] {dagbag.py:536} INFO - Filling up the DagBag from /opt/airflow/dags/utils/const.py
[2023-11-26T11:40:25.725+0000] {processor.py:841} WARNING - No viable dags retrieved from /opt/airflow/dags/utils/const.py
[2023-11-26T11:40:25.735+0000] {processor.py:179} INFO - Processing /opt/airflow/dags/utils/const.py took 0.017 seconds
[2023-11-26T11:40:56.433+0000] {processor.py:157} INFO - Started process (PID=4146) to work on /opt/airflow/dags/utils/const.py
[2023-11-26T11:40:56.434+0000] {processor.py:829} INFO - Processing file /opt/airflow/dags/utils/const.py for tasks to queue
[2023-11-26T11:40:56.436+0000] {logging_mixin.py:151} INFO - [2023-11-26T11:40:56.436+0000] {dagbag.py:536} INFO - Filling up the DagBag from /opt/airflow/dags/utils/const.py
[2023-11-26T11:40:56.437+0000] {processor.py:841} WARNING - No viable dags retrieved from /opt/airflow/dags/utils/const.py
[2023-11-26T11:40:56.448+0000] {processor.py:179} INFO - Processing /opt/airflow/dags/utils/const.py took 0.018 seconds
[2023-11-26T11:41:27.128+0000] {processor.py:157} INFO - Started process (PID=4203) to work on /opt/airflow/dags/utils/const.py
[2023-11-26T11:41:27.129+0000] {processor.py:829} INFO - Processing file /opt/airflow/dags/utils/const.py for tasks to queue
[2023-11-26T11:41:27.130+0000] {logging_mixin.py:151} INFO - [2023-11-26T11:41:27.130+0000] {dagbag.py:536} INFO - Filling up the DagBag from /opt/airflow/dags/utils/const.py
[2023-11-26T11:41:27.131+0000] {processor.py:841} WARNING - No viable dags retrieved from /opt/airflow/dags/utils/const.py
[2023-11-26T11:41:27.139+0000] {processor.py:179} INFO - Processing /opt/airflow/dags/utils/const.py took 0.014 seconds
[2023-11-26T11:41:57.940+0000] {processor.py:157} INFO - Started process (PID=4260) to work on /opt/airflow/dags/utils/const.py
[2023-11-26T11:41:57.940+0000] {processor.py:829} INFO - Processing file /opt/airflow/dags/utils/const.py for tasks to queue
[2023-11-26T11:41:57.942+0000] {logging_mixin.py:151} INFO - [2023-11-26T11:41:57.942+0000] {dagbag.py:536} INFO - Filling up the DagBag from /opt/airflow/dags/utils/const.py
[2023-11-26T11:41:57.943+0000] {processor.py:841} WARNING - No viable dags retrieved from /opt/airflow/dags/utils/const.py
[2023-11-26T11:41:57.951+0000] {processor.py:179} INFO - Processing /opt/airflow/dags/utils/const.py took 0.013 seconds
[2023-11-26T11:42:28.723+0000] {processor.py:157} INFO - Started process (PID=4317) to work on /opt/airflow/dags/utils/const.py
[2023-11-26T11:42:28.723+0000] {processor.py:829} INFO - Processing file /opt/airflow/dags/utils/const.py for tasks to queue
[2023-11-26T11:42:28.725+0000] {logging_mixin.py:151} INFO - [2023-11-26T11:42:28.725+0000] {dagbag.py:536} INFO - Filling up the DagBag from /opt/airflow/dags/utils/const.py
[2023-11-26T11:42:28.727+0000] {processor.py:841} WARNING - No viable dags retrieved from /opt/airflow/dags/utils/const.py
[2023-11-26T11:42:28.735+0000] {processor.py:179} INFO - Processing /opt/airflow/dags/utils/const.py took 0.014 seconds
[2023-11-26T11:42:59.574+0000] {processor.py:157} INFO - Started process (PID=4375) to work on /opt/airflow/dags/utils/const.py
[2023-11-26T11:42:59.575+0000] {processor.py:829} INFO - Processing file /opt/airflow/dags/utils/const.py for tasks to queue
[2023-11-26T11:42:59.577+0000] {logging_mixin.py:151} INFO - [2023-11-26T11:42:59.577+0000] {dagbag.py:536} INFO - Filling up the DagBag from /opt/airflow/dags/utils/const.py
[2023-11-26T11:42:59.578+0000] {processor.py:841} WARNING - No viable dags retrieved from /opt/airflow/dags/utils/const.py
[2023-11-26T11:42:59.585+0000] {processor.py:179} INFO - Processing /opt/airflow/dags/utils/const.py took 0.013 seconds
[2023-11-26T11:43:29.661+0000] {processor.py:157} INFO - Started process (PID=4432) to work on /opt/airflow/dags/utils/const.py
[2023-11-26T11:43:29.661+0000] {processor.py:829} INFO - Processing file /opt/airflow/dags/utils/const.py for tasks to queue
[2023-11-26T11:43:29.662+0000] {logging_mixin.py:151} INFO - [2023-11-26T11:43:29.662+0000] {dagbag.py:536} INFO - Filling up the DagBag from /opt/airflow/dags/utils/const.py
[2023-11-26T11:43:29.663+0000] {processor.py:841} WARNING - No viable dags retrieved from /opt/airflow/dags/utils/const.py
[2023-11-26T11:43:29.671+0000] {processor.py:179} INFO - Processing /opt/airflow/dags/utils/const.py took 0.013 seconds
[2023-11-26T11:44:00.407+0000] {processor.py:157} INFO - Started process (PID=4489) to work on /opt/airflow/dags/utils/const.py
[2023-11-26T11:44:00.407+0000] {processor.py:829} INFO - Processing file /opt/airflow/dags/utils/const.py for tasks to queue
[2023-11-26T11:44:00.409+0000] {logging_mixin.py:151} INFO - [2023-11-26T11:44:00.409+0000] {dagbag.py:536} INFO - Filling up the DagBag from /opt/airflow/dags/utils/const.py
[2023-11-26T11:44:00.410+0000] {processor.py:841} WARNING - No viable dags retrieved from /opt/airflow/dags/utils/const.py
[2023-11-26T11:44:00.418+0000] {processor.py:179} INFO - Processing /opt/airflow/dags/utils/const.py took 0.013 seconds
[2023-11-26T11:44:31.123+0000] {processor.py:157} INFO - Started process (PID=4546) to work on /opt/airflow/dags/utils/const.py
[2023-11-26T11:44:31.123+0000] {processor.py:829} INFO - Processing file /opt/airflow/dags/utils/const.py for tasks to queue
[2023-11-26T11:44:31.125+0000] {logging_mixin.py:151} INFO - [2023-11-26T11:44:31.124+0000] {dagbag.py:536} INFO - Filling up the DagBag from /opt/airflow/dags/utils/const.py
[2023-11-26T11:44:31.126+0000] {processor.py:841} WARNING - No viable dags retrieved from /opt/airflow/dags/utils/const.py
[2023-11-26T11:44:31.134+0000] {processor.py:179} INFO - Processing /opt/airflow/dags/utils/const.py took 0.013 seconds
[2023-11-26T11:45:01.791+0000] {processor.py:157} INFO - Started process (PID=4603) to work on /opt/airflow/dags/utils/const.py
[2023-11-26T11:45:01.792+0000] {processor.py:829} INFO - Processing file /opt/airflow/dags/utils/const.py for tasks to queue
[2023-11-26T11:45:01.793+0000] {logging_mixin.py:151} INFO - [2023-11-26T11:45:01.793+0000] {dagbag.py:536} INFO - Filling up the DagBag from /opt/airflow/dags/utils/const.py
[2023-11-26T11:45:01.794+0000] {processor.py:841} WARNING - No viable dags retrieved from /opt/airflow/dags/utils/const.py
[2023-11-26T11:45:01.802+0000] {processor.py:179} INFO - Processing /opt/airflow/dags/utils/const.py took 0.013 seconds
[2023-11-26T11:45:32.422+0000] {processor.py:157} INFO - Started process (PID=4661) to work on /opt/airflow/dags/utils/const.py
[2023-11-26T11:45:32.423+0000] {processor.py:829} INFO - Processing file /opt/airflow/dags/utils/const.py for tasks to queue
[2023-11-26T11:45:32.425+0000] {logging_mixin.py:151} INFO - [2023-11-26T11:45:32.424+0000] {dagbag.py:536} INFO - Filling up the DagBag from /opt/airflow/dags/utils/const.py
[2023-11-26T11:45:32.426+0000] {processor.py:841} WARNING - No viable dags retrieved from /opt/airflow/dags/utils/const.py
[2023-11-26T11:45:32.434+0000] {processor.py:179} INFO - Processing /opt/airflow/dags/utils/const.py took 0.014 seconds
[2023-11-26T11:46:05.243+0000] {processor.py:157} INFO - Started process (PID=31) to work on /opt/airflow/dags/utils/const.py
[2023-11-26T11:46:05.244+0000] {processor.py:829} INFO - Processing file /opt/airflow/dags/utils/const.py for tasks to queue
[2023-11-26T11:46:05.246+0000] {logging_mixin.py:151} INFO - [2023-11-26T11:46:05.246+0000] {dagbag.py:536} INFO - Filling up the DagBag from /opt/airflow/dags/utils/const.py
[2023-11-26T11:46:05.248+0000] {processor.py:841} WARNING - No viable dags retrieved from /opt/airflow/dags/utils/const.py
[2023-11-26T11:46:05.262+0000] {processor.py:179} INFO - Processing /opt/airflow/dags/utils/const.py took 0.022 seconds
