[2023-10-22T17:49:32.504+0000] {taskinstance.py:1159} INFO - Dependencies all met for dep_context=non-requeueable deps ti=<TaskInstance: update_dwh.hub_job_role_update manual__2023-10-22T17:49:27.702053+00:00 [queued]>
[2023-10-22T17:49:32.515+0000] {taskinstance.py:1159} INFO - Dependencies all met for dep_context=requeueable deps ti=<TaskInstance: update_dwh.hub_job_role_update manual__2023-10-22T17:49:27.702053+00:00 [queued]>
[2023-10-22T17:49:32.515+0000] {taskinstance.py:1361} INFO - Starting attempt 1 of 1
[2023-10-22T17:49:32.525+0000] {taskinstance.py:1382} INFO - Executing <Task(PostgresOperator): hub_job_role_update> on 2023-10-22 17:49:27.702053+00:00
[2023-10-22T17:49:32.532+0000] {standard_task_runner.py:57} INFO - Started process 1548 to run task
[2023-10-22T17:49:32.535+0000] {standard_task_runner.py:84} INFO - Running: ['***', 'tasks', 'run', 'update_dwh', 'hub_job_role_update', 'manual__2023-10-22T17:49:27.702053+00:00', '--job-id', '203', '--raw', '--subdir', 'DAGS_FOLDER/update_dwh_dag.py', '--cfg-path', '/tmp/tmp8qy4k9rb']
[2023-10-22T17:49:32.537+0000] {standard_task_runner.py:85} INFO - Job 203: Subtask hub_job_role_update
[2023-10-22T17:49:32.582+0000] {task_command.py:416} INFO - Running <TaskInstance: update_dwh.hub_job_role_update manual__2023-10-22T17:49:27.702053+00:00 [running]> on host 1f8bb8a692af
[2023-10-22T17:49:32.680+0000] {taskinstance.py:1662} INFO - Exporting env vars: AIRFLOW_CTX_DAG_OWNER='***' AIRFLOW_CTX_DAG_ID='update_dwh' AIRFLOW_CTX_TASK_ID='hub_job_role_update' AIRFLOW_CTX_EXECUTION_DATE='2023-10-22T17:49:27.702053+00:00' AIRFLOW_CTX_TRY_NUMBER='1' AIRFLOW_CTX_DAG_RUN_ID='manual__2023-10-22T17:49:27.702053+00:00'
[2023-10-22T17:49:32.684+0000] {sql.py:274} INFO - Executing: 
SELECT DISTINCT
    MD5(p.jobrole),
    now(),
    'csv',
    p.department
FROM 
    staging.stg_table p
WHERE p.jobrole NOT IN (
    SELECT hub.job_role_name FROM rdv.hub_job_role hub
)
[2023-10-22T17:49:32.695+0000] {base.py:73} INFO - Using connection ID 'stg_conn' for task execution.
[2023-10-22T17:49:32.698+0000] {warnings.py:109} WARNING - /home/***/.local/lib/python3.8/site-packages/***/models/connection.py:374: AirflowProviderDeprecationWarning: The "schema" arg has been renamed to "database" as it contained the database name.Please use "database" to set the database name.
  return hook_class(**{hook.connection_id_attribute_name: self.conn_id}, **hook_params)

[2023-10-22T17:49:32.706+0000] {base.py:73} INFO - Using connection ID 'stg_conn' for task execution.
[2023-10-22T17:49:32.776+0000] {sql.py:418} INFO - Running statement: 
SELECT DISTINCT
    MD5(p.jobrole),
    now(),
    'csv',
    p.department
FROM 
    staging.stg_table p
WHERE p.jobrole NOT IN (
    SELECT hub.job_role_name FROM rdv.hub_job_role hub
), parameters: None
[2023-10-22T17:49:32.801+0000] {sql.py:427} INFO - Rows affected: 11
[2023-10-22T17:49:32.829+0000] {taskinstance.py:1400} INFO - Marking task as SUCCESS. dag_id=update_dwh, task_id=hub_job_role_update, execution_date=20231022T174927, start_date=20231022T174932, end_date=20231022T174932
[2023-10-22T17:49:32.870+0000] {local_task_job_runner.py:228} INFO - Task exited with return code 0
[2023-10-22T17:49:32.887+0000] {taskinstance.py:2778} INFO - 0 downstream tasks scheduled from follow-on schedule check
