[2023-12-20T11:12:08.826+0000] {processor.py:157} INFO - Started process (PID=10741) to work on /home/airflow/.local/lib/python3.8/site-packages/airflow/example_dags/example_kubernetes_executor.py
[2023-12-20T11:12:08.826+0000] {processor.py:829} INFO - Processing file /home/airflow/.local/lib/python3.8/site-packages/airflow/example_dags/example_kubernetes_executor.py for tasks to queue
[2023-12-20T11:12:08.828+0000] {logging_mixin.py:151} INFO - [2023-12-20T11:12:08.828+0000] {dagbag.py:536} INFO - Filling up the DagBag from /home/airflow/.local/lib/python3.8/site-packages/airflow/example_dags/example_kubernetes_executor.py
[2023-12-20T11:12:08.840+0000] {processor.py:839} INFO - DAG(s) dict_keys(['example_kubernetes_executor']) retrieved from /home/airflow/.local/lib/python3.8/site-packages/airflow/example_dags/example_kubernetes_executor.py
[2023-12-20T11:12:08.870+0000] {logging_mixin.py:151} INFO - [2023-12-20T11:12:08.870+0000] {dag.py:2941} INFO - Sync 1 DAGs
[2023-12-20T11:12:08.880+0000] {logging_mixin.py:151} INFO - [2023-12-20T11:12:08.879+0000] {dag.py:3722} INFO - Setting next_dagrun for example_kubernetes_executor to None, run_after=None
[2023-12-20T11:12:08.894+0000] {processor.py:179} INFO - Processing /home/airflow/.local/lib/python3.8/site-packages/airflow/example_dags/example_kubernetes_executor.py took 0.071 seconds
[2023-12-20T11:12:39.080+0000] {processor.py:157} INFO - Started process (PID=10797) to work on /home/airflow/.local/lib/python3.8/site-packages/airflow/example_dags/example_kubernetes_executor.py
[2023-12-20T11:12:39.081+0000] {processor.py:829} INFO - Processing file /home/airflow/.local/lib/python3.8/site-packages/airflow/example_dags/example_kubernetes_executor.py for tasks to queue
[2023-12-20T11:12:39.083+0000] {logging_mixin.py:151} INFO - [2023-12-20T11:12:39.082+0000] {dagbag.py:536} INFO - Filling up the DagBag from /home/airflow/.local/lib/python3.8/site-packages/airflow/example_dags/example_kubernetes_executor.py
[2023-12-20T11:12:39.094+0000] {processor.py:839} INFO - DAG(s) dict_keys(['example_kubernetes_executor']) retrieved from /home/airflow/.local/lib/python3.8/site-packages/airflow/example_dags/example_kubernetes_executor.py
[2023-12-20T11:12:39.129+0000] {logging_mixin.py:151} INFO - [2023-12-20T11:12:39.129+0000] {dag.py:2941} INFO - Sync 1 DAGs
[2023-12-20T11:12:39.140+0000] {logging_mixin.py:151} INFO - [2023-12-20T11:12:39.139+0000] {dag.py:3722} INFO - Setting next_dagrun for example_kubernetes_executor to None, run_after=None
[2023-12-20T11:12:39.156+0000] {processor.py:179} INFO - Processing /home/airflow/.local/lib/python3.8/site-packages/airflow/example_dags/example_kubernetes_executor.py took 0.078 seconds
[2023-12-20T11:13:09.458+0000] {processor.py:157} INFO - Started process (PID=10854) to work on /home/airflow/.local/lib/python3.8/site-packages/airflow/example_dags/example_kubernetes_executor.py
[2023-12-20T11:13:09.459+0000] {processor.py:829} INFO - Processing file /home/airflow/.local/lib/python3.8/site-packages/airflow/example_dags/example_kubernetes_executor.py for tasks to queue
[2023-12-20T11:13:09.461+0000] {logging_mixin.py:151} INFO - [2023-12-20T11:13:09.461+0000] {dagbag.py:536} INFO - Filling up the DagBag from /home/airflow/.local/lib/python3.8/site-packages/airflow/example_dags/example_kubernetes_executor.py
[2023-12-20T11:13:09.496+0000] {processor.py:839} INFO - DAG(s) dict_keys(['example_kubernetes_executor']) retrieved from /home/airflow/.local/lib/python3.8/site-packages/airflow/example_dags/example_kubernetes_executor.py
[2023-12-20T11:13:09.563+0000] {logging_mixin.py:151} INFO - [2023-12-20T11:13:09.563+0000] {dag.py:2941} INFO - Sync 1 DAGs
[2023-12-20T11:13:09.582+0000] {logging_mixin.py:151} INFO - [2023-12-20T11:13:09.582+0000] {dag.py:3722} INFO - Setting next_dagrun for example_kubernetes_executor to None, run_after=None
[2023-12-20T11:13:09.619+0000] {processor.py:179} INFO - Processing /home/airflow/.local/lib/python3.8/site-packages/airflow/example_dags/example_kubernetes_executor.py took 0.165 seconds
[2023-12-20T11:13:39.942+0000] {processor.py:157} INFO - Started process (PID=10911) to work on /home/airflow/.local/lib/python3.8/site-packages/airflow/example_dags/example_kubernetes_executor.py
[2023-12-20T11:13:39.942+0000] {processor.py:829} INFO - Processing file /home/airflow/.local/lib/python3.8/site-packages/airflow/example_dags/example_kubernetes_executor.py for tasks to queue
[2023-12-20T11:13:39.944+0000] {logging_mixin.py:151} INFO - [2023-12-20T11:13:39.944+0000] {dagbag.py:536} INFO - Filling up the DagBag from /home/airflow/.local/lib/python3.8/site-packages/airflow/example_dags/example_kubernetes_executor.py
[2023-12-20T11:13:39.953+0000] {processor.py:839} INFO - DAG(s) dict_keys(['example_kubernetes_executor']) retrieved from /home/airflow/.local/lib/python3.8/site-packages/airflow/example_dags/example_kubernetes_executor.py
[2023-12-20T11:13:39.981+0000] {logging_mixin.py:151} INFO - [2023-12-20T11:13:39.981+0000] {dag.py:2941} INFO - Sync 1 DAGs
[2023-12-20T11:13:39.991+0000] {logging_mixin.py:151} INFO - [2023-12-20T11:13:39.991+0000] {dag.py:3722} INFO - Setting next_dagrun for example_kubernetes_executor to None, run_after=None
[2023-12-20T11:13:40.008+0000] {processor.py:179} INFO - Processing /home/airflow/.local/lib/python3.8/site-packages/airflow/example_dags/example_kubernetes_executor.py took 0.068 seconds
