[2023-12-20T11:12:06.740+0000] {processor.py:157} INFO - Started process (PID=10705) to work on /home/airflow/.local/lib/python3.8/site-packages/airflow/example_dags/example_branch_labels.py
[2023-12-20T11:12:06.741+0000] {processor.py:829} INFO - Processing file /home/airflow/.local/lib/python3.8/site-packages/airflow/example_dags/example_branch_labels.py for tasks to queue
[2023-12-20T11:12:06.744+0000] {logging_mixin.py:151} INFO - [2023-12-20T11:12:06.744+0000] {dagbag.py:536} INFO - Filling up the DagBag from /home/airflow/.local/lib/python3.8/site-packages/airflow/example_dags/example_branch_labels.py
[2023-12-20T11:12:06.761+0000] {processor.py:839} INFO - DAG(s) dict_keys(['example_branch_labels']) retrieved from /home/airflow/.local/lib/python3.8/site-packages/airflow/example_dags/example_branch_labels.py
[2023-12-20T11:12:06.785+0000] {logging_mixin.py:151} INFO - [2023-12-20T11:12:06.784+0000] {dag.py:2941} INFO - Sync 1 DAGs
[2023-12-20T11:12:06.814+0000] {logging_mixin.py:151} INFO - [2023-12-20T11:12:06.812+0000] {dag.py:3722} INFO - Setting next_dagrun for example_branch_labels to 2023-12-19T00:00:00+00:00, run_after=2023-12-20T00:00:00+00:00
[2023-12-20T11:12:06.839+0000] {processor.py:179} INFO - Processing /home/airflow/.local/lib/python3.8/site-packages/airflow/example_dags/example_branch_labels.py took 0.102 seconds
[2023-12-20T11:12:37.718+0000] {processor.py:157} INFO - Started process (PID=10762) to work on /home/airflow/.local/lib/python3.8/site-packages/airflow/example_dags/example_branch_labels.py
[2023-12-20T11:12:37.718+0000] {processor.py:829} INFO - Processing file /home/airflow/.local/lib/python3.8/site-packages/airflow/example_dags/example_branch_labels.py for tasks to queue
[2023-12-20T11:12:37.720+0000] {logging_mixin.py:151} INFO - [2023-12-20T11:12:37.720+0000] {dagbag.py:536} INFO - Filling up the DagBag from /home/airflow/.local/lib/python3.8/site-packages/airflow/example_dags/example_branch_labels.py
[2023-12-20T11:12:37.724+0000] {processor.py:839} INFO - DAG(s) dict_keys(['example_branch_labels']) retrieved from /home/airflow/.local/lib/python3.8/site-packages/airflow/example_dags/example_branch_labels.py
[2023-12-20T11:12:37.740+0000] {logging_mixin.py:151} INFO - [2023-12-20T11:12:37.740+0000] {dag.py:2941} INFO - Sync 1 DAGs
[2023-12-20T11:12:37.756+0000] {logging_mixin.py:151} INFO - [2023-12-20T11:12:37.756+0000] {dag.py:3722} INFO - Setting next_dagrun for example_branch_labels to 2023-12-19T00:00:00+00:00, run_after=2023-12-20T00:00:00+00:00
[2023-12-20T11:12:37.768+0000] {processor.py:179} INFO - Processing /home/airflow/.local/lib/python3.8/site-packages/airflow/example_dags/example_branch_labels.py took 0.053 seconds
[2023-12-20T11:13:07.959+0000] {processor.py:157} INFO - Started process (PID=10818) to work on /home/airflow/.local/lib/python3.8/site-packages/airflow/example_dags/example_branch_labels.py
[2023-12-20T11:13:07.959+0000] {processor.py:829} INFO - Processing file /home/airflow/.local/lib/python3.8/site-packages/airflow/example_dags/example_branch_labels.py for tasks to queue
[2023-12-20T11:13:07.960+0000] {logging_mixin.py:151} INFO - [2023-12-20T11:13:07.960+0000] {dagbag.py:536} INFO - Filling up the DagBag from /home/airflow/.local/lib/python3.8/site-packages/airflow/example_dags/example_branch_labels.py
[2023-12-20T11:13:07.967+0000] {processor.py:839} INFO - DAG(s) dict_keys(['example_branch_labels']) retrieved from /home/airflow/.local/lib/python3.8/site-packages/airflow/example_dags/example_branch_labels.py
[2023-12-20T11:13:07.985+0000] {logging_mixin.py:151} INFO - [2023-12-20T11:13:07.985+0000] {dag.py:2941} INFO - Sync 1 DAGs
[2023-12-20T11:13:08.001+0000] {logging_mixin.py:151} INFO - [2023-12-20T11:13:08.001+0000] {dag.py:3722} INFO - Setting next_dagrun for example_branch_labels to 2023-12-19T00:00:00+00:00, run_after=2023-12-20T00:00:00+00:00
[2023-12-20T11:13:08.018+0000] {processor.py:179} INFO - Processing /home/airflow/.local/lib/python3.8/site-packages/airflow/example_dags/example_branch_labels.py took 0.061 seconds
[2023-12-20T11:13:38.679+0000] {processor.py:157} INFO - Started process (PID=10875) to work on /home/airflow/.local/lib/python3.8/site-packages/airflow/example_dags/example_branch_labels.py
[2023-12-20T11:13:38.679+0000] {processor.py:829} INFO - Processing file /home/airflow/.local/lib/python3.8/site-packages/airflow/example_dags/example_branch_labels.py for tasks to queue
[2023-12-20T11:13:38.680+0000] {logging_mixin.py:151} INFO - [2023-12-20T11:13:38.680+0000] {dagbag.py:536} INFO - Filling up the DagBag from /home/airflow/.local/lib/python3.8/site-packages/airflow/example_dags/example_branch_labels.py
[2023-12-20T11:13:38.685+0000] {processor.py:839} INFO - DAG(s) dict_keys(['example_branch_labels']) retrieved from /home/airflow/.local/lib/python3.8/site-packages/airflow/example_dags/example_branch_labels.py
[2023-12-20T11:13:38.700+0000] {logging_mixin.py:151} INFO - [2023-12-20T11:13:38.700+0000] {dag.py:2941} INFO - Sync 1 DAGs
[2023-12-20T11:13:38.727+0000] {logging_mixin.py:151} INFO - [2023-12-20T11:13:38.727+0000] {dag.py:3722} INFO - Setting next_dagrun for example_branch_labels to 2023-12-19T00:00:00+00:00, run_after=2023-12-20T00:00:00+00:00
[2023-12-20T11:13:38.747+0000] {processor.py:179} INFO - Processing /home/airflow/.local/lib/python3.8/site-packages/airflow/example_dags/example_branch_labels.py took 0.071 seconds
[2023-12-20T11:14:08.786+0000] {processor.py:157} INFO - Started process (PID=10932) to work on /home/airflow/.local/lib/python3.8/site-packages/airflow/example_dags/example_branch_labels.py
[2023-12-20T11:14:08.787+0000] {processor.py:829} INFO - Processing file /home/airflow/.local/lib/python3.8/site-packages/airflow/example_dags/example_branch_labels.py for tasks to queue
[2023-12-20T11:14:08.789+0000] {logging_mixin.py:151} INFO - [2023-12-20T11:14:08.788+0000] {dagbag.py:536} INFO - Filling up the DagBag from /home/airflow/.local/lib/python3.8/site-packages/airflow/example_dags/example_branch_labels.py
[2023-12-20T11:14:08.795+0000] {processor.py:839} INFO - DAG(s) dict_keys(['example_branch_labels']) retrieved from /home/airflow/.local/lib/python3.8/site-packages/airflow/example_dags/example_branch_labels.py
[2023-12-20T11:14:08.815+0000] {logging_mixin.py:151} INFO - [2023-12-20T11:14:08.815+0000] {dag.py:2941} INFO - Sync 1 DAGs
[2023-12-20T11:14:08.832+0000] {logging_mixin.py:151} INFO - [2023-12-20T11:14:08.832+0000] {dag.py:3722} INFO - Setting next_dagrun for example_branch_labels to 2023-12-19T00:00:00+00:00, run_after=2023-12-20T00:00:00+00:00
[2023-12-20T11:14:08.846+0000] {processor.py:179} INFO - Processing /home/airflow/.local/lib/python3.8/site-packages/airflow/example_dags/example_branch_labels.py took 0.062 seconds
