[2023-12-20T11:12:08.157+0000] {processor.py:157} INFO - Started process (PID=10721) to work on /home/airflow/.local/lib/python3.8/site-packages/airflow/example_dags/example_xcomargs.py
[2023-12-20T11:12:08.158+0000] {processor.py:829} INFO - Processing file /home/airflow/.local/lib/python3.8/site-packages/airflow/example_dags/example_xcomargs.py for tasks to queue
[2023-12-20T11:12:08.160+0000] {logging_mixin.py:151} INFO - [2023-12-20T11:12:08.159+0000] {dagbag.py:536} INFO - Filling up the DagBag from /home/airflow/.local/lib/python3.8/site-packages/airflow/example_dags/example_xcomargs.py
[2023-12-20T11:12:08.176+0000] {processor.py:839} INFO - DAG(s) dict_keys(['example_xcom_args_with_operators', 'example_xcom_args']) retrieved from /home/airflow/.local/lib/python3.8/site-packages/airflow/example_dags/example_xcomargs.py
[2023-12-20T11:12:08.222+0000] {logging_mixin.py:151} INFO - [2023-12-20T11:12:08.221+0000] {dag.py:2941} INFO - Sync 2 DAGs
[2023-12-20T11:12:08.246+0000] {logging_mixin.py:151} INFO - [2023-12-20T11:12:08.245+0000] {dag.py:3722} INFO - Setting next_dagrun for example_xcom_args to None, run_after=None
[2023-12-20T11:12:08.255+0000] {logging_mixin.py:151} INFO - [2023-12-20T11:12:08.254+0000] {dag.py:3722} INFO - Setting next_dagrun for example_xcom_args_with_operators to None, run_after=None
[2023-12-20T11:12:08.272+0000] {processor.py:179} INFO - Processing /home/airflow/.local/lib/python3.8/site-packages/airflow/example_dags/example_xcomargs.py took 0.119 seconds
[2023-12-20T11:12:38.547+0000] {processor.py:157} INFO - Started process (PID=10778) to work on /home/airflow/.local/lib/python3.8/site-packages/airflow/example_dags/example_xcomargs.py
[2023-12-20T11:12:38.547+0000] {processor.py:829} INFO - Processing file /home/airflow/.local/lib/python3.8/site-packages/airflow/example_dags/example_xcomargs.py for tasks to queue
[2023-12-20T11:12:38.550+0000] {logging_mixin.py:151} INFO - [2023-12-20T11:12:38.550+0000] {dagbag.py:536} INFO - Filling up the DagBag from /home/airflow/.local/lib/python3.8/site-packages/airflow/example_dags/example_xcomargs.py
[2023-12-20T11:12:38.567+0000] {processor.py:839} INFO - DAG(s) dict_keys(['example_xcom_args_with_operators', 'example_xcom_args']) retrieved from /home/airflow/.local/lib/python3.8/site-packages/airflow/example_dags/example_xcomargs.py
[2023-12-20T11:12:38.602+0000] {logging_mixin.py:151} INFO - [2023-12-20T11:12:38.602+0000] {dag.py:2941} INFO - Sync 2 DAGs
[2023-12-20T11:12:38.618+0000] {logging_mixin.py:151} INFO - [2023-12-20T11:12:38.618+0000] {dag.py:3722} INFO - Setting next_dagrun for example_xcom_args to None, run_after=None
[2023-12-20T11:12:38.622+0000] {logging_mixin.py:151} INFO - [2023-12-20T11:12:38.622+0000] {dag.py:3722} INFO - Setting next_dagrun for example_xcom_args_with_operators to None, run_after=None
[2023-12-20T11:12:38.641+0000] {processor.py:179} INFO - Processing /home/airflow/.local/lib/python3.8/site-packages/airflow/example_dags/example_xcomargs.py took 0.097 seconds
[2023-12-20T11:13:08.810+0000] {processor.py:157} INFO - Started process (PID=10841) to work on /home/airflow/.local/lib/python3.8/site-packages/airflow/example_dags/example_xcomargs.py
[2023-12-20T11:13:08.811+0000] {processor.py:829} INFO - Processing file /home/airflow/.local/lib/python3.8/site-packages/airflow/example_dags/example_xcomargs.py for tasks to queue
[2023-12-20T11:13:08.812+0000] {logging_mixin.py:151} INFO - [2023-12-20T11:13:08.812+0000] {dagbag.py:536} INFO - Filling up the DagBag from /home/airflow/.local/lib/python3.8/site-packages/airflow/example_dags/example_xcomargs.py
[2023-12-20T11:13:08.817+0000] {processor.py:839} INFO - DAG(s) dict_keys(['example_xcom_args_with_operators', 'example_xcom_args']) retrieved from /home/airflow/.local/lib/python3.8/site-packages/airflow/example_dags/example_xcomargs.py
[2023-12-20T11:13:08.839+0000] {logging_mixin.py:151} INFO - [2023-12-20T11:13:08.839+0000] {dag.py:2941} INFO - Sync 2 DAGs
[2023-12-20T11:13:08.850+0000] {logging_mixin.py:151} INFO - [2023-12-20T11:13:08.850+0000] {dag.py:3722} INFO - Setting next_dagrun for example_xcom_args to None, run_after=None
[2023-12-20T11:13:08.855+0000] {logging_mixin.py:151} INFO - [2023-12-20T11:13:08.855+0000] {dag.py:3722} INFO - Setting next_dagrun for example_xcom_args_with_operators to None, run_after=None
[2023-12-20T11:13:08.869+0000] {processor.py:179} INFO - Processing /home/airflow/.local/lib/python3.8/site-packages/airflow/example_dags/example_xcomargs.py took 0.061 seconds
[2023-12-20T11:13:39.444+0000] {processor.py:157} INFO - Started process (PID=10898) to work on /home/airflow/.local/lib/python3.8/site-packages/airflow/example_dags/example_xcomargs.py
[2023-12-20T11:13:39.445+0000] {processor.py:829} INFO - Processing file /home/airflow/.local/lib/python3.8/site-packages/airflow/example_dags/example_xcomargs.py for tasks to queue
[2023-12-20T11:13:39.446+0000] {logging_mixin.py:151} INFO - [2023-12-20T11:13:39.446+0000] {dagbag.py:536} INFO - Filling up the DagBag from /home/airflow/.local/lib/python3.8/site-packages/airflow/example_dags/example_xcomargs.py
[2023-12-20T11:13:39.452+0000] {processor.py:839} INFO - DAG(s) dict_keys(['example_xcom_args', 'example_xcom_args_with_operators']) retrieved from /home/airflow/.local/lib/python3.8/site-packages/airflow/example_dags/example_xcomargs.py
[2023-12-20T11:13:39.475+0000] {logging_mixin.py:151} INFO - [2023-12-20T11:13:39.475+0000] {dag.py:2941} INFO - Sync 2 DAGs
[2023-12-20T11:13:39.488+0000] {logging_mixin.py:151} INFO - [2023-12-20T11:13:39.488+0000] {dag.py:3722} INFO - Setting next_dagrun for example_xcom_args to None, run_after=None
[2023-12-20T11:13:39.491+0000] {logging_mixin.py:151} INFO - [2023-12-20T11:13:39.491+0000] {dag.py:3722} INFO - Setting next_dagrun for example_xcom_args_with_operators to None, run_after=None
[2023-12-20T11:13:39.503+0000] {processor.py:179} INFO - Processing /home/airflow/.local/lib/python3.8/site-packages/airflow/example_dags/example_xcomargs.py took 0.062 seconds
