[2023-12-20T11:12:08.859+0000] {processor.py:157} INFO - Started process (PID=10742) to work on /home/airflow/.local/lib/python3.8/site-packages/airflow/example_dags/example_branch_python_dop_operator_3.py
[2023-12-20T11:12:08.860+0000] {processor.py:829} INFO - Processing file /home/airflow/.local/lib/python3.8/site-packages/airflow/example_dags/example_branch_python_dop_operator_3.py for tasks to queue
[2023-12-20T11:12:08.861+0000] {logging_mixin.py:151} INFO - [2023-12-20T11:12:08.861+0000] {dagbag.py:536} INFO - Filling up the DagBag from /home/airflow/.local/lib/python3.8/site-packages/airflow/example_dags/example_branch_python_dop_operator_3.py
[2023-12-20T11:12:08.869+0000] {processor.py:839} INFO - DAG(s) dict_keys(['example_branch_dop_operator_v3']) retrieved from /home/airflow/.local/lib/python3.8/site-packages/airflow/example_dags/example_branch_python_dop_operator_3.py
[2023-12-20T11:12:08.886+0000] {logging_mixin.py:151} INFO - [2023-12-20T11:12:08.886+0000] {dag.py:2941} INFO - Sync 1 DAGs
[2023-12-20T11:12:08.913+0000] {logging_mixin.py:151} INFO - [2023-12-20T11:12:08.913+0000] {dag.py:3722} INFO - Setting next_dagrun for example_branch_dop_operator_v3 to 2023-12-20T11:11:00+00:00, run_after=2023-12-20T11:12:00+00:00
[2023-12-20T11:12:08.928+0000] {processor.py:179} INFO - Processing /home/airflow/.local/lib/python3.8/site-packages/airflow/example_dags/example_branch_python_dop_operator_3.py took 0.071 seconds
[2023-12-20T11:12:39.156+0000] {processor.py:157} INFO - Started process (PID=10798) to work on /home/airflow/.local/lib/python3.8/site-packages/airflow/example_dags/example_branch_python_dop_operator_3.py
[2023-12-20T11:12:39.156+0000] {processor.py:829} INFO - Processing file /home/airflow/.local/lib/python3.8/site-packages/airflow/example_dags/example_branch_python_dop_operator_3.py for tasks to queue
[2023-12-20T11:12:39.158+0000] {logging_mixin.py:151} INFO - [2023-12-20T11:12:39.158+0000] {dagbag.py:536} INFO - Filling up the DagBag from /home/airflow/.local/lib/python3.8/site-packages/airflow/example_dags/example_branch_python_dop_operator_3.py
[2023-12-20T11:12:39.165+0000] {processor.py:839} INFO - DAG(s) dict_keys(['example_branch_dop_operator_v3']) retrieved from /home/airflow/.local/lib/python3.8/site-packages/airflow/example_dags/example_branch_python_dop_operator_3.py
[2023-12-20T11:12:39.182+0000] {logging_mixin.py:151} INFO - [2023-12-20T11:12:39.182+0000] {dag.py:2941} INFO - Sync 1 DAGs
[2023-12-20T11:12:39.205+0000] {logging_mixin.py:151} INFO - [2023-12-20T11:12:39.205+0000] {dag.py:3722} INFO - Setting next_dagrun for example_branch_dop_operator_v3 to 2023-12-20T11:11:00+00:00, run_after=2023-12-20T11:12:00+00:00
[2023-12-20T11:12:39.222+0000] {processor.py:179} INFO - Processing /home/airflow/.local/lib/python3.8/site-packages/airflow/example_dags/example_branch_python_dop_operator_3.py took 0.069 seconds
[2023-12-20T11:13:09.563+0000] {processor.py:157} INFO - Started process (PID=10855) to work on /home/airflow/.local/lib/python3.8/site-packages/airflow/example_dags/example_branch_python_dop_operator_3.py
[2023-12-20T11:13:09.567+0000] {processor.py:829} INFO - Processing file /home/airflow/.local/lib/python3.8/site-packages/airflow/example_dags/example_branch_python_dop_operator_3.py for tasks to queue
[2023-12-20T11:13:09.569+0000] {logging_mixin.py:151} INFO - [2023-12-20T11:13:09.569+0000] {dagbag.py:536} INFO - Filling up the DagBag from /home/airflow/.local/lib/python3.8/site-packages/airflow/example_dags/example_branch_python_dop_operator_3.py
[2023-12-20T11:13:09.580+0000] {processor.py:839} INFO - DAG(s) dict_keys(['example_branch_dop_operator_v3']) retrieved from /home/airflow/.local/lib/python3.8/site-packages/airflow/example_dags/example_branch_python_dop_operator_3.py
[2023-12-20T11:13:09.618+0000] {logging_mixin.py:151} INFO - [2023-12-20T11:13:09.618+0000] {dag.py:2941} INFO - Sync 1 DAGs
[2023-12-20T11:13:09.664+0000] {logging_mixin.py:151} INFO - [2023-12-20T11:13:09.664+0000] {dag.py:3722} INFO - Setting next_dagrun for example_branch_dop_operator_v3 to 2023-12-20T11:12:00+00:00, run_after=2023-12-20T11:13:00+00:00
[2023-12-20T11:13:09.683+0000] {processor.py:179} INFO - Processing /home/airflow/.local/lib/python3.8/site-packages/airflow/example_dags/example_branch_python_dop_operator_3.py took 0.124 seconds
[2023-12-20T11:13:39.990+0000] {processor.py:157} INFO - Started process (PID=10912) to work on /home/airflow/.local/lib/python3.8/site-packages/airflow/example_dags/example_branch_python_dop_operator_3.py
[2023-12-20T11:13:39.991+0000] {processor.py:829} INFO - Processing file /home/airflow/.local/lib/python3.8/site-packages/airflow/example_dags/example_branch_python_dop_operator_3.py for tasks to queue
[2023-12-20T11:13:39.992+0000] {logging_mixin.py:151} INFO - [2023-12-20T11:13:39.992+0000] {dagbag.py:536} INFO - Filling up the DagBag from /home/airflow/.local/lib/python3.8/site-packages/airflow/example_dags/example_branch_python_dop_operator_3.py
[2023-12-20T11:13:40.000+0000] {processor.py:839} INFO - DAG(s) dict_keys(['example_branch_dop_operator_v3']) retrieved from /home/airflow/.local/lib/python3.8/site-packages/airflow/example_dags/example_branch_python_dop_operator_3.py
[2023-12-20T11:13:40.017+0000] {logging_mixin.py:151} INFO - [2023-12-20T11:13:40.017+0000] {dag.py:2941} INFO - Sync 1 DAGs
[2023-12-20T11:13:40.036+0000] {logging_mixin.py:151} INFO - [2023-12-20T11:13:40.036+0000] {dag.py:3722} INFO - Setting next_dagrun for example_branch_dop_operator_v3 to 2023-12-20T11:12:00+00:00, run_after=2023-12-20T11:13:00+00:00
[2023-12-20T11:13:40.050+0000] {processor.py:179} INFO - Processing /home/airflow/.local/lib/python3.8/site-packages/airflow/example_dags/example_branch_python_dop_operator_3.py took 0.063 seconds
