[2023-12-20T11:12:08.045+0000] {processor.py:157} INFO - Started process (PID=10718) to work on /home/airflow/.local/lib/python3.8/site-packages/airflow/example_dags/example_skip_dag.py
[2023-12-20T11:12:08.045+0000] {processor.py:829} INFO - Processing file /home/airflow/.local/lib/python3.8/site-packages/airflow/example_dags/example_skip_dag.py for tasks to queue
[2023-12-20T11:12:08.046+0000] {logging_mixin.py:151} INFO - [2023-12-20T11:12:08.046+0000] {dagbag.py:536} INFO - Filling up the DagBag from /home/airflow/.local/lib/python3.8/site-packages/airflow/example_dags/example_skip_dag.py
[2023-12-20T11:12:08.052+0000] {processor.py:839} INFO - DAG(s) dict_keys(['example_skip_dag']) retrieved from /home/airflow/.local/lib/python3.8/site-packages/airflow/example_dags/example_skip_dag.py
[2023-12-20T11:12:08.072+0000] {logging_mixin.py:151} INFO - [2023-12-20T11:12:08.072+0000] {dag.py:2941} INFO - Sync 1 DAGs
[2023-12-20T11:12:08.094+0000] {logging_mixin.py:151} INFO - [2023-12-20T11:12:08.094+0000] {dag.py:3722} INFO - Setting next_dagrun for example_skip_dag to 2023-12-19T11:12:08.094443+00:00, run_after=2023-12-20T11:12:08.094443+00:00
[2023-12-20T11:12:08.112+0000] {processor.py:179} INFO - Processing /home/airflow/.local/lib/python3.8/site-packages/airflow/example_dags/example_skip_dag.py took 0.069 seconds
[2023-12-20T11:12:38.364+0000] {processor.py:157} INFO - Started process (PID=10775) to work on /home/airflow/.local/lib/python3.8/site-packages/airflow/example_dags/example_skip_dag.py
[2023-12-20T11:12:38.366+0000] {processor.py:829} INFO - Processing file /home/airflow/.local/lib/python3.8/site-packages/airflow/example_dags/example_skip_dag.py for tasks to queue
[2023-12-20T11:12:38.368+0000] {logging_mixin.py:151} INFO - [2023-12-20T11:12:38.368+0000] {dagbag.py:536} INFO - Filling up the DagBag from /home/airflow/.local/lib/python3.8/site-packages/airflow/example_dags/example_skip_dag.py
[2023-12-20T11:12:38.375+0000] {processor.py:839} INFO - DAG(s) dict_keys(['example_skip_dag']) retrieved from /home/airflow/.local/lib/python3.8/site-packages/airflow/example_dags/example_skip_dag.py
[2023-12-20T11:12:38.401+0000] {logging_mixin.py:151} INFO - [2023-12-20T11:12:38.401+0000] {dag.py:2941} INFO - Sync 1 DAGs
[2023-12-20T11:12:38.433+0000] {logging_mixin.py:151} INFO - [2023-12-20T11:12:38.433+0000] {dag.py:3722} INFO - Setting next_dagrun for example_skip_dag to 2023-12-19T11:12:38.433032+00:00, run_after=2023-12-20T11:12:38.433032+00:00
[2023-12-20T11:12:38.459+0000] {processor.py:179} INFO - Processing /home/airflow/.local/lib/python3.8/site-packages/airflow/example_dags/example_skip_dag.py took 0.100 seconds
[2023-12-20T11:13:08.693+0000] {processor.py:157} INFO - Started process (PID=10838) to work on /home/airflow/.local/lib/python3.8/site-packages/airflow/example_dags/example_skip_dag.py
[2023-12-20T11:13:08.694+0000] {processor.py:829} INFO - Processing file /home/airflow/.local/lib/python3.8/site-packages/airflow/example_dags/example_skip_dag.py for tasks to queue
[2023-12-20T11:13:08.696+0000] {logging_mixin.py:151} INFO - [2023-12-20T11:13:08.696+0000] {dagbag.py:536} INFO - Filling up the DagBag from /home/airflow/.local/lib/python3.8/site-packages/airflow/example_dags/example_skip_dag.py
[2023-12-20T11:13:08.701+0000] {processor.py:839} INFO - DAG(s) dict_keys(['example_skip_dag']) retrieved from /home/airflow/.local/lib/python3.8/site-packages/airflow/example_dags/example_skip_dag.py
[2023-12-20T11:13:08.719+0000] {logging_mixin.py:151} INFO - [2023-12-20T11:13:08.718+0000] {dag.py:2941} INFO - Sync 1 DAGs
[2023-12-20T11:13:08.741+0000] {logging_mixin.py:151} INFO - [2023-12-20T11:13:08.741+0000] {dag.py:3722} INFO - Setting next_dagrun for example_skip_dag to 2023-12-19T11:13:08.740431+00:00, run_after=2023-12-20T11:13:08.740431+00:00
[2023-12-20T11:13:08.761+0000] {processor.py:179} INFO - Processing /home/airflow/.local/lib/python3.8/site-packages/airflow/example_dags/example_skip_dag.py took 0.071 seconds
[2023-12-20T11:13:39.335+0000] {processor.py:157} INFO - Started process (PID=10895) to work on /home/airflow/.local/lib/python3.8/site-packages/airflow/example_dags/example_skip_dag.py
[2023-12-20T11:13:39.336+0000] {processor.py:829} INFO - Processing file /home/airflow/.local/lib/python3.8/site-packages/airflow/example_dags/example_skip_dag.py for tasks to queue
[2023-12-20T11:13:39.338+0000] {logging_mixin.py:151} INFO - [2023-12-20T11:13:39.338+0000] {dagbag.py:536} INFO - Filling up the DagBag from /home/airflow/.local/lib/python3.8/site-packages/airflow/example_dags/example_skip_dag.py
[2023-12-20T11:13:39.342+0000] {processor.py:839} INFO - DAG(s) dict_keys(['example_skip_dag']) retrieved from /home/airflow/.local/lib/python3.8/site-packages/airflow/example_dags/example_skip_dag.py
[2023-12-20T11:13:39.357+0000] {logging_mixin.py:151} INFO - [2023-12-20T11:13:39.357+0000] {dag.py:2941} INFO - Sync 1 DAGs
[2023-12-20T11:13:39.378+0000] {logging_mixin.py:151} INFO - [2023-12-20T11:13:39.377+0000] {dag.py:3722} INFO - Setting next_dagrun for example_skip_dag to 2023-12-19T11:13:39.377582+00:00, run_after=2023-12-20T11:13:39.377582+00:00
[2023-12-20T11:13:39.392+0000] {processor.py:179} INFO - Processing /home/airflow/.local/lib/python3.8/site-packages/airflow/example_dags/example_skip_dag.py took 0.058 seconds
