[2023-12-20T11:12:07.896+0000] {processor.py:157} INFO - Started process (PID=10716) to work on /home/airflow/.local/lib/python3.8/site-packages/airflow/example_dags/example_setup_teardown.py
[2023-12-20T11:12:07.896+0000] {processor.py:829} INFO - Processing file /home/airflow/.local/lib/python3.8/site-packages/airflow/example_dags/example_setup_teardown.py for tasks to queue
[2023-12-20T11:12:07.898+0000] {logging_mixin.py:151} INFO - [2023-12-20T11:12:07.898+0000] {dagbag.py:536} INFO - Filling up the DagBag from /home/airflow/.local/lib/python3.8/site-packages/airflow/example_dags/example_setup_teardown.py
[2023-12-20T11:12:07.904+0000] {processor.py:839} INFO - DAG(s) dict_keys(['example_setup_teardown']) retrieved from /home/airflow/.local/lib/python3.8/site-packages/airflow/example_dags/example_setup_teardown.py
[2023-12-20T11:12:07.924+0000] {logging_mixin.py:151} INFO - [2023-12-20T11:12:07.924+0000] {dag.py:2941} INFO - Sync 1 DAGs
[2023-12-20T11:12:07.948+0000] {logging_mixin.py:151} INFO - [2023-12-20T11:12:07.948+0000] {dag.py:3722} INFO - Setting next_dagrun for example_setup_teardown to 2023-12-19T11:12:07.948053+00:00, run_after=2023-12-20T11:12:07.948053+00:00
[2023-12-20T11:12:07.962+0000] {processor.py:179} INFO - Processing /home/airflow/.local/lib/python3.8/site-packages/airflow/example_dags/example_setup_teardown.py took 0.069 seconds
[2023-12-20T11:12:38.206+0000] {processor.py:157} INFO - Started process (PID=10773) to work on /home/airflow/.local/lib/python3.8/site-packages/airflow/example_dags/example_setup_teardown.py
[2023-12-20T11:12:38.207+0000] {processor.py:829} INFO - Processing file /home/airflow/.local/lib/python3.8/site-packages/airflow/example_dags/example_setup_teardown.py for tasks to queue
[2023-12-20T11:12:38.209+0000] {logging_mixin.py:151} INFO - [2023-12-20T11:12:38.209+0000] {dagbag.py:536} INFO - Filling up the DagBag from /home/airflow/.local/lib/python3.8/site-packages/airflow/example_dags/example_setup_teardown.py
[2023-12-20T11:12:38.216+0000] {processor.py:839} INFO - DAG(s) dict_keys(['example_setup_teardown']) retrieved from /home/airflow/.local/lib/python3.8/site-packages/airflow/example_dags/example_setup_teardown.py
[2023-12-20T11:12:38.234+0000] {logging_mixin.py:151} INFO - [2023-12-20T11:12:38.234+0000] {dag.py:2941} INFO - Sync 1 DAGs
[2023-12-20T11:12:38.258+0000] {logging_mixin.py:151} INFO - [2023-12-20T11:12:38.258+0000] {dag.py:3722} INFO - Setting next_dagrun for example_setup_teardown to 2023-12-19T11:12:38.258277+00:00, run_after=2023-12-20T11:12:38.258277+00:00
[2023-12-20T11:12:38.280+0000] {processor.py:179} INFO - Processing /home/airflow/.local/lib/python3.8/site-packages/airflow/example_dags/example_setup_teardown.py took 0.077 seconds
[2023-12-20T11:13:08.585+0000] {processor.py:157} INFO - Started process (PID=10829) to work on /home/airflow/.local/lib/python3.8/site-packages/airflow/example_dags/example_setup_teardown.py
[2023-12-20T11:13:08.586+0000] {processor.py:829} INFO - Processing file /home/airflow/.local/lib/python3.8/site-packages/airflow/example_dags/example_setup_teardown.py for tasks to queue
[2023-12-20T11:13:08.587+0000] {logging_mixin.py:151} INFO - [2023-12-20T11:13:08.587+0000] {dagbag.py:536} INFO - Filling up the DagBag from /home/airflow/.local/lib/python3.8/site-packages/airflow/example_dags/example_setup_teardown.py
[2023-12-20T11:13:08.593+0000] {processor.py:839} INFO - DAG(s) dict_keys(['example_setup_teardown']) retrieved from /home/airflow/.local/lib/python3.8/site-packages/airflow/example_dags/example_setup_teardown.py
[2023-12-20T11:13:08.609+0000] {logging_mixin.py:151} INFO - [2023-12-20T11:13:08.609+0000] {dag.py:2941} INFO - Sync 1 DAGs
[2023-12-20T11:13:08.634+0000] {logging_mixin.py:151} INFO - [2023-12-20T11:13:08.634+0000] {dag.py:3722} INFO - Setting next_dagrun for example_setup_teardown to 2023-12-19T11:13:08.634485+00:00, run_after=2023-12-20T11:13:08.634485+00:00
[2023-12-20T11:13:08.666+0000] {processor.py:179} INFO - Processing /home/airflow/.local/lib/python3.8/site-packages/airflow/example_dags/example_setup_teardown.py took 0.084 seconds
[2023-12-20T11:13:39.265+0000] {processor.py:157} INFO - Started process (PID=10893) to work on /home/airflow/.local/lib/python3.8/site-packages/airflow/example_dags/example_setup_teardown.py
[2023-12-20T11:13:39.266+0000] {processor.py:829} INFO - Processing file /home/airflow/.local/lib/python3.8/site-packages/airflow/example_dags/example_setup_teardown.py for tasks to queue
[2023-12-20T11:13:39.267+0000] {logging_mixin.py:151} INFO - [2023-12-20T11:13:39.267+0000] {dagbag.py:536} INFO - Filling up the DagBag from /home/airflow/.local/lib/python3.8/site-packages/airflow/example_dags/example_setup_teardown.py
[2023-12-20T11:13:39.273+0000] {processor.py:839} INFO - DAG(s) dict_keys(['example_setup_teardown']) retrieved from /home/airflow/.local/lib/python3.8/site-packages/airflow/example_dags/example_setup_teardown.py
[2023-12-20T11:13:39.287+0000] {logging_mixin.py:151} INFO - [2023-12-20T11:13:39.287+0000] {dag.py:2941} INFO - Sync 1 DAGs
[2023-12-20T11:13:39.304+0000] {logging_mixin.py:151} INFO - [2023-12-20T11:13:39.304+0000] {dag.py:3722} INFO - Setting next_dagrun for example_setup_teardown to 2023-12-19T11:13:39.303904+00:00, run_after=2023-12-20T11:13:39.303904+00:00
[2023-12-20T11:13:39.317+0000] {processor.py:179} INFO - Processing /home/airflow/.local/lib/python3.8/site-packages/airflow/example_dags/example_setup_teardown.py took 0.054 seconds
