[2023-12-20T11:12:09.155+0000] {processor.py:157} INFO - Started process (PID=10747) to work on /home/airflow/.local/lib/python3.8/site-packages/airflow/example_dags/example_setup_teardown_taskflow.py
[2023-12-20T11:12:09.156+0000] {processor.py:829} INFO - Processing file /home/airflow/.local/lib/python3.8/site-packages/airflow/example_dags/example_setup_teardown_taskflow.py for tasks to queue
[2023-12-20T11:12:09.157+0000] {logging_mixin.py:151} INFO - [2023-12-20T11:12:09.157+0000] {dagbag.py:536} INFO - Filling up the DagBag from /home/airflow/.local/lib/python3.8/site-packages/airflow/example_dags/example_setup_teardown_taskflow.py
[2023-12-20T11:12:09.163+0000] {processor.py:839} INFO - DAG(s) dict_keys(['example_setup_teardown_taskflow']) retrieved from /home/airflow/.local/lib/python3.8/site-packages/airflow/example_dags/example_setup_teardown_taskflow.py
[2023-12-20T11:12:09.182+0000] {logging_mixin.py:151} INFO - [2023-12-20T11:12:09.182+0000] {dag.py:2941} INFO - Sync 1 DAGs
[2023-12-20T11:12:09.202+0000] {logging_mixin.py:151} INFO - [2023-12-20T11:12:09.202+0000] {dag.py:3722} INFO - Setting next_dagrun for example_setup_teardown_taskflow to 2023-12-19T11:12:09.202272+00:00, run_after=2023-12-20T11:12:09.202272+00:00
[2023-12-20T11:12:09.215+0000] {processor.py:179} INFO - Processing /home/airflow/.local/lib/python3.8/site-packages/airflow/example_dags/example_setup_teardown_taskflow.py took 0.062 seconds
[2023-12-20T11:12:39.425+0000] {processor.py:157} INFO - Started process (PID=10803) to work on /home/airflow/.local/lib/python3.8/site-packages/airflow/example_dags/example_setup_teardown_taskflow.py
[2023-12-20T11:12:39.425+0000] {processor.py:829} INFO - Processing file /home/airflow/.local/lib/python3.8/site-packages/airflow/example_dags/example_setup_teardown_taskflow.py for tasks to queue
[2023-12-20T11:12:39.427+0000] {logging_mixin.py:151} INFO - [2023-12-20T11:12:39.426+0000] {dagbag.py:536} INFO - Filling up the DagBag from /home/airflow/.local/lib/python3.8/site-packages/airflow/example_dags/example_setup_teardown_taskflow.py
[2023-12-20T11:12:39.432+0000] {processor.py:839} INFO - DAG(s) dict_keys(['example_setup_teardown_taskflow']) retrieved from /home/airflow/.local/lib/python3.8/site-packages/airflow/example_dags/example_setup_teardown_taskflow.py
[2023-12-20T11:12:39.447+0000] {logging_mixin.py:151} INFO - [2023-12-20T11:12:39.447+0000] {dag.py:2941} INFO - Sync 1 DAGs
[2023-12-20T11:12:39.463+0000] {logging_mixin.py:151} INFO - [2023-12-20T11:12:39.463+0000] {dag.py:3722} INFO - Setting next_dagrun for example_setup_teardown_taskflow to 2023-12-19T11:12:39.463468+00:00, run_after=2023-12-20T11:12:39.463468+00:00
[2023-12-20T11:12:39.477+0000] {processor.py:179} INFO - Processing /home/airflow/.local/lib/python3.8/site-packages/airflow/example_dags/example_setup_teardown_taskflow.py took 0.055 seconds
[2023-12-20T11:13:09.930+0000] {processor.py:157} INFO - Started process (PID=10860) to work on /home/airflow/.local/lib/python3.8/site-packages/airflow/example_dags/example_setup_teardown_taskflow.py
[2023-12-20T11:13:09.932+0000] {processor.py:829} INFO - Processing file /home/airflow/.local/lib/python3.8/site-packages/airflow/example_dags/example_setup_teardown_taskflow.py for tasks to queue
[2023-12-20T11:13:09.934+0000] {logging_mixin.py:151} INFO - [2023-12-20T11:13:09.933+0000] {dagbag.py:536} INFO - Filling up the DagBag from /home/airflow/.local/lib/python3.8/site-packages/airflow/example_dags/example_setup_teardown_taskflow.py
[2023-12-20T11:13:09.950+0000] {processor.py:839} INFO - DAG(s) dict_keys(['example_setup_teardown_taskflow']) retrieved from /home/airflow/.local/lib/python3.8/site-packages/airflow/example_dags/example_setup_teardown_taskflow.py
[2023-12-20T11:13:09.974+0000] {logging_mixin.py:151} INFO - [2023-12-20T11:13:09.973+0000] {dag.py:2941} INFO - Sync 1 DAGs
[2023-12-20T11:13:09.996+0000] {logging_mixin.py:151} INFO - [2023-12-20T11:13:09.996+0000] {dag.py:3722} INFO - Setting next_dagrun for example_setup_teardown_taskflow to 2023-12-19T11:13:09.996210+00:00, run_after=2023-12-20T11:13:09.996210+00:00
[2023-12-20T11:13:10.016+0000] {processor.py:179} INFO - Processing /home/airflow/.local/lib/python3.8/site-packages/airflow/example_dags/example_setup_teardown_taskflow.py took 0.089 seconds
[2023-12-20T11:13:40.255+0000] {processor.py:157} INFO - Started process (PID=10917) to work on /home/airflow/.local/lib/python3.8/site-packages/airflow/example_dags/example_setup_teardown_taskflow.py
[2023-12-20T11:13:40.256+0000] {processor.py:829} INFO - Processing file /home/airflow/.local/lib/python3.8/site-packages/airflow/example_dags/example_setup_teardown_taskflow.py for tasks to queue
[2023-12-20T11:13:40.257+0000] {logging_mixin.py:151} INFO - [2023-12-20T11:13:40.257+0000] {dagbag.py:536} INFO - Filling up the DagBag from /home/airflow/.local/lib/python3.8/site-packages/airflow/example_dags/example_setup_teardown_taskflow.py
[2023-12-20T11:13:40.263+0000] {processor.py:839} INFO - DAG(s) dict_keys(['example_setup_teardown_taskflow']) retrieved from /home/airflow/.local/lib/python3.8/site-packages/airflow/example_dags/example_setup_teardown_taskflow.py
[2023-12-20T11:13:40.278+0000] {logging_mixin.py:151} INFO - [2023-12-20T11:13:40.278+0000] {dag.py:2941} INFO - Sync 1 DAGs
[2023-12-20T11:13:40.295+0000] {logging_mixin.py:151} INFO - [2023-12-20T11:13:40.294+0000] {dag.py:3722} INFO - Setting next_dagrun for example_setup_teardown_taskflow to 2023-12-19T11:13:40.294615+00:00, run_after=2023-12-20T11:13:40.294615+00:00
[2023-12-20T11:13:40.309+0000] {processor.py:179} INFO - Processing /home/airflow/.local/lib/python3.8/site-packages/airflow/example_dags/example_setup_teardown_taskflow.py took 0.056 seconds
