[2023-12-20T11:12:09.060+0000] {processor.py:157} INFO - Started process (PID=10746) to work on /home/airflow/.local/lib/python3.8/site-packages/airflow/example_dags/example_datasets.py
[2023-12-20T11:12:09.060+0000] {processor.py:829} INFO - Processing file /home/airflow/.local/lib/python3.8/site-packages/airflow/example_dags/example_datasets.py for tasks to queue
[2023-12-20T11:12:09.062+0000] {logging_mixin.py:151} INFO - [2023-12-20T11:12:09.061+0000] {dagbag.py:536} INFO - Filling up the DagBag from /home/airflow/.local/lib/python3.8/site-packages/airflow/example_dags/example_datasets.py
[2023-12-20T11:12:09.068+0000] {processor.py:839} INFO - DAG(s) dict_keys(['dataset_consumes_unknown_never_scheduled', 'dataset_consumes_1_and_2', 'dataset_consumes_1_never_scheduled', 'dataset_produces_2', 'dataset_produces_1', 'dataset_consumes_1']) retrieved from /home/airflow/.local/lib/python3.8/site-packages/airflow/example_dags/example_datasets.py
[2023-12-20T11:12:09.091+0000] {logging_mixin.py:151} INFO - [2023-12-20T11:12:09.091+0000] {dag.py:2941} INFO - Sync 6 DAGs
[2023-12-20T11:12:09.105+0000] {logging_mixin.py:151} INFO - [2023-12-20T11:12:09.105+0000] {dag.py:3722} INFO - Setting next_dagrun for dataset_consumes_1 to None, run_after=None
[2023-12-20T11:12:09.108+0000] {logging_mixin.py:151} INFO - [2023-12-20T11:12:09.107+0000] {dag.py:3722} INFO - Setting next_dagrun for dataset_consumes_1_and_2 to None, run_after=None
[2023-12-20T11:12:09.108+0000] {logging_mixin.py:151} INFO - [2023-12-20T11:12:09.108+0000] {dag.py:3722} INFO - Setting next_dagrun for dataset_consumes_1_never_scheduled to None, run_after=None
[2023-12-20T11:12:09.109+0000] {logging_mixin.py:151} INFO - [2023-12-20T11:12:09.109+0000] {dag.py:3722} INFO - Setting next_dagrun for dataset_consumes_unknown_never_scheduled to None, run_after=None
[2023-12-20T11:12:09.111+0000] {logging_mixin.py:151} INFO - [2023-12-20T11:12:09.111+0000] {dag.py:3722} INFO - Setting next_dagrun for dataset_produces_1 to 2023-12-19T00:00:00+00:00, run_after=2023-12-20T00:00:00+00:00
[2023-12-20T11:12:09.112+0000] {logging_mixin.py:151} INFO - [2023-12-20T11:12:09.111+0000] {dag.py:3722} INFO - Setting next_dagrun for dataset_produces_2 to None, run_after=None
[2023-12-20T11:12:09.136+0000] {processor.py:179} INFO - Processing /home/airflow/.local/lib/python3.8/site-packages/airflow/example_dags/example_datasets.py took 0.078 seconds
[2023-12-20T11:12:39.338+0000] {processor.py:157} INFO - Started process (PID=10802) to work on /home/airflow/.local/lib/python3.8/site-packages/airflow/example_dags/example_datasets.py
[2023-12-20T11:12:39.339+0000] {processor.py:829} INFO - Processing file /home/airflow/.local/lib/python3.8/site-packages/airflow/example_dags/example_datasets.py for tasks to queue
[2023-12-20T11:12:39.340+0000] {logging_mixin.py:151} INFO - [2023-12-20T11:12:39.340+0000] {dagbag.py:536} INFO - Filling up the DagBag from /home/airflow/.local/lib/python3.8/site-packages/airflow/example_dags/example_datasets.py
[2023-12-20T11:12:39.346+0000] {processor.py:839} INFO - DAG(s) dict_keys(['dataset_consumes_1_and_2', 'dataset_consumes_1_never_scheduled', 'dataset_consumes_1', 'dataset_produces_2', 'dataset_consumes_unknown_never_scheduled', 'dataset_produces_1']) retrieved from /home/airflow/.local/lib/python3.8/site-packages/airflow/example_dags/example_datasets.py
[2023-12-20T11:12:39.375+0000] {logging_mixin.py:151} INFO - [2023-12-20T11:12:39.375+0000] {dag.py:2941} INFO - Sync 6 DAGs
[2023-12-20T11:12:39.392+0000] {logging_mixin.py:151} INFO - [2023-12-20T11:12:39.391+0000] {dag.py:3722} INFO - Setting next_dagrun for dataset_consumes_1 to None, run_after=None
[2023-12-20T11:12:39.394+0000] {logging_mixin.py:151} INFO - [2023-12-20T11:12:39.394+0000] {dag.py:3722} INFO - Setting next_dagrun for dataset_consumes_1_and_2 to None, run_after=None
[2023-12-20T11:12:39.395+0000] {logging_mixin.py:151} INFO - [2023-12-20T11:12:39.395+0000] {dag.py:3722} INFO - Setting next_dagrun for dataset_consumes_1_never_scheduled to None, run_after=None
[2023-12-20T11:12:39.396+0000] {logging_mixin.py:151} INFO - [2023-12-20T11:12:39.395+0000] {dag.py:3722} INFO - Setting next_dagrun for dataset_consumes_unknown_never_scheduled to None, run_after=None
[2023-12-20T11:12:39.397+0000] {logging_mixin.py:151} INFO - [2023-12-20T11:12:39.397+0000] {dag.py:3722} INFO - Setting next_dagrun for dataset_produces_1 to 2023-12-19T00:00:00+00:00, run_after=2023-12-20T00:00:00+00:00
[2023-12-20T11:12:39.398+0000] {logging_mixin.py:151} INFO - [2023-12-20T11:12:39.398+0000] {dag.py:3722} INFO - Setting next_dagrun for dataset_produces_2 to None, run_after=None
[2023-12-20T11:12:39.422+0000] {processor.py:179} INFO - Processing /home/airflow/.local/lib/python3.8/site-packages/airflow/example_dags/example_datasets.py took 0.086 seconds
[2023-12-20T11:13:09.853+0000] {processor.py:157} INFO - Started process (PID=10859) to work on /home/airflow/.local/lib/python3.8/site-packages/airflow/example_dags/example_datasets.py
[2023-12-20T11:13:09.862+0000] {processor.py:829} INFO - Processing file /home/airflow/.local/lib/python3.8/site-packages/airflow/example_dags/example_datasets.py for tasks to queue
[2023-12-20T11:13:09.864+0000] {logging_mixin.py:151} INFO - [2023-12-20T11:13:09.863+0000] {dagbag.py:536} INFO - Filling up the DagBag from /home/airflow/.local/lib/python3.8/site-packages/airflow/example_dags/example_datasets.py
[2023-12-20T11:13:09.874+0000] {processor.py:839} INFO - DAG(s) dict_keys(['dataset_produces_1', 'dataset_produces_2', 'dataset_consumes_1_and_2', 'dataset_consumes_1', 'dataset_consumes_1_never_scheduled', 'dataset_consumes_unknown_never_scheduled']) retrieved from /home/airflow/.local/lib/python3.8/site-packages/airflow/example_dags/example_datasets.py
[2023-12-20T11:13:09.926+0000] {logging_mixin.py:151} INFO - [2023-12-20T11:13:09.926+0000] {dag.py:2941} INFO - Sync 6 DAGs
[2023-12-20T11:13:09.950+0000] {logging_mixin.py:151} INFO - [2023-12-20T11:13:09.950+0000] {dag.py:3722} INFO - Setting next_dagrun for dataset_consumes_1 to None, run_after=None
[2023-12-20T11:13:09.953+0000] {logging_mixin.py:151} INFO - [2023-12-20T11:13:09.953+0000] {dag.py:3722} INFO - Setting next_dagrun for dataset_consumes_1_and_2 to None, run_after=None
[2023-12-20T11:13:09.955+0000] {logging_mixin.py:151} INFO - [2023-12-20T11:13:09.955+0000] {dag.py:3722} INFO - Setting next_dagrun for dataset_consumes_1_never_scheduled to None, run_after=None
[2023-12-20T11:13:09.957+0000] {logging_mixin.py:151} INFO - [2023-12-20T11:13:09.956+0000] {dag.py:3722} INFO - Setting next_dagrun for dataset_consumes_unknown_never_scheduled to None, run_after=None
[2023-12-20T11:13:09.960+0000] {logging_mixin.py:151} INFO - [2023-12-20T11:13:09.959+0000] {dag.py:3722} INFO - Setting next_dagrun for dataset_produces_1 to 2023-12-19T00:00:00+00:00, run_after=2023-12-20T00:00:00+00:00
[2023-12-20T11:13:09.961+0000] {logging_mixin.py:151} INFO - [2023-12-20T11:13:09.961+0000] {dag.py:3722} INFO - Setting next_dagrun for dataset_produces_2 to None, run_after=None
[2023-12-20T11:13:09.991+0000] {processor.py:179} INFO - Processing /home/airflow/.local/lib/python3.8/site-packages/airflow/example_dags/example_datasets.py took 0.141 seconds
[2023-12-20T11:13:40.145+0000] {processor.py:157} INFO - Started process (PID=10916) to work on /home/airflow/.local/lib/python3.8/site-packages/airflow/example_dags/example_datasets.py
[2023-12-20T11:13:40.145+0000] {processor.py:829} INFO - Processing file /home/airflow/.local/lib/python3.8/site-packages/airflow/example_dags/example_datasets.py for tasks to queue
[2023-12-20T11:13:40.147+0000] {logging_mixin.py:151} INFO - [2023-12-20T11:13:40.146+0000] {dagbag.py:536} INFO - Filling up the DagBag from /home/airflow/.local/lib/python3.8/site-packages/airflow/example_dags/example_datasets.py
[2023-12-20T11:13:40.152+0000] {processor.py:839} INFO - DAG(s) dict_keys(['dataset_produces_2', 'dataset_consumes_1_and_2', 'dataset_produces_1', 'dataset_consumes_1', 'dataset_consumes_unknown_never_scheduled', 'dataset_consumes_1_never_scheduled']) retrieved from /home/airflow/.local/lib/python3.8/site-packages/airflow/example_dags/example_datasets.py
[2023-12-20T11:13:40.183+0000] {logging_mixin.py:151} INFO - [2023-12-20T11:13:40.183+0000] {dag.py:2941} INFO - Sync 6 DAGs
[2023-12-20T11:13:40.204+0000] {logging_mixin.py:151} INFO - [2023-12-20T11:13:40.204+0000] {dag.py:3722} INFO - Setting next_dagrun for dataset_consumes_1 to None, run_after=None
[2023-12-20T11:13:40.208+0000] {logging_mixin.py:151} INFO - [2023-12-20T11:13:40.207+0000] {dag.py:3722} INFO - Setting next_dagrun for dataset_consumes_1_and_2 to None, run_after=None
[2023-12-20T11:13:40.209+0000] {logging_mixin.py:151} INFO - [2023-12-20T11:13:40.209+0000] {dag.py:3722} INFO - Setting next_dagrun for dataset_consumes_1_never_scheduled to None, run_after=None
[2023-12-20T11:13:40.210+0000] {logging_mixin.py:151} INFO - [2023-12-20T11:13:40.210+0000] {dag.py:3722} INFO - Setting next_dagrun for dataset_consumes_unknown_never_scheduled to None, run_after=None
[2023-12-20T11:13:40.213+0000] {logging_mixin.py:151} INFO - [2023-12-20T11:13:40.213+0000] {dag.py:3722} INFO - Setting next_dagrun for dataset_produces_1 to 2023-12-19T00:00:00+00:00, run_after=2023-12-20T00:00:00+00:00
[2023-12-20T11:13:40.214+0000] {logging_mixin.py:151} INFO - [2023-12-20T11:13:40.214+0000] {dag.py:3722} INFO - Setting next_dagrun for dataset_produces_2 to None, run_after=None
[2023-12-20T11:13:40.238+0000] {processor.py:179} INFO - Processing /home/airflow/.local/lib/python3.8/site-packages/airflow/example_dags/example_datasets.py took 0.096 seconds
