[2023-12-20T11:12:08.948+0000] {processor.py:157} INFO - Started process (PID=10744) to work on /home/airflow/.local/lib/python3.8/site-packages/airflow/example_dags/example_dag_decorator.py
[2023-12-20T11:12:08.949+0000] {processor.py:829} INFO - Processing file /home/airflow/.local/lib/python3.8/site-packages/airflow/example_dags/example_dag_decorator.py for tasks to queue
[2023-12-20T11:12:08.950+0000] {logging_mixin.py:151} INFO - [2023-12-20T11:12:08.950+0000] {dagbag.py:536} INFO - Filling up the DagBag from /home/airflow/.local/lib/python3.8/site-packages/airflow/example_dags/example_dag_decorator.py
[2023-12-20T11:12:09.012+0000] {processor.py:839} INFO - DAG(s) dict_keys(['example_dag_decorator']) retrieved from /home/airflow/.local/lib/python3.8/site-packages/airflow/example_dags/example_dag_decorator.py
[2023-12-20T11:12:09.107+0000] {logging_mixin.py:151} INFO - [2023-12-20T11:12:09.107+0000] {dag.py:2941} INFO - Sync 1 DAGs
[2023-12-20T11:12:09.118+0000] {logging_mixin.py:151} INFO - [2023-12-20T11:12:09.118+0000] {dag.py:3722} INFO - Setting next_dagrun for example_dag_decorator to None, run_after=None
[2023-12-20T11:12:09.135+0000] {processor.py:179} INFO - Processing /home/airflow/.local/lib/python3.8/site-packages/airflow/example_dags/example_dag_decorator.py took 0.190 seconds
[2023-12-20T11:12:39.241+0000] {processor.py:157} INFO - Started process (PID=10800) to work on /home/airflow/.local/lib/python3.8/site-packages/airflow/example_dags/example_dag_decorator.py
[2023-12-20T11:12:39.242+0000] {processor.py:829} INFO - Processing file /home/airflow/.local/lib/python3.8/site-packages/airflow/example_dags/example_dag_decorator.py for tasks to queue
[2023-12-20T11:12:39.244+0000] {logging_mixin.py:151} INFO - [2023-12-20T11:12:39.244+0000] {dagbag.py:536} INFO - Filling up the DagBag from /home/airflow/.local/lib/python3.8/site-packages/airflow/example_dags/example_dag_decorator.py
[2023-12-20T11:12:39.306+0000] {processor.py:839} INFO - DAG(s) dict_keys(['example_dag_decorator']) retrieved from /home/airflow/.local/lib/python3.8/site-packages/airflow/example_dags/example_dag_decorator.py
[2023-12-20T11:12:39.383+0000] {logging_mixin.py:151} INFO - [2023-12-20T11:12:39.383+0000] {dag.py:2941} INFO - Sync 1 DAGs
[2023-12-20T11:12:39.392+0000] {logging_mixin.py:151} INFO - [2023-12-20T11:12:39.392+0000] {dag.py:3722} INFO - Setting next_dagrun for example_dag_decorator to None, run_after=None
[2023-12-20T11:12:39.406+0000] {processor.py:179} INFO - Processing /home/airflow/.local/lib/python3.8/site-packages/airflow/example_dags/example_dag_decorator.py took 0.167 seconds
[2023-12-20T11:13:09.708+0000] {processor.py:157} INFO - Started process (PID=10857) to work on /home/airflow/.local/lib/python3.8/site-packages/airflow/example_dags/example_dag_decorator.py
[2023-12-20T11:13:09.709+0000] {processor.py:829} INFO - Processing file /home/airflow/.local/lib/python3.8/site-packages/airflow/example_dags/example_dag_decorator.py for tasks to queue
[2023-12-20T11:13:09.710+0000] {logging_mixin.py:151} INFO - [2023-12-20T11:13:09.710+0000] {dagbag.py:536} INFO - Filling up the DagBag from /home/airflow/.local/lib/python3.8/site-packages/airflow/example_dags/example_dag_decorator.py
[2023-12-20T11:13:09.765+0000] {processor.py:839} INFO - DAG(s) dict_keys(['example_dag_decorator']) retrieved from /home/airflow/.local/lib/python3.8/site-packages/airflow/example_dags/example_dag_decorator.py
[2023-12-20T11:13:09.864+0000] {logging_mixin.py:151} INFO - [2023-12-20T11:13:09.864+0000] {dag.py:2941} INFO - Sync 1 DAGs
[2023-12-20T11:13:09.875+0000] {logging_mixin.py:151} INFO - [2023-12-20T11:13:09.875+0000] {dag.py:3722} INFO - Setting next_dagrun for example_dag_decorator to None, run_after=None
[2023-12-20T11:13:09.900+0000] {processor.py:179} INFO - Processing /home/airflow/.local/lib/python3.8/site-packages/airflow/example_dags/example_dag_decorator.py took 0.196 seconds
[2023-12-20T11:13:40.097+0000] {processor.py:157} INFO - Started process (PID=10915) to work on /home/airflow/.local/lib/python3.8/site-packages/airflow/example_dags/example_dag_decorator.py
[2023-12-20T11:13:40.097+0000] {processor.py:829} INFO - Processing file /home/airflow/.local/lib/python3.8/site-packages/airflow/example_dags/example_dag_decorator.py for tasks to queue
[2023-12-20T11:13:40.099+0000] {logging_mixin.py:151} INFO - [2023-12-20T11:13:40.099+0000] {dagbag.py:536} INFO - Filling up the DagBag from /home/airflow/.local/lib/python3.8/site-packages/airflow/example_dags/example_dag_decorator.py
[2023-12-20T11:13:40.156+0000] {processor.py:839} INFO - DAG(s) dict_keys(['example_dag_decorator']) retrieved from /home/airflow/.local/lib/python3.8/site-packages/airflow/example_dags/example_dag_decorator.py
[2023-12-20T11:13:40.245+0000] {logging_mixin.py:151} INFO - [2023-12-20T11:13:40.244+0000] {dag.py:2941} INFO - Sync 1 DAGs
[2023-12-20T11:13:40.253+0000] {logging_mixin.py:151} INFO - [2023-12-20T11:13:40.252+0000] {dag.py:3722} INFO - Setting next_dagrun for example_dag_decorator to None, run_after=None
[2023-12-20T11:13:40.266+0000] {processor.py:179} INFO - Processing /home/airflow/.local/lib/python3.8/site-packages/airflow/example_dags/example_dag_decorator.py took 0.172 seconds
