[2023-12-20T11:12:07.091+0000] {processor.py:157} INFO - Started process (PID=10708) to work on /home/airflow/.local/lib/python3.8/site-packages/airflow/example_dags/example_external_task_marker_dag.py
[2023-12-20T11:12:07.091+0000] {processor.py:829} INFO - Processing file /home/airflow/.local/lib/python3.8/site-packages/airflow/example_dags/example_external_task_marker_dag.py for tasks to queue
[2023-12-20T11:12:07.094+0000] {logging_mixin.py:151} INFO - [2023-12-20T11:12:07.094+0000] {dagbag.py:536} INFO - Filling up the DagBag from /home/airflow/.local/lib/python3.8/site-packages/airflow/example_dags/example_external_task_marker_dag.py
[2023-12-20T11:12:07.110+0000] {processor.py:839} INFO - DAG(s) dict_keys(['example_external_task_marker_child', 'example_external_task_marker_parent']) retrieved from /home/airflow/.local/lib/python3.8/site-packages/airflow/example_dags/example_external_task_marker_dag.py
[2023-12-20T11:12:07.160+0000] {logging_mixin.py:151} INFO - [2023-12-20T11:12:07.160+0000] {dag.py:2941} INFO - Sync 2 DAGs
[2023-12-20T11:12:07.175+0000] {logging_mixin.py:151} INFO - [2023-12-20T11:12:07.174+0000] {dag.py:3722} INFO - Setting next_dagrun for example_external_task_marker_child to None, run_after=None
[2023-12-20T11:12:07.178+0000] {logging_mixin.py:151} INFO - [2023-12-20T11:12:07.178+0000] {dag.py:3722} INFO - Setting next_dagrun for example_external_task_marker_parent to None, run_after=None
[2023-12-20T11:12:07.196+0000] {processor.py:179} INFO - Processing /home/airflow/.local/lib/python3.8/site-packages/airflow/example_dags/example_external_task_marker_dag.py took 0.108 seconds
[2023-12-20T11:12:37.854+0000] {processor.py:157} INFO - Started process (PID=10765) to work on /home/airflow/.local/lib/python3.8/site-packages/airflow/example_dags/example_external_task_marker_dag.py
[2023-12-20T11:12:37.854+0000] {processor.py:829} INFO - Processing file /home/airflow/.local/lib/python3.8/site-packages/airflow/example_dags/example_external_task_marker_dag.py for tasks to queue
[2023-12-20T11:12:37.857+0000] {logging_mixin.py:151} INFO - [2023-12-20T11:12:37.856+0000] {dagbag.py:536} INFO - Filling up the DagBag from /home/airflow/.local/lib/python3.8/site-packages/airflow/example_dags/example_external_task_marker_dag.py
[2023-12-20T11:12:37.861+0000] {processor.py:839} INFO - DAG(s) dict_keys(['example_external_task_marker_child', 'example_external_task_marker_parent']) retrieved from /home/airflow/.local/lib/python3.8/site-packages/airflow/example_dags/example_external_task_marker_dag.py
[2023-12-20T11:12:37.883+0000] {logging_mixin.py:151} INFO - [2023-12-20T11:12:37.883+0000] {dag.py:2941} INFO - Sync 2 DAGs
[2023-12-20T11:12:37.894+0000] {logging_mixin.py:151} INFO - [2023-12-20T11:12:37.894+0000] {dag.py:3722} INFO - Setting next_dagrun for example_external_task_marker_child to None, run_after=None
[2023-12-20T11:12:37.897+0000] {logging_mixin.py:151} INFO - [2023-12-20T11:12:37.896+0000] {dag.py:3722} INFO - Setting next_dagrun for example_external_task_marker_parent to None, run_after=None
[2023-12-20T11:12:37.912+0000] {processor.py:179} INFO - Processing /home/airflow/.local/lib/python3.8/site-packages/airflow/example_dags/example_external_task_marker_dag.py took 0.061 seconds
[2023-12-20T11:13:08.163+0000] {processor.py:157} INFO - Started process (PID=10821) to work on /home/airflow/.local/lib/python3.8/site-packages/airflow/example_dags/example_external_task_marker_dag.py
[2023-12-20T11:13:08.164+0000] {processor.py:829} INFO - Processing file /home/airflow/.local/lib/python3.8/site-packages/airflow/example_dags/example_external_task_marker_dag.py for tasks to queue
[2023-12-20T11:13:08.166+0000] {logging_mixin.py:151} INFO - [2023-12-20T11:13:08.165+0000] {dagbag.py:536} INFO - Filling up the DagBag from /home/airflow/.local/lib/python3.8/site-packages/airflow/example_dags/example_external_task_marker_dag.py
[2023-12-20T11:13:08.170+0000] {processor.py:839} INFO - DAG(s) dict_keys(['example_external_task_marker_parent', 'example_external_task_marker_child']) retrieved from /home/airflow/.local/lib/python3.8/site-packages/airflow/example_dags/example_external_task_marker_dag.py
[2023-12-20T11:13:08.190+0000] {logging_mixin.py:151} INFO - [2023-12-20T11:13:08.190+0000] {dag.py:2941} INFO - Sync 2 DAGs
[2023-12-20T11:13:08.200+0000] {logging_mixin.py:151} INFO - [2023-12-20T11:13:08.200+0000] {dag.py:3722} INFO - Setting next_dagrun for example_external_task_marker_child to None, run_after=None
[2023-12-20T11:13:08.210+0000] {logging_mixin.py:151} INFO - [2023-12-20T11:13:08.210+0000] {dag.py:3722} INFO - Setting next_dagrun for example_external_task_marker_parent to None, run_after=None
[2023-12-20T11:13:08.224+0000] {processor.py:179} INFO - Processing /home/airflow/.local/lib/python3.8/site-packages/airflow/example_dags/example_external_task_marker_dag.py took 0.063 seconds
[2023-12-20T11:13:38.856+0000] {processor.py:157} INFO - Started process (PID=10885) to work on /home/airflow/.local/lib/python3.8/site-packages/airflow/example_dags/example_external_task_marker_dag.py
[2023-12-20T11:13:38.857+0000] {processor.py:829} INFO - Processing file /home/airflow/.local/lib/python3.8/site-packages/airflow/example_dags/example_external_task_marker_dag.py for tasks to queue
[2023-12-20T11:13:38.859+0000] {logging_mixin.py:151} INFO - [2023-12-20T11:13:38.859+0000] {dagbag.py:536} INFO - Filling up the DagBag from /home/airflow/.local/lib/python3.8/site-packages/airflow/example_dags/example_external_task_marker_dag.py
[2023-12-20T11:13:38.863+0000] {processor.py:839} INFO - DAG(s) dict_keys(['example_external_task_marker_child', 'example_external_task_marker_parent']) retrieved from /home/airflow/.local/lib/python3.8/site-packages/airflow/example_dags/example_external_task_marker_dag.py
[2023-12-20T11:13:38.882+0000] {logging_mixin.py:151} INFO - [2023-12-20T11:13:38.881+0000] {dag.py:2941} INFO - Sync 2 DAGs
[2023-12-20T11:13:38.893+0000] {logging_mixin.py:151} INFO - [2023-12-20T11:13:38.893+0000] {dag.py:3722} INFO - Setting next_dagrun for example_external_task_marker_child to None, run_after=None
[2023-12-20T11:13:38.895+0000] {logging_mixin.py:151} INFO - [2023-12-20T11:13:38.895+0000] {dag.py:3722} INFO - Setting next_dagrun for example_external_task_marker_parent to None, run_after=None
[2023-12-20T11:13:38.910+0000] {processor.py:179} INFO - Processing /home/airflow/.local/lib/python3.8/site-packages/airflow/example_dags/example_external_task_marker_dag.py took 0.057 seconds
[2023-12-20T11:14:08.948+0000] {processor.py:157} INFO - Started process (PID=10942) to work on /home/airflow/.local/lib/python3.8/site-packages/airflow/example_dags/example_external_task_marker_dag.py
[2023-12-20T11:14:08.949+0000] {processor.py:829} INFO - Processing file /home/airflow/.local/lib/python3.8/site-packages/airflow/example_dags/example_external_task_marker_dag.py for tasks to queue
[2023-12-20T11:14:08.951+0000] {logging_mixin.py:151} INFO - [2023-12-20T11:14:08.950+0000] {dagbag.py:536} INFO - Filling up the DagBag from /home/airflow/.local/lib/python3.8/site-packages/airflow/example_dags/example_external_task_marker_dag.py
[2023-12-20T11:14:08.955+0000] {processor.py:839} INFO - DAG(s) dict_keys(['example_external_task_marker_child', 'example_external_task_marker_parent']) retrieved from /home/airflow/.local/lib/python3.8/site-packages/airflow/example_dags/example_external_task_marker_dag.py
[2023-12-20T11:14:08.976+0000] {logging_mixin.py:151} INFO - [2023-12-20T11:14:08.976+0000] {dag.py:2941} INFO - Sync 2 DAGs
[2023-12-20T11:14:08.992+0000] {logging_mixin.py:151} INFO - [2023-12-20T11:14:08.992+0000] {dag.py:3722} INFO - Setting next_dagrun for example_external_task_marker_child to None, run_after=None
[2023-12-20T11:14:08.994+0000] {logging_mixin.py:151} INFO - [2023-12-20T11:14:08.994+0000] {dag.py:3722} INFO - Setting next_dagrun for example_external_task_marker_parent to None, run_after=None
[2023-12-20T11:14:09.009+0000] {processor.py:179} INFO - Processing /home/airflow/.local/lib/python3.8/site-packages/airflow/example_dags/example_external_task_marker_dag.py took 0.063 seconds
