[2023-12-20T11:12:08.778+0000] {processor.py:157} INFO - Started process (PID=10740) to work on /home/airflow/.local/lib/python3.8/site-packages/airflow/example_dags/example_branch_operator.py
[2023-12-20T11:12:08.778+0000] {processor.py:829} INFO - Processing file /home/airflow/.local/lib/python3.8/site-packages/airflow/example_dags/example_branch_operator.py for tasks to queue
[2023-12-20T11:12:08.780+0000] {logging_mixin.py:151} INFO - [2023-12-20T11:12:08.780+0000] {dagbag.py:536} INFO - Filling up the DagBag from /home/airflow/.local/lib/python3.8/site-packages/airflow/example_dags/example_branch_operator.py
[2023-12-20T11:12:08.788+0000] {processor.py:839} INFO - DAG(s) dict_keys(['example_branch_operator']) retrieved from /home/airflow/.local/lib/python3.8/site-packages/airflow/example_dags/example_branch_operator.py
[2023-12-20T11:12:08.806+0000] {logging_mixin.py:151} INFO - [2023-12-20T11:12:08.806+0000] {dag.py:2941} INFO - Sync 1 DAGs
[2023-12-20T11:12:08.824+0000] {logging_mixin.py:151} INFO - [2023-12-20T11:12:08.824+0000] {dag.py:3722} INFO - Setting next_dagrun for example_branch_operator to 2023-12-19T00:00:00+00:00, run_after=2023-12-20T00:00:00+00:00
[2023-12-20T11:12:08.839+0000] {processor.py:179} INFO - Processing /home/airflow/.local/lib/python3.8/site-packages/airflow/example_dags/example_branch_operator.py took 0.064 seconds
[2023-12-20T11:12:39.064+0000] {processor.py:157} INFO - Started process (PID=10796) to work on /home/airflow/.local/lib/python3.8/site-packages/airflow/example_dags/example_branch_operator.py
[2023-12-20T11:12:39.065+0000] {processor.py:829} INFO - Processing file /home/airflow/.local/lib/python3.8/site-packages/airflow/example_dags/example_branch_operator.py for tasks to queue
[2023-12-20T11:12:39.066+0000] {logging_mixin.py:151} INFO - [2023-12-20T11:12:39.066+0000] {dagbag.py:536} INFO - Filling up the DagBag from /home/airflow/.local/lib/python3.8/site-packages/airflow/example_dags/example_branch_operator.py
[2023-12-20T11:12:39.075+0000] {processor.py:839} INFO - DAG(s) dict_keys(['example_branch_operator']) retrieved from /home/airflow/.local/lib/python3.8/site-packages/airflow/example_dags/example_branch_operator.py
[2023-12-20T11:12:39.095+0000] {logging_mixin.py:151} INFO - [2023-12-20T11:12:39.095+0000] {dag.py:2941} INFO - Sync 1 DAGs
[2023-12-20T11:12:39.115+0000] {logging_mixin.py:151} INFO - [2023-12-20T11:12:39.115+0000] {dag.py:3722} INFO - Setting next_dagrun for example_branch_operator to 2023-12-19T00:00:00+00:00, run_after=2023-12-20T00:00:00+00:00
[2023-12-20T11:12:39.134+0000] {processor.py:179} INFO - Processing /home/airflow/.local/lib/python3.8/site-packages/airflow/example_dags/example_branch_operator.py took 0.072 seconds
[2023-12-20T11:13:09.331+0000] {processor.py:157} INFO - Started process (PID=10853) to work on /home/airflow/.local/lib/python3.8/site-packages/airflow/example_dags/example_branch_operator.py
[2023-12-20T11:13:09.332+0000] {processor.py:829} INFO - Processing file /home/airflow/.local/lib/python3.8/site-packages/airflow/example_dags/example_branch_operator.py for tasks to queue
[2023-12-20T11:13:09.334+0000] {logging_mixin.py:151} INFO - [2023-12-20T11:13:09.333+0000] {dagbag.py:536} INFO - Filling up the DagBag from /home/airflow/.local/lib/python3.8/site-packages/airflow/example_dags/example_branch_operator.py
[2023-12-20T11:13:09.343+0000] {processor.py:839} INFO - DAG(s) dict_keys(['example_branch_operator']) retrieved from /home/airflow/.local/lib/python3.8/site-packages/airflow/example_dags/example_branch_operator.py
[2023-12-20T11:13:09.406+0000] {logging_mixin.py:151} INFO - [2023-12-20T11:13:09.406+0000] {dag.py:2941} INFO - Sync 1 DAGs
[2023-12-20T11:13:09.459+0000] {logging_mixin.py:151} INFO - [2023-12-20T11:13:09.459+0000] {dag.py:3722} INFO - Setting next_dagrun for example_branch_operator to 2023-12-19T00:00:00+00:00, run_after=2023-12-20T00:00:00+00:00
[2023-12-20T11:13:09.513+0000] {processor.py:179} INFO - Processing /home/airflow/.local/lib/python3.8/site-packages/airflow/example_dags/example_branch_operator.py took 0.185 seconds
[2023-12-20T11:13:39.911+0000] {processor.py:157} INFO - Started process (PID=10910) to work on /home/airflow/.local/lib/python3.8/site-packages/airflow/example_dags/example_branch_operator.py
[2023-12-20T11:13:39.912+0000] {processor.py:829} INFO - Processing file /home/airflow/.local/lib/python3.8/site-packages/airflow/example_dags/example_branch_operator.py for tasks to queue
[2023-12-20T11:13:39.913+0000] {logging_mixin.py:151} INFO - [2023-12-20T11:13:39.913+0000] {dagbag.py:536} INFO - Filling up the DagBag from /home/airflow/.local/lib/python3.8/site-packages/airflow/example_dags/example_branch_operator.py
[2023-12-20T11:13:39.919+0000] {processor.py:839} INFO - DAG(s) dict_keys(['example_branch_operator']) retrieved from /home/airflow/.local/lib/python3.8/site-packages/airflow/example_dags/example_branch_operator.py
[2023-12-20T11:13:39.937+0000] {logging_mixin.py:151} INFO - [2023-12-20T11:13:39.936+0000] {dag.py:2941} INFO - Sync 1 DAGs
[2023-12-20T11:13:39.956+0000] {logging_mixin.py:151} INFO - [2023-12-20T11:13:39.956+0000] {dag.py:3722} INFO - Setting next_dagrun for example_branch_operator to 2023-12-19T00:00:00+00:00, run_after=2023-12-20T00:00:00+00:00
[2023-12-20T11:13:39.972+0000] {processor.py:179} INFO - Processing /home/airflow/.local/lib/python3.8/site-packages/airflow/example_dags/example_branch_operator.py took 0.064 seconds
