[2023-12-20T11:12:06.561+0000] {processor.py:157} INFO - Started process (PID=10702) to work on /home/airflow/.local/lib/python3.8/site-packages/airflow/example_dags/example_time_delta_sensor_async.py
[2023-12-20T11:12:06.561+0000] {processor.py:829} INFO - Processing file /home/airflow/.local/lib/python3.8/site-packages/airflow/example_dags/example_time_delta_sensor_async.py for tasks to queue
[2023-12-20T11:12:06.563+0000] {logging_mixin.py:151} INFO - [2023-12-20T11:12:06.563+0000] {dagbag.py:536} INFO - Filling up the DagBag from /home/airflow/.local/lib/python3.8/site-packages/airflow/example_dags/example_time_delta_sensor_async.py
[2023-12-20T11:12:06.566+0000] {processor.py:839} INFO - DAG(s) dict_keys(['example_time_delta_sensor_async']) retrieved from /home/airflow/.local/lib/python3.8/site-packages/airflow/example_dags/example_time_delta_sensor_async.py
[2023-12-20T11:12:06.579+0000] {logging_mixin.py:151} INFO - [2023-12-20T11:12:06.578+0000] {dag.py:2941} INFO - Sync 1 DAGs
[2023-12-20T11:12:06.589+0000] {logging_mixin.py:151} INFO - [2023-12-20T11:12:06.589+0000] {dag.py:3722} INFO - Setting next_dagrun for example_time_delta_sensor_async to None, run_after=None
[2023-12-20T11:12:06.607+0000] {processor.py:179} INFO - Processing /home/airflow/.local/lib/python3.8/site-packages/airflow/example_dags/example_time_delta_sensor_async.py took 0.049 seconds
[2023-12-20T11:12:37.580+0000] {processor.py:157} INFO - Started process (PID=10759) to work on /home/airflow/.local/lib/python3.8/site-packages/airflow/example_dags/example_time_delta_sensor_async.py
[2023-12-20T11:12:37.580+0000] {processor.py:829} INFO - Processing file /home/airflow/.local/lib/python3.8/site-packages/airflow/example_dags/example_time_delta_sensor_async.py for tasks to queue
[2023-12-20T11:12:37.582+0000] {logging_mixin.py:151} INFO - [2023-12-20T11:12:37.581+0000] {dagbag.py:536} INFO - Filling up the DagBag from /home/airflow/.local/lib/python3.8/site-packages/airflow/example_dags/example_time_delta_sensor_async.py
[2023-12-20T11:12:37.585+0000] {processor.py:839} INFO - DAG(s) dict_keys(['example_time_delta_sensor_async']) retrieved from /home/airflow/.local/lib/python3.8/site-packages/airflow/example_dags/example_time_delta_sensor_async.py
[2023-12-20T11:12:37.601+0000] {logging_mixin.py:151} INFO - [2023-12-20T11:12:37.601+0000] {dag.py:2941} INFO - Sync 1 DAGs
[2023-12-20T11:12:37.611+0000] {logging_mixin.py:151} INFO - [2023-12-20T11:12:37.611+0000] {dag.py:3722} INFO - Setting next_dagrun for example_time_delta_sensor_async to None, run_after=None
[2023-12-20T11:12:37.627+0000] {processor.py:179} INFO - Processing /home/airflow/.local/lib/python3.8/site-packages/airflow/example_dags/example_time_delta_sensor_async.py took 0.049 seconds
[2023-12-20T11:13:07.811+0000] {processor.py:157} INFO - Started process (PID=10815) to work on /home/airflow/.local/lib/python3.8/site-packages/airflow/example_dags/example_time_delta_sensor_async.py
[2023-12-20T11:13:07.812+0000] {processor.py:829} INFO - Processing file /home/airflow/.local/lib/python3.8/site-packages/airflow/example_dags/example_time_delta_sensor_async.py for tasks to queue
[2023-12-20T11:13:07.814+0000] {logging_mixin.py:151} INFO - [2023-12-20T11:13:07.813+0000] {dagbag.py:536} INFO - Filling up the DagBag from /home/airflow/.local/lib/python3.8/site-packages/airflow/example_dags/example_time_delta_sensor_async.py
[2023-12-20T11:13:07.818+0000] {processor.py:839} INFO - DAG(s) dict_keys(['example_time_delta_sensor_async']) retrieved from /home/airflow/.local/lib/python3.8/site-packages/airflow/example_dags/example_time_delta_sensor_async.py
[2023-12-20T11:13:07.833+0000] {logging_mixin.py:151} INFO - [2023-12-20T11:13:07.832+0000] {dag.py:2941} INFO - Sync 1 DAGs
[2023-12-20T11:13:07.845+0000] {logging_mixin.py:151} INFO - [2023-12-20T11:13:07.845+0000] {dag.py:3722} INFO - Setting next_dagrun for example_time_delta_sensor_async to None, run_after=None
[2023-12-20T11:13:07.862+0000] {processor.py:179} INFO - Processing /home/airflow/.local/lib/python3.8/site-packages/airflow/example_dags/example_time_delta_sensor_async.py took 0.054 seconds
[2023-12-20T11:13:38.518+0000] {processor.py:157} INFO - Started process (PID=10872) to work on /home/airflow/.local/lib/python3.8/site-packages/airflow/example_dags/example_time_delta_sensor_async.py
[2023-12-20T11:13:38.520+0000] {processor.py:829} INFO - Processing file /home/airflow/.local/lib/python3.8/site-packages/airflow/example_dags/example_time_delta_sensor_async.py for tasks to queue
[2023-12-20T11:13:38.522+0000] {logging_mixin.py:151} INFO - [2023-12-20T11:13:38.522+0000] {dagbag.py:536} INFO - Filling up the DagBag from /home/airflow/.local/lib/python3.8/site-packages/airflow/example_dags/example_time_delta_sensor_async.py
[2023-12-20T11:13:38.528+0000] {processor.py:839} INFO - DAG(s) dict_keys(['example_time_delta_sensor_async']) retrieved from /home/airflow/.local/lib/python3.8/site-packages/airflow/example_dags/example_time_delta_sensor_async.py
[2023-12-20T11:13:38.547+0000] {logging_mixin.py:151} INFO - [2023-12-20T11:13:38.546+0000] {dag.py:2941} INFO - Sync 1 DAGs
[2023-12-20T11:13:38.557+0000] {logging_mixin.py:151} INFO - [2023-12-20T11:13:38.557+0000] {dag.py:3722} INFO - Setting next_dagrun for example_time_delta_sensor_async to None, run_after=None
[2023-12-20T11:13:38.574+0000] {processor.py:179} INFO - Processing /home/airflow/.local/lib/python3.8/site-packages/airflow/example_dags/example_time_delta_sensor_async.py took 0.059 seconds
[2023-12-20T11:14:08.650+0000] {processor.py:157} INFO - Started process (PID=10929) to work on /home/airflow/.local/lib/python3.8/site-packages/airflow/example_dags/example_time_delta_sensor_async.py
[2023-12-20T11:14:08.651+0000] {processor.py:829} INFO - Processing file /home/airflow/.local/lib/python3.8/site-packages/airflow/example_dags/example_time_delta_sensor_async.py for tasks to queue
[2023-12-20T11:14:08.652+0000] {logging_mixin.py:151} INFO - [2023-12-20T11:14:08.652+0000] {dagbag.py:536} INFO - Filling up the DagBag from /home/airflow/.local/lib/python3.8/site-packages/airflow/example_dags/example_time_delta_sensor_async.py
[2023-12-20T11:14:08.656+0000] {processor.py:839} INFO - DAG(s) dict_keys(['example_time_delta_sensor_async']) retrieved from /home/airflow/.local/lib/python3.8/site-packages/airflow/example_dags/example_time_delta_sensor_async.py
[2023-12-20T11:14:08.676+0000] {logging_mixin.py:151} INFO - [2023-12-20T11:14:08.675+0000] {dag.py:2941} INFO - Sync 1 DAGs
[2023-12-20T11:14:08.687+0000] {logging_mixin.py:151} INFO - [2023-12-20T11:14:08.687+0000] {dag.py:3722} INFO - Setting next_dagrun for example_time_delta_sensor_async to None, run_after=None
[2023-12-20T11:14:08.698+0000] {processor.py:179} INFO - Processing /home/airflow/.local/lib/python3.8/site-packages/airflow/example_dags/example_time_delta_sensor_async.py took 0.050 seconds
