[2023-12-20T11:12:07.984+0000] {processor.py:157} INFO - Started process (PID=10717) to work on /home/airflow/.local/lib/python3.8/site-packages/airflow/example_dags/example_xcom.py
[2023-12-20T11:12:07.984+0000] {processor.py:829} INFO - Processing file /home/airflow/.local/lib/python3.8/site-packages/airflow/example_dags/example_xcom.py for tasks to queue
[2023-12-20T11:12:07.985+0000] {logging_mixin.py:151} INFO - [2023-12-20T11:12:07.985+0000] {dagbag.py:536} INFO - Filling up the DagBag from /home/airflow/.local/lib/python3.8/site-packages/airflow/example_dags/example_xcom.py
[2023-12-20T11:12:07.990+0000] {processor.py:839} INFO - DAG(s) dict_keys(['example_xcom']) retrieved from /home/airflow/.local/lib/python3.8/site-packages/airflow/example_dags/example_xcom.py
[2023-12-20T11:12:08.002+0000] {logging_mixin.py:151} INFO - [2023-12-20T11:12:08.002+0000] {dag.py:2941} INFO - Sync 1 DAGs
[2023-12-20T11:12:08.017+0000] {logging_mixin.py:151} INFO - [2023-12-20T11:12:08.017+0000] {dag.py:3722} INFO - Setting next_dagrun for example_xcom to 2021-01-01T00:00:00+00:00, run_after=2021-01-01T00:00:00+00:00
[2023-12-20T11:12:08.029+0000] {processor.py:179} INFO - Processing /home/airflow/.local/lib/python3.8/site-packages/airflow/example_dags/example_xcom.py took 0.047 seconds
[2023-12-20T11:12:38.307+0000] {processor.py:157} INFO - Started process (PID=10774) to work on /home/airflow/.local/lib/python3.8/site-packages/airflow/example_dags/example_xcom.py
[2023-12-20T11:12:38.308+0000] {processor.py:829} INFO - Processing file /home/airflow/.local/lib/python3.8/site-packages/airflow/example_dags/example_xcom.py for tasks to queue
[2023-12-20T11:12:38.309+0000] {logging_mixin.py:151} INFO - [2023-12-20T11:12:38.309+0000] {dagbag.py:536} INFO - Filling up the DagBag from /home/airflow/.local/lib/python3.8/site-packages/airflow/example_dags/example_xcom.py
[2023-12-20T11:12:38.318+0000] {processor.py:839} INFO - DAG(s) dict_keys(['example_xcom']) retrieved from /home/airflow/.local/lib/python3.8/site-packages/airflow/example_dags/example_xcom.py
[2023-12-20T11:12:38.359+0000] {logging_mixin.py:151} INFO - [2023-12-20T11:12:38.359+0000] {dag.py:2941} INFO - Sync 1 DAGs
[2023-12-20T11:12:38.387+0000] {logging_mixin.py:151} INFO - [2023-12-20T11:12:38.386+0000] {dag.py:3722} INFO - Setting next_dagrun for example_xcom to 2021-01-01T00:00:00+00:00, run_after=2021-01-01T00:00:00+00:00
[2023-12-20T11:12:38.414+0000] {processor.py:179} INFO - Processing /home/airflow/.local/lib/python3.8/site-packages/airflow/example_dags/example_xcom.py took 0.110 seconds
[2023-12-20T11:13:08.613+0000] {processor.py:157} INFO - Started process (PID=10830) to work on /home/airflow/.local/lib/python3.8/site-packages/airflow/example_dags/example_xcom.py
[2023-12-20T11:13:08.614+0000] {processor.py:829} INFO - Processing file /home/airflow/.local/lib/python3.8/site-packages/airflow/example_dags/example_xcom.py for tasks to queue
[2023-12-20T11:13:08.616+0000] {logging_mixin.py:151} INFO - [2023-12-20T11:13:08.616+0000] {dagbag.py:536} INFO - Filling up the DagBag from /home/airflow/.local/lib/python3.8/site-packages/airflow/example_dags/example_xcom.py
[2023-12-20T11:13:08.624+0000] {processor.py:839} INFO - DAG(s) dict_keys(['example_xcom']) retrieved from /home/airflow/.local/lib/python3.8/site-packages/airflow/example_dags/example_xcom.py
[2023-12-20T11:13:08.650+0000] {logging_mixin.py:151} INFO - [2023-12-20T11:13:08.650+0000] {dag.py:2941} INFO - Sync 1 DAGs
[2023-12-20T11:13:08.679+0000] {logging_mixin.py:151} INFO - [2023-12-20T11:13:08.678+0000] {dag.py:3722} INFO - Setting next_dagrun for example_xcom to 2021-01-01T00:00:00+00:00, run_after=2021-01-01T00:00:00+00:00
[2023-12-20T11:13:08.701+0000] {processor.py:179} INFO - Processing /home/airflow/.local/lib/python3.8/site-packages/airflow/example_dags/example_xcom.py took 0.090 seconds
[2023-12-20T11:13:39.289+0000] {processor.py:157} INFO - Started process (PID=10894) to work on /home/airflow/.local/lib/python3.8/site-packages/airflow/example_dags/example_xcom.py
[2023-12-20T11:13:39.289+0000] {processor.py:829} INFO - Processing file /home/airflow/.local/lib/python3.8/site-packages/airflow/example_dags/example_xcom.py for tasks to queue
[2023-12-20T11:13:39.291+0000] {logging_mixin.py:151} INFO - [2023-12-20T11:13:39.291+0000] {dagbag.py:536} INFO - Filling up the DagBag from /home/airflow/.local/lib/python3.8/site-packages/airflow/example_dags/example_xcom.py
[2023-12-20T11:13:39.296+0000] {processor.py:839} INFO - DAG(s) dict_keys(['example_xcom']) retrieved from /home/airflow/.local/lib/python3.8/site-packages/airflow/example_dags/example_xcom.py
[2023-12-20T11:13:39.313+0000] {logging_mixin.py:151} INFO - [2023-12-20T11:13:39.312+0000] {dag.py:2941} INFO - Sync 1 DAGs
[2023-12-20T11:13:39.333+0000] {logging_mixin.py:151} INFO - [2023-12-20T11:13:39.333+0000] {dag.py:3722} INFO - Setting next_dagrun for example_xcom to 2021-01-01T00:00:00+00:00, run_after=2021-01-01T00:00:00+00:00
[2023-12-20T11:13:39.347+0000] {processor.py:179} INFO - Processing /home/airflow/.local/lib/python3.8/site-packages/airflow/example_dags/example_xcom.py took 0.061 seconds
