[2023-12-20T11:12:07.800+0000] {processor.py:157} INFO - Started process (PID=10715) to work on /home/airflow/.local/lib/python3.8/site-packages/airflow/example_dags/example_branch_day_of_week_operator.py
[2023-12-20T11:12:07.801+0000] {processor.py:829} INFO - Processing file /home/airflow/.local/lib/python3.8/site-packages/airflow/example_dags/example_branch_day_of_week_operator.py for tasks to queue
[2023-12-20T11:12:07.806+0000] {logging_mixin.py:151} INFO - [2023-12-20T11:12:07.806+0000] {dagbag.py:536} INFO - Filling up the DagBag from /home/airflow/.local/lib/python3.8/site-packages/airflow/example_dags/example_branch_day_of_week_operator.py
[2023-12-20T11:12:07.817+0000] {processor.py:839} INFO - DAG(s) dict_keys(['example_weekday_branch_operator']) retrieved from /home/airflow/.local/lib/python3.8/site-packages/airflow/example_dags/example_branch_day_of_week_operator.py
[2023-12-20T11:12:07.836+0000] {logging_mixin.py:151} INFO - [2023-12-20T11:12:07.836+0000] {dag.py:2941} INFO - Sync 1 DAGs
[2023-12-20T11:12:07.858+0000] {logging_mixin.py:151} INFO - [2023-12-20T11:12:07.858+0000] {dag.py:3722} INFO - Setting next_dagrun for example_weekday_branch_operator to 2023-12-19T00:00:00+00:00, run_after=2023-12-20T00:00:00+00:00
[2023-12-20T11:12:07.874+0000] {processor.py:179} INFO - Processing /home/airflow/.local/lib/python3.8/site-packages/airflow/example_dags/example_branch_day_of_week_operator.py took 0.076 seconds
[2023-12-20T11:12:38.072+0000] {processor.py:157} INFO - Started process (PID=10771) to work on /home/airflow/.local/lib/python3.8/site-packages/airflow/example_dags/example_branch_day_of_week_operator.py
[2023-12-20T11:12:38.073+0000] {processor.py:829} INFO - Processing file /home/airflow/.local/lib/python3.8/site-packages/airflow/example_dags/example_branch_day_of_week_operator.py for tasks to queue
[2023-12-20T11:12:38.074+0000] {logging_mixin.py:151} INFO - [2023-12-20T11:12:38.074+0000] {dagbag.py:536} INFO - Filling up the DagBag from /home/airflow/.local/lib/python3.8/site-packages/airflow/example_dags/example_branch_day_of_week_operator.py
[2023-12-20T11:12:38.080+0000] {processor.py:839} INFO - DAG(s) dict_keys(['example_weekday_branch_operator']) retrieved from /home/airflow/.local/lib/python3.8/site-packages/airflow/example_dags/example_branch_day_of_week_operator.py
[2023-12-20T11:12:38.096+0000] {logging_mixin.py:151} INFO - [2023-12-20T11:12:38.096+0000] {dag.py:2941} INFO - Sync 1 DAGs
[2023-12-20T11:12:38.122+0000] {logging_mixin.py:151} INFO - [2023-12-20T11:12:38.121+0000] {dag.py:3722} INFO - Setting next_dagrun for example_weekday_branch_operator to 2023-12-19T00:00:00+00:00, run_after=2023-12-20T00:00:00+00:00
[2023-12-20T11:12:38.145+0000] {processor.py:179} INFO - Processing /home/airflow/.local/lib/python3.8/site-packages/airflow/example_dags/example_branch_day_of_week_operator.py took 0.075 seconds
[2023-12-20T11:13:08.503+0000] {processor.py:157} INFO - Started process (PID=10828) to work on /home/airflow/.local/lib/python3.8/site-packages/airflow/example_dags/example_branch_day_of_week_operator.py
[2023-12-20T11:13:08.504+0000] {processor.py:829} INFO - Processing file /home/airflow/.local/lib/python3.8/site-packages/airflow/example_dags/example_branch_day_of_week_operator.py for tasks to queue
[2023-12-20T11:13:08.506+0000] {logging_mixin.py:151} INFO - [2023-12-20T11:13:08.505+0000] {dagbag.py:536} INFO - Filling up the DagBag from /home/airflow/.local/lib/python3.8/site-packages/airflow/example_dags/example_branch_day_of_week_operator.py
[2023-12-20T11:13:08.512+0000] {processor.py:839} INFO - DAG(s) dict_keys(['example_weekday_branch_operator']) retrieved from /home/airflow/.local/lib/python3.8/site-packages/airflow/example_dags/example_branch_day_of_week_operator.py
[2023-12-20T11:13:08.528+0000] {logging_mixin.py:151} INFO - [2023-12-20T11:13:08.527+0000] {dag.py:2941} INFO - Sync 1 DAGs
[2023-12-20T11:13:08.543+0000] {logging_mixin.py:151} INFO - [2023-12-20T11:13:08.543+0000] {dag.py:3722} INFO - Setting next_dagrun for example_weekday_branch_operator to 2023-12-19T00:00:00+00:00, run_after=2023-12-20T00:00:00+00:00
[2023-12-20T11:13:08.559+0000] {processor.py:179} INFO - Processing /home/airflow/.local/lib/python3.8/site-packages/airflow/example_dags/example_branch_day_of_week_operator.py took 0.059 seconds
[2023-12-20T11:13:39.184+0000] {processor.py:157} INFO - Started process (PID=10892) to work on /home/airflow/.local/lib/python3.8/site-packages/airflow/example_dags/example_branch_day_of_week_operator.py
[2023-12-20T11:13:39.185+0000] {processor.py:829} INFO - Processing file /home/airflow/.local/lib/python3.8/site-packages/airflow/example_dags/example_branch_day_of_week_operator.py for tasks to queue
[2023-12-20T11:13:39.186+0000] {logging_mixin.py:151} INFO - [2023-12-20T11:13:39.186+0000] {dagbag.py:536} INFO - Filling up the DagBag from /home/airflow/.local/lib/python3.8/site-packages/airflow/example_dags/example_branch_day_of_week_operator.py
[2023-12-20T11:13:39.192+0000] {processor.py:839} INFO - DAG(s) dict_keys(['example_weekday_branch_operator']) retrieved from /home/airflow/.local/lib/python3.8/site-packages/airflow/example_dags/example_branch_day_of_week_operator.py
[2023-12-20T11:13:39.210+0000] {logging_mixin.py:151} INFO - [2023-12-20T11:13:39.209+0000] {dag.py:2941} INFO - Sync 1 DAGs
[2023-12-20T11:13:39.231+0000] {logging_mixin.py:151} INFO - [2023-12-20T11:13:39.231+0000] {dag.py:3722} INFO - Setting next_dagrun for example_weekday_branch_operator to 2023-12-19T00:00:00+00:00, run_after=2023-12-20T00:00:00+00:00
[2023-12-20T11:13:39.246+0000] {processor.py:179} INFO - Processing /home/airflow/.local/lib/python3.8/site-packages/airflow/example_dags/example_branch_day_of_week_operator.py took 0.064 seconds
