[2023-12-20T11:12:07.378+0000] {processor.py:157} INFO - Started process (PID=10711) to work on /home/airflow/.local/lib/python3.8/site-packages/airflow/example_dags/tutorial.py
[2023-12-20T11:12:07.378+0000] {processor.py:829} INFO - Processing file /home/airflow/.local/lib/python3.8/site-packages/airflow/example_dags/tutorial.py for tasks to queue
[2023-12-20T11:12:07.380+0000] {logging_mixin.py:151} INFO - [2023-12-20T11:12:07.380+0000] {dagbag.py:536} INFO - Filling up the DagBag from /home/airflow/.local/lib/python3.8/site-packages/airflow/example_dags/tutorial.py
[2023-12-20T11:12:07.389+0000] {processor.py:839} INFO - DAG(s) dict_keys(['tutorial']) retrieved from /home/airflow/.local/lib/python3.8/site-packages/airflow/example_dags/tutorial.py
[2023-12-20T11:12:07.416+0000] {logging_mixin.py:151} INFO - [2023-12-20T11:12:07.415+0000] {dag.py:2941} INFO - Sync 1 DAGs
[2023-12-20T11:12:07.444+0000] {logging_mixin.py:151} INFO - [2023-12-20T11:12:07.443+0000] {dag.py:3722} INFO - Setting next_dagrun for tutorial to 2023-12-19T11:12:07.443737+00:00, run_after=2023-12-20T11:12:07.443737+00:00
[2023-12-20T11:12:07.471+0000] {processor.py:179} INFO - Processing /home/airflow/.local/lib/python3.8/site-packages/airflow/example_dags/tutorial.py took 0.096 seconds
[2023-12-20T11:12:37.948+0000] {processor.py:157} INFO - Started process (PID=10768) to work on /home/airflow/.local/lib/python3.8/site-packages/airflow/example_dags/tutorial.py
[2023-12-20T11:12:37.949+0000] {processor.py:829} INFO - Processing file /home/airflow/.local/lib/python3.8/site-packages/airflow/example_dags/tutorial.py for tasks to queue
[2023-12-20T11:12:37.950+0000] {logging_mixin.py:151} INFO - [2023-12-20T11:12:37.950+0000] {dagbag.py:536} INFO - Filling up the DagBag from /home/airflow/.local/lib/python3.8/site-packages/airflow/example_dags/tutorial.py
[2023-12-20T11:12:37.954+0000] {processor.py:839} INFO - DAG(s) dict_keys(['tutorial']) retrieved from /home/airflow/.local/lib/python3.8/site-packages/airflow/example_dags/tutorial.py
[2023-12-20T11:12:37.970+0000] {logging_mixin.py:151} INFO - [2023-12-20T11:12:37.970+0000] {dag.py:2941} INFO - Sync 1 DAGs
[2023-12-20T11:12:37.986+0000] {logging_mixin.py:151} INFO - [2023-12-20T11:12:37.986+0000] {dag.py:3722} INFO - Setting next_dagrun for tutorial to 2023-12-19T11:12:37.986388+00:00, run_after=2023-12-20T11:12:37.986388+00:00
[2023-12-20T11:12:38.001+0000] {processor.py:179} INFO - Processing /home/airflow/.local/lib/python3.8/site-packages/airflow/example_dags/tutorial.py took 0.055 seconds
[2023-12-20T11:13:08.314+0000] {processor.py:157} INFO - Started process (PID=10824) to work on /home/airflow/.local/lib/python3.8/site-packages/airflow/example_dags/tutorial.py
[2023-12-20T11:13:08.315+0000] {processor.py:829} INFO - Processing file /home/airflow/.local/lib/python3.8/site-packages/airflow/example_dags/tutorial.py for tasks to queue
[2023-12-20T11:13:08.316+0000] {logging_mixin.py:151} INFO - [2023-12-20T11:13:08.316+0000] {dagbag.py:536} INFO - Filling up the DagBag from /home/airflow/.local/lib/python3.8/site-packages/airflow/example_dags/tutorial.py
[2023-12-20T11:13:08.320+0000] {processor.py:839} INFO - DAG(s) dict_keys(['tutorial']) retrieved from /home/airflow/.local/lib/python3.8/site-packages/airflow/example_dags/tutorial.py
[2023-12-20T11:13:08.336+0000] {logging_mixin.py:151} INFO - [2023-12-20T11:13:08.336+0000] {dag.py:2941} INFO - Sync 1 DAGs
[2023-12-20T11:13:08.353+0000] {logging_mixin.py:151} INFO - [2023-12-20T11:13:08.352+0000] {dag.py:3722} INFO - Setting next_dagrun for tutorial to 2023-12-19T11:13:08.352796+00:00, run_after=2023-12-20T11:13:08.352796+00:00
[2023-12-20T11:13:08.365+0000] {processor.py:179} INFO - Processing /home/airflow/.local/lib/python3.8/site-packages/airflow/example_dags/tutorial.py took 0.053 seconds
[2023-12-20T11:13:39.009+0000] {processor.py:157} INFO - Started process (PID=10888) to work on /home/airflow/.local/lib/python3.8/site-packages/airflow/example_dags/tutorial.py
[2023-12-20T11:13:39.011+0000] {processor.py:829} INFO - Processing file /home/airflow/.local/lib/python3.8/site-packages/airflow/example_dags/tutorial.py for tasks to queue
[2023-12-20T11:13:39.012+0000] {logging_mixin.py:151} INFO - [2023-12-20T11:13:39.012+0000] {dagbag.py:536} INFO - Filling up the DagBag from /home/airflow/.local/lib/python3.8/site-packages/airflow/example_dags/tutorial.py
[2023-12-20T11:13:39.016+0000] {processor.py:839} INFO - DAG(s) dict_keys(['tutorial']) retrieved from /home/airflow/.local/lib/python3.8/site-packages/airflow/example_dags/tutorial.py
[2023-12-20T11:13:39.032+0000] {logging_mixin.py:151} INFO - [2023-12-20T11:13:39.032+0000] {dag.py:2941} INFO - Sync 1 DAGs
[2023-12-20T11:13:39.048+0000] {logging_mixin.py:151} INFO - [2023-12-20T11:13:39.048+0000] {dag.py:3722} INFO - Setting next_dagrun for tutorial to 2023-12-19T11:13:39.048566+00:00, run_after=2023-12-20T11:13:39.048566+00:00
[2023-12-20T11:13:39.063+0000] {processor.py:179} INFO - Processing /home/airflow/.local/lib/python3.8/site-packages/airflow/example_dags/tutorial.py took 0.057 seconds
[2023-12-20T11:14:09.103+0000] {processor.py:157} INFO - Started process (PID=10945) to work on /home/airflow/.local/lib/python3.8/site-packages/airflow/example_dags/tutorial.py
[2023-12-20T11:14:09.104+0000] {processor.py:829} INFO - Processing file /home/airflow/.local/lib/python3.8/site-packages/airflow/example_dags/tutorial.py for tasks to queue
[2023-12-20T11:14:09.105+0000] {logging_mixin.py:151} INFO - [2023-12-20T11:14:09.105+0000] {dagbag.py:536} INFO - Filling up the DagBag from /home/airflow/.local/lib/python3.8/site-packages/airflow/example_dags/tutorial.py
[2023-12-20T11:14:09.110+0000] {processor.py:839} INFO - DAG(s) dict_keys(['tutorial']) retrieved from /home/airflow/.local/lib/python3.8/site-packages/airflow/example_dags/tutorial.py
[2023-12-20T11:14:09.126+0000] {logging_mixin.py:151} INFO - [2023-12-20T11:14:09.126+0000] {dag.py:2941} INFO - Sync 1 DAGs
[2023-12-20T11:14:09.144+0000] {logging_mixin.py:151} INFO - [2023-12-20T11:14:09.144+0000] {dag.py:3722} INFO - Setting next_dagrun for tutorial to 2023-12-19T11:14:09.144127+00:00, run_after=2023-12-20T11:14:09.144127+00:00
[2023-12-20T11:14:09.159+0000] {processor.py:179} INFO - Processing /home/airflow/.local/lib/python3.8/site-packages/airflow/example_dags/tutorial.py took 0.057 seconds
