[2023-11-30T17:54:40.322+0000] {processor.py:157} INFO - Started process (PID=81) to work on /opt/airflow/dags/utils/const.py
[2023-11-30T17:54:40.322+0000] {processor.py:829} INFO - Processing file /opt/airflow/dags/utils/const.py for tasks to queue
[2023-11-30T17:54:40.371+0000] {logging_mixin.py:151} INFO - [2023-11-30T17:54:40.356+0000] {dagbag.py:536} INFO - Filling up the DagBag from /opt/airflow/dags/utils/const.py
[2023-11-30T17:54:40.374+0000] {processor.py:841} WARNING - No viable dags retrieved from /opt/airflow/dags/utils/const.py
[2023-11-30T17:54:40.413+0000] {processor.py:179} INFO - Processing /opt/airflow/dags/utils/const.py took 0.095 seconds
[2023-11-30T17:55:10.598+0000] {processor.py:157} INFO - Started process (PID=138) to work on /opt/airflow/dags/utils/const.py
[2023-11-30T17:55:10.599+0000] {processor.py:829} INFO - Processing file /opt/airflow/dags/utils/const.py for tasks to queue
[2023-11-30T17:55:10.600+0000] {logging_mixin.py:151} INFO - [2023-11-30T17:55:10.600+0000] {dagbag.py:536} INFO - Filling up the DagBag from /opt/airflow/dags/utils/const.py
[2023-11-30T17:55:10.602+0000] {processor.py:841} WARNING - No viable dags retrieved from /opt/airflow/dags/utils/const.py
[2023-11-30T17:55:10.610+0000] {processor.py:179} INFO - Processing /opt/airflow/dags/utils/const.py took 0.014 seconds
[2023-11-30T17:55:40.626+0000] {processor.py:157} INFO - Started process (PID=194) to work on /opt/airflow/dags/utils/const.py
[2023-11-30T17:55:40.629+0000] {processor.py:829} INFO - Processing file /opt/airflow/dags/utils/const.py for tasks to queue
[2023-11-30T17:55:40.630+0000] {logging_mixin.py:151} INFO - [2023-11-30T17:55:40.630+0000] {dagbag.py:536} INFO - Filling up the DagBag from /opt/airflow/dags/utils/const.py
[2023-11-30T17:55:40.632+0000] {processor.py:841} WARNING - No viable dags retrieved from /opt/airflow/dags/utils/const.py
[2023-11-30T17:55:40.641+0000] {processor.py:179} INFO - Processing /opt/airflow/dags/utils/const.py took 0.018 seconds
[2023-11-30T17:56:10.907+0000] {processor.py:157} INFO - Started process (PID=252) to work on /opt/airflow/dags/utils/const.py
[2023-11-30T17:56:10.908+0000] {processor.py:829} INFO - Processing file /opt/airflow/dags/utils/const.py for tasks to queue
[2023-11-30T17:56:10.909+0000] {logging_mixin.py:151} INFO - [2023-11-30T17:56:10.909+0000] {dagbag.py:536} INFO - Filling up the DagBag from /opt/airflow/dags/utils/const.py
[2023-11-30T17:56:10.910+0000] {processor.py:841} WARNING - No viable dags retrieved from /opt/airflow/dags/utils/const.py
[2023-11-30T17:56:10.919+0000] {processor.py:179} INFO - Processing /opt/airflow/dags/utils/const.py took 0.014 seconds
[2023-11-30T17:56:35.348+0000] {processor.py:157} INFO - Started process (PID=31) to work on /opt/airflow/dags/utils/const.py
[2023-11-30T17:56:35.349+0000] {processor.py:829} INFO - Processing file /opt/airflow/dags/utils/const.py for tasks to queue
[2023-11-30T17:56:35.351+0000] {logging_mixin.py:151} INFO - [2023-11-30T17:56:35.350+0000] {dagbag.py:536} INFO - Filling up the DagBag from /opt/airflow/dags/utils/const.py
[2023-11-30T17:56:35.353+0000] {processor.py:841} WARNING - No viable dags retrieved from /opt/airflow/dags/utils/const.py
[2023-11-30T17:56:35.381+0000] {processor.py:179} INFO - Processing /opt/airflow/dags/utils/const.py took 0.036 seconds
