[2023-10-26T09:41:05.636+0000] {processor.py:157} INFO - Started process (PID=218) to work on /home/airflow/.local/lib/python3.8/site-packages/airflow/example_dags/example_skip_dag.py
[2023-10-26T09:41:05.636+0000] {processor.py:829} INFO - Processing file /home/airflow/.local/lib/python3.8/site-packages/airflow/example_dags/example_skip_dag.py for tasks to queue
[2023-10-26T09:41:05.637+0000] {logging_mixin.py:151} INFO - [2023-10-26T09:41:05.637+0000] {dagbag.py:536} INFO - Filling up the DagBag from /home/airflow/.local/lib/python3.8/site-packages/airflow/example_dags/example_skip_dag.py
[2023-10-26T09:41:05.641+0000] {processor.py:839} INFO - DAG(s) dict_keys(['example_skip_dag']) retrieved from /home/airflow/.local/lib/python3.8/site-packages/airflow/example_dags/example_skip_dag.py
[2023-10-26T09:41:05.657+0000] {logging_mixin.py:151} INFO - [2023-10-26T09:41:05.657+0000] {dag.py:2941} INFO - Sync 1 DAGs
[2023-10-26T09:41:05.674+0000] {logging_mixin.py:151} INFO - [2023-10-26T09:41:05.674+0000] {dag.py:3722} INFO - Setting next_dagrun for example_skip_dag to 2023-10-25T09:41:05.674318+00:00, run_after=2023-10-26T09:41:05.674318+00:00
[2023-10-26T09:41:05.687+0000] {processor.py:179} INFO - Processing /home/airflow/.local/lib/python3.8/site-packages/airflow/example_dags/example_skip_dag.py took 0.053 seconds
[2023-10-26T09:41:37.340+0000] {processor.py:157} INFO - Started process (PID=274) to work on /home/airflow/.local/lib/python3.8/site-packages/airflow/example_dags/example_skip_dag.py
[2023-10-26T09:41:37.340+0000] {processor.py:829} INFO - Processing file /home/airflow/.local/lib/python3.8/site-packages/airflow/example_dags/example_skip_dag.py for tasks to queue
[2023-10-26T09:41:37.342+0000] {logging_mixin.py:151} INFO - [2023-10-26T09:41:37.341+0000] {dagbag.py:536} INFO - Filling up the DagBag from /home/airflow/.local/lib/python3.8/site-packages/airflow/example_dags/example_skip_dag.py
[2023-10-26T09:41:37.345+0000] {processor.py:839} INFO - DAG(s) dict_keys(['example_skip_dag']) retrieved from /home/airflow/.local/lib/python3.8/site-packages/airflow/example_dags/example_skip_dag.py
[2023-10-26T09:41:37.361+0000] {logging_mixin.py:151} INFO - [2023-10-26T09:41:37.360+0000] {dag.py:2941} INFO - Sync 1 DAGs
[2023-10-26T09:41:37.380+0000] {logging_mixin.py:151} INFO - [2023-10-26T09:41:37.380+0000] {dag.py:3722} INFO - Setting next_dagrun for example_skip_dag to 2023-10-25T09:41:37.380672+00:00, run_after=2023-10-26T09:41:37.380672+00:00
[2023-10-26T09:41:37.392+0000] {processor.py:179} INFO - Processing /home/airflow/.local/lib/python3.8/site-packages/airflow/example_dags/example_skip_dag.py took 0.054 seconds
[2023-10-26T09:42:08.110+0000] {processor.py:157} INFO - Started process (PID=330) to work on /home/airflow/.local/lib/python3.8/site-packages/airflow/example_dags/example_skip_dag.py
[2023-10-26T09:42:08.111+0000] {processor.py:829} INFO - Processing file /home/airflow/.local/lib/python3.8/site-packages/airflow/example_dags/example_skip_dag.py for tasks to queue
[2023-10-26T09:42:08.112+0000] {logging_mixin.py:151} INFO - [2023-10-26T09:42:08.112+0000] {dagbag.py:536} INFO - Filling up the DagBag from /home/airflow/.local/lib/python3.8/site-packages/airflow/example_dags/example_skip_dag.py
[2023-10-26T09:42:08.118+0000] {processor.py:839} INFO - DAG(s) dict_keys(['example_skip_dag']) retrieved from /home/airflow/.local/lib/python3.8/site-packages/airflow/example_dags/example_skip_dag.py
[2023-10-26T09:42:08.132+0000] {logging_mixin.py:151} INFO - [2023-10-26T09:42:08.132+0000] {dag.py:2941} INFO - Sync 1 DAGs
[2023-10-26T09:42:08.146+0000] {logging_mixin.py:151} INFO - [2023-10-26T09:42:08.146+0000] {dag.py:3722} INFO - Setting next_dagrun for example_skip_dag to 2023-10-25T09:42:08.146357+00:00, run_after=2023-10-26T09:42:08.146357+00:00
[2023-10-26T09:42:08.160+0000] {processor.py:179} INFO - Processing /home/airflow/.local/lib/python3.8/site-packages/airflow/example_dags/example_skip_dag.py took 0.052 seconds
[2023-10-26T09:42:38.905+0000] {processor.py:157} INFO - Started process (PID=386) to work on /home/airflow/.local/lib/python3.8/site-packages/airflow/example_dags/example_skip_dag.py
[2023-10-26T09:42:38.906+0000] {processor.py:829} INFO - Processing file /home/airflow/.local/lib/python3.8/site-packages/airflow/example_dags/example_skip_dag.py for tasks to queue
[2023-10-26T09:42:38.907+0000] {logging_mixin.py:151} INFO - [2023-10-26T09:42:38.907+0000] {dagbag.py:536} INFO - Filling up the DagBag from /home/airflow/.local/lib/python3.8/site-packages/airflow/example_dags/example_skip_dag.py
[2023-10-26T09:42:38.910+0000] {processor.py:839} INFO - DAG(s) dict_keys(['example_skip_dag']) retrieved from /home/airflow/.local/lib/python3.8/site-packages/airflow/example_dags/example_skip_dag.py
[2023-10-26T09:42:38.923+0000] {logging_mixin.py:151} INFO - [2023-10-26T09:42:38.923+0000] {dag.py:2941} INFO - Sync 1 DAGs
[2023-10-26T09:42:38.937+0000] {logging_mixin.py:151} INFO - [2023-10-26T09:42:38.937+0000] {dag.py:3722} INFO - Setting next_dagrun for example_skip_dag to 2023-10-25T09:42:38.937466+00:00, run_after=2023-10-26T09:42:38.937466+00:00
[2023-10-26T09:42:38.950+0000] {processor.py:179} INFO - Processing /home/airflow/.local/lib/python3.8/site-packages/airflow/example_dags/example_skip_dag.py took 0.047 seconds
[2023-10-26T09:43:09.690+0000] {processor.py:157} INFO - Started process (PID=443) to work on /home/airflow/.local/lib/python3.8/site-packages/airflow/example_dags/example_skip_dag.py
[2023-10-26T09:43:09.690+0000] {processor.py:829} INFO - Processing file /home/airflow/.local/lib/python3.8/site-packages/airflow/example_dags/example_skip_dag.py for tasks to queue
[2023-10-26T09:43:09.692+0000] {logging_mixin.py:151} INFO - [2023-10-26T09:43:09.691+0000] {dagbag.py:536} INFO - Filling up the DagBag from /home/airflow/.local/lib/python3.8/site-packages/airflow/example_dags/example_skip_dag.py
[2023-10-26T09:43:09.696+0000] {processor.py:839} INFO - DAG(s) dict_keys(['example_skip_dag']) retrieved from /home/airflow/.local/lib/python3.8/site-packages/airflow/example_dags/example_skip_dag.py
[2023-10-26T09:43:09.711+0000] {logging_mixin.py:151} INFO - [2023-10-26T09:43:09.711+0000] {dag.py:2941} INFO - Sync 1 DAGs
[2023-10-26T09:43:09.730+0000] {logging_mixin.py:151} INFO - [2023-10-26T09:43:09.730+0000] {dag.py:3722} INFO - Setting next_dagrun for example_skip_dag to 2023-10-25T09:43:09.730093+00:00, run_after=2023-10-26T09:43:09.730093+00:00
[2023-10-26T09:43:09.744+0000] {processor.py:179} INFO - Processing /home/airflow/.local/lib/python3.8/site-packages/airflow/example_dags/example_skip_dag.py took 0.056 seconds
[2023-10-26T09:43:40.572+0000] {processor.py:157} INFO - Started process (PID=500) to work on /home/airflow/.local/lib/python3.8/site-packages/airflow/example_dags/example_skip_dag.py
[2023-10-26T09:43:40.572+0000] {processor.py:829} INFO - Processing file /home/airflow/.local/lib/python3.8/site-packages/airflow/example_dags/example_skip_dag.py for tasks to queue
[2023-10-26T09:43:40.573+0000] {logging_mixin.py:151} INFO - [2023-10-26T09:43:40.573+0000] {dagbag.py:536} INFO - Filling up the DagBag from /home/airflow/.local/lib/python3.8/site-packages/airflow/example_dags/example_skip_dag.py
[2023-10-26T09:43:40.577+0000] {processor.py:839} INFO - DAG(s) dict_keys(['example_skip_dag']) retrieved from /home/airflow/.local/lib/python3.8/site-packages/airflow/example_dags/example_skip_dag.py
[2023-10-26T09:43:40.592+0000] {logging_mixin.py:151} INFO - [2023-10-26T09:43:40.592+0000] {dag.py:2941} INFO - Sync 1 DAGs
[2023-10-26T09:43:40.611+0000] {logging_mixin.py:151} INFO - [2023-10-26T09:43:40.611+0000] {dag.py:3722} INFO - Setting next_dagrun for example_skip_dag to 2023-10-25T09:43:40.611411+00:00, run_after=2023-10-26T09:43:40.611411+00:00
[2023-10-26T09:43:40.626+0000] {processor.py:179} INFO - Processing /home/airflow/.local/lib/python3.8/site-packages/airflow/example_dags/example_skip_dag.py took 0.056 seconds
[2023-10-26T09:44:11.501+0000] {processor.py:157} INFO - Started process (PID=556) to work on /home/airflow/.local/lib/python3.8/site-packages/airflow/example_dags/example_skip_dag.py
[2023-10-26T09:44:11.502+0000] {processor.py:829} INFO - Processing file /home/airflow/.local/lib/python3.8/site-packages/airflow/example_dags/example_skip_dag.py for tasks to queue
[2023-10-26T09:44:11.503+0000] {logging_mixin.py:151} INFO - [2023-10-26T09:44:11.503+0000] {dagbag.py:536} INFO - Filling up the DagBag from /home/airflow/.local/lib/python3.8/site-packages/airflow/example_dags/example_skip_dag.py
[2023-10-26T09:44:11.507+0000] {processor.py:839} INFO - DAG(s) dict_keys(['example_skip_dag']) retrieved from /home/airflow/.local/lib/python3.8/site-packages/airflow/example_dags/example_skip_dag.py
[2023-10-26T09:44:11.519+0000] {logging_mixin.py:151} INFO - [2023-10-26T09:44:11.519+0000] {dag.py:2941} INFO - Sync 1 DAGs
[2023-10-26T09:44:11.533+0000] {logging_mixin.py:151} INFO - [2023-10-26T09:44:11.532+0000] {dag.py:3722} INFO - Setting next_dagrun for example_skip_dag to 2023-10-25T09:44:11.532752+00:00, run_after=2023-10-26T09:44:11.532752+00:00
[2023-10-26T09:44:11.545+0000] {processor.py:179} INFO - Processing /home/airflow/.local/lib/python3.8/site-packages/airflow/example_dags/example_skip_dag.py took 0.046 seconds
[2023-10-26T09:44:42.205+0000] {processor.py:157} INFO - Started process (PID=612) to work on /home/airflow/.local/lib/python3.8/site-packages/airflow/example_dags/example_skip_dag.py
[2023-10-26T09:44:42.206+0000] {processor.py:829} INFO - Processing file /home/airflow/.local/lib/python3.8/site-packages/airflow/example_dags/example_skip_dag.py for tasks to queue
[2023-10-26T09:44:42.207+0000] {logging_mixin.py:151} INFO - [2023-10-26T09:44:42.207+0000] {dagbag.py:536} INFO - Filling up the DagBag from /home/airflow/.local/lib/python3.8/site-packages/airflow/example_dags/example_skip_dag.py
[2023-10-26T09:44:42.212+0000] {processor.py:839} INFO - DAG(s) dict_keys(['example_skip_dag']) retrieved from /home/airflow/.local/lib/python3.8/site-packages/airflow/example_dags/example_skip_dag.py
[2023-10-26T09:44:42.229+0000] {logging_mixin.py:151} INFO - [2023-10-26T09:44:42.228+0000] {dag.py:2941} INFO - Sync 1 DAGs
[2023-10-26T09:44:42.247+0000] {logging_mixin.py:151} INFO - [2023-10-26T09:44:42.247+0000] {dag.py:3722} INFO - Setting next_dagrun for example_skip_dag to 2023-10-25T09:44:42.247164+00:00, run_after=2023-10-26T09:44:42.247164+00:00
[2023-10-26T09:44:42.259+0000] {processor.py:179} INFO - Processing /home/airflow/.local/lib/python3.8/site-packages/airflow/example_dags/example_skip_dag.py took 0.058 seconds
[2023-10-26T09:45:12.906+0000] {processor.py:157} INFO - Started process (PID=668) to work on /home/airflow/.local/lib/python3.8/site-packages/airflow/example_dags/example_skip_dag.py
[2023-10-26T09:45:12.907+0000] {processor.py:829} INFO - Processing file /home/airflow/.local/lib/python3.8/site-packages/airflow/example_dags/example_skip_dag.py for tasks to queue
[2023-10-26T09:45:12.908+0000] {logging_mixin.py:151} INFO - [2023-10-26T09:45:12.908+0000] {dagbag.py:536} INFO - Filling up the DagBag from /home/airflow/.local/lib/python3.8/site-packages/airflow/example_dags/example_skip_dag.py
[2023-10-26T09:45:12.913+0000] {processor.py:839} INFO - DAG(s) dict_keys(['example_skip_dag']) retrieved from /home/airflow/.local/lib/python3.8/site-packages/airflow/example_dags/example_skip_dag.py
[2023-10-26T09:45:12.929+0000] {logging_mixin.py:151} INFO - [2023-10-26T09:45:12.929+0000] {dag.py:2941} INFO - Sync 1 DAGs
[2023-10-26T09:45:12.947+0000] {logging_mixin.py:151} INFO - [2023-10-26T09:45:12.947+0000] {dag.py:3722} INFO - Setting next_dagrun for example_skip_dag to 2023-10-25T09:45:12.947189+00:00, run_after=2023-10-26T09:45:12.947189+00:00
[2023-10-26T09:45:12.962+0000] {processor.py:179} INFO - Processing /home/airflow/.local/lib/python3.8/site-packages/airflow/example_dags/example_skip_dag.py took 0.058 seconds
[2023-10-26T09:45:43.655+0000] {processor.py:157} INFO - Started process (PID=724) to work on /home/airflow/.local/lib/python3.8/site-packages/airflow/example_dags/example_skip_dag.py
[2023-10-26T09:45:43.656+0000] {processor.py:829} INFO - Processing file /home/airflow/.local/lib/python3.8/site-packages/airflow/example_dags/example_skip_dag.py for tasks to queue
[2023-10-26T09:45:43.657+0000] {logging_mixin.py:151} INFO - [2023-10-26T09:45:43.657+0000] {dagbag.py:536} INFO - Filling up the DagBag from /home/airflow/.local/lib/python3.8/site-packages/airflow/example_dags/example_skip_dag.py
[2023-10-26T09:45:43.661+0000] {processor.py:839} INFO - DAG(s) dict_keys(['example_skip_dag']) retrieved from /home/airflow/.local/lib/python3.8/site-packages/airflow/example_dags/example_skip_dag.py
[2023-10-26T09:45:43.674+0000] {logging_mixin.py:151} INFO - [2023-10-26T09:45:43.674+0000] {dag.py:2941} INFO - Sync 1 DAGs
[2023-10-26T09:45:43.690+0000] {logging_mixin.py:151} INFO - [2023-10-26T09:45:43.690+0000] {dag.py:3722} INFO - Setting next_dagrun for example_skip_dag to 2023-10-25T09:45:43.689978+00:00, run_after=2023-10-26T09:45:43.689978+00:00
[2023-10-26T09:45:43.704+0000] {processor.py:179} INFO - Processing /home/airflow/.local/lib/python3.8/site-packages/airflow/example_dags/example_skip_dag.py took 0.051 seconds
[2023-10-26T09:46:14.449+0000] {processor.py:157} INFO - Started process (PID=780) to work on /home/airflow/.local/lib/python3.8/site-packages/airflow/example_dags/example_skip_dag.py
[2023-10-26T09:46:14.450+0000] {processor.py:829} INFO - Processing file /home/airflow/.local/lib/python3.8/site-packages/airflow/example_dags/example_skip_dag.py for tasks to queue
[2023-10-26T09:46:14.451+0000] {logging_mixin.py:151} INFO - [2023-10-26T09:46:14.451+0000] {dagbag.py:536} INFO - Filling up the DagBag from /home/airflow/.local/lib/python3.8/site-packages/airflow/example_dags/example_skip_dag.py
[2023-10-26T09:46:14.456+0000] {processor.py:839} INFO - DAG(s) dict_keys(['example_skip_dag']) retrieved from /home/airflow/.local/lib/python3.8/site-packages/airflow/example_dags/example_skip_dag.py
[2023-10-26T09:46:14.474+0000] {logging_mixin.py:151} INFO - [2023-10-26T09:46:14.474+0000] {dag.py:2941} INFO - Sync 1 DAGs
[2023-10-26T09:46:14.493+0000] {logging_mixin.py:151} INFO - [2023-10-26T09:46:14.493+0000] {dag.py:3722} INFO - Setting next_dagrun for example_skip_dag to 2023-10-25T09:46:14.493202+00:00, run_after=2023-10-26T09:46:14.493202+00:00
[2023-10-26T09:46:14.510+0000] {processor.py:179} INFO - Processing /home/airflow/.local/lib/python3.8/site-packages/airflow/example_dags/example_skip_dag.py took 0.064 seconds
[2023-10-26T09:46:44.622+0000] {processor.py:157} INFO - Started process (PID=837) to work on /home/airflow/.local/lib/python3.8/site-packages/airflow/example_dags/example_skip_dag.py
[2023-10-26T09:46:44.622+0000] {processor.py:829} INFO - Processing file /home/airflow/.local/lib/python3.8/site-packages/airflow/example_dags/example_skip_dag.py for tasks to queue
[2023-10-26T09:46:44.623+0000] {logging_mixin.py:151} INFO - [2023-10-26T09:46:44.623+0000] {dagbag.py:536} INFO - Filling up the DagBag from /home/airflow/.local/lib/python3.8/site-packages/airflow/example_dags/example_skip_dag.py
[2023-10-26T09:46:44.627+0000] {processor.py:839} INFO - DAG(s) dict_keys(['example_skip_dag']) retrieved from /home/airflow/.local/lib/python3.8/site-packages/airflow/example_dags/example_skip_dag.py
[2023-10-26T09:46:44.640+0000] {logging_mixin.py:151} INFO - [2023-10-26T09:46:44.640+0000] {dag.py:2941} INFO - Sync 1 DAGs
[2023-10-26T09:46:44.657+0000] {logging_mixin.py:151} INFO - [2023-10-26T09:46:44.657+0000] {dag.py:3722} INFO - Setting next_dagrun for example_skip_dag to 2023-10-25T09:46:44.657145+00:00, run_after=2023-10-26T09:46:44.657145+00:00
[2023-10-26T09:46:44.669+0000] {processor.py:179} INFO - Processing /home/airflow/.local/lib/python3.8/site-packages/airflow/example_dags/example_skip_dag.py took 0.049 seconds
[2023-10-26T09:47:14.831+0000] {processor.py:157} INFO - Started process (PID=893) to work on /home/airflow/.local/lib/python3.8/site-packages/airflow/example_dags/example_skip_dag.py
[2023-10-26T09:47:14.831+0000] {processor.py:829} INFO - Processing file /home/airflow/.local/lib/python3.8/site-packages/airflow/example_dags/example_skip_dag.py for tasks to queue
[2023-10-26T09:47:14.832+0000] {logging_mixin.py:151} INFO - [2023-10-26T09:47:14.832+0000] {dagbag.py:536} INFO - Filling up the DagBag from /home/airflow/.local/lib/python3.8/site-packages/airflow/example_dags/example_skip_dag.py
[2023-10-26T09:47:14.838+0000] {processor.py:839} INFO - DAG(s) dict_keys(['example_skip_dag']) retrieved from /home/airflow/.local/lib/python3.8/site-packages/airflow/example_dags/example_skip_dag.py
[2023-10-26T09:47:14.854+0000] {logging_mixin.py:151} INFO - [2023-10-26T09:47:14.854+0000] {dag.py:2941} INFO - Sync 1 DAGs
[2023-10-26T09:47:14.868+0000] {logging_mixin.py:151} INFO - [2023-10-26T09:47:14.868+0000] {dag.py:3722} INFO - Setting next_dagrun for example_skip_dag to 2023-10-25T09:47:14.868003+00:00, run_after=2023-10-26T09:47:14.868003+00:00
[2023-10-26T09:47:14.879+0000] {processor.py:179} INFO - Processing /home/airflow/.local/lib/python3.8/site-packages/airflow/example_dags/example_skip_dag.py took 0.051 seconds
[2023-10-26T09:47:44.916+0000] {processor.py:157} INFO - Started process (PID=950) to work on /home/airflow/.local/lib/python3.8/site-packages/airflow/example_dags/example_skip_dag.py
[2023-10-26T09:47:44.917+0000] {processor.py:829} INFO - Processing file /home/airflow/.local/lib/python3.8/site-packages/airflow/example_dags/example_skip_dag.py for tasks to queue
[2023-10-26T09:47:44.918+0000] {logging_mixin.py:151} INFO - [2023-10-26T09:47:44.918+0000] {dagbag.py:536} INFO - Filling up the DagBag from /home/airflow/.local/lib/python3.8/site-packages/airflow/example_dags/example_skip_dag.py
[2023-10-26T09:47:44.921+0000] {processor.py:839} INFO - DAG(s) dict_keys(['example_skip_dag']) retrieved from /home/airflow/.local/lib/python3.8/site-packages/airflow/example_dags/example_skip_dag.py
[2023-10-26T09:47:44.937+0000] {logging_mixin.py:151} INFO - [2023-10-26T09:47:44.937+0000] {dag.py:2941} INFO - Sync 1 DAGs
[2023-10-26T09:47:44.955+0000] {logging_mixin.py:151} INFO - [2023-10-26T09:47:44.954+0000] {dag.py:3722} INFO - Setting next_dagrun for example_skip_dag to 2023-10-25T09:47:44.954769+00:00, run_after=2023-10-26T09:47:44.954769+00:00
[2023-10-26T09:47:44.969+0000] {processor.py:179} INFO - Processing /home/airflow/.local/lib/python3.8/site-packages/airflow/example_dags/example_skip_dag.py took 0.055 seconds
[2023-10-26T09:48:15.877+0000] {processor.py:157} INFO - Started process (PID=1006) to work on /home/airflow/.local/lib/python3.8/site-packages/airflow/example_dags/example_skip_dag.py
[2023-10-26T09:48:15.877+0000] {processor.py:829} INFO - Processing file /home/airflow/.local/lib/python3.8/site-packages/airflow/example_dags/example_skip_dag.py for tasks to queue
[2023-10-26T09:48:15.878+0000] {logging_mixin.py:151} INFO - [2023-10-26T09:48:15.878+0000] {dagbag.py:536} INFO - Filling up the DagBag from /home/airflow/.local/lib/python3.8/site-packages/airflow/example_dags/example_skip_dag.py
[2023-10-26T09:48:15.882+0000] {processor.py:839} INFO - DAG(s) dict_keys(['example_skip_dag']) retrieved from /home/airflow/.local/lib/python3.8/site-packages/airflow/example_dags/example_skip_dag.py
[2023-10-26T09:48:15.898+0000] {logging_mixin.py:151} INFO - [2023-10-26T09:48:15.897+0000] {dag.py:2941} INFO - Sync 1 DAGs
[2023-10-26T09:48:15.915+0000] {logging_mixin.py:151} INFO - [2023-10-26T09:48:15.914+0000] {dag.py:3722} INFO - Setting next_dagrun for example_skip_dag to 2023-10-25T09:48:15.914854+00:00, run_after=2023-10-26T09:48:15.914854+00:00
[2023-10-26T09:48:15.926+0000] {processor.py:179} INFO - Processing /home/airflow/.local/lib/python3.8/site-packages/airflow/example_dags/example_skip_dag.py took 0.051 seconds
[2023-10-26T09:48:46.561+0000] {processor.py:157} INFO - Started process (PID=1062) to work on /home/airflow/.local/lib/python3.8/site-packages/airflow/example_dags/example_skip_dag.py
[2023-10-26T09:48:46.562+0000] {processor.py:829} INFO - Processing file /home/airflow/.local/lib/python3.8/site-packages/airflow/example_dags/example_skip_dag.py for tasks to queue
[2023-10-26T09:48:46.563+0000] {logging_mixin.py:151} INFO - [2023-10-26T09:48:46.563+0000] {dagbag.py:536} INFO - Filling up the DagBag from /home/airflow/.local/lib/python3.8/site-packages/airflow/example_dags/example_skip_dag.py
[2023-10-26T09:48:46.568+0000] {processor.py:839} INFO - DAG(s) dict_keys(['example_skip_dag']) retrieved from /home/airflow/.local/lib/python3.8/site-packages/airflow/example_dags/example_skip_dag.py
[2023-10-26T09:48:46.585+0000] {logging_mixin.py:151} INFO - [2023-10-26T09:48:46.584+0000] {dag.py:2941} INFO - Sync 1 DAGs
[2023-10-26T09:48:46.602+0000] {logging_mixin.py:151} INFO - [2023-10-26T09:48:46.602+0000] {dag.py:3722} INFO - Setting next_dagrun for example_skip_dag to 2023-10-25T09:48:46.601963+00:00, run_after=2023-10-26T09:48:46.601963+00:00
[2023-10-26T09:48:46.616+0000] {processor.py:179} INFO - Processing /home/airflow/.local/lib/python3.8/site-packages/airflow/example_dags/example_skip_dag.py took 0.057 seconds
[2023-10-26T09:49:17.319+0000] {processor.py:157} INFO - Started process (PID=1118) to work on /home/airflow/.local/lib/python3.8/site-packages/airflow/example_dags/example_skip_dag.py
[2023-10-26T09:49:17.320+0000] {processor.py:829} INFO - Processing file /home/airflow/.local/lib/python3.8/site-packages/airflow/example_dags/example_skip_dag.py for tasks to queue
[2023-10-26T09:49:17.321+0000] {logging_mixin.py:151} INFO - [2023-10-26T09:49:17.321+0000] {dagbag.py:536} INFO - Filling up the DagBag from /home/airflow/.local/lib/python3.8/site-packages/airflow/example_dags/example_skip_dag.py
[2023-10-26T09:49:17.325+0000] {processor.py:839} INFO - DAG(s) dict_keys(['example_skip_dag']) retrieved from /home/airflow/.local/lib/python3.8/site-packages/airflow/example_dags/example_skip_dag.py
[2023-10-26T09:49:17.339+0000] {logging_mixin.py:151} INFO - [2023-10-26T09:49:17.339+0000] {dag.py:2941} INFO - Sync 1 DAGs
[2023-10-26T09:49:17.352+0000] {logging_mixin.py:151} INFO - [2023-10-26T09:49:17.352+0000] {dag.py:3722} INFO - Setting next_dagrun for example_skip_dag to 2023-10-25T09:49:17.352385+00:00, run_after=2023-10-26T09:49:17.352385+00:00
[2023-10-26T09:49:17.365+0000] {processor.py:179} INFO - Processing /home/airflow/.local/lib/python3.8/site-packages/airflow/example_dags/example_skip_dag.py took 0.048 seconds
[2023-10-26T09:49:47.411+0000] {processor.py:157} INFO - Started process (PID=1174) to work on /home/airflow/.local/lib/python3.8/site-packages/airflow/example_dags/example_skip_dag.py
[2023-10-26T09:49:47.411+0000] {processor.py:829} INFO - Processing file /home/airflow/.local/lib/python3.8/site-packages/airflow/example_dags/example_skip_dag.py for tasks to queue
[2023-10-26T09:49:47.413+0000] {logging_mixin.py:151} INFO - [2023-10-26T09:49:47.413+0000] {dagbag.py:536} INFO - Filling up the DagBag from /home/airflow/.local/lib/python3.8/site-packages/airflow/example_dags/example_skip_dag.py
[2023-10-26T09:49:47.418+0000] {processor.py:839} INFO - DAG(s) dict_keys(['example_skip_dag']) retrieved from /home/airflow/.local/lib/python3.8/site-packages/airflow/example_dags/example_skip_dag.py
[2023-10-26T09:49:47.436+0000] {logging_mixin.py:151} INFO - [2023-10-26T09:49:47.436+0000] {dag.py:2941} INFO - Sync 1 DAGs
[2023-10-26T09:49:47.457+0000] {logging_mixin.py:151} INFO - [2023-10-26T09:49:47.457+0000] {dag.py:3722} INFO - Setting next_dagrun for example_skip_dag to 2023-10-25T09:49:47.457169+00:00, run_after=2023-10-26T09:49:47.457169+00:00
[2023-10-26T09:49:47.474+0000] {processor.py:179} INFO - Processing /home/airflow/.local/lib/python3.8/site-packages/airflow/example_dags/example_skip_dag.py took 0.066 seconds
[2023-10-26T09:50:17.712+0000] {processor.py:157} INFO - Started process (PID=1230) to work on /home/airflow/.local/lib/python3.8/site-packages/airflow/example_dags/example_skip_dag.py
[2023-10-26T09:50:17.712+0000] {processor.py:829} INFO - Processing file /home/airflow/.local/lib/python3.8/site-packages/airflow/example_dags/example_skip_dag.py for tasks to queue
[2023-10-26T09:50:17.714+0000] {logging_mixin.py:151} INFO - [2023-10-26T09:50:17.713+0000] {dagbag.py:536} INFO - Filling up the DagBag from /home/airflow/.local/lib/python3.8/site-packages/airflow/example_dags/example_skip_dag.py
[2023-10-26T09:50:17.718+0000] {processor.py:839} INFO - DAG(s) dict_keys(['example_skip_dag']) retrieved from /home/airflow/.local/lib/python3.8/site-packages/airflow/example_dags/example_skip_dag.py
[2023-10-26T09:50:17.734+0000] {logging_mixin.py:151} INFO - [2023-10-26T09:50:17.734+0000] {dag.py:2941} INFO - Sync 1 DAGs
[2023-10-26T09:50:17.751+0000] {logging_mixin.py:151} INFO - [2023-10-26T09:50:17.751+0000] {dag.py:3722} INFO - Setting next_dagrun for example_skip_dag to 2023-10-25T09:50:17.751540+00:00, run_after=2023-10-26T09:50:17.751540+00:00
[2023-10-26T09:50:17.765+0000] {processor.py:179} INFO - Processing /home/airflow/.local/lib/python3.8/site-packages/airflow/example_dags/example_skip_dag.py took 0.055 seconds
[2023-10-26T09:50:48.477+0000] {processor.py:157} INFO - Started process (PID=1286) to work on /home/airflow/.local/lib/python3.8/site-packages/airflow/example_dags/example_skip_dag.py
[2023-10-26T09:50:48.478+0000] {processor.py:829} INFO - Processing file /home/airflow/.local/lib/python3.8/site-packages/airflow/example_dags/example_skip_dag.py for tasks to queue
[2023-10-26T09:50:48.479+0000] {logging_mixin.py:151} INFO - [2023-10-26T09:50:48.479+0000] {dagbag.py:536} INFO - Filling up the DagBag from /home/airflow/.local/lib/python3.8/site-packages/airflow/example_dags/example_skip_dag.py
[2023-10-26T09:50:48.484+0000] {processor.py:839} INFO - DAG(s) dict_keys(['example_skip_dag']) retrieved from /home/airflow/.local/lib/python3.8/site-packages/airflow/example_dags/example_skip_dag.py
[2023-10-26T09:50:48.501+0000] {logging_mixin.py:151} INFO - [2023-10-26T09:50:48.500+0000] {dag.py:2941} INFO - Sync 1 DAGs
[2023-10-26T09:50:48.518+0000] {logging_mixin.py:151} INFO - [2023-10-26T09:50:48.518+0000] {dag.py:3722} INFO - Setting next_dagrun for example_skip_dag to 2023-10-25T09:50:48.518116+00:00, run_after=2023-10-26T09:50:48.518116+00:00
[2023-10-26T09:50:48.532+0000] {processor.py:179} INFO - Processing /home/airflow/.local/lib/python3.8/site-packages/airflow/example_dags/example_skip_dag.py took 0.056 seconds
[2023-10-26T09:51:19.272+0000] {processor.py:157} INFO - Started process (PID=1343) to work on /home/airflow/.local/lib/python3.8/site-packages/airflow/example_dags/example_skip_dag.py
[2023-10-26T09:51:19.272+0000] {processor.py:829} INFO - Processing file /home/airflow/.local/lib/python3.8/site-packages/airflow/example_dags/example_skip_dag.py for tasks to queue
[2023-10-26T09:51:19.274+0000] {logging_mixin.py:151} INFO - [2023-10-26T09:51:19.274+0000] {dagbag.py:536} INFO - Filling up the DagBag from /home/airflow/.local/lib/python3.8/site-packages/airflow/example_dags/example_skip_dag.py
[2023-10-26T09:51:19.279+0000] {processor.py:839} INFO - DAG(s) dict_keys(['example_skip_dag']) retrieved from /home/airflow/.local/lib/python3.8/site-packages/airflow/example_dags/example_skip_dag.py
[2023-10-26T09:51:19.295+0000] {logging_mixin.py:151} INFO - [2023-10-26T09:51:19.295+0000] {dag.py:2941} INFO - Sync 1 DAGs
[2023-10-26T09:51:19.312+0000] {logging_mixin.py:151} INFO - [2023-10-26T09:51:19.312+0000] {dag.py:3722} INFO - Setting next_dagrun for example_skip_dag to 2023-10-25T09:51:19.312309+00:00, run_after=2023-10-26T09:51:19.312309+00:00
[2023-10-26T09:51:19.326+0000] {processor.py:179} INFO - Processing /home/airflow/.local/lib/python3.8/site-packages/airflow/example_dags/example_skip_dag.py took 0.057 seconds
[2023-10-26T09:51:50.032+0000] {processor.py:157} INFO - Started process (PID=1400) to work on /home/airflow/.local/lib/python3.8/site-packages/airflow/example_dags/example_skip_dag.py
[2023-10-26T09:51:50.032+0000] {processor.py:829} INFO - Processing file /home/airflow/.local/lib/python3.8/site-packages/airflow/example_dags/example_skip_dag.py for tasks to queue
[2023-10-26T09:51:50.034+0000] {logging_mixin.py:151} INFO - [2023-10-26T09:51:50.033+0000] {dagbag.py:536} INFO - Filling up the DagBag from /home/airflow/.local/lib/python3.8/site-packages/airflow/example_dags/example_skip_dag.py
[2023-10-26T09:51:50.037+0000] {processor.py:839} INFO - DAG(s) dict_keys(['example_skip_dag']) retrieved from /home/airflow/.local/lib/python3.8/site-packages/airflow/example_dags/example_skip_dag.py
[2023-10-26T09:51:50.050+0000] {logging_mixin.py:151} INFO - [2023-10-26T09:51:50.050+0000] {dag.py:2941} INFO - Sync 1 DAGs
[2023-10-26T09:51:50.063+0000] {logging_mixin.py:151} INFO - [2023-10-26T09:51:50.063+0000] {dag.py:3722} INFO - Setting next_dagrun for example_skip_dag to 2023-10-25T09:51:50.063445+00:00, run_after=2023-10-26T09:51:50.063445+00:00
[2023-10-26T09:51:50.077+0000] {processor.py:179} INFO - Processing /home/airflow/.local/lib/python3.8/site-packages/airflow/example_dags/example_skip_dag.py took 0.048 seconds
[2023-10-26T09:52:20.883+0000] {processor.py:157} INFO - Started process (PID=1456) to work on /home/airflow/.local/lib/python3.8/site-packages/airflow/example_dags/example_skip_dag.py
[2023-10-26T09:52:20.884+0000] {processor.py:829} INFO - Processing file /home/airflow/.local/lib/python3.8/site-packages/airflow/example_dags/example_skip_dag.py for tasks to queue
[2023-10-26T09:52:20.885+0000] {logging_mixin.py:151} INFO - [2023-10-26T09:52:20.885+0000] {dagbag.py:536} INFO - Filling up the DagBag from /home/airflow/.local/lib/python3.8/site-packages/airflow/example_dags/example_skip_dag.py
[2023-10-26T09:52:20.890+0000] {processor.py:839} INFO - DAG(s) dict_keys(['example_skip_dag']) retrieved from /home/airflow/.local/lib/python3.8/site-packages/airflow/example_dags/example_skip_dag.py
[2023-10-26T09:52:20.904+0000] {logging_mixin.py:151} INFO - [2023-10-26T09:52:20.904+0000] {dag.py:2941} INFO - Sync 1 DAGs
[2023-10-26T09:52:20.919+0000] {logging_mixin.py:151} INFO - [2023-10-26T09:52:20.919+0000] {dag.py:3722} INFO - Setting next_dagrun for example_skip_dag to 2023-10-25T09:52:20.918901+00:00, run_after=2023-10-26T09:52:20.918901+00:00
[2023-10-26T09:52:20.932+0000] {processor.py:179} INFO - Processing /home/airflow/.local/lib/python3.8/site-packages/airflow/example_dags/example_skip_dag.py took 0.051 seconds
[2023-10-26T09:52:51.583+0000] {processor.py:157} INFO - Started process (PID=1512) to work on /home/airflow/.local/lib/python3.8/site-packages/airflow/example_dags/example_skip_dag.py
[2023-10-26T09:52:51.583+0000] {processor.py:829} INFO - Processing file /home/airflow/.local/lib/python3.8/site-packages/airflow/example_dags/example_skip_dag.py for tasks to queue
[2023-10-26T09:52:51.584+0000] {logging_mixin.py:151} INFO - [2023-10-26T09:52:51.584+0000] {dagbag.py:536} INFO - Filling up the DagBag from /home/airflow/.local/lib/python3.8/site-packages/airflow/example_dags/example_skip_dag.py
[2023-10-26T09:52:51.588+0000] {processor.py:839} INFO - DAG(s) dict_keys(['example_skip_dag']) retrieved from /home/airflow/.local/lib/python3.8/site-packages/airflow/example_dags/example_skip_dag.py
[2023-10-26T09:52:51.602+0000] {logging_mixin.py:151} INFO - [2023-10-26T09:52:51.602+0000] {dag.py:2941} INFO - Sync 1 DAGs
[2023-10-26T09:52:51.617+0000] {logging_mixin.py:151} INFO - [2023-10-26T09:52:51.617+0000] {dag.py:3722} INFO - Setting next_dagrun for example_skip_dag to 2023-10-25T09:52:51.617354+00:00, run_after=2023-10-26T09:52:51.617354+00:00
[2023-10-26T09:52:51.630+0000] {processor.py:179} INFO - Processing /home/airflow/.local/lib/python3.8/site-packages/airflow/example_dags/example_skip_dag.py took 0.049 seconds
[2023-10-26T09:53:22.301+0000] {processor.py:157} INFO - Started process (PID=1568) to work on /home/airflow/.local/lib/python3.8/site-packages/airflow/example_dags/example_skip_dag.py
[2023-10-26T09:53:22.302+0000] {processor.py:829} INFO - Processing file /home/airflow/.local/lib/python3.8/site-packages/airflow/example_dags/example_skip_dag.py for tasks to queue
[2023-10-26T09:53:22.303+0000] {logging_mixin.py:151} INFO - [2023-10-26T09:53:22.303+0000] {dagbag.py:536} INFO - Filling up the DagBag from /home/airflow/.local/lib/python3.8/site-packages/airflow/example_dags/example_skip_dag.py
[2023-10-26T09:53:22.307+0000] {processor.py:839} INFO - DAG(s) dict_keys(['example_skip_dag']) retrieved from /home/airflow/.local/lib/python3.8/site-packages/airflow/example_dags/example_skip_dag.py
[2023-10-26T09:53:22.337+0000] {logging_mixin.py:151} INFO - [2023-10-26T09:53:22.337+0000] {dag.py:2941} INFO - Sync 1 DAGs
[2023-10-26T09:53:22.356+0000] {logging_mixin.py:151} INFO - [2023-10-26T09:53:22.356+0000] {dag.py:3722} INFO - Setting next_dagrun for example_skip_dag to 2023-10-25T09:53:22.356271+00:00, run_after=2023-10-26T09:53:22.356271+00:00
[2023-10-26T09:53:22.375+0000] {processor.py:179} INFO - Processing /home/airflow/.local/lib/python3.8/site-packages/airflow/example_dags/example_skip_dag.py took 0.076 seconds
[2023-10-26T09:53:53.255+0000] {processor.py:157} INFO - Started process (PID=1633) to work on /home/airflow/.local/lib/python3.8/site-packages/airflow/example_dags/example_skip_dag.py
[2023-10-26T09:53:53.255+0000] {processor.py:829} INFO - Processing file /home/airflow/.local/lib/python3.8/site-packages/airflow/example_dags/example_skip_dag.py for tasks to queue
[2023-10-26T09:53:53.257+0000] {logging_mixin.py:151} INFO - [2023-10-26T09:53:53.256+0000] {dagbag.py:536} INFO - Filling up the DagBag from /home/airflow/.local/lib/python3.8/site-packages/airflow/example_dags/example_skip_dag.py
[2023-10-26T09:53:53.260+0000] {processor.py:839} INFO - DAG(s) dict_keys(['example_skip_dag']) retrieved from /home/airflow/.local/lib/python3.8/site-packages/airflow/example_dags/example_skip_dag.py
[2023-10-26T09:53:53.274+0000] {logging_mixin.py:151} INFO - [2023-10-26T09:53:53.274+0000] {dag.py:2941} INFO - Sync 1 DAGs
[2023-10-26T09:53:53.287+0000] {logging_mixin.py:151} INFO - [2023-10-26T09:53:53.287+0000] {dag.py:3722} INFO - Setting next_dagrun for example_skip_dag to 2023-10-25T09:53:53.287258+00:00, run_after=2023-10-26T09:53:53.287258+00:00
[2023-10-26T09:53:53.396+0000] {processor.py:179} INFO - Processing /home/airflow/.local/lib/python3.8/site-packages/airflow/example_dags/example_skip_dag.py took 0.143 seconds
[2023-10-26T09:54:23.412+0000] {processor.py:157} INFO - Started process (PID=1689) to work on /home/airflow/.local/lib/python3.8/site-packages/airflow/example_dags/example_skip_dag.py
[2023-10-26T09:54:23.413+0000] {processor.py:829} INFO - Processing file /home/airflow/.local/lib/python3.8/site-packages/airflow/example_dags/example_skip_dag.py for tasks to queue
[2023-10-26T09:54:23.414+0000] {logging_mixin.py:151} INFO - [2023-10-26T09:54:23.414+0000] {dagbag.py:536} INFO - Filling up the DagBag from /home/airflow/.local/lib/python3.8/site-packages/airflow/example_dags/example_skip_dag.py
[2023-10-26T09:54:23.418+0000] {processor.py:839} INFO - DAG(s) dict_keys(['example_skip_dag']) retrieved from /home/airflow/.local/lib/python3.8/site-packages/airflow/example_dags/example_skip_dag.py
[2023-10-26T09:54:23.430+0000] {logging_mixin.py:151} INFO - [2023-10-26T09:54:23.430+0000] {dag.py:2941} INFO - Sync 1 DAGs
[2023-10-26T09:54:23.444+0000] {logging_mixin.py:151} INFO - [2023-10-26T09:54:23.444+0000] {dag.py:3722} INFO - Setting next_dagrun for example_skip_dag to 2023-10-25T09:54:23.443874+00:00, run_after=2023-10-26T09:54:23.443874+00:00
[2023-10-26T09:54:23.457+0000] {processor.py:179} INFO - Processing /home/airflow/.local/lib/python3.8/site-packages/airflow/example_dags/example_skip_dag.py took 0.046 seconds
[2023-10-26T09:54:53.559+0000] {processor.py:157} INFO - Started process (PID=1745) to work on /home/airflow/.local/lib/python3.8/site-packages/airflow/example_dags/example_skip_dag.py
[2023-10-26T09:54:53.559+0000] {processor.py:829} INFO - Processing file /home/airflow/.local/lib/python3.8/site-packages/airflow/example_dags/example_skip_dag.py for tasks to queue
[2023-10-26T09:54:53.560+0000] {logging_mixin.py:151} INFO - [2023-10-26T09:54:53.560+0000] {dagbag.py:536} INFO - Filling up the DagBag from /home/airflow/.local/lib/python3.8/site-packages/airflow/example_dags/example_skip_dag.py
[2023-10-26T09:54:53.564+0000] {processor.py:839} INFO - DAG(s) dict_keys(['example_skip_dag']) retrieved from /home/airflow/.local/lib/python3.8/site-packages/airflow/example_dags/example_skip_dag.py
[2023-10-26T09:54:53.576+0000] {logging_mixin.py:151} INFO - [2023-10-26T09:54:53.576+0000] {dag.py:2941} INFO - Sync 1 DAGs
[2023-10-26T09:54:53.590+0000] {logging_mixin.py:151} INFO - [2023-10-26T09:54:53.590+0000] {dag.py:3722} INFO - Setting next_dagrun for example_skip_dag to 2023-10-25T09:54:53.589970+00:00, run_after=2023-10-26T09:54:53.589970+00:00
[2023-10-26T09:54:53.602+0000] {processor.py:179} INFO - Processing /home/airflow/.local/lib/python3.8/site-packages/airflow/example_dags/example_skip_dag.py took 0.045 seconds
[2023-10-26T09:55:23.705+0000] {processor.py:157} INFO - Started process (PID=1801) to work on /home/airflow/.local/lib/python3.8/site-packages/airflow/example_dags/example_skip_dag.py
[2023-10-26T09:55:23.705+0000] {processor.py:829} INFO - Processing file /home/airflow/.local/lib/python3.8/site-packages/airflow/example_dags/example_skip_dag.py for tasks to queue
[2023-10-26T09:55:23.707+0000] {logging_mixin.py:151} INFO - [2023-10-26T09:55:23.706+0000] {dagbag.py:536} INFO - Filling up the DagBag from /home/airflow/.local/lib/python3.8/site-packages/airflow/example_dags/example_skip_dag.py
[2023-10-26T09:55:23.710+0000] {processor.py:839} INFO - DAG(s) dict_keys(['example_skip_dag']) retrieved from /home/airflow/.local/lib/python3.8/site-packages/airflow/example_dags/example_skip_dag.py
[2023-10-26T09:55:23.726+0000] {logging_mixin.py:151} INFO - [2023-10-26T09:55:23.726+0000] {dag.py:2941} INFO - Sync 1 DAGs
[2023-10-26T09:55:23.743+0000] {logging_mixin.py:151} INFO - [2023-10-26T09:55:23.743+0000] {dag.py:3722} INFO - Setting next_dagrun for example_skip_dag to 2023-10-25T09:55:23.743179+00:00, run_after=2023-10-26T09:55:23.743179+00:00
[2023-10-26T09:55:23.758+0000] {processor.py:179} INFO - Processing /home/airflow/.local/lib/python3.8/site-packages/airflow/example_dags/example_skip_dag.py took 0.055 seconds
[2023-10-26T09:55:54.423+0000] {processor.py:157} INFO - Started process (PID=1857) to work on /home/airflow/.local/lib/python3.8/site-packages/airflow/example_dags/example_skip_dag.py
[2023-10-26T09:55:54.423+0000] {processor.py:829} INFO - Processing file /home/airflow/.local/lib/python3.8/site-packages/airflow/example_dags/example_skip_dag.py for tasks to queue
[2023-10-26T09:55:54.425+0000] {logging_mixin.py:151} INFO - [2023-10-26T09:55:54.424+0000] {dagbag.py:536} INFO - Filling up the DagBag from /home/airflow/.local/lib/python3.8/site-packages/airflow/example_dags/example_skip_dag.py
[2023-10-26T09:55:54.430+0000] {processor.py:839} INFO - DAG(s) dict_keys(['example_skip_dag']) retrieved from /home/airflow/.local/lib/python3.8/site-packages/airflow/example_dags/example_skip_dag.py
[2023-10-26T09:55:54.446+0000] {logging_mixin.py:151} INFO - [2023-10-26T09:55:54.445+0000] {dag.py:2941} INFO - Sync 1 DAGs
[2023-10-26T09:55:54.463+0000] {logging_mixin.py:151} INFO - [2023-10-26T09:55:54.463+0000] {dag.py:3722} INFO - Setting next_dagrun for example_skip_dag to 2023-10-25T09:55:54.463163+00:00, run_after=2023-10-26T09:55:54.463163+00:00
[2023-10-26T09:55:54.477+0000] {processor.py:179} INFO - Processing /home/airflow/.local/lib/python3.8/site-packages/airflow/example_dags/example_skip_dag.py took 0.056 seconds
[2023-10-26T09:56:25.172+0000] {processor.py:157} INFO - Started process (PID=1913) to work on /home/airflow/.local/lib/python3.8/site-packages/airflow/example_dags/example_skip_dag.py
[2023-10-26T09:56:25.173+0000] {processor.py:829} INFO - Processing file /home/airflow/.local/lib/python3.8/site-packages/airflow/example_dags/example_skip_dag.py for tasks to queue
[2023-10-26T09:56:25.174+0000] {logging_mixin.py:151} INFO - [2023-10-26T09:56:25.174+0000] {dagbag.py:536} INFO - Filling up the DagBag from /home/airflow/.local/lib/python3.8/site-packages/airflow/example_dags/example_skip_dag.py
[2023-10-26T09:56:25.179+0000] {processor.py:839} INFO - DAG(s) dict_keys(['example_skip_dag']) retrieved from /home/airflow/.local/lib/python3.8/site-packages/airflow/example_dags/example_skip_dag.py
[2023-10-26T09:56:25.195+0000] {logging_mixin.py:151} INFO - [2023-10-26T09:56:25.195+0000] {dag.py:2941} INFO - Sync 1 DAGs
[2023-10-26T09:56:25.306+0000] {logging_mixin.py:151} INFO - [2023-10-26T09:56:25.306+0000] {dag.py:3722} INFO - Setting next_dagrun for example_skip_dag to 2023-10-25T09:56:25.305914+00:00, run_after=2023-10-26T09:56:25.305914+00:00
[2023-10-26T09:56:25.319+0000] {processor.py:179} INFO - Processing /home/airflow/.local/lib/python3.8/site-packages/airflow/example_dags/example_skip_dag.py took 0.149 seconds
[2023-10-26T09:56:56.331+0000] {processor.py:157} INFO - Started process (PID=1968) to work on /home/airflow/.local/lib/python3.8/site-packages/airflow/example_dags/example_skip_dag.py
[2023-10-26T09:56:56.332+0000] {processor.py:829} INFO - Processing file /home/airflow/.local/lib/python3.8/site-packages/airflow/example_dags/example_skip_dag.py for tasks to queue
[2023-10-26T09:56:56.333+0000] {logging_mixin.py:151} INFO - [2023-10-26T09:56:56.333+0000] {dagbag.py:536} INFO - Filling up the DagBag from /home/airflow/.local/lib/python3.8/site-packages/airflow/example_dags/example_skip_dag.py
[2023-10-26T09:56:56.337+0000] {processor.py:839} INFO - DAG(s) dict_keys(['example_skip_dag']) retrieved from /home/airflow/.local/lib/python3.8/site-packages/airflow/example_dags/example_skip_dag.py
[2023-10-26T09:56:56.351+0000] {logging_mixin.py:151} INFO - [2023-10-26T09:56:56.351+0000] {dag.py:2941} INFO - Sync 1 DAGs
[2023-10-26T09:56:56.364+0000] {logging_mixin.py:151} INFO - [2023-10-26T09:56:56.364+0000] {dag.py:3722} INFO - Setting next_dagrun for example_skip_dag to 2023-10-25T09:56:56.364390+00:00, run_after=2023-10-26T09:56:56.364390+00:00
[2023-10-26T09:56:56.470+0000] {processor.py:179} INFO - Processing /home/airflow/.local/lib/python3.8/site-packages/airflow/example_dags/example_skip_dag.py took 0.141 seconds
[2023-10-26T09:57:27.413+0000] {processor.py:157} INFO - Started process (PID=2024) to work on /home/airflow/.local/lib/python3.8/site-packages/airflow/example_dags/example_skip_dag.py
[2023-10-26T09:57:27.416+0000] {processor.py:829} INFO - Processing file /home/airflow/.local/lib/python3.8/site-packages/airflow/example_dags/example_skip_dag.py for tasks to queue
[2023-10-26T09:57:27.417+0000] {logging_mixin.py:151} INFO - [2023-10-26T09:57:27.417+0000] {dagbag.py:536} INFO - Filling up the DagBag from /home/airflow/.local/lib/python3.8/site-packages/airflow/example_dags/example_skip_dag.py
[2023-10-26T09:57:27.424+0000] {processor.py:839} INFO - DAG(s) dict_keys(['example_skip_dag']) retrieved from /home/airflow/.local/lib/python3.8/site-packages/airflow/example_dags/example_skip_dag.py
[2023-10-26T09:57:27.443+0000] {logging_mixin.py:151} INFO - [2023-10-26T09:57:27.443+0000] {dag.py:2941} INFO - Sync 1 DAGs
[2023-10-26T09:57:27.462+0000] {logging_mixin.py:151} INFO - [2023-10-26T09:57:27.462+0000] {dag.py:3722} INFO - Setting next_dagrun for example_skip_dag to 2023-10-25T09:57:27.462532+00:00, run_after=2023-10-26T09:57:27.462532+00:00
[2023-10-26T09:57:27.477+0000] {processor.py:179} INFO - Processing /home/airflow/.local/lib/python3.8/site-packages/airflow/example_dags/example_skip_dag.py took 0.067 seconds
[2023-10-26T09:57:58.306+0000] {processor.py:157} INFO - Started process (PID=2080) to work on /home/airflow/.local/lib/python3.8/site-packages/airflow/example_dags/example_skip_dag.py
[2023-10-26T09:57:58.307+0000] {processor.py:829} INFO - Processing file /home/airflow/.local/lib/python3.8/site-packages/airflow/example_dags/example_skip_dag.py for tasks to queue
[2023-10-26T09:57:58.308+0000] {logging_mixin.py:151} INFO - [2023-10-26T09:57:58.308+0000] {dagbag.py:536} INFO - Filling up the DagBag from /home/airflow/.local/lib/python3.8/site-packages/airflow/example_dags/example_skip_dag.py
[2023-10-26T09:57:58.312+0000] {processor.py:839} INFO - DAG(s) dict_keys(['example_skip_dag']) retrieved from /home/airflow/.local/lib/python3.8/site-packages/airflow/example_dags/example_skip_dag.py
[2023-10-26T09:57:58.327+0000] {logging_mixin.py:151} INFO - [2023-10-26T09:57:58.327+0000] {dag.py:2941} INFO - Sync 1 DAGs
[2023-10-26T09:57:58.346+0000] {logging_mixin.py:151} INFO - [2023-10-26T09:57:58.346+0000] {dag.py:3722} INFO - Setting next_dagrun for example_skip_dag to 2023-10-25T09:57:58.346387+00:00, run_after=2023-10-26T09:57:58.346387+00:00
[2023-10-26T09:57:58.361+0000] {processor.py:179} INFO - Processing /home/airflow/.local/lib/python3.8/site-packages/airflow/example_dags/example_skip_dag.py took 0.057 seconds
[2023-10-26T09:58:28.395+0000] {processor.py:157} INFO - Started process (PID=2136) to work on /home/airflow/.local/lib/python3.8/site-packages/airflow/example_dags/example_skip_dag.py
[2023-10-26T09:58:28.395+0000] {processor.py:829} INFO - Processing file /home/airflow/.local/lib/python3.8/site-packages/airflow/example_dags/example_skip_dag.py for tasks to queue
[2023-10-26T09:58:28.396+0000] {logging_mixin.py:151} INFO - [2023-10-26T09:58:28.396+0000] {dagbag.py:536} INFO - Filling up the DagBag from /home/airflow/.local/lib/python3.8/site-packages/airflow/example_dags/example_skip_dag.py
[2023-10-26T09:58:28.400+0000] {processor.py:839} INFO - DAG(s) dict_keys(['example_skip_dag']) retrieved from /home/airflow/.local/lib/python3.8/site-packages/airflow/example_dags/example_skip_dag.py
[2023-10-26T09:58:28.544+0000] {logging_mixin.py:151} INFO - [2023-10-26T09:58:28.543+0000] {dag.py:2941} INFO - Sync 1 DAGs
[2023-10-26T09:58:28.562+0000] {logging_mixin.py:151} INFO - [2023-10-26T09:58:28.562+0000] {dag.py:3722} INFO - Setting next_dagrun for example_skip_dag to 2023-10-25T09:58:28.562387+00:00, run_after=2023-10-26T09:58:28.562387+00:00
[2023-10-26T09:58:28.575+0000] {processor.py:179} INFO - Processing /home/airflow/.local/lib/python3.8/site-packages/airflow/example_dags/example_skip_dag.py took 0.182 seconds
[2023-10-26T09:58:59.129+0000] {processor.py:157} INFO - Started process (PID=2192) to work on /home/airflow/.local/lib/python3.8/site-packages/airflow/example_dags/example_skip_dag.py
[2023-10-26T09:58:59.129+0000] {processor.py:829} INFO - Processing file /home/airflow/.local/lib/python3.8/site-packages/airflow/example_dags/example_skip_dag.py for tasks to queue
[2023-10-26T09:58:59.130+0000] {logging_mixin.py:151} INFO - [2023-10-26T09:58:59.130+0000] {dagbag.py:536} INFO - Filling up the DagBag from /home/airflow/.local/lib/python3.8/site-packages/airflow/example_dags/example_skip_dag.py
[2023-10-26T09:58:59.134+0000] {processor.py:839} INFO - DAG(s) dict_keys(['example_skip_dag']) retrieved from /home/airflow/.local/lib/python3.8/site-packages/airflow/example_dags/example_skip_dag.py
[2023-10-26T09:58:59.150+0000] {logging_mixin.py:151} INFO - [2023-10-26T09:58:59.149+0000] {dag.py:2941} INFO - Sync 1 DAGs
[2023-10-26T09:58:59.166+0000] {logging_mixin.py:151} INFO - [2023-10-26T09:58:59.166+0000] {dag.py:3722} INFO - Setting next_dagrun for example_skip_dag to 2023-10-25T09:58:59.166639+00:00, run_after=2023-10-26T09:58:59.166639+00:00
[2023-10-26T09:58:59.178+0000] {processor.py:179} INFO - Processing /home/airflow/.local/lib/python3.8/site-packages/airflow/example_dags/example_skip_dag.py took 0.051 seconds
[2023-10-26T09:59:29.933+0000] {processor.py:157} INFO - Started process (PID=2248) to work on /home/airflow/.local/lib/python3.8/site-packages/airflow/example_dags/example_skip_dag.py
[2023-10-26T09:59:29.934+0000] {processor.py:829} INFO - Processing file /home/airflow/.local/lib/python3.8/site-packages/airflow/example_dags/example_skip_dag.py for tasks to queue
[2023-10-26T09:59:29.935+0000] {logging_mixin.py:151} INFO - [2023-10-26T09:59:29.935+0000] {dagbag.py:536} INFO - Filling up the DagBag from /home/airflow/.local/lib/python3.8/site-packages/airflow/example_dags/example_skip_dag.py
[2023-10-26T09:59:29.940+0000] {processor.py:839} INFO - DAG(s) dict_keys(['example_skip_dag']) retrieved from /home/airflow/.local/lib/python3.8/site-packages/airflow/example_dags/example_skip_dag.py
[2023-10-26T09:59:29.956+0000] {logging_mixin.py:151} INFO - [2023-10-26T09:59:29.956+0000] {dag.py:2941} INFO - Sync 1 DAGs
[2023-10-26T09:59:29.972+0000] {logging_mixin.py:151} INFO - [2023-10-26T09:59:29.972+0000] {dag.py:3722} INFO - Setting next_dagrun for example_skip_dag to 2023-10-25T09:59:29.972631+00:00, run_after=2023-10-26T09:59:29.972631+00:00
[2023-10-26T09:59:29.987+0000] {processor.py:179} INFO - Processing /home/airflow/.local/lib/python3.8/site-packages/airflow/example_dags/example_skip_dag.py took 0.055 seconds
[2023-10-26T10:00:00.694+0000] {processor.py:157} INFO - Started process (PID=2304) to work on /home/airflow/.local/lib/python3.8/site-packages/airflow/example_dags/example_skip_dag.py
[2023-10-26T10:00:00.694+0000] {processor.py:829} INFO - Processing file /home/airflow/.local/lib/python3.8/site-packages/airflow/example_dags/example_skip_dag.py for tasks to queue
[2023-10-26T10:00:00.696+0000] {logging_mixin.py:151} INFO - [2023-10-26T10:00:00.695+0000] {dagbag.py:536} INFO - Filling up the DagBag from /home/airflow/.local/lib/python3.8/site-packages/airflow/example_dags/example_skip_dag.py
[2023-10-26T10:00:00.699+0000] {processor.py:839} INFO - DAG(s) dict_keys(['example_skip_dag']) retrieved from /home/airflow/.local/lib/python3.8/site-packages/airflow/example_dags/example_skip_dag.py
[2023-10-26T10:00:00.715+0000] {logging_mixin.py:151} INFO - [2023-10-26T10:00:00.715+0000] {dag.py:2941} INFO - Sync 1 DAGs
[2023-10-26T10:00:00.733+0000] {logging_mixin.py:151} INFO - [2023-10-26T10:00:00.733+0000] {dag.py:3722} INFO - Setting next_dagrun for example_skip_dag to 2023-10-25T10:00:00.733027+00:00, run_after=2023-10-26T10:00:00.733027+00:00
[2023-10-26T10:00:00.745+0000] {processor.py:179} INFO - Processing /home/airflow/.local/lib/python3.8/site-packages/airflow/example_dags/example_skip_dag.py took 0.053 seconds
[2023-10-26T10:00:31.427+0000] {processor.py:157} INFO - Started process (PID=2360) to work on /home/airflow/.local/lib/python3.8/site-packages/airflow/example_dags/example_skip_dag.py
[2023-10-26T10:00:31.428+0000] {processor.py:829} INFO - Processing file /home/airflow/.local/lib/python3.8/site-packages/airflow/example_dags/example_skip_dag.py for tasks to queue
[2023-10-26T10:00:31.429+0000] {logging_mixin.py:151} INFO - [2023-10-26T10:00:31.429+0000] {dagbag.py:536} INFO - Filling up the DagBag from /home/airflow/.local/lib/python3.8/site-packages/airflow/example_dags/example_skip_dag.py
[2023-10-26T10:00:31.432+0000] {processor.py:839} INFO - DAG(s) dict_keys(['example_skip_dag']) retrieved from /home/airflow/.local/lib/python3.8/site-packages/airflow/example_dags/example_skip_dag.py
[2023-10-26T10:00:31.448+0000] {logging_mixin.py:151} INFO - [2023-10-26T10:00:31.448+0000] {dag.py:2941} INFO - Sync 1 DAGs
[2023-10-26T10:00:31.466+0000] {logging_mixin.py:151} INFO - [2023-10-26T10:00:31.466+0000] {dag.py:3722} INFO - Setting next_dagrun for example_skip_dag to 2023-10-25T10:00:31.465906+00:00, run_after=2023-10-26T10:00:31.465906+00:00
[2023-10-26T10:00:31.480+0000] {processor.py:179} INFO - Processing /home/airflow/.local/lib/python3.8/site-packages/airflow/example_dags/example_skip_dag.py took 0.054 seconds
[2023-10-26T10:01:02.182+0000] {processor.py:157} INFO - Started process (PID=2416) to work on /home/airflow/.local/lib/python3.8/site-packages/airflow/example_dags/example_skip_dag.py
[2023-10-26T10:01:02.183+0000] {processor.py:829} INFO - Processing file /home/airflow/.local/lib/python3.8/site-packages/airflow/example_dags/example_skip_dag.py for tasks to queue
[2023-10-26T10:01:02.184+0000] {logging_mixin.py:151} INFO - [2023-10-26T10:01:02.184+0000] {dagbag.py:536} INFO - Filling up the DagBag from /home/airflow/.local/lib/python3.8/site-packages/airflow/example_dags/example_skip_dag.py
[2023-10-26T10:01:02.187+0000] {processor.py:839} INFO - DAG(s) dict_keys(['example_skip_dag']) retrieved from /home/airflow/.local/lib/python3.8/site-packages/airflow/example_dags/example_skip_dag.py
[2023-10-26T10:01:02.201+0000] {logging_mixin.py:151} INFO - [2023-10-26T10:01:02.201+0000] {dag.py:2941} INFO - Sync 1 DAGs
[2023-10-26T10:01:02.217+0000] {logging_mixin.py:151} INFO - [2023-10-26T10:01:02.217+0000] {dag.py:3722} INFO - Setting next_dagrun for example_skip_dag to 2023-10-25T10:01:02.217381+00:00, run_after=2023-10-26T10:01:02.217381+00:00
[2023-10-26T10:01:02.230+0000] {processor.py:179} INFO - Processing /home/airflow/.local/lib/python3.8/site-packages/airflow/example_dags/example_skip_dag.py took 0.050 seconds
[2023-10-26T10:01:32.954+0000] {processor.py:157} INFO - Started process (PID=2472) to work on /home/airflow/.local/lib/python3.8/site-packages/airflow/example_dags/example_skip_dag.py
[2023-10-26T10:01:32.954+0000] {processor.py:829} INFO - Processing file /home/airflow/.local/lib/python3.8/site-packages/airflow/example_dags/example_skip_dag.py for tasks to queue
[2023-10-26T10:01:32.955+0000] {logging_mixin.py:151} INFO - [2023-10-26T10:01:32.955+0000] {dagbag.py:536} INFO - Filling up the DagBag from /home/airflow/.local/lib/python3.8/site-packages/airflow/example_dags/example_skip_dag.py
[2023-10-26T10:01:32.959+0000] {processor.py:839} INFO - DAG(s) dict_keys(['example_skip_dag']) retrieved from /home/airflow/.local/lib/python3.8/site-packages/airflow/example_dags/example_skip_dag.py
[2023-10-26T10:01:32.973+0000] {logging_mixin.py:151} INFO - [2023-10-26T10:01:32.973+0000] {dag.py:2941} INFO - Sync 1 DAGs
[2023-10-26T10:01:32.989+0000] {logging_mixin.py:151} INFO - [2023-10-26T10:01:32.989+0000] {dag.py:3722} INFO - Setting next_dagrun for example_skip_dag to 2023-10-25T10:01:32.989036+00:00, run_after=2023-10-26T10:01:32.989036+00:00
[2023-10-26T10:01:33.001+0000] {processor.py:179} INFO - Processing /home/airflow/.local/lib/python3.8/site-packages/airflow/example_dags/example_skip_dag.py took 0.049 seconds
[2023-10-26T10:02:03.736+0000] {processor.py:157} INFO - Started process (PID=2528) to work on /home/airflow/.local/lib/python3.8/site-packages/airflow/example_dags/example_skip_dag.py
[2023-10-26T10:02:03.737+0000] {processor.py:829} INFO - Processing file /home/airflow/.local/lib/python3.8/site-packages/airflow/example_dags/example_skip_dag.py for tasks to queue
[2023-10-26T10:02:03.738+0000] {logging_mixin.py:151} INFO - [2023-10-26T10:02:03.738+0000] {dagbag.py:536} INFO - Filling up the DagBag from /home/airflow/.local/lib/python3.8/site-packages/airflow/example_dags/example_skip_dag.py
[2023-10-26T10:02:03.742+0000] {processor.py:839} INFO - DAG(s) dict_keys(['example_skip_dag']) retrieved from /home/airflow/.local/lib/python3.8/site-packages/airflow/example_dags/example_skip_dag.py
[2023-10-26T10:02:03.755+0000] {logging_mixin.py:151} INFO - [2023-10-26T10:02:03.755+0000] {dag.py:2941} INFO - Sync 1 DAGs
[2023-10-26T10:02:03.771+0000] {logging_mixin.py:151} INFO - [2023-10-26T10:02:03.771+0000] {dag.py:3722} INFO - Setting next_dagrun for example_skip_dag to 2023-10-25T10:02:03.770899+00:00, run_after=2023-10-26T10:02:03.770899+00:00
[2023-10-26T10:02:03.784+0000] {processor.py:179} INFO - Processing /home/airflow/.local/lib/python3.8/site-packages/airflow/example_dags/example_skip_dag.py took 0.050 seconds
[2023-10-26T10:02:34.474+0000] {processor.py:157} INFO - Started process (PID=2584) to work on /home/airflow/.local/lib/python3.8/site-packages/airflow/example_dags/example_skip_dag.py
[2023-10-26T10:02:34.475+0000] {processor.py:829} INFO - Processing file /home/airflow/.local/lib/python3.8/site-packages/airflow/example_dags/example_skip_dag.py for tasks to queue
[2023-10-26T10:02:34.476+0000] {logging_mixin.py:151} INFO - [2023-10-26T10:02:34.476+0000] {dagbag.py:536} INFO - Filling up the DagBag from /home/airflow/.local/lib/python3.8/site-packages/airflow/example_dags/example_skip_dag.py
[2023-10-26T10:02:34.480+0000] {processor.py:839} INFO - DAG(s) dict_keys(['example_skip_dag']) retrieved from /home/airflow/.local/lib/python3.8/site-packages/airflow/example_dags/example_skip_dag.py
[2023-10-26T10:02:34.493+0000] {logging_mixin.py:151} INFO - [2023-10-26T10:02:34.492+0000] {dag.py:2941} INFO - Sync 1 DAGs
[2023-10-26T10:02:34.507+0000] {logging_mixin.py:151} INFO - [2023-10-26T10:02:34.507+0000] {dag.py:3722} INFO - Setting next_dagrun for example_skip_dag to 2023-10-25T10:02:34.506967+00:00, run_after=2023-10-26T10:02:34.506967+00:00
[2023-10-26T10:02:34.520+0000] {processor.py:179} INFO - Processing /home/airflow/.local/lib/python3.8/site-packages/airflow/example_dags/example_skip_dag.py took 0.047 seconds
[2023-10-26T10:03:05.287+0000] {processor.py:157} INFO - Started process (PID=2640) to work on /home/airflow/.local/lib/python3.8/site-packages/airflow/example_dags/example_skip_dag.py
[2023-10-26T10:03:05.287+0000] {processor.py:829} INFO - Processing file /home/airflow/.local/lib/python3.8/site-packages/airflow/example_dags/example_skip_dag.py for tasks to queue
[2023-10-26T10:03:05.288+0000] {logging_mixin.py:151} INFO - [2023-10-26T10:03:05.288+0000] {dagbag.py:536} INFO - Filling up the DagBag from /home/airflow/.local/lib/python3.8/site-packages/airflow/example_dags/example_skip_dag.py
[2023-10-26T10:03:05.292+0000] {processor.py:839} INFO - DAG(s) dict_keys(['example_skip_dag']) retrieved from /home/airflow/.local/lib/python3.8/site-packages/airflow/example_dags/example_skip_dag.py
[2023-10-26T10:03:05.305+0000] {logging_mixin.py:151} INFO - [2023-10-26T10:03:05.304+0000] {dag.py:2941} INFO - Sync 1 DAGs
[2023-10-26T10:03:05.320+0000] {logging_mixin.py:151} INFO - [2023-10-26T10:03:05.319+0000] {dag.py:3722} INFO - Setting next_dagrun for example_skip_dag to 2023-10-25T10:03:05.319647+00:00, run_after=2023-10-26T10:03:05.319647+00:00
[2023-10-26T10:03:05.333+0000] {processor.py:179} INFO - Processing /home/airflow/.local/lib/python3.8/site-packages/airflow/example_dags/example_skip_dag.py took 0.048 seconds
[2023-10-26T10:03:36.107+0000] {processor.py:157} INFO - Started process (PID=2697) to work on /home/airflow/.local/lib/python3.8/site-packages/airflow/example_dags/example_skip_dag.py
[2023-10-26T10:03:36.108+0000] {processor.py:829} INFO - Processing file /home/airflow/.local/lib/python3.8/site-packages/airflow/example_dags/example_skip_dag.py for tasks to queue
[2023-10-26T10:03:36.109+0000] {logging_mixin.py:151} INFO - [2023-10-26T10:03:36.109+0000] {dagbag.py:536} INFO - Filling up the DagBag from /home/airflow/.local/lib/python3.8/site-packages/airflow/example_dags/example_skip_dag.py
[2023-10-26T10:03:36.112+0000] {processor.py:839} INFO - DAG(s) dict_keys(['example_skip_dag']) retrieved from /home/airflow/.local/lib/python3.8/site-packages/airflow/example_dags/example_skip_dag.py
[2023-10-26T10:03:36.125+0000] {logging_mixin.py:151} INFO - [2023-10-26T10:03:36.125+0000] {dag.py:2941} INFO - Sync 1 DAGs
[2023-10-26T10:03:36.138+0000] {logging_mixin.py:151} INFO - [2023-10-26T10:03:36.138+0000] {dag.py:3722} INFO - Setting next_dagrun for example_skip_dag to 2023-10-25T10:03:36.138668+00:00, run_after=2023-10-26T10:03:36.138668+00:00
[2023-10-26T10:03:36.151+0000] {processor.py:179} INFO - Processing /home/airflow/.local/lib/python3.8/site-packages/airflow/example_dags/example_skip_dag.py took 0.046 seconds
[2023-10-26T10:04:06.969+0000] {processor.py:157} INFO - Started process (PID=2753) to work on /home/airflow/.local/lib/python3.8/site-packages/airflow/example_dags/example_skip_dag.py
[2023-10-26T10:04:06.970+0000] {processor.py:829} INFO - Processing file /home/airflow/.local/lib/python3.8/site-packages/airflow/example_dags/example_skip_dag.py for tasks to queue
[2023-10-26T10:04:06.971+0000] {logging_mixin.py:151} INFO - [2023-10-26T10:04:06.971+0000] {dagbag.py:536} INFO - Filling up the DagBag from /home/airflow/.local/lib/python3.8/site-packages/airflow/example_dags/example_skip_dag.py
[2023-10-26T10:04:06.976+0000] {processor.py:839} INFO - DAG(s) dict_keys(['example_skip_dag']) retrieved from /home/airflow/.local/lib/python3.8/site-packages/airflow/example_dags/example_skip_dag.py
[2023-10-26T10:04:06.990+0000] {logging_mixin.py:151} INFO - [2023-10-26T10:04:06.990+0000] {dag.py:2941} INFO - Sync 1 DAGs
[2023-10-26T10:04:07.005+0000] {logging_mixin.py:151} INFO - [2023-10-26T10:04:07.005+0000] {dag.py:3722} INFO - Setting next_dagrun for example_skip_dag to 2023-10-25T10:04:07.005088+00:00, run_after=2023-10-26T10:04:07.005088+00:00
[2023-10-26T10:04:07.019+0000] {processor.py:179} INFO - Processing /home/airflow/.local/lib/python3.8/site-packages/airflow/example_dags/example_skip_dag.py took 0.052 seconds
[2023-10-26T10:04:37.785+0000] {processor.py:157} INFO - Started process (PID=2809) to work on /home/airflow/.local/lib/python3.8/site-packages/airflow/example_dags/example_skip_dag.py
[2023-10-26T10:04:37.786+0000] {processor.py:829} INFO - Processing file /home/airflow/.local/lib/python3.8/site-packages/airflow/example_dags/example_skip_dag.py for tasks to queue
[2023-10-26T10:04:37.787+0000] {logging_mixin.py:151} INFO - [2023-10-26T10:04:37.787+0000] {dagbag.py:536} INFO - Filling up the DagBag from /home/airflow/.local/lib/python3.8/site-packages/airflow/example_dags/example_skip_dag.py
[2023-10-26T10:04:37.791+0000] {processor.py:839} INFO - DAG(s) dict_keys(['example_skip_dag']) retrieved from /home/airflow/.local/lib/python3.8/site-packages/airflow/example_dags/example_skip_dag.py
[2023-10-26T10:04:37.803+0000] {logging_mixin.py:151} INFO - [2023-10-26T10:04:37.803+0000] {dag.py:2941} INFO - Sync 1 DAGs
[2023-10-26T10:04:37.817+0000] {logging_mixin.py:151} INFO - [2023-10-26T10:04:37.816+0000] {dag.py:3722} INFO - Setting next_dagrun for example_skip_dag to 2023-10-25T10:04:37.816858+00:00, run_after=2023-10-26T10:04:37.816858+00:00
[2023-10-26T10:04:37.830+0000] {processor.py:179} INFO - Processing /home/airflow/.local/lib/python3.8/site-packages/airflow/example_dags/example_skip_dag.py took 0.047 seconds
[2023-10-26T10:05:08.537+0000] {processor.py:157} INFO - Started process (PID=2865) to work on /home/airflow/.local/lib/python3.8/site-packages/airflow/example_dags/example_skip_dag.py
[2023-10-26T10:05:08.537+0000] {processor.py:829} INFO - Processing file /home/airflow/.local/lib/python3.8/site-packages/airflow/example_dags/example_skip_dag.py for tasks to queue
[2023-10-26T10:05:08.538+0000] {logging_mixin.py:151} INFO - [2023-10-26T10:05:08.538+0000] {dagbag.py:536} INFO - Filling up the DagBag from /home/airflow/.local/lib/python3.8/site-packages/airflow/example_dags/example_skip_dag.py
[2023-10-26T10:05:08.542+0000] {processor.py:839} INFO - DAG(s) dict_keys(['example_skip_dag']) retrieved from /home/airflow/.local/lib/python3.8/site-packages/airflow/example_dags/example_skip_dag.py
[2023-10-26T10:05:08.555+0000] {logging_mixin.py:151} INFO - [2023-10-26T10:05:08.555+0000] {dag.py:2941} INFO - Sync 1 DAGs
[2023-10-26T10:05:08.568+0000] {logging_mixin.py:151} INFO - [2023-10-26T10:05:08.568+0000] {dag.py:3722} INFO - Setting next_dagrun for example_skip_dag to 2023-10-25T10:05:08.568601+00:00, run_after=2023-10-26T10:05:08.568601+00:00
[2023-10-26T10:05:08.581+0000] {processor.py:179} INFO - Processing /home/airflow/.local/lib/python3.8/site-packages/airflow/example_dags/example_skip_dag.py took 0.046 seconds
[2023-10-26T10:05:39.326+0000] {processor.py:157} INFO - Started process (PID=2921) to work on /home/airflow/.local/lib/python3.8/site-packages/airflow/example_dags/example_skip_dag.py
[2023-10-26T10:05:39.327+0000] {processor.py:829} INFO - Processing file /home/airflow/.local/lib/python3.8/site-packages/airflow/example_dags/example_skip_dag.py for tasks to queue
[2023-10-26T10:05:39.328+0000] {logging_mixin.py:151} INFO - [2023-10-26T10:05:39.328+0000] {dagbag.py:536} INFO - Filling up the DagBag from /home/airflow/.local/lib/python3.8/site-packages/airflow/example_dags/example_skip_dag.py
[2023-10-26T10:05:39.332+0000] {processor.py:839} INFO - DAG(s) dict_keys(['example_skip_dag']) retrieved from /home/airflow/.local/lib/python3.8/site-packages/airflow/example_dags/example_skip_dag.py
[2023-10-26T10:05:39.344+0000] {logging_mixin.py:151} INFO - [2023-10-26T10:05:39.344+0000] {dag.py:2941} INFO - Sync 1 DAGs
[2023-10-26T10:05:39.358+0000] {logging_mixin.py:151} INFO - [2023-10-26T10:05:39.358+0000] {dag.py:3722} INFO - Setting next_dagrun for example_skip_dag to 2023-10-25T10:05:39.358344+00:00, run_after=2023-10-26T10:05:39.358344+00:00
[2023-10-26T10:05:39.371+0000] {processor.py:179} INFO - Processing /home/airflow/.local/lib/python3.8/site-packages/airflow/example_dags/example_skip_dag.py took 0.046 seconds
[2023-10-26T10:06:10.139+0000] {processor.py:157} INFO - Started process (PID=2977) to work on /home/airflow/.local/lib/python3.8/site-packages/airflow/example_dags/example_skip_dag.py
[2023-10-26T10:06:10.139+0000] {processor.py:829} INFO - Processing file /home/airflow/.local/lib/python3.8/site-packages/airflow/example_dags/example_skip_dag.py for tasks to queue
[2023-10-26T10:06:10.141+0000] {logging_mixin.py:151} INFO - [2023-10-26T10:06:10.141+0000] {dagbag.py:536} INFO - Filling up the DagBag from /home/airflow/.local/lib/python3.8/site-packages/airflow/example_dags/example_skip_dag.py
[2023-10-26T10:06:10.146+0000] {processor.py:839} INFO - DAG(s) dict_keys(['example_skip_dag']) retrieved from /home/airflow/.local/lib/python3.8/site-packages/airflow/example_dags/example_skip_dag.py
[2023-10-26T10:06:10.164+0000] {logging_mixin.py:151} INFO - [2023-10-26T10:06:10.164+0000] {dag.py:2941} INFO - Sync 1 DAGs
[2023-10-26T10:06:10.183+0000] {logging_mixin.py:151} INFO - [2023-10-26T10:06:10.182+0000] {dag.py:3722} INFO - Setting next_dagrun for example_skip_dag to 2023-10-25T10:06:10.182682+00:00, run_after=2023-10-26T10:06:10.182682+00:00
[2023-10-26T10:06:10.198+0000] {processor.py:179} INFO - Processing /home/airflow/.local/lib/python3.8/site-packages/airflow/example_dags/example_skip_dag.py took 0.062 seconds
[2023-10-26T10:06:40.960+0000] {processor.py:157} INFO - Started process (PID=3034) to work on /home/airflow/.local/lib/python3.8/site-packages/airflow/example_dags/example_skip_dag.py
[2023-10-26T10:06:40.961+0000] {processor.py:829} INFO - Processing file /home/airflow/.local/lib/python3.8/site-packages/airflow/example_dags/example_skip_dag.py for tasks to queue
[2023-10-26T10:06:40.963+0000] {logging_mixin.py:151} INFO - [2023-10-26T10:06:40.962+0000] {dagbag.py:536} INFO - Filling up the DagBag from /home/airflow/.local/lib/python3.8/site-packages/airflow/example_dags/example_skip_dag.py
[2023-10-26T10:06:40.968+0000] {processor.py:839} INFO - DAG(s) dict_keys(['example_skip_dag']) retrieved from /home/airflow/.local/lib/python3.8/site-packages/airflow/example_dags/example_skip_dag.py
[2023-10-26T10:06:40.984+0000] {logging_mixin.py:151} INFO - [2023-10-26T10:06:40.984+0000] {dag.py:2941} INFO - Sync 1 DAGs
[2023-10-26T10:06:41.005+0000] {logging_mixin.py:151} INFO - [2023-10-26T10:06:41.005+0000] {dag.py:3722} INFO - Setting next_dagrun for example_skip_dag to 2023-10-25T10:06:41.005487+00:00, run_after=2023-10-26T10:06:41.005487+00:00
[2023-10-26T10:06:41.024+0000] {processor.py:179} INFO - Processing /home/airflow/.local/lib/python3.8/site-packages/airflow/example_dags/example_skip_dag.py took 0.066 seconds
[2023-10-26T10:07:11.722+0000] {processor.py:157} INFO - Started process (PID=3090) to work on /home/airflow/.local/lib/python3.8/site-packages/airflow/example_dags/example_skip_dag.py
[2023-10-26T10:07:11.723+0000] {processor.py:829} INFO - Processing file /home/airflow/.local/lib/python3.8/site-packages/airflow/example_dags/example_skip_dag.py for tasks to queue
[2023-10-26T10:07:11.724+0000] {logging_mixin.py:151} INFO - [2023-10-26T10:07:11.724+0000] {dagbag.py:536} INFO - Filling up the DagBag from /home/airflow/.local/lib/python3.8/site-packages/airflow/example_dags/example_skip_dag.py
[2023-10-26T10:07:11.728+0000] {processor.py:839} INFO - DAG(s) dict_keys(['example_skip_dag']) retrieved from /home/airflow/.local/lib/python3.8/site-packages/airflow/example_dags/example_skip_dag.py
[2023-10-26T10:07:11.743+0000] {logging_mixin.py:151} INFO - [2023-10-26T10:07:11.743+0000] {dag.py:2941} INFO - Sync 1 DAGs
[2023-10-26T10:07:11.761+0000] {logging_mixin.py:151} INFO - [2023-10-26T10:07:11.761+0000] {dag.py:3722} INFO - Setting next_dagrun for example_skip_dag to 2023-10-25T10:07:11.761118+00:00, run_after=2023-10-26T10:07:11.761118+00:00
[2023-10-26T10:07:11.774+0000] {processor.py:179} INFO - Processing /home/airflow/.local/lib/python3.8/site-packages/airflow/example_dags/example_skip_dag.py took 0.053 seconds
[2023-10-26T14:28:34.927+0000] {processor.py:157} INFO - Started process (PID=3161) to work on /home/airflow/.local/lib/python3.8/site-packages/airflow/example_dags/example_skip_dag.py
[2023-10-26T14:28:34.927+0000] {processor.py:829} INFO - Processing file /home/airflow/.local/lib/python3.8/site-packages/airflow/example_dags/example_skip_dag.py for tasks to queue
[2023-10-26T14:28:34.929+0000] {logging_mixin.py:151} INFO - [2023-10-26T14:28:34.929+0000] {dagbag.py:536} INFO - Filling up the DagBag from /home/airflow/.local/lib/python3.8/site-packages/airflow/example_dags/example_skip_dag.py
[2023-10-26T14:28:34.934+0000] {processor.py:839} INFO - DAG(s) dict_keys(['example_skip_dag']) retrieved from /home/airflow/.local/lib/python3.8/site-packages/airflow/example_dags/example_skip_dag.py
[2023-10-26T14:28:34.946+0000] {logging_mixin.py:151} INFO - [2023-10-26T14:28:34.946+0000] {dag.py:2941} INFO - Sync 1 DAGs
[2023-10-26T14:28:34.960+0000] {logging_mixin.py:151} INFO - [2023-10-26T14:28:34.960+0000] {dag.py:3722} INFO - Setting next_dagrun for example_skip_dag to 2023-10-25T14:28:34.960122+00:00, run_after=2023-10-26T14:28:34.960122+00:00
[2023-10-26T14:28:34.972+0000] {processor.py:179} INFO - Processing /home/airflow/.local/lib/python3.8/site-packages/airflow/example_dags/example_skip_dag.py took 0.048 seconds
[2023-10-26T14:29:05.881+0000] {processor.py:157} INFO - Started process (PID=3218) to work on /home/airflow/.local/lib/python3.8/site-packages/airflow/example_dags/example_skip_dag.py
[2023-10-26T14:29:05.881+0000] {processor.py:829} INFO - Processing file /home/airflow/.local/lib/python3.8/site-packages/airflow/example_dags/example_skip_dag.py for tasks to queue
[2023-10-26T14:29:05.882+0000] {logging_mixin.py:151} INFO - [2023-10-26T14:29:05.882+0000] {dagbag.py:536} INFO - Filling up the DagBag from /home/airflow/.local/lib/python3.8/site-packages/airflow/example_dags/example_skip_dag.py
[2023-10-26T14:29:05.886+0000] {processor.py:839} INFO - DAG(s) dict_keys(['example_skip_dag']) retrieved from /home/airflow/.local/lib/python3.8/site-packages/airflow/example_dags/example_skip_dag.py
[2023-10-26T14:29:05.901+0000] {logging_mixin.py:151} INFO - [2023-10-26T14:29:05.901+0000] {dag.py:2941} INFO - Sync 1 DAGs
[2023-10-26T14:29:05.920+0000] {logging_mixin.py:151} INFO - [2023-10-26T14:29:05.920+0000] {dag.py:3722} INFO - Setting next_dagrun for example_skip_dag to 2023-10-25T14:29:05.920337+00:00, run_after=2023-10-26T14:29:05.920337+00:00
[2023-10-26T14:29:05.935+0000] {processor.py:179} INFO - Processing /home/airflow/.local/lib/python3.8/site-packages/airflow/example_dags/example_skip_dag.py took 0.057 seconds
[2023-10-26T14:29:35.952+0000] {processor.py:157} INFO - Started process (PID=3274) to work on /home/airflow/.local/lib/python3.8/site-packages/airflow/example_dags/example_skip_dag.py
[2023-10-26T14:29:35.953+0000] {processor.py:829} INFO - Processing file /home/airflow/.local/lib/python3.8/site-packages/airflow/example_dags/example_skip_dag.py for tasks to queue
[2023-10-26T14:29:35.954+0000] {logging_mixin.py:151} INFO - [2023-10-26T14:29:35.954+0000] {dagbag.py:536} INFO - Filling up the DagBag from /home/airflow/.local/lib/python3.8/site-packages/airflow/example_dags/example_skip_dag.py
[2023-10-26T14:29:35.958+0000] {processor.py:839} INFO - DAG(s) dict_keys(['example_skip_dag']) retrieved from /home/airflow/.local/lib/python3.8/site-packages/airflow/example_dags/example_skip_dag.py
[2023-10-26T14:29:35.973+0000] {logging_mixin.py:151} INFO - [2023-10-26T14:29:35.973+0000] {dag.py:2941} INFO - Sync 1 DAGs
[2023-10-26T14:29:35.987+0000] {logging_mixin.py:151} INFO - [2023-10-26T14:29:35.987+0000] {dag.py:3722} INFO - Setting next_dagrun for example_skip_dag to 2023-10-25T14:29:35.987174+00:00, run_after=2023-10-26T14:29:35.987174+00:00
[2023-10-26T14:29:36.000+0000] {processor.py:179} INFO - Processing /home/airflow/.local/lib/python3.8/site-packages/airflow/example_dags/example_skip_dag.py took 0.050 seconds
[2023-10-26T14:30:06.784+0000] {processor.py:157} INFO - Started process (PID=3330) to work on /home/airflow/.local/lib/python3.8/site-packages/airflow/example_dags/example_skip_dag.py
[2023-10-26T14:30:06.784+0000] {processor.py:829} INFO - Processing file /home/airflow/.local/lib/python3.8/site-packages/airflow/example_dags/example_skip_dag.py for tasks to queue
[2023-10-26T14:30:06.785+0000] {logging_mixin.py:151} INFO - [2023-10-26T14:30:06.785+0000] {dagbag.py:536} INFO - Filling up the DagBag from /home/airflow/.local/lib/python3.8/site-packages/airflow/example_dags/example_skip_dag.py
[2023-10-26T14:30:06.789+0000] {processor.py:839} INFO - DAG(s) dict_keys(['example_skip_dag']) retrieved from /home/airflow/.local/lib/python3.8/site-packages/airflow/example_dags/example_skip_dag.py
[2023-10-26T14:30:06.804+0000] {logging_mixin.py:151} INFO - [2023-10-26T14:30:06.804+0000] {dag.py:2941} INFO - Sync 1 DAGs
[2023-10-26T14:30:06.823+0000] {logging_mixin.py:151} INFO - [2023-10-26T14:30:06.823+0000] {dag.py:3722} INFO - Setting next_dagrun for example_skip_dag to 2023-10-25T14:30:06.823516+00:00, run_after=2023-10-26T14:30:06.823516+00:00
[2023-10-26T14:30:06.836+0000] {processor.py:179} INFO - Processing /home/airflow/.local/lib/python3.8/site-packages/airflow/example_dags/example_skip_dag.py took 0.054 seconds
[2023-10-26T14:30:37.532+0000] {processor.py:157} INFO - Started process (PID=3386) to work on /home/airflow/.local/lib/python3.8/site-packages/airflow/example_dags/example_skip_dag.py
[2023-10-26T14:30:37.533+0000] {processor.py:829} INFO - Processing file /home/airflow/.local/lib/python3.8/site-packages/airflow/example_dags/example_skip_dag.py for tasks to queue
[2023-10-26T14:30:37.534+0000] {logging_mixin.py:151} INFO - [2023-10-26T14:30:37.534+0000] {dagbag.py:536} INFO - Filling up the DagBag from /home/airflow/.local/lib/python3.8/site-packages/airflow/example_dags/example_skip_dag.py
[2023-10-26T14:30:37.537+0000] {processor.py:839} INFO - DAG(s) dict_keys(['example_skip_dag']) retrieved from /home/airflow/.local/lib/python3.8/site-packages/airflow/example_dags/example_skip_dag.py
[2023-10-26T14:30:37.550+0000] {logging_mixin.py:151} INFO - [2023-10-26T14:30:37.550+0000] {dag.py:2941} INFO - Sync 1 DAGs
[2023-10-26T14:30:37.563+0000] {logging_mixin.py:151} INFO - [2023-10-26T14:30:37.563+0000] {dag.py:3722} INFO - Setting next_dagrun for example_skip_dag to 2023-10-25T14:30:37.563050+00:00, run_after=2023-10-26T14:30:37.563050+00:00
[2023-10-26T14:30:37.573+0000] {processor.py:179} INFO - Processing /home/airflow/.local/lib/python3.8/site-packages/airflow/example_dags/example_skip_dag.py took 0.043 seconds
[2023-10-26T14:31:08.355+0000] {processor.py:157} INFO - Started process (PID=3443) to work on /home/airflow/.local/lib/python3.8/site-packages/airflow/example_dags/example_skip_dag.py
[2023-10-26T14:31:08.356+0000] {processor.py:829} INFO - Processing file /home/airflow/.local/lib/python3.8/site-packages/airflow/example_dags/example_skip_dag.py for tasks to queue
[2023-10-26T14:31:08.357+0000] {logging_mixin.py:151} INFO - [2023-10-26T14:31:08.357+0000] {dagbag.py:536} INFO - Filling up the DagBag from /home/airflow/.local/lib/python3.8/site-packages/airflow/example_dags/example_skip_dag.py
[2023-10-26T14:31:08.361+0000] {processor.py:839} INFO - DAG(s) dict_keys(['example_skip_dag']) retrieved from /home/airflow/.local/lib/python3.8/site-packages/airflow/example_dags/example_skip_dag.py
[2023-10-26T14:31:08.375+0000] {logging_mixin.py:151} INFO - [2023-10-26T14:31:08.375+0000] {dag.py:2941} INFO - Sync 1 DAGs
[2023-10-26T14:31:08.396+0000] {logging_mixin.py:151} INFO - [2023-10-26T14:31:08.396+0000] {dag.py:3722} INFO - Setting next_dagrun for example_skip_dag to 2023-10-25T14:31:08.395860+00:00, run_after=2023-10-26T14:31:08.395860+00:00
[2023-10-26T14:31:08.410+0000] {processor.py:179} INFO - Processing /home/airflow/.local/lib/python3.8/site-packages/airflow/example_dags/example_skip_dag.py took 0.057 seconds
[2023-10-26T14:31:39.139+0000] {processor.py:157} INFO - Started process (PID=3499) to work on /home/airflow/.local/lib/python3.8/site-packages/airflow/example_dags/example_skip_dag.py
[2023-10-26T14:31:39.139+0000] {processor.py:829} INFO - Processing file /home/airflow/.local/lib/python3.8/site-packages/airflow/example_dags/example_skip_dag.py for tasks to queue
[2023-10-26T14:31:39.140+0000] {logging_mixin.py:151} INFO - [2023-10-26T14:31:39.140+0000] {dagbag.py:536} INFO - Filling up the DagBag from /home/airflow/.local/lib/python3.8/site-packages/airflow/example_dags/example_skip_dag.py
[2023-10-26T14:31:39.145+0000] {processor.py:839} INFO - DAG(s) dict_keys(['example_skip_dag']) retrieved from /home/airflow/.local/lib/python3.8/site-packages/airflow/example_dags/example_skip_dag.py
[2023-10-26T14:31:39.159+0000] {logging_mixin.py:151} INFO - [2023-10-26T14:31:39.159+0000] {dag.py:2941} INFO - Sync 1 DAGs
[2023-10-26T14:31:39.174+0000] {logging_mixin.py:151} INFO - [2023-10-26T14:31:39.174+0000] {dag.py:3722} INFO - Setting next_dagrun for example_skip_dag to 2023-10-25T14:31:39.174595+00:00, run_after=2023-10-26T14:31:39.174595+00:00
[2023-10-26T14:31:39.190+0000] {processor.py:179} INFO - Processing /home/airflow/.local/lib/python3.8/site-packages/airflow/example_dags/example_skip_dag.py took 0.054 seconds
[2023-10-26T14:32:09.925+0000] {processor.py:157} INFO - Started process (PID=3555) to work on /home/airflow/.local/lib/python3.8/site-packages/airflow/example_dags/example_skip_dag.py
[2023-10-26T14:32:09.926+0000] {processor.py:829} INFO - Processing file /home/airflow/.local/lib/python3.8/site-packages/airflow/example_dags/example_skip_dag.py for tasks to queue
[2023-10-26T14:32:09.927+0000] {logging_mixin.py:151} INFO - [2023-10-26T14:32:09.927+0000] {dagbag.py:536} INFO - Filling up the DagBag from /home/airflow/.local/lib/python3.8/site-packages/airflow/example_dags/example_skip_dag.py
[2023-10-26T14:32:09.932+0000] {processor.py:839} INFO - DAG(s) dict_keys(['example_skip_dag']) retrieved from /home/airflow/.local/lib/python3.8/site-packages/airflow/example_dags/example_skip_dag.py
[2023-10-26T14:32:09.947+0000] {logging_mixin.py:151} INFO - [2023-10-26T14:32:09.947+0000] {dag.py:2941} INFO - Sync 1 DAGs
[2023-10-26T14:32:09.962+0000] {logging_mixin.py:151} INFO - [2023-10-26T14:32:09.962+0000] {dag.py:3722} INFO - Setting next_dagrun for example_skip_dag to 2023-10-25T14:32:09.961955+00:00, run_after=2023-10-26T14:32:09.961955+00:00
[2023-10-26T14:32:09.977+0000] {processor.py:179} INFO - Processing /home/airflow/.local/lib/python3.8/site-packages/airflow/example_dags/example_skip_dag.py took 0.054 seconds
[2023-10-26T14:32:40.655+0000] {processor.py:157} INFO - Started process (PID=3610) to work on /home/airflow/.local/lib/python3.8/site-packages/airflow/example_dags/example_skip_dag.py
[2023-10-26T14:32:40.656+0000] {processor.py:829} INFO - Processing file /home/airflow/.local/lib/python3.8/site-packages/airflow/example_dags/example_skip_dag.py for tasks to queue
[2023-10-26T14:32:40.657+0000] {logging_mixin.py:151} INFO - [2023-10-26T14:32:40.657+0000] {dagbag.py:536} INFO - Filling up the DagBag from /home/airflow/.local/lib/python3.8/site-packages/airflow/example_dags/example_skip_dag.py
[2023-10-26T14:32:40.661+0000] {processor.py:839} INFO - DAG(s) dict_keys(['example_skip_dag']) retrieved from /home/airflow/.local/lib/python3.8/site-packages/airflow/example_dags/example_skip_dag.py
[2023-10-26T14:32:40.673+0000] {logging_mixin.py:151} INFO - [2023-10-26T14:32:40.673+0000] {dag.py:2941} INFO - Sync 1 DAGs
[2023-10-26T14:32:40.687+0000] {logging_mixin.py:151} INFO - [2023-10-26T14:32:40.687+0000] {dag.py:3722} INFO - Setting next_dagrun for example_skip_dag to 2023-10-25T14:32:40.687532+00:00, run_after=2023-10-26T14:32:40.687532+00:00
[2023-10-26T14:32:40.699+0000] {processor.py:179} INFO - Processing /home/airflow/.local/lib/python3.8/site-packages/airflow/example_dags/example_skip_dag.py took 0.045 seconds
