[2023-10-26T09:41:06.452+0000] {processor.py:157} INFO - Started process (PID=238) to work on /home/airflow/.local/lib/python3.8/site-packages/airflow/example_dags/example_complex.py
[2023-10-26T09:41:06.452+0000] {processor.py:829} INFO - Processing file /home/airflow/.local/lib/python3.8/site-packages/airflow/example_dags/example_complex.py for tasks to queue
[2023-10-26T09:41:06.454+0000] {logging_mixin.py:151} INFO - [2023-10-26T09:41:06.454+0000] {dagbag.py:536} INFO - Filling up the DagBag from /home/airflow/.local/lib/python3.8/site-packages/airflow/example_dags/example_complex.py
[2023-10-26T09:41:06.464+0000] {processor.py:839} INFO - DAG(s) dict_keys(['example_complex']) retrieved from /home/airflow/.local/lib/python3.8/site-packages/airflow/example_dags/example_complex.py
[2023-10-26T09:41:06.493+0000] {logging_mixin.py:151} INFO - [2023-10-26T09:41:06.493+0000] {dag.py:2941} INFO - Sync 1 DAGs
[2023-10-26T09:41:06.502+0000] {logging_mixin.py:151} INFO - [2023-10-26T09:41:06.502+0000] {dag.py:3722} INFO - Setting next_dagrun for example_complex to None, run_after=None
[2023-10-26T09:41:06.513+0000] {processor.py:179} INFO - Processing /home/airflow/.local/lib/python3.8/site-packages/airflow/example_dags/example_complex.py took 0.064 seconds
[2023-10-26T09:41:38.010+0000] {processor.py:157} INFO - Started process (PID=294) to work on /home/airflow/.local/lib/python3.8/site-packages/airflow/example_dags/example_complex.py
[2023-10-26T09:41:38.011+0000] {processor.py:829} INFO - Processing file /home/airflow/.local/lib/python3.8/site-packages/airflow/example_dags/example_complex.py for tasks to queue
[2023-10-26T09:41:38.012+0000] {logging_mixin.py:151} INFO - [2023-10-26T09:41:38.012+0000] {dagbag.py:536} INFO - Filling up the DagBag from /home/airflow/.local/lib/python3.8/site-packages/airflow/example_dags/example_complex.py
[2023-10-26T09:41:38.019+0000] {processor.py:839} INFO - DAG(s) dict_keys(['example_complex']) retrieved from /home/airflow/.local/lib/python3.8/site-packages/airflow/example_dags/example_complex.py
[2023-10-26T09:41:38.044+0000] {logging_mixin.py:151} INFO - [2023-10-26T09:41:38.044+0000] {dag.py:2941} INFO - Sync 1 DAGs
[2023-10-26T09:41:38.055+0000] {logging_mixin.py:151} INFO - [2023-10-26T09:41:38.055+0000] {dag.py:3722} INFO - Setting next_dagrun for example_complex to None, run_after=None
[2023-10-26T09:41:38.070+0000] {processor.py:179} INFO - Processing /home/airflow/.local/lib/python3.8/site-packages/airflow/example_dags/example_complex.py took 0.062 seconds
[2023-10-26T09:42:08.770+0000] {processor.py:157} INFO - Started process (PID=350) to work on /home/airflow/.local/lib/python3.8/site-packages/airflow/example_dags/example_complex.py
[2023-10-26T09:42:08.770+0000] {processor.py:829} INFO - Processing file /home/airflow/.local/lib/python3.8/site-packages/airflow/example_dags/example_complex.py for tasks to queue
[2023-10-26T09:42:08.771+0000] {logging_mixin.py:151} INFO - [2023-10-26T09:42:08.771+0000] {dagbag.py:536} INFO - Filling up the DagBag from /home/airflow/.local/lib/python3.8/site-packages/airflow/example_dags/example_complex.py
[2023-10-26T09:42:08.778+0000] {processor.py:839} INFO - DAG(s) dict_keys(['example_complex']) retrieved from /home/airflow/.local/lib/python3.8/site-packages/airflow/example_dags/example_complex.py
[2023-10-26T09:42:08.796+0000] {logging_mixin.py:151} INFO - [2023-10-26T09:42:08.796+0000] {dag.py:2941} INFO - Sync 1 DAGs
[2023-10-26T09:42:08.804+0000] {logging_mixin.py:151} INFO - [2023-10-26T09:42:08.804+0000] {dag.py:3722} INFO - Setting next_dagrun for example_complex to None, run_after=None
[2023-10-26T09:42:08.819+0000] {processor.py:179} INFO - Processing /home/airflow/.local/lib/python3.8/site-packages/airflow/example_dags/example_complex.py took 0.052 seconds
[2023-10-26T09:42:39.579+0000] {processor.py:157} INFO - Started process (PID=406) to work on /home/airflow/.local/lib/python3.8/site-packages/airflow/example_dags/example_complex.py
[2023-10-26T09:42:39.580+0000] {processor.py:829} INFO - Processing file /home/airflow/.local/lib/python3.8/site-packages/airflow/example_dags/example_complex.py for tasks to queue
[2023-10-26T09:42:39.581+0000] {logging_mixin.py:151} INFO - [2023-10-26T09:42:39.581+0000] {dagbag.py:536} INFO - Filling up the DagBag from /home/airflow/.local/lib/python3.8/site-packages/airflow/example_dags/example_complex.py
[2023-10-26T09:42:39.587+0000] {processor.py:839} INFO - DAG(s) dict_keys(['example_complex']) retrieved from /home/airflow/.local/lib/python3.8/site-packages/airflow/example_dags/example_complex.py
[2023-10-26T09:42:39.605+0000] {logging_mixin.py:151} INFO - [2023-10-26T09:42:39.605+0000] {dag.py:2941} INFO - Sync 1 DAGs
[2023-10-26T09:42:39.613+0000] {logging_mixin.py:151} INFO - [2023-10-26T09:42:39.613+0000] {dag.py:3722} INFO - Setting next_dagrun for example_complex to None, run_after=None
[2023-10-26T09:42:39.625+0000] {processor.py:179} INFO - Processing /home/airflow/.local/lib/python3.8/site-packages/airflow/example_dags/example_complex.py took 0.047 seconds
[2023-10-26T09:43:10.341+0000] {processor.py:157} INFO - Started process (PID=463) to work on /home/airflow/.local/lib/python3.8/site-packages/airflow/example_dags/example_complex.py
[2023-10-26T09:43:10.342+0000] {processor.py:829} INFO - Processing file /home/airflow/.local/lib/python3.8/site-packages/airflow/example_dags/example_complex.py for tasks to queue
[2023-10-26T09:43:10.343+0000] {logging_mixin.py:151} INFO - [2023-10-26T09:43:10.343+0000] {dagbag.py:536} INFO - Filling up the DagBag from /home/airflow/.local/lib/python3.8/site-packages/airflow/example_dags/example_complex.py
[2023-10-26T09:43:10.350+0000] {processor.py:839} INFO - DAG(s) dict_keys(['example_complex']) retrieved from /home/airflow/.local/lib/python3.8/site-packages/airflow/example_dags/example_complex.py
[2023-10-26T09:43:10.376+0000] {logging_mixin.py:151} INFO - [2023-10-26T09:43:10.376+0000] {dag.py:2941} INFO - Sync 1 DAGs
[2023-10-26T09:43:10.386+0000] {logging_mixin.py:151} INFO - [2023-10-26T09:43:10.386+0000] {dag.py:3722} INFO - Setting next_dagrun for example_complex to None, run_after=None
[2023-10-26T09:43:10.400+0000] {processor.py:179} INFO - Processing /home/airflow/.local/lib/python3.8/site-packages/airflow/example_dags/example_complex.py took 0.060 seconds
[2023-10-26T09:43:41.197+0000] {processor.py:157} INFO - Started process (PID=520) to work on /home/airflow/.local/lib/python3.8/site-packages/airflow/example_dags/example_complex.py
[2023-10-26T09:43:41.198+0000] {processor.py:829} INFO - Processing file /home/airflow/.local/lib/python3.8/site-packages/airflow/example_dags/example_complex.py for tasks to queue
[2023-10-26T09:43:41.199+0000] {logging_mixin.py:151} INFO - [2023-10-26T09:43:41.198+0000] {dagbag.py:536} INFO - Filling up the DagBag from /home/airflow/.local/lib/python3.8/site-packages/airflow/example_dags/example_complex.py
[2023-10-26T09:43:41.205+0000] {processor.py:839} INFO - DAG(s) dict_keys(['example_complex']) retrieved from /home/airflow/.local/lib/python3.8/site-packages/airflow/example_dags/example_complex.py
[2023-10-26T09:43:41.223+0000] {logging_mixin.py:151} INFO - [2023-10-26T09:43:41.223+0000] {dag.py:2941} INFO - Sync 1 DAGs
[2023-10-26T09:43:41.231+0000] {logging_mixin.py:151} INFO - [2023-10-26T09:43:41.231+0000] {dag.py:3722} INFO - Setting next_dagrun for example_complex to None, run_after=None
[2023-10-26T09:43:41.242+0000] {processor.py:179} INFO - Processing /home/airflow/.local/lib/python3.8/site-packages/airflow/example_dags/example_complex.py took 0.047 seconds
[2023-10-26T09:44:12.159+0000] {processor.py:157} INFO - Started process (PID=576) to work on /home/airflow/.local/lib/python3.8/site-packages/airflow/example_dags/example_complex.py
[2023-10-26T09:44:12.159+0000] {processor.py:829} INFO - Processing file /home/airflow/.local/lib/python3.8/site-packages/airflow/example_dags/example_complex.py for tasks to queue
[2023-10-26T09:44:12.160+0000] {logging_mixin.py:151} INFO - [2023-10-26T09:44:12.160+0000] {dagbag.py:536} INFO - Filling up the DagBag from /home/airflow/.local/lib/python3.8/site-packages/airflow/example_dags/example_complex.py
[2023-10-26T09:44:12.167+0000] {processor.py:839} INFO - DAG(s) dict_keys(['example_complex']) retrieved from /home/airflow/.local/lib/python3.8/site-packages/airflow/example_dags/example_complex.py
[2023-10-26T09:44:12.186+0000] {logging_mixin.py:151} INFO - [2023-10-26T09:44:12.186+0000] {dag.py:2941} INFO - Sync 1 DAGs
[2023-10-26T09:44:12.196+0000] {logging_mixin.py:151} INFO - [2023-10-26T09:44:12.196+0000] {dag.py:3722} INFO - Setting next_dagrun for example_complex to None, run_after=None
[2023-10-26T09:44:12.209+0000] {processor.py:179} INFO - Processing /home/airflow/.local/lib/python3.8/site-packages/airflow/example_dags/example_complex.py took 0.052 seconds
[2023-10-26T09:44:42.852+0000] {processor.py:157} INFO - Started process (PID=632) to work on /home/airflow/.local/lib/python3.8/site-packages/airflow/example_dags/example_complex.py
[2023-10-26T09:44:42.853+0000] {processor.py:829} INFO - Processing file /home/airflow/.local/lib/python3.8/site-packages/airflow/example_dags/example_complex.py for tasks to queue
[2023-10-26T09:44:42.854+0000] {logging_mixin.py:151} INFO - [2023-10-26T09:44:42.854+0000] {dagbag.py:536} INFO - Filling up the DagBag from /home/airflow/.local/lib/python3.8/site-packages/airflow/example_dags/example_complex.py
[2023-10-26T09:44:42.863+0000] {processor.py:839} INFO - DAG(s) dict_keys(['example_complex']) retrieved from /home/airflow/.local/lib/python3.8/site-packages/airflow/example_dags/example_complex.py
[2023-10-26T09:44:42.883+0000] {logging_mixin.py:151} INFO - [2023-10-26T09:44:42.883+0000] {dag.py:2941} INFO - Sync 1 DAGs
[2023-10-26T09:44:42.892+0000] {logging_mixin.py:151} INFO - [2023-10-26T09:44:42.892+0000] {dag.py:3722} INFO - Setting next_dagrun for example_complex to None, run_after=None
[2023-10-26T09:44:42.903+0000] {processor.py:179} INFO - Processing /home/airflow/.local/lib/python3.8/site-packages/airflow/example_dags/example_complex.py took 0.053 seconds
[2023-10-26T09:45:13.569+0000] {processor.py:157} INFO - Started process (PID=688) to work on /home/airflow/.local/lib/python3.8/site-packages/airflow/example_dags/example_complex.py
[2023-10-26T09:45:13.569+0000] {processor.py:829} INFO - Processing file /home/airflow/.local/lib/python3.8/site-packages/airflow/example_dags/example_complex.py for tasks to queue
[2023-10-26T09:45:13.570+0000] {logging_mixin.py:151} INFO - [2023-10-26T09:45:13.570+0000] {dagbag.py:536} INFO - Filling up the DagBag from /home/airflow/.local/lib/python3.8/site-packages/airflow/example_dags/example_complex.py
[2023-10-26T09:45:13.576+0000] {processor.py:839} INFO - DAG(s) dict_keys(['example_complex']) retrieved from /home/airflow/.local/lib/python3.8/site-packages/airflow/example_dags/example_complex.py
[2023-10-26T09:45:13.603+0000] {logging_mixin.py:151} INFO - [2023-10-26T09:45:13.602+0000] {dag.py:2941} INFO - Sync 1 DAGs
[2023-10-26T09:45:13.613+0000] {logging_mixin.py:151} INFO - [2023-10-26T09:45:13.613+0000] {dag.py:3722} INFO - Setting next_dagrun for example_complex to None, run_after=None
[2023-10-26T09:45:13.625+0000] {processor.py:179} INFO - Processing /home/airflow/.local/lib/python3.8/site-packages/airflow/example_dags/example_complex.py took 0.058 seconds
[2023-10-26T09:45:44.277+0000] {processor.py:157} INFO - Started process (PID=744) to work on /home/airflow/.local/lib/python3.8/site-packages/airflow/example_dags/example_complex.py
[2023-10-26T09:45:44.277+0000] {processor.py:829} INFO - Processing file /home/airflow/.local/lib/python3.8/site-packages/airflow/example_dags/example_complex.py for tasks to queue
[2023-10-26T09:45:44.278+0000] {logging_mixin.py:151} INFO - [2023-10-26T09:45:44.278+0000] {dagbag.py:536} INFO - Filling up the DagBag from /home/airflow/.local/lib/python3.8/site-packages/airflow/example_dags/example_complex.py
[2023-10-26T09:45:44.285+0000] {processor.py:839} INFO - DAG(s) dict_keys(['example_complex']) retrieved from /home/airflow/.local/lib/python3.8/site-packages/airflow/example_dags/example_complex.py
[2023-10-26T09:45:44.311+0000] {logging_mixin.py:151} INFO - [2023-10-26T09:45:44.311+0000] {dag.py:2941} INFO - Sync 1 DAGs
[2023-10-26T09:45:44.320+0000] {logging_mixin.py:151} INFO - [2023-10-26T09:45:44.320+0000] {dag.py:3722} INFO - Setting next_dagrun for example_complex to None, run_after=None
[2023-10-26T09:45:44.331+0000] {processor.py:179} INFO - Processing /home/airflow/.local/lib/python3.8/site-packages/airflow/example_dags/example_complex.py took 0.056 seconds
[2023-10-26T09:46:15.212+0000] {processor.py:157} INFO - Started process (PID=800) to work on /home/airflow/.local/lib/python3.8/site-packages/airflow/example_dags/example_complex.py
[2023-10-26T09:46:15.212+0000] {processor.py:829} INFO - Processing file /home/airflow/.local/lib/python3.8/site-packages/airflow/example_dags/example_complex.py for tasks to queue
[2023-10-26T09:46:15.213+0000] {logging_mixin.py:151} INFO - [2023-10-26T09:46:15.213+0000] {dagbag.py:536} INFO - Filling up the DagBag from /home/airflow/.local/lib/python3.8/site-packages/airflow/example_dags/example_complex.py
[2023-10-26T09:46:15.221+0000] {processor.py:839} INFO - DAG(s) dict_keys(['example_complex']) retrieved from /home/airflow/.local/lib/python3.8/site-packages/airflow/example_dags/example_complex.py
[2023-10-26T09:46:15.241+0000] {logging_mixin.py:151} INFO - [2023-10-26T09:46:15.241+0000] {dag.py:2941} INFO - Sync 1 DAGs
[2023-10-26T09:46:15.249+0000] {logging_mixin.py:151} INFO - [2023-10-26T09:46:15.249+0000] {dag.py:3722} INFO - Setting next_dagrun for example_complex to None, run_after=None
[2023-10-26T09:46:15.264+0000] {processor.py:179} INFO - Processing /home/airflow/.local/lib/python3.8/site-packages/airflow/example_dags/example_complex.py took 0.054 seconds
[2023-10-26T09:46:45.315+0000] {processor.py:157} INFO - Started process (PID=856) to work on /home/airflow/.local/lib/python3.8/site-packages/airflow/example_dags/example_complex.py
[2023-10-26T09:46:45.316+0000] {processor.py:829} INFO - Processing file /home/airflow/.local/lib/python3.8/site-packages/airflow/example_dags/example_complex.py for tasks to queue
[2023-10-26T09:46:45.317+0000] {logging_mixin.py:151} INFO - [2023-10-26T09:46:45.317+0000] {dagbag.py:536} INFO - Filling up the DagBag from /home/airflow/.local/lib/python3.8/site-packages/airflow/example_dags/example_complex.py
[2023-10-26T09:46:45.325+0000] {processor.py:839} INFO - DAG(s) dict_keys(['example_complex']) retrieved from /home/airflow/.local/lib/python3.8/site-packages/airflow/example_dags/example_complex.py
[2023-10-26T09:46:45.343+0000] {logging_mixin.py:151} INFO - [2023-10-26T09:46:45.343+0000] {dag.py:2941} INFO - Sync 1 DAGs
[2023-10-26T09:46:45.351+0000] {logging_mixin.py:151} INFO - [2023-10-26T09:46:45.350+0000] {dag.py:3722} INFO - Setting next_dagrun for example_complex to None, run_after=None
[2023-10-26T09:46:45.362+0000] {processor.py:179} INFO - Processing /home/airflow/.local/lib/python3.8/site-packages/airflow/example_dags/example_complex.py took 0.049 seconds
[2023-10-26T09:47:15.487+0000] {processor.py:157} INFO - Started process (PID=912) to work on /home/airflow/.local/lib/python3.8/site-packages/airflow/example_dags/example_complex.py
[2023-10-26T09:47:15.487+0000] {processor.py:829} INFO - Processing file /home/airflow/.local/lib/python3.8/site-packages/airflow/example_dags/example_complex.py for tasks to queue
[2023-10-26T09:47:15.489+0000] {logging_mixin.py:151} INFO - [2023-10-26T09:47:15.488+0000] {dagbag.py:536} INFO - Filling up the DagBag from /home/airflow/.local/lib/python3.8/site-packages/airflow/example_dags/example_complex.py
[2023-10-26T09:47:15.495+0000] {processor.py:839} INFO - DAG(s) dict_keys(['example_complex']) retrieved from /home/airflow/.local/lib/python3.8/site-packages/airflow/example_dags/example_complex.py
[2023-10-26T09:47:15.513+0000] {logging_mixin.py:151} INFO - [2023-10-26T09:47:15.513+0000] {dag.py:2941} INFO - Sync 1 DAGs
[2023-10-26T09:47:15.521+0000] {logging_mixin.py:151} INFO - [2023-10-26T09:47:15.521+0000] {dag.py:3722} INFO - Setting next_dagrun for example_complex to None, run_after=None
[2023-10-26T09:47:15.533+0000] {processor.py:179} INFO - Processing /home/airflow/.local/lib/python3.8/site-packages/airflow/example_dags/example_complex.py took 0.048 seconds
[2023-10-26T09:47:45.654+0000] {processor.py:157} INFO - Started process (PID=969) to work on /home/airflow/.local/lib/python3.8/site-packages/airflow/example_dags/example_complex.py
[2023-10-26T09:47:45.654+0000] {processor.py:829} INFO - Processing file /home/airflow/.local/lib/python3.8/site-packages/airflow/example_dags/example_complex.py for tasks to queue
[2023-10-26T09:47:45.656+0000] {logging_mixin.py:151} INFO - [2023-10-26T09:47:45.656+0000] {dagbag.py:536} INFO - Filling up the DagBag from /home/airflow/.local/lib/python3.8/site-packages/airflow/example_dags/example_complex.py
[2023-10-26T09:47:45.665+0000] {processor.py:839} INFO - DAG(s) dict_keys(['example_complex']) retrieved from /home/airflow/.local/lib/python3.8/site-packages/airflow/example_dags/example_complex.py
[2023-10-26T09:47:45.683+0000] {logging_mixin.py:151} INFO - [2023-10-26T09:47:45.683+0000] {dag.py:2941} INFO - Sync 1 DAGs
[2023-10-26T09:47:45.691+0000] {logging_mixin.py:151} INFO - [2023-10-26T09:47:45.691+0000] {dag.py:3722} INFO - Setting next_dagrun for example_complex to None, run_after=None
[2023-10-26T09:47:45.703+0000] {processor.py:179} INFO - Processing /home/airflow/.local/lib/python3.8/site-packages/airflow/example_dags/example_complex.py took 0.052 seconds
[2023-10-26T09:48:16.492+0000] {processor.py:157} INFO - Started process (PID=1025) to work on /home/airflow/.local/lib/python3.8/site-packages/airflow/example_dags/example_complex.py
[2023-10-26T09:48:16.493+0000] {processor.py:829} INFO - Processing file /home/airflow/.local/lib/python3.8/site-packages/airflow/example_dags/example_complex.py for tasks to queue
[2023-10-26T09:48:16.494+0000] {logging_mixin.py:151} INFO - [2023-10-26T09:48:16.494+0000] {dagbag.py:536} INFO - Filling up the DagBag from /home/airflow/.local/lib/python3.8/site-packages/airflow/example_dags/example_complex.py
[2023-10-26T09:48:16.500+0000] {processor.py:839} INFO - DAG(s) dict_keys(['example_complex']) retrieved from /home/airflow/.local/lib/python3.8/site-packages/airflow/example_dags/example_complex.py
[2023-10-26T09:48:16.519+0000] {logging_mixin.py:151} INFO - [2023-10-26T09:48:16.519+0000] {dag.py:2941} INFO - Sync 1 DAGs
[2023-10-26T09:48:16.527+0000] {logging_mixin.py:151} INFO - [2023-10-26T09:48:16.527+0000] {dag.py:3722} INFO - Setting next_dagrun for example_complex to None, run_after=None
[2023-10-26T09:48:16.537+0000] {processor.py:179} INFO - Processing /home/airflow/.local/lib/python3.8/site-packages/airflow/example_dags/example_complex.py took 0.047 seconds
[2023-10-26T09:48:47.198+0000] {processor.py:157} INFO - Started process (PID=1081) to work on /home/airflow/.local/lib/python3.8/site-packages/airflow/example_dags/example_complex.py
[2023-10-26T09:48:47.199+0000] {processor.py:829} INFO - Processing file /home/airflow/.local/lib/python3.8/site-packages/airflow/example_dags/example_complex.py for tasks to queue
[2023-10-26T09:48:47.200+0000] {logging_mixin.py:151} INFO - [2023-10-26T09:48:47.200+0000] {dagbag.py:536} INFO - Filling up the DagBag from /home/airflow/.local/lib/python3.8/site-packages/airflow/example_dags/example_complex.py
[2023-10-26T09:48:47.207+0000] {processor.py:839} INFO - DAG(s) dict_keys(['example_complex']) retrieved from /home/airflow/.local/lib/python3.8/site-packages/airflow/example_dags/example_complex.py
[2023-10-26T09:48:47.224+0000] {logging_mixin.py:151} INFO - [2023-10-26T09:48:47.224+0000] {dag.py:2941} INFO - Sync 1 DAGs
[2023-10-26T09:48:47.232+0000] {logging_mixin.py:151} INFO - [2023-10-26T09:48:47.231+0000] {dag.py:3722} INFO - Setting next_dagrun for example_complex to None, run_after=None
[2023-10-26T09:48:47.242+0000] {processor.py:179} INFO - Processing /home/airflow/.local/lib/python3.8/site-packages/airflow/example_dags/example_complex.py took 0.045 seconds
[2023-10-26T09:49:17.972+0000] {processor.py:157} INFO - Started process (PID=1137) to work on /home/airflow/.local/lib/python3.8/site-packages/airflow/example_dags/example_complex.py
[2023-10-26T09:49:17.973+0000] {processor.py:829} INFO - Processing file /home/airflow/.local/lib/python3.8/site-packages/airflow/example_dags/example_complex.py for tasks to queue
[2023-10-26T09:49:17.974+0000] {logging_mixin.py:151} INFO - [2023-10-26T09:49:17.974+0000] {dagbag.py:536} INFO - Filling up the DagBag from /home/airflow/.local/lib/python3.8/site-packages/airflow/example_dags/example_complex.py
[2023-10-26T09:49:17.981+0000] {processor.py:839} INFO - DAG(s) dict_keys(['example_complex']) retrieved from /home/airflow/.local/lib/python3.8/site-packages/airflow/example_dags/example_complex.py
[2023-10-26T09:49:17.999+0000] {logging_mixin.py:151} INFO - [2023-10-26T09:49:17.999+0000] {dag.py:2941} INFO - Sync 1 DAGs
[2023-10-26T09:49:18.007+0000] {logging_mixin.py:151} INFO - [2023-10-26T09:49:18.006+0000] {dag.py:3722} INFO - Setting next_dagrun for example_complex to None, run_after=None
[2023-10-26T09:49:18.017+0000] {processor.py:179} INFO - Processing /home/airflow/.local/lib/python3.8/site-packages/airflow/example_dags/example_complex.py took 0.046 seconds
[2023-10-26T09:49:48.190+0000] {processor.py:157} INFO - Started process (PID=1193) to work on /home/airflow/.local/lib/python3.8/site-packages/airflow/example_dags/example_complex.py
[2023-10-26T09:49:48.190+0000] {processor.py:829} INFO - Processing file /home/airflow/.local/lib/python3.8/site-packages/airflow/example_dags/example_complex.py for tasks to queue
[2023-10-26T09:49:48.192+0000] {logging_mixin.py:151} INFO - [2023-10-26T09:49:48.192+0000] {dagbag.py:536} INFO - Filling up the DagBag from /home/airflow/.local/lib/python3.8/site-packages/airflow/example_dags/example_complex.py
[2023-10-26T09:49:48.202+0000] {processor.py:839} INFO - DAG(s) dict_keys(['example_complex']) retrieved from /home/airflow/.local/lib/python3.8/site-packages/airflow/example_dags/example_complex.py
[2023-10-26T09:49:48.222+0000] {logging_mixin.py:151} INFO - [2023-10-26T09:49:48.222+0000] {dag.py:2941} INFO - Sync 1 DAGs
[2023-10-26T09:49:48.231+0000] {logging_mixin.py:151} INFO - [2023-10-26T09:49:48.230+0000] {dag.py:3722} INFO - Setting next_dagrun for example_complex to None, run_after=None
[2023-10-26T09:49:48.243+0000] {processor.py:179} INFO - Processing /home/airflow/.local/lib/python3.8/site-packages/airflow/example_dags/example_complex.py took 0.056 seconds
[2023-10-26T09:50:18.331+0000] {processor.py:157} INFO - Started process (PID=1249) to work on /home/airflow/.local/lib/python3.8/site-packages/airflow/example_dags/example_complex.py
[2023-10-26T09:50:18.331+0000] {processor.py:829} INFO - Processing file /home/airflow/.local/lib/python3.8/site-packages/airflow/example_dags/example_complex.py for tasks to queue
[2023-10-26T09:50:18.332+0000] {logging_mixin.py:151} INFO - [2023-10-26T09:50:18.332+0000] {dagbag.py:536} INFO - Filling up the DagBag from /home/airflow/.local/lib/python3.8/site-packages/airflow/example_dags/example_complex.py
[2023-10-26T09:50:18.340+0000] {processor.py:839} INFO - DAG(s) dict_keys(['example_complex']) retrieved from /home/airflow/.local/lib/python3.8/site-packages/airflow/example_dags/example_complex.py
[2023-10-26T09:50:18.358+0000] {logging_mixin.py:151} INFO - [2023-10-26T09:50:18.358+0000] {dag.py:2941} INFO - Sync 1 DAGs
[2023-10-26T09:50:18.371+0000] {logging_mixin.py:151} INFO - [2023-10-26T09:50:18.371+0000] {dag.py:3722} INFO - Setting next_dagrun for example_complex to None, run_after=None
[2023-10-26T09:50:18.381+0000] {processor.py:179} INFO - Processing /home/airflow/.local/lib/python3.8/site-packages/airflow/example_dags/example_complex.py took 0.052 seconds
[2023-10-26T09:50:49.145+0000] {processor.py:157} INFO - Started process (PID=1305) to work on /home/airflow/.local/lib/python3.8/site-packages/airflow/example_dags/example_complex.py
[2023-10-26T09:50:49.145+0000] {processor.py:829} INFO - Processing file /home/airflow/.local/lib/python3.8/site-packages/airflow/example_dags/example_complex.py for tasks to queue
[2023-10-26T09:50:49.147+0000] {logging_mixin.py:151} INFO - [2023-10-26T09:50:49.147+0000] {dagbag.py:536} INFO - Filling up the DagBag from /home/airflow/.local/lib/python3.8/site-packages/airflow/example_dags/example_complex.py
[2023-10-26T09:50:49.154+0000] {processor.py:839} INFO - DAG(s) dict_keys(['example_complex']) retrieved from /home/airflow/.local/lib/python3.8/site-packages/airflow/example_dags/example_complex.py
[2023-10-26T09:50:49.171+0000] {logging_mixin.py:151} INFO - [2023-10-26T09:50:49.171+0000] {dag.py:2941} INFO - Sync 1 DAGs
[2023-10-26T09:50:49.179+0000] {logging_mixin.py:151} INFO - [2023-10-26T09:50:49.179+0000] {dag.py:3722} INFO - Setting next_dagrun for example_complex to None, run_after=None
[2023-10-26T09:50:49.189+0000] {processor.py:179} INFO - Processing /home/airflow/.local/lib/python3.8/site-packages/airflow/example_dags/example_complex.py took 0.047 seconds
[2023-10-26T09:51:19.891+0000] {processor.py:157} INFO - Started process (PID=1362) to work on /home/airflow/.local/lib/python3.8/site-packages/airflow/example_dags/example_complex.py
[2023-10-26T09:51:19.892+0000] {processor.py:829} INFO - Processing file /home/airflow/.local/lib/python3.8/site-packages/airflow/example_dags/example_complex.py for tasks to queue
[2023-10-26T09:51:19.893+0000] {logging_mixin.py:151} INFO - [2023-10-26T09:51:19.893+0000] {dagbag.py:536} INFO - Filling up the DagBag from /home/airflow/.local/lib/python3.8/site-packages/airflow/example_dags/example_complex.py
[2023-10-26T09:51:19.902+0000] {processor.py:839} INFO - DAG(s) dict_keys(['example_complex']) retrieved from /home/airflow/.local/lib/python3.8/site-packages/airflow/example_dags/example_complex.py
[2023-10-26T09:51:19.919+0000] {logging_mixin.py:151} INFO - [2023-10-26T09:51:19.919+0000] {dag.py:2941} INFO - Sync 1 DAGs
[2023-10-26T09:51:19.927+0000] {logging_mixin.py:151} INFO - [2023-10-26T09:51:19.926+0000] {dag.py:3722} INFO - Setting next_dagrun for example_complex to None, run_after=None
[2023-10-26T09:51:19.937+0000] {processor.py:179} INFO - Processing /home/airflow/.local/lib/python3.8/site-packages/airflow/example_dags/example_complex.py took 0.048 seconds
[2023-10-26T09:51:50.668+0000] {processor.py:157} INFO - Started process (PID=1419) to work on /home/airflow/.local/lib/python3.8/site-packages/airflow/example_dags/example_complex.py
[2023-10-26T09:51:50.669+0000] {processor.py:829} INFO - Processing file /home/airflow/.local/lib/python3.8/site-packages/airflow/example_dags/example_complex.py for tasks to queue
[2023-10-26T09:51:50.670+0000] {logging_mixin.py:151} INFO - [2023-10-26T09:51:50.670+0000] {dagbag.py:536} INFO - Filling up the DagBag from /home/airflow/.local/lib/python3.8/site-packages/airflow/example_dags/example_complex.py
[2023-10-26T09:51:50.679+0000] {processor.py:839} INFO - DAG(s) dict_keys(['example_complex']) retrieved from /home/airflow/.local/lib/python3.8/site-packages/airflow/example_dags/example_complex.py
[2023-10-26T09:51:50.697+0000] {logging_mixin.py:151} INFO - [2023-10-26T09:51:50.697+0000] {dag.py:2941} INFO - Sync 1 DAGs
[2023-10-26T09:51:50.705+0000] {logging_mixin.py:151} INFO - [2023-10-26T09:51:50.704+0000] {dag.py:3722} INFO - Setting next_dagrun for example_complex to None, run_after=None
[2023-10-26T09:51:50.715+0000] {processor.py:179} INFO - Processing /home/airflow/.local/lib/python3.8/site-packages/airflow/example_dags/example_complex.py took 0.049 seconds
[2023-10-26T09:52:21.506+0000] {processor.py:157} INFO - Started process (PID=1475) to work on /home/airflow/.local/lib/python3.8/site-packages/airflow/example_dags/example_complex.py
[2023-10-26T09:52:21.507+0000] {processor.py:829} INFO - Processing file /home/airflow/.local/lib/python3.8/site-packages/airflow/example_dags/example_complex.py for tasks to queue
[2023-10-26T09:52:21.508+0000] {logging_mixin.py:151} INFO - [2023-10-26T09:52:21.508+0000] {dagbag.py:536} INFO - Filling up the DagBag from /home/airflow/.local/lib/python3.8/site-packages/airflow/example_dags/example_complex.py
[2023-10-26T09:52:21.514+0000] {processor.py:839} INFO - DAG(s) dict_keys(['example_complex']) retrieved from /home/airflow/.local/lib/python3.8/site-packages/airflow/example_dags/example_complex.py
[2023-10-26T09:52:21.532+0000] {logging_mixin.py:151} INFO - [2023-10-26T09:52:21.532+0000] {dag.py:2941} INFO - Sync 1 DAGs
[2023-10-26T09:52:21.539+0000] {logging_mixin.py:151} INFO - [2023-10-26T09:52:21.539+0000] {dag.py:3722} INFO - Setting next_dagrun for example_complex to None, run_after=None
[2023-10-26T09:52:21.549+0000] {processor.py:179} INFO - Processing /home/airflow/.local/lib/python3.8/site-packages/airflow/example_dags/example_complex.py took 0.046 seconds
[2023-10-26T09:52:52.197+0000] {processor.py:157} INFO - Started process (PID=1531) to work on /home/airflow/.local/lib/python3.8/site-packages/airflow/example_dags/example_complex.py
[2023-10-26T09:52:52.197+0000] {processor.py:829} INFO - Processing file /home/airflow/.local/lib/python3.8/site-packages/airflow/example_dags/example_complex.py for tasks to queue
[2023-10-26T09:52:52.198+0000] {logging_mixin.py:151} INFO - [2023-10-26T09:52:52.198+0000] {dagbag.py:536} INFO - Filling up the DagBag from /home/airflow/.local/lib/python3.8/site-packages/airflow/example_dags/example_complex.py
[2023-10-26T09:52:52.205+0000] {processor.py:839} INFO - DAG(s) dict_keys(['example_complex']) retrieved from /home/airflow/.local/lib/python3.8/site-packages/airflow/example_dags/example_complex.py
[2023-10-26T09:52:52.223+0000] {logging_mixin.py:151} INFO - [2023-10-26T09:52:52.223+0000] {dag.py:2941} INFO - Sync 1 DAGs
[2023-10-26T09:52:52.230+0000] {logging_mixin.py:151} INFO - [2023-10-26T09:52:52.230+0000] {dag.py:3722} INFO - Setting next_dagrun for example_complex to None, run_after=None
[2023-10-26T09:52:52.240+0000] {processor.py:179} INFO - Processing /home/airflow/.local/lib/python3.8/site-packages/airflow/example_dags/example_complex.py took 0.045 seconds
[2023-10-26T09:53:22.961+0000] {processor.py:157} INFO - Started process (PID=1595) to work on /home/airflow/.local/lib/python3.8/site-packages/airflow/example_dags/example_complex.py
[2023-10-26T09:53:22.962+0000] {processor.py:829} INFO - Processing file /home/airflow/.local/lib/python3.8/site-packages/airflow/example_dags/example_complex.py for tasks to queue
[2023-10-26T09:53:22.963+0000] {logging_mixin.py:151} INFO - [2023-10-26T09:53:22.963+0000] {dagbag.py:536} INFO - Filling up the DagBag from /home/airflow/.local/lib/python3.8/site-packages/airflow/example_dags/example_complex.py
[2023-10-26T09:53:22.971+0000] {processor.py:839} INFO - DAG(s) dict_keys(['example_complex']) retrieved from /home/airflow/.local/lib/python3.8/site-packages/airflow/example_dags/example_complex.py
[2023-10-26T09:53:22.988+0000] {logging_mixin.py:151} INFO - [2023-10-26T09:53:22.988+0000] {dag.py:2941} INFO - Sync 1 DAGs
[2023-10-26T09:53:22.996+0000] {logging_mixin.py:151} INFO - [2023-10-26T09:53:22.996+0000] {dag.py:3722} INFO - Setting next_dagrun for example_complex to None, run_after=None
[2023-10-26T09:53:23.006+0000] {processor.py:179} INFO - Processing /home/airflow/.local/lib/python3.8/site-packages/airflow/example_dags/example_complex.py took 0.047 seconds
[2023-10-26T09:53:54.195+0000] {processor.py:157} INFO - Started process (PID=1652) to work on /home/airflow/.local/lib/python3.8/site-packages/airflow/example_dags/example_complex.py
[2023-10-26T09:53:54.196+0000] {processor.py:829} INFO - Processing file /home/airflow/.local/lib/python3.8/site-packages/airflow/example_dags/example_complex.py for tasks to queue
[2023-10-26T09:53:54.197+0000] {logging_mixin.py:151} INFO - [2023-10-26T09:53:54.197+0000] {dagbag.py:536} INFO - Filling up the DagBag from /home/airflow/.local/lib/python3.8/site-packages/airflow/example_dags/example_complex.py
[2023-10-26T09:53:54.204+0000] {processor.py:839} INFO - DAG(s) dict_keys(['example_complex']) retrieved from /home/airflow/.local/lib/python3.8/site-packages/airflow/example_dags/example_complex.py
[2023-10-26T09:53:54.228+0000] {logging_mixin.py:151} INFO - [2023-10-26T09:53:54.228+0000] {dag.py:2941} INFO - Sync 1 DAGs
[2023-10-26T09:53:54.236+0000] {logging_mixin.py:151} INFO - [2023-10-26T09:53:54.236+0000] {dag.py:3722} INFO - Setting next_dagrun for example_complex to None, run_after=None
[2023-10-26T09:53:54.248+0000] {processor.py:179} INFO - Processing /home/airflow/.local/lib/python3.8/site-packages/airflow/example_dags/example_complex.py took 0.055 seconds
[2023-10-26T09:54:25.339+0000] {processor.py:157} INFO - Started process (PID=1708) to work on /home/airflow/.local/lib/python3.8/site-packages/airflow/example_dags/example_complex.py
[2023-10-26T09:54:25.340+0000] {processor.py:829} INFO - Processing file /home/airflow/.local/lib/python3.8/site-packages/airflow/example_dags/example_complex.py for tasks to queue
[2023-10-26T09:54:25.341+0000] {logging_mixin.py:151} INFO - [2023-10-26T09:54:25.341+0000] {dagbag.py:536} INFO - Filling up the DagBag from /home/airflow/.local/lib/python3.8/site-packages/airflow/example_dags/example_complex.py
[2023-10-26T09:54:25.347+0000] {processor.py:839} INFO - DAG(s) dict_keys(['example_complex']) retrieved from /home/airflow/.local/lib/python3.8/site-packages/airflow/example_dags/example_complex.py
[2023-10-26T09:54:25.366+0000] {logging_mixin.py:151} INFO - [2023-10-26T09:54:25.366+0000] {dag.py:2941} INFO - Sync 1 DAGs
[2023-10-26T09:54:25.374+0000] {logging_mixin.py:151} INFO - [2023-10-26T09:54:25.374+0000] {dag.py:3722} INFO - Setting next_dagrun for example_complex to None, run_after=None
[2023-10-26T09:54:25.385+0000] {processor.py:179} INFO - Processing /home/airflow/.local/lib/python3.8/site-packages/airflow/example_dags/example_complex.py took 0.048 seconds
[2023-10-26T09:54:55.422+0000] {processor.py:157} INFO - Started process (PID=1764) to work on /home/airflow/.local/lib/python3.8/site-packages/airflow/example_dags/example_complex.py
[2023-10-26T09:54:55.423+0000] {processor.py:829} INFO - Processing file /home/airflow/.local/lib/python3.8/site-packages/airflow/example_dags/example_complex.py for tasks to queue
[2023-10-26T09:54:55.424+0000] {logging_mixin.py:151} INFO - [2023-10-26T09:54:55.424+0000] {dagbag.py:536} INFO - Filling up the DagBag from /home/airflow/.local/lib/python3.8/site-packages/airflow/example_dags/example_complex.py
[2023-10-26T09:54:55.430+0000] {processor.py:839} INFO - DAG(s) dict_keys(['example_complex']) retrieved from /home/airflow/.local/lib/python3.8/site-packages/airflow/example_dags/example_complex.py
[2023-10-26T09:54:55.455+0000] {logging_mixin.py:151} INFO - [2023-10-26T09:54:55.455+0000] {dag.py:2941} INFO - Sync 1 DAGs
[2023-10-26T09:54:55.465+0000] {logging_mixin.py:151} INFO - [2023-10-26T09:54:55.465+0000] {dag.py:3722} INFO - Setting next_dagrun for example_complex to None, run_after=None
[2023-10-26T09:54:55.478+0000] {processor.py:179} INFO - Processing /home/airflow/.local/lib/python3.8/site-packages/airflow/example_dags/example_complex.py took 0.058 seconds
[2023-10-26T09:55:26.410+0000] {processor.py:157} INFO - Started process (PID=1820) to work on /home/airflow/.local/lib/python3.8/site-packages/airflow/example_dags/example_complex.py
[2023-10-26T09:55:26.410+0000] {processor.py:829} INFO - Processing file /home/airflow/.local/lib/python3.8/site-packages/airflow/example_dags/example_complex.py for tasks to queue
[2023-10-26T09:55:26.411+0000] {logging_mixin.py:151} INFO - [2023-10-26T09:55:26.411+0000] {dagbag.py:536} INFO - Filling up the DagBag from /home/airflow/.local/lib/python3.8/site-packages/airflow/example_dags/example_complex.py
[2023-10-26T09:55:26.417+0000] {processor.py:839} INFO - DAG(s) dict_keys(['example_complex']) retrieved from /home/airflow/.local/lib/python3.8/site-packages/airflow/example_dags/example_complex.py
[2023-10-26T09:55:26.435+0000] {logging_mixin.py:151} INFO - [2023-10-26T09:55:26.435+0000] {dag.py:2941} INFO - Sync 1 DAGs
[2023-10-26T09:55:26.442+0000] {logging_mixin.py:151} INFO - [2023-10-26T09:55:26.442+0000] {dag.py:3722} INFO - Setting next_dagrun for example_complex to None, run_after=None
[2023-10-26T09:55:26.453+0000] {processor.py:179} INFO - Processing /home/airflow/.local/lib/python3.8/site-packages/airflow/example_dags/example_complex.py took 0.045 seconds
[2023-10-26T09:55:57.121+0000] {processor.py:157} INFO - Started process (PID=1876) to work on /home/airflow/.local/lib/python3.8/site-packages/airflow/example_dags/example_complex.py
[2023-10-26T09:55:57.121+0000] {processor.py:829} INFO - Processing file /home/airflow/.local/lib/python3.8/site-packages/airflow/example_dags/example_complex.py for tasks to queue
[2023-10-26T09:55:57.122+0000] {logging_mixin.py:151} INFO - [2023-10-26T09:55:57.122+0000] {dagbag.py:536} INFO - Filling up the DagBag from /home/airflow/.local/lib/python3.8/site-packages/airflow/example_dags/example_complex.py
[2023-10-26T09:55:57.129+0000] {processor.py:839} INFO - DAG(s) dict_keys(['example_complex']) retrieved from /home/airflow/.local/lib/python3.8/site-packages/airflow/example_dags/example_complex.py
[2023-10-26T09:55:57.146+0000] {logging_mixin.py:151} INFO - [2023-10-26T09:55:57.146+0000] {dag.py:2941} INFO - Sync 1 DAGs
[2023-10-26T09:55:57.154+0000] {logging_mixin.py:151} INFO - [2023-10-26T09:55:57.154+0000] {dag.py:3722} INFO - Setting next_dagrun for example_complex to None, run_after=None
[2023-10-26T09:55:57.164+0000] {processor.py:179} INFO - Processing /home/airflow/.local/lib/python3.8/site-packages/airflow/example_dags/example_complex.py took 0.045 seconds
[2023-10-26T09:56:27.753+0000] {processor.py:157} INFO - Started process (PID=1932) to work on /home/airflow/.local/lib/python3.8/site-packages/airflow/example_dags/example_complex.py
[2023-10-26T09:56:27.754+0000] {processor.py:829} INFO - Processing file /home/airflow/.local/lib/python3.8/site-packages/airflow/example_dags/example_complex.py for tasks to queue
[2023-10-26T09:56:27.755+0000] {logging_mixin.py:151} INFO - [2023-10-26T09:56:27.755+0000] {dagbag.py:536} INFO - Filling up the DagBag from /home/airflow/.local/lib/python3.8/site-packages/airflow/example_dags/example_complex.py
[2023-10-26T09:56:27.761+0000] {processor.py:839} INFO - DAG(s) dict_keys(['example_complex']) retrieved from /home/airflow/.local/lib/python3.8/site-packages/airflow/example_dags/example_complex.py
[2023-10-26T09:56:27.779+0000] {logging_mixin.py:151} INFO - [2023-10-26T09:56:27.779+0000] {dag.py:2941} INFO - Sync 1 DAGs
[2023-10-26T09:56:27.788+0000] {logging_mixin.py:151} INFO - [2023-10-26T09:56:27.788+0000] {dag.py:3722} INFO - Setting next_dagrun for example_complex to None, run_after=None
[2023-10-26T09:56:27.800+0000] {processor.py:179} INFO - Processing /home/airflow/.local/lib/python3.8/site-packages/airflow/example_dags/example_complex.py took 0.049 seconds
[2023-10-26T09:56:58.744+0000] {processor.py:157} INFO - Started process (PID=1987) to work on /home/airflow/.local/lib/python3.8/site-packages/airflow/example_dags/example_complex.py
[2023-10-26T09:56:58.744+0000] {processor.py:829} INFO - Processing file /home/airflow/.local/lib/python3.8/site-packages/airflow/example_dags/example_complex.py for tasks to queue
[2023-10-26T09:56:58.746+0000] {logging_mixin.py:151} INFO - [2023-10-26T09:56:58.745+0000] {dagbag.py:536} INFO - Filling up the DagBag from /home/airflow/.local/lib/python3.8/site-packages/airflow/example_dags/example_complex.py
[2023-10-26T09:56:58.752+0000] {processor.py:839} INFO - DAG(s) dict_keys(['example_complex']) retrieved from /home/airflow/.local/lib/python3.8/site-packages/airflow/example_dags/example_complex.py
[2023-10-26T09:56:58.771+0000] {logging_mixin.py:151} INFO - [2023-10-26T09:56:58.770+0000] {dag.py:2941} INFO - Sync 1 DAGs
[2023-10-26T09:56:58.869+0000] {logging_mixin.py:151} INFO - [2023-10-26T09:56:58.869+0000] {dag.py:3722} INFO - Setting next_dagrun for example_complex to None, run_after=None
[2023-10-26T09:56:58.880+0000] {processor.py:179} INFO - Processing /home/airflow/.local/lib/python3.8/site-packages/airflow/example_dags/example_complex.py took 0.138 seconds
[2023-10-26T09:57:29.779+0000] {processor.py:157} INFO - Started process (PID=2043) to work on /home/airflow/.local/lib/python3.8/site-packages/airflow/example_dags/example_complex.py
[2023-10-26T09:57:29.779+0000] {processor.py:829} INFO - Processing file /home/airflow/.local/lib/python3.8/site-packages/airflow/example_dags/example_complex.py for tasks to queue
[2023-10-26T09:57:29.780+0000] {logging_mixin.py:151} INFO - [2023-10-26T09:57:29.780+0000] {dagbag.py:536} INFO - Filling up the DagBag from /home/airflow/.local/lib/python3.8/site-packages/airflow/example_dags/example_complex.py
[2023-10-26T09:57:29.787+0000] {processor.py:839} INFO - DAG(s) dict_keys(['example_complex']) retrieved from /home/airflow/.local/lib/python3.8/site-packages/airflow/example_dags/example_complex.py
[2023-10-26T09:57:29.812+0000] {logging_mixin.py:151} INFO - [2023-10-26T09:57:29.812+0000] {dag.py:2941} INFO - Sync 1 DAGs
[2023-10-26T09:57:29.914+0000] {logging_mixin.py:151} INFO - [2023-10-26T09:57:29.914+0000] {dag.py:3722} INFO - Setting next_dagrun for example_complex to None, run_after=None
[2023-10-26T09:57:29.928+0000] {processor.py:179} INFO - Processing /home/airflow/.local/lib/python3.8/site-packages/airflow/example_dags/example_complex.py took 0.151 seconds
[2023-10-26T09:58:00.042+0000] {processor.py:157} INFO - Started process (PID=2099) to work on /home/airflow/.local/lib/python3.8/site-packages/airflow/example_dags/example_complex.py
[2023-10-26T09:58:00.043+0000] {processor.py:829} INFO - Processing file /home/airflow/.local/lib/python3.8/site-packages/airflow/example_dags/example_complex.py for tasks to queue
[2023-10-26T09:58:00.044+0000] {logging_mixin.py:151} INFO - [2023-10-26T09:58:00.044+0000] {dagbag.py:536} INFO - Filling up the DagBag from /home/airflow/.local/lib/python3.8/site-packages/airflow/example_dags/example_complex.py
[2023-10-26T09:58:00.050+0000] {processor.py:839} INFO - DAG(s) dict_keys(['example_complex']) retrieved from /home/airflow/.local/lib/python3.8/site-packages/airflow/example_dags/example_complex.py
[2023-10-26T09:58:00.068+0000] {logging_mixin.py:151} INFO - [2023-10-26T09:58:00.068+0000] {dag.py:2941} INFO - Sync 1 DAGs
[2023-10-26T09:58:00.077+0000] {logging_mixin.py:151} INFO - [2023-10-26T09:58:00.077+0000] {dag.py:3722} INFO - Setting next_dagrun for example_complex to None, run_after=None
[2023-10-26T09:58:00.188+0000] {processor.py:179} INFO - Processing /home/airflow/.local/lib/python3.8/site-packages/airflow/example_dags/example_complex.py took 0.148 seconds
[2023-10-26T09:58:30.949+0000] {processor.py:157} INFO - Started process (PID=2155) to work on /home/airflow/.local/lib/python3.8/site-packages/airflow/example_dags/example_complex.py
[2023-10-26T09:58:30.950+0000] {processor.py:829} INFO - Processing file /home/airflow/.local/lib/python3.8/site-packages/airflow/example_dags/example_complex.py for tasks to queue
[2023-10-26T09:58:30.951+0000] {logging_mixin.py:151} INFO - [2023-10-26T09:58:30.951+0000] {dagbag.py:536} INFO - Filling up the DagBag from /home/airflow/.local/lib/python3.8/site-packages/airflow/example_dags/example_complex.py
[2023-10-26T09:58:30.958+0000] {processor.py:839} INFO - DAG(s) dict_keys(['example_complex']) retrieved from /home/airflow/.local/lib/python3.8/site-packages/airflow/example_dags/example_complex.py
[2023-10-26T09:58:30.981+0000] {logging_mixin.py:151} INFO - [2023-10-26T09:58:30.981+0000] {dag.py:2941} INFO - Sync 1 DAGs
[2023-10-26T09:58:30.991+0000] {logging_mixin.py:151} INFO - [2023-10-26T09:58:30.991+0000] {dag.py:3722} INFO - Setting next_dagrun for example_complex to None, run_after=None
[2023-10-26T09:58:31.005+0000] {processor.py:179} INFO - Processing /home/airflow/.local/lib/python3.8/site-packages/airflow/example_dags/example_complex.py took 0.058 seconds
[2023-10-26T09:59:01.782+0000] {processor.py:157} INFO - Started process (PID=2211) to work on /home/airflow/.local/lib/python3.8/site-packages/airflow/example_dags/example_complex.py
[2023-10-26T09:59:01.783+0000] {processor.py:829} INFO - Processing file /home/airflow/.local/lib/python3.8/site-packages/airflow/example_dags/example_complex.py for tasks to queue
[2023-10-26T09:59:01.784+0000] {logging_mixin.py:151} INFO - [2023-10-26T09:59:01.784+0000] {dagbag.py:536} INFO - Filling up the DagBag from /home/airflow/.local/lib/python3.8/site-packages/airflow/example_dags/example_complex.py
[2023-10-26T09:59:01.791+0000] {processor.py:839} INFO - DAG(s) dict_keys(['example_complex']) retrieved from /home/airflow/.local/lib/python3.8/site-packages/airflow/example_dags/example_complex.py
[2023-10-26T09:59:01.812+0000] {logging_mixin.py:151} INFO - [2023-10-26T09:59:01.812+0000] {dag.py:2941} INFO - Sync 1 DAGs
[2023-10-26T09:59:01.821+0000] {logging_mixin.py:151} INFO - [2023-10-26T09:59:01.821+0000] {dag.py:3722} INFO - Setting next_dagrun for example_complex to None, run_after=None
[2023-10-26T09:59:01.833+0000] {processor.py:179} INFO - Processing /home/airflow/.local/lib/python3.8/site-packages/airflow/example_dags/example_complex.py took 0.053 seconds
[2023-10-26T09:59:32.594+0000] {processor.py:157} INFO - Started process (PID=2267) to work on /home/airflow/.local/lib/python3.8/site-packages/airflow/example_dags/example_complex.py
[2023-10-26T09:59:32.595+0000] {processor.py:829} INFO - Processing file /home/airflow/.local/lib/python3.8/site-packages/airflow/example_dags/example_complex.py for tasks to queue
[2023-10-26T09:59:32.596+0000] {logging_mixin.py:151} INFO - [2023-10-26T09:59:32.596+0000] {dagbag.py:536} INFO - Filling up the DagBag from /home/airflow/.local/lib/python3.8/site-packages/airflow/example_dags/example_complex.py
[2023-10-26T09:59:32.603+0000] {processor.py:839} INFO - DAG(s) dict_keys(['example_complex']) retrieved from /home/airflow/.local/lib/python3.8/site-packages/airflow/example_dags/example_complex.py
[2023-10-26T09:59:32.625+0000] {logging_mixin.py:151} INFO - [2023-10-26T09:59:32.625+0000] {dag.py:2941} INFO - Sync 1 DAGs
[2023-10-26T09:59:32.634+0000] {logging_mixin.py:151} INFO - [2023-10-26T09:59:32.634+0000] {dag.py:3722} INFO - Setting next_dagrun for example_complex to None, run_after=None
[2023-10-26T09:59:32.646+0000] {processor.py:179} INFO - Processing /home/airflow/.local/lib/python3.8/site-packages/airflow/example_dags/example_complex.py took 0.054 seconds
[2023-10-26T10:00:03.333+0000] {processor.py:157} INFO - Started process (PID=2323) to work on /home/airflow/.local/lib/python3.8/site-packages/airflow/example_dags/example_complex.py
[2023-10-26T10:00:03.334+0000] {processor.py:829} INFO - Processing file /home/airflow/.local/lib/python3.8/site-packages/airflow/example_dags/example_complex.py for tasks to queue
[2023-10-26T10:00:03.335+0000] {logging_mixin.py:151} INFO - [2023-10-26T10:00:03.334+0000] {dagbag.py:536} INFO - Filling up the DagBag from /home/airflow/.local/lib/python3.8/site-packages/airflow/example_dags/example_complex.py
[2023-10-26T10:00:03.341+0000] {processor.py:839} INFO - DAG(s) dict_keys(['example_complex']) retrieved from /home/airflow/.local/lib/python3.8/site-packages/airflow/example_dags/example_complex.py
[2023-10-26T10:00:03.361+0000] {logging_mixin.py:151} INFO - [2023-10-26T10:00:03.361+0000] {dag.py:2941} INFO - Sync 1 DAGs
[2023-10-26T10:00:03.369+0000] {logging_mixin.py:151} INFO - [2023-10-26T10:00:03.369+0000] {dag.py:3722} INFO - Setting next_dagrun for example_complex to None, run_after=None
[2023-10-26T10:00:03.380+0000] {processor.py:179} INFO - Processing /home/airflow/.local/lib/python3.8/site-packages/airflow/example_dags/example_complex.py took 0.049 seconds
[2023-10-26T10:00:34.089+0000] {processor.py:157} INFO - Started process (PID=2379) to work on /home/airflow/.local/lib/python3.8/site-packages/airflow/example_dags/example_complex.py
[2023-10-26T10:00:34.090+0000] {processor.py:829} INFO - Processing file /home/airflow/.local/lib/python3.8/site-packages/airflow/example_dags/example_complex.py for tasks to queue
[2023-10-26T10:00:34.091+0000] {logging_mixin.py:151} INFO - [2023-10-26T10:00:34.091+0000] {dagbag.py:536} INFO - Filling up the DagBag from /home/airflow/.local/lib/python3.8/site-packages/airflow/example_dags/example_complex.py
[2023-10-26T10:00:34.098+0000] {processor.py:839} INFO - DAG(s) dict_keys(['example_complex']) retrieved from /home/airflow/.local/lib/python3.8/site-packages/airflow/example_dags/example_complex.py
[2023-10-26T10:00:34.122+0000] {logging_mixin.py:151} INFO - [2023-10-26T10:00:34.122+0000] {dag.py:2941} INFO - Sync 1 DAGs
[2023-10-26T10:00:34.131+0000] {logging_mixin.py:151} INFO - [2023-10-26T10:00:34.131+0000] {dag.py:3722} INFO - Setting next_dagrun for example_complex to None, run_after=None
[2023-10-26T10:00:34.142+0000] {processor.py:179} INFO - Processing /home/airflow/.local/lib/python3.8/site-packages/airflow/example_dags/example_complex.py took 0.055 seconds
[2023-10-26T10:01:04.819+0000] {processor.py:157} INFO - Started process (PID=2435) to work on /home/airflow/.local/lib/python3.8/site-packages/airflow/example_dags/example_complex.py
[2023-10-26T10:01:04.820+0000] {processor.py:829} INFO - Processing file /home/airflow/.local/lib/python3.8/site-packages/airflow/example_dags/example_complex.py for tasks to queue
[2023-10-26T10:01:04.821+0000] {logging_mixin.py:151} INFO - [2023-10-26T10:01:04.821+0000] {dagbag.py:536} INFO - Filling up the DagBag from /home/airflow/.local/lib/python3.8/site-packages/airflow/example_dags/example_complex.py
[2023-10-26T10:01:04.828+0000] {processor.py:839} INFO - DAG(s) dict_keys(['example_complex']) retrieved from /home/airflow/.local/lib/python3.8/site-packages/airflow/example_dags/example_complex.py
[2023-10-26T10:01:04.853+0000] {logging_mixin.py:151} INFO - [2023-10-26T10:01:04.853+0000] {dag.py:2941} INFO - Sync 1 DAGs
[2023-10-26T10:01:04.862+0000] {logging_mixin.py:151} INFO - [2023-10-26T10:01:04.862+0000] {dag.py:3722} INFO - Setting next_dagrun for example_complex to None, run_after=None
[2023-10-26T10:01:04.874+0000] {processor.py:179} INFO - Processing /home/airflow/.local/lib/python3.8/site-packages/airflow/example_dags/example_complex.py took 0.057 seconds
[2023-10-26T10:01:35.616+0000] {processor.py:157} INFO - Started process (PID=2491) to work on /home/airflow/.local/lib/python3.8/site-packages/airflow/example_dags/example_complex.py
[2023-10-26T10:01:35.617+0000] {processor.py:829} INFO - Processing file /home/airflow/.local/lib/python3.8/site-packages/airflow/example_dags/example_complex.py for tasks to queue
[2023-10-26T10:01:35.618+0000] {logging_mixin.py:151} INFO - [2023-10-26T10:01:35.618+0000] {dagbag.py:536} INFO - Filling up the DagBag from /home/airflow/.local/lib/python3.8/site-packages/airflow/example_dags/example_complex.py
[2023-10-26T10:01:35.625+0000] {processor.py:839} INFO - DAG(s) dict_keys(['example_complex']) retrieved from /home/airflow/.local/lib/python3.8/site-packages/airflow/example_dags/example_complex.py
[2023-10-26T10:01:35.646+0000] {logging_mixin.py:151} INFO - [2023-10-26T10:01:35.646+0000] {dag.py:2941} INFO - Sync 1 DAGs
[2023-10-26T10:01:35.654+0000] {logging_mixin.py:151} INFO - [2023-10-26T10:01:35.654+0000] {dag.py:3722} INFO - Setting next_dagrun for example_complex to None, run_after=None
[2023-10-26T10:01:35.665+0000] {processor.py:179} INFO - Processing /home/airflow/.local/lib/python3.8/site-packages/airflow/example_dags/example_complex.py took 0.052 seconds
[2023-10-26T10:02:06.375+0000] {processor.py:157} INFO - Started process (PID=2547) to work on /home/airflow/.local/lib/python3.8/site-packages/airflow/example_dags/example_complex.py
[2023-10-26T10:02:06.376+0000] {processor.py:829} INFO - Processing file /home/airflow/.local/lib/python3.8/site-packages/airflow/example_dags/example_complex.py for tasks to queue
[2023-10-26T10:02:06.377+0000] {logging_mixin.py:151} INFO - [2023-10-26T10:02:06.377+0000] {dagbag.py:536} INFO - Filling up the DagBag from /home/airflow/.local/lib/python3.8/site-packages/airflow/example_dags/example_complex.py
[2023-10-26T10:02:06.384+0000] {processor.py:839} INFO - DAG(s) dict_keys(['example_complex']) retrieved from /home/airflow/.local/lib/python3.8/site-packages/airflow/example_dags/example_complex.py
[2023-10-26T10:02:06.408+0000] {logging_mixin.py:151} INFO - [2023-10-26T10:02:06.408+0000] {dag.py:2941} INFO - Sync 1 DAGs
[2023-10-26T10:02:06.417+0000] {logging_mixin.py:151} INFO - [2023-10-26T10:02:06.417+0000] {dag.py:3722} INFO - Setting next_dagrun for example_complex to None, run_after=None
[2023-10-26T10:02:06.429+0000] {processor.py:179} INFO - Processing /home/airflow/.local/lib/python3.8/site-packages/airflow/example_dags/example_complex.py took 0.055 seconds
[2023-10-26T10:02:37.140+0000] {processor.py:157} INFO - Started process (PID=2603) to work on /home/airflow/.local/lib/python3.8/site-packages/airflow/example_dags/example_complex.py
[2023-10-26T10:02:37.140+0000] {processor.py:829} INFO - Processing file /home/airflow/.local/lib/python3.8/site-packages/airflow/example_dags/example_complex.py for tasks to queue
[2023-10-26T10:02:37.141+0000] {logging_mixin.py:151} INFO - [2023-10-26T10:02:37.141+0000] {dagbag.py:536} INFO - Filling up the DagBag from /home/airflow/.local/lib/python3.8/site-packages/airflow/example_dags/example_complex.py
[2023-10-26T10:02:37.148+0000] {processor.py:839} INFO - DAG(s) dict_keys(['example_complex']) retrieved from /home/airflow/.local/lib/python3.8/site-packages/airflow/example_dags/example_complex.py
[2023-10-26T10:02:37.167+0000] {logging_mixin.py:151} INFO - [2023-10-26T10:02:37.167+0000] {dag.py:2941} INFO - Sync 1 DAGs
[2023-10-26T10:02:37.176+0000] {logging_mixin.py:151} INFO - [2023-10-26T10:02:37.176+0000] {dag.py:3722} INFO - Setting next_dagrun for example_complex to None, run_after=None
[2023-10-26T10:02:37.188+0000] {processor.py:179} INFO - Processing /home/airflow/.local/lib/python3.8/site-packages/airflow/example_dags/example_complex.py took 0.050 seconds
[2023-10-26T10:03:07.929+0000] {processor.py:157} INFO - Started process (PID=2659) to work on /home/airflow/.local/lib/python3.8/site-packages/airflow/example_dags/example_complex.py
[2023-10-26T10:03:07.929+0000] {processor.py:829} INFO - Processing file /home/airflow/.local/lib/python3.8/site-packages/airflow/example_dags/example_complex.py for tasks to queue
[2023-10-26T10:03:07.930+0000] {logging_mixin.py:151} INFO - [2023-10-26T10:03:07.930+0000] {dagbag.py:536} INFO - Filling up the DagBag from /home/airflow/.local/lib/python3.8/site-packages/airflow/example_dags/example_complex.py
[2023-10-26T10:03:07.937+0000] {processor.py:839} INFO - DAG(s) dict_keys(['example_complex']) retrieved from /home/airflow/.local/lib/python3.8/site-packages/airflow/example_dags/example_complex.py
[2023-10-26T10:03:07.961+0000] {logging_mixin.py:151} INFO - [2023-10-26T10:03:07.961+0000] {dag.py:2941} INFO - Sync 1 DAGs
[2023-10-26T10:03:07.970+0000] {logging_mixin.py:151} INFO - [2023-10-26T10:03:07.970+0000] {dag.py:3722} INFO - Setting next_dagrun for example_complex to None, run_after=None
[2023-10-26T10:03:07.982+0000] {processor.py:179} INFO - Processing /home/airflow/.local/lib/python3.8/site-packages/airflow/example_dags/example_complex.py took 0.055 seconds
[2023-10-26T10:03:38.744+0000] {processor.py:157} INFO - Started process (PID=2716) to work on /home/airflow/.local/lib/python3.8/site-packages/airflow/example_dags/example_complex.py
[2023-10-26T10:03:38.744+0000] {processor.py:829} INFO - Processing file /home/airflow/.local/lib/python3.8/site-packages/airflow/example_dags/example_complex.py for tasks to queue
[2023-10-26T10:03:38.745+0000] {logging_mixin.py:151} INFO - [2023-10-26T10:03:38.745+0000] {dagbag.py:536} INFO - Filling up the DagBag from /home/airflow/.local/lib/python3.8/site-packages/airflow/example_dags/example_complex.py
[2023-10-26T10:03:38.752+0000] {processor.py:839} INFO - DAG(s) dict_keys(['example_complex']) retrieved from /home/airflow/.local/lib/python3.8/site-packages/airflow/example_dags/example_complex.py
[2023-10-26T10:03:38.773+0000] {logging_mixin.py:151} INFO - [2023-10-26T10:03:38.772+0000] {dag.py:2941} INFO - Sync 1 DAGs
[2023-10-26T10:03:38.781+0000] {logging_mixin.py:151} INFO - [2023-10-26T10:03:38.781+0000] {dag.py:3722} INFO - Setting next_dagrun for example_complex to None, run_after=None
[2023-10-26T10:03:38.792+0000] {processor.py:179} INFO - Processing /home/airflow/.local/lib/python3.8/site-packages/airflow/example_dags/example_complex.py took 0.051 seconds
[2023-10-26T10:04:09.635+0000] {processor.py:157} INFO - Started process (PID=2772) to work on /home/airflow/.local/lib/python3.8/site-packages/airflow/example_dags/example_complex.py
[2023-10-26T10:04:09.636+0000] {processor.py:829} INFO - Processing file /home/airflow/.local/lib/python3.8/site-packages/airflow/example_dags/example_complex.py for tasks to queue
[2023-10-26T10:04:09.637+0000] {logging_mixin.py:151} INFO - [2023-10-26T10:04:09.636+0000] {dagbag.py:536} INFO - Filling up the DagBag from /home/airflow/.local/lib/python3.8/site-packages/airflow/example_dags/example_complex.py
[2023-10-26T10:04:09.643+0000] {processor.py:839} INFO - DAG(s) dict_keys(['example_complex']) retrieved from /home/airflow/.local/lib/python3.8/site-packages/airflow/example_dags/example_complex.py
[2023-10-26T10:04:09.664+0000] {logging_mixin.py:151} INFO - [2023-10-26T10:04:09.663+0000] {dag.py:2941} INFO - Sync 1 DAGs
[2023-10-26T10:04:09.674+0000] {logging_mixin.py:151} INFO - [2023-10-26T10:04:09.673+0000] {dag.py:3722} INFO - Setting next_dagrun for example_complex to None, run_after=None
[2023-10-26T10:04:09.685+0000] {processor.py:179} INFO - Processing /home/airflow/.local/lib/python3.8/site-packages/airflow/example_dags/example_complex.py took 0.052 seconds
[2023-10-26T10:04:40.443+0000] {processor.py:157} INFO - Started process (PID=2828) to work on /home/airflow/.local/lib/python3.8/site-packages/airflow/example_dags/example_complex.py
[2023-10-26T10:04:40.444+0000] {processor.py:829} INFO - Processing file /home/airflow/.local/lib/python3.8/site-packages/airflow/example_dags/example_complex.py for tasks to queue
[2023-10-26T10:04:40.445+0000] {logging_mixin.py:151} INFO - [2023-10-26T10:04:40.445+0000] {dagbag.py:536} INFO - Filling up the DagBag from /home/airflow/.local/lib/python3.8/site-packages/airflow/example_dags/example_complex.py
[2023-10-26T10:04:40.451+0000] {processor.py:839} INFO - DAG(s) dict_keys(['example_complex']) retrieved from /home/airflow/.local/lib/python3.8/site-packages/airflow/example_dags/example_complex.py
[2023-10-26T10:04:40.470+0000] {logging_mixin.py:151} INFO - [2023-10-26T10:04:40.469+0000] {dag.py:2941} INFO - Sync 1 DAGs
[2023-10-26T10:04:40.477+0000] {logging_mixin.py:151} INFO - [2023-10-26T10:04:40.477+0000] {dag.py:3722} INFO - Setting next_dagrun for example_complex to None, run_after=None
[2023-10-26T10:04:40.489+0000] {processor.py:179} INFO - Processing /home/airflow/.local/lib/python3.8/site-packages/airflow/example_dags/example_complex.py took 0.048 seconds
[2023-10-26T10:05:11.173+0000] {processor.py:157} INFO - Started process (PID=2884) to work on /home/airflow/.local/lib/python3.8/site-packages/airflow/example_dags/example_complex.py
[2023-10-26T10:05:11.174+0000] {processor.py:829} INFO - Processing file /home/airflow/.local/lib/python3.8/site-packages/airflow/example_dags/example_complex.py for tasks to queue
[2023-10-26T10:05:11.175+0000] {logging_mixin.py:151} INFO - [2023-10-26T10:05:11.175+0000] {dagbag.py:536} INFO - Filling up the DagBag from /home/airflow/.local/lib/python3.8/site-packages/airflow/example_dags/example_complex.py
[2023-10-26T10:05:11.184+0000] {processor.py:839} INFO - DAG(s) dict_keys(['example_complex']) retrieved from /home/airflow/.local/lib/python3.8/site-packages/airflow/example_dags/example_complex.py
[2023-10-26T10:05:11.203+0000] {logging_mixin.py:151} INFO - [2023-10-26T10:05:11.203+0000] {dag.py:2941} INFO - Sync 1 DAGs
[2023-10-26T10:05:11.211+0000] {logging_mixin.py:151} INFO - [2023-10-26T10:05:11.211+0000] {dag.py:3722} INFO - Setting next_dagrun for example_complex to None, run_after=None
[2023-10-26T10:05:11.222+0000] {processor.py:179} INFO - Processing /home/airflow/.local/lib/python3.8/site-packages/airflow/example_dags/example_complex.py took 0.052 seconds
[2023-10-26T10:05:41.980+0000] {processor.py:157} INFO - Started process (PID=2940) to work on /home/airflow/.local/lib/python3.8/site-packages/airflow/example_dags/example_complex.py
[2023-10-26T10:05:41.981+0000] {processor.py:829} INFO - Processing file /home/airflow/.local/lib/python3.8/site-packages/airflow/example_dags/example_complex.py for tasks to queue
[2023-10-26T10:05:41.982+0000] {logging_mixin.py:151} INFO - [2023-10-26T10:05:41.982+0000] {dagbag.py:536} INFO - Filling up the DagBag from /home/airflow/.local/lib/python3.8/site-packages/airflow/example_dags/example_complex.py
[2023-10-26T10:05:41.989+0000] {processor.py:839} INFO - DAG(s) dict_keys(['example_complex']) retrieved from /home/airflow/.local/lib/python3.8/site-packages/airflow/example_dags/example_complex.py
[2023-10-26T10:05:42.013+0000] {logging_mixin.py:151} INFO - [2023-10-26T10:05:42.013+0000] {dag.py:2941} INFO - Sync 1 DAGs
[2023-10-26T10:05:42.024+0000] {logging_mixin.py:151} INFO - [2023-10-26T10:05:42.024+0000] {dag.py:3722} INFO - Setting next_dagrun for example_complex to None, run_after=None
[2023-10-26T10:05:42.036+0000] {processor.py:179} INFO - Processing /home/airflow/.local/lib/python3.8/site-packages/airflow/example_dags/example_complex.py took 0.058 seconds
[2023-10-26T10:06:12.828+0000] {processor.py:157} INFO - Started process (PID=2996) to work on /home/airflow/.local/lib/python3.8/site-packages/airflow/example_dags/example_complex.py
[2023-10-26T10:06:12.829+0000] {processor.py:829} INFO - Processing file /home/airflow/.local/lib/python3.8/site-packages/airflow/example_dags/example_complex.py for tasks to queue
[2023-10-26T10:06:12.830+0000] {logging_mixin.py:151} INFO - [2023-10-26T10:06:12.830+0000] {dagbag.py:536} INFO - Filling up the DagBag from /home/airflow/.local/lib/python3.8/site-packages/airflow/example_dags/example_complex.py
[2023-10-26T10:06:12.837+0000] {processor.py:839} INFO - DAG(s) dict_keys(['example_complex']) retrieved from /home/airflow/.local/lib/python3.8/site-packages/airflow/example_dags/example_complex.py
[2023-10-26T10:06:12.861+0000] {logging_mixin.py:151} INFO - [2023-10-26T10:06:12.861+0000] {dag.py:2941} INFO - Sync 1 DAGs
[2023-10-26T10:06:12.871+0000] {logging_mixin.py:151} INFO - [2023-10-26T10:06:12.870+0000] {dag.py:3722} INFO - Setting next_dagrun for example_complex to None, run_after=None
[2023-10-26T10:06:12.882+0000] {processor.py:179} INFO - Processing /home/airflow/.local/lib/python3.8/site-packages/airflow/example_dags/example_complex.py took 0.056 seconds
[2023-10-26T10:06:43.597+0000] {processor.py:157} INFO - Started process (PID=3053) to work on /home/airflow/.local/lib/python3.8/site-packages/airflow/example_dags/example_complex.py
[2023-10-26T10:06:43.597+0000] {processor.py:829} INFO - Processing file /home/airflow/.local/lib/python3.8/site-packages/airflow/example_dags/example_complex.py for tasks to queue
[2023-10-26T10:06:43.598+0000] {logging_mixin.py:151} INFO - [2023-10-26T10:06:43.598+0000] {dagbag.py:536} INFO - Filling up the DagBag from /home/airflow/.local/lib/python3.8/site-packages/airflow/example_dags/example_complex.py
[2023-10-26T10:06:43.605+0000] {processor.py:839} INFO - DAG(s) dict_keys(['example_complex']) retrieved from /home/airflow/.local/lib/python3.8/site-packages/airflow/example_dags/example_complex.py
[2023-10-26T10:06:43.624+0000] {logging_mixin.py:151} INFO - [2023-10-26T10:06:43.624+0000] {dag.py:2941} INFO - Sync 1 DAGs
[2023-10-26T10:06:43.633+0000] {logging_mixin.py:151} INFO - [2023-10-26T10:06:43.633+0000] {dag.py:3722} INFO - Setting next_dagrun for example_complex to None, run_after=None
[2023-10-26T10:06:43.645+0000] {processor.py:179} INFO - Processing /home/airflow/.local/lib/python3.8/site-packages/airflow/example_dags/example_complex.py took 0.050 seconds
[2023-10-26T10:07:14.387+0000] {processor.py:157} INFO - Started process (PID=3109) to work on /home/airflow/.local/lib/python3.8/site-packages/airflow/example_dags/example_complex.py
[2023-10-26T10:07:14.388+0000] {processor.py:829} INFO - Processing file /home/airflow/.local/lib/python3.8/site-packages/airflow/example_dags/example_complex.py for tasks to queue
[2023-10-26T10:07:14.389+0000] {logging_mixin.py:151} INFO - [2023-10-26T10:07:14.389+0000] {dagbag.py:536} INFO - Filling up the DagBag from /home/airflow/.local/lib/python3.8/site-packages/airflow/example_dags/example_complex.py
[2023-10-26T10:07:14.395+0000] {processor.py:839} INFO - DAG(s) dict_keys(['example_complex']) retrieved from /home/airflow/.local/lib/python3.8/site-packages/airflow/example_dags/example_complex.py
[2023-10-26T10:07:14.413+0000] {logging_mixin.py:151} INFO - [2023-10-26T10:07:14.413+0000] {dag.py:2941} INFO - Sync 1 DAGs
[2023-10-26T10:07:14.423+0000] {logging_mixin.py:151} INFO - [2023-10-26T10:07:14.422+0000] {dag.py:3722} INFO - Setting next_dagrun for example_complex to None, run_after=None
[2023-10-26T10:07:14.435+0000] {processor.py:179} INFO - Processing /home/airflow/.local/lib/python3.8/site-packages/airflow/example_dags/example_complex.py took 0.050 seconds
[2023-10-26T14:28:35.714+0000] {processor.py:157} INFO - Started process (PID=3181) to work on /home/airflow/.local/lib/python3.8/site-packages/airflow/example_dags/example_complex.py
[2023-10-26T14:28:35.715+0000] {processor.py:829} INFO - Processing file /home/airflow/.local/lib/python3.8/site-packages/airflow/example_dags/example_complex.py for tasks to queue
[2023-10-26T14:28:35.716+0000] {logging_mixin.py:151} INFO - [2023-10-26T14:28:35.716+0000] {dagbag.py:536} INFO - Filling up the DagBag from /home/airflow/.local/lib/python3.8/site-packages/airflow/example_dags/example_complex.py
[2023-10-26T14:28:35.727+0000] {processor.py:839} INFO - DAG(s) dict_keys(['example_complex']) retrieved from /home/airflow/.local/lib/python3.8/site-packages/airflow/example_dags/example_complex.py
[2023-10-26T14:28:35.755+0000] {logging_mixin.py:151} INFO - [2023-10-26T14:28:35.755+0000] {dag.py:2941} INFO - Sync 1 DAGs
[2023-10-26T14:28:35.766+0000] {logging_mixin.py:151} INFO - [2023-10-26T14:28:35.766+0000] {dag.py:3722} INFO - Setting next_dagrun for example_complex to None, run_after=None
[2023-10-26T14:28:35.781+0000] {processor.py:179} INFO - Processing /home/airflow/.local/lib/python3.8/site-packages/airflow/example_dags/example_complex.py took 0.070 seconds
[2023-10-26T14:29:06.748+0000] {processor.py:157} INFO - Started process (PID=3238) to work on /home/airflow/.local/lib/python3.8/site-packages/airflow/example_dags/example_complex.py
[2023-10-26T14:29:06.748+0000] {processor.py:829} INFO - Processing file /home/airflow/.local/lib/python3.8/site-packages/airflow/example_dags/example_complex.py for tasks to queue
[2023-10-26T14:29:06.750+0000] {logging_mixin.py:151} INFO - [2023-10-26T14:29:06.749+0000] {dagbag.py:536} INFO - Filling up the DagBag from /home/airflow/.local/lib/python3.8/site-packages/airflow/example_dags/example_complex.py
[2023-10-26T14:29:06.757+0000] {processor.py:839} INFO - DAG(s) dict_keys(['example_complex']) retrieved from /home/airflow/.local/lib/python3.8/site-packages/airflow/example_dags/example_complex.py
[2023-10-26T14:29:06.777+0000] {logging_mixin.py:151} INFO - [2023-10-26T14:29:06.777+0000] {dag.py:2941} INFO - Sync 1 DAGs
[2023-10-26T14:29:06.785+0000] {logging_mixin.py:151} INFO - [2023-10-26T14:29:06.785+0000] {dag.py:3722} INFO - Setting next_dagrun for example_complex to None, run_after=None
[2023-10-26T14:29:06.797+0000] {processor.py:179} INFO - Processing /home/airflow/.local/lib/python3.8/site-packages/airflow/example_dags/example_complex.py took 0.051 seconds
[2023-10-26T14:29:37.649+0000] {processor.py:157} INFO - Started process (PID=3294) to work on /home/airflow/.local/lib/python3.8/site-packages/airflow/example_dags/example_complex.py
[2023-10-26T14:29:37.650+0000] {processor.py:829} INFO - Processing file /home/airflow/.local/lib/python3.8/site-packages/airflow/example_dags/example_complex.py for tasks to queue
[2023-10-26T14:29:37.651+0000] {logging_mixin.py:151} INFO - [2023-10-26T14:29:37.651+0000] {dagbag.py:536} INFO - Filling up the DagBag from /home/airflow/.local/lib/python3.8/site-packages/airflow/example_dags/example_complex.py
[2023-10-26T14:29:37.659+0000] {processor.py:839} INFO - DAG(s) dict_keys(['example_complex']) retrieved from /home/airflow/.local/lib/python3.8/site-packages/airflow/example_dags/example_complex.py
[2023-10-26T14:29:37.681+0000] {logging_mixin.py:151} INFO - [2023-10-26T14:29:37.680+0000] {dag.py:2941} INFO - Sync 1 DAGs
[2023-10-26T14:29:37.689+0000] {logging_mixin.py:151} INFO - [2023-10-26T14:29:37.689+0000] {dag.py:3722} INFO - Setting next_dagrun for example_complex to None, run_after=None
[2023-10-26T14:29:37.703+0000] {processor.py:179} INFO - Processing /home/airflow/.local/lib/python3.8/site-packages/airflow/example_dags/example_complex.py took 0.055 seconds
[2023-10-26T14:30:08.471+0000] {processor.py:157} INFO - Started process (PID=3350) to work on /home/airflow/.local/lib/python3.8/site-packages/airflow/example_dags/example_complex.py
[2023-10-26T14:30:08.472+0000] {processor.py:829} INFO - Processing file /home/airflow/.local/lib/python3.8/site-packages/airflow/example_dags/example_complex.py for tasks to queue
[2023-10-26T14:30:08.473+0000] {logging_mixin.py:151} INFO - [2023-10-26T14:30:08.473+0000] {dagbag.py:536} INFO - Filling up the DagBag from /home/airflow/.local/lib/python3.8/site-packages/airflow/example_dags/example_complex.py
[2023-10-26T14:30:08.479+0000] {processor.py:839} INFO - DAG(s) dict_keys(['example_complex']) retrieved from /home/airflow/.local/lib/python3.8/site-packages/airflow/example_dags/example_complex.py
[2023-10-26T14:30:08.504+0000] {logging_mixin.py:151} INFO - [2023-10-26T14:30:08.504+0000] {dag.py:2941} INFO - Sync 1 DAGs
[2023-10-26T14:30:08.512+0000] {logging_mixin.py:151} INFO - [2023-10-26T14:30:08.512+0000] {dag.py:3722} INFO - Setting next_dagrun for example_complex to None, run_after=None
[2023-10-26T14:30:08.524+0000] {processor.py:179} INFO - Processing /home/airflow/.local/lib/python3.8/site-packages/airflow/example_dags/example_complex.py took 0.055 seconds
[2023-10-26T14:30:39.252+0000] {processor.py:157} INFO - Started process (PID=3406) to work on /home/airflow/.local/lib/python3.8/site-packages/airflow/example_dags/example_complex.py
[2023-10-26T14:30:39.253+0000] {processor.py:829} INFO - Processing file /home/airflow/.local/lib/python3.8/site-packages/airflow/example_dags/example_complex.py for tasks to queue
[2023-10-26T14:30:39.254+0000] {logging_mixin.py:151} INFO - [2023-10-26T14:30:39.254+0000] {dagbag.py:536} INFO - Filling up the DagBag from /home/airflow/.local/lib/python3.8/site-packages/airflow/example_dags/example_complex.py
[2023-10-26T14:30:39.261+0000] {processor.py:839} INFO - DAG(s) dict_keys(['example_complex']) retrieved from /home/airflow/.local/lib/python3.8/site-packages/airflow/example_dags/example_complex.py
[2023-10-26T14:30:39.279+0000] {logging_mixin.py:151} INFO - [2023-10-26T14:30:39.279+0000] {dag.py:2941} INFO - Sync 1 DAGs
[2023-10-26T14:30:39.287+0000] {logging_mixin.py:151} INFO - [2023-10-26T14:30:39.287+0000] {dag.py:3722} INFO - Setting next_dagrun for example_complex to None, run_after=None
[2023-10-26T14:30:39.298+0000] {processor.py:179} INFO - Processing /home/airflow/.local/lib/python3.8/site-packages/airflow/example_dags/example_complex.py took 0.048 seconds
[2023-10-26T14:31:10.041+0000] {processor.py:157} INFO - Started process (PID=3463) to work on /home/airflow/.local/lib/python3.8/site-packages/airflow/example_dags/example_complex.py
[2023-10-26T14:31:10.041+0000] {processor.py:829} INFO - Processing file /home/airflow/.local/lib/python3.8/site-packages/airflow/example_dags/example_complex.py for tasks to queue
[2023-10-26T14:31:10.042+0000] {logging_mixin.py:151} INFO - [2023-10-26T14:31:10.042+0000] {dagbag.py:536} INFO - Filling up the DagBag from /home/airflow/.local/lib/python3.8/site-packages/airflow/example_dags/example_complex.py
[2023-10-26T14:31:10.049+0000] {processor.py:839} INFO - DAG(s) dict_keys(['example_complex']) retrieved from /home/airflow/.local/lib/python3.8/site-packages/airflow/example_dags/example_complex.py
[2023-10-26T14:31:10.068+0000] {logging_mixin.py:151} INFO - [2023-10-26T14:31:10.068+0000] {dag.py:2941} INFO - Sync 1 DAGs
[2023-10-26T14:31:10.076+0000] {logging_mixin.py:151} INFO - [2023-10-26T14:31:10.076+0000] {dag.py:3722} INFO - Setting next_dagrun for example_complex to None, run_after=None
[2023-10-26T14:31:10.088+0000] {processor.py:179} INFO - Processing /home/airflow/.local/lib/python3.8/site-packages/airflow/example_dags/example_complex.py took 0.049 seconds
[2023-10-26T14:31:40.817+0000] {processor.py:157} INFO - Started process (PID=3519) to work on /home/airflow/.local/lib/python3.8/site-packages/airflow/example_dags/example_complex.py
[2023-10-26T14:31:40.818+0000] {processor.py:829} INFO - Processing file /home/airflow/.local/lib/python3.8/site-packages/airflow/example_dags/example_complex.py for tasks to queue
[2023-10-26T14:31:40.819+0000] {logging_mixin.py:151} INFO - [2023-10-26T14:31:40.819+0000] {dagbag.py:536} INFO - Filling up the DagBag from /home/airflow/.local/lib/python3.8/site-packages/airflow/example_dags/example_complex.py
[2023-10-26T14:31:40.825+0000] {processor.py:839} INFO - DAG(s) dict_keys(['example_complex']) retrieved from /home/airflow/.local/lib/python3.8/site-packages/airflow/example_dags/example_complex.py
[2023-10-26T14:31:40.843+0000] {logging_mixin.py:151} INFO - [2023-10-26T14:31:40.843+0000] {dag.py:2941} INFO - Sync 1 DAGs
[2023-10-26T14:31:40.853+0000] {logging_mixin.py:151} INFO - [2023-10-26T14:31:40.852+0000] {dag.py:3722} INFO - Setting next_dagrun for example_complex to None, run_after=None
[2023-10-26T14:31:40.868+0000] {processor.py:179} INFO - Processing /home/airflow/.local/lib/python3.8/site-packages/airflow/example_dags/example_complex.py took 0.053 seconds
[2023-10-26T14:32:11.593+0000] {processor.py:157} INFO - Started process (PID=3575) to work on /home/airflow/.local/lib/python3.8/site-packages/airflow/example_dags/example_complex.py
[2023-10-26T14:32:11.593+0000] {processor.py:829} INFO - Processing file /home/airflow/.local/lib/python3.8/site-packages/airflow/example_dags/example_complex.py for tasks to queue
[2023-10-26T14:32:11.594+0000] {logging_mixin.py:151} INFO - [2023-10-26T14:32:11.594+0000] {dagbag.py:536} INFO - Filling up the DagBag from /home/airflow/.local/lib/python3.8/site-packages/airflow/example_dags/example_complex.py
[2023-10-26T14:32:11.601+0000] {processor.py:839} INFO - DAG(s) dict_keys(['example_complex']) retrieved from /home/airflow/.local/lib/python3.8/site-packages/airflow/example_dags/example_complex.py
[2023-10-26T14:32:11.619+0000] {logging_mixin.py:151} INFO - [2023-10-26T14:32:11.619+0000] {dag.py:2941} INFO - Sync 1 DAGs
[2023-10-26T14:32:11.627+0000] {logging_mixin.py:151} INFO - [2023-10-26T14:32:11.627+0000] {dag.py:3722} INFO - Setting next_dagrun for example_complex to None, run_after=None
[2023-10-26T14:32:11.638+0000] {processor.py:179} INFO - Processing /home/airflow/.local/lib/python3.8/site-packages/airflow/example_dags/example_complex.py took 0.047 seconds
