[2023-10-26T09:41:05.949+0000] {processor.py:157} INFO - Started process (PID=226) to work on /home/airflow/.local/lib/python3.8/site-packages/airflow/example_dags/example_nested_branch_dag.py
[2023-10-26T09:41:05.949+0000] {processor.py:829} INFO - Processing file /home/airflow/.local/lib/python3.8/site-packages/airflow/example_dags/example_nested_branch_dag.py for tasks to queue
[2023-10-26T09:41:05.951+0000] {logging_mixin.py:151} INFO - [2023-10-26T09:41:05.951+0000] {dagbag.py:536} INFO - Filling up the DagBag from /home/airflow/.local/lib/python3.8/site-packages/airflow/example_dags/example_nested_branch_dag.py
[2023-10-26T09:41:05.960+0000] {processor.py:839} INFO - DAG(s) dict_keys(['example_nested_branch_dag']) retrieved from /home/airflow/.local/lib/python3.8/site-packages/airflow/example_dags/example_nested_branch_dag.py
[2023-10-26T09:41:05.978+0000] {logging_mixin.py:151} INFO - [2023-10-26T09:41:05.978+0000] {dag.py:2941} INFO - Sync 1 DAGs
[2023-10-26T09:41:06.003+0000] {logging_mixin.py:151} INFO - [2023-10-26T09:41:06.003+0000] {dag.py:3722} INFO - Setting next_dagrun for example_nested_branch_dag to 2023-10-25T00:00:00+00:00, run_after=2023-10-26T00:00:00+00:00
[2023-10-26T09:41:06.022+0000] {processor.py:179} INFO - Processing /home/airflow/.local/lib/python3.8/site-packages/airflow/example_dags/example_nested_branch_dag.py took 0.076 seconds
[2023-10-26T09:41:37.601+0000] {processor.py:157} INFO - Started process (PID=282) to work on /home/airflow/.local/lib/python3.8/site-packages/airflow/example_dags/example_nested_branch_dag.py
[2023-10-26T09:41:37.602+0000] {processor.py:829} INFO - Processing file /home/airflow/.local/lib/python3.8/site-packages/airflow/example_dags/example_nested_branch_dag.py for tasks to queue
[2023-10-26T09:41:37.603+0000] {logging_mixin.py:151} INFO - [2023-10-26T09:41:37.603+0000] {dagbag.py:536} INFO - Filling up the DagBag from /home/airflow/.local/lib/python3.8/site-packages/airflow/example_dags/example_nested_branch_dag.py
[2023-10-26T09:41:37.609+0000] {processor.py:839} INFO - DAG(s) dict_keys(['example_nested_branch_dag']) retrieved from /home/airflow/.local/lib/python3.8/site-packages/airflow/example_dags/example_nested_branch_dag.py
[2023-10-26T09:41:37.624+0000] {logging_mixin.py:151} INFO - [2023-10-26T09:41:37.624+0000] {dag.py:2941} INFO - Sync 1 DAGs
[2023-10-26T09:41:37.641+0000] {logging_mixin.py:151} INFO - [2023-10-26T09:41:37.641+0000] {dag.py:3722} INFO - Setting next_dagrun for example_nested_branch_dag to 2023-10-25T00:00:00+00:00, run_after=2023-10-26T00:00:00+00:00
[2023-10-26T09:41:37.654+0000] {processor.py:179} INFO - Processing /home/airflow/.local/lib/python3.8/site-packages/airflow/example_dags/example_nested_branch_dag.py took 0.055 seconds
[2023-10-26T09:42:08.375+0000] {processor.py:157} INFO - Started process (PID=338) to work on /home/airflow/.local/lib/python3.8/site-packages/airflow/example_dags/example_nested_branch_dag.py
[2023-10-26T09:42:08.375+0000] {processor.py:829} INFO - Processing file /home/airflow/.local/lib/python3.8/site-packages/airflow/example_dags/example_nested_branch_dag.py for tasks to queue
[2023-10-26T09:42:08.377+0000] {logging_mixin.py:151} INFO - [2023-10-26T09:42:08.377+0000] {dagbag.py:536} INFO - Filling up the DagBag from /home/airflow/.local/lib/python3.8/site-packages/airflow/example_dags/example_nested_branch_dag.py
[2023-10-26T09:42:08.385+0000] {processor.py:839} INFO - DAG(s) dict_keys(['example_nested_branch_dag']) retrieved from /home/airflow/.local/lib/python3.8/site-packages/airflow/example_dags/example_nested_branch_dag.py
[2023-10-26T09:42:08.401+0000] {logging_mixin.py:151} INFO - [2023-10-26T09:42:08.401+0000] {dag.py:2941} INFO - Sync 1 DAGs
[2023-10-26T09:42:08.418+0000] {logging_mixin.py:151} INFO - [2023-10-26T09:42:08.418+0000] {dag.py:3722} INFO - Setting next_dagrun for example_nested_branch_dag to 2023-10-25T00:00:00+00:00, run_after=2023-10-26T00:00:00+00:00
[2023-10-26T09:42:08.431+0000] {processor.py:179} INFO - Processing /home/airflow/.local/lib/python3.8/site-packages/airflow/example_dags/example_nested_branch_dag.py took 0.058 seconds
[2023-10-26T09:42:39.170+0000] {processor.py:157} INFO - Started process (PID=394) to work on /home/airflow/.local/lib/python3.8/site-packages/airflow/example_dags/example_nested_branch_dag.py
[2023-10-26T09:42:39.171+0000] {processor.py:829} INFO - Processing file /home/airflow/.local/lib/python3.8/site-packages/airflow/example_dags/example_nested_branch_dag.py for tasks to queue
[2023-10-26T09:42:39.172+0000] {logging_mixin.py:151} INFO - [2023-10-26T09:42:39.172+0000] {dagbag.py:536} INFO - Filling up the DagBag from /home/airflow/.local/lib/python3.8/site-packages/airflow/example_dags/example_nested_branch_dag.py
[2023-10-26T09:42:39.178+0000] {processor.py:839} INFO - DAG(s) dict_keys(['example_nested_branch_dag']) retrieved from /home/airflow/.local/lib/python3.8/site-packages/airflow/example_dags/example_nested_branch_dag.py
[2023-10-26T09:42:39.191+0000] {logging_mixin.py:151} INFO - [2023-10-26T09:42:39.191+0000] {dag.py:2941} INFO - Sync 1 DAGs
[2023-10-26T09:42:39.206+0000] {logging_mixin.py:151} INFO - [2023-10-26T09:42:39.206+0000] {dag.py:3722} INFO - Setting next_dagrun for example_nested_branch_dag to 2023-10-25T00:00:00+00:00, run_after=2023-10-26T00:00:00+00:00
[2023-10-26T09:42:39.219+0000] {processor.py:179} INFO - Processing /home/airflow/.local/lib/python3.8/site-packages/airflow/example_dags/example_nested_branch_dag.py took 0.051 seconds
[2023-10-26T09:43:09.956+0000] {processor.py:157} INFO - Started process (PID=451) to work on /home/airflow/.local/lib/python3.8/site-packages/airflow/example_dags/example_nested_branch_dag.py
[2023-10-26T09:43:09.957+0000] {processor.py:829} INFO - Processing file /home/airflow/.local/lib/python3.8/site-packages/airflow/example_dags/example_nested_branch_dag.py for tasks to queue
[2023-10-26T09:43:09.958+0000] {logging_mixin.py:151} INFO - [2023-10-26T09:43:09.958+0000] {dagbag.py:536} INFO - Filling up the DagBag from /home/airflow/.local/lib/python3.8/site-packages/airflow/example_dags/example_nested_branch_dag.py
[2023-10-26T09:43:09.964+0000] {processor.py:839} INFO - DAG(s) dict_keys(['example_nested_branch_dag']) retrieved from /home/airflow/.local/lib/python3.8/site-packages/airflow/example_dags/example_nested_branch_dag.py
[2023-10-26T09:43:09.978+0000] {logging_mixin.py:151} INFO - [2023-10-26T09:43:09.978+0000] {dag.py:2941} INFO - Sync 1 DAGs
[2023-10-26T09:43:09.994+0000] {logging_mixin.py:151} INFO - [2023-10-26T09:43:09.994+0000] {dag.py:3722} INFO - Setting next_dagrun for example_nested_branch_dag to 2023-10-25T00:00:00+00:00, run_after=2023-10-26T00:00:00+00:00
[2023-10-26T09:43:10.007+0000] {processor.py:179} INFO - Processing /home/airflow/.local/lib/python3.8/site-packages/airflow/example_dags/example_nested_branch_dag.py took 0.052 seconds
[2023-10-26T09:43:40.823+0000] {processor.py:157} INFO - Started process (PID=508) to work on /home/airflow/.local/lib/python3.8/site-packages/airflow/example_dags/example_nested_branch_dag.py
[2023-10-26T09:43:40.823+0000] {processor.py:829} INFO - Processing file /home/airflow/.local/lib/python3.8/site-packages/airflow/example_dags/example_nested_branch_dag.py for tasks to queue
[2023-10-26T09:43:40.824+0000] {logging_mixin.py:151} INFO - [2023-10-26T09:43:40.824+0000] {dagbag.py:536} INFO - Filling up the DagBag from /home/airflow/.local/lib/python3.8/site-packages/airflow/example_dags/example_nested_branch_dag.py
[2023-10-26T09:43:40.830+0000] {processor.py:839} INFO - DAG(s) dict_keys(['example_nested_branch_dag']) retrieved from /home/airflow/.local/lib/python3.8/site-packages/airflow/example_dags/example_nested_branch_dag.py
[2023-10-26T09:43:40.843+0000] {logging_mixin.py:151} INFO - [2023-10-26T09:43:40.843+0000] {dag.py:2941} INFO - Sync 1 DAGs
[2023-10-26T09:43:40.859+0000] {logging_mixin.py:151} INFO - [2023-10-26T09:43:40.859+0000] {dag.py:3722} INFO - Setting next_dagrun for example_nested_branch_dag to 2023-10-25T00:00:00+00:00, run_after=2023-10-26T00:00:00+00:00
[2023-10-26T09:43:40.871+0000] {processor.py:179} INFO - Processing /home/airflow/.local/lib/python3.8/site-packages/airflow/example_dags/example_nested_branch_dag.py took 0.051 seconds
[2023-10-26T09:44:11.754+0000] {processor.py:157} INFO - Started process (PID=564) to work on /home/airflow/.local/lib/python3.8/site-packages/airflow/example_dags/example_nested_branch_dag.py
[2023-10-26T09:44:11.754+0000] {processor.py:829} INFO - Processing file /home/airflow/.local/lib/python3.8/site-packages/airflow/example_dags/example_nested_branch_dag.py for tasks to queue
[2023-10-26T09:44:11.756+0000] {logging_mixin.py:151} INFO - [2023-10-26T09:44:11.756+0000] {dagbag.py:536} INFO - Filling up the DagBag from /home/airflow/.local/lib/python3.8/site-packages/airflow/example_dags/example_nested_branch_dag.py
[2023-10-26T09:44:11.761+0000] {processor.py:839} INFO - DAG(s) dict_keys(['example_nested_branch_dag']) retrieved from /home/airflow/.local/lib/python3.8/site-packages/airflow/example_dags/example_nested_branch_dag.py
[2023-10-26T09:44:11.777+0000] {logging_mixin.py:151} INFO - [2023-10-26T09:44:11.777+0000] {dag.py:2941} INFO - Sync 1 DAGs
[2023-10-26T09:44:11.794+0000] {logging_mixin.py:151} INFO - [2023-10-26T09:44:11.794+0000] {dag.py:3722} INFO - Setting next_dagrun for example_nested_branch_dag to 2023-10-25T00:00:00+00:00, run_after=2023-10-26T00:00:00+00:00
[2023-10-26T09:44:11.806+0000] {processor.py:179} INFO - Processing /home/airflow/.local/lib/python3.8/site-packages/airflow/example_dags/example_nested_branch_dag.py took 0.054 seconds
[2023-10-26T09:44:42.470+0000] {processor.py:157} INFO - Started process (PID=620) to work on /home/airflow/.local/lib/python3.8/site-packages/airflow/example_dags/example_nested_branch_dag.py
[2023-10-26T09:44:42.470+0000] {processor.py:829} INFO - Processing file /home/airflow/.local/lib/python3.8/site-packages/airflow/example_dags/example_nested_branch_dag.py for tasks to queue
[2023-10-26T09:44:42.472+0000] {logging_mixin.py:151} INFO - [2023-10-26T09:44:42.472+0000] {dagbag.py:536} INFO - Filling up the DagBag from /home/airflow/.local/lib/python3.8/site-packages/airflow/example_dags/example_nested_branch_dag.py
[2023-10-26T09:44:42.480+0000] {processor.py:839} INFO - DAG(s) dict_keys(['example_nested_branch_dag']) retrieved from /home/airflow/.local/lib/python3.8/site-packages/airflow/example_dags/example_nested_branch_dag.py
[2023-10-26T09:44:42.493+0000] {logging_mixin.py:151} INFO - [2023-10-26T09:44:42.493+0000] {dag.py:2941} INFO - Sync 1 DAGs
[2023-10-26T09:44:42.509+0000] {logging_mixin.py:151} INFO - [2023-10-26T09:44:42.509+0000] {dag.py:3722} INFO - Setting next_dagrun for example_nested_branch_dag to 2023-10-25T00:00:00+00:00, run_after=2023-10-26T00:00:00+00:00
[2023-10-26T09:44:42.523+0000] {processor.py:179} INFO - Processing /home/airflow/.local/lib/python3.8/site-packages/airflow/example_dags/example_nested_branch_dag.py took 0.056 seconds
[2023-10-26T09:45:13.179+0000] {processor.py:157} INFO - Started process (PID=676) to work on /home/airflow/.local/lib/python3.8/site-packages/airflow/example_dags/example_nested_branch_dag.py
[2023-10-26T09:45:13.179+0000] {processor.py:829} INFO - Processing file /home/airflow/.local/lib/python3.8/site-packages/airflow/example_dags/example_nested_branch_dag.py for tasks to queue
[2023-10-26T09:45:13.181+0000] {logging_mixin.py:151} INFO - [2023-10-26T09:45:13.180+0000] {dagbag.py:536} INFO - Filling up the DagBag from /home/airflow/.local/lib/python3.8/site-packages/airflow/example_dags/example_nested_branch_dag.py
[2023-10-26T09:45:13.186+0000] {processor.py:839} INFO - DAG(s) dict_keys(['example_nested_branch_dag']) retrieved from /home/airflow/.local/lib/python3.8/site-packages/airflow/example_dags/example_nested_branch_dag.py
[2023-10-26T09:45:13.201+0000] {logging_mixin.py:151} INFO - [2023-10-26T09:45:13.201+0000] {dag.py:2941} INFO - Sync 1 DAGs
[2023-10-26T09:45:13.217+0000] {logging_mixin.py:151} INFO - [2023-10-26T09:45:13.217+0000] {dag.py:3722} INFO - Setting next_dagrun for example_nested_branch_dag to 2023-10-25T00:00:00+00:00, run_after=2023-10-26T00:00:00+00:00
[2023-10-26T09:45:13.229+0000] {processor.py:179} INFO - Processing /home/airflow/.local/lib/python3.8/site-packages/airflow/example_dags/example_nested_branch_dag.py took 0.053 seconds
[2023-10-26T09:45:43.902+0000] {processor.py:157} INFO - Started process (PID=732) to work on /home/airflow/.local/lib/python3.8/site-packages/airflow/example_dags/example_nested_branch_dag.py
[2023-10-26T09:45:43.903+0000] {processor.py:829} INFO - Processing file /home/airflow/.local/lib/python3.8/site-packages/airflow/example_dags/example_nested_branch_dag.py for tasks to queue
[2023-10-26T09:45:43.904+0000] {logging_mixin.py:151} INFO - [2023-10-26T09:45:43.904+0000] {dagbag.py:536} INFO - Filling up the DagBag from /home/airflow/.local/lib/python3.8/site-packages/airflow/example_dags/example_nested_branch_dag.py
[2023-10-26T09:45:43.910+0000] {processor.py:839} INFO - DAG(s) dict_keys(['example_nested_branch_dag']) retrieved from /home/airflow/.local/lib/python3.8/site-packages/airflow/example_dags/example_nested_branch_dag.py
[2023-10-26T09:45:43.926+0000] {logging_mixin.py:151} INFO - [2023-10-26T09:45:43.926+0000] {dag.py:2941} INFO - Sync 1 DAGs
[2023-10-26T09:45:43.942+0000] {logging_mixin.py:151} INFO - [2023-10-26T09:45:43.942+0000] {dag.py:3722} INFO - Setting next_dagrun for example_nested_branch_dag to 2023-10-25T00:00:00+00:00, run_after=2023-10-26T00:00:00+00:00
[2023-10-26T09:45:43.954+0000] {processor.py:179} INFO - Processing /home/airflow/.local/lib/python3.8/site-packages/airflow/example_dags/example_nested_branch_dag.py took 0.054 seconds
[2023-10-26T09:46:14.751+0000] {processor.py:157} INFO - Started process (PID=788) to work on /home/airflow/.local/lib/python3.8/site-packages/airflow/example_dags/example_nested_branch_dag.py
[2023-10-26T09:46:14.752+0000] {processor.py:829} INFO - Processing file /home/airflow/.local/lib/python3.8/site-packages/airflow/example_dags/example_nested_branch_dag.py for tasks to queue
[2023-10-26T09:46:14.753+0000] {logging_mixin.py:151} INFO - [2023-10-26T09:46:14.753+0000] {dagbag.py:536} INFO - Filling up the DagBag from /home/airflow/.local/lib/python3.8/site-packages/airflow/example_dags/example_nested_branch_dag.py
[2023-10-26T09:46:14.759+0000] {processor.py:839} INFO - DAG(s) dict_keys(['example_nested_branch_dag']) retrieved from /home/airflow/.local/lib/python3.8/site-packages/airflow/example_dags/example_nested_branch_dag.py
[2023-10-26T09:46:14.774+0000] {logging_mixin.py:151} INFO - [2023-10-26T09:46:14.774+0000] {dag.py:2941} INFO - Sync 1 DAGs
[2023-10-26T09:46:14.790+0000] {logging_mixin.py:151} INFO - [2023-10-26T09:46:14.790+0000] {dag.py:3722} INFO - Setting next_dagrun for example_nested_branch_dag to 2023-10-25T00:00:00+00:00, run_after=2023-10-26T00:00:00+00:00
[2023-10-26T09:46:14.806+0000] {processor.py:179} INFO - Processing /home/airflow/.local/lib/python3.8/site-packages/airflow/example_dags/example_nested_branch_dag.py took 0.057 seconds
[2023-10-26T09:46:44.869+0000] {processor.py:157} INFO - Started process (PID=845) to work on /home/airflow/.local/lib/python3.8/site-packages/airflow/example_dags/example_nested_branch_dag.py
[2023-10-26T09:46:44.870+0000] {processor.py:829} INFO - Processing file /home/airflow/.local/lib/python3.8/site-packages/airflow/example_dags/example_nested_branch_dag.py for tasks to queue
[2023-10-26T09:46:44.872+0000] {logging_mixin.py:151} INFO - [2023-10-26T09:46:44.871+0000] {dagbag.py:536} INFO - Filling up the DagBag from /home/airflow/.local/lib/python3.8/site-packages/airflow/example_dags/example_nested_branch_dag.py
[2023-10-26T09:46:44.879+0000] {processor.py:839} INFO - DAG(s) dict_keys(['example_nested_branch_dag']) retrieved from /home/airflow/.local/lib/python3.8/site-packages/airflow/example_dags/example_nested_branch_dag.py
[2023-10-26T09:46:44.895+0000] {logging_mixin.py:151} INFO - [2023-10-26T09:46:44.895+0000] {dag.py:2941} INFO - Sync 1 DAGs
[2023-10-26T09:46:44.911+0000] {logging_mixin.py:151} INFO - [2023-10-26T09:46:44.911+0000] {dag.py:3722} INFO - Setting next_dagrun for example_nested_branch_dag to 2023-10-25T00:00:00+00:00, run_after=2023-10-26T00:00:00+00:00
[2023-10-26T09:46:44.926+0000] {processor.py:179} INFO - Processing /home/airflow/.local/lib/python3.8/site-packages/airflow/example_dags/example_nested_branch_dag.py took 0.059 seconds
[2023-10-26T09:47:15.094+0000] {processor.py:157} INFO - Started process (PID=901) to work on /home/airflow/.local/lib/python3.8/site-packages/airflow/example_dags/example_nested_branch_dag.py
[2023-10-26T09:47:15.095+0000] {processor.py:829} INFO - Processing file /home/airflow/.local/lib/python3.8/site-packages/airflow/example_dags/example_nested_branch_dag.py for tasks to queue
[2023-10-26T09:47:15.096+0000] {logging_mixin.py:151} INFO - [2023-10-26T09:47:15.096+0000] {dagbag.py:536} INFO - Filling up the DagBag from /home/airflow/.local/lib/python3.8/site-packages/airflow/example_dags/example_nested_branch_dag.py
[2023-10-26T09:47:15.102+0000] {processor.py:839} INFO - DAG(s) dict_keys(['example_nested_branch_dag']) retrieved from /home/airflow/.local/lib/python3.8/site-packages/airflow/example_dags/example_nested_branch_dag.py
[2023-10-26T09:47:15.115+0000] {logging_mixin.py:151} INFO - [2023-10-26T09:47:15.115+0000] {dag.py:2941} INFO - Sync 1 DAGs
[2023-10-26T09:47:15.131+0000] {logging_mixin.py:151} INFO - [2023-10-26T09:47:15.131+0000] {dag.py:3722} INFO - Setting next_dagrun for example_nested_branch_dag to 2023-10-25T00:00:00+00:00, run_after=2023-10-26T00:00:00+00:00
[2023-10-26T09:47:15.145+0000] {processor.py:179} INFO - Processing /home/airflow/.local/lib/python3.8/site-packages/airflow/example_dags/example_nested_branch_dag.py took 0.053 seconds
[2023-10-26T09:47:45.176+0000] {processor.py:157} INFO - Started process (PID=958) to work on /home/airflow/.local/lib/python3.8/site-packages/airflow/example_dags/example_nested_branch_dag.py
[2023-10-26T09:47:45.177+0000] {processor.py:829} INFO - Processing file /home/airflow/.local/lib/python3.8/site-packages/airflow/example_dags/example_nested_branch_dag.py for tasks to queue
[2023-10-26T09:47:45.178+0000] {logging_mixin.py:151} INFO - [2023-10-26T09:47:45.178+0000] {dagbag.py:536} INFO - Filling up the DagBag from /home/airflow/.local/lib/python3.8/site-packages/airflow/example_dags/example_nested_branch_dag.py
[2023-10-26T09:47:45.184+0000] {processor.py:839} INFO - DAG(s) dict_keys(['example_nested_branch_dag']) retrieved from /home/airflow/.local/lib/python3.8/site-packages/airflow/example_dags/example_nested_branch_dag.py
[2023-10-26T09:47:45.197+0000] {logging_mixin.py:151} INFO - [2023-10-26T09:47:45.197+0000] {dag.py:2941} INFO - Sync 1 DAGs
[2023-10-26T09:47:45.212+0000] {logging_mixin.py:151} INFO - [2023-10-26T09:47:45.212+0000] {dag.py:3722} INFO - Setting next_dagrun for example_nested_branch_dag to 2023-10-25T00:00:00+00:00, run_after=2023-10-26T00:00:00+00:00
[2023-10-26T09:47:45.223+0000] {processor.py:179} INFO - Processing /home/airflow/.local/lib/python3.8/site-packages/airflow/example_dags/example_nested_branch_dag.py took 0.048 seconds
[2023-10-26T09:48:16.130+0000] {processor.py:157} INFO - Started process (PID=1014) to work on /home/airflow/.local/lib/python3.8/site-packages/airflow/example_dags/example_nested_branch_dag.py
[2023-10-26T09:48:16.130+0000] {processor.py:829} INFO - Processing file /home/airflow/.local/lib/python3.8/site-packages/airflow/example_dags/example_nested_branch_dag.py for tasks to queue
[2023-10-26T09:48:16.132+0000] {logging_mixin.py:151} INFO - [2023-10-26T09:48:16.131+0000] {dagbag.py:536} INFO - Filling up the DagBag from /home/airflow/.local/lib/python3.8/site-packages/airflow/example_dags/example_nested_branch_dag.py
[2023-10-26T09:48:16.137+0000] {processor.py:839} INFO - DAG(s) dict_keys(['example_nested_branch_dag']) retrieved from /home/airflow/.local/lib/python3.8/site-packages/airflow/example_dags/example_nested_branch_dag.py
[2023-10-26T09:48:16.151+0000] {logging_mixin.py:151} INFO - [2023-10-26T09:48:16.151+0000] {dag.py:2941} INFO - Sync 1 DAGs
[2023-10-26T09:48:16.167+0000] {logging_mixin.py:151} INFO - [2023-10-26T09:48:16.166+0000] {dag.py:3722} INFO - Setting next_dagrun for example_nested_branch_dag to 2023-10-25T00:00:00+00:00, run_after=2023-10-26T00:00:00+00:00
[2023-10-26T09:48:16.181+0000] {processor.py:179} INFO - Processing /home/airflow/.local/lib/python3.8/site-packages/airflow/example_dags/example_nested_branch_dag.py took 0.053 seconds
[2023-10-26T09:48:46.827+0000] {processor.py:157} INFO - Started process (PID=1070) to work on /home/airflow/.local/lib/python3.8/site-packages/airflow/example_dags/example_nested_branch_dag.py
[2023-10-26T09:48:46.827+0000] {processor.py:829} INFO - Processing file /home/airflow/.local/lib/python3.8/site-packages/airflow/example_dags/example_nested_branch_dag.py for tasks to queue
[2023-10-26T09:48:46.829+0000] {logging_mixin.py:151} INFO - [2023-10-26T09:48:46.829+0000] {dagbag.py:536} INFO - Filling up the DagBag from /home/airflow/.local/lib/python3.8/site-packages/airflow/example_dags/example_nested_branch_dag.py
[2023-10-26T09:48:46.834+0000] {processor.py:839} INFO - DAG(s) dict_keys(['example_nested_branch_dag']) retrieved from /home/airflow/.local/lib/python3.8/site-packages/airflow/example_dags/example_nested_branch_dag.py
[2023-10-26T09:48:46.850+0000] {logging_mixin.py:151} INFO - [2023-10-26T09:48:46.850+0000] {dag.py:2941} INFO - Sync 1 DAGs
[2023-10-26T09:48:46.866+0000] {logging_mixin.py:151} INFO - [2023-10-26T09:48:46.866+0000] {dag.py:3722} INFO - Setting next_dagrun for example_nested_branch_dag to 2023-10-25T00:00:00+00:00, run_after=2023-10-26T00:00:00+00:00
[2023-10-26T09:48:46.878+0000] {processor.py:179} INFO - Processing /home/airflow/.local/lib/python3.8/site-packages/airflow/example_dags/example_nested_branch_dag.py took 0.053 seconds
[2023-10-26T09:49:17.600+0000] {processor.py:157} INFO - Started process (PID=1126) to work on /home/airflow/.local/lib/python3.8/site-packages/airflow/example_dags/example_nested_branch_dag.py
[2023-10-26T09:49:17.600+0000] {processor.py:829} INFO - Processing file /home/airflow/.local/lib/python3.8/site-packages/airflow/example_dags/example_nested_branch_dag.py for tasks to queue
[2023-10-26T09:49:17.601+0000] {logging_mixin.py:151} INFO - [2023-10-26T09:49:17.601+0000] {dagbag.py:536} INFO - Filling up the DagBag from /home/airflow/.local/lib/python3.8/site-packages/airflow/example_dags/example_nested_branch_dag.py
[2023-10-26T09:49:17.607+0000] {processor.py:839} INFO - DAG(s) dict_keys(['example_nested_branch_dag']) retrieved from /home/airflow/.local/lib/python3.8/site-packages/airflow/example_dags/example_nested_branch_dag.py
[2023-10-26T09:49:17.622+0000] {logging_mixin.py:151} INFO - [2023-10-26T09:49:17.622+0000] {dag.py:2941} INFO - Sync 1 DAGs
[2023-10-26T09:49:17.637+0000] {logging_mixin.py:151} INFO - [2023-10-26T09:49:17.637+0000] {dag.py:3722} INFO - Setting next_dagrun for example_nested_branch_dag to 2023-10-25T00:00:00+00:00, run_after=2023-10-26T00:00:00+00:00
[2023-10-26T09:49:17.649+0000] {processor.py:179} INFO - Processing /home/airflow/.local/lib/python3.8/site-packages/airflow/example_dags/example_nested_branch_dag.py took 0.052 seconds
[2023-10-26T09:49:47.692+0000] {processor.py:157} INFO - Started process (PID=1182) to work on /home/airflow/.local/lib/python3.8/site-packages/airflow/example_dags/example_nested_branch_dag.py
[2023-10-26T09:49:47.693+0000] {processor.py:829} INFO - Processing file /home/airflow/.local/lib/python3.8/site-packages/airflow/example_dags/example_nested_branch_dag.py for tasks to queue
[2023-10-26T09:49:47.695+0000] {logging_mixin.py:151} INFO - [2023-10-26T09:49:47.695+0000] {dagbag.py:536} INFO - Filling up the DagBag from /home/airflow/.local/lib/python3.8/site-packages/airflow/example_dags/example_nested_branch_dag.py
[2023-10-26T09:49:47.704+0000] {processor.py:839} INFO - DAG(s) dict_keys(['example_nested_branch_dag']) retrieved from /home/airflow/.local/lib/python3.8/site-packages/airflow/example_dags/example_nested_branch_dag.py
[2023-10-26T09:49:47.720+0000] {logging_mixin.py:151} INFO - [2023-10-26T09:49:47.720+0000] {dag.py:2941} INFO - Sync 1 DAGs
[2023-10-26T09:49:47.741+0000] {logging_mixin.py:151} INFO - [2023-10-26T09:49:47.741+0000] {dag.py:3722} INFO - Setting next_dagrun for example_nested_branch_dag to 2023-10-25T00:00:00+00:00, run_after=2023-10-26T00:00:00+00:00
[2023-10-26T09:49:47.753+0000] {processor.py:179} INFO - Processing /home/airflow/.local/lib/python3.8/site-packages/airflow/example_dags/example_nested_branch_dag.py took 0.064 seconds
[2023-10-26T09:50:17.975+0000] {processor.py:157} INFO - Started process (PID=1238) to work on /home/airflow/.local/lib/python3.8/site-packages/airflow/example_dags/example_nested_branch_dag.py
[2023-10-26T09:50:17.975+0000] {processor.py:829} INFO - Processing file /home/airflow/.local/lib/python3.8/site-packages/airflow/example_dags/example_nested_branch_dag.py for tasks to queue
[2023-10-26T09:50:17.977+0000] {logging_mixin.py:151} INFO - [2023-10-26T09:50:17.977+0000] {dagbag.py:536} INFO - Filling up the DagBag from /home/airflow/.local/lib/python3.8/site-packages/airflow/example_dags/example_nested_branch_dag.py
[2023-10-26T09:50:17.982+0000] {processor.py:839} INFO - DAG(s) dict_keys(['example_nested_branch_dag']) retrieved from /home/airflow/.local/lib/python3.8/site-packages/airflow/example_dags/example_nested_branch_dag.py
[2023-10-26T09:50:17.995+0000] {logging_mixin.py:151} INFO - [2023-10-26T09:50:17.995+0000] {dag.py:2941} INFO - Sync 1 DAGs
[2023-10-26T09:50:18.012+0000] {logging_mixin.py:151} INFO - [2023-10-26T09:50:18.012+0000] {dag.py:3722} INFO - Setting next_dagrun for example_nested_branch_dag to 2023-10-25T00:00:00+00:00, run_after=2023-10-26T00:00:00+00:00
[2023-10-26T09:50:18.024+0000] {processor.py:179} INFO - Processing /home/airflow/.local/lib/python3.8/site-packages/airflow/example_dags/example_nested_branch_dag.py took 0.051 seconds
[2023-10-26T09:50:48.750+0000] {processor.py:157} INFO - Started process (PID=1294) to work on /home/airflow/.local/lib/python3.8/site-packages/airflow/example_dags/example_nested_branch_dag.py
[2023-10-26T09:50:48.751+0000] {processor.py:829} INFO - Processing file /home/airflow/.local/lib/python3.8/site-packages/airflow/example_dags/example_nested_branch_dag.py for tasks to queue
[2023-10-26T09:50:48.752+0000] {logging_mixin.py:151} INFO - [2023-10-26T09:50:48.752+0000] {dagbag.py:536} INFO - Filling up the DagBag from /home/airflow/.local/lib/python3.8/site-packages/airflow/example_dags/example_nested_branch_dag.py
[2023-10-26T09:50:48.758+0000] {processor.py:839} INFO - DAG(s) dict_keys(['example_nested_branch_dag']) retrieved from /home/airflow/.local/lib/python3.8/site-packages/airflow/example_dags/example_nested_branch_dag.py
[2023-10-26T09:50:48.770+0000] {logging_mixin.py:151} INFO - [2023-10-26T09:50:48.770+0000] {dag.py:2941} INFO - Sync 1 DAGs
[2023-10-26T09:50:48.787+0000] {logging_mixin.py:151} INFO - [2023-10-26T09:50:48.787+0000] {dag.py:3722} INFO - Setting next_dagrun for example_nested_branch_dag to 2023-10-25T00:00:00+00:00, run_after=2023-10-26T00:00:00+00:00
[2023-10-26T09:50:48.799+0000] {processor.py:179} INFO - Processing /home/airflow/.local/lib/python3.8/site-packages/airflow/example_dags/example_nested_branch_dag.py took 0.050 seconds
[2023-10-26T09:51:19.524+0000] {processor.py:157} INFO - Started process (PID=1351) to work on /home/airflow/.local/lib/python3.8/site-packages/airflow/example_dags/example_nested_branch_dag.py
[2023-10-26T09:51:19.524+0000] {processor.py:829} INFO - Processing file /home/airflow/.local/lib/python3.8/site-packages/airflow/example_dags/example_nested_branch_dag.py for tasks to queue
[2023-10-26T09:51:19.526+0000] {logging_mixin.py:151} INFO - [2023-10-26T09:51:19.525+0000] {dagbag.py:536} INFO - Filling up the DagBag from /home/airflow/.local/lib/python3.8/site-packages/airflow/example_dags/example_nested_branch_dag.py
[2023-10-26T09:51:19.531+0000] {processor.py:839} INFO - DAG(s) dict_keys(['example_nested_branch_dag']) retrieved from /home/airflow/.local/lib/python3.8/site-packages/airflow/example_dags/example_nested_branch_dag.py
[2023-10-26T09:51:19.547+0000] {logging_mixin.py:151} INFO - [2023-10-26T09:51:19.546+0000] {dag.py:2941} INFO - Sync 1 DAGs
[2023-10-26T09:51:19.563+0000] {logging_mixin.py:151} INFO - [2023-10-26T09:51:19.563+0000] {dag.py:3722} INFO - Setting next_dagrun for example_nested_branch_dag to 2023-10-25T00:00:00+00:00, run_after=2023-10-26T00:00:00+00:00
[2023-10-26T09:51:19.576+0000] {processor.py:179} INFO - Processing /home/airflow/.local/lib/python3.8/site-packages/airflow/example_dags/example_nested_branch_dag.py took 0.054 seconds
[2023-10-26T09:51:50.287+0000] {processor.py:157} INFO - Started process (PID=1408) to work on /home/airflow/.local/lib/python3.8/site-packages/airflow/example_dags/example_nested_branch_dag.py
[2023-10-26T09:51:50.288+0000] {processor.py:829} INFO - Processing file /home/airflow/.local/lib/python3.8/site-packages/airflow/example_dags/example_nested_branch_dag.py for tasks to queue
[2023-10-26T09:51:50.289+0000] {logging_mixin.py:151} INFO - [2023-10-26T09:51:50.289+0000] {dagbag.py:536} INFO - Filling up the DagBag from /home/airflow/.local/lib/python3.8/site-packages/airflow/example_dags/example_nested_branch_dag.py
[2023-10-26T09:51:50.295+0000] {processor.py:839} INFO - DAG(s) dict_keys(['example_nested_branch_dag']) retrieved from /home/airflow/.local/lib/python3.8/site-packages/airflow/example_dags/example_nested_branch_dag.py
[2023-10-26T09:51:50.309+0000] {logging_mixin.py:151} INFO - [2023-10-26T09:51:50.308+0000] {dag.py:2941} INFO - Sync 1 DAGs
[2023-10-26T09:51:50.325+0000] {logging_mixin.py:151} INFO - [2023-10-26T09:51:50.324+0000] {dag.py:3722} INFO - Setting next_dagrun for example_nested_branch_dag to 2023-10-25T00:00:00+00:00, run_after=2023-10-26T00:00:00+00:00
[2023-10-26T09:51:50.336+0000] {processor.py:179} INFO - Processing /home/airflow/.local/lib/python3.8/site-packages/airflow/example_dags/example_nested_branch_dag.py took 0.051 seconds
[2023-10-26T09:52:21.127+0000] {processor.py:157} INFO - Started process (PID=1464) to work on /home/airflow/.local/lib/python3.8/site-packages/airflow/example_dags/example_nested_branch_dag.py
[2023-10-26T09:52:21.127+0000] {processor.py:829} INFO - Processing file /home/airflow/.local/lib/python3.8/site-packages/airflow/example_dags/example_nested_branch_dag.py for tasks to queue
[2023-10-26T09:52:21.129+0000] {logging_mixin.py:151} INFO - [2023-10-26T09:52:21.129+0000] {dagbag.py:536} INFO - Filling up the DagBag from /home/airflow/.local/lib/python3.8/site-packages/airflow/example_dags/example_nested_branch_dag.py
[2023-10-26T09:52:21.134+0000] {processor.py:839} INFO - DAG(s) dict_keys(['example_nested_branch_dag']) retrieved from /home/airflow/.local/lib/python3.8/site-packages/airflow/example_dags/example_nested_branch_dag.py
[2023-10-26T09:52:21.147+0000] {logging_mixin.py:151} INFO - [2023-10-26T09:52:21.147+0000] {dag.py:2941} INFO - Sync 1 DAGs
[2023-10-26T09:52:21.164+0000] {logging_mixin.py:151} INFO - [2023-10-26T09:52:21.163+0000] {dag.py:3722} INFO - Setting next_dagrun for example_nested_branch_dag to 2023-10-25T00:00:00+00:00, run_after=2023-10-26T00:00:00+00:00
[2023-10-26T09:52:21.175+0000] {processor.py:179} INFO - Processing /home/airflow/.local/lib/python3.8/site-packages/airflow/example_dags/example_nested_branch_dag.py took 0.050 seconds
[2023-10-26T09:52:51.829+0000] {processor.py:157} INFO - Started process (PID=1520) to work on /home/airflow/.local/lib/python3.8/site-packages/airflow/example_dags/example_nested_branch_dag.py
[2023-10-26T09:52:51.829+0000] {processor.py:829} INFO - Processing file /home/airflow/.local/lib/python3.8/site-packages/airflow/example_dags/example_nested_branch_dag.py for tasks to queue
[2023-10-26T09:52:51.831+0000] {logging_mixin.py:151} INFO - [2023-10-26T09:52:51.831+0000] {dagbag.py:536} INFO - Filling up the DagBag from /home/airflow/.local/lib/python3.8/site-packages/airflow/example_dags/example_nested_branch_dag.py
[2023-10-26T09:52:51.837+0000] {processor.py:839} INFO - DAG(s) dict_keys(['example_nested_branch_dag']) retrieved from /home/airflow/.local/lib/python3.8/site-packages/airflow/example_dags/example_nested_branch_dag.py
[2023-10-26T09:52:51.852+0000] {logging_mixin.py:151} INFO - [2023-10-26T09:52:51.851+0000] {dag.py:2941} INFO - Sync 1 DAGs
[2023-10-26T09:52:51.869+0000] {logging_mixin.py:151} INFO - [2023-10-26T09:52:51.869+0000] {dag.py:3722} INFO - Setting next_dagrun for example_nested_branch_dag to 2023-10-25T00:00:00+00:00, run_after=2023-10-26T00:00:00+00:00
[2023-10-26T09:52:51.882+0000] {processor.py:179} INFO - Processing /home/airflow/.local/lib/python3.8/site-packages/airflow/example_dags/example_nested_branch_dag.py took 0.055 seconds
[2023-10-26T09:53:22.580+0000] {processor.py:157} INFO - Started process (PID=1584) to work on /home/airflow/.local/lib/python3.8/site-packages/airflow/example_dags/example_nested_branch_dag.py
[2023-10-26T09:53:22.581+0000] {processor.py:829} INFO - Processing file /home/airflow/.local/lib/python3.8/site-packages/airflow/example_dags/example_nested_branch_dag.py for tasks to queue
[2023-10-26T09:53:22.582+0000] {logging_mixin.py:151} INFO - [2023-10-26T09:53:22.582+0000] {dagbag.py:536} INFO - Filling up the DagBag from /home/airflow/.local/lib/python3.8/site-packages/airflow/example_dags/example_nested_branch_dag.py
[2023-10-26T09:53:22.588+0000] {processor.py:839} INFO - DAG(s) dict_keys(['example_nested_branch_dag']) retrieved from /home/airflow/.local/lib/python3.8/site-packages/airflow/example_dags/example_nested_branch_dag.py
[2023-10-26T09:53:22.601+0000] {logging_mixin.py:151} INFO - [2023-10-26T09:53:22.600+0000] {dag.py:2941} INFO - Sync 1 DAGs
[2023-10-26T09:53:22.617+0000] {logging_mixin.py:151} INFO - [2023-10-26T09:53:22.617+0000] {dag.py:3722} INFO - Setting next_dagrun for example_nested_branch_dag to 2023-10-25T00:00:00+00:00, run_after=2023-10-26T00:00:00+00:00
[2023-10-26T09:53:22.629+0000] {processor.py:179} INFO - Processing /home/airflow/.local/lib/python3.8/site-packages/airflow/example_dags/example_nested_branch_dag.py took 0.050 seconds
[2023-10-26T09:53:53.710+0000] {processor.py:157} INFO - Started process (PID=1641) to work on /home/airflow/.local/lib/python3.8/site-packages/airflow/example_dags/example_nested_branch_dag.py
[2023-10-26T09:53:53.711+0000] {processor.py:829} INFO - Processing file /home/airflow/.local/lib/python3.8/site-packages/airflow/example_dags/example_nested_branch_dag.py for tasks to queue
[2023-10-26T09:53:53.713+0000] {logging_mixin.py:151} INFO - [2023-10-26T09:53:53.712+0000] {dagbag.py:536} INFO - Filling up the DagBag from /home/airflow/.local/lib/python3.8/site-packages/airflow/example_dags/example_nested_branch_dag.py
[2023-10-26T09:53:53.719+0000] {processor.py:839} INFO - DAG(s) dict_keys(['example_nested_branch_dag']) retrieved from /home/airflow/.local/lib/python3.8/site-packages/airflow/example_dags/example_nested_branch_dag.py
[2023-10-26T09:53:53.733+0000] {logging_mixin.py:151} INFO - [2023-10-26T09:53:53.733+0000] {dag.py:2941} INFO - Sync 1 DAGs
[2023-10-26T09:53:53.750+0000] {logging_mixin.py:151} INFO - [2023-10-26T09:53:53.750+0000] {dag.py:3722} INFO - Setting next_dagrun for example_nested_branch_dag to 2023-10-25T00:00:00+00:00, run_after=2023-10-26T00:00:00+00:00
[2023-10-26T09:53:53.875+0000] {processor.py:179} INFO - Processing /home/airflow/.local/lib/python3.8/site-packages/airflow/example_dags/example_nested_branch_dag.py took 0.167 seconds
[2023-10-26T09:54:24.692+0000] {processor.py:157} INFO - Started process (PID=1697) to work on /home/airflow/.local/lib/python3.8/site-packages/airflow/example_dags/example_nested_branch_dag.py
[2023-10-26T09:54:24.692+0000] {processor.py:829} INFO - Processing file /home/airflow/.local/lib/python3.8/site-packages/airflow/example_dags/example_nested_branch_dag.py for tasks to queue
[2023-10-26T09:54:24.694+0000] {logging_mixin.py:151} INFO - [2023-10-26T09:54:24.694+0000] {dagbag.py:536} INFO - Filling up the DagBag from /home/airflow/.local/lib/python3.8/site-packages/airflow/example_dags/example_nested_branch_dag.py
[2023-10-26T09:54:24.699+0000] {processor.py:839} INFO - DAG(s) dict_keys(['example_nested_branch_dag']) retrieved from /home/airflow/.local/lib/python3.8/site-packages/airflow/example_dags/example_nested_branch_dag.py
[2023-10-26T09:54:24.715+0000] {logging_mixin.py:151} INFO - [2023-10-26T09:54:24.715+0000] {dag.py:2941} INFO - Sync 1 DAGs
[2023-10-26T09:54:24.733+0000] {logging_mixin.py:151} INFO - [2023-10-26T09:54:24.733+0000] {dag.py:3722} INFO - Setting next_dagrun for example_nested_branch_dag to 2023-10-25T00:00:00+00:00, run_after=2023-10-26T00:00:00+00:00
[2023-10-26T09:54:24.745+0000] {processor.py:179} INFO - Processing /home/airflow/.local/lib/python3.8/site-packages/airflow/example_dags/example_nested_branch_dag.py took 0.055 seconds
[2023-10-26T09:54:54.842+0000] {processor.py:157} INFO - Started process (PID=1753) to work on /home/airflow/.local/lib/python3.8/site-packages/airflow/example_dags/example_nested_branch_dag.py
[2023-10-26T09:54:54.842+0000] {processor.py:829} INFO - Processing file /home/airflow/.local/lib/python3.8/site-packages/airflow/example_dags/example_nested_branch_dag.py for tasks to queue
[2023-10-26T09:54:54.844+0000] {logging_mixin.py:151} INFO - [2023-10-26T09:54:54.844+0000] {dagbag.py:536} INFO - Filling up the DagBag from /home/airflow/.local/lib/python3.8/site-packages/airflow/example_dags/example_nested_branch_dag.py
[2023-10-26T09:54:54.849+0000] {processor.py:839} INFO - DAG(s) dict_keys(['example_nested_branch_dag']) retrieved from /home/airflow/.local/lib/python3.8/site-packages/airflow/example_dags/example_nested_branch_dag.py
[2023-10-26T09:54:54.865+0000] {logging_mixin.py:151} INFO - [2023-10-26T09:54:54.865+0000] {dag.py:2941} INFO - Sync 1 DAGs
[2023-10-26T09:54:54.884+0000] {logging_mixin.py:151} INFO - [2023-10-26T09:54:54.884+0000] {dag.py:3722} INFO - Setting next_dagrun for example_nested_branch_dag to 2023-10-25T00:00:00+00:00, run_after=2023-10-26T00:00:00+00:00
[2023-10-26T09:54:54.898+0000] {processor.py:179} INFO - Processing /home/airflow/.local/lib/python3.8/site-packages/airflow/example_dags/example_nested_branch_dag.py took 0.058 seconds
[2023-10-26T09:55:25.012+0000] {processor.py:157} INFO - Started process (PID=1809) to work on /home/airflow/.local/lib/python3.8/site-packages/airflow/example_dags/example_nested_branch_dag.py
[2023-10-26T09:55:25.013+0000] {processor.py:829} INFO - Processing file /home/airflow/.local/lib/python3.8/site-packages/airflow/example_dags/example_nested_branch_dag.py for tasks to queue
[2023-10-26T09:55:25.014+0000] {logging_mixin.py:151} INFO - [2023-10-26T09:55:25.014+0000] {dagbag.py:536} INFO - Filling up the DagBag from /home/airflow/.local/lib/python3.8/site-packages/airflow/example_dags/example_nested_branch_dag.py
[2023-10-26T09:55:25.020+0000] {processor.py:839} INFO - DAG(s) dict_keys(['example_nested_branch_dag']) retrieved from /home/airflow/.local/lib/python3.8/site-packages/airflow/example_dags/example_nested_branch_dag.py
[2023-10-26T09:55:25.033+0000] {logging_mixin.py:151} INFO - [2023-10-26T09:55:25.033+0000] {dag.py:2941} INFO - Sync 1 DAGs
[2023-10-26T09:55:25.048+0000] {logging_mixin.py:151} INFO - [2023-10-26T09:55:25.048+0000] {dag.py:3722} INFO - Setting next_dagrun for example_nested_branch_dag to 2023-10-25T00:00:00+00:00, run_after=2023-10-26T00:00:00+00:00
[2023-10-26T09:55:25.059+0000] {processor.py:179} INFO - Processing /home/airflow/.local/lib/python3.8/site-packages/airflow/example_dags/example_nested_branch_dag.py took 0.049 seconds
[2023-10-26T09:55:55.724+0000] {processor.py:157} INFO - Started process (PID=1865) to work on /home/airflow/.local/lib/python3.8/site-packages/airflow/example_dags/example_nested_branch_dag.py
[2023-10-26T09:55:55.725+0000] {processor.py:829} INFO - Processing file /home/airflow/.local/lib/python3.8/site-packages/airflow/example_dags/example_nested_branch_dag.py for tasks to queue
[2023-10-26T09:55:55.726+0000] {logging_mixin.py:151} INFO - [2023-10-26T09:55:55.726+0000] {dagbag.py:536} INFO - Filling up the DagBag from /home/airflow/.local/lib/python3.8/site-packages/airflow/example_dags/example_nested_branch_dag.py
[2023-10-26T09:55:55.732+0000] {processor.py:839} INFO - DAG(s) dict_keys(['example_nested_branch_dag']) retrieved from /home/airflow/.local/lib/python3.8/site-packages/airflow/example_dags/example_nested_branch_dag.py
[2023-10-26T09:55:55.746+0000] {logging_mixin.py:151} INFO - [2023-10-26T09:55:55.746+0000] {dag.py:2941} INFO - Sync 1 DAGs
[2023-10-26T09:55:55.762+0000] {logging_mixin.py:151} INFO - [2023-10-26T09:55:55.762+0000] {dag.py:3722} INFO - Setting next_dagrun for example_nested_branch_dag to 2023-10-25T00:00:00+00:00, run_after=2023-10-26T00:00:00+00:00
[2023-10-26T09:55:55.774+0000] {processor.py:179} INFO - Processing /home/airflow/.local/lib/python3.8/site-packages/airflow/example_dags/example_nested_branch_dag.py took 0.052 seconds
[2023-10-26T09:56:26.962+0000] {processor.py:157} INFO - Started process (PID=1921) to work on /home/airflow/.local/lib/python3.8/site-packages/airflow/example_dags/example_nested_branch_dag.py
[2023-10-26T09:56:26.963+0000] {processor.py:829} INFO - Processing file /home/airflow/.local/lib/python3.8/site-packages/airflow/example_dags/example_nested_branch_dag.py for tasks to queue
[2023-10-26T09:56:26.964+0000] {logging_mixin.py:151} INFO - [2023-10-26T09:56:26.964+0000] {dagbag.py:536} INFO - Filling up the DagBag from /home/airflow/.local/lib/python3.8/site-packages/airflow/example_dags/example_nested_branch_dag.py
[2023-10-26T09:56:26.970+0000] {processor.py:839} INFO - DAG(s) dict_keys(['example_nested_branch_dag']) retrieved from /home/airflow/.local/lib/python3.8/site-packages/airflow/example_dags/example_nested_branch_dag.py
[2023-10-26T09:56:26.983+0000] {logging_mixin.py:151} INFO - [2023-10-26T09:56:26.983+0000] {dag.py:2941} INFO - Sync 1 DAGs
[2023-10-26T09:56:27.109+0000] {logging_mixin.py:151} INFO - [2023-10-26T09:56:27.108+0000] {dag.py:3722} INFO - Setting next_dagrun for example_nested_branch_dag to 2023-10-25T00:00:00+00:00, run_after=2023-10-26T00:00:00+00:00
[2023-10-26T09:56:27.122+0000] {processor.py:179} INFO - Processing /home/airflow/.local/lib/python3.8/site-packages/airflow/example_dags/example_nested_branch_dag.py took 0.161 seconds
[2023-10-26T09:56:57.892+0000] {processor.py:157} INFO - Started process (PID=1976) to work on /home/airflow/.local/lib/python3.8/site-packages/airflow/example_dags/example_nested_branch_dag.py
[2023-10-26T09:56:57.892+0000] {processor.py:829} INFO - Processing file /home/airflow/.local/lib/python3.8/site-packages/airflow/example_dags/example_nested_branch_dag.py for tasks to queue
[2023-10-26T09:56:57.894+0000] {logging_mixin.py:151} INFO - [2023-10-26T09:56:57.893+0000] {dagbag.py:536} INFO - Filling up the DagBag from /home/airflow/.local/lib/python3.8/site-packages/airflow/example_dags/example_nested_branch_dag.py
[2023-10-26T09:56:57.899+0000] {processor.py:839} INFO - DAG(s) dict_keys(['example_nested_branch_dag']) retrieved from /home/airflow/.local/lib/python3.8/site-packages/airflow/example_dags/example_nested_branch_dag.py
[2023-10-26T09:56:57.912+0000] {logging_mixin.py:151} INFO - [2023-10-26T09:56:57.912+0000] {dag.py:2941} INFO - Sync 1 DAGs
[2023-10-26T09:56:57.927+0000] {logging_mixin.py:151} INFO - [2023-10-26T09:56:57.927+0000] {dag.py:3722} INFO - Setting next_dagrun for example_nested_branch_dag to 2023-10-25T00:00:00+00:00, run_after=2023-10-26T00:00:00+00:00
[2023-10-26T09:56:58.033+0000] {processor.py:179} INFO - Processing /home/airflow/.local/lib/python3.8/site-packages/airflow/example_dags/example_nested_branch_dag.py took 0.143 seconds
[2023-10-26T09:57:28.911+0000] {processor.py:157} INFO - Started process (PID=2032) to work on /home/airflow/.local/lib/python3.8/site-packages/airflow/example_dags/example_nested_branch_dag.py
[2023-10-26T09:57:28.912+0000] {processor.py:829} INFO - Processing file /home/airflow/.local/lib/python3.8/site-packages/airflow/example_dags/example_nested_branch_dag.py for tasks to queue
[2023-10-26T09:57:28.913+0000] {logging_mixin.py:151} INFO - [2023-10-26T09:57:28.913+0000] {dagbag.py:536} INFO - Filling up the DagBag from /home/airflow/.local/lib/python3.8/site-packages/airflow/example_dags/example_nested_branch_dag.py
[2023-10-26T09:57:28.919+0000] {processor.py:839} INFO - DAG(s) dict_keys(['example_nested_branch_dag']) retrieved from /home/airflow/.local/lib/python3.8/site-packages/airflow/example_dags/example_nested_branch_dag.py
[2023-10-26T09:57:28.933+0000] {logging_mixin.py:151} INFO - [2023-10-26T09:57:28.932+0000] {dag.py:2941} INFO - Sync 1 DAGs
[2023-10-26T09:57:28.947+0000] {logging_mixin.py:151} INFO - [2023-10-26T09:57:28.947+0000] {dag.py:3722} INFO - Setting next_dagrun for example_nested_branch_dag to 2023-10-25T00:00:00+00:00, run_after=2023-10-26T00:00:00+00:00
[2023-10-26T09:57:29.052+0000] {processor.py:179} INFO - Processing /home/airflow/.local/lib/python3.8/site-packages/airflow/example_dags/example_nested_branch_dag.py took 0.143 seconds
[2023-10-26T09:57:59.562+0000] {processor.py:157} INFO - Started process (PID=2088) to work on /home/airflow/.local/lib/python3.8/site-packages/airflow/example_dags/example_nested_branch_dag.py
[2023-10-26T09:57:59.562+0000] {processor.py:829} INFO - Processing file /home/airflow/.local/lib/python3.8/site-packages/airflow/example_dags/example_nested_branch_dag.py for tasks to queue
[2023-10-26T09:57:59.563+0000] {logging_mixin.py:151} INFO - [2023-10-26T09:57:59.563+0000] {dagbag.py:536} INFO - Filling up the DagBag from /home/airflow/.local/lib/python3.8/site-packages/airflow/example_dags/example_nested_branch_dag.py
[2023-10-26T09:57:59.569+0000] {processor.py:839} INFO - DAG(s) dict_keys(['example_nested_branch_dag']) retrieved from /home/airflow/.local/lib/python3.8/site-packages/airflow/example_dags/example_nested_branch_dag.py
[2023-10-26T09:57:59.584+0000] {logging_mixin.py:151} INFO - [2023-10-26T09:57:59.584+0000] {dag.py:2941} INFO - Sync 1 DAGs
[2023-10-26T09:57:59.600+0000] {logging_mixin.py:151} INFO - [2023-10-26T09:57:59.599+0000] {dag.py:3722} INFO - Setting next_dagrun for example_nested_branch_dag to 2023-10-25T00:00:00+00:00, run_after=2023-10-26T00:00:00+00:00
[2023-10-26T09:57:59.611+0000] {processor.py:179} INFO - Processing /home/airflow/.local/lib/python3.8/site-packages/airflow/example_dags/example_nested_branch_dag.py took 0.051 seconds
[2023-10-26T09:58:30.061+0000] {processor.py:157} INFO - Started process (PID=2144) to work on /home/airflow/.local/lib/python3.8/site-packages/airflow/example_dags/example_nested_branch_dag.py
[2023-10-26T09:58:30.062+0000] {processor.py:829} INFO - Processing file /home/airflow/.local/lib/python3.8/site-packages/airflow/example_dags/example_nested_branch_dag.py for tasks to queue
[2023-10-26T09:58:30.063+0000] {logging_mixin.py:151} INFO - [2023-10-26T09:58:30.063+0000] {dagbag.py:536} INFO - Filling up the DagBag from /home/airflow/.local/lib/python3.8/site-packages/airflow/example_dags/example_nested_branch_dag.py
[2023-10-26T09:58:30.164+0000] {processor.py:839} INFO - DAG(s) dict_keys(['example_nested_branch_dag']) retrieved from /home/airflow/.local/lib/python3.8/site-packages/airflow/example_dags/example_nested_branch_dag.py
[2023-10-26T09:58:30.176+0000] {logging_mixin.py:151} INFO - [2023-10-26T09:58:30.175+0000] {dag.py:2941} INFO - Sync 1 DAGs
[2023-10-26T09:58:30.189+0000] {logging_mixin.py:151} INFO - [2023-10-26T09:58:30.188+0000] {dag.py:3722} INFO - Setting next_dagrun for example_nested_branch_dag to 2023-10-25T00:00:00+00:00, run_after=2023-10-26T00:00:00+00:00
[2023-10-26T09:58:30.201+0000] {processor.py:179} INFO - Processing /home/airflow/.local/lib/python3.8/site-packages/airflow/example_dags/example_nested_branch_dag.py took 0.142 seconds
[2023-10-26T09:59:00.423+0000] {processor.py:157} INFO - Started process (PID=2200) to work on /home/airflow/.local/lib/python3.8/site-packages/airflow/example_dags/example_nested_branch_dag.py
[2023-10-26T09:59:00.423+0000] {processor.py:829} INFO - Processing file /home/airflow/.local/lib/python3.8/site-packages/airflow/example_dags/example_nested_branch_dag.py for tasks to queue
[2023-10-26T09:59:00.425+0000] {logging_mixin.py:151} INFO - [2023-10-26T09:59:00.425+0000] {dagbag.py:536} INFO - Filling up the DagBag from /home/airflow/.local/lib/python3.8/site-packages/airflow/example_dags/example_nested_branch_dag.py
[2023-10-26T09:59:00.431+0000] {processor.py:839} INFO - DAG(s) dict_keys(['example_nested_branch_dag']) retrieved from /home/airflow/.local/lib/python3.8/site-packages/airflow/example_dags/example_nested_branch_dag.py
[2023-10-26T09:59:00.444+0000] {logging_mixin.py:151} INFO - [2023-10-26T09:59:00.444+0000] {dag.py:2941} INFO - Sync 1 DAGs
[2023-10-26T09:59:00.459+0000] {logging_mixin.py:151} INFO - [2023-10-26T09:59:00.458+0000] {dag.py:3722} INFO - Setting next_dagrun for example_nested_branch_dag to 2023-10-25T00:00:00+00:00, run_after=2023-10-26T00:00:00+00:00
[2023-10-26T09:59:00.470+0000] {processor.py:179} INFO - Processing /home/airflow/.local/lib/python3.8/site-packages/airflow/example_dags/example_nested_branch_dag.py took 0.049 seconds
[2023-10-26T09:59:31.233+0000] {processor.py:157} INFO - Started process (PID=2256) to work on /home/airflow/.local/lib/python3.8/site-packages/airflow/example_dags/example_nested_branch_dag.py
[2023-10-26T09:59:31.234+0000] {processor.py:829} INFO - Processing file /home/airflow/.local/lib/python3.8/site-packages/airflow/example_dags/example_nested_branch_dag.py for tasks to queue
[2023-10-26T09:59:31.235+0000] {logging_mixin.py:151} INFO - [2023-10-26T09:59:31.235+0000] {dagbag.py:536} INFO - Filling up the DagBag from /home/airflow/.local/lib/python3.8/site-packages/airflow/example_dags/example_nested_branch_dag.py
[2023-10-26T09:59:31.241+0000] {processor.py:839} INFO - DAG(s) dict_keys(['example_nested_branch_dag']) retrieved from /home/airflow/.local/lib/python3.8/site-packages/airflow/example_dags/example_nested_branch_dag.py
[2023-10-26T09:59:31.256+0000] {logging_mixin.py:151} INFO - [2023-10-26T09:59:31.256+0000] {dag.py:2941} INFO - Sync 1 DAGs
[2023-10-26T09:59:31.277+0000] {logging_mixin.py:151} INFO - [2023-10-26T09:59:31.277+0000] {dag.py:3722} INFO - Setting next_dagrun for example_nested_branch_dag to 2023-10-25T00:00:00+00:00, run_after=2023-10-26T00:00:00+00:00
[2023-10-26T09:59:31.291+0000] {processor.py:179} INFO - Processing /home/airflow/.local/lib/python3.8/site-packages/airflow/example_dags/example_nested_branch_dag.py took 0.060 seconds
[2023-10-26T10:00:01.972+0000] {processor.py:157} INFO - Started process (PID=2312) to work on /home/airflow/.local/lib/python3.8/site-packages/airflow/example_dags/example_nested_branch_dag.py
[2023-10-26T10:00:01.973+0000] {processor.py:829} INFO - Processing file /home/airflow/.local/lib/python3.8/site-packages/airflow/example_dags/example_nested_branch_dag.py for tasks to queue
[2023-10-26T10:00:01.974+0000] {logging_mixin.py:151} INFO - [2023-10-26T10:00:01.974+0000] {dagbag.py:536} INFO - Filling up the DagBag from /home/airflow/.local/lib/python3.8/site-packages/airflow/example_dags/example_nested_branch_dag.py
[2023-10-26T10:00:01.980+0000] {processor.py:839} INFO - DAG(s) dict_keys(['example_nested_branch_dag']) retrieved from /home/airflow/.local/lib/python3.8/site-packages/airflow/example_dags/example_nested_branch_dag.py
[2023-10-26T10:00:01.996+0000] {logging_mixin.py:151} INFO - [2023-10-26T10:00:01.996+0000] {dag.py:2941} INFO - Sync 1 DAGs
[2023-10-26T10:00:02.016+0000] {logging_mixin.py:151} INFO - [2023-10-26T10:00:02.016+0000] {dag.py:3722} INFO - Setting next_dagrun for example_nested_branch_dag to 2023-10-25T00:00:00+00:00, run_after=2023-10-26T00:00:00+00:00
[2023-10-26T10:00:02.031+0000] {processor.py:179} INFO - Processing /home/airflow/.local/lib/python3.8/site-packages/airflow/example_dags/example_nested_branch_dag.py took 0.060 seconds
[2023-10-26T10:00:32.712+0000] {processor.py:157} INFO - Started process (PID=2368) to work on /home/airflow/.local/lib/python3.8/site-packages/airflow/example_dags/example_nested_branch_dag.py
[2023-10-26T10:00:32.713+0000] {processor.py:829} INFO - Processing file /home/airflow/.local/lib/python3.8/site-packages/airflow/example_dags/example_nested_branch_dag.py for tasks to queue
[2023-10-26T10:00:32.714+0000] {logging_mixin.py:151} INFO - [2023-10-26T10:00:32.714+0000] {dagbag.py:536} INFO - Filling up the DagBag from /home/airflow/.local/lib/python3.8/site-packages/airflow/example_dags/example_nested_branch_dag.py
[2023-10-26T10:00:32.720+0000] {processor.py:839} INFO - DAG(s) dict_keys(['example_nested_branch_dag']) retrieved from /home/airflow/.local/lib/python3.8/site-packages/airflow/example_dags/example_nested_branch_dag.py
[2023-10-26T10:00:32.734+0000] {logging_mixin.py:151} INFO - [2023-10-26T10:00:32.734+0000] {dag.py:2941} INFO - Sync 1 DAGs
[2023-10-26T10:00:32.749+0000] {logging_mixin.py:151} INFO - [2023-10-26T10:00:32.749+0000] {dag.py:3722} INFO - Setting next_dagrun for example_nested_branch_dag to 2023-10-25T00:00:00+00:00, run_after=2023-10-26T00:00:00+00:00
[2023-10-26T10:00:32.764+0000] {processor.py:179} INFO - Processing /home/airflow/.local/lib/python3.8/site-packages/airflow/example_dags/example_nested_branch_dag.py took 0.054 seconds
[2023-10-26T10:01:03.465+0000] {processor.py:157} INFO - Started process (PID=2424) to work on /home/airflow/.local/lib/python3.8/site-packages/airflow/example_dags/example_nested_branch_dag.py
[2023-10-26T10:01:03.466+0000] {processor.py:829} INFO - Processing file /home/airflow/.local/lib/python3.8/site-packages/airflow/example_dags/example_nested_branch_dag.py for tasks to queue
[2023-10-26T10:01:03.468+0000] {logging_mixin.py:151} INFO - [2023-10-26T10:01:03.468+0000] {dagbag.py:536} INFO - Filling up the DagBag from /home/airflow/.local/lib/python3.8/site-packages/airflow/example_dags/example_nested_branch_dag.py
[2023-10-26T10:01:03.474+0000] {processor.py:839} INFO - DAG(s) dict_keys(['example_nested_branch_dag']) retrieved from /home/airflow/.local/lib/python3.8/site-packages/airflow/example_dags/example_nested_branch_dag.py
[2023-10-26T10:01:03.488+0000] {logging_mixin.py:151} INFO - [2023-10-26T10:01:03.488+0000] {dag.py:2941} INFO - Sync 1 DAGs
[2023-10-26T10:01:03.504+0000] {logging_mixin.py:151} INFO - [2023-10-26T10:01:03.504+0000] {dag.py:3722} INFO - Setting next_dagrun for example_nested_branch_dag to 2023-10-25T00:00:00+00:00, run_after=2023-10-26T00:00:00+00:00
[2023-10-26T10:01:03.516+0000] {processor.py:179} INFO - Processing /home/airflow/.local/lib/python3.8/site-packages/airflow/example_dags/example_nested_branch_dag.py took 0.053 seconds
[2023-10-26T10:01:34.238+0000] {processor.py:157} INFO - Started process (PID=2480) to work on /home/airflow/.local/lib/python3.8/site-packages/airflow/example_dags/example_nested_branch_dag.py
[2023-10-26T10:01:34.239+0000] {processor.py:829} INFO - Processing file /home/airflow/.local/lib/python3.8/site-packages/airflow/example_dags/example_nested_branch_dag.py for tasks to queue
[2023-10-26T10:01:34.241+0000] {logging_mixin.py:151} INFO - [2023-10-26T10:01:34.240+0000] {dagbag.py:536} INFO - Filling up the DagBag from /home/airflow/.local/lib/python3.8/site-packages/airflow/example_dags/example_nested_branch_dag.py
[2023-10-26T10:01:34.246+0000] {processor.py:839} INFO - DAG(s) dict_keys(['example_nested_branch_dag']) retrieved from /home/airflow/.local/lib/python3.8/site-packages/airflow/example_dags/example_nested_branch_dag.py
[2023-10-26T10:01:34.263+0000] {logging_mixin.py:151} INFO - [2023-10-26T10:01:34.262+0000] {dag.py:2941} INFO - Sync 1 DAGs
[2023-10-26T10:01:34.282+0000] {logging_mixin.py:151} INFO - [2023-10-26T10:01:34.282+0000] {dag.py:3722} INFO - Setting next_dagrun for example_nested_branch_dag to 2023-10-25T00:00:00+00:00, run_after=2023-10-26T00:00:00+00:00
[2023-10-26T10:01:34.296+0000] {processor.py:179} INFO - Processing /home/airflow/.local/lib/python3.8/site-packages/airflow/example_dags/example_nested_branch_dag.py took 0.060 seconds
[2023-10-26T10:02:04.994+0000] {processor.py:157} INFO - Started process (PID=2536) to work on /home/airflow/.local/lib/python3.8/site-packages/airflow/example_dags/example_nested_branch_dag.py
[2023-10-26T10:02:04.994+0000] {processor.py:829} INFO - Processing file /home/airflow/.local/lib/python3.8/site-packages/airflow/example_dags/example_nested_branch_dag.py for tasks to queue
[2023-10-26T10:02:04.996+0000] {logging_mixin.py:151} INFO - [2023-10-26T10:02:04.996+0000] {dagbag.py:536} INFO - Filling up the DagBag from /home/airflow/.local/lib/python3.8/site-packages/airflow/example_dags/example_nested_branch_dag.py
[2023-10-26T10:02:05.002+0000] {processor.py:839} INFO - DAG(s) dict_keys(['example_nested_branch_dag']) retrieved from /home/airflow/.local/lib/python3.8/site-packages/airflow/example_dags/example_nested_branch_dag.py
[2023-10-26T10:02:05.018+0000] {logging_mixin.py:151} INFO - [2023-10-26T10:02:05.018+0000] {dag.py:2941} INFO - Sync 1 DAGs
[2023-10-26T10:02:05.037+0000] {logging_mixin.py:151} INFO - [2023-10-26T10:02:05.037+0000] {dag.py:3722} INFO - Setting next_dagrun for example_nested_branch_dag to 2023-10-25T00:00:00+00:00, run_after=2023-10-26T00:00:00+00:00
[2023-10-26T10:02:05.051+0000] {processor.py:179} INFO - Processing /home/airflow/.local/lib/python3.8/site-packages/airflow/example_dags/example_nested_branch_dag.py took 0.059 seconds
[2023-10-26T10:02:35.760+0000] {processor.py:157} INFO - Started process (PID=2592) to work on /home/airflow/.local/lib/python3.8/site-packages/airflow/example_dags/example_nested_branch_dag.py
[2023-10-26T10:02:35.761+0000] {processor.py:829} INFO - Processing file /home/airflow/.local/lib/python3.8/site-packages/airflow/example_dags/example_nested_branch_dag.py for tasks to queue
[2023-10-26T10:02:35.763+0000] {logging_mixin.py:151} INFO - [2023-10-26T10:02:35.762+0000] {dagbag.py:536} INFO - Filling up the DagBag from /home/airflow/.local/lib/python3.8/site-packages/airflow/example_dags/example_nested_branch_dag.py
[2023-10-26T10:02:35.768+0000] {processor.py:839} INFO - DAG(s) dict_keys(['example_nested_branch_dag']) retrieved from /home/airflow/.local/lib/python3.8/site-packages/airflow/example_dags/example_nested_branch_dag.py
[2023-10-26T10:02:35.785+0000] {logging_mixin.py:151} INFO - [2023-10-26T10:02:35.784+0000] {dag.py:2941} INFO - Sync 1 DAGs
[2023-10-26T10:02:35.804+0000] {logging_mixin.py:151} INFO - [2023-10-26T10:02:35.804+0000] {dag.py:3722} INFO - Setting next_dagrun for example_nested_branch_dag to 2023-10-25T00:00:00+00:00, run_after=2023-10-26T00:00:00+00:00
[2023-10-26T10:02:35.819+0000] {processor.py:179} INFO - Processing /home/airflow/.local/lib/python3.8/site-packages/airflow/example_dags/example_nested_branch_dag.py took 0.060 seconds
[2023-10-26T10:03:06.565+0000] {processor.py:157} INFO - Started process (PID=2648) to work on /home/airflow/.local/lib/python3.8/site-packages/airflow/example_dags/example_nested_branch_dag.py
[2023-10-26T10:03:06.566+0000] {processor.py:829} INFO - Processing file /home/airflow/.local/lib/python3.8/site-packages/airflow/example_dags/example_nested_branch_dag.py for tasks to queue
[2023-10-26T10:03:06.567+0000] {logging_mixin.py:151} INFO - [2023-10-26T10:03:06.567+0000] {dagbag.py:536} INFO - Filling up the DagBag from /home/airflow/.local/lib/python3.8/site-packages/airflow/example_dags/example_nested_branch_dag.py
[2023-10-26T10:03:06.573+0000] {processor.py:839} INFO - DAG(s) dict_keys(['example_nested_branch_dag']) retrieved from /home/airflow/.local/lib/python3.8/site-packages/airflow/example_dags/example_nested_branch_dag.py
[2023-10-26T10:03:06.587+0000] {logging_mixin.py:151} INFO - [2023-10-26T10:03:06.587+0000] {dag.py:2941} INFO - Sync 1 DAGs
[2023-10-26T10:03:06.603+0000] {logging_mixin.py:151} INFO - [2023-10-26T10:03:06.603+0000] {dag.py:3722} INFO - Setting next_dagrun for example_nested_branch_dag to 2023-10-25T00:00:00+00:00, run_after=2023-10-26T00:00:00+00:00
[2023-10-26T10:03:06.616+0000] {processor.py:179} INFO - Processing /home/airflow/.local/lib/python3.8/site-packages/airflow/example_dags/example_nested_branch_dag.py took 0.052 seconds
[2023-10-26T10:03:37.384+0000] {processor.py:157} INFO - Started process (PID=2705) to work on /home/airflow/.local/lib/python3.8/site-packages/airflow/example_dags/example_nested_branch_dag.py
[2023-10-26T10:03:37.385+0000] {processor.py:829} INFO - Processing file /home/airflow/.local/lib/python3.8/site-packages/airflow/example_dags/example_nested_branch_dag.py for tasks to queue
[2023-10-26T10:03:37.387+0000] {logging_mixin.py:151} INFO - [2023-10-26T10:03:37.386+0000] {dagbag.py:536} INFO - Filling up the DagBag from /home/airflow/.local/lib/python3.8/site-packages/airflow/example_dags/example_nested_branch_dag.py
[2023-10-26T10:03:37.392+0000] {processor.py:839} INFO - DAG(s) dict_keys(['example_nested_branch_dag']) retrieved from /home/airflow/.local/lib/python3.8/site-packages/airflow/example_dags/example_nested_branch_dag.py
[2023-10-26T10:03:37.408+0000] {logging_mixin.py:151} INFO - [2023-10-26T10:03:37.408+0000] {dag.py:2941} INFO - Sync 1 DAGs
[2023-10-26T10:03:37.428+0000] {logging_mixin.py:151} INFO - [2023-10-26T10:03:37.428+0000] {dag.py:3722} INFO - Setting next_dagrun for example_nested_branch_dag to 2023-10-25T00:00:00+00:00, run_after=2023-10-26T00:00:00+00:00
[2023-10-26T10:03:37.443+0000] {processor.py:179} INFO - Processing /home/airflow/.local/lib/python3.8/site-packages/airflow/example_dags/example_nested_branch_dag.py took 0.060 seconds
[2023-10-26T10:04:08.265+0000] {processor.py:157} INFO - Started process (PID=2761) to work on /home/airflow/.local/lib/python3.8/site-packages/airflow/example_dags/example_nested_branch_dag.py
[2023-10-26T10:04:08.266+0000] {processor.py:829} INFO - Processing file /home/airflow/.local/lib/python3.8/site-packages/airflow/example_dags/example_nested_branch_dag.py for tasks to queue
[2023-10-26T10:04:08.267+0000] {logging_mixin.py:151} INFO - [2023-10-26T10:04:08.267+0000] {dagbag.py:536} INFO - Filling up the DagBag from /home/airflow/.local/lib/python3.8/site-packages/airflow/example_dags/example_nested_branch_dag.py
[2023-10-26T10:04:08.273+0000] {processor.py:839} INFO - DAG(s) dict_keys(['example_nested_branch_dag']) retrieved from /home/airflow/.local/lib/python3.8/site-packages/airflow/example_dags/example_nested_branch_dag.py
[2023-10-26T10:04:08.288+0000] {logging_mixin.py:151} INFO - [2023-10-26T10:04:08.288+0000] {dag.py:2941} INFO - Sync 1 DAGs
[2023-10-26T10:04:08.308+0000] {logging_mixin.py:151} INFO - [2023-10-26T10:04:08.308+0000] {dag.py:3722} INFO - Setting next_dagrun for example_nested_branch_dag to 2023-10-25T00:00:00+00:00, run_after=2023-10-26T00:00:00+00:00
[2023-10-26T10:04:08.322+0000] {processor.py:179} INFO - Processing /home/airflow/.local/lib/python3.8/site-packages/airflow/example_dags/example_nested_branch_dag.py took 0.059 seconds
[2023-10-26T10:04:39.075+0000] {processor.py:157} INFO - Started process (PID=2817) to work on /home/airflow/.local/lib/python3.8/site-packages/airflow/example_dags/example_nested_branch_dag.py
[2023-10-26T10:04:39.075+0000] {processor.py:829} INFO - Processing file /home/airflow/.local/lib/python3.8/site-packages/airflow/example_dags/example_nested_branch_dag.py for tasks to queue
[2023-10-26T10:04:39.077+0000] {logging_mixin.py:151} INFO - [2023-10-26T10:04:39.077+0000] {dagbag.py:536} INFO - Filling up the DagBag from /home/airflow/.local/lib/python3.8/site-packages/airflow/example_dags/example_nested_branch_dag.py
[2023-10-26T10:04:39.083+0000] {processor.py:839} INFO - DAG(s) dict_keys(['example_nested_branch_dag']) retrieved from /home/airflow/.local/lib/python3.8/site-packages/airflow/example_dags/example_nested_branch_dag.py
[2023-10-26T10:04:39.097+0000] {logging_mixin.py:151} INFO - [2023-10-26T10:04:39.097+0000] {dag.py:2941} INFO - Sync 1 DAGs
[2023-10-26T10:04:39.113+0000] {logging_mixin.py:151} INFO - [2023-10-26T10:04:39.113+0000] {dag.py:3722} INFO - Setting next_dagrun for example_nested_branch_dag to 2023-10-25T00:00:00+00:00, run_after=2023-10-26T00:00:00+00:00
[2023-10-26T10:04:39.125+0000] {processor.py:179} INFO - Processing /home/airflow/.local/lib/python3.8/site-packages/airflow/example_dags/example_nested_branch_dag.py took 0.052 seconds
[2023-10-26T10:05:09.790+0000] {processor.py:157} INFO - Started process (PID=2873) to work on /home/airflow/.local/lib/python3.8/site-packages/airflow/example_dags/example_nested_branch_dag.py
[2023-10-26T10:05:09.790+0000] {processor.py:829} INFO - Processing file /home/airflow/.local/lib/python3.8/site-packages/airflow/example_dags/example_nested_branch_dag.py for tasks to queue
[2023-10-26T10:05:09.792+0000] {logging_mixin.py:151} INFO - [2023-10-26T10:05:09.792+0000] {dagbag.py:536} INFO - Filling up the DagBag from /home/airflow/.local/lib/python3.8/site-packages/airflow/example_dags/example_nested_branch_dag.py
[2023-10-26T10:05:09.799+0000] {processor.py:839} INFO - DAG(s) dict_keys(['example_nested_branch_dag']) retrieved from /home/airflow/.local/lib/python3.8/site-packages/airflow/example_dags/example_nested_branch_dag.py
[2023-10-26T10:05:09.812+0000] {logging_mixin.py:151} INFO - [2023-10-26T10:05:09.812+0000] {dag.py:2941} INFO - Sync 1 DAGs
[2023-10-26T10:05:09.827+0000] {logging_mixin.py:151} INFO - [2023-10-26T10:05:09.827+0000] {dag.py:3722} INFO - Setting next_dagrun for example_nested_branch_dag to 2023-10-25T00:00:00+00:00, run_after=2023-10-26T00:00:00+00:00
[2023-10-26T10:05:09.839+0000] {processor.py:179} INFO - Processing /home/airflow/.local/lib/python3.8/site-packages/airflow/example_dags/example_nested_branch_dag.py took 0.051 seconds
[2023-10-26T10:05:40.624+0000] {processor.py:157} INFO - Started process (PID=2929) to work on /home/airflow/.local/lib/python3.8/site-packages/airflow/example_dags/example_nested_branch_dag.py
[2023-10-26T10:05:40.625+0000] {processor.py:829} INFO - Processing file /home/airflow/.local/lib/python3.8/site-packages/airflow/example_dags/example_nested_branch_dag.py for tasks to queue
[2023-10-26T10:05:40.626+0000] {logging_mixin.py:151} INFO - [2023-10-26T10:05:40.626+0000] {dagbag.py:536} INFO - Filling up the DagBag from /home/airflow/.local/lib/python3.8/site-packages/airflow/example_dags/example_nested_branch_dag.py
[2023-10-26T10:05:40.632+0000] {processor.py:839} INFO - DAG(s) dict_keys(['example_nested_branch_dag']) retrieved from /home/airflow/.local/lib/python3.8/site-packages/airflow/example_dags/example_nested_branch_dag.py
[2023-10-26T10:05:40.645+0000] {logging_mixin.py:151} INFO - [2023-10-26T10:05:40.645+0000] {dag.py:2941} INFO - Sync 1 DAGs
[2023-10-26T10:05:40.660+0000] {logging_mixin.py:151} INFO - [2023-10-26T10:05:40.659+0000] {dag.py:3722} INFO - Setting next_dagrun for example_nested_branch_dag to 2023-10-25T00:00:00+00:00, run_after=2023-10-26T00:00:00+00:00
[2023-10-26T10:05:40.671+0000] {processor.py:179} INFO - Processing /home/airflow/.local/lib/python3.8/site-packages/airflow/example_dags/example_nested_branch_dag.py took 0.049 seconds
[2023-10-26T10:06:11.460+0000] {processor.py:157} INFO - Started process (PID=2985) to work on /home/airflow/.local/lib/python3.8/site-packages/airflow/example_dags/example_nested_branch_dag.py
[2023-10-26T10:06:11.461+0000] {processor.py:829} INFO - Processing file /home/airflow/.local/lib/python3.8/site-packages/airflow/example_dags/example_nested_branch_dag.py for tasks to queue
[2023-10-26T10:06:11.462+0000] {logging_mixin.py:151} INFO - [2023-10-26T10:06:11.462+0000] {dagbag.py:536} INFO - Filling up the DagBag from /home/airflow/.local/lib/python3.8/site-packages/airflow/example_dags/example_nested_branch_dag.py
[2023-10-26T10:06:11.468+0000] {processor.py:839} INFO - DAG(s) dict_keys(['example_nested_branch_dag']) retrieved from /home/airflow/.local/lib/python3.8/site-packages/airflow/example_dags/example_nested_branch_dag.py
[2023-10-26T10:06:11.482+0000] {logging_mixin.py:151} INFO - [2023-10-26T10:06:11.482+0000] {dag.py:2941} INFO - Sync 1 DAGs
[2023-10-26T10:06:11.498+0000] {logging_mixin.py:151} INFO - [2023-10-26T10:06:11.498+0000] {dag.py:3722} INFO - Setting next_dagrun for example_nested_branch_dag to 2023-10-25T00:00:00+00:00, run_after=2023-10-26T00:00:00+00:00
[2023-10-26T10:06:11.510+0000] {processor.py:179} INFO - Processing /home/airflow/.local/lib/python3.8/site-packages/airflow/example_dags/example_nested_branch_dag.py took 0.052 seconds
[2023-10-26T10:06:42.222+0000] {processor.py:157} INFO - Started process (PID=3042) to work on /home/airflow/.local/lib/python3.8/site-packages/airflow/example_dags/example_nested_branch_dag.py
[2023-10-26T10:06:42.222+0000] {processor.py:829} INFO - Processing file /home/airflow/.local/lib/python3.8/site-packages/airflow/example_dags/example_nested_branch_dag.py for tasks to queue
[2023-10-26T10:06:42.224+0000] {logging_mixin.py:151} INFO - [2023-10-26T10:06:42.224+0000] {dagbag.py:536} INFO - Filling up the DagBag from /home/airflow/.local/lib/python3.8/site-packages/airflow/example_dags/example_nested_branch_dag.py
[2023-10-26T10:06:42.232+0000] {processor.py:839} INFO - DAG(s) dict_keys(['example_nested_branch_dag']) retrieved from /home/airflow/.local/lib/python3.8/site-packages/airflow/example_dags/example_nested_branch_dag.py
[2023-10-26T10:06:42.248+0000] {logging_mixin.py:151} INFO - [2023-10-26T10:06:42.248+0000] {dag.py:2941} INFO - Sync 1 DAGs
[2023-10-26T10:06:42.267+0000] {logging_mixin.py:151} INFO - [2023-10-26T10:06:42.267+0000] {dag.py:3722} INFO - Setting next_dagrun for example_nested_branch_dag to 2023-10-25T00:00:00+00:00, run_after=2023-10-26T00:00:00+00:00
[2023-10-26T10:06:42.279+0000] {processor.py:179} INFO - Processing /home/airflow/.local/lib/python3.8/site-packages/airflow/example_dags/example_nested_branch_dag.py took 0.059 seconds
[2023-10-26T10:07:12.978+0000] {processor.py:157} INFO - Started process (PID=3098) to work on /home/airflow/.local/lib/python3.8/site-packages/airflow/example_dags/example_nested_branch_dag.py
[2023-10-26T10:07:12.979+0000] {processor.py:829} INFO - Processing file /home/airflow/.local/lib/python3.8/site-packages/airflow/example_dags/example_nested_branch_dag.py for tasks to queue
[2023-10-26T10:07:12.981+0000] {logging_mixin.py:151} INFO - [2023-10-26T10:07:12.981+0000] {dagbag.py:536} INFO - Filling up the DagBag from /home/airflow/.local/lib/python3.8/site-packages/airflow/example_dags/example_nested_branch_dag.py
[2023-10-26T10:07:12.987+0000] {processor.py:839} INFO - DAG(s) dict_keys(['example_nested_branch_dag']) retrieved from /home/airflow/.local/lib/python3.8/site-packages/airflow/example_dags/example_nested_branch_dag.py
[2023-10-26T10:07:13.000+0000] {logging_mixin.py:151} INFO - [2023-10-26T10:07:13.000+0000] {dag.py:2941} INFO - Sync 1 DAGs
[2023-10-26T10:07:13.015+0000] {logging_mixin.py:151} INFO - [2023-10-26T10:07:13.015+0000] {dag.py:3722} INFO - Setting next_dagrun for example_nested_branch_dag to 2023-10-25T00:00:00+00:00, run_after=2023-10-26T00:00:00+00:00
[2023-10-26T10:07:13.029+0000] {processor.py:179} INFO - Processing /home/airflow/.local/lib/python3.8/site-packages/airflow/example_dags/example_nested_branch_dag.py took 0.052 seconds
[2023-10-26T14:28:35.230+0000] {processor.py:157} INFO - Started process (PID=3169) to work on /home/airflow/.local/lib/python3.8/site-packages/airflow/example_dags/example_nested_branch_dag.py
[2023-10-26T14:28:35.231+0000] {processor.py:829} INFO - Processing file /home/airflow/.local/lib/python3.8/site-packages/airflow/example_dags/example_nested_branch_dag.py for tasks to queue
[2023-10-26T14:28:35.233+0000] {logging_mixin.py:151} INFO - [2023-10-26T14:28:35.232+0000] {dagbag.py:536} INFO - Filling up the DagBag from /home/airflow/.local/lib/python3.8/site-packages/airflow/example_dags/example_nested_branch_dag.py
[2023-10-26T14:28:35.241+0000] {processor.py:839} INFO - DAG(s) dict_keys(['example_nested_branch_dag']) retrieved from /home/airflow/.local/lib/python3.8/site-packages/airflow/example_dags/example_nested_branch_dag.py
[2023-10-26T14:28:35.260+0000] {logging_mixin.py:151} INFO - [2023-10-26T14:28:35.260+0000] {dag.py:2941} INFO - Sync 1 DAGs
[2023-10-26T14:28:35.281+0000] {logging_mixin.py:151} INFO - [2023-10-26T14:28:35.280+0000] {dag.py:3722} INFO - Setting next_dagrun for example_nested_branch_dag to 2023-10-25T00:00:00+00:00, run_after=2023-10-26T00:00:00+00:00
[2023-10-26T14:28:35.296+0000] {processor.py:179} INFO - Processing /home/airflow/.local/lib/python3.8/site-packages/airflow/example_dags/example_nested_branch_dag.py took 0.069 seconds
[2023-10-26T14:29:06.234+0000] {processor.py:157} INFO - Started process (PID=3226) to work on /home/airflow/.local/lib/python3.8/site-packages/airflow/example_dags/example_nested_branch_dag.py
[2023-10-26T14:29:06.234+0000] {processor.py:829} INFO - Processing file /home/airflow/.local/lib/python3.8/site-packages/airflow/example_dags/example_nested_branch_dag.py for tasks to queue
[2023-10-26T14:29:06.236+0000] {logging_mixin.py:151} INFO - [2023-10-26T14:29:06.236+0000] {dagbag.py:536} INFO - Filling up the DagBag from /home/airflow/.local/lib/python3.8/site-packages/airflow/example_dags/example_nested_branch_dag.py
[2023-10-26T14:29:06.243+0000] {processor.py:839} INFO - DAG(s) dict_keys(['example_nested_branch_dag']) retrieved from /home/airflow/.local/lib/python3.8/site-packages/airflow/example_dags/example_nested_branch_dag.py
[2023-10-26T14:29:06.258+0000] {logging_mixin.py:151} INFO - [2023-10-26T14:29:06.257+0000] {dag.py:2941} INFO - Sync 1 DAGs
[2023-10-26T14:29:06.276+0000] {logging_mixin.py:151} INFO - [2023-10-26T14:29:06.276+0000] {dag.py:3722} INFO - Setting next_dagrun for example_nested_branch_dag to 2023-10-25T00:00:00+00:00, run_after=2023-10-26T00:00:00+00:00
[2023-10-26T14:29:06.292+0000] {processor.py:179} INFO - Processing /home/airflow/.local/lib/python3.8/site-packages/airflow/example_dags/example_nested_branch_dag.py took 0.061 seconds
[2023-10-26T14:29:37.260+0000] {processor.py:157} INFO - Started process (PID=3282) to work on /home/airflow/.local/lib/python3.8/site-packages/airflow/example_dags/example_nested_branch_dag.py
[2023-10-26T14:29:37.261+0000] {processor.py:829} INFO - Processing file /home/airflow/.local/lib/python3.8/site-packages/airflow/example_dags/example_nested_branch_dag.py for tasks to queue
[2023-10-26T14:29:37.262+0000] {logging_mixin.py:151} INFO - [2023-10-26T14:29:37.262+0000] {dagbag.py:536} INFO - Filling up the DagBag from /home/airflow/.local/lib/python3.8/site-packages/airflow/example_dags/example_nested_branch_dag.py
[2023-10-26T14:29:37.268+0000] {processor.py:839} INFO - DAG(s) dict_keys(['example_nested_branch_dag']) retrieved from /home/airflow/.local/lib/python3.8/site-packages/airflow/example_dags/example_nested_branch_dag.py
[2023-10-26T14:29:37.281+0000] {logging_mixin.py:151} INFO - [2023-10-26T14:29:37.281+0000] {dag.py:2941} INFO - Sync 1 DAGs
[2023-10-26T14:29:37.296+0000] {logging_mixin.py:151} INFO - [2023-10-26T14:29:37.295+0000] {dag.py:3722} INFO - Setting next_dagrun for example_nested_branch_dag to 2023-10-25T00:00:00+00:00, run_after=2023-10-26T00:00:00+00:00
[2023-10-26T14:29:37.308+0000] {processor.py:179} INFO - Processing /home/airflow/.local/lib/python3.8/site-packages/airflow/example_dags/example_nested_branch_dag.py took 0.050 seconds
[2023-10-26T14:30:08.053+0000] {processor.py:157} INFO - Started process (PID=3338) to work on /home/airflow/.local/lib/python3.8/site-packages/airflow/example_dags/example_nested_branch_dag.py
[2023-10-26T14:30:08.054+0000] {processor.py:829} INFO - Processing file /home/airflow/.local/lib/python3.8/site-packages/airflow/example_dags/example_nested_branch_dag.py for tasks to queue
[2023-10-26T14:30:08.055+0000] {logging_mixin.py:151} INFO - [2023-10-26T14:30:08.055+0000] {dagbag.py:536} INFO - Filling up the DagBag from /home/airflow/.local/lib/python3.8/site-packages/airflow/example_dags/example_nested_branch_dag.py
[2023-10-26T14:30:08.061+0000] {processor.py:839} INFO - DAG(s) dict_keys(['example_nested_branch_dag']) retrieved from /home/airflow/.local/lib/python3.8/site-packages/airflow/example_dags/example_nested_branch_dag.py
[2023-10-26T14:30:08.077+0000] {logging_mixin.py:151} INFO - [2023-10-26T14:30:08.077+0000] {dag.py:2941} INFO - Sync 1 DAGs
[2023-10-26T14:30:08.093+0000] {logging_mixin.py:151} INFO - [2023-10-26T14:30:08.093+0000] {dag.py:3722} INFO - Setting next_dagrun for example_nested_branch_dag to 2023-10-25T00:00:00+00:00, run_after=2023-10-26T00:00:00+00:00
[2023-10-26T14:30:08.105+0000] {processor.py:179} INFO - Processing /home/airflow/.local/lib/python3.8/site-packages/airflow/example_dags/example_nested_branch_dag.py took 0.054 seconds
[2023-10-26T14:30:38.838+0000] {processor.py:157} INFO - Started process (PID=3394) to work on /home/airflow/.local/lib/python3.8/site-packages/airflow/example_dags/example_nested_branch_dag.py
[2023-10-26T14:30:38.838+0000] {processor.py:829} INFO - Processing file /home/airflow/.local/lib/python3.8/site-packages/airflow/example_dags/example_nested_branch_dag.py for tasks to queue
[2023-10-26T14:30:38.840+0000] {logging_mixin.py:151} INFO - [2023-10-26T14:30:38.840+0000] {dagbag.py:536} INFO - Filling up the DagBag from /home/airflow/.local/lib/python3.8/site-packages/airflow/example_dags/example_nested_branch_dag.py
[2023-10-26T14:30:38.845+0000] {processor.py:839} INFO - DAG(s) dict_keys(['example_nested_branch_dag']) retrieved from /home/airflow/.local/lib/python3.8/site-packages/airflow/example_dags/example_nested_branch_dag.py
[2023-10-26T14:30:38.860+0000] {logging_mixin.py:151} INFO - [2023-10-26T14:30:38.860+0000] {dag.py:2941} INFO - Sync 1 DAGs
[2023-10-26T14:30:38.876+0000] {logging_mixin.py:151} INFO - [2023-10-26T14:30:38.876+0000] {dag.py:3722} INFO - Setting next_dagrun for example_nested_branch_dag to 2023-10-25T00:00:00+00:00, run_after=2023-10-26T00:00:00+00:00
[2023-10-26T14:30:38.888+0000] {processor.py:179} INFO - Processing /home/airflow/.local/lib/python3.8/site-packages/airflow/example_dags/example_nested_branch_dag.py took 0.052 seconds
[2023-10-26T14:31:09.625+0000] {processor.py:157} INFO - Started process (PID=3451) to work on /home/airflow/.local/lib/python3.8/site-packages/airflow/example_dags/example_nested_branch_dag.py
[2023-10-26T14:31:09.626+0000] {processor.py:829} INFO - Processing file /home/airflow/.local/lib/python3.8/site-packages/airflow/example_dags/example_nested_branch_dag.py for tasks to queue
[2023-10-26T14:31:09.628+0000] {logging_mixin.py:151} INFO - [2023-10-26T14:31:09.627+0000] {dagbag.py:536} INFO - Filling up the DagBag from /home/airflow/.local/lib/python3.8/site-packages/airflow/example_dags/example_nested_branch_dag.py
[2023-10-26T14:31:09.634+0000] {processor.py:839} INFO - DAG(s) dict_keys(['example_nested_branch_dag']) retrieved from /home/airflow/.local/lib/python3.8/site-packages/airflow/example_dags/example_nested_branch_dag.py
[2023-10-26T14:31:09.649+0000] {logging_mixin.py:151} INFO - [2023-10-26T14:31:09.649+0000] {dag.py:2941} INFO - Sync 1 DAGs
[2023-10-26T14:31:09.669+0000] {logging_mixin.py:151} INFO - [2023-10-26T14:31:09.669+0000] {dag.py:3722} INFO - Setting next_dagrun for example_nested_branch_dag to 2023-10-25T00:00:00+00:00, run_after=2023-10-26T00:00:00+00:00
[2023-10-26T14:31:09.683+0000] {processor.py:179} INFO - Processing /home/airflow/.local/lib/python3.8/site-packages/airflow/example_dags/example_nested_branch_dag.py took 0.060 seconds
[2023-10-26T14:31:40.403+0000] {processor.py:157} INFO - Started process (PID=3507) to work on /home/airflow/.local/lib/python3.8/site-packages/airflow/example_dags/example_nested_branch_dag.py
[2023-10-26T14:31:40.403+0000] {processor.py:829} INFO - Processing file /home/airflow/.local/lib/python3.8/site-packages/airflow/example_dags/example_nested_branch_dag.py for tasks to queue
[2023-10-26T14:31:40.405+0000] {logging_mixin.py:151} INFO - [2023-10-26T14:31:40.405+0000] {dagbag.py:536} INFO - Filling up the DagBag from /home/airflow/.local/lib/python3.8/site-packages/airflow/example_dags/example_nested_branch_dag.py
[2023-10-26T14:31:40.411+0000] {processor.py:839} INFO - DAG(s) dict_keys(['example_nested_branch_dag']) retrieved from /home/airflow/.local/lib/python3.8/site-packages/airflow/example_dags/example_nested_branch_dag.py
[2023-10-26T14:31:40.425+0000] {logging_mixin.py:151} INFO - [2023-10-26T14:31:40.425+0000] {dag.py:2941} INFO - Sync 1 DAGs
[2023-10-26T14:31:40.441+0000] {logging_mixin.py:151} INFO - [2023-10-26T14:31:40.441+0000] {dag.py:3722} INFO - Setting next_dagrun for example_nested_branch_dag to 2023-10-25T00:00:00+00:00, run_after=2023-10-26T00:00:00+00:00
[2023-10-26T14:31:40.454+0000] {processor.py:179} INFO - Processing /home/airflow/.local/lib/python3.8/site-packages/airflow/example_dags/example_nested_branch_dag.py took 0.053 seconds
[2023-10-26T14:32:11.198+0000] {processor.py:157} INFO - Started process (PID=3563) to work on /home/airflow/.local/lib/python3.8/site-packages/airflow/example_dags/example_nested_branch_dag.py
[2023-10-26T14:32:11.199+0000] {processor.py:829} INFO - Processing file /home/airflow/.local/lib/python3.8/site-packages/airflow/example_dags/example_nested_branch_dag.py for tasks to queue
[2023-10-26T14:32:11.201+0000] {logging_mixin.py:151} INFO - [2023-10-26T14:32:11.200+0000] {dagbag.py:536} INFO - Filling up the DagBag from /home/airflow/.local/lib/python3.8/site-packages/airflow/example_dags/example_nested_branch_dag.py
[2023-10-26T14:32:11.206+0000] {processor.py:839} INFO - DAG(s) dict_keys(['example_nested_branch_dag']) retrieved from /home/airflow/.local/lib/python3.8/site-packages/airflow/example_dags/example_nested_branch_dag.py
[2023-10-26T14:32:11.221+0000] {logging_mixin.py:151} INFO - [2023-10-26T14:32:11.221+0000] {dag.py:2941} INFO - Sync 1 DAGs
[2023-10-26T14:32:11.236+0000] {logging_mixin.py:151} INFO - [2023-10-26T14:32:11.236+0000] {dag.py:3722} INFO - Setting next_dagrun for example_nested_branch_dag to 2023-10-25T00:00:00+00:00, run_after=2023-10-26T00:00:00+00:00
[2023-10-26T14:32:11.249+0000] {processor.py:179} INFO - Processing /home/airflow/.local/lib/python3.8/site-packages/airflow/example_dags/example_nested_branch_dag.py took 0.052 seconds
