[2023-10-26T09:41:04.805+0000] {processor.py:157} INFO - Started process (PID=206) to work on /home/airflow/.local/lib/python3.8/site-packages/airflow/example_dags/example_short_circuit_operator.py
[2023-10-26T09:41:04.806+0000] {processor.py:829} INFO - Processing file /home/airflow/.local/lib/python3.8/site-packages/airflow/example_dags/example_short_circuit_operator.py for tasks to queue
[2023-10-26T09:41:04.813+0000] {logging_mixin.py:151} INFO - [2023-10-26T09:41:04.813+0000] {dagbag.py:536} INFO - Filling up the DagBag from /home/airflow/.local/lib/python3.8/site-packages/airflow/example_dags/example_short_circuit_operator.py
[2023-10-26T09:41:04.828+0000] {processor.py:839} INFO - DAG(s) dict_keys(['example_short_circuit_operator']) retrieved from /home/airflow/.local/lib/python3.8/site-packages/airflow/example_dags/example_short_circuit_operator.py
[2023-10-26T09:41:04.862+0000] {logging_mixin.py:151} INFO - [2023-10-26T09:41:04.862+0000] {dag.py:2941} INFO - Sync 1 DAGs
[2023-10-26T09:41:04.898+0000] {logging_mixin.py:151} INFO - [2023-10-26T09:41:04.898+0000] {dag.py:3722} INFO - Setting next_dagrun for example_short_circuit_operator to 2023-10-25T09:41:04.898067+00:00, run_after=2023-10-26T09:41:04.898067+00:00
[2023-10-26T09:41:04.945+0000] {processor.py:179} INFO - Processing /home/airflow/.local/lib/python3.8/site-packages/airflow/example_dags/example_short_circuit_operator.py took 0.143 seconds
[2023-10-26T09:41:35.184+0000] {processor.py:157} INFO - Started process (PID=262) to work on /home/airflow/.local/lib/python3.8/site-packages/airflow/example_dags/example_short_circuit_operator.py
[2023-10-26T09:41:35.184+0000] {processor.py:829} INFO - Processing file /home/airflow/.local/lib/python3.8/site-packages/airflow/example_dags/example_short_circuit_operator.py for tasks to queue
[2023-10-26T09:41:35.185+0000] {logging_mixin.py:151} INFO - [2023-10-26T09:41:35.185+0000] {dagbag.py:536} INFO - Filling up the DagBag from /home/airflow/.local/lib/python3.8/site-packages/airflow/example_dags/example_short_circuit_operator.py
[2023-10-26T09:41:35.190+0000] {processor.py:839} INFO - DAG(s) dict_keys(['example_short_circuit_operator']) retrieved from /home/airflow/.local/lib/python3.8/site-packages/airflow/example_dags/example_short_circuit_operator.py
[2023-10-26T09:41:35.211+0000] {logging_mixin.py:151} INFO - [2023-10-26T09:41:35.210+0000] {dag.py:2941} INFO - Sync 1 DAGs
[2023-10-26T09:41:35.229+0000] {logging_mixin.py:151} INFO - [2023-10-26T09:41:35.229+0000] {dag.py:3722} INFO - Setting next_dagrun for example_short_circuit_operator to 2023-10-25T09:41:35.229333+00:00, run_after=2023-10-26T09:41:35.229333+00:00
[2023-10-26T09:41:35.242+0000] {processor.py:179} INFO - Processing /home/airflow/.local/lib/python3.8/site-packages/airflow/example_dags/example_short_circuit_operator.py took 0.060 seconds
[2023-10-26T09:42:05.703+0000] {processor.py:157} INFO - Started process (PID=318) to work on /home/airflow/.local/lib/python3.8/site-packages/airflow/example_dags/example_short_circuit_operator.py
[2023-10-26T09:42:05.704+0000] {processor.py:829} INFO - Processing file /home/airflow/.local/lib/python3.8/site-packages/airflow/example_dags/example_short_circuit_operator.py for tasks to queue
[2023-10-26T09:42:05.705+0000] {logging_mixin.py:151} INFO - [2023-10-26T09:42:05.705+0000] {dagbag.py:536} INFO - Filling up the DagBag from /home/airflow/.local/lib/python3.8/site-packages/airflow/example_dags/example_short_circuit_operator.py
[2023-10-26T09:42:05.710+0000] {processor.py:839} INFO - DAG(s) dict_keys(['example_short_circuit_operator']) retrieved from /home/airflow/.local/lib/python3.8/site-packages/airflow/example_dags/example_short_circuit_operator.py
[2023-10-26T09:42:05.725+0000] {logging_mixin.py:151} INFO - [2023-10-26T09:42:05.725+0000] {dag.py:2941} INFO - Sync 1 DAGs
[2023-10-26T09:42:05.740+0000] {logging_mixin.py:151} INFO - [2023-10-26T09:42:05.740+0000] {dag.py:3722} INFO - Setting next_dagrun for example_short_circuit_operator to 2023-10-25T09:42:05.740430+00:00, run_after=2023-10-26T09:42:05.740430+00:00
[2023-10-26T09:42:05.752+0000] {processor.py:179} INFO - Processing /home/airflow/.local/lib/python3.8/site-packages/airflow/example_dags/example_short_circuit_operator.py took 0.051 seconds
[2023-10-26T09:42:36.473+0000] {processor.py:157} INFO - Started process (PID=374) to work on /home/airflow/.local/lib/python3.8/site-packages/airflow/example_dags/example_short_circuit_operator.py
[2023-10-26T09:42:36.473+0000] {processor.py:829} INFO - Processing file /home/airflow/.local/lib/python3.8/site-packages/airflow/example_dags/example_short_circuit_operator.py for tasks to queue
[2023-10-26T09:42:36.474+0000] {logging_mixin.py:151} INFO - [2023-10-26T09:42:36.474+0000] {dagbag.py:536} INFO - Filling up the DagBag from /home/airflow/.local/lib/python3.8/site-packages/airflow/example_dags/example_short_circuit_operator.py
[2023-10-26T09:42:36.479+0000] {processor.py:839} INFO - DAG(s) dict_keys(['example_short_circuit_operator']) retrieved from /home/airflow/.local/lib/python3.8/site-packages/airflow/example_dags/example_short_circuit_operator.py
[2023-10-26T09:42:36.492+0000] {logging_mixin.py:151} INFO - [2023-10-26T09:42:36.492+0000] {dag.py:2941} INFO - Sync 1 DAGs
[2023-10-26T09:42:36.505+0000] {logging_mixin.py:151} INFO - [2023-10-26T09:42:36.504+0000] {dag.py:3722} INFO - Setting next_dagrun for example_short_circuit_operator to 2023-10-25T09:42:36.504685+00:00, run_after=2023-10-26T09:42:36.504685+00:00
[2023-10-26T09:42:36.515+0000] {processor.py:179} INFO - Processing /home/airflow/.local/lib/python3.8/site-packages/airflow/example_dags/example_short_circuit_operator.py took 0.044 seconds
[2023-10-26T09:43:07.273+0000] {processor.py:157} INFO - Started process (PID=431) to work on /home/airflow/.local/lib/python3.8/site-packages/airflow/example_dags/example_short_circuit_operator.py
[2023-10-26T09:43:07.273+0000] {processor.py:829} INFO - Processing file /home/airflow/.local/lib/python3.8/site-packages/airflow/example_dags/example_short_circuit_operator.py for tasks to queue
[2023-10-26T09:43:07.275+0000] {logging_mixin.py:151} INFO - [2023-10-26T09:43:07.275+0000] {dagbag.py:536} INFO - Filling up the DagBag from /home/airflow/.local/lib/python3.8/site-packages/airflow/example_dags/example_short_circuit_operator.py
[2023-10-26T09:43:07.280+0000] {processor.py:839} INFO - DAG(s) dict_keys(['example_short_circuit_operator']) retrieved from /home/airflow/.local/lib/python3.8/site-packages/airflow/example_dags/example_short_circuit_operator.py
[2023-10-26T09:43:07.297+0000] {logging_mixin.py:151} INFO - [2023-10-26T09:43:07.297+0000] {dag.py:2941} INFO - Sync 1 DAGs
[2023-10-26T09:43:07.316+0000] {logging_mixin.py:151} INFO - [2023-10-26T09:43:07.316+0000] {dag.py:3722} INFO - Setting next_dagrun for example_short_circuit_operator to 2023-10-25T09:43:07.316323+00:00, run_after=2023-10-26T09:43:07.316323+00:00
[2023-10-26T09:43:07.331+0000] {processor.py:179} INFO - Processing /home/airflow/.local/lib/python3.8/site-packages/airflow/example_dags/example_short_circuit_operator.py took 0.060 seconds
[2023-10-26T09:43:38.090+0000] {processor.py:157} INFO - Started process (PID=488) to work on /home/airflow/.local/lib/python3.8/site-packages/airflow/example_dags/example_short_circuit_operator.py
[2023-10-26T09:43:38.091+0000] {processor.py:829} INFO - Processing file /home/airflow/.local/lib/python3.8/site-packages/airflow/example_dags/example_short_circuit_operator.py for tasks to queue
[2023-10-26T09:43:38.092+0000] {logging_mixin.py:151} INFO - [2023-10-26T09:43:38.092+0000] {dagbag.py:536} INFO - Filling up the DagBag from /home/airflow/.local/lib/python3.8/site-packages/airflow/example_dags/example_short_circuit_operator.py
[2023-10-26T09:43:38.096+0000] {processor.py:839} INFO - DAG(s) dict_keys(['example_short_circuit_operator']) retrieved from /home/airflow/.local/lib/python3.8/site-packages/airflow/example_dags/example_short_circuit_operator.py
[2023-10-26T09:43:38.112+0000] {logging_mixin.py:151} INFO - [2023-10-26T09:43:38.112+0000] {dag.py:2941} INFO - Sync 1 DAGs
[2023-10-26T09:43:38.126+0000] {logging_mixin.py:151} INFO - [2023-10-26T09:43:38.126+0000] {dag.py:3722} INFO - Setting next_dagrun for example_short_circuit_operator to 2023-10-25T09:43:38.126551+00:00, run_after=2023-10-26T09:43:38.126551+00:00
[2023-10-26T09:43:38.139+0000] {processor.py:179} INFO - Processing /home/airflow/.local/lib/python3.8/site-packages/airflow/example_dags/example_short_circuit_operator.py took 0.051 seconds
[2023-10-26T09:44:09.084+0000] {processor.py:157} INFO - Started process (PID=544) to work on /home/airflow/.local/lib/python3.8/site-packages/airflow/example_dags/example_short_circuit_operator.py
[2023-10-26T09:44:09.085+0000] {processor.py:829} INFO - Processing file /home/airflow/.local/lib/python3.8/site-packages/airflow/example_dags/example_short_circuit_operator.py for tasks to queue
[2023-10-26T09:44:09.086+0000] {logging_mixin.py:151} INFO - [2023-10-26T09:44:09.086+0000] {dagbag.py:536} INFO - Filling up the DagBag from /home/airflow/.local/lib/python3.8/site-packages/airflow/example_dags/example_short_circuit_operator.py
[2023-10-26T09:44:09.090+0000] {processor.py:839} INFO - DAG(s) dict_keys(['example_short_circuit_operator']) retrieved from /home/airflow/.local/lib/python3.8/site-packages/airflow/example_dags/example_short_circuit_operator.py
[2023-10-26T09:44:09.103+0000] {logging_mixin.py:151} INFO - [2023-10-26T09:44:09.103+0000] {dag.py:2941} INFO - Sync 1 DAGs
[2023-10-26T09:44:09.116+0000] {logging_mixin.py:151} INFO - [2023-10-26T09:44:09.116+0000] {dag.py:3722} INFO - Setting next_dagrun for example_short_circuit_operator to 2023-10-25T09:44:09.116546+00:00, run_after=2023-10-26T09:44:09.116546+00:00
[2023-10-26T09:44:09.126+0000] {processor.py:179} INFO - Processing /home/airflow/.local/lib/python3.8/site-packages/airflow/example_dags/example_short_circuit_operator.py took 0.044 seconds
[2023-10-26T09:44:39.825+0000] {processor.py:157} INFO - Started process (PID=600) to work on /home/airflow/.local/lib/python3.8/site-packages/airflow/example_dags/example_short_circuit_operator.py
[2023-10-26T09:44:39.825+0000] {processor.py:829} INFO - Processing file /home/airflow/.local/lib/python3.8/site-packages/airflow/example_dags/example_short_circuit_operator.py for tasks to queue
[2023-10-26T09:44:39.826+0000] {logging_mixin.py:151} INFO - [2023-10-26T09:44:39.826+0000] {dagbag.py:536} INFO - Filling up the DagBag from /home/airflow/.local/lib/python3.8/site-packages/airflow/example_dags/example_short_circuit_operator.py
[2023-10-26T09:44:39.832+0000] {processor.py:839} INFO - DAG(s) dict_keys(['example_short_circuit_operator']) retrieved from /home/airflow/.local/lib/python3.8/site-packages/airflow/example_dags/example_short_circuit_operator.py
[2023-10-26T09:44:39.847+0000] {logging_mixin.py:151} INFO - [2023-10-26T09:44:39.847+0000] {dag.py:2941} INFO - Sync 1 DAGs
[2023-10-26T09:44:39.861+0000] {logging_mixin.py:151} INFO - [2023-10-26T09:44:39.861+0000] {dag.py:3722} INFO - Setting next_dagrun for example_short_circuit_operator to 2023-10-25T09:44:39.861555+00:00, run_after=2023-10-26T09:44:39.861555+00:00
[2023-10-26T09:44:39.873+0000] {processor.py:179} INFO - Processing /home/airflow/.local/lib/python3.8/site-packages/airflow/example_dags/example_short_circuit_operator.py took 0.050 seconds
[2023-10-26T09:45:10.529+0000] {processor.py:157} INFO - Started process (PID=656) to work on /home/airflow/.local/lib/python3.8/site-packages/airflow/example_dags/example_short_circuit_operator.py
[2023-10-26T09:45:10.530+0000] {processor.py:829} INFO - Processing file /home/airflow/.local/lib/python3.8/site-packages/airflow/example_dags/example_short_circuit_operator.py for tasks to queue
[2023-10-26T09:45:10.531+0000] {logging_mixin.py:151} INFO - [2023-10-26T09:45:10.531+0000] {dagbag.py:536} INFO - Filling up the DagBag from /home/airflow/.local/lib/python3.8/site-packages/airflow/example_dags/example_short_circuit_operator.py
[2023-10-26T09:45:10.536+0000] {processor.py:839} INFO - DAG(s) dict_keys(['example_short_circuit_operator']) retrieved from /home/airflow/.local/lib/python3.8/site-packages/airflow/example_dags/example_short_circuit_operator.py
[2023-10-26T09:45:10.552+0000] {logging_mixin.py:151} INFO - [2023-10-26T09:45:10.552+0000] {dag.py:2941} INFO - Sync 1 DAGs
[2023-10-26T09:45:10.571+0000] {logging_mixin.py:151} INFO - [2023-10-26T09:45:10.571+0000] {dag.py:3722} INFO - Setting next_dagrun for example_short_circuit_operator to 2023-10-25T09:45:10.570937+00:00, run_after=2023-10-26T09:45:10.570937+00:00
[2023-10-26T09:45:10.583+0000] {processor.py:179} INFO - Processing /home/airflow/.local/lib/python3.8/site-packages/airflow/example_dags/example_short_circuit_operator.py took 0.056 seconds
[2023-10-26T09:45:41.269+0000] {processor.py:157} INFO - Started process (PID=712) to work on /home/airflow/.local/lib/python3.8/site-packages/airflow/example_dags/example_short_circuit_operator.py
[2023-10-26T09:45:41.270+0000] {processor.py:829} INFO - Processing file /home/airflow/.local/lib/python3.8/site-packages/airflow/example_dags/example_short_circuit_operator.py for tasks to queue
[2023-10-26T09:45:41.271+0000] {logging_mixin.py:151} INFO - [2023-10-26T09:45:41.271+0000] {dagbag.py:536} INFO - Filling up the DagBag from /home/airflow/.local/lib/python3.8/site-packages/airflow/example_dags/example_short_circuit_operator.py
[2023-10-26T09:45:41.276+0000] {processor.py:839} INFO - DAG(s) dict_keys(['example_short_circuit_operator']) retrieved from /home/airflow/.local/lib/python3.8/site-packages/airflow/example_dags/example_short_circuit_operator.py
[2023-10-26T09:45:41.291+0000] {logging_mixin.py:151} INFO - [2023-10-26T09:45:41.291+0000] {dag.py:2941} INFO - Sync 1 DAGs
[2023-10-26T09:45:41.305+0000] {logging_mixin.py:151} INFO - [2023-10-26T09:45:41.305+0000] {dag.py:3722} INFO - Setting next_dagrun for example_short_circuit_operator to 2023-10-25T09:45:41.305389+00:00, run_after=2023-10-26T09:45:41.305389+00:00
[2023-10-26T09:45:41.316+0000] {processor.py:179} INFO - Processing /home/airflow/.local/lib/python3.8/site-packages/airflow/example_dags/example_short_circuit_operator.py took 0.049 seconds
[2023-10-26T09:46:12.035+0000] {processor.py:157} INFO - Started process (PID=768) to work on /home/airflow/.local/lib/python3.8/site-packages/airflow/example_dags/example_short_circuit_operator.py
[2023-10-26T09:46:12.036+0000] {processor.py:829} INFO - Processing file /home/airflow/.local/lib/python3.8/site-packages/airflow/example_dags/example_short_circuit_operator.py for tasks to queue
[2023-10-26T09:46:12.037+0000] {logging_mixin.py:151} INFO - [2023-10-26T09:46:12.037+0000] {dagbag.py:536} INFO - Filling up the DagBag from /home/airflow/.local/lib/python3.8/site-packages/airflow/example_dags/example_short_circuit_operator.py
[2023-10-26T09:46:12.044+0000] {processor.py:839} INFO - DAG(s) dict_keys(['example_short_circuit_operator']) retrieved from /home/airflow/.local/lib/python3.8/site-packages/airflow/example_dags/example_short_circuit_operator.py
[2023-10-26T09:46:12.060+0000] {logging_mixin.py:151} INFO - [2023-10-26T09:46:12.060+0000] {dag.py:2941} INFO - Sync 1 DAGs
[2023-10-26T09:46:12.078+0000] {logging_mixin.py:151} INFO - [2023-10-26T09:46:12.078+0000] {dag.py:3722} INFO - Setting next_dagrun for example_short_circuit_operator to 2023-10-25T09:46:12.078063+00:00, run_after=2023-10-26T09:46:12.078063+00:00
[2023-10-26T09:46:12.094+0000] {processor.py:179} INFO - Processing /home/airflow/.local/lib/python3.8/site-packages/airflow/example_dags/example_short_circuit_operator.py took 0.061 seconds
[2023-10-26T09:46:42.147+0000] {processor.py:157} INFO - Started process (PID=825) to work on /home/airflow/.local/lib/python3.8/site-packages/airflow/example_dags/example_short_circuit_operator.py
[2023-10-26T09:46:42.148+0000] {processor.py:829} INFO - Processing file /home/airflow/.local/lib/python3.8/site-packages/airflow/example_dags/example_short_circuit_operator.py for tasks to queue
[2023-10-26T09:46:42.149+0000] {logging_mixin.py:151} INFO - [2023-10-26T09:46:42.149+0000] {dagbag.py:536} INFO - Filling up the DagBag from /home/airflow/.local/lib/python3.8/site-packages/airflow/example_dags/example_short_circuit_operator.py
[2023-10-26T09:46:42.153+0000] {processor.py:839} INFO - DAG(s) dict_keys(['example_short_circuit_operator']) retrieved from /home/airflow/.local/lib/python3.8/site-packages/airflow/example_dags/example_short_circuit_operator.py
[2023-10-26T09:46:42.167+0000] {logging_mixin.py:151} INFO - [2023-10-26T09:46:42.167+0000] {dag.py:2941} INFO - Sync 1 DAGs
[2023-10-26T09:46:42.181+0000] {logging_mixin.py:151} INFO - [2023-10-26T09:46:42.180+0000] {dag.py:3722} INFO - Setting next_dagrun for example_short_circuit_operator to 2023-10-25T09:46:42.180769+00:00, run_after=2023-10-26T09:46:42.180769+00:00
[2023-10-26T09:46:42.193+0000] {processor.py:179} INFO - Processing /home/airflow/.local/lib/python3.8/site-packages/airflow/example_dags/example_short_circuit_operator.py took 0.047 seconds
[2023-10-26T09:47:12.243+0000] {processor.py:157} INFO - Started process (PID=881) to work on /home/airflow/.local/lib/python3.8/site-packages/airflow/example_dags/example_short_circuit_operator.py
[2023-10-26T09:47:12.244+0000] {processor.py:829} INFO - Processing file /home/airflow/.local/lib/python3.8/site-packages/airflow/example_dags/example_short_circuit_operator.py for tasks to queue
[2023-10-26T09:47:12.245+0000] {logging_mixin.py:151} INFO - [2023-10-26T09:47:12.245+0000] {dagbag.py:536} INFO - Filling up the DagBag from /home/airflow/.local/lib/python3.8/site-packages/airflow/example_dags/example_short_circuit_operator.py
[2023-10-26T09:47:12.249+0000] {processor.py:839} INFO - DAG(s) dict_keys(['example_short_circuit_operator']) retrieved from /home/airflow/.local/lib/python3.8/site-packages/airflow/example_dags/example_short_circuit_operator.py
[2023-10-26T09:47:12.262+0000] {logging_mixin.py:151} INFO - [2023-10-26T09:47:12.262+0000] {dag.py:2941} INFO - Sync 1 DAGs
[2023-10-26T09:47:12.276+0000] {logging_mixin.py:151} INFO - [2023-10-26T09:47:12.275+0000] {dag.py:3722} INFO - Setting next_dagrun for example_short_circuit_operator to 2023-10-25T09:47:12.275675+00:00, run_after=2023-10-26T09:47:12.275675+00:00
[2023-10-26T09:47:12.289+0000] {processor.py:179} INFO - Processing /home/airflow/.local/lib/python3.8/site-packages/airflow/example_dags/example_short_circuit_operator.py took 0.048 seconds
[2023-10-26T09:47:42.425+0000] {processor.py:157} INFO - Started process (PID=938) to work on /home/airflow/.local/lib/python3.8/site-packages/airflow/example_dags/example_short_circuit_operator.py
[2023-10-26T09:47:42.425+0000] {processor.py:829} INFO - Processing file /home/airflow/.local/lib/python3.8/site-packages/airflow/example_dags/example_short_circuit_operator.py for tasks to queue
[2023-10-26T09:47:42.427+0000] {logging_mixin.py:151} INFO - [2023-10-26T09:47:42.427+0000] {dagbag.py:536} INFO - Filling up the DagBag from /home/airflow/.local/lib/python3.8/site-packages/airflow/example_dags/example_short_circuit_operator.py
[2023-10-26T09:47:42.432+0000] {processor.py:839} INFO - DAG(s) dict_keys(['example_short_circuit_operator']) retrieved from /home/airflow/.local/lib/python3.8/site-packages/airflow/example_dags/example_short_circuit_operator.py
[2023-10-26T09:47:42.446+0000] {logging_mixin.py:151} INFO - [2023-10-26T09:47:42.446+0000] {dag.py:2941} INFO - Sync 1 DAGs
[2023-10-26T09:47:42.460+0000] {logging_mixin.py:151} INFO - [2023-10-26T09:47:42.460+0000] {dag.py:3722} INFO - Setting next_dagrun for example_short_circuit_operator to 2023-10-25T09:47:42.460579+00:00, run_after=2023-10-26T09:47:42.460579+00:00
[2023-10-26T09:47:42.472+0000] {processor.py:179} INFO - Processing /home/airflow/.local/lib/python3.8/site-packages/airflow/example_dags/example_short_circuit_operator.py took 0.050 seconds
[2023-10-26T09:48:13.442+0000] {processor.py:157} INFO - Started process (PID=994) to work on /home/airflow/.local/lib/python3.8/site-packages/airflow/example_dags/example_short_circuit_operator.py
[2023-10-26T09:48:13.443+0000] {processor.py:829} INFO - Processing file /home/airflow/.local/lib/python3.8/site-packages/airflow/example_dags/example_short_circuit_operator.py for tasks to queue
[2023-10-26T09:48:13.444+0000] {logging_mixin.py:151} INFO - [2023-10-26T09:48:13.444+0000] {dagbag.py:536} INFO - Filling up the DagBag from /home/airflow/.local/lib/python3.8/site-packages/airflow/example_dags/example_short_circuit_operator.py
[2023-10-26T09:48:13.451+0000] {processor.py:839} INFO - DAG(s) dict_keys(['example_short_circuit_operator']) retrieved from /home/airflow/.local/lib/python3.8/site-packages/airflow/example_dags/example_short_circuit_operator.py
[2023-10-26T09:48:13.471+0000] {logging_mixin.py:151} INFO - [2023-10-26T09:48:13.471+0000] {dag.py:2941} INFO - Sync 1 DAGs
[2023-10-26T09:48:13.489+0000] {logging_mixin.py:151} INFO - [2023-10-26T09:48:13.489+0000] {dag.py:3722} INFO - Setting next_dagrun for example_short_circuit_operator to 2023-10-25T09:48:13.489477+00:00, run_after=2023-10-26T09:48:13.489477+00:00
[2023-10-26T09:48:13.506+0000] {processor.py:179} INFO - Processing /home/airflow/.local/lib/python3.8/site-packages/airflow/example_dags/example_short_circuit_operator.py took 0.067 seconds
[2023-10-26T09:48:44.135+0000] {processor.py:157} INFO - Started process (PID=1050) to work on /home/airflow/.local/lib/python3.8/site-packages/airflow/example_dags/example_short_circuit_operator.py
[2023-10-26T09:48:44.136+0000] {processor.py:829} INFO - Processing file /home/airflow/.local/lib/python3.8/site-packages/airflow/example_dags/example_short_circuit_operator.py for tasks to queue
[2023-10-26T09:48:44.137+0000] {logging_mixin.py:151} INFO - [2023-10-26T09:48:44.137+0000] {dagbag.py:536} INFO - Filling up the DagBag from /home/airflow/.local/lib/python3.8/site-packages/airflow/example_dags/example_short_circuit_operator.py
[2023-10-26T09:48:44.142+0000] {processor.py:839} INFO - DAG(s) dict_keys(['example_short_circuit_operator']) retrieved from /home/airflow/.local/lib/python3.8/site-packages/airflow/example_dags/example_short_circuit_operator.py
[2023-10-26T09:48:44.167+0000] {logging_mixin.py:151} INFO - [2023-10-26T09:48:44.167+0000] {dag.py:2941} INFO - Sync 1 DAGs
[2023-10-26T09:48:44.183+0000] {logging_mixin.py:151} INFO - [2023-10-26T09:48:44.182+0000] {dag.py:3722} INFO - Setting next_dagrun for example_short_circuit_operator to 2023-10-25T09:48:44.182695+00:00, run_after=2023-10-26T09:48:44.182695+00:00
[2023-10-26T09:48:44.195+0000] {processor.py:179} INFO - Processing /home/airflow/.local/lib/python3.8/site-packages/airflow/example_dags/example_short_circuit_operator.py took 0.061 seconds
[2023-10-26T09:49:14.855+0000] {processor.py:157} INFO - Started process (PID=1106) to work on /home/airflow/.local/lib/python3.8/site-packages/airflow/example_dags/example_short_circuit_operator.py
[2023-10-26T09:49:14.856+0000] {processor.py:829} INFO - Processing file /home/airflow/.local/lib/python3.8/site-packages/airflow/example_dags/example_short_circuit_operator.py for tasks to queue
[2023-10-26T09:49:14.857+0000] {logging_mixin.py:151} INFO - [2023-10-26T09:49:14.857+0000] {dagbag.py:536} INFO - Filling up the DagBag from /home/airflow/.local/lib/python3.8/site-packages/airflow/example_dags/example_short_circuit_operator.py
[2023-10-26T09:49:14.861+0000] {processor.py:839} INFO - DAG(s) dict_keys(['example_short_circuit_operator']) retrieved from /home/airflow/.local/lib/python3.8/site-packages/airflow/example_dags/example_short_circuit_operator.py
[2023-10-26T09:49:14.877+0000] {logging_mixin.py:151} INFO - [2023-10-26T09:49:14.876+0000] {dag.py:2941} INFO - Sync 1 DAGs
[2023-10-26T09:49:14.892+0000] {logging_mixin.py:151} INFO - [2023-10-26T09:49:14.892+0000] {dag.py:3722} INFO - Setting next_dagrun for example_short_circuit_operator to 2023-10-25T09:49:14.892137+00:00, run_after=2023-10-26T09:49:14.892137+00:00
[2023-10-26T09:49:14.904+0000] {processor.py:179} INFO - Processing /home/airflow/.local/lib/python3.8/site-packages/airflow/example_dags/example_short_circuit_operator.py took 0.051 seconds
[2023-10-26T09:49:44.950+0000] {processor.py:157} INFO - Started process (PID=1162) to work on /home/airflow/.local/lib/python3.8/site-packages/airflow/example_dags/example_short_circuit_operator.py
[2023-10-26T09:49:44.951+0000] {processor.py:829} INFO - Processing file /home/airflow/.local/lib/python3.8/site-packages/airflow/example_dags/example_short_circuit_operator.py for tasks to queue
[2023-10-26T09:49:44.952+0000] {logging_mixin.py:151} INFO - [2023-10-26T09:49:44.952+0000] {dagbag.py:536} INFO - Filling up the DagBag from /home/airflow/.local/lib/python3.8/site-packages/airflow/example_dags/example_short_circuit_operator.py
[2023-10-26T09:49:44.956+0000] {processor.py:839} INFO - DAG(s) dict_keys(['example_short_circuit_operator']) retrieved from /home/airflow/.local/lib/python3.8/site-packages/airflow/example_dags/example_short_circuit_operator.py
[2023-10-26T09:49:44.970+0000] {logging_mixin.py:151} INFO - [2023-10-26T09:49:44.970+0000] {dag.py:2941} INFO - Sync 1 DAGs
[2023-10-26T09:49:44.987+0000] {logging_mixin.py:151} INFO - [2023-10-26T09:49:44.987+0000] {dag.py:3722} INFO - Setting next_dagrun for example_short_circuit_operator to 2023-10-25T09:49:44.986912+00:00, run_after=2023-10-26T09:49:44.986912+00:00
[2023-10-26T09:49:44.999+0000] {processor.py:179} INFO - Processing /home/airflow/.local/lib/python3.8/site-packages/airflow/example_dags/example_short_circuit_operator.py took 0.051 seconds
[2023-10-26T09:50:15.299+0000] {processor.py:157} INFO - Started process (PID=1218) to work on /home/airflow/.local/lib/python3.8/site-packages/airflow/example_dags/example_short_circuit_operator.py
[2023-10-26T09:50:15.300+0000] {processor.py:829} INFO - Processing file /home/airflow/.local/lib/python3.8/site-packages/airflow/example_dags/example_short_circuit_operator.py for tasks to queue
[2023-10-26T09:50:15.301+0000] {logging_mixin.py:151} INFO - [2023-10-26T09:50:15.301+0000] {dagbag.py:536} INFO - Filling up the DagBag from /home/airflow/.local/lib/python3.8/site-packages/airflow/example_dags/example_short_circuit_operator.py
[2023-10-26T09:50:15.305+0000] {processor.py:839} INFO - DAG(s) dict_keys(['example_short_circuit_operator']) retrieved from /home/airflow/.local/lib/python3.8/site-packages/airflow/example_dags/example_short_circuit_operator.py
[2023-10-26T09:50:15.319+0000] {logging_mixin.py:151} INFO - [2023-10-26T09:50:15.319+0000] {dag.py:2941} INFO - Sync 1 DAGs
[2023-10-26T09:50:15.333+0000] {logging_mixin.py:151} INFO - [2023-10-26T09:50:15.333+0000] {dag.py:3722} INFO - Setting next_dagrun for example_short_circuit_operator to 2023-10-25T09:50:15.333688+00:00, run_after=2023-10-26T09:50:15.333688+00:00
[2023-10-26T09:50:15.345+0000] {processor.py:179} INFO - Processing /home/airflow/.local/lib/python3.8/site-packages/airflow/example_dags/example_short_circuit_operator.py took 0.048 seconds
[2023-10-26T09:50:46.062+0000] {processor.py:157} INFO - Started process (PID=1274) to work on /home/airflow/.local/lib/python3.8/site-packages/airflow/example_dags/example_short_circuit_operator.py
[2023-10-26T09:50:46.062+0000] {processor.py:829} INFO - Processing file /home/airflow/.local/lib/python3.8/site-packages/airflow/example_dags/example_short_circuit_operator.py for tasks to queue
[2023-10-26T09:50:46.063+0000] {logging_mixin.py:151} INFO - [2023-10-26T09:50:46.063+0000] {dagbag.py:536} INFO - Filling up the DagBag from /home/airflow/.local/lib/python3.8/site-packages/airflow/example_dags/example_short_circuit_operator.py
[2023-10-26T09:50:46.068+0000] {processor.py:839} INFO - DAG(s) dict_keys(['example_short_circuit_operator']) retrieved from /home/airflow/.local/lib/python3.8/site-packages/airflow/example_dags/example_short_circuit_operator.py
[2023-10-26T09:50:46.086+0000] {logging_mixin.py:151} INFO - [2023-10-26T09:50:46.086+0000] {dag.py:2941} INFO - Sync 1 DAGs
[2023-10-26T09:50:46.103+0000] {logging_mixin.py:151} INFO - [2023-10-26T09:50:46.103+0000] {dag.py:3722} INFO - Setting next_dagrun for example_short_circuit_operator to 2023-10-25T09:50:46.103258+00:00, run_after=2023-10-26T09:50:46.103258+00:00
[2023-10-26T09:50:46.117+0000] {processor.py:179} INFO - Processing /home/airflow/.local/lib/python3.8/site-packages/airflow/example_dags/example_short_circuit_operator.py took 0.058 seconds
[2023-10-26T09:51:16.852+0000] {processor.py:157} INFO - Started process (PID=1331) to work on /home/airflow/.local/lib/python3.8/site-packages/airflow/example_dags/example_short_circuit_operator.py
[2023-10-26T09:51:16.852+0000] {processor.py:829} INFO - Processing file /home/airflow/.local/lib/python3.8/site-packages/airflow/example_dags/example_short_circuit_operator.py for tasks to queue
[2023-10-26T09:51:16.853+0000] {logging_mixin.py:151} INFO - [2023-10-26T09:51:16.853+0000] {dagbag.py:536} INFO - Filling up the DagBag from /home/airflow/.local/lib/python3.8/site-packages/airflow/example_dags/example_short_circuit_operator.py
[2023-10-26T09:51:16.858+0000] {processor.py:839} INFO - DAG(s) dict_keys(['example_short_circuit_operator']) retrieved from /home/airflow/.local/lib/python3.8/site-packages/airflow/example_dags/example_short_circuit_operator.py
[2023-10-26T09:51:16.872+0000] {logging_mixin.py:151} INFO - [2023-10-26T09:51:16.872+0000] {dag.py:2941} INFO - Sync 1 DAGs
[2023-10-26T09:51:16.887+0000] {logging_mixin.py:151} INFO - [2023-10-26T09:51:16.887+0000] {dag.py:3722} INFO - Setting next_dagrun for example_short_circuit_operator to 2023-10-25T09:51:16.886980+00:00, run_after=2023-10-26T09:51:16.886980+00:00
[2023-10-26T09:51:16.901+0000] {processor.py:179} INFO - Processing /home/airflow/.local/lib/python3.8/site-packages/airflow/example_dags/example_short_circuit_operator.py took 0.051 seconds
[2023-10-26T09:51:47.605+0000] {processor.py:157} INFO - Started process (PID=1388) to work on /home/airflow/.local/lib/python3.8/site-packages/airflow/example_dags/example_short_circuit_operator.py
[2023-10-26T09:51:47.605+0000] {processor.py:829} INFO - Processing file /home/airflow/.local/lib/python3.8/site-packages/airflow/example_dags/example_short_circuit_operator.py for tasks to queue
[2023-10-26T09:51:47.607+0000] {logging_mixin.py:151} INFO - [2023-10-26T09:51:47.606+0000] {dagbag.py:536} INFO - Filling up the DagBag from /home/airflow/.local/lib/python3.8/site-packages/airflow/example_dags/example_short_circuit_operator.py
[2023-10-26T09:51:47.611+0000] {processor.py:839} INFO - DAG(s) dict_keys(['example_short_circuit_operator']) retrieved from /home/airflow/.local/lib/python3.8/site-packages/airflow/example_dags/example_short_circuit_operator.py
[2023-10-26T09:51:47.628+0000] {logging_mixin.py:151} INFO - [2023-10-26T09:51:47.628+0000] {dag.py:2941} INFO - Sync 1 DAGs
[2023-10-26T09:51:47.646+0000] {logging_mixin.py:151} INFO - [2023-10-26T09:51:47.645+0000] {dag.py:3722} INFO - Setting next_dagrun for example_short_circuit_operator to 2023-10-25T09:51:47.645639+00:00, run_after=2023-10-26T09:51:47.645639+00:00
[2023-10-26T09:51:47.659+0000] {processor.py:179} INFO - Processing /home/airflow/.local/lib/python3.8/site-packages/airflow/example_dags/example_short_circuit_operator.py took 0.056 seconds
[2023-10-26T09:52:18.463+0000] {processor.py:157} INFO - Started process (PID=1444) to work on /home/airflow/.local/lib/python3.8/site-packages/airflow/example_dags/example_short_circuit_operator.py
[2023-10-26T09:52:18.464+0000] {processor.py:829} INFO - Processing file /home/airflow/.local/lib/python3.8/site-packages/airflow/example_dags/example_short_circuit_operator.py for tasks to queue
[2023-10-26T09:52:18.465+0000] {logging_mixin.py:151} INFO - [2023-10-26T09:52:18.465+0000] {dagbag.py:536} INFO - Filling up the DagBag from /home/airflow/.local/lib/python3.8/site-packages/airflow/example_dags/example_short_circuit_operator.py
[2023-10-26T09:52:18.469+0000] {processor.py:839} INFO - DAG(s) dict_keys(['example_short_circuit_operator']) retrieved from /home/airflow/.local/lib/python3.8/site-packages/airflow/example_dags/example_short_circuit_operator.py
[2023-10-26T09:52:18.484+0000] {logging_mixin.py:151} INFO - [2023-10-26T09:52:18.484+0000] {dag.py:2941} INFO - Sync 1 DAGs
[2023-10-26T09:52:18.499+0000] {logging_mixin.py:151} INFO - [2023-10-26T09:52:18.499+0000] {dag.py:3722} INFO - Setting next_dagrun for example_short_circuit_operator to 2023-10-25T09:52:18.499648+00:00, run_after=2023-10-26T09:52:18.499648+00:00
[2023-10-26T09:52:18.511+0000] {processor.py:179} INFO - Processing /home/airflow/.local/lib/python3.8/site-packages/airflow/example_dags/example_short_circuit_operator.py took 0.050 seconds
[2023-10-26T09:52:49.153+0000] {processor.py:157} INFO - Started process (PID=1500) to work on /home/airflow/.local/lib/python3.8/site-packages/airflow/example_dags/example_short_circuit_operator.py
[2023-10-26T09:52:49.153+0000] {processor.py:829} INFO - Processing file /home/airflow/.local/lib/python3.8/site-packages/airflow/example_dags/example_short_circuit_operator.py for tasks to queue
[2023-10-26T09:52:49.155+0000] {logging_mixin.py:151} INFO - [2023-10-26T09:52:49.154+0000] {dagbag.py:536} INFO - Filling up the DagBag from /home/airflow/.local/lib/python3.8/site-packages/airflow/example_dags/example_short_circuit_operator.py
[2023-10-26T09:52:49.159+0000] {processor.py:839} INFO - DAG(s) dict_keys(['example_short_circuit_operator']) retrieved from /home/airflow/.local/lib/python3.8/site-packages/airflow/example_dags/example_short_circuit_operator.py
[2023-10-26T09:52:49.176+0000] {logging_mixin.py:151} INFO - [2023-10-26T09:52:49.176+0000] {dag.py:2941} INFO - Sync 1 DAGs
[2023-10-26T09:52:49.194+0000] {logging_mixin.py:151} INFO - [2023-10-26T09:52:49.194+0000] {dag.py:3722} INFO - Setting next_dagrun for example_short_circuit_operator to 2023-10-25T09:52:49.194128+00:00, run_after=2023-10-26T09:52:49.194128+00:00
[2023-10-26T09:52:49.206+0000] {processor.py:179} INFO - Processing /home/airflow/.local/lib/python3.8/site-packages/airflow/example_dags/example_short_circuit_operator.py took 0.055 seconds
[2023-10-26T09:53:19.874+0000] {processor.py:157} INFO - Started process (PID=1556) to work on /home/airflow/.local/lib/python3.8/site-packages/airflow/example_dags/example_short_circuit_operator.py
[2023-10-26T09:53:19.875+0000] {processor.py:829} INFO - Processing file /home/airflow/.local/lib/python3.8/site-packages/airflow/example_dags/example_short_circuit_operator.py for tasks to queue
[2023-10-26T09:53:19.876+0000] {logging_mixin.py:151} INFO - [2023-10-26T09:53:19.876+0000] {dagbag.py:536} INFO - Filling up the DagBag from /home/airflow/.local/lib/python3.8/site-packages/airflow/example_dags/example_short_circuit_operator.py
[2023-10-26T09:53:19.883+0000] {processor.py:839} INFO - DAG(s) dict_keys(['example_short_circuit_operator']) retrieved from /home/airflow/.local/lib/python3.8/site-packages/airflow/example_dags/example_short_circuit_operator.py
[2023-10-26T09:53:19.900+0000] {logging_mixin.py:151} INFO - [2023-10-26T09:53:19.900+0000] {dag.py:2941} INFO - Sync 1 DAGs
[2023-10-26T09:53:19.914+0000] {logging_mixin.py:151} INFO - [2023-10-26T09:53:19.914+0000] {dag.py:3722} INFO - Setting next_dagrun for example_short_circuit_operator to 2023-10-25T09:53:19.914081+00:00, run_after=2023-10-26T09:53:19.914081+00:00
[2023-10-26T09:53:19.927+0000] {processor.py:179} INFO - Processing /home/airflow/.local/lib/python3.8/site-packages/airflow/example_dags/example_short_circuit_operator.py took 0.055 seconds
[2023-10-26T09:53:50.570+0000] {processor.py:157} INFO - Started process (PID=1613) to work on /home/airflow/.local/lib/python3.8/site-packages/airflow/example_dags/example_short_circuit_operator.py
[2023-10-26T09:53:50.571+0000] {processor.py:829} INFO - Processing file /home/airflow/.local/lib/python3.8/site-packages/airflow/example_dags/example_short_circuit_operator.py for tasks to queue
[2023-10-26T09:53:50.572+0000] {logging_mixin.py:151} INFO - [2023-10-26T09:53:50.572+0000] {dagbag.py:536} INFO - Filling up the DagBag from /home/airflow/.local/lib/python3.8/site-packages/airflow/example_dags/example_short_circuit_operator.py
[2023-10-26T09:53:50.576+0000] {processor.py:839} INFO - DAG(s) dict_keys(['example_short_circuit_operator']) retrieved from /home/airflow/.local/lib/python3.8/site-packages/airflow/example_dags/example_short_circuit_operator.py
[2023-10-26T09:53:50.590+0000] {logging_mixin.py:151} INFO - [2023-10-26T09:53:50.590+0000] {dag.py:2941} INFO - Sync 1 DAGs
[2023-10-26T09:53:50.603+0000] {logging_mixin.py:151} INFO - [2023-10-26T09:53:50.603+0000] {dag.py:3722} INFO - Setting next_dagrun for example_short_circuit_operator to 2023-10-25T09:53:50.603603+00:00, run_after=2023-10-26T09:53:50.603603+00:00
[2023-10-26T09:53:50.616+0000] {processor.py:179} INFO - Processing /home/airflow/.local/lib/python3.8/site-packages/airflow/example_dags/example_short_circuit_operator.py took 0.048 seconds
[2023-10-26T09:54:20.944+0000] {processor.py:157} INFO - Started process (PID=1670) to work on /home/airflow/.local/lib/python3.8/site-packages/airflow/example_dags/example_short_circuit_operator.py
[2023-10-26T09:54:20.944+0000] {processor.py:829} INFO - Processing file /home/airflow/.local/lib/python3.8/site-packages/airflow/example_dags/example_short_circuit_operator.py for tasks to queue
[2023-10-26T09:54:20.946+0000] {logging_mixin.py:151} INFO - [2023-10-26T09:54:20.945+0000] {dagbag.py:536} INFO - Filling up the DagBag from /home/airflow/.local/lib/python3.8/site-packages/airflow/example_dags/example_short_circuit_operator.py
[2023-10-26T09:54:20.950+0000] {processor.py:839} INFO - DAG(s) dict_keys(['example_short_circuit_operator']) retrieved from /home/airflow/.local/lib/python3.8/site-packages/airflow/example_dags/example_short_circuit_operator.py
[2023-10-26T09:54:20.964+0000] {logging_mixin.py:151} INFO - [2023-10-26T09:54:20.964+0000] {dag.py:2941} INFO - Sync 1 DAGs
[2023-10-26T09:54:20.977+0000] {logging_mixin.py:151} INFO - [2023-10-26T09:54:20.977+0000] {dag.py:3722} INFO - Setting next_dagrun for example_short_circuit_operator to 2023-10-25T09:54:20.977477+00:00, run_after=2023-10-26T09:54:20.977477+00:00
[2023-10-26T09:54:20.989+0000] {processor.py:179} INFO - Processing /home/airflow/.local/lib/python3.8/site-packages/airflow/example_dags/example_short_circuit_operator.py took 0.047 seconds
[2023-10-26T09:54:51.139+0000] {processor.py:157} INFO - Started process (PID=1726) to work on /home/airflow/.local/lib/python3.8/site-packages/airflow/example_dags/example_short_circuit_operator.py
[2023-10-26T09:54:51.140+0000] {processor.py:829} INFO - Processing file /home/airflow/.local/lib/python3.8/site-packages/airflow/example_dags/example_short_circuit_operator.py for tasks to queue
[2023-10-26T09:54:51.141+0000] {logging_mixin.py:151} INFO - [2023-10-26T09:54:51.141+0000] {dagbag.py:536} INFO - Filling up the DagBag from /home/airflow/.local/lib/python3.8/site-packages/airflow/example_dags/example_short_circuit_operator.py
[2023-10-26T09:54:51.147+0000] {processor.py:839} INFO - DAG(s) dict_keys(['example_short_circuit_operator']) retrieved from /home/airflow/.local/lib/python3.8/site-packages/airflow/example_dags/example_short_circuit_operator.py
[2023-10-26T09:54:51.165+0000] {logging_mixin.py:151} INFO - [2023-10-26T09:54:51.165+0000] {dag.py:2941} INFO - Sync 1 DAGs
[2023-10-26T09:54:51.182+0000] {logging_mixin.py:151} INFO - [2023-10-26T09:54:51.182+0000] {dag.py:3722} INFO - Setting next_dagrun for example_short_circuit_operator to 2023-10-25T09:54:51.181817+00:00, run_after=2023-10-26T09:54:51.181817+00:00
[2023-10-26T09:54:51.195+0000] {processor.py:179} INFO - Processing /home/airflow/.local/lib/python3.8/site-packages/airflow/example_dags/example_short_circuit_operator.py took 0.057 seconds
[2023-10-26T09:55:21.283+0000] {processor.py:157} INFO - Started process (PID=1782) to work on /home/airflow/.local/lib/python3.8/site-packages/airflow/example_dags/example_short_circuit_operator.py
[2023-10-26T09:55:21.284+0000] {processor.py:829} INFO - Processing file /home/airflow/.local/lib/python3.8/site-packages/airflow/example_dags/example_short_circuit_operator.py for tasks to queue
[2023-10-26T09:55:21.285+0000] {logging_mixin.py:151} INFO - [2023-10-26T09:55:21.285+0000] {dagbag.py:536} INFO - Filling up the DagBag from /home/airflow/.local/lib/python3.8/site-packages/airflow/example_dags/example_short_circuit_operator.py
[2023-10-26T09:55:21.291+0000] {processor.py:839} INFO - DAG(s) dict_keys(['example_short_circuit_operator']) retrieved from /home/airflow/.local/lib/python3.8/site-packages/airflow/example_dags/example_short_circuit_operator.py
[2023-10-26T09:55:21.308+0000] {logging_mixin.py:151} INFO - [2023-10-26T09:55:21.308+0000] {dag.py:2941} INFO - Sync 1 DAGs
[2023-10-26T09:55:21.323+0000] {logging_mixin.py:151} INFO - [2023-10-26T09:55:21.323+0000] {dag.py:3722} INFO - Setting next_dagrun for example_short_circuit_operator to 2023-10-25T09:55:21.322797+00:00, run_after=2023-10-26T09:55:21.322797+00:00
[2023-10-26T09:55:21.338+0000] {processor.py:179} INFO - Processing /home/airflow/.local/lib/python3.8/site-packages/airflow/example_dags/example_short_circuit_operator.py took 0.056 seconds
[2023-10-26T09:55:51.608+0000] {processor.py:157} INFO - Started process (PID=1838) to work on /home/airflow/.local/lib/python3.8/site-packages/airflow/example_dags/example_short_circuit_operator.py
[2023-10-26T09:55:51.609+0000] {processor.py:829} INFO - Processing file /home/airflow/.local/lib/python3.8/site-packages/airflow/example_dags/example_short_circuit_operator.py for tasks to queue
[2023-10-26T09:55:51.610+0000] {logging_mixin.py:151} INFO - [2023-10-26T09:55:51.610+0000] {dagbag.py:536} INFO - Filling up the DagBag from /home/airflow/.local/lib/python3.8/site-packages/airflow/example_dags/example_short_circuit_operator.py
[2023-10-26T09:55:51.615+0000] {processor.py:839} INFO - DAG(s) dict_keys(['example_short_circuit_operator']) retrieved from /home/airflow/.local/lib/python3.8/site-packages/airflow/example_dags/example_short_circuit_operator.py
[2023-10-26T09:55:51.633+0000] {logging_mixin.py:151} INFO - [2023-10-26T09:55:51.633+0000] {dag.py:2941} INFO - Sync 1 DAGs
[2023-10-26T09:55:51.745+0000] {logging_mixin.py:151} INFO - [2023-10-26T09:55:51.745+0000] {dag.py:3722} INFO - Setting next_dagrun for example_short_circuit_operator to 2023-10-25T09:55:51.744893+00:00, run_after=2023-10-26T09:55:51.744893+00:00
[2023-10-26T09:55:51.757+0000] {processor.py:179} INFO - Processing /home/airflow/.local/lib/python3.8/site-packages/airflow/example_dags/example_short_circuit_operator.py took 0.151 seconds
[2023-10-26T09:56:22.259+0000] {processor.py:157} INFO - Started process (PID=1894) to work on /home/airflow/.local/lib/python3.8/site-packages/airflow/example_dags/example_short_circuit_operator.py
[2023-10-26T09:56:22.260+0000] {processor.py:829} INFO - Processing file /home/airflow/.local/lib/python3.8/site-packages/airflow/example_dags/example_short_circuit_operator.py for tasks to queue
[2023-10-26T09:56:22.261+0000] {logging_mixin.py:151} INFO - [2023-10-26T09:56:22.261+0000] {dagbag.py:536} INFO - Filling up the DagBag from /home/airflow/.local/lib/python3.8/site-packages/airflow/example_dags/example_short_circuit_operator.py
[2023-10-26T09:56:22.267+0000] {processor.py:839} INFO - DAG(s) dict_keys(['example_short_circuit_operator']) retrieved from /home/airflow/.local/lib/python3.8/site-packages/airflow/example_dags/example_short_circuit_operator.py
[2023-10-26T09:56:22.282+0000] {logging_mixin.py:151} INFO - [2023-10-26T09:56:22.281+0000] {dag.py:2941} INFO - Sync 1 DAGs
[2023-10-26T09:56:22.297+0000] {logging_mixin.py:151} INFO - [2023-10-26T09:56:22.297+0000] {dag.py:3722} INFO - Setting next_dagrun for example_short_circuit_operator to 2023-10-25T09:56:22.296996+00:00, run_after=2023-10-26T09:56:22.296996+00:00
[2023-10-26T09:56:22.402+0000] {processor.py:179} INFO - Processing /home/airflow/.local/lib/python3.8/site-packages/airflow/example_dags/example_short_circuit_operator.py took 0.146 seconds
[2023-10-26T09:56:52.570+0000] {processor.py:157} INFO - Started process (PID=1950) to work on /home/airflow/.local/lib/python3.8/site-packages/airflow/example_dags/example_short_circuit_operator.py
[2023-10-26T09:56:52.570+0000] {processor.py:829} INFO - Processing file /home/airflow/.local/lib/python3.8/site-packages/airflow/example_dags/example_short_circuit_operator.py for tasks to queue
[2023-10-26T09:56:52.571+0000] {logging_mixin.py:151} INFO - [2023-10-26T09:56:52.571+0000] {dagbag.py:536} INFO - Filling up the DagBag from /home/airflow/.local/lib/python3.8/site-packages/airflow/example_dags/example_short_circuit_operator.py
[2023-10-26T09:56:52.576+0000] {processor.py:839} INFO - DAG(s) dict_keys(['example_short_circuit_operator']) retrieved from /home/airflow/.local/lib/python3.8/site-packages/airflow/example_dags/example_short_circuit_operator.py
[2023-10-26T09:56:52.589+0000] {logging_mixin.py:151} INFO - [2023-10-26T09:56:52.589+0000] {dag.py:2941} INFO - Sync 1 DAGs
[2023-10-26T09:56:52.603+0000] {logging_mixin.py:151} INFO - [2023-10-26T09:56:52.602+0000] {dag.py:3722} INFO - Setting next_dagrun for example_short_circuit_operator to 2023-10-25T09:56:52.602801+00:00, run_after=2023-10-26T09:56:52.602801+00:00
[2023-10-26T09:56:52.614+0000] {processor.py:179} INFO - Processing /home/airflow/.local/lib/python3.8/site-packages/airflow/example_dags/example_short_circuit_operator.py took 0.046 seconds
[2023-10-26T09:57:22.802+0000] {processor.py:157} INFO - Started process (PID=2005) to work on /home/airflow/.local/lib/python3.8/site-packages/airflow/example_dags/example_short_circuit_operator.py
[2023-10-26T09:57:22.803+0000] {processor.py:829} INFO - Processing file /home/airflow/.local/lib/python3.8/site-packages/airflow/example_dags/example_short_circuit_operator.py for tasks to queue
[2023-10-26T09:57:22.804+0000] {logging_mixin.py:151} INFO - [2023-10-26T09:57:22.804+0000] {dagbag.py:536} INFO - Filling up the DagBag from /home/airflow/.local/lib/python3.8/site-packages/airflow/example_dags/example_short_circuit_operator.py
[2023-10-26T09:57:22.808+0000] {processor.py:839} INFO - DAG(s) dict_keys(['example_short_circuit_operator']) retrieved from /home/airflow/.local/lib/python3.8/site-packages/airflow/example_dags/example_short_circuit_operator.py
[2023-10-26T09:57:22.821+0000] {logging_mixin.py:151} INFO - [2023-10-26T09:57:22.821+0000] {dag.py:2941} INFO - Sync 1 DAGs
[2023-10-26T09:57:22.834+0000] {logging_mixin.py:151} INFO - [2023-10-26T09:57:22.834+0000] {dag.py:3722} INFO - Setting next_dagrun for example_short_circuit_operator to 2023-10-25T09:57:22.834290+00:00, run_after=2023-10-26T09:57:22.834290+00:00
[2023-10-26T09:57:22.845+0000] {processor.py:179} INFO - Processing /home/airflow/.local/lib/python3.8/site-packages/airflow/example_dags/example_short_circuit_operator.py took 0.044 seconds
[2023-10-26T09:57:52.912+0000] {processor.py:157} INFO - Started process (PID=2061) to work on /home/airflow/.local/lib/python3.8/site-packages/airflow/example_dags/example_short_circuit_operator.py
[2023-10-26T09:57:52.913+0000] {processor.py:829} INFO - Processing file /home/airflow/.local/lib/python3.8/site-packages/airflow/example_dags/example_short_circuit_operator.py for tasks to queue
[2023-10-26T09:57:52.914+0000] {logging_mixin.py:151} INFO - [2023-10-26T09:57:52.914+0000] {dagbag.py:536} INFO - Filling up the DagBag from /home/airflow/.local/lib/python3.8/site-packages/airflow/example_dags/example_short_circuit_operator.py
[2023-10-26T09:57:52.918+0000] {processor.py:839} INFO - DAG(s) dict_keys(['example_short_circuit_operator']) retrieved from /home/airflow/.local/lib/python3.8/site-packages/airflow/example_dags/example_short_circuit_operator.py
[2023-10-26T09:57:52.934+0000] {logging_mixin.py:151} INFO - [2023-10-26T09:57:52.934+0000] {dag.py:2941} INFO - Sync 1 DAGs
[2023-10-26T09:57:52.948+0000] {logging_mixin.py:151} INFO - [2023-10-26T09:57:52.948+0000] {dag.py:3722} INFO - Setting next_dagrun for example_short_circuit_operator to 2023-10-25T09:57:52.948158+00:00, run_after=2023-10-26T09:57:52.948158+00:00
[2023-10-26T09:57:52.959+0000] {processor.py:179} INFO - Processing /home/airflow/.local/lib/python3.8/site-packages/airflow/example_dags/example_short_circuit_operator.py took 0.049 seconds
[2023-10-26T09:58:23.553+0000] {processor.py:157} INFO - Started process (PID=2124) to work on /home/airflow/.local/lib/python3.8/site-packages/airflow/example_dags/example_short_circuit_operator.py
[2023-10-26T09:58:23.553+0000] {processor.py:829} INFO - Processing file /home/airflow/.local/lib/python3.8/site-packages/airflow/example_dags/example_short_circuit_operator.py for tasks to queue
[2023-10-26T09:58:23.555+0000] {logging_mixin.py:151} INFO - [2023-10-26T09:58:23.554+0000] {dagbag.py:536} INFO - Filling up the DagBag from /home/airflow/.local/lib/python3.8/site-packages/airflow/example_dags/example_short_circuit_operator.py
[2023-10-26T09:58:23.559+0000] {processor.py:839} INFO - DAG(s) dict_keys(['example_short_circuit_operator']) retrieved from /home/airflow/.local/lib/python3.8/site-packages/airflow/example_dags/example_short_circuit_operator.py
[2023-10-26T09:58:23.667+0000] {logging_mixin.py:151} INFO - [2023-10-26T09:58:23.667+0000] {dag.py:2941} INFO - Sync 1 DAGs
[2023-10-26T09:58:23.679+0000] {logging_mixin.py:151} INFO - [2023-10-26T09:58:23.679+0000] {dag.py:3722} INFO - Setting next_dagrun for example_short_circuit_operator to 2023-10-25T09:58:23.679700+00:00, run_after=2023-10-26T09:58:23.679700+00:00
[2023-10-26T09:58:23.692+0000] {processor.py:179} INFO - Processing /home/airflow/.local/lib/python3.8/site-packages/airflow/example_dags/example_short_circuit_operator.py took 0.141 seconds
[2023-10-26T09:58:53.709+0000] {processor.py:157} INFO - Started process (PID=2180) to work on /home/airflow/.local/lib/python3.8/site-packages/airflow/example_dags/example_short_circuit_operator.py
[2023-10-26T09:58:53.709+0000] {processor.py:829} INFO - Processing file /home/airflow/.local/lib/python3.8/site-packages/airflow/example_dags/example_short_circuit_operator.py for tasks to queue
[2023-10-26T09:58:53.710+0000] {logging_mixin.py:151} INFO - [2023-10-26T09:58:53.710+0000] {dagbag.py:536} INFO - Filling up the DagBag from /home/airflow/.local/lib/python3.8/site-packages/airflow/example_dags/example_short_circuit_operator.py
[2023-10-26T09:58:53.715+0000] {processor.py:839} INFO - DAG(s) dict_keys(['example_short_circuit_operator']) retrieved from /home/airflow/.local/lib/python3.8/site-packages/airflow/example_dags/example_short_circuit_operator.py
[2023-10-26T09:58:53.728+0000] {logging_mixin.py:151} INFO - [2023-10-26T09:58:53.728+0000] {dag.py:2941} INFO - Sync 1 DAGs
[2023-10-26T09:58:53.742+0000] {logging_mixin.py:151} INFO - [2023-10-26T09:58:53.741+0000] {dag.py:3722} INFO - Setting next_dagrun for example_short_circuit_operator to 2023-10-25T09:58:53.741864+00:00, run_after=2023-10-26T09:58:53.741864+00:00
[2023-10-26T09:58:53.752+0000] {processor.py:179} INFO - Processing /home/airflow/.local/lib/python3.8/site-packages/airflow/example_dags/example_short_circuit_operator.py took 0.045 seconds
[2023-10-26T09:59:24.534+0000] {processor.py:157} INFO - Started process (PID=2236) to work on /home/airflow/.local/lib/python3.8/site-packages/airflow/example_dags/example_short_circuit_operator.py
[2023-10-26T09:59:24.535+0000] {processor.py:829} INFO - Processing file /home/airflow/.local/lib/python3.8/site-packages/airflow/example_dags/example_short_circuit_operator.py for tasks to queue
[2023-10-26T09:59:24.536+0000] {logging_mixin.py:151} INFO - [2023-10-26T09:59:24.536+0000] {dagbag.py:536} INFO - Filling up the DagBag from /home/airflow/.local/lib/python3.8/site-packages/airflow/example_dags/example_short_circuit_operator.py
[2023-10-26T09:59:24.541+0000] {processor.py:839} INFO - DAG(s) dict_keys(['example_short_circuit_operator']) retrieved from /home/airflow/.local/lib/python3.8/site-packages/airflow/example_dags/example_short_circuit_operator.py
[2023-10-26T09:59:24.558+0000] {logging_mixin.py:151} INFO - [2023-10-26T09:59:24.558+0000] {dag.py:2941} INFO - Sync 1 DAGs
[2023-10-26T09:59:24.577+0000] {logging_mixin.py:151} INFO - [2023-10-26T09:59:24.577+0000] {dag.py:3722} INFO - Setting next_dagrun for example_short_circuit_operator to 2023-10-25T09:59:24.576865+00:00, run_after=2023-10-26T09:59:24.576865+00:00
[2023-10-26T09:59:24.591+0000] {processor.py:179} INFO - Processing /home/airflow/.local/lib/python3.8/site-packages/airflow/example_dags/example_short_circuit_operator.py took 0.058 seconds
[2023-10-26T09:59:55.278+0000] {processor.py:157} INFO - Started process (PID=2292) to work on /home/airflow/.local/lib/python3.8/site-packages/airflow/example_dags/example_short_circuit_operator.py
[2023-10-26T09:59:55.278+0000] {processor.py:829} INFO - Processing file /home/airflow/.local/lib/python3.8/site-packages/airflow/example_dags/example_short_circuit_operator.py for tasks to queue
[2023-10-26T09:59:55.280+0000] {logging_mixin.py:151} INFO - [2023-10-26T09:59:55.280+0000] {dagbag.py:536} INFO - Filling up the DagBag from /home/airflow/.local/lib/python3.8/site-packages/airflow/example_dags/example_short_circuit_operator.py
[2023-10-26T09:59:55.285+0000] {processor.py:839} INFO - DAG(s) dict_keys(['example_short_circuit_operator']) retrieved from /home/airflow/.local/lib/python3.8/site-packages/airflow/example_dags/example_short_circuit_operator.py
[2023-10-26T09:59:55.302+0000] {logging_mixin.py:151} INFO - [2023-10-26T09:59:55.302+0000] {dag.py:2941} INFO - Sync 1 DAGs
[2023-10-26T09:59:55.320+0000] {logging_mixin.py:151} INFO - [2023-10-26T09:59:55.320+0000] {dag.py:3722} INFO - Setting next_dagrun for example_short_circuit_operator to 2023-10-25T09:59:55.320279+00:00, run_after=2023-10-26T09:59:55.320279+00:00
[2023-10-26T09:59:55.335+0000] {processor.py:179} INFO - Processing /home/airflow/.local/lib/python3.8/site-packages/airflow/example_dags/example_short_circuit_operator.py took 0.059 seconds
[2023-10-26T10:00:26.022+0000] {processor.py:157} INFO - Started process (PID=2348) to work on /home/airflow/.local/lib/python3.8/site-packages/airflow/example_dags/example_short_circuit_operator.py
[2023-10-26T10:00:26.023+0000] {processor.py:829} INFO - Processing file /home/airflow/.local/lib/python3.8/site-packages/airflow/example_dags/example_short_circuit_operator.py for tasks to queue
[2023-10-26T10:00:26.025+0000] {logging_mixin.py:151} INFO - [2023-10-26T10:00:26.024+0000] {dagbag.py:536} INFO - Filling up the DagBag from /home/airflow/.local/lib/python3.8/site-packages/airflow/example_dags/example_short_circuit_operator.py
[2023-10-26T10:00:26.030+0000] {processor.py:839} INFO - DAG(s) dict_keys(['example_short_circuit_operator']) retrieved from /home/airflow/.local/lib/python3.8/site-packages/airflow/example_dags/example_short_circuit_operator.py
[2023-10-26T10:00:26.044+0000] {logging_mixin.py:151} INFO - [2023-10-26T10:00:26.044+0000] {dag.py:2941} INFO - Sync 1 DAGs
[2023-10-26T10:00:26.058+0000] {logging_mixin.py:151} INFO - [2023-10-26T10:00:26.057+0000] {dag.py:3722} INFO - Setting next_dagrun for example_short_circuit_operator to 2023-10-25T10:00:26.057822+00:00, run_after=2023-10-26T10:00:26.057822+00:00
[2023-10-26T10:00:26.069+0000] {processor.py:179} INFO - Processing /home/airflow/.local/lib/python3.8/site-packages/airflow/example_dags/example_short_circuit_operator.py took 0.048 seconds
[2023-10-26T10:00:56.760+0000] {processor.py:157} INFO - Started process (PID=2404) to work on /home/airflow/.local/lib/python3.8/site-packages/airflow/example_dags/example_short_circuit_operator.py
[2023-10-26T10:00:56.760+0000] {processor.py:829} INFO - Processing file /home/airflow/.local/lib/python3.8/site-packages/airflow/example_dags/example_short_circuit_operator.py for tasks to queue
[2023-10-26T10:00:56.761+0000] {logging_mixin.py:151} INFO - [2023-10-26T10:00:56.761+0000] {dagbag.py:536} INFO - Filling up the DagBag from /home/airflow/.local/lib/python3.8/site-packages/airflow/example_dags/example_short_circuit_operator.py
[2023-10-26T10:00:56.766+0000] {processor.py:839} INFO - DAG(s) dict_keys(['example_short_circuit_operator']) retrieved from /home/airflow/.local/lib/python3.8/site-packages/airflow/example_dags/example_short_circuit_operator.py
[2023-10-26T10:00:56.783+0000] {logging_mixin.py:151} INFO - [2023-10-26T10:00:56.782+0000] {dag.py:2941} INFO - Sync 1 DAGs
[2023-10-26T10:00:56.801+0000] {logging_mixin.py:151} INFO - [2023-10-26T10:00:56.801+0000] {dag.py:3722} INFO - Setting next_dagrun for example_short_circuit_operator to 2023-10-25T10:00:56.801499+00:00, run_after=2023-10-26T10:00:56.801499+00:00
[2023-10-26T10:00:56.815+0000] {processor.py:179} INFO - Processing /home/airflow/.local/lib/python3.8/site-packages/airflow/example_dags/example_short_circuit_operator.py took 0.057 seconds
[2023-10-26T10:01:27.562+0000] {processor.py:157} INFO - Started process (PID=2460) to work on /home/airflow/.local/lib/python3.8/site-packages/airflow/example_dags/example_short_circuit_operator.py
[2023-10-26T10:01:27.563+0000] {processor.py:829} INFO - Processing file /home/airflow/.local/lib/python3.8/site-packages/airflow/example_dags/example_short_circuit_operator.py for tasks to queue
[2023-10-26T10:01:27.564+0000] {logging_mixin.py:151} INFO - [2023-10-26T10:01:27.564+0000] {dagbag.py:536} INFO - Filling up the DagBag from /home/airflow/.local/lib/python3.8/site-packages/airflow/example_dags/example_short_circuit_operator.py
[2023-10-26T10:01:27.568+0000] {processor.py:839} INFO - DAG(s) dict_keys(['example_short_circuit_operator']) retrieved from /home/airflow/.local/lib/python3.8/site-packages/airflow/example_dags/example_short_circuit_operator.py
[2023-10-26T10:01:27.582+0000] {logging_mixin.py:151} INFO - [2023-10-26T10:01:27.582+0000] {dag.py:2941} INFO - Sync 1 DAGs
[2023-10-26T10:01:27.595+0000] {logging_mixin.py:151} INFO - [2023-10-26T10:01:27.595+0000] {dag.py:3722} INFO - Setting next_dagrun for example_short_circuit_operator to 2023-10-25T10:01:27.595569+00:00, run_after=2023-10-26T10:01:27.595569+00:00
[2023-10-26T10:01:27.606+0000] {processor.py:179} INFO - Processing /home/airflow/.local/lib/python3.8/site-packages/airflow/example_dags/example_short_circuit_operator.py took 0.046 seconds
[2023-10-26T10:01:58.335+0000] {processor.py:157} INFO - Started process (PID=2516) to work on /home/airflow/.local/lib/python3.8/site-packages/airflow/example_dags/example_short_circuit_operator.py
[2023-10-26T10:01:58.335+0000] {processor.py:829} INFO - Processing file /home/airflow/.local/lib/python3.8/site-packages/airflow/example_dags/example_short_circuit_operator.py for tasks to queue
[2023-10-26T10:01:58.336+0000] {logging_mixin.py:151} INFO - [2023-10-26T10:01:58.336+0000] {dagbag.py:536} INFO - Filling up the DagBag from /home/airflow/.local/lib/python3.8/site-packages/airflow/example_dags/example_short_circuit_operator.py
[2023-10-26T10:01:58.341+0000] {processor.py:839} INFO - DAG(s) dict_keys(['example_short_circuit_operator']) retrieved from /home/airflow/.local/lib/python3.8/site-packages/airflow/example_dags/example_short_circuit_operator.py
[2023-10-26T10:01:58.358+0000] {logging_mixin.py:151} INFO - [2023-10-26T10:01:58.357+0000] {dag.py:2941} INFO - Sync 1 DAGs
[2023-10-26T10:01:58.376+0000] {logging_mixin.py:151} INFO - [2023-10-26T10:01:58.376+0000] {dag.py:3722} INFO - Setting next_dagrun for example_short_circuit_operator to 2023-10-25T10:01:58.376434+00:00, run_after=2023-10-26T10:01:58.376434+00:00
[2023-10-26T10:01:58.391+0000] {processor.py:179} INFO - Processing /home/airflow/.local/lib/python3.8/site-packages/airflow/example_dags/example_short_circuit_operator.py took 0.058 seconds
[2023-10-26T10:02:29.070+0000] {processor.py:157} INFO - Started process (PID=2572) to work on /home/airflow/.local/lib/python3.8/site-packages/airflow/example_dags/example_short_circuit_operator.py
[2023-10-26T10:02:29.071+0000] {processor.py:829} INFO - Processing file /home/airflow/.local/lib/python3.8/site-packages/airflow/example_dags/example_short_circuit_operator.py for tasks to queue
[2023-10-26T10:02:29.072+0000] {logging_mixin.py:151} INFO - [2023-10-26T10:02:29.072+0000] {dagbag.py:536} INFO - Filling up the DagBag from /home/airflow/.local/lib/python3.8/site-packages/airflow/example_dags/example_short_circuit_operator.py
[2023-10-26T10:02:29.079+0000] {processor.py:839} INFO - DAG(s) dict_keys(['example_short_circuit_operator']) retrieved from /home/airflow/.local/lib/python3.8/site-packages/airflow/example_dags/example_short_circuit_operator.py
[2023-10-26T10:02:29.099+0000] {logging_mixin.py:151} INFO - [2023-10-26T10:02:29.099+0000] {dag.py:2941} INFO - Sync 1 DAGs
[2023-10-26T10:02:29.119+0000] {logging_mixin.py:151} INFO - [2023-10-26T10:02:29.119+0000] {dag.py:3722} INFO - Setting next_dagrun for example_short_circuit_operator to 2023-10-25T10:02:29.119495+00:00, run_after=2023-10-26T10:02:29.119495+00:00
[2023-10-26T10:02:29.131+0000] {processor.py:179} INFO - Processing /home/airflow/.local/lib/python3.8/site-packages/airflow/example_dags/example_short_circuit_operator.py took 0.063 seconds
[2023-10-26T10:02:59.877+0000] {processor.py:157} INFO - Started process (PID=2628) to work on /home/airflow/.local/lib/python3.8/site-packages/airflow/example_dags/example_short_circuit_operator.py
[2023-10-26T10:02:59.878+0000] {processor.py:829} INFO - Processing file /home/airflow/.local/lib/python3.8/site-packages/airflow/example_dags/example_short_circuit_operator.py for tasks to queue
[2023-10-26T10:02:59.880+0000] {logging_mixin.py:151} INFO - [2023-10-26T10:02:59.879+0000] {dagbag.py:536} INFO - Filling up the DagBag from /home/airflow/.local/lib/python3.8/site-packages/airflow/example_dags/example_short_circuit_operator.py
[2023-10-26T10:02:59.886+0000] {processor.py:839} INFO - DAG(s) dict_keys(['example_short_circuit_operator']) retrieved from /home/airflow/.local/lib/python3.8/site-packages/airflow/example_dags/example_short_circuit_operator.py
[2023-10-26T10:02:59.902+0000] {logging_mixin.py:151} INFO - [2023-10-26T10:02:59.902+0000] {dag.py:2941} INFO - Sync 1 DAGs
[2023-10-26T10:02:59.921+0000] {logging_mixin.py:151} INFO - [2023-10-26T10:02:59.921+0000] {dag.py:3722} INFO - Setting next_dagrun for example_short_circuit_operator to 2023-10-25T10:02:59.920918+00:00, run_after=2023-10-26T10:02:59.920918+00:00
[2023-10-26T10:02:59.932+0000] {processor.py:179} INFO - Processing /home/airflow/.local/lib/python3.8/site-packages/airflow/example_dags/example_short_circuit_operator.py took 0.058 seconds
[2023-10-26T10:03:30.687+0000] {processor.py:157} INFO - Started process (PID=2685) to work on /home/airflow/.local/lib/python3.8/site-packages/airflow/example_dags/example_short_circuit_operator.py
[2023-10-26T10:03:30.688+0000] {processor.py:829} INFO - Processing file /home/airflow/.local/lib/python3.8/site-packages/airflow/example_dags/example_short_circuit_operator.py for tasks to queue
[2023-10-26T10:03:30.689+0000] {logging_mixin.py:151} INFO - [2023-10-26T10:03:30.689+0000] {dagbag.py:536} INFO - Filling up the DagBag from /home/airflow/.local/lib/python3.8/site-packages/airflow/example_dags/example_short_circuit_operator.py
[2023-10-26T10:03:30.694+0000] {processor.py:839} INFO - DAG(s) dict_keys(['example_short_circuit_operator']) retrieved from /home/airflow/.local/lib/python3.8/site-packages/airflow/example_dags/example_short_circuit_operator.py
[2023-10-26T10:03:30.708+0000] {logging_mixin.py:151} INFO - [2023-10-26T10:03:30.708+0000] {dag.py:2941} INFO - Sync 1 DAGs
[2023-10-26T10:03:30.726+0000] {logging_mixin.py:151} INFO - [2023-10-26T10:03:30.726+0000] {dag.py:3722} INFO - Setting next_dagrun for example_short_circuit_operator to 2023-10-25T10:03:30.726501+00:00, run_after=2023-10-26T10:03:30.726501+00:00
[2023-10-26T10:03:30.741+0000] {processor.py:179} INFO - Processing /home/airflow/.local/lib/python3.8/site-packages/airflow/example_dags/example_short_circuit_operator.py took 0.055 seconds
[2023-10-26T10:04:01.537+0000] {processor.py:157} INFO - Started process (PID=2741) to work on /home/airflow/.local/lib/python3.8/site-packages/airflow/example_dags/example_short_circuit_operator.py
[2023-10-26T10:04:01.537+0000] {processor.py:829} INFO - Processing file /home/airflow/.local/lib/python3.8/site-packages/airflow/example_dags/example_short_circuit_operator.py for tasks to queue
[2023-10-26T10:04:01.539+0000] {logging_mixin.py:151} INFO - [2023-10-26T10:04:01.539+0000] {dagbag.py:536} INFO - Filling up the DagBag from /home/airflow/.local/lib/python3.8/site-packages/airflow/example_dags/example_short_circuit_operator.py
[2023-10-26T10:04:01.544+0000] {processor.py:839} INFO - DAG(s) dict_keys(['example_short_circuit_operator']) retrieved from /home/airflow/.local/lib/python3.8/site-packages/airflow/example_dags/example_short_circuit_operator.py
[2023-10-26T10:04:01.560+0000] {logging_mixin.py:151} INFO - [2023-10-26T10:04:01.560+0000] {dag.py:2941} INFO - Sync 1 DAGs
[2023-10-26T10:04:01.579+0000] {logging_mixin.py:151} INFO - [2023-10-26T10:04:01.579+0000] {dag.py:3722} INFO - Setting next_dagrun for example_short_circuit_operator to 2023-10-25T10:04:01.579239+00:00, run_after=2023-10-26T10:04:01.579239+00:00
[2023-10-26T10:04:01.594+0000] {processor.py:179} INFO - Processing /home/airflow/.local/lib/python3.8/site-packages/airflow/example_dags/example_short_circuit_operator.py took 0.059 seconds
[2023-10-26T10:04:32.380+0000] {processor.py:157} INFO - Started process (PID=2797) to work on /home/airflow/.local/lib/python3.8/site-packages/airflow/example_dags/example_short_circuit_operator.py
[2023-10-26T10:04:32.380+0000] {processor.py:829} INFO - Processing file /home/airflow/.local/lib/python3.8/site-packages/airflow/example_dags/example_short_circuit_operator.py for tasks to queue
[2023-10-26T10:04:32.382+0000] {logging_mixin.py:151} INFO - [2023-10-26T10:04:32.381+0000] {dagbag.py:536} INFO - Filling up the DagBag from /home/airflow/.local/lib/python3.8/site-packages/airflow/example_dags/example_short_circuit_operator.py
[2023-10-26T10:04:32.387+0000] {processor.py:839} INFO - DAG(s) dict_keys(['example_short_circuit_operator']) retrieved from /home/airflow/.local/lib/python3.8/site-packages/airflow/example_dags/example_short_circuit_operator.py
[2023-10-26T10:04:32.403+0000] {logging_mixin.py:151} INFO - [2023-10-26T10:04:32.403+0000] {dag.py:2941} INFO - Sync 1 DAGs
[2023-10-26T10:04:32.420+0000] {logging_mixin.py:151} INFO - [2023-10-26T10:04:32.420+0000] {dag.py:3722} INFO - Setting next_dagrun for example_short_circuit_operator to 2023-10-25T10:04:32.420283+00:00, run_after=2023-10-26T10:04:32.420283+00:00
[2023-10-26T10:04:32.433+0000] {processor.py:179} INFO - Processing /home/airflow/.local/lib/python3.8/site-packages/airflow/example_dags/example_short_circuit_operator.py took 0.056 seconds
[2023-10-26T10:05:03.168+0000] {processor.py:157} INFO - Started process (PID=2853) to work on /home/airflow/.local/lib/python3.8/site-packages/airflow/example_dags/example_short_circuit_operator.py
[2023-10-26T10:05:03.169+0000] {processor.py:829} INFO - Processing file /home/airflow/.local/lib/python3.8/site-packages/airflow/example_dags/example_short_circuit_operator.py for tasks to queue
[2023-10-26T10:05:03.170+0000] {logging_mixin.py:151} INFO - [2023-10-26T10:05:03.170+0000] {dagbag.py:536} INFO - Filling up the DagBag from /home/airflow/.local/lib/python3.8/site-packages/airflow/example_dags/example_short_circuit_operator.py
[2023-10-26T10:05:03.175+0000] {processor.py:839} INFO - DAG(s) dict_keys(['example_short_circuit_operator']) retrieved from /home/airflow/.local/lib/python3.8/site-packages/airflow/example_dags/example_short_circuit_operator.py
[2023-10-26T10:05:03.189+0000] {logging_mixin.py:151} INFO - [2023-10-26T10:05:03.189+0000] {dag.py:2941} INFO - Sync 1 DAGs
[2023-10-26T10:05:03.207+0000] {logging_mixin.py:151} INFO - [2023-10-26T10:05:03.207+0000] {dag.py:3722} INFO - Setting next_dagrun for example_short_circuit_operator to 2023-10-25T10:05:03.207007+00:00, run_after=2023-10-26T10:05:03.207007+00:00
[2023-10-26T10:05:03.219+0000] {processor.py:179} INFO - Processing /home/airflow/.local/lib/python3.8/site-packages/airflow/example_dags/example_short_circuit_operator.py took 0.054 seconds
[2023-10-26T10:05:33.954+0000] {processor.py:157} INFO - Started process (PID=2909) to work on /home/airflow/.local/lib/python3.8/site-packages/airflow/example_dags/example_short_circuit_operator.py
[2023-10-26T10:05:33.955+0000] {processor.py:829} INFO - Processing file /home/airflow/.local/lib/python3.8/site-packages/airflow/example_dags/example_short_circuit_operator.py for tasks to queue
[2023-10-26T10:05:33.956+0000] {logging_mixin.py:151} INFO - [2023-10-26T10:05:33.956+0000] {dagbag.py:536} INFO - Filling up the DagBag from /home/airflow/.local/lib/python3.8/site-packages/airflow/example_dags/example_short_circuit_operator.py
[2023-10-26T10:05:33.960+0000] {processor.py:839} INFO - DAG(s) dict_keys(['example_short_circuit_operator']) retrieved from /home/airflow/.local/lib/python3.8/site-packages/airflow/example_dags/example_short_circuit_operator.py
[2023-10-26T10:05:33.973+0000] {logging_mixin.py:151} INFO - [2023-10-26T10:05:33.973+0000] {dag.py:2941} INFO - Sync 1 DAGs
[2023-10-26T10:05:33.986+0000] {logging_mixin.py:151} INFO - [2023-10-26T10:05:33.986+0000] {dag.py:3722} INFO - Setting next_dagrun for example_short_circuit_operator to 2023-10-25T10:05:33.986677+00:00, run_after=2023-10-26T10:05:33.986677+00:00
[2023-10-26T10:05:33.997+0000] {processor.py:179} INFO - Processing /home/airflow/.local/lib/python3.8/site-packages/airflow/example_dags/example_short_circuit_operator.py took 0.044 seconds
[2023-10-26T10:06:04.693+0000] {processor.py:157} INFO - Started process (PID=2965) to work on /home/airflow/.local/lib/python3.8/site-packages/airflow/example_dags/example_short_circuit_operator.py
[2023-10-26T10:06:04.693+0000] {processor.py:829} INFO - Processing file /home/airflow/.local/lib/python3.8/site-packages/airflow/example_dags/example_short_circuit_operator.py for tasks to queue
[2023-10-26T10:06:04.694+0000] {logging_mixin.py:151} INFO - [2023-10-26T10:06:04.694+0000] {dagbag.py:536} INFO - Filling up the DagBag from /home/airflow/.local/lib/python3.8/site-packages/airflow/example_dags/example_short_circuit_operator.py
[2023-10-26T10:06:04.699+0000] {processor.py:839} INFO - DAG(s) dict_keys(['example_short_circuit_operator']) retrieved from /home/airflow/.local/lib/python3.8/site-packages/airflow/example_dags/example_short_circuit_operator.py
[2023-10-26T10:06:04.714+0000] {logging_mixin.py:151} INFO - [2023-10-26T10:06:04.714+0000] {dag.py:2941} INFO - Sync 1 DAGs
[2023-10-26T10:06:04.729+0000] {logging_mixin.py:151} INFO - [2023-10-26T10:06:04.729+0000] {dag.py:3722} INFO - Setting next_dagrun for example_short_circuit_operator to 2023-10-25T10:06:04.728868+00:00, run_after=2023-10-26T10:06:04.728868+00:00
[2023-10-26T10:06:04.742+0000] {processor.py:179} INFO - Processing /home/airflow/.local/lib/python3.8/site-packages/airflow/example_dags/example_short_circuit_operator.py took 0.051 seconds
[2023-10-26T10:06:35.554+0000] {processor.py:157} INFO - Started process (PID=3022) to work on /home/airflow/.local/lib/python3.8/site-packages/airflow/example_dags/example_short_circuit_operator.py
[2023-10-26T10:06:35.554+0000] {processor.py:829} INFO - Processing file /home/airflow/.local/lib/python3.8/site-packages/airflow/example_dags/example_short_circuit_operator.py for tasks to queue
[2023-10-26T10:06:35.555+0000] {logging_mixin.py:151} INFO - [2023-10-26T10:06:35.555+0000] {dagbag.py:536} INFO - Filling up the DagBag from /home/airflow/.local/lib/python3.8/site-packages/airflow/example_dags/example_short_circuit_operator.py
[2023-10-26T10:06:35.560+0000] {processor.py:839} INFO - DAG(s) dict_keys(['example_short_circuit_operator']) retrieved from /home/airflow/.local/lib/python3.8/site-packages/airflow/example_dags/example_short_circuit_operator.py
[2023-10-26T10:06:35.575+0000] {logging_mixin.py:151} INFO - [2023-10-26T10:06:35.575+0000] {dag.py:2941} INFO - Sync 1 DAGs
[2023-10-26T10:06:35.590+0000] {logging_mixin.py:151} INFO - [2023-10-26T10:06:35.590+0000] {dag.py:3722} INFO - Setting next_dagrun for example_short_circuit_operator to 2023-10-25T10:06:35.590569+00:00, run_after=2023-10-26T10:06:35.590569+00:00
[2023-10-26T10:06:35.603+0000] {processor.py:179} INFO - Processing /home/airflow/.local/lib/python3.8/site-packages/airflow/example_dags/example_short_circuit_operator.py took 0.052 seconds
[2023-10-26T10:07:06.334+0000] {processor.py:157} INFO - Started process (PID=3078) to work on /home/airflow/.local/lib/python3.8/site-packages/airflow/example_dags/example_short_circuit_operator.py
[2023-10-26T10:07:06.334+0000] {processor.py:829} INFO - Processing file /home/airflow/.local/lib/python3.8/site-packages/airflow/example_dags/example_short_circuit_operator.py for tasks to queue
[2023-10-26T10:07:06.336+0000] {logging_mixin.py:151} INFO - [2023-10-26T10:07:06.335+0000] {dagbag.py:536} INFO - Filling up the DagBag from /home/airflow/.local/lib/python3.8/site-packages/airflow/example_dags/example_short_circuit_operator.py
[2023-10-26T10:07:06.340+0000] {processor.py:839} INFO - DAG(s) dict_keys(['example_short_circuit_operator']) retrieved from /home/airflow/.local/lib/python3.8/site-packages/airflow/example_dags/example_short_circuit_operator.py
[2023-10-26T10:07:06.357+0000] {logging_mixin.py:151} INFO - [2023-10-26T10:07:06.357+0000] {dag.py:2941} INFO - Sync 1 DAGs
[2023-10-26T10:07:06.375+0000] {logging_mixin.py:151} INFO - [2023-10-26T10:07:06.375+0000] {dag.py:3722} INFO - Setting next_dagrun for example_short_circuit_operator to 2023-10-25T10:07:06.375248+00:00, run_after=2023-10-26T10:07:06.375248+00:00
[2023-10-26T10:07:06.389+0000] {processor.py:179} INFO - Processing /home/airflow/.local/lib/python3.8/site-packages/airflow/example_dags/example_short_circuit_operator.py took 0.057 seconds
[2023-10-26T10:07:37.152+0000] {processor.py:157} INFO - Started process (PID=3134) to work on /home/airflow/.local/lib/python3.8/site-packages/airflow/example_dags/example_short_circuit_operator.py
[2023-10-26T10:07:37.153+0000] {processor.py:829} INFO - Processing file /home/airflow/.local/lib/python3.8/site-packages/airflow/example_dags/example_short_circuit_operator.py for tasks to queue
[2023-10-26T10:07:37.155+0000] {logging_mixin.py:151} INFO - [2023-10-26T10:07:37.154+0000] {dagbag.py:536} INFO - Filling up the DagBag from /home/airflow/.local/lib/python3.8/site-packages/airflow/example_dags/example_short_circuit_operator.py
[2023-10-26T10:07:37.161+0000] {processor.py:839} INFO - DAG(s) dict_keys(['example_short_circuit_operator']) retrieved from /home/airflow/.local/lib/python3.8/site-packages/airflow/example_dags/example_short_circuit_operator.py
[2023-10-26T10:07:37.176+0000] {logging_mixin.py:151} INFO - [2023-10-26T10:07:37.176+0000] {dag.py:2941} INFO - Sync 1 DAGs
[2023-10-26T10:07:37.191+0000] {logging_mixin.py:151} INFO - [2023-10-26T10:07:37.191+0000] {dag.py:3722} INFO - Setting next_dagrun for example_short_circuit_operator to 2023-10-25T10:07:37.190906+00:00, run_after=2023-10-26T10:07:37.190906+00:00
[2023-10-26T10:07:37.202+0000] {processor.py:179} INFO - Processing /home/airflow/.local/lib/python3.8/site-packages/airflow/example_dags/example_short_circuit_operator.py took 0.052 seconds
[2023-10-26T14:28:34.036+0000] {processor.py:157} INFO - Started process (PID=3149) to work on /home/airflow/.local/lib/python3.8/site-packages/airflow/example_dags/example_short_circuit_operator.py
[2023-10-26T14:28:34.041+0000] {processor.py:829} INFO - Processing file /home/airflow/.local/lib/python3.8/site-packages/airflow/example_dags/example_short_circuit_operator.py for tasks to queue
[2023-10-26T14:28:34.043+0000] {logging_mixin.py:151} INFO - [2023-10-26T14:28:34.043+0000] {dagbag.py:536} INFO - Filling up the DagBag from /home/airflow/.local/lib/python3.8/site-packages/airflow/example_dags/example_short_circuit_operator.py
[2023-10-26T14:28:34.050+0000] {processor.py:839} INFO - DAG(s) dict_keys(['example_short_circuit_operator']) retrieved from /home/airflow/.local/lib/python3.8/site-packages/airflow/example_dags/example_short_circuit_operator.py
[2023-10-26T14:28:34.081+0000] {logging_mixin.py:151} INFO - [2023-10-26T14:28:34.081+0000] {dag.py:2941} INFO - Sync 1 DAGs
[2023-10-26T14:28:34.122+0000] {logging_mixin.py:151} INFO - [2023-10-26T14:28:34.121+0000] {dag.py:3722} INFO - Setting next_dagrun for example_short_circuit_operator to 2023-10-25T14:28:34.121590+00:00, run_after=2023-10-26T14:28:34.121590+00:00
[2023-10-26T14:28:34.162+0000] {processor.py:179} INFO - Processing /home/airflow/.local/lib/python3.8/site-packages/airflow/example_dags/example_short_circuit_operator.py took 0.128 seconds
[2023-10-26T14:29:04.403+0000] {processor.py:157} INFO - Started process (PID=3206) to work on /home/airflow/.local/lib/python3.8/site-packages/airflow/example_dags/example_short_circuit_operator.py
[2023-10-26T14:29:04.403+0000] {processor.py:829} INFO - Processing file /home/airflow/.local/lib/python3.8/site-packages/airflow/example_dags/example_short_circuit_operator.py for tasks to queue
[2023-10-26T14:29:04.404+0000] {logging_mixin.py:151} INFO - [2023-10-26T14:29:04.404+0000] {dagbag.py:536} INFO - Filling up the DagBag from /home/airflow/.local/lib/python3.8/site-packages/airflow/example_dags/example_short_circuit_operator.py
[2023-10-26T14:29:04.410+0000] {processor.py:839} INFO - DAG(s) dict_keys(['example_short_circuit_operator']) retrieved from /home/airflow/.local/lib/python3.8/site-packages/airflow/example_dags/example_short_circuit_operator.py
[2023-10-26T14:29:04.428+0000] {logging_mixin.py:151} INFO - [2023-10-26T14:29:04.428+0000] {dag.py:2941} INFO - Sync 1 DAGs
[2023-10-26T14:29:04.445+0000] {logging_mixin.py:151} INFO - [2023-10-26T14:29:04.444+0000] {dag.py:3722} INFO - Setting next_dagrun for example_short_circuit_operator to 2023-10-25T14:29:04.444654+00:00, run_after=2023-10-26T14:29:04.444654+00:00
[2023-10-26T14:29:04.461+0000] {processor.py:179} INFO - Processing /home/airflow/.local/lib/python3.8/site-packages/airflow/example_dags/example_short_circuit_operator.py took 0.060 seconds
[2023-10-26T14:29:34.529+0000] {processor.py:157} INFO - Started process (PID=3262) to work on /home/airflow/.local/lib/python3.8/site-packages/airflow/example_dags/example_short_circuit_operator.py
[2023-10-26T14:29:34.529+0000] {processor.py:829} INFO - Processing file /home/airflow/.local/lib/python3.8/site-packages/airflow/example_dags/example_short_circuit_operator.py for tasks to queue
[2023-10-26T14:29:34.530+0000] {logging_mixin.py:151} INFO - [2023-10-26T14:29:34.530+0000] {dagbag.py:536} INFO - Filling up the DagBag from /home/airflow/.local/lib/python3.8/site-packages/airflow/example_dags/example_short_circuit_operator.py
[2023-10-26T14:29:34.535+0000] {processor.py:839} INFO - DAG(s) dict_keys(['example_short_circuit_operator']) retrieved from /home/airflow/.local/lib/python3.8/site-packages/airflow/example_dags/example_short_circuit_operator.py
[2023-10-26T14:29:34.548+0000] {logging_mixin.py:151} INFO - [2023-10-26T14:29:34.548+0000] {dag.py:2941} INFO - Sync 1 DAGs
[2023-10-26T14:29:34.561+0000] {logging_mixin.py:151} INFO - [2023-10-26T14:29:34.561+0000] {dag.py:3722} INFO - Setting next_dagrun for example_short_circuit_operator to 2023-10-25T14:29:34.561019+00:00, run_after=2023-10-26T14:29:34.561019+00:00
[2023-10-26T14:29:34.571+0000] {processor.py:179} INFO - Processing /home/airflow/.local/lib/python3.8/site-packages/airflow/example_dags/example_short_circuit_operator.py took 0.044 seconds
[2023-10-26T14:30:05.310+0000] {processor.py:157} INFO - Started process (PID=3318) to work on /home/airflow/.local/lib/python3.8/site-packages/airflow/example_dags/example_short_circuit_operator.py
[2023-10-26T14:30:05.311+0000] {processor.py:829} INFO - Processing file /home/airflow/.local/lib/python3.8/site-packages/airflow/example_dags/example_short_circuit_operator.py for tasks to queue
[2023-10-26T14:30:05.313+0000] {logging_mixin.py:151} INFO - [2023-10-26T14:30:05.312+0000] {dagbag.py:536} INFO - Filling up the DagBag from /home/airflow/.local/lib/python3.8/site-packages/airflow/example_dags/example_short_circuit_operator.py
[2023-10-26T14:30:05.317+0000] {processor.py:839} INFO - DAG(s) dict_keys(['example_short_circuit_operator']) retrieved from /home/airflow/.local/lib/python3.8/site-packages/airflow/example_dags/example_short_circuit_operator.py
[2023-10-26T14:30:05.332+0000] {logging_mixin.py:151} INFO - [2023-10-26T14:30:05.332+0000] {dag.py:2941} INFO - Sync 1 DAGs
[2023-10-26T14:30:05.345+0000] {logging_mixin.py:151} INFO - [2023-10-26T14:30:05.345+0000] {dag.py:3722} INFO - Setting next_dagrun for example_short_circuit_operator to 2023-10-25T14:30:05.345701+00:00, run_after=2023-10-26T14:30:05.345701+00:00
[2023-10-26T14:30:05.357+0000] {processor.py:179} INFO - Processing /home/airflow/.local/lib/python3.8/site-packages/airflow/example_dags/example_short_circuit_operator.py took 0.049 seconds
[2023-10-26T14:30:36.106+0000] {processor.py:157} INFO - Started process (PID=3374) to work on /home/airflow/.local/lib/python3.8/site-packages/airflow/example_dags/example_short_circuit_operator.py
[2023-10-26T14:30:36.106+0000] {processor.py:829} INFO - Processing file /home/airflow/.local/lib/python3.8/site-packages/airflow/example_dags/example_short_circuit_operator.py for tasks to queue
[2023-10-26T14:30:36.107+0000] {logging_mixin.py:151} INFO - [2023-10-26T14:30:36.107+0000] {dagbag.py:536} INFO - Filling up the DagBag from /home/airflow/.local/lib/python3.8/site-packages/airflow/example_dags/example_short_circuit_operator.py
[2023-10-26T14:30:36.112+0000] {processor.py:839} INFO - DAG(s) dict_keys(['example_short_circuit_operator']) retrieved from /home/airflow/.local/lib/python3.8/site-packages/airflow/example_dags/example_short_circuit_operator.py
[2023-10-26T14:30:36.129+0000] {logging_mixin.py:151} INFO - [2023-10-26T14:30:36.128+0000] {dag.py:2941} INFO - Sync 1 DAGs
[2023-10-26T14:30:36.148+0000] {logging_mixin.py:151} INFO - [2023-10-26T14:30:36.147+0000] {dag.py:3722} INFO - Setting next_dagrun for example_short_circuit_operator to 2023-10-25T14:30:36.146817+00:00, run_after=2023-10-26T14:30:36.146817+00:00
[2023-10-26T14:30:36.159+0000] {processor.py:179} INFO - Processing /home/airflow/.local/lib/python3.8/site-packages/airflow/example_dags/example_short_circuit_operator.py took 0.055 seconds
[2023-10-26T14:31:06.906+0000] {processor.py:157} INFO - Started process (PID=3431) to work on /home/airflow/.local/lib/python3.8/site-packages/airflow/example_dags/example_short_circuit_operator.py
[2023-10-26T14:31:06.907+0000] {processor.py:829} INFO - Processing file /home/airflow/.local/lib/python3.8/site-packages/airflow/example_dags/example_short_circuit_operator.py for tasks to queue
[2023-10-26T14:31:06.908+0000] {logging_mixin.py:151} INFO - [2023-10-26T14:31:06.908+0000] {dagbag.py:536} INFO - Filling up the DagBag from /home/airflow/.local/lib/python3.8/site-packages/airflow/example_dags/example_short_circuit_operator.py
[2023-10-26T14:31:06.912+0000] {processor.py:839} INFO - DAG(s) dict_keys(['example_short_circuit_operator']) retrieved from /home/airflow/.local/lib/python3.8/site-packages/airflow/example_dags/example_short_circuit_operator.py
[2023-10-26T14:31:06.926+0000] {logging_mixin.py:151} INFO - [2023-10-26T14:31:06.926+0000] {dag.py:2941} INFO - Sync 1 DAGs
[2023-10-26T14:31:06.941+0000] {logging_mixin.py:151} INFO - [2023-10-26T14:31:06.941+0000] {dag.py:3722} INFO - Setting next_dagrun for example_short_circuit_operator to 2023-10-25T14:31:06.940876+00:00, run_after=2023-10-26T14:31:06.940876+00:00
[2023-10-26T14:31:06.954+0000] {processor.py:179} INFO - Processing /home/airflow/.local/lib/python3.8/site-packages/airflow/example_dags/example_short_circuit_operator.py took 0.049 seconds
[2023-10-26T14:31:37.657+0000] {processor.py:157} INFO - Started process (PID=3487) to work on /home/airflow/.local/lib/python3.8/site-packages/airflow/example_dags/example_short_circuit_operator.py
[2023-10-26T14:31:37.657+0000] {processor.py:829} INFO - Processing file /home/airflow/.local/lib/python3.8/site-packages/airflow/example_dags/example_short_circuit_operator.py for tasks to queue
[2023-10-26T14:31:37.658+0000] {logging_mixin.py:151} INFO - [2023-10-26T14:31:37.658+0000] {dagbag.py:536} INFO - Filling up the DagBag from /home/airflow/.local/lib/python3.8/site-packages/airflow/example_dags/example_short_circuit_operator.py
[2023-10-26T14:31:37.663+0000] {processor.py:839} INFO - DAG(s) dict_keys(['example_short_circuit_operator']) retrieved from /home/airflow/.local/lib/python3.8/site-packages/airflow/example_dags/example_short_circuit_operator.py
[2023-10-26T14:31:37.681+0000] {logging_mixin.py:151} INFO - [2023-10-26T14:31:37.681+0000] {dag.py:2941} INFO - Sync 1 DAGs
[2023-10-26T14:31:37.699+0000] {logging_mixin.py:151} INFO - [2023-10-26T14:31:37.699+0000] {dag.py:3722} INFO - Setting next_dagrun for example_short_circuit_operator to 2023-10-25T14:31:37.699319+00:00, run_after=2023-10-26T14:31:37.699319+00:00
[2023-10-26T14:31:37.713+0000] {processor.py:179} INFO - Processing /home/airflow/.local/lib/python3.8/site-packages/airflow/example_dags/example_short_circuit_operator.py took 0.058 seconds
[2023-10-26T14:32:08.466+0000] {processor.py:157} INFO - Started process (PID=3543) to work on /home/airflow/.local/lib/python3.8/site-packages/airflow/example_dags/example_short_circuit_operator.py
[2023-10-26T14:32:08.466+0000] {processor.py:829} INFO - Processing file /home/airflow/.local/lib/python3.8/site-packages/airflow/example_dags/example_short_circuit_operator.py for tasks to queue
[2023-10-26T14:32:08.468+0000] {logging_mixin.py:151} INFO - [2023-10-26T14:32:08.467+0000] {dagbag.py:536} INFO - Filling up the DagBag from /home/airflow/.local/lib/python3.8/site-packages/airflow/example_dags/example_short_circuit_operator.py
[2023-10-26T14:32:08.472+0000] {processor.py:839} INFO - DAG(s) dict_keys(['example_short_circuit_operator']) retrieved from /home/airflow/.local/lib/python3.8/site-packages/airflow/example_dags/example_short_circuit_operator.py
[2023-10-26T14:32:08.486+0000] {logging_mixin.py:151} INFO - [2023-10-26T14:32:08.486+0000] {dag.py:2941} INFO - Sync 1 DAGs
[2023-10-26T14:32:08.500+0000] {logging_mixin.py:151} INFO - [2023-10-26T14:32:08.500+0000] {dag.py:3722} INFO - Setting next_dagrun for example_short_circuit_operator to 2023-10-25T14:32:08.500000+00:00, run_after=2023-10-26T14:32:08.500000+00:00
[2023-10-26T14:32:08.511+0000] {processor.py:179} INFO - Processing /home/airflow/.local/lib/python3.8/site-packages/airflow/example_dags/example_short_circuit_operator.py took 0.047 seconds
[2023-10-26T14:32:39.188+0000] {processor.py:157} INFO - Started process (PID=3598) to work on /home/airflow/.local/lib/python3.8/site-packages/airflow/example_dags/example_short_circuit_operator.py
[2023-10-26T14:32:39.189+0000] {processor.py:829} INFO - Processing file /home/airflow/.local/lib/python3.8/site-packages/airflow/example_dags/example_short_circuit_operator.py for tasks to queue
[2023-10-26T14:32:39.190+0000] {logging_mixin.py:151} INFO - [2023-10-26T14:32:39.190+0000] {dagbag.py:536} INFO - Filling up the DagBag from /home/airflow/.local/lib/python3.8/site-packages/airflow/example_dags/example_short_circuit_operator.py
[2023-10-26T14:32:39.197+0000] {processor.py:839} INFO - DAG(s) dict_keys(['example_short_circuit_operator']) retrieved from /home/airflow/.local/lib/python3.8/site-packages/airflow/example_dags/example_short_circuit_operator.py
[2023-10-26T14:32:39.217+0000] {logging_mixin.py:151} INFO - [2023-10-26T14:32:39.216+0000] {dag.py:2941} INFO - Sync 1 DAGs
[2023-10-26T14:32:39.233+0000] {logging_mixin.py:151} INFO - [2023-10-26T14:32:39.232+0000] {dag.py:3722} INFO - Setting next_dagrun for example_short_circuit_operator to 2023-10-25T14:32:39.232613+00:00, run_after=2023-10-26T14:32:39.232613+00:00
[2023-10-26T14:32:39.248+0000] {processor.py:179} INFO - Processing /home/airflow/.local/lib/python3.8/site-packages/airflow/example_dags/example_short_circuit_operator.py took 0.062 seconds
