[2023-10-26T09:41:05.290+0000] {processor.py:157} INFO - Started process (PID=211) to work on /home/airflow/.local/lib/python3.8/site-packages/airflow/example_dags/tutorial.py
[2023-10-26T09:41:05.290+0000] {processor.py:829} INFO - Processing file /home/airflow/.local/lib/python3.8/site-packages/airflow/example_dags/tutorial.py for tasks to queue
[2023-10-26T09:41:05.298+0000] {logging_mixin.py:151} INFO - [2023-10-26T09:41:05.298+0000] {dagbag.py:536} INFO - Filling up the DagBag from /home/airflow/.local/lib/python3.8/site-packages/airflow/example_dags/tutorial.py
[2023-10-26T09:41:05.304+0000] {processor.py:839} INFO - DAG(s) dict_keys(['tutorial']) retrieved from /home/airflow/.local/lib/python3.8/site-packages/airflow/example_dags/tutorial.py
[2023-10-26T09:41:05.330+0000] {logging_mixin.py:151} INFO - [2023-10-26T09:41:05.330+0000] {dag.py:2941} INFO - Sync 1 DAGs
[2023-10-26T09:41:05.347+0000] {logging_mixin.py:151} INFO - [2023-10-26T09:41:05.347+0000] {dag.py:3722} INFO - Setting next_dagrun for tutorial to 2023-10-25T09:41:05.347212+00:00, run_after=2023-10-26T09:41:05.347212+00:00
[2023-10-26T09:41:05.360+0000] {processor.py:179} INFO - Processing /home/airflow/.local/lib/python3.8/site-packages/airflow/example_dags/tutorial.py took 0.078 seconds
[2023-10-26T09:41:35.432+0000] {processor.py:157} INFO - Started process (PID=267) to work on /home/airflow/.local/lib/python3.8/site-packages/airflow/example_dags/tutorial.py
[2023-10-26T09:41:35.432+0000] {processor.py:829} INFO - Processing file /home/airflow/.local/lib/python3.8/site-packages/airflow/example_dags/tutorial.py for tasks to queue
[2023-10-26T09:41:35.433+0000] {logging_mixin.py:151} INFO - [2023-10-26T09:41:35.433+0000] {dagbag.py:536} INFO - Filling up the DagBag from /home/airflow/.local/lib/python3.8/site-packages/airflow/example_dags/tutorial.py
[2023-10-26T09:41:35.437+0000] {processor.py:839} INFO - DAG(s) dict_keys(['tutorial']) retrieved from /home/airflow/.local/lib/python3.8/site-packages/airflow/example_dags/tutorial.py
[2023-10-26T09:41:35.451+0000] {logging_mixin.py:151} INFO - [2023-10-26T09:41:35.451+0000] {dag.py:2941} INFO - Sync 1 DAGs
[2023-10-26T09:41:35.470+0000] {logging_mixin.py:151} INFO - [2023-10-26T09:41:35.469+0000] {dag.py:3722} INFO - Setting next_dagrun for tutorial to 2023-10-25T09:41:35.469659+00:00, run_after=2023-10-26T09:41:35.469659+00:00
[2023-10-26T09:41:35.483+0000] {processor.py:179} INFO - Processing /home/airflow/.local/lib/python3.8/site-packages/airflow/example_dags/tutorial.py took 0.053 seconds
[2023-10-26T09:42:05.856+0000] {processor.py:157} INFO - Started process (PID=323) to work on /home/airflow/.local/lib/python3.8/site-packages/airflow/example_dags/tutorial.py
[2023-10-26T09:42:05.857+0000] {processor.py:829} INFO - Processing file /home/airflow/.local/lib/python3.8/site-packages/airflow/example_dags/tutorial.py for tasks to queue
[2023-10-26T09:42:05.858+0000] {logging_mixin.py:151} INFO - [2023-10-26T09:42:05.858+0000] {dagbag.py:536} INFO - Filling up the DagBag from /home/airflow/.local/lib/python3.8/site-packages/airflow/example_dags/tutorial.py
[2023-10-26T09:42:05.861+0000] {processor.py:839} INFO - DAG(s) dict_keys(['tutorial']) retrieved from /home/airflow/.local/lib/python3.8/site-packages/airflow/example_dags/tutorial.py
[2023-10-26T09:42:05.876+0000] {logging_mixin.py:151} INFO - [2023-10-26T09:42:05.876+0000] {dag.py:2941} INFO - Sync 1 DAGs
[2023-10-26T09:42:05.893+0000] {logging_mixin.py:151} INFO - [2023-10-26T09:42:05.893+0000] {dag.py:3722} INFO - Setting next_dagrun for tutorial to 2023-10-25T09:42:05.893478+00:00, run_after=2023-10-26T09:42:05.893478+00:00
[2023-10-26T09:42:05.906+0000] {processor.py:179} INFO - Processing /home/airflow/.local/lib/python3.8/site-packages/airflow/example_dags/tutorial.py took 0.052 seconds
[2023-10-26T09:42:36.648+0000] {processor.py:157} INFO - Started process (PID=379) to work on /home/airflow/.local/lib/python3.8/site-packages/airflow/example_dags/tutorial.py
[2023-10-26T09:42:36.648+0000] {processor.py:829} INFO - Processing file /home/airflow/.local/lib/python3.8/site-packages/airflow/example_dags/tutorial.py for tasks to queue
[2023-10-26T09:42:36.649+0000] {logging_mixin.py:151} INFO - [2023-10-26T09:42:36.649+0000] {dagbag.py:536} INFO - Filling up the DagBag from /home/airflow/.local/lib/python3.8/site-packages/airflow/example_dags/tutorial.py
[2023-10-26T09:42:36.653+0000] {processor.py:839} INFO - DAG(s) dict_keys(['tutorial']) retrieved from /home/airflow/.local/lib/python3.8/site-packages/airflow/example_dags/tutorial.py
[2023-10-26T09:42:36.667+0000] {logging_mixin.py:151} INFO - [2023-10-26T09:42:36.667+0000] {dag.py:2941} INFO - Sync 1 DAGs
[2023-10-26T09:42:36.687+0000] {logging_mixin.py:151} INFO - [2023-10-26T09:42:36.687+0000] {dag.py:3722} INFO - Setting next_dagrun for tutorial to 2023-10-25T09:42:36.686941+00:00, run_after=2023-10-26T09:42:36.686941+00:00
[2023-10-26T09:42:36.701+0000] {processor.py:179} INFO - Processing /home/airflow/.local/lib/python3.8/site-packages/airflow/example_dags/tutorial.py took 0.055 seconds
[2023-10-26T09:43:07.414+0000] {processor.py:157} INFO - Started process (PID=436) to work on /home/airflow/.local/lib/python3.8/site-packages/airflow/example_dags/tutorial.py
[2023-10-26T09:43:07.415+0000] {processor.py:829} INFO - Processing file /home/airflow/.local/lib/python3.8/site-packages/airflow/example_dags/tutorial.py for tasks to queue
[2023-10-26T09:43:07.416+0000] {logging_mixin.py:151} INFO - [2023-10-26T09:43:07.416+0000] {dagbag.py:536} INFO - Filling up the DagBag from /home/airflow/.local/lib/python3.8/site-packages/airflow/example_dags/tutorial.py
[2023-10-26T09:43:07.421+0000] {processor.py:839} INFO - DAG(s) dict_keys(['tutorial']) retrieved from /home/airflow/.local/lib/python3.8/site-packages/airflow/example_dags/tutorial.py
[2023-10-26T09:43:07.436+0000] {logging_mixin.py:151} INFO - [2023-10-26T09:43:07.436+0000] {dag.py:2941} INFO - Sync 1 DAGs
[2023-10-26T09:43:07.455+0000] {logging_mixin.py:151} INFO - [2023-10-26T09:43:07.454+0000] {dag.py:3722} INFO - Setting next_dagrun for tutorial to 2023-10-25T09:43:07.454726+00:00, run_after=2023-10-26T09:43:07.454726+00:00
[2023-10-26T09:43:07.468+0000] {processor.py:179} INFO - Processing /home/airflow/.local/lib/python3.8/site-packages/airflow/example_dags/tutorial.py took 0.056 seconds
[2023-10-26T09:43:38.272+0000] {processor.py:157} INFO - Started process (PID=493) to work on /home/airflow/.local/lib/python3.8/site-packages/airflow/example_dags/tutorial.py
[2023-10-26T09:43:38.272+0000] {processor.py:829} INFO - Processing file /home/airflow/.local/lib/python3.8/site-packages/airflow/example_dags/tutorial.py for tasks to queue
[2023-10-26T09:43:38.274+0000] {logging_mixin.py:151} INFO - [2023-10-26T09:43:38.273+0000] {dagbag.py:536} INFO - Filling up the DagBag from /home/airflow/.local/lib/python3.8/site-packages/airflow/example_dags/tutorial.py
[2023-10-26T09:43:38.277+0000] {processor.py:839} INFO - DAG(s) dict_keys(['tutorial']) retrieved from /home/airflow/.local/lib/python3.8/site-packages/airflow/example_dags/tutorial.py
[2023-10-26T09:43:38.289+0000] {logging_mixin.py:151} INFO - [2023-10-26T09:43:38.289+0000] {dag.py:2941} INFO - Sync 1 DAGs
[2023-10-26T09:43:38.304+0000] {logging_mixin.py:151} INFO - [2023-10-26T09:43:38.304+0000] {dag.py:3722} INFO - Setting next_dagrun for tutorial to 2023-10-25T09:43:38.304021+00:00, run_after=2023-10-26T09:43:38.304021+00:00
[2023-10-26T09:43:38.315+0000] {processor.py:179} INFO - Processing /home/airflow/.local/lib/python3.8/site-packages/airflow/example_dags/tutorial.py took 0.045 seconds
[2023-10-26T09:44:09.254+0000] {processor.py:157} INFO - Started process (PID=549) to work on /home/airflow/.local/lib/python3.8/site-packages/airflow/example_dags/tutorial.py
[2023-10-26T09:44:09.255+0000] {processor.py:829} INFO - Processing file /home/airflow/.local/lib/python3.8/site-packages/airflow/example_dags/tutorial.py for tasks to queue
[2023-10-26T09:44:09.256+0000] {logging_mixin.py:151} INFO - [2023-10-26T09:44:09.256+0000] {dagbag.py:536} INFO - Filling up the DagBag from /home/airflow/.local/lib/python3.8/site-packages/airflow/example_dags/tutorial.py
[2023-10-26T09:44:09.259+0000] {processor.py:839} INFO - DAG(s) dict_keys(['tutorial']) retrieved from /home/airflow/.local/lib/python3.8/site-packages/airflow/example_dags/tutorial.py
[2023-10-26T09:44:09.272+0000] {logging_mixin.py:151} INFO - [2023-10-26T09:44:09.272+0000] {dag.py:2941} INFO - Sync 1 DAGs
[2023-10-26T09:44:09.287+0000] {logging_mixin.py:151} INFO - [2023-10-26T09:44:09.287+0000] {dag.py:3722} INFO - Setting next_dagrun for tutorial to 2023-10-25T09:44:09.287118+00:00, run_after=2023-10-26T09:44:09.287118+00:00
[2023-10-26T09:44:09.301+0000] {processor.py:179} INFO - Processing /home/airflow/.local/lib/python3.8/site-packages/airflow/example_dags/tutorial.py took 0.048 seconds
[2023-10-26T09:44:39.960+0000] {processor.py:157} INFO - Started process (PID=605) to work on /home/airflow/.local/lib/python3.8/site-packages/airflow/example_dags/tutorial.py
[2023-10-26T09:44:39.960+0000] {processor.py:829} INFO - Processing file /home/airflow/.local/lib/python3.8/site-packages/airflow/example_dags/tutorial.py for tasks to queue
[2023-10-26T09:44:39.961+0000] {logging_mixin.py:151} INFO - [2023-10-26T09:44:39.961+0000] {dagbag.py:536} INFO - Filling up the DagBag from /home/airflow/.local/lib/python3.8/site-packages/airflow/example_dags/tutorial.py
[2023-10-26T09:44:39.965+0000] {processor.py:839} INFO - DAG(s) dict_keys(['tutorial']) retrieved from /home/airflow/.local/lib/python3.8/site-packages/airflow/example_dags/tutorial.py
[2023-10-26T09:44:39.977+0000] {logging_mixin.py:151} INFO - [2023-10-26T09:44:39.976+0000] {dag.py:2941} INFO - Sync 1 DAGs
[2023-10-26T09:44:39.990+0000] {logging_mixin.py:151} INFO - [2023-10-26T09:44:39.990+0000] {dag.py:3722} INFO - Setting next_dagrun for tutorial to 2023-10-25T09:44:39.990133+00:00, run_after=2023-10-26T09:44:39.990133+00:00
[2023-10-26T09:44:40.002+0000] {processor.py:179} INFO - Processing /home/airflow/.local/lib/python3.8/site-packages/airflow/example_dags/tutorial.py took 0.044 seconds
[2023-10-26T09:45:10.663+0000] {processor.py:157} INFO - Started process (PID=661) to work on /home/airflow/.local/lib/python3.8/site-packages/airflow/example_dags/tutorial.py
[2023-10-26T09:45:10.664+0000] {processor.py:829} INFO - Processing file /home/airflow/.local/lib/python3.8/site-packages/airflow/example_dags/tutorial.py for tasks to queue
[2023-10-26T09:45:10.665+0000] {logging_mixin.py:151} INFO - [2023-10-26T09:45:10.665+0000] {dagbag.py:536} INFO - Filling up the DagBag from /home/airflow/.local/lib/python3.8/site-packages/airflow/example_dags/tutorial.py
[2023-10-26T09:45:10.669+0000] {processor.py:839} INFO - DAG(s) dict_keys(['tutorial']) retrieved from /home/airflow/.local/lib/python3.8/site-packages/airflow/example_dags/tutorial.py
[2023-10-26T09:45:10.685+0000] {logging_mixin.py:151} INFO - [2023-10-26T09:45:10.684+0000] {dag.py:2941} INFO - Sync 1 DAGs
[2023-10-26T09:45:10.703+0000] {logging_mixin.py:151} INFO - [2023-10-26T09:45:10.703+0000] {dag.py:3722} INFO - Setting next_dagrun for tutorial to 2023-10-25T09:45:10.703266+00:00, run_after=2023-10-26T09:45:10.703266+00:00
[2023-10-26T09:45:10.716+0000] {processor.py:179} INFO - Processing /home/airflow/.local/lib/python3.8/site-packages/airflow/example_dags/tutorial.py took 0.055 seconds
[2023-10-26T09:45:41.414+0000] {processor.py:157} INFO - Started process (PID=717) to work on /home/airflow/.local/lib/python3.8/site-packages/airflow/example_dags/tutorial.py
[2023-10-26T09:45:41.414+0000] {processor.py:829} INFO - Processing file /home/airflow/.local/lib/python3.8/site-packages/airflow/example_dags/tutorial.py for tasks to queue
[2023-10-26T09:45:41.415+0000] {logging_mixin.py:151} INFO - [2023-10-26T09:45:41.415+0000] {dagbag.py:536} INFO - Filling up the DagBag from /home/airflow/.local/lib/python3.8/site-packages/airflow/example_dags/tutorial.py
[2023-10-26T09:45:41.419+0000] {processor.py:839} INFO - DAG(s) dict_keys(['tutorial']) retrieved from /home/airflow/.local/lib/python3.8/site-packages/airflow/example_dags/tutorial.py
[2023-10-26T09:45:41.430+0000] {logging_mixin.py:151} INFO - [2023-10-26T09:45:41.430+0000] {dag.py:2941} INFO - Sync 1 DAGs
[2023-10-26T09:45:41.444+0000] {logging_mixin.py:151} INFO - [2023-10-26T09:45:41.444+0000] {dag.py:3722} INFO - Setting next_dagrun for tutorial to 2023-10-25T09:45:41.444272+00:00, run_after=2023-10-26T09:45:41.444272+00:00
[2023-10-26T09:45:41.456+0000] {processor.py:179} INFO - Processing /home/airflow/.local/lib/python3.8/site-packages/airflow/example_dags/tutorial.py took 0.044 seconds
[2023-10-26T09:46:12.197+0000] {processor.py:157} INFO - Started process (PID=773) to work on /home/airflow/.local/lib/python3.8/site-packages/airflow/example_dags/tutorial.py
[2023-10-26T09:46:12.198+0000] {processor.py:829} INFO - Processing file /home/airflow/.local/lib/python3.8/site-packages/airflow/example_dags/tutorial.py for tasks to queue
[2023-10-26T09:46:12.199+0000] {logging_mixin.py:151} INFO - [2023-10-26T09:46:12.199+0000] {dagbag.py:536} INFO - Filling up the DagBag from /home/airflow/.local/lib/python3.8/site-packages/airflow/example_dags/tutorial.py
[2023-10-26T09:46:12.203+0000] {processor.py:839} INFO - DAG(s) dict_keys(['tutorial']) retrieved from /home/airflow/.local/lib/python3.8/site-packages/airflow/example_dags/tutorial.py
[2023-10-26T09:46:12.221+0000] {logging_mixin.py:151} INFO - [2023-10-26T09:46:12.221+0000] {dag.py:2941} INFO - Sync 1 DAGs
[2023-10-26T09:46:12.244+0000] {logging_mixin.py:151} INFO - [2023-10-26T09:46:12.243+0000] {dag.py:3722} INFO - Setting next_dagrun for tutorial to 2023-10-25T09:46:12.243636+00:00, run_after=2023-10-26T09:46:12.243636+00:00
[2023-10-26T09:46:12.256+0000] {processor.py:179} INFO - Processing /home/airflow/.local/lib/python3.8/site-packages/airflow/example_dags/tutorial.py took 0.061 seconds
[2023-10-26T09:46:42.360+0000] {processor.py:157} INFO - Started process (PID=830) to work on /home/airflow/.local/lib/python3.8/site-packages/airflow/example_dags/tutorial.py
[2023-10-26T09:46:42.360+0000] {processor.py:829} INFO - Processing file /home/airflow/.local/lib/python3.8/site-packages/airflow/example_dags/tutorial.py for tasks to queue
[2023-10-26T09:46:42.362+0000] {logging_mixin.py:151} INFO - [2023-10-26T09:46:42.362+0000] {dagbag.py:536} INFO - Filling up the DagBag from /home/airflow/.local/lib/python3.8/site-packages/airflow/example_dags/tutorial.py
[2023-10-26T09:46:42.367+0000] {processor.py:839} INFO - DAG(s) dict_keys(['tutorial']) retrieved from /home/airflow/.local/lib/python3.8/site-packages/airflow/example_dags/tutorial.py
[2023-10-26T09:46:42.384+0000] {logging_mixin.py:151} INFO - [2023-10-26T09:46:42.384+0000] {dag.py:2941} INFO - Sync 1 DAGs
[2023-10-26T09:46:42.404+0000] {logging_mixin.py:151} INFO - [2023-10-26T09:46:42.404+0000] {dag.py:3722} INFO - Setting next_dagrun for tutorial to 2023-10-25T09:46:42.404099+00:00, run_after=2023-10-26T09:46:42.404099+00:00
[2023-10-26T09:46:42.420+0000] {processor.py:179} INFO - Processing /home/airflow/.local/lib/python3.8/site-packages/airflow/example_dags/tutorial.py took 0.063 seconds
[2023-10-26T09:47:12.451+0000] {processor.py:157} INFO - Started process (PID=886) to work on /home/airflow/.local/lib/python3.8/site-packages/airflow/example_dags/tutorial.py
[2023-10-26T09:47:12.451+0000] {processor.py:829} INFO - Processing file /home/airflow/.local/lib/python3.8/site-packages/airflow/example_dags/tutorial.py for tasks to queue
[2023-10-26T09:47:12.452+0000] {logging_mixin.py:151} INFO - [2023-10-26T09:47:12.452+0000] {dagbag.py:536} INFO - Filling up the DagBag from /home/airflow/.local/lib/python3.8/site-packages/airflow/example_dags/tutorial.py
[2023-10-26T09:47:12.455+0000] {processor.py:839} INFO - DAG(s) dict_keys(['tutorial']) retrieved from /home/airflow/.local/lib/python3.8/site-packages/airflow/example_dags/tutorial.py
[2023-10-26T09:47:12.469+0000] {logging_mixin.py:151} INFO - [2023-10-26T09:47:12.469+0000] {dag.py:2941} INFO - Sync 1 DAGs
[2023-10-26T09:47:12.489+0000] {logging_mixin.py:151} INFO - [2023-10-26T09:47:12.489+0000] {dag.py:3722} INFO - Setting next_dagrun for tutorial to 2023-10-25T09:47:12.489508+00:00, run_after=2023-10-26T09:47:12.489508+00:00
[2023-10-26T09:47:12.501+0000] {processor.py:179} INFO - Processing /home/airflow/.local/lib/python3.8/site-packages/airflow/example_dags/tutorial.py took 0.053 seconds
[2023-10-26T09:47:42.648+0000] {processor.py:157} INFO - Started process (PID=943) to work on /home/airflow/.local/lib/python3.8/site-packages/airflow/example_dags/tutorial.py
[2023-10-26T09:47:42.648+0000] {processor.py:829} INFO - Processing file /home/airflow/.local/lib/python3.8/site-packages/airflow/example_dags/tutorial.py for tasks to queue
[2023-10-26T09:47:42.649+0000] {logging_mixin.py:151} INFO - [2023-10-26T09:47:42.649+0000] {dagbag.py:536} INFO - Filling up the DagBag from /home/airflow/.local/lib/python3.8/site-packages/airflow/example_dags/tutorial.py
[2023-10-26T09:47:42.653+0000] {processor.py:839} INFO - DAG(s) dict_keys(['tutorial']) retrieved from /home/airflow/.local/lib/python3.8/site-packages/airflow/example_dags/tutorial.py
[2023-10-26T09:47:42.669+0000] {logging_mixin.py:151} INFO - [2023-10-26T09:47:42.669+0000] {dag.py:2941} INFO - Sync 1 DAGs
[2023-10-26T09:47:42.690+0000] {logging_mixin.py:151} INFO - [2023-10-26T09:47:42.689+0000] {dag.py:3722} INFO - Setting next_dagrun for tutorial to 2023-10-25T09:47:42.689773+00:00, run_after=2023-10-26T09:47:42.689773+00:00
[2023-10-26T09:47:42.703+0000] {processor.py:179} INFO - Processing /home/airflow/.local/lib/python3.8/site-packages/airflow/example_dags/tutorial.py took 0.058 seconds
[2023-10-26T09:48:13.661+0000] {processor.py:157} INFO - Started process (PID=999) to work on /home/airflow/.local/lib/python3.8/site-packages/airflow/example_dags/tutorial.py
[2023-10-26T09:48:13.662+0000] {processor.py:829} INFO - Processing file /home/airflow/.local/lib/python3.8/site-packages/airflow/example_dags/tutorial.py for tasks to queue
[2023-10-26T09:48:13.664+0000] {logging_mixin.py:151} INFO - [2023-10-26T09:48:13.663+0000] {dagbag.py:536} INFO - Filling up the DagBag from /home/airflow/.local/lib/python3.8/site-packages/airflow/example_dags/tutorial.py
[2023-10-26T09:48:13.667+0000] {processor.py:839} INFO - DAG(s) dict_keys(['tutorial']) retrieved from /home/airflow/.local/lib/python3.8/site-packages/airflow/example_dags/tutorial.py
[2023-10-26T09:48:13.683+0000] {logging_mixin.py:151} INFO - [2023-10-26T09:48:13.682+0000] {dag.py:2941} INFO - Sync 1 DAGs
[2023-10-26T09:48:13.702+0000] {logging_mixin.py:151} INFO - [2023-10-26T09:48:13.702+0000] {dag.py:3722} INFO - Setting next_dagrun for tutorial to 2023-10-25T09:48:13.701869+00:00, run_after=2023-10-26T09:48:13.701869+00:00
[2023-10-26T09:48:13.719+0000] {processor.py:179} INFO - Processing /home/airflow/.local/lib/python3.8/site-packages/airflow/example_dags/tutorial.py took 0.060 seconds
[2023-10-26T09:48:44.334+0000] {processor.py:157} INFO - Started process (PID=1055) to work on /home/airflow/.local/lib/python3.8/site-packages/airflow/example_dags/tutorial.py
[2023-10-26T09:48:44.334+0000] {processor.py:829} INFO - Processing file /home/airflow/.local/lib/python3.8/site-packages/airflow/example_dags/tutorial.py for tasks to queue
[2023-10-26T09:48:44.335+0000] {logging_mixin.py:151} INFO - [2023-10-26T09:48:44.335+0000] {dagbag.py:536} INFO - Filling up the DagBag from /home/airflow/.local/lib/python3.8/site-packages/airflow/example_dags/tutorial.py
[2023-10-26T09:48:44.339+0000] {processor.py:839} INFO - DAG(s) dict_keys(['tutorial']) retrieved from /home/airflow/.local/lib/python3.8/site-packages/airflow/example_dags/tutorial.py
[2023-10-26T09:48:44.351+0000] {logging_mixin.py:151} INFO - [2023-10-26T09:48:44.350+0000] {dag.py:2941} INFO - Sync 1 DAGs
[2023-10-26T09:48:44.364+0000] {logging_mixin.py:151} INFO - [2023-10-26T09:48:44.364+0000] {dag.py:3722} INFO - Setting next_dagrun for tutorial to 2023-10-25T09:48:44.364137+00:00, run_after=2023-10-26T09:48:44.364137+00:00
[2023-10-26T09:48:44.375+0000] {processor.py:179} INFO - Processing /home/airflow/.local/lib/python3.8/site-packages/airflow/example_dags/tutorial.py took 0.043 seconds
[2023-10-26T09:49:15.022+0000] {processor.py:157} INFO - Started process (PID=1111) to work on /home/airflow/.local/lib/python3.8/site-packages/airflow/example_dags/tutorial.py
[2023-10-26T09:49:15.022+0000] {processor.py:829} INFO - Processing file /home/airflow/.local/lib/python3.8/site-packages/airflow/example_dags/tutorial.py for tasks to queue
[2023-10-26T09:49:15.024+0000] {logging_mixin.py:151} INFO - [2023-10-26T09:49:15.023+0000] {dagbag.py:536} INFO - Filling up the DagBag from /home/airflow/.local/lib/python3.8/site-packages/airflow/example_dags/tutorial.py
[2023-10-26T09:49:15.028+0000] {processor.py:839} INFO - DAG(s) dict_keys(['tutorial']) retrieved from /home/airflow/.local/lib/python3.8/site-packages/airflow/example_dags/tutorial.py
[2023-10-26T09:49:15.040+0000] {logging_mixin.py:151} INFO - [2023-10-26T09:49:15.040+0000] {dag.py:2941} INFO - Sync 1 DAGs
[2023-10-26T09:49:15.058+0000] {logging_mixin.py:151} INFO - [2023-10-26T09:49:15.058+0000] {dag.py:3722} INFO - Setting next_dagrun for tutorial to 2023-10-25T09:49:15.057919+00:00, run_after=2023-10-26T09:49:15.057919+00:00
[2023-10-26T09:49:15.072+0000] {processor.py:179} INFO - Processing /home/airflow/.local/lib/python3.8/site-packages/airflow/example_dags/tutorial.py took 0.052 seconds
[2023-10-26T09:49:45.133+0000] {processor.py:157} INFO - Started process (PID=1167) to work on /home/airflow/.local/lib/python3.8/site-packages/airflow/example_dags/tutorial.py
[2023-10-26T09:49:45.134+0000] {processor.py:829} INFO - Processing file /home/airflow/.local/lib/python3.8/site-packages/airflow/example_dags/tutorial.py for tasks to queue
[2023-10-26T09:49:45.136+0000] {logging_mixin.py:151} INFO - [2023-10-26T09:49:45.135+0000] {dagbag.py:536} INFO - Filling up the DagBag from /home/airflow/.local/lib/python3.8/site-packages/airflow/example_dags/tutorial.py
[2023-10-26T09:49:45.140+0000] {processor.py:839} INFO - DAG(s) dict_keys(['tutorial']) retrieved from /home/airflow/.local/lib/python3.8/site-packages/airflow/example_dags/tutorial.py
[2023-10-26T09:49:45.152+0000] {logging_mixin.py:151} INFO - [2023-10-26T09:49:45.152+0000] {dag.py:2941} INFO - Sync 1 DAGs
[2023-10-26T09:49:45.166+0000] {logging_mixin.py:151} INFO - [2023-10-26T09:49:45.166+0000] {dag.py:3722} INFO - Setting next_dagrun for tutorial to 2023-10-25T09:49:45.166419+00:00, run_after=2023-10-26T09:49:45.166419+00:00
[2023-10-26T09:49:45.177+0000] {processor.py:179} INFO - Processing /home/airflow/.local/lib/python3.8/site-packages/airflow/example_dags/tutorial.py took 0.046 seconds
[2023-10-26T09:50:15.470+0000] {processor.py:157} INFO - Started process (PID=1223) to work on /home/airflow/.local/lib/python3.8/site-packages/airflow/example_dags/tutorial.py
[2023-10-26T09:50:15.471+0000] {processor.py:829} INFO - Processing file /home/airflow/.local/lib/python3.8/site-packages/airflow/example_dags/tutorial.py for tasks to queue
[2023-10-26T09:50:15.472+0000] {logging_mixin.py:151} INFO - [2023-10-26T09:50:15.472+0000] {dagbag.py:536} INFO - Filling up the DagBag from /home/airflow/.local/lib/python3.8/site-packages/airflow/example_dags/tutorial.py
[2023-10-26T09:50:15.476+0000] {processor.py:839} INFO - DAG(s) dict_keys(['tutorial']) retrieved from /home/airflow/.local/lib/python3.8/site-packages/airflow/example_dags/tutorial.py
[2023-10-26T09:50:15.488+0000] {logging_mixin.py:151} INFO - [2023-10-26T09:50:15.488+0000] {dag.py:2941} INFO - Sync 1 DAGs
[2023-10-26T09:50:15.502+0000] {logging_mixin.py:151} INFO - [2023-10-26T09:50:15.502+0000] {dag.py:3722} INFO - Setting next_dagrun for tutorial to 2023-10-25T09:50:15.502398+00:00, run_after=2023-10-26T09:50:15.502398+00:00
[2023-10-26T09:50:15.514+0000] {processor.py:179} INFO - Processing /home/airflow/.local/lib/python3.8/site-packages/airflow/example_dags/tutorial.py took 0.046 seconds
[2023-10-26T09:50:46.243+0000] {processor.py:157} INFO - Started process (PID=1279) to work on /home/airflow/.local/lib/python3.8/site-packages/airflow/example_dags/tutorial.py
[2023-10-26T09:50:46.244+0000] {processor.py:829} INFO - Processing file /home/airflow/.local/lib/python3.8/site-packages/airflow/example_dags/tutorial.py for tasks to queue
[2023-10-26T09:50:46.245+0000] {logging_mixin.py:151} INFO - [2023-10-26T09:50:46.244+0000] {dagbag.py:536} INFO - Filling up the DagBag from /home/airflow/.local/lib/python3.8/site-packages/airflow/example_dags/tutorial.py
[2023-10-26T09:50:46.248+0000] {processor.py:839} INFO - DAG(s) dict_keys(['tutorial']) retrieved from /home/airflow/.local/lib/python3.8/site-packages/airflow/example_dags/tutorial.py
[2023-10-26T09:50:46.260+0000] {logging_mixin.py:151} INFO - [2023-10-26T09:50:46.259+0000] {dag.py:2941} INFO - Sync 1 DAGs
[2023-10-26T09:50:46.273+0000] {logging_mixin.py:151} INFO - [2023-10-26T09:50:46.273+0000] {dag.py:3722} INFO - Setting next_dagrun for tutorial to 2023-10-25T09:50:46.273231+00:00, run_after=2023-10-26T09:50:46.273231+00:00
[2023-10-26T09:50:46.285+0000] {processor.py:179} INFO - Processing /home/airflow/.local/lib/python3.8/site-packages/airflow/example_dags/tutorial.py took 0.044 seconds
[2023-10-26T09:51:17.025+0000] {processor.py:157} INFO - Started process (PID=1336) to work on /home/airflow/.local/lib/python3.8/site-packages/airflow/example_dags/tutorial.py
[2023-10-26T09:51:17.026+0000] {processor.py:829} INFO - Processing file /home/airflow/.local/lib/python3.8/site-packages/airflow/example_dags/tutorial.py for tasks to queue
[2023-10-26T09:51:17.027+0000] {logging_mixin.py:151} INFO - [2023-10-26T09:51:17.027+0000] {dagbag.py:536} INFO - Filling up the DagBag from /home/airflow/.local/lib/python3.8/site-packages/airflow/example_dags/tutorial.py
[2023-10-26T09:51:17.031+0000] {processor.py:839} INFO - DAG(s) dict_keys(['tutorial']) retrieved from /home/airflow/.local/lib/python3.8/site-packages/airflow/example_dags/tutorial.py
[2023-10-26T09:51:17.044+0000] {logging_mixin.py:151} INFO - [2023-10-26T09:51:17.043+0000] {dag.py:2941} INFO - Sync 1 DAGs
[2023-10-26T09:51:17.060+0000] {logging_mixin.py:151} INFO - [2023-10-26T09:51:17.060+0000] {dag.py:3722} INFO - Setting next_dagrun for tutorial to 2023-10-25T09:51:17.060446+00:00, run_after=2023-10-26T09:51:17.060446+00:00
[2023-10-26T09:51:17.071+0000] {processor.py:179} INFO - Processing /home/airflow/.local/lib/python3.8/site-packages/airflow/example_dags/tutorial.py took 0.048 seconds
[2023-10-26T09:51:47.778+0000] {processor.py:157} INFO - Started process (PID=1393) to work on /home/airflow/.local/lib/python3.8/site-packages/airflow/example_dags/tutorial.py
[2023-10-26T09:51:47.779+0000] {processor.py:829} INFO - Processing file /home/airflow/.local/lib/python3.8/site-packages/airflow/example_dags/tutorial.py for tasks to queue
[2023-10-26T09:51:47.780+0000] {logging_mixin.py:151} INFO - [2023-10-26T09:51:47.780+0000] {dagbag.py:536} INFO - Filling up the DagBag from /home/airflow/.local/lib/python3.8/site-packages/airflow/example_dags/tutorial.py
[2023-10-26T09:51:47.784+0000] {processor.py:839} INFO - DAG(s) dict_keys(['tutorial']) retrieved from /home/airflow/.local/lib/python3.8/site-packages/airflow/example_dags/tutorial.py
[2023-10-26T09:51:47.797+0000] {logging_mixin.py:151} INFO - [2023-10-26T09:51:47.797+0000] {dag.py:2941} INFO - Sync 1 DAGs
[2023-10-26T09:51:47.810+0000] {logging_mixin.py:151} INFO - [2023-10-26T09:51:47.810+0000] {dag.py:3722} INFO - Setting next_dagrun for tutorial to 2023-10-25T09:51:47.810502+00:00, run_after=2023-10-26T09:51:47.810502+00:00
[2023-10-26T09:51:47.821+0000] {processor.py:179} INFO - Processing /home/airflow/.local/lib/python3.8/site-packages/airflow/example_dags/tutorial.py took 0.046 seconds
[2023-10-26T09:52:18.631+0000] {processor.py:157} INFO - Started process (PID=1449) to work on /home/airflow/.local/lib/python3.8/site-packages/airflow/example_dags/tutorial.py
[2023-10-26T09:52:18.632+0000] {processor.py:829} INFO - Processing file /home/airflow/.local/lib/python3.8/site-packages/airflow/example_dags/tutorial.py for tasks to queue
[2023-10-26T09:52:18.633+0000] {logging_mixin.py:151} INFO - [2023-10-26T09:52:18.633+0000] {dagbag.py:536} INFO - Filling up the DagBag from /home/airflow/.local/lib/python3.8/site-packages/airflow/example_dags/tutorial.py
[2023-10-26T09:52:18.637+0000] {processor.py:839} INFO - DAG(s) dict_keys(['tutorial']) retrieved from /home/airflow/.local/lib/python3.8/site-packages/airflow/example_dags/tutorial.py
[2023-10-26T09:52:18.649+0000] {logging_mixin.py:151} INFO - [2023-10-26T09:52:18.649+0000] {dag.py:2941} INFO - Sync 1 DAGs
[2023-10-26T09:52:18.665+0000] {logging_mixin.py:151} INFO - [2023-10-26T09:52:18.665+0000] {dag.py:3722} INFO - Setting next_dagrun for tutorial to 2023-10-25T09:52:18.665552+00:00, run_after=2023-10-26T09:52:18.665552+00:00
[2023-10-26T09:52:18.680+0000] {processor.py:179} INFO - Processing /home/airflow/.local/lib/python3.8/site-packages/airflow/example_dags/tutorial.py took 0.051 seconds
[2023-10-26T09:52:49.343+0000] {processor.py:157} INFO - Started process (PID=1505) to work on /home/airflow/.local/lib/python3.8/site-packages/airflow/example_dags/tutorial.py
[2023-10-26T09:52:49.343+0000] {processor.py:829} INFO - Processing file /home/airflow/.local/lib/python3.8/site-packages/airflow/example_dags/tutorial.py for tasks to queue
[2023-10-26T09:52:49.344+0000] {logging_mixin.py:151} INFO - [2023-10-26T09:52:49.344+0000] {dagbag.py:536} INFO - Filling up the DagBag from /home/airflow/.local/lib/python3.8/site-packages/airflow/example_dags/tutorial.py
[2023-10-26T09:52:49.348+0000] {processor.py:839} INFO - DAG(s) dict_keys(['tutorial']) retrieved from /home/airflow/.local/lib/python3.8/site-packages/airflow/example_dags/tutorial.py
[2023-10-26T09:52:49.360+0000] {logging_mixin.py:151} INFO - [2023-10-26T09:52:49.360+0000] {dag.py:2941} INFO - Sync 1 DAGs
[2023-10-26T09:52:49.377+0000] {logging_mixin.py:151} INFO - [2023-10-26T09:52:49.377+0000] {dag.py:3722} INFO - Setting next_dagrun for tutorial to 2023-10-25T09:52:49.377206+00:00, run_after=2023-10-26T09:52:49.377206+00:00
[2023-10-26T09:52:49.391+0000] {processor.py:179} INFO - Processing /home/airflow/.local/lib/python3.8/site-packages/airflow/example_dags/tutorial.py took 0.051 seconds
[2023-10-26T09:53:20.059+0000] {processor.py:157} INFO - Started process (PID=1561) to work on /home/airflow/.local/lib/python3.8/site-packages/airflow/example_dags/tutorial.py
[2023-10-26T09:53:20.059+0000] {processor.py:829} INFO - Processing file /home/airflow/.local/lib/python3.8/site-packages/airflow/example_dags/tutorial.py for tasks to queue
[2023-10-26T09:53:20.060+0000] {logging_mixin.py:151} INFO - [2023-10-26T09:53:20.060+0000] {dagbag.py:536} INFO - Filling up the DagBag from /home/airflow/.local/lib/python3.8/site-packages/airflow/example_dags/tutorial.py
[2023-10-26T09:53:20.064+0000] {processor.py:839} INFO - DAG(s) dict_keys(['tutorial']) retrieved from /home/airflow/.local/lib/python3.8/site-packages/airflow/example_dags/tutorial.py
[2023-10-26T09:53:20.076+0000] {logging_mixin.py:151} INFO - [2023-10-26T09:53:20.076+0000] {dag.py:2941} INFO - Sync 1 DAGs
[2023-10-26T09:53:20.092+0000] {logging_mixin.py:151} INFO - [2023-10-26T09:53:20.091+0000] {dag.py:3722} INFO - Setting next_dagrun for tutorial to 2023-10-25T09:53:20.091808+00:00, run_after=2023-10-26T09:53:20.091808+00:00
[2023-10-26T09:53:20.104+0000] {processor.py:179} INFO - Processing /home/airflow/.local/lib/python3.8/site-packages/airflow/example_dags/tutorial.py took 0.047 seconds
[2023-10-26T09:53:50.745+0000] {processor.py:157} INFO - Started process (PID=1618) to work on /home/airflow/.local/lib/python3.8/site-packages/airflow/example_dags/tutorial.py
[2023-10-26T09:53:50.745+0000] {processor.py:829} INFO - Processing file /home/airflow/.local/lib/python3.8/site-packages/airflow/example_dags/tutorial.py for tasks to queue
[2023-10-26T09:53:50.746+0000] {logging_mixin.py:151} INFO - [2023-10-26T09:53:50.746+0000] {dagbag.py:536} INFO - Filling up the DagBag from /home/airflow/.local/lib/python3.8/site-packages/airflow/example_dags/tutorial.py
[2023-10-26T09:53:50.750+0000] {processor.py:839} INFO - DAG(s) dict_keys(['tutorial']) retrieved from /home/airflow/.local/lib/python3.8/site-packages/airflow/example_dags/tutorial.py
[2023-10-26T09:53:50.762+0000] {logging_mixin.py:151} INFO - [2023-10-26T09:53:50.762+0000] {dag.py:2941} INFO - Sync 1 DAGs
[2023-10-26T09:53:50.777+0000] {logging_mixin.py:151} INFO - [2023-10-26T09:53:50.776+0000] {dag.py:3722} INFO - Setting next_dagrun for tutorial to 2023-10-25T09:53:50.776849+00:00, run_after=2023-10-26T09:53:50.776849+00:00
[2023-10-26T09:53:50.880+0000] {processor.py:179} INFO - Processing /home/airflow/.local/lib/python3.8/site-packages/airflow/example_dags/tutorial.py took 0.137 seconds
[2023-10-26T09:54:21.164+0000] {processor.py:157} INFO - Started process (PID=1675) to work on /home/airflow/.local/lib/python3.8/site-packages/airflow/example_dags/tutorial.py
[2023-10-26T09:54:21.165+0000] {processor.py:829} INFO - Processing file /home/airflow/.local/lib/python3.8/site-packages/airflow/example_dags/tutorial.py for tasks to queue
[2023-10-26T09:54:21.166+0000] {logging_mixin.py:151} INFO - [2023-10-26T09:54:21.166+0000] {dagbag.py:536} INFO - Filling up the DagBag from /home/airflow/.local/lib/python3.8/site-packages/airflow/example_dags/tutorial.py
[2023-10-26T09:54:21.169+0000] {processor.py:839} INFO - DAG(s) dict_keys(['tutorial']) retrieved from /home/airflow/.local/lib/python3.8/site-packages/airflow/example_dags/tutorial.py
[2023-10-26T09:54:21.182+0000] {logging_mixin.py:151} INFO - [2023-10-26T09:54:21.182+0000] {dag.py:2941} INFO - Sync 1 DAGs
[2023-10-26T09:54:21.197+0000] {logging_mixin.py:151} INFO - [2023-10-26T09:54:21.197+0000] {dag.py:3722} INFO - Setting next_dagrun for tutorial to 2023-10-25T09:54:21.197553+00:00, run_after=2023-10-26T09:54:21.197553+00:00
[2023-10-26T09:54:21.210+0000] {processor.py:179} INFO - Processing /home/airflow/.local/lib/python3.8/site-packages/airflow/example_dags/tutorial.py took 0.048 seconds
[2023-10-26T09:54:51.332+0000] {processor.py:157} INFO - Started process (PID=1731) to work on /home/airflow/.local/lib/python3.8/site-packages/airflow/example_dags/tutorial.py
[2023-10-26T09:54:51.333+0000] {processor.py:829} INFO - Processing file /home/airflow/.local/lib/python3.8/site-packages/airflow/example_dags/tutorial.py for tasks to queue
[2023-10-26T09:54:51.334+0000] {logging_mixin.py:151} INFO - [2023-10-26T09:54:51.334+0000] {dagbag.py:536} INFO - Filling up the DagBag from /home/airflow/.local/lib/python3.8/site-packages/airflow/example_dags/tutorial.py
[2023-10-26T09:54:51.338+0000] {processor.py:839} INFO - DAG(s) dict_keys(['tutorial']) retrieved from /home/airflow/.local/lib/python3.8/site-packages/airflow/example_dags/tutorial.py
[2023-10-26T09:54:51.350+0000] {logging_mixin.py:151} INFO - [2023-10-26T09:54:51.350+0000] {dag.py:2941} INFO - Sync 1 DAGs
[2023-10-26T09:54:51.363+0000] {logging_mixin.py:151} INFO - [2023-10-26T09:54:51.363+0000] {dag.py:3722} INFO - Setting next_dagrun for tutorial to 2023-10-25T09:54:51.363581+00:00, run_after=2023-10-26T09:54:51.363581+00:00
[2023-10-26T09:54:51.374+0000] {processor.py:179} INFO - Processing /home/airflow/.local/lib/python3.8/site-packages/airflow/example_dags/tutorial.py took 0.044 seconds
[2023-10-26T09:55:21.461+0000] {processor.py:157} INFO - Started process (PID=1787) to work on /home/airflow/.local/lib/python3.8/site-packages/airflow/example_dags/tutorial.py
[2023-10-26T09:55:21.462+0000] {processor.py:829} INFO - Processing file /home/airflow/.local/lib/python3.8/site-packages/airflow/example_dags/tutorial.py for tasks to queue
[2023-10-26T09:55:21.463+0000] {logging_mixin.py:151} INFO - [2023-10-26T09:55:21.463+0000] {dagbag.py:536} INFO - Filling up the DagBag from /home/airflow/.local/lib/python3.8/site-packages/airflow/example_dags/tutorial.py
[2023-10-26T09:55:21.466+0000] {processor.py:839} INFO - DAG(s) dict_keys(['tutorial']) retrieved from /home/airflow/.local/lib/python3.8/site-packages/airflow/example_dags/tutorial.py
[2023-10-26T09:55:21.478+0000] {logging_mixin.py:151} INFO - [2023-10-26T09:55:21.478+0000] {dag.py:2941} INFO - Sync 1 DAGs
[2023-10-26T09:55:21.491+0000] {logging_mixin.py:151} INFO - [2023-10-26T09:55:21.491+0000] {dag.py:3722} INFO - Setting next_dagrun for tutorial to 2023-10-25T09:55:21.491495+00:00, run_after=2023-10-26T09:55:21.491495+00:00
[2023-10-26T09:55:21.503+0000] {processor.py:179} INFO - Processing /home/airflow/.local/lib/python3.8/site-packages/airflow/example_dags/tutorial.py took 0.043 seconds
[2023-10-26T09:55:52.217+0000] {processor.py:157} INFO - Started process (PID=1843) to work on /home/airflow/.local/lib/python3.8/site-packages/airflow/example_dags/tutorial.py
[2023-10-26T09:55:52.218+0000] {processor.py:829} INFO - Processing file /home/airflow/.local/lib/python3.8/site-packages/airflow/example_dags/tutorial.py for tasks to queue
[2023-10-26T09:55:52.219+0000] {logging_mixin.py:151} INFO - [2023-10-26T09:55:52.219+0000] {dagbag.py:536} INFO - Filling up the DagBag from /home/airflow/.local/lib/python3.8/site-packages/airflow/example_dags/tutorial.py
[2023-10-26T09:55:52.222+0000] {processor.py:839} INFO - DAG(s) dict_keys(['tutorial']) retrieved from /home/airflow/.local/lib/python3.8/site-packages/airflow/example_dags/tutorial.py
[2023-10-26T09:55:52.237+0000] {logging_mixin.py:151} INFO - [2023-10-26T09:55:52.237+0000] {dag.py:2941} INFO - Sync 1 DAGs
[2023-10-26T09:55:52.354+0000] {logging_mixin.py:151} INFO - [2023-10-26T09:55:52.354+0000] {dag.py:3722} INFO - Setting next_dagrun for tutorial to 2023-10-25T09:55:52.354104+00:00, run_after=2023-10-26T09:55:52.354104+00:00
[2023-10-26T09:55:52.366+0000] {processor.py:179} INFO - Processing /home/airflow/.local/lib/python3.8/site-packages/airflow/example_dags/tutorial.py took 0.151 seconds
[2023-10-26T09:56:22.634+0000] {processor.py:157} INFO - Started process (PID=1899) to work on /home/airflow/.local/lib/python3.8/site-packages/airflow/example_dags/tutorial.py
[2023-10-26T09:56:22.634+0000] {processor.py:829} INFO - Processing file /home/airflow/.local/lib/python3.8/site-packages/airflow/example_dags/tutorial.py for tasks to queue
[2023-10-26T09:56:22.636+0000] {logging_mixin.py:151} INFO - [2023-10-26T09:56:22.635+0000] {dagbag.py:536} INFO - Filling up the DagBag from /home/airflow/.local/lib/python3.8/site-packages/airflow/example_dags/tutorial.py
[2023-10-26T09:56:22.639+0000] {processor.py:839} INFO - DAG(s) dict_keys(['tutorial']) retrieved from /home/airflow/.local/lib/python3.8/site-packages/airflow/example_dags/tutorial.py
[2023-10-26T09:56:22.652+0000] {logging_mixin.py:151} INFO - [2023-10-26T09:56:22.651+0000] {dag.py:2941} INFO - Sync 1 DAGs
[2023-10-26T09:56:22.761+0000] {logging_mixin.py:151} INFO - [2023-10-26T09:56:22.761+0000] {dag.py:3722} INFO - Setting next_dagrun for tutorial to 2023-10-25T09:56:22.761174+00:00, run_after=2023-10-26T09:56:22.761174+00:00
[2023-10-26T09:56:22.774+0000] {processor.py:179} INFO - Processing /home/airflow/.local/lib/python3.8/site-packages/airflow/example_dags/tutorial.py took 0.142 seconds
[2023-10-26T09:56:52.791+0000] {processor.py:157} INFO - Started process (PID=1955) to work on /home/airflow/.local/lib/python3.8/site-packages/airflow/example_dags/tutorial.py
[2023-10-26T09:56:52.791+0000] {processor.py:829} INFO - Processing file /home/airflow/.local/lib/python3.8/site-packages/airflow/example_dags/tutorial.py for tasks to queue
[2023-10-26T09:56:52.793+0000] {logging_mixin.py:151} INFO - [2023-10-26T09:56:52.792+0000] {dagbag.py:536} INFO - Filling up the DagBag from /home/airflow/.local/lib/python3.8/site-packages/airflow/example_dags/tutorial.py
[2023-10-26T09:56:52.796+0000] {processor.py:839} INFO - DAG(s) dict_keys(['tutorial']) retrieved from /home/airflow/.local/lib/python3.8/site-packages/airflow/example_dags/tutorial.py
[2023-10-26T09:56:52.808+0000] {logging_mixin.py:151} INFO - [2023-10-26T09:56:52.808+0000] {dag.py:2941} INFO - Sync 1 DAGs
[2023-10-26T09:56:52.821+0000] {logging_mixin.py:151} INFO - [2023-10-26T09:56:52.821+0000] {dag.py:3722} INFO - Setting next_dagrun for tutorial to 2023-10-25T09:56:52.821465+00:00, run_after=2023-10-26T09:56:52.821465+00:00
[2023-10-26T09:56:52.930+0000] {processor.py:179} INFO - Processing /home/airflow/.local/lib/python3.8/site-packages/airflow/example_dags/tutorial.py took 0.141 seconds
[2023-10-26T09:57:23.038+0000] {processor.py:157} INFO - Started process (PID=2016) to work on /home/airflow/.local/lib/python3.8/site-packages/airflow/example_dags/tutorial.py
[2023-10-26T09:57:23.039+0000] {processor.py:829} INFO - Processing file /home/airflow/.local/lib/python3.8/site-packages/airflow/example_dags/tutorial.py for tasks to queue
[2023-10-26T09:57:23.040+0000] {logging_mixin.py:151} INFO - [2023-10-26T09:57:23.040+0000] {dagbag.py:536} INFO - Filling up the DagBag from /home/airflow/.local/lib/python3.8/site-packages/airflow/example_dags/tutorial.py
[2023-10-26T09:57:23.043+0000] {processor.py:839} INFO - DAG(s) dict_keys(['tutorial']) retrieved from /home/airflow/.local/lib/python3.8/site-packages/airflow/example_dags/tutorial.py
[2023-10-26T09:57:23.058+0000] {logging_mixin.py:151} INFO - [2023-10-26T09:57:23.058+0000] {dag.py:2941} INFO - Sync 1 DAGs
[2023-10-26T09:57:23.081+0000] {logging_mixin.py:151} INFO - [2023-10-26T09:57:23.081+0000] {dag.py:3722} INFO - Setting next_dagrun for tutorial to 2023-10-25T09:57:23.081280+00:00, run_after=2023-10-26T09:57:23.081280+00:00
[2023-10-26T09:57:23.097+0000] {processor.py:179} INFO - Processing /home/airflow/.local/lib/python3.8/site-packages/airflow/example_dags/tutorial.py took 0.062 seconds
[2023-10-26T09:57:54.053+0000] {processor.py:157} INFO - Started process (PID=2073) to work on /home/airflow/.local/lib/python3.8/site-packages/airflow/example_dags/tutorial.py
[2023-10-26T09:57:54.053+0000] {processor.py:829} INFO - Processing file /home/airflow/.local/lib/python3.8/site-packages/airflow/example_dags/tutorial.py for tasks to queue
[2023-10-26T09:57:54.055+0000] {logging_mixin.py:151} INFO - [2023-10-26T09:57:54.055+0000] {dagbag.py:536} INFO - Filling up the DagBag from /home/airflow/.local/lib/python3.8/site-packages/airflow/example_dags/tutorial.py
[2023-10-26T09:57:54.060+0000] {processor.py:839} INFO - DAG(s) dict_keys(['tutorial']) retrieved from /home/airflow/.local/lib/python3.8/site-packages/airflow/example_dags/tutorial.py
[2023-10-26T09:57:54.076+0000] {logging_mixin.py:151} INFO - [2023-10-26T09:57:54.075+0000] {dag.py:2941} INFO - Sync 1 DAGs
[2023-10-26T09:57:54.095+0000] {logging_mixin.py:151} INFO - [2023-10-26T09:57:54.095+0000] {dag.py:3722} INFO - Setting next_dagrun for tutorial to 2023-10-25T09:57:54.094967+00:00, run_after=2023-10-26T09:57:54.094967+00:00
[2023-10-26T09:57:54.109+0000] {processor.py:179} INFO - Processing /home/airflow/.local/lib/python3.8/site-packages/airflow/example_dags/tutorial.py took 0.058 seconds
[2023-10-26T09:58:24.862+0000] {processor.py:157} INFO - Started process (PID=2129) to work on /home/airflow/.local/lib/python3.8/site-packages/airflow/example_dags/tutorial.py
[2023-10-26T09:58:24.862+0000] {processor.py:829} INFO - Processing file /home/airflow/.local/lib/python3.8/site-packages/airflow/example_dags/tutorial.py for tasks to queue
[2023-10-26T09:58:24.863+0000] {logging_mixin.py:151} INFO - [2023-10-26T09:58:24.863+0000] {dagbag.py:536} INFO - Filling up the DagBag from /home/airflow/.local/lib/python3.8/site-packages/airflow/example_dags/tutorial.py
[2023-10-26T09:58:24.867+0000] {processor.py:839} INFO - DAG(s) dict_keys(['tutorial']) retrieved from /home/airflow/.local/lib/python3.8/site-packages/airflow/example_dags/tutorial.py
[2023-10-26T09:58:24.982+0000] {logging_mixin.py:151} INFO - [2023-10-26T09:58:24.982+0000] {dag.py:2941} INFO - Sync 1 DAGs
[2023-10-26T09:58:24.994+0000] {logging_mixin.py:151} INFO - [2023-10-26T09:58:24.994+0000] {dag.py:3722} INFO - Setting next_dagrun for tutorial to 2023-10-25T09:58:24.994490+00:00, run_after=2023-10-26T09:58:24.994490+00:00
[2023-10-26T09:58:25.006+0000] {processor.py:179} INFO - Processing /home/airflow/.local/lib/python3.8/site-packages/airflow/example_dags/tutorial.py took 0.146 seconds
[2023-10-26T09:58:55.863+0000] {processor.py:157} INFO - Started process (PID=2185) to work on /home/airflow/.local/lib/python3.8/site-packages/airflow/example_dags/tutorial.py
[2023-10-26T09:58:55.866+0000] {processor.py:829} INFO - Processing file /home/airflow/.local/lib/python3.8/site-packages/airflow/example_dags/tutorial.py for tasks to queue
[2023-10-26T09:58:55.867+0000] {logging_mixin.py:151} INFO - [2023-10-26T09:58:55.867+0000] {dagbag.py:536} INFO - Filling up the DagBag from /home/airflow/.local/lib/python3.8/site-packages/airflow/example_dags/tutorial.py
[2023-10-26T09:58:55.871+0000] {processor.py:839} INFO - DAG(s) dict_keys(['tutorial']) retrieved from /home/airflow/.local/lib/python3.8/site-packages/airflow/example_dags/tutorial.py
[2023-10-26T09:58:55.884+0000] {logging_mixin.py:151} INFO - [2023-10-26T09:58:55.884+0000] {dag.py:2941} INFO - Sync 1 DAGs
[2023-10-26T09:58:55.898+0000] {logging_mixin.py:151} INFO - [2023-10-26T09:58:55.898+0000] {dag.py:3722} INFO - Setting next_dagrun for tutorial to 2023-10-25T09:58:55.898394+00:00, run_after=2023-10-26T09:58:55.898394+00:00
[2023-10-26T09:58:55.910+0000] {processor.py:179} INFO - Processing /home/airflow/.local/lib/python3.8/site-packages/airflow/example_dags/tutorial.py took 0.050 seconds
[2023-10-26T09:59:26.681+0000] {processor.py:157} INFO - Started process (PID=2241) to work on /home/airflow/.local/lib/python3.8/site-packages/airflow/example_dags/tutorial.py
[2023-10-26T09:59:26.683+0000] {processor.py:829} INFO - Processing file /home/airflow/.local/lib/python3.8/site-packages/airflow/example_dags/tutorial.py for tasks to queue
[2023-10-26T09:59:26.685+0000] {logging_mixin.py:151} INFO - [2023-10-26T09:59:26.684+0000] {dagbag.py:536} INFO - Filling up the DagBag from /home/airflow/.local/lib/python3.8/site-packages/airflow/example_dags/tutorial.py
[2023-10-26T09:59:26.688+0000] {processor.py:839} INFO - DAG(s) dict_keys(['tutorial']) retrieved from /home/airflow/.local/lib/python3.8/site-packages/airflow/example_dags/tutorial.py
[2023-10-26T09:59:26.702+0000] {logging_mixin.py:151} INFO - [2023-10-26T09:59:26.702+0000] {dag.py:2941} INFO - Sync 1 DAGs
[2023-10-26T09:59:26.720+0000] {logging_mixin.py:151} INFO - [2023-10-26T09:59:26.720+0000] {dag.py:3722} INFO - Setting next_dagrun for tutorial to 2023-10-25T09:59:26.719879+00:00, run_after=2023-10-26T09:59:26.719879+00:00
[2023-10-26T09:59:26.732+0000] {processor.py:179} INFO - Processing /home/airflow/.local/lib/python3.8/site-packages/airflow/example_dags/tutorial.py took 0.053 seconds
[2023-10-26T09:59:57.434+0000] {processor.py:157} INFO - Started process (PID=2297) to work on /home/airflow/.local/lib/python3.8/site-packages/airflow/example_dags/tutorial.py
[2023-10-26T09:59:57.436+0000] {processor.py:829} INFO - Processing file /home/airflow/.local/lib/python3.8/site-packages/airflow/example_dags/tutorial.py for tasks to queue
[2023-10-26T09:59:57.437+0000] {logging_mixin.py:151} INFO - [2023-10-26T09:59:57.437+0000] {dagbag.py:536} INFO - Filling up the DagBag from /home/airflow/.local/lib/python3.8/site-packages/airflow/example_dags/tutorial.py
[2023-10-26T09:59:57.441+0000] {processor.py:839} INFO - DAG(s) dict_keys(['tutorial']) retrieved from /home/airflow/.local/lib/python3.8/site-packages/airflow/example_dags/tutorial.py
[2023-10-26T09:59:57.455+0000] {logging_mixin.py:151} INFO - [2023-10-26T09:59:57.455+0000] {dag.py:2941} INFO - Sync 1 DAGs
[2023-10-26T09:59:57.474+0000] {logging_mixin.py:151} INFO - [2023-10-26T09:59:57.473+0000] {dag.py:3722} INFO - Setting next_dagrun for tutorial to 2023-10-25T09:59:57.473605+00:00, run_after=2023-10-26T09:59:57.473605+00:00
[2023-10-26T09:59:57.488+0000] {processor.py:179} INFO - Processing /home/airflow/.local/lib/python3.8/site-packages/airflow/example_dags/tutorial.py took 0.057 seconds
[2023-10-26T10:00:28.160+0000] {processor.py:157} INFO - Started process (PID=2353) to work on /home/airflow/.local/lib/python3.8/site-packages/airflow/example_dags/tutorial.py
[2023-10-26T10:00:28.162+0000] {processor.py:829} INFO - Processing file /home/airflow/.local/lib/python3.8/site-packages/airflow/example_dags/tutorial.py for tasks to queue
[2023-10-26T10:00:28.164+0000] {logging_mixin.py:151} INFO - [2023-10-26T10:00:28.163+0000] {dagbag.py:536} INFO - Filling up the DagBag from /home/airflow/.local/lib/python3.8/site-packages/airflow/example_dags/tutorial.py
[2023-10-26T10:00:28.167+0000] {processor.py:839} INFO - DAG(s) dict_keys(['tutorial']) retrieved from /home/airflow/.local/lib/python3.8/site-packages/airflow/example_dags/tutorial.py
[2023-10-26T10:00:28.181+0000] {logging_mixin.py:151} INFO - [2023-10-26T10:00:28.181+0000] {dag.py:2941} INFO - Sync 1 DAGs
[2023-10-26T10:00:28.200+0000] {logging_mixin.py:151} INFO - [2023-10-26T10:00:28.200+0000] {dag.py:3722} INFO - Setting next_dagrun for tutorial to 2023-10-25T10:00:28.199802+00:00, run_after=2023-10-26T10:00:28.199802+00:00
[2023-10-26T10:00:28.214+0000] {processor.py:179} INFO - Processing /home/airflow/.local/lib/python3.8/site-packages/airflow/example_dags/tutorial.py took 0.056 seconds
[2023-10-26T10:00:58.918+0000] {processor.py:157} INFO - Started process (PID=2409) to work on /home/airflow/.local/lib/python3.8/site-packages/airflow/example_dags/tutorial.py
[2023-10-26T10:00:58.921+0000] {processor.py:829} INFO - Processing file /home/airflow/.local/lib/python3.8/site-packages/airflow/example_dags/tutorial.py for tasks to queue
[2023-10-26T10:00:58.923+0000] {logging_mixin.py:151} INFO - [2023-10-26T10:00:58.922+0000] {dagbag.py:536} INFO - Filling up the DagBag from /home/airflow/.local/lib/python3.8/site-packages/airflow/example_dags/tutorial.py
[2023-10-26T10:00:58.927+0000] {processor.py:839} INFO - DAG(s) dict_keys(['tutorial']) retrieved from /home/airflow/.local/lib/python3.8/site-packages/airflow/example_dags/tutorial.py
[2023-10-26T10:00:58.943+0000] {logging_mixin.py:151} INFO - [2023-10-26T10:00:58.943+0000] {dag.py:2941} INFO - Sync 1 DAGs
[2023-10-26T10:00:58.961+0000] {logging_mixin.py:151} INFO - [2023-10-26T10:00:58.961+0000] {dag.py:3722} INFO - Setting next_dagrun for tutorial to 2023-10-25T10:00:58.961421+00:00, run_after=2023-10-26T10:00:58.961421+00:00
[2023-10-26T10:00:58.974+0000] {processor.py:179} INFO - Processing /home/airflow/.local/lib/python3.8/site-packages/airflow/example_dags/tutorial.py took 0.059 seconds
[2023-10-26T10:01:29.705+0000] {processor.py:157} INFO - Started process (PID=2465) to work on /home/airflow/.local/lib/python3.8/site-packages/airflow/example_dags/tutorial.py
[2023-10-26T10:01:29.707+0000] {processor.py:829} INFO - Processing file /home/airflow/.local/lib/python3.8/site-packages/airflow/example_dags/tutorial.py for tasks to queue
[2023-10-26T10:01:29.708+0000] {logging_mixin.py:151} INFO - [2023-10-26T10:01:29.708+0000] {dagbag.py:536} INFO - Filling up the DagBag from /home/airflow/.local/lib/python3.8/site-packages/airflow/example_dags/tutorial.py
[2023-10-26T10:01:29.712+0000] {processor.py:839} INFO - DAG(s) dict_keys(['tutorial']) retrieved from /home/airflow/.local/lib/python3.8/site-packages/airflow/example_dags/tutorial.py
[2023-10-26T10:01:29.726+0000] {logging_mixin.py:151} INFO - [2023-10-26T10:01:29.726+0000] {dag.py:2941} INFO - Sync 1 DAGs
[2023-10-26T10:01:29.743+0000] {logging_mixin.py:151} INFO - [2023-10-26T10:01:29.743+0000] {dag.py:3722} INFO - Setting next_dagrun for tutorial to 2023-10-25T10:01:29.743340+00:00, run_after=2023-10-26T10:01:29.743340+00:00
[2023-10-26T10:01:29.756+0000] {processor.py:179} INFO - Processing /home/airflow/.local/lib/python3.8/site-packages/airflow/example_dags/tutorial.py took 0.054 seconds
[2023-10-26T10:02:00.503+0000] {processor.py:157} INFO - Started process (PID=2521) to work on /home/airflow/.local/lib/python3.8/site-packages/airflow/example_dags/tutorial.py
[2023-10-26T10:02:00.503+0000] {processor.py:829} INFO - Processing file /home/airflow/.local/lib/python3.8/site-packages/airflow/example_dags/tutorial.py for tasks to queue
[2023-10-26T10:02:00.505+0000] {logging_mixin.py:151} INFO - [2023-10-26T10:02:00.505+0000] {dagbag.py:536} INFO - Filling up the DagBag from /home/airflow/.local/lib/python3.8/site-packages/airflow/example_dags/tutorial.py
[2023-10-26T10:02:00.508+0000] {processor.py:839} INFO - DAG(s) dict_keys(['tutorial']) retrieved from /home/airflow/.local/lib/python3.8/site-packages/airflow/example_dags/tutorial.py
[2023-10-26T10:02:00.521+0000] {logging_mixin.py:151} INFO - [2023-10-26T10:02:00.521+0000] {dag.py:2941} INFO - Sync 1 DAGs
[2023-10-26T10:02:00.534+0000] {logging_mixin.py:151} INFO - [2023-10-26T10:02:00.534+0000] {dag.py:3722} INFO - Setting next_dagrun for tutorial to 2023-10-25T10:02:00.534517+00:00, run_after=2023-10-26T10:02:00.534517+00:00
[2023-10-26T10:02:00.548+0000] {processor.py:179} INFO - Processing /home/airflow/.local/lib/python3.8/site-packages/airflow/example_dags/tutorial.py took 0.049 seconds
[2023-10-26T10:02:31.229+0000] {processor.py:157} INFO - Started process (PID=2577) to work on /home/airflow/.local/lib/python3.8/site-packages/airflow/example_dags/tutorial.py
[2023-10-26T10:02:31.232+0000] {processor.py:829} INFO - Processing file /home/airflow/.local/lib/python3.8/site-packages/airflow/example_dags/tutorial.py for tasks to queue
[2023-10-26T10:02:31.233+0000] {logging_mixin.py:151} INFO - [2023-10-26T10:02:31.233+0000] {dagbag.py:536} INFO - Filling up the DagBag from /home/airflow/.local/lib/python3.8/site-packages/airflow/example_dags/tutorial.py
[2023-10-26T10:02:31.236+0000] {processor.py:839} INFO - DAG(s) dict_keys(['tutorial']) retrieved from /home/airflow/.local/lib/python3.8/site-packages/airflow/example_dags/tutorial.py
[2023-10-26T10:02:31.250+0000] {logging_mixin.py:151} INFO - [2023-10-26T10:02:31.250+0000] {dag.py:2941} INFO - Sync 1 DAGs
[2023-10-26T10:02:31.269+0000] {logging_mixin.py:151} INFO - [2023-10-26T10:02:31.269+0000] {dag.py:3722} INFO - Setting next_dagrun for tutorial to 2023-10-25T10:02:31.268989+00:00, run_after=2023-10-26T10:02:31.268989+00:00
[2023-10-26T10:02:31.282+0000] {processor.py:179} INFO - Processing /home/airflow/.local/lib/python3.8/site-packages/airflow/example_dags/tutorial.py took 0.055 seconds
[2023-10-26T10:03:02.030+0000] {processor.py:157} INFO - Started process (PID=2633) to work on /home/airflow/.local/lib/python3.8/site-packages/airflow/example_dags/tutorial.py
[2023-10-26T10:03:02.031+0000] {processor.py:829} INFO - Processing file /home/airflow/.local/lib/python3.8/site-packages/airflow/example_dags/tutorial.py for tasks to queue
[2023-10-26T10:03:02.032+0000] {logging_mixin.py:151} INFO - [2023-10-26T10:03:02.032+0000] {dagbag.py:536} INFO - Filling up the DagBag from /home/airflow/.local/lib/python3.8/site-packages/airflow/example_dags/tutorial.py
[2023-10-26T10:03:02.035+0000] {processor.py:839} INFO - DAG(s) dict_keys(['tutorial']) retrieved from /home/airflow/.local/lib/python3.8/site-packages/airflow/example_dags/tutorial.py
[2023-10-26T10:03:02.048+0000] {logging_mixin.py:151} INFO - [2023-10-26T10:03:02.047+0000] {dag.py:2941} INFO - Sync 1 DAGs
[2023-10-26T10:03:02.068+0000] {logging_mixin.py:151} INFO - [2023-10-26T10:03:02.067+0000] {dag.py:3722} INFO - Setting next_dagrun for tutorial to 2023-10-25T10:03:02.067779+00:00, run_after=2023-10-26T10:03:02.067779+00:00
[2023-10-26T10:03:02.081+0000] {processor.py:179} INFO - Processing /home/airflow/.local/lib/python3.8/site-packages/airflow/example_dags/tutorial.py took 0.052 seconds
[2023-10-26T10:03:32.844+0000] {processor.py:157} INFO - Started process (PID=2690) to work on /home/airflow/.local/lib/python3.8/site-packages/airflow/example_dags/tutorial.py
[2023-10-26T10:03:32.847+0000] {processor.py:829} INFO - Processing file /home/airflow/.local/lib/python3.8/site-packages/airflow/example_dags/tutorial.py for tasks to queue
[2023-10-26T10:03:32.848+0000] {logging_mixin.py:151} INFO - [2023-10-26T10:03:32.848+0000] {dagbag.py:536} INFO - Filling up the DagBag from /home/airflow/.local/lib/python3.8/site-packages/airflow/example_dags/tutorial.py
[2023-10-26T10:03:32.851+0000] {processor.py:839} INFO - DAG(s) dict_keys(['tutorial']) retrieved from /home/airflow/.local/lib/python3.8/site-packages/airflow/example_dags/tutorial.py
[2023-10-26T10:03:32.865+0000] {logging_mixin.py:151} INFO - [2023-10-26T10:03:32.865+0000] {dag.py:2941} INFO - Sync 1 DAGs
[2023-10-26T10:03:32.885+0000] {logging_mixin.py:151} INFO - [2023-10-26T10:03:32.884+0000] {dag.py:3722} INFO - Setting next_dagrun for tutorial to 2023-10-25T10:03:32.884718+00:00, run_after=2023-10-26T10:03:32.884718+00:00
[2023-10-26T10:03:32.899+0000] {processor.py:179} INFO - Processing /home/airflow/.local/lib/python3.8/site-packages/airflow/example_dags/tutorial.py took 0.057 seconds
[2023-10-26T10:04:03.691+0000] {processor.py:157} INFO - Started process (PID=2746) to work on /home/airflow/.local/lib/python3.8/site-packages/airflow/example_dags/tutorial.py
[2023-10-26T10:04:03.694+0000] {processor.py:829} INFO - Processing file /home/airflow/.local/lib/python3.8/site-packages/airflow/example_dags/tutorial.py for tasks to queue
[2023-10-26T10:04:03.695+0000] {logging_mixin.py:151} INFO - [2023-10-26T10:04:03.695+0000] {dagbag.py:536} INFO - Filling up the DagBag from /home/airflow/.local/lib/python3.8/site-packages/airflow/example_dags/tutorial.py
[2023-10-26T10:04:03.700+0000] {processor.py:839} INFO - DAG(s) dict_keys(['tutorial']) retrieved from /home/airflow/.local/lib/python3.8/site-packages/airflow/example_dags/tutorial.py
[2023-10-26T10:04:03.715+0000] {logging_mixin.py:151} INFO - [2023-10-26T10:04:03.714+0000] {dag.py:2941} INFO - Sync 1 DAGs
[2023-10-26T10:04:03.728+0000] {logging_mixin.py:151} INFO - [2023-10-26T10:04:03.728+0000] {dag.py:3722} INFO - Setting next_dagrun for tutorial to 2023-10-25T10:04:03.728170+00:00, run_after=2023-10-26T10:04:03.728170+00:00
[2023-10-26T10:04:03.742+0000] {processor.py:179} INFO - Processing /home/airflow/.local/lib/python3.8/site-packages/airflow/example_dags/tutorial.py took 0.052 seconds
[2023-10-26T10:04:34.527+0000] {processor.py:157} INFO - Started process (PID=2802) to work on /home/airflow/.local/lib/python3.8/site-packages/airflow/example_dags/tutorial.py
[2023-10-26T10:04:34.529+0000] {processor.py:829} INFO - Processing file /home/airflow/.local/lib/python3.8/site-packages/airflow/example_dags/tutorial.py for tasks to queue
[2023-10-26T10:04:34.531+0000] {logging_mixin.py:151} INFO - [2023-10-26T10:04:34.531+0000] {dagbag.py:536} INFO - Filling up the DagBag from /home/airflow/.local/lib/python3.8/site-packages/airflow/example_dags/tutorial.py
[2023-10-26T10:04:34.536+0000] {processor.py:839} INFO - DAG(s) dict_keys(['tutorial']) retrieved from /home/airflow/.local/lib/python3.8/site-packages/airflow/example_dags/tutorial.py
[2023-10-26T10:04:34.552+0000] {logging_mixin.py:151} INFO - [2023-10-26T10:04:34.552+0000] {dag.py:2941} INFO - Sync 1 DAGs
[2023-10-26T10:04:34.569+0000] {logging_mixin.py:151} INFO - [2023-10-26T10:04:34.569+0000] {dag.py:3722} INFO - Setting next_dagrun for tutorial to 2023-10-25T10:04:34.569541+00:00, run_after=2023-10-26T10:04:34.569541+00:00
[2023-10-26T10:04:34.582+0000] {processor.py:179} INFO - Processing /home/airflow/.local/lib/python3.8/site-packages/airflow/example_dags/tutorial.py took 0.058 seconds
[2023-10-26T10:05:05.310+0000] {processor.py:157} INFO - Started process (PID=2858) to work on /home/airflow/.local/lib/python3.8/site-packages/airflow/example_dags/tutorial.py
[2023-10-26T10:05:05.313+0000] {processor.py:829} INFO - Processing file /home/airflow/.local/lib/python3.8/site-packages/airflow/example_dags/tutorial.py for tasks to queue
[2023-10-26T10:05:05.314+0000] {logging_mixin.py:151} INFO - [2023-10-26T10:05:05.314+0000] {dagbag.py:536} INFO - Filling up the DagBag from /home/airflow/.local/lib/python3.8/site-packages/airflow/example_dags/tutorial.py
[2023-10-26T10:05:05.317+0000] {processor.py:839} INFO - DAG(s) dict_keys(['tutorial']) retrieved from /home/airflow/.local/lib/python3.8/site-packages/airflow/example_dags/tutorial.py
[2023-10-26T10:05:05.331+0000] {logging_mixin.py:151} INFO - [2023-10-26T10:05:05.331+0000] {dag.py:2941} INFO - Sync 1 DAGs
[2023-10-26T10:05:05.349+0000] {logging_mixin.py:151} INFO - [2023-10-26T10:05:05.349+0000] {dag.py:3722} INFO - Setting next_dagrun for tutorial to 2023-10-25T10:05:05.349302+00:00, run_after=2023-10-26T10:05:05.349302+00:00
[2023-10-26T10:05:05.361+0000] {processor.py:179} INFO - Processing /home/airflow/.local/lib/python3.8/site-packages/airflow/example_dags/tutorial.py took 0.053 seconds
[2023-10-26T10:05:36.095+0000] {processor.py:157} INFO - Started process (PID=2914) to work on /home/airflow/.local/lib/python3.8/site-packages/airflow/example_dags/tutorial.py
[2023-10-26T10:05:36.096+0000] {processor.py:829} INFO - Processing file /home/airflow/.local/lib/python3.8/site-packages/airflow/example_dags/tutorial.py for tasks to queue
[2023-10-26T10:05:36.097+0000] {logging_mixin.py:151} INFO - [2023-10-26T10:05:36.097+0000] {dagbag.py:536} INFO - Filling up the DagBag from /home/airflow/.local/lib/python3.8/site-packages/airflow/example_dags/tutorial.py
[2023-10-26T10:05:36.101+0000] {processor.py:839} INFO - DAG(s) dict_keys(['tutorial']) retrieved from /home/airflow/.local/lib/python3.8/site-packages/airflow/example_dags/tutorial.py
[2023-10-26T10:05:36.113+0000] {logging_mixin.py:151} INFO - [2023-10-26T10:05:36.113+0000] {dag.py:2941} INFO - Sync 1 DAGs
[2023-10-26T10:05:36.127+0000] {logging_mixin.py:151} INFO - [2023-10-26T10:05:36.126+0000] {dag.py:3722} INFO - Setting next_dagrun for tutorial to 2023-10-25T10:05:36.126738+00:00, run_after=2023-10-26T10:05:36.126738+00:00
[2023-10-26T10:05:36.137+0000] {processor.py:179} INFO - Processing /home/airflow/.local/lib/python3.8/site-packages/airflow/example_dags/tutorial.py took 0.044 seconds
[2023-10-26T10:06:06.857+0000] {processor.py:157} INFO - Started process (PID=2970) to work on /home/airflow/.local/lib/python3.8/site-packages/airflow/example_dags/tutorial.py
[2023-10-26T10:06:06.860+0000] {processor.py:829} INFO - Processing file /home/airflow/.local/lib/python3.8/site-packages/airflow/example_dags/tutorial.py for tasks to queue
[2023-10-26T10:06:06.861+0000] {logging_mixin.py:151} INFO - [2023-10-26T10:06:06.861+0000] {dagbag.py:536} INFO - Filling up the DagBag from /home/airflow/.local/lib/python3.8/site-packages/airflow/example_dags/tutorial.py
[2023-10-26T10:06:06.864+0000] {processor.py:839} INFO - DAG(s) dict_keys(['tutorial']) retrieved from /home/airflow/.local/lib/python3.8/site-packages/airflow/example_dags/tutorial.py
[2023-10-26T10:06:06.878+0000] {logging_mixin.py:151} INFO - [2023-10-26T10:06:06.878+0000] {dag.py:2941} INFO - Sync 1 DAGs
[2023-10-26T10:06:06.896+0000] {logging_mixin.py:151} INFO - [2023-10-26T10:06:06.896+0000] {dag.py:3722} INFO - Setting next_dagrun for tutorial to 2023-10-25T10:06:06.896157+00:00, run_after=2023-10-26T10:06:06.896157+00:00
[2023-10-26T10:06:06.908+0000] {processor.py:179} INFO - Processing /home/airflow/.local/lib/python3.8/site-packages/airflow/example_dags/tutorial.py took 0.052 seconds
[2023-10-26T10:06:37.697+0000] {processor.py:157} INFO - Started process (PID=3027) to work on /home/airflow/.local/lib/python3.8/site-packages/airflow/example_dags/tutorial.py
[2023-10-26T10:06:37.697+0000] {processor.py:829} INFO - Processing file /home/airflow/.local/lib/python3.8/site-packages/airflow/example_dags/tutorial.py for tasks to queue
[2023-10-26T10:06:37.699+0000] {logging_mixin.py:151} INFO - [2023-10-26T10:06:37.698+0000] {dagbag.py:536} INFO - Filling up the DagBag from /home/airflow/.local/lib/python3.8/site-packages/airflow/example_dags/tutorial.py
[2023-10-26T10:06:37.702+0000] {processor.py:839} INFO - DAG(s) dict_keys(['tutorial']) retrieved from /home/airflow/.local/lib/python3.8/site-packages/airflow/example_dags/tutorial.py
[2023-10-26T10:06:37.714+0000] {logging_mixin.py:151} INFO - [2023-10-26T10:06:37.714+0000] {dag.py:2941} INFO - Sync 1 DAGs
[2023-10-26T10:06:37.728+0000] {logging_mixin.py:151} INFO - [2023-10-26T10:06:37.728+0000] {dag.py:3722} INFO - Setting next_dagrun for tutorial to 2023-10-25T10:06:37.727873+00:00, run_after=2023-10-26T10:06:37.727873+00:00
[2023-10-26T10:06:37.741+0000] {processor.py:179} INFO - Processing /home/airflow/.local/lib/python3.8/site-packages/airflow/example_dags/tutorial.py took 0.046 seconds
[2023-10-26T10:07:08.484+0000] {processor.py:157} INFO - Started process (PID=3083) to work on /home/airflow/.local/lib/python3.8/site-packages/airflow/example_dags/tutorial.py
[2023-10-26T10:07:08.487+0000] {processor.py:829} INFO - Processing file /home/airflow/.local/lib/python3.8/site-packages/airflow/example_dags/tutorial.py for tasks to queue
[2023-10-26T10:07:08.488+0000] {logging_mixin.py:151} INFO - [2023-10-26T10:07:08.488+0000] {dagbag.py:536} INFO - Filling up the DagBag from /home/airflow/.local/lib/python3.8/site-packages/airflow/example_dags/tutorial.py
[2023-10-26T10:07:08.491+0000] {processor.py:839} INFO - DAG(s) dict_keys(['tutorial']) retrieved from /home/airflow/.local/lib/python3.8/site-packages/airflow/example_dags/tutorial.py
[2023-10-26T10:07:08.507+0000] {logging_mixin.py:151} INFO - [2023-10-26T10:07:08.507+0000] {dag.py:2941} INFO - Sync 1 DAGs
[2023-10-26T10:07:08.524+0000] {logging_mixin.py:151} INFO - [2023-10-26T10:07:08.524+0000] {dag.py:3722} INFO - Setting next_dagrun for tutorial to 2023-10-25T10:07:08.524237+00:00, run_after=2023-10-26T10:07:08.524237+00:00
[2023-10-26T10:07:08.538+0000] {processor.py:179} INFO - Processing /home/airflow/.local/lib/python3.8/site-packages/airflow/example_dags/tutorial.py took 0.056 seconds
[2023-10-26T10:07:39.303+0000] {processor.py:157} INFO - Started process (PID=3139) to work on /home/airflow/.local/lib/python3.8/site-packages/airflow/example_dags/tutorial.py
[2023-10-26T10:07:39.306+0000] {processor.py:829} INFO - Processing file /home/airflow/.local/lib/python3.8/site-packages/airflow/example_dags/tutorial.py for tasks to queue
[2023-10-26T10:07:39.307+0000] {logging_mixin.py:151} INFO - [2023-10-26T10:07:39.307+0000] {dagbag.py:536} INFO - Filling up the DagBag from /home/airflow/.local/lib/python3.8/site-packages/airflow/example_dags/tutorial.py
[2023-10-26T10:07:39.312+0000] {processor.py:839} INFO - DAG(s) dict_keys(['tutorial']) retrieved from /home/airflow/.local/lib/python3.8/site-packages/airflow/example_dags/tutorial.py
[2023-10-26T10:07:39.328+0000] {logging_mixin.py:151} INFO - [2023-10-26T10:07:39.328+0000] {dag.py:2941} INFO - Sync 1 DAGs
[2023-10-26T10:07:39.348+0000] {logging_mixin.py:151} INFO - [2023-10-26T10:07:39.347+0000] {dag.py:3722} INFO - Setting next_dagrun for tutorial to 2023-10-25T10:07:39.347725+00:00, run_after=2023-10-26T10:07:39.347725+00:00
[2023-10-26T10:07:39.362+0000] {processor.py:179} INFO - Processing /home/airflow/.local/lib/python3.8/site-packages/airflow/example_dags/tutorial.py took 0.061 seconds
[2023-10-26T14:28:34.489+0000] {processor.py:157} INFO - Started process (PID=3154) to work on /home/airflow/.local/lib/python3.8/site-packages/airflow/example_dags/tutorial.py
[2023-10-26T14:28:34.494+0000] {processor.py:829} INFO - Processing file /home/airflow/.local/lib/python3.8/site-packages/airflow/example_dags/tutorial.py for tasks to queue
[2023-10-26T14:28:34.496+0000] {logging_mixin.py:151} INFO - [2023-10-26T14:28:34.496+0000] {dagbag.py:536} INFO - Filling up the DagBag from /home/airflow/.local/lib/python3.8/site-packages/airflow/example_dags/tutorial.py
[2023-10-26T14:28:34.502+0000] {processor.py:839} INFO - DAG(s) dict_keys(['tutorial']) retrieved from /home/airflow/.local/lib/python3.8/site-packages/airflow/example_dags/tutorial.py
[2023-10-26T14:28:34.542+0000] {logging_mixin.py:151} INFO - [2023-10-26T14:28:34.541+0000] {dag.py:2941} INFO - Sync 1 DAGs
[2023-10-26T14:28:34.571+0000] {logging_mixin.py:151} INFO - [2023-10-26T14:28:34.571+0000] {dag.py:3722} INFO - Setting next_dagrun for tutorial to 2023-10-25T14:28:34.571004+00:00, run_after=2023-10-26T14:28:34.571004+00:00
[2023-10-26T14:28:34.599+0000] {processor.py:179} INFO - Processing /home/airflow/.local/lib/python3.8/site-packages/airflow/example_dags/tutorial.py took 0.124 seconds
[2023-10-26T14:29:05.608+0000] {processor.py:157} INFO - Started process (PID=3211) to work on /home/airflow/.local/lib/python3.8/site-packages/airflow/example_dags/tutorial.py
[2023-10-26T14:29:05.609+0000] {processor.py:829} INFO - Processing file /home/airflow/.local/lib/python3.8/site-packages/airflow/example_dags/tutorial.py for tasks to queue
[2023-10-26T14:29:05.610+0000] {logging_mixin.py:151} INFO - [2023-10-26T14:29:05.610+0000] {dagbag.py:536} INFO - Filling up the DagBag from /home/airflow/.local/lib/python3.8/site-packages/airflow/example_dags/tutorial.py
[2023-10-26T14:29:05.616+0000] {processor.py:839} INFO - DAG(s) dict_keys(['tutorial']) retrieved from /home/airflow/.local/lib/python3.8/site-packages/airflow/example_dags/tutorial.py
[2023-10-26T14:29:05.630+0000] {logging_mixin.py:151} INFO - [2023-10-26T14:29:05.630+0000] {dag.py:2941} INFO - Sync 1 DAGs
[2023-10-26T14:29:05.645+0000] {logging_mixin.py:151} INFO - [2023-10-26T14:29:05.645+0000] {dag.py:3722} INFO - Setting next_dagrun for tutorial to 2023-10-25T14:29:05.645116+00:00, run_after=2023-10-26T14:29:05.645116+00:00
[2023-10-26T14:29:05.659+0000] {processor.py:179} INFO - Processing /home/airflow/.local/lib/python3.8/site-packages/airflow/example_dags/tutorial.py took 0.055 seconds
[2023-10-26T14:29:35.721+0000] {processor.py:157} INFO - Started process (PID=3267) to work on /home/airflow/.local/lib/python3.8/site-packages/airflow/example_dags/tutorial.py
[2023-10-26T14:29:35.723+0000] {processor.py:829} INFO - Processing file /home/airflow/.local/lib/python3.8/site-packages/airflow/example_dags/tutorial.py for tasks to queue
[2023-10-26T14:29:35.725+0000] {logging_mixin.py:151} INFO - [2023-10-26T14:29:35.724+0000] {dagbag.py:536} INFO - Filling up the DagBag from /home/airflow/.local/lib/python3.8/site-packages/airflow/example_dags/tutorial.py
[2023-10-26T14:29:35.728+0000] {processor.py:839} INFO - DAG(s) dict_keys(['tutorial']) retrieved from /home/airflow/.local/lib/python3.8/site-packages/airflow/example_dags/tutorial.py
[2023-10-26T14:29:35.743+0000] {logging_mixin.py:151} INFO - [2023-10-26T14:29:35.743+0000] {dag.py:2941} INFO - Sync 1 DAGs
[2023-10-26T14:29:35.760+0000] {logging_mixin.py:151} INFO - [2023-10-26T14:29:35.760+0000] {dag.py:3722} INFO - Setting next_dagrun for tutorial to 2023-10-25T14:29:35.760139+00:00, run_after=2023-10-26T14:29:35.760139+00:00
[2023-10-26T14:29:35.772+0000] {processor.py:179} INFO - Processing /home/airflow/.local/lib/python3.8/site-packages/airflow/example_dags/tutorial.py took 0.053 seconds
[2023-10-26T14:30:06.497+0000] {processor.py:157} INFO - Started process (PID=3323) to work on /home/airflow/.local/lib/python3.8/site-packages/airflow/example_dags/tutorial.py
[2023-10-26T14:30:06.499+0000] {processor.py:829} INFO - Processing file /home/airflow/.local/lib/python3.8/site-packages/airflow/example_dags/tutorial.py for tasks to queue
[2023-10-26T14:30:06.500+0000] {logging_mixin.py:151} INFO - [2023-10-26T14:30:06.500+0000] {dagbag.py:536} INFO - Filling up the DagBag from /home/airflow/.local/lib/python3.8/site-packages/airflow/example_dags/tutorial.py
[2023-10-26T14:30:06.504+0000] {processor.py:839} INFO - DAG(s) dict_keys(['tutorial']) retrieved from /home/airflow/.local/lib/python3.8/site-packages/airflow/example_dags/tutorial.py
[2023-10-26T14:30:06.516+0000] {logging_mixin.py:151} INFO - [2023-10-26T14:30:06.516+0000] {dag.py:2941} INFO - Sync 1 DAGs
[2023-10-26T14:30:06.530+0000] {logging_mixin.py:151} INFO - [2023-10-26T14:30:06.530+0000] {dag.py:3722} INFO - Setting next_dagrun for tutorial to 2023-10-25T14:30:06.530228+00:00, run_after=2023-10-26T14:30:06.530228+00:00
[2023-10-26T14:30:06.542+0000] {processor.py:179} INFO - Processing /home/airflow/.local/lib/python3.8/site-packages/airflow/example_dags/tutorial.py took 0.047 seconds
[2023-10-26T14:30:37.262+0000] {processor.py:157} INFO - Started process (PID=3379) to work on /home/airflow/.local/lib/python3.8/site-packages/airflow/example_dags/tutorial.py
[2023-10-26T14:30:37.265+0000] {processor.py:829} INFO - Processing file /home/airflow/.local/lib/python3.8/site-packages/airflow/example_dags/tutorial.py for tasks to queue
[2023-10-26T14:30:37.266+0000] {logging_mixin.py:151} INFO - [2023-10-26T14:30:37.266+0000] {dagbag.py:536} INFO - Filling up the DagBag from /home/airflow/.local/lib/python3.8/site-packages/airflow/example_dags/tutorial.py
[2023-10-26T14:30:37.269+0000] {processor.py:839} INFO - DAG(s) dict_keys(['tutorial']) retrieved from /home/airflow/.local/lib/python3.8/site-packages/airflow/example_dags/tutorial.py
[2023-10-26T14:30:37.283+0000] {logging_mixin.py:151} INFO - [2023-10-26T14:30:37.283+0000] {dag.py:2941} INFO - Sync 1 DAGs
[2023-10-26T14:30:37.298+0000] {logging_mixin.py:151} INFO - [2023-10-26T14:30:37.298+0000] {dag.py:3722} INFO - Setting next_dagrun for tutorial to 2023-10-25T14:30:37.298112+00:00, run_after=2023-10-26T14:30:37.298112+00:00
[2023-10-26T14:30:37.311+0000] {processor.py:179} INFO - Processing /home/airflow/.local/lib/python3.8/site-packages/airflow/example_dags/tutorial.py took 0.052 seconds
[2023-10-26T14:31:08.091+0000] {processor.py:157} INFO - Started process (PID=3436) to work on /home/airflow/.local/lib/python3.8/site-packages/airflow/example_dags/tutorial.py
[2023-10-26T14:31:08.093+0000] {processor.py:829} INFO - Processing file /home/airflow/.local/lib/python3.8/site-packages/airflow/example_dags/tutorial.py for tasks to queue
[2023-10-26T14:31:08.095+0000] {logging_mixin.py:151} INFO - [2023-10-26T14:31:08.095+0000] {dagbag.py:536} INFO - Filling up the DagBag from /home/airflow/.local/lib/python3.8/site-packages/airflow/example_dags/tutorial.py
[2023-10-26T14:31:08.098+0000] {processor.py:839} INFO - DAG(s) dict_keys(['tutorial']) retrieved from /home/airflow/.local/lib/python3.8/site-packages/airflow/example_dags/tutorial.py
[2023-10-26T14:31:08.111+0000] {logging_mixin.py:151} INFO - [2023-10-26T14:31:08.110+0000] {dag.py:2941} INFO - Sync 1 DAGs
[2023-10-26T14:31:08.124+0000] {logging_mixin.py:151} INFO - [2023-10-26T14:31:08.124+0000] {dag.py:3722} INFO - Setting next_dagrun for tutorial to 2023-10-25T14:31:08.124346+00:00, run_after=2023-10-26T14:31:08.124346+00:00
[2023-10-26T14:31:08.137+0000] {processor.py:179} INFO - Processing /home/airflow/.local/lib/python3.8/site-packages/airflow/example_dags/tutorial.py took 0.048 seconds
[2023-10-26T14:31:38.860+0000] {processor.py:157} INFO - Started process (PID=3492) to work on /home/airflow/.local/lib/python3.8/site-packages/airflow/example_dags/tutorial.py
[2023-10-26T14:31:38.862+0000] {processor.py:829} INFO - Processing file /home/airflow/.local/lib/python3.8/site-packages/airflow/example_dags/tutorial.py for tasks to queue
[2023-10-26T14:31:38.864+0000] {logging_mixin.py:151} INFO - [2023-10-26T14:31:38.864+0000] {dagbag.py:536} INFO - Filling up the DagBag from /home/airflow/.local/lib/python3.8/site-packages/airflow/example_dags/tutorial.py
[2023-10-26T14:31:38.868+0000] {processor.py:839} INFO - DAG(s) dict_keys(['tutorial']) retrieved from /home/airflow/.local/lib/python3.8/site-packages/airflow/example_dags/tutorial.py
[2023-10-26T14:31:38.882+0000] {logging_mixin.py:151} INFO - [2023-10-26T14:31:38.882+0000] {dag.py:2941} INFO - Sync 1 DAGs
[2023-10-26T14:31:38.901+0000] {logging_mixin.py:151} INFO - [2023-10-26T14:31:38.901+0000] {dag.py:3722} INFO - Setting next_dagrun for tutorial to 2023-10-25T14:31:38.901272+00:00, run_after=2023-10-26T14:31:38.901272+00:00
[2023-10-26T14:31:38.915+0000] {processor.py:179} INFO - Processing /home/airflow/.local/lib/python3.8/site-packages/airflow/example_dags/tutorial.py took 0.060 seconds
[2023-10-26T14:32:09.642+0000] {processor.py:157} INFO - Started process (PID=3548) to work on /home/airflow/.local/lib/python3.8/site-packages/airflow/example_dags/tutorial.py
[2023-10-26T14:32:09.643+0000] {processor.py:829} INFO - Processing file /home/airflow/.local/lib/python3.8/site-packages/airflow/example_dags/tutorial.py for tasks to queue
[2023-10-26T14:32:09.644+0000] {logging_mixin.py:151} INFO - [2023-10-26T14:32:09.644+0000] {dagbag.py:536} INFO - Filling up the DagBag from /home/airflow/.local/lib/python3.8/site-packages/airflow/example_dags/tutorial.py
[2023-10-26T14:32:09.648+0000] {processor.py:839} INFO - DAG(s) dict_keys(['tutorial']) retrieved from /home/airflow/.local/lib/python3.8/site-packages/airflow/example_dags/tutorial.py
[2023-10-26T14:32:09.663+0000] {logging_mixin.py:151} INFO - [2023-10-26T14:32:09.663+0000] {dag.py:2941} INFO - Sync 1 DAGs
[2023-10-26T14:32:09.681+0000] {logging_mixin.py:151} INFO - [2023-10-26T14:32:09.681+0000] {dag.py:3722} INFO - Setting next_dagrun for tutorial to 2023-10-25T14:32:09.681339+00:00, run_after=2023-10-26T14:32:09.681339+00:00
[2023-10-26T14:32:09.695+0000] {processor.py:179} INFO - Processing /home/airflow/.local/lib/python3.8/site-packages/airflow/example_dags/tutorial.py took 0.056 seconds
[2023-10-26T14:32:40.398+0000] {processor.py:157} INFO - Started process (PID=3603) to work on /home/airflow/.local/lib/python3.8/site-packages/airflow/example_dags/tutorial.py
[2023-10-26T14:32:40.401+0000] {processor.py:829} INFO - Processing file /home/airflow/.local/lib/python3.8/site-packages/airflow/example_dags/tutorial.py for tasks to queue
[2023-10-26T14:32:40.402+0000] {logging_mixin.py:151} INFO - [2023-10-26T14:32:40.402+0000] {dagbag.py:536} INFO - Filling up the DagBag from /home/airflow/.local/lib/python3.8/site-packages/airflow/example_dags/tutorial.py
[2023-10-26T14:32:40.407+0000] {processor.py:839} INFO - DAG(s) dict_keys(['tutorial']) retrieved from /home/airflow/.local/lib/python3.8/site-packages/airflow/example_dags/tutorial.py
[2023-10-26T14:32:40.423+0000] {logging_mixin.py:151} INFO - [2023-10-26T14:32:40.422+0000] {dag.py:2941} INFO - Sync 1 DAGs
[2023-10-26T14:32:40.439+0000] {logging_mixin.py:151} INFO - [2023-10-26T14:32:40.439+0000] {dag.py:3722} INFO - Setting next_dagrun for tutorial to 2023-10-25T14:32:40.438976+00:00, run_after=2023-10-26T14:32:40.438976+00:00
[2023-10-26T14:32:40.451+0000] {processor.py:179} INFO - Processing /home/airflow/.local/lib/python3.8/site-packages/airflow/example_dags/tutorial.py took 0.056 seconds
