[2023-11-30T17:54:43.346+0000] {processor.py:157} INFO - Started process (PID=103) to work on /home/airflow/.local/lib/python3.8/site-packages/airflow/example_dags/example_bash_operator.py
[2023-11-30T17:54:43.346+0000] {processor.py:829} INFO - Processing file /home/airflow/.local/lib/python3.8/site-packages/airflow/example_dags/example_bash_operator.py for tasks to queue
[2023-11-30T17:54:43.360+0000] {logging_mixin.py:151} INFO - [2023-11-30T17:54:43.359+0000] {dagbag.py:536} INFO - Filling up the DagBag from /home/airflow/.local/lib/python3.8/site-packages/airflow/example_dags/example_bash_operator.py
[2023-11-30T17:54:43.389+0000] {processor.py:839} INFO - DAG(s) dict_keys(['example_bash_operator']) retrieved from /home/airflow/.local/lib/python3.8/site-packages/airflow/example_dags/example_bash_operator.py
[2023-11-30T17:54:43.485+0000] {logging_mixin.py:151} INFO - [2023-11-30T17:54:43.484+0000] {dag.py:2941} INFO - Sync 1 DAGs
[2023-11-30T17:54:43.555+0000] {logging_mixin.py:151} INFO - [2023-11-30T17:54:43.554+0000] {dag.py:3722} INFO - Setting next_dagrun for example_bash_operator to 2023-11-29T00:00:00+00:00, run_after=2023-11-30T00:00:00+00:00
[2023-11-30T17:54:43.643+0000] {processor.py:179} INFO - Processing /home/airflow/.local/lib/python3.8/site-packages/airflow/example_dags/example_bash_operator.py took 0.305 seconds
[2023-11-30T17:55:14.575+0000] {processor.py:157} INFO - Started process (PID=160) to work on /home/airflow/.local/lib/python3.8/site-packages/airflow/example_dags/example_bash_operator.py
[2023-11-30T17:55:14.578+0000] {processor.py:829} INFO - Processing file /home/airflow/.local/lib/python3.8/site-packages/airflow/example_dags/example_bash_operator.py for tasks to queue
[2023-11-30T17:55:14.580+0000] {logging_mixin.py:151} INFO - [2023-11-30T17:55:14.579+0000] {dagbag.py:536} INFO - Filling up the DagBag from /home/airflow/.local/lib/python3.8/site-packages/airflow/example_dags/example_bash_operator.py
[2023-11-30T17:55:14.587+0000] {processor.py:839} INFO - DAG(s) dict_keys(['example_bash_operator']) retrieved from /home/airflow/.local/lib/python3.8/site-packages/airflow/example_dags/example_bash_operator.py
[2023-11-30T17:55:14.613+0000] {logging_mixin.py:151} INFO - [2023-11-30T17:55:14.613+0000] {dag.py:2941} INFO - Sync 1 DAGs
[2023-11-30T17:55:14.633+0000] {logging_mixin.py:151} INFO - [2023-11-30T17:55:14.633+0000] {dag.py:3722} INFO - Setting next_dagrun for example_bash_operator to 2023-11-29T00:00:00+00:00, run_after=2023-11-30T00:00:00+00:00
[2023-11-30T17:55:14.648+0000] {processor.py:179} INFO - Processing /home/airflow/.local/lib/python3.8/site-packages/airflow/example_dags/example_bash_operator.py took 0.076 seconds
[2023-11-30T17:55:45.510+0000] {processor.py:157} INFO - Started process (PID=224) to work on /home/airflow/.local/lib/python3.8/site-packages/airflow/example_dags/example_bash_operator.py
[2023-11-30T17:55:45.511+0000] {processor.py:829} INFO - Processing file /home/airflow/.local/lib/python3.8/site-packages/airflow/example_dags/example_bash_operator.py for tasks to queue
[2023-11-30T17:55:45.512+0000] {logging_mixin.py:151} INFO - [2023-11-30T17:55:45.512+0000] {dagbag.py:536} INFO - Filling up the DagBag from /home/airflow/.local/lib/python3.8/site-packages/airflow/example_dags/example_bash_operator.py
[2023-11-30T17:55:45.520+0000] {processor.py:839} INFO - DAG(s) dict_keys(['example_bash_operator']) retrieved from /home/airflow/.local/lib/python3.8/site-packages/airflow/example_dags/example_bash_operator.py
[2023-11-30T17:55:45.545+0000] {logging_mixin.py:151} INFO - [2023-11-30T17:55:45.545+0000] {dag.py:2941} INFO - Sync 1 DAGs
[2023-11-30T17:55:45.564+0000] {logging_mixin.py:151} INFO - [2023-11-30T17:55:45.564+0000] {dag.py:3722} INFO - Setting next_dagrun for example_bash_operator to 2023-11-29T00:00:00+00:00, run_after=2023-11-30T00:00:00+00:00
[2023-11-30T17:55:45.579+0000] {processor.py:179} INFO - Processing /home/airflow/.local/lib/python3.8/site-packages/airflow/example_dags/example_bash_operator.py took 0.072 seconds
[2023-11-30T17:56:15.771+0000] {processor.py:157} INFO - Started process (PID=282) to work on /home/airflow/.local/lib/python3.8/site-packages/airflow/example_dags/example_bash_operator.py
[2023-11-30T17:56:15.771+0000] {processor.py:829} INFO - Processing file /home/airflow/.local/lib/python3.8/site-packages/airflow/example_dags/example_bash_operator.py for tasks to queue
[2023-11-30T17:56:15.773+0000] {logging_mixin.py:151} INFO - [2023-11-30T17:56:15.773+0000] {dagbag.py:536} INFO - Filling up the DagBag from /home/airflow/.local/lib/python3.8/site-packages/airflow/example_dags/example_bash_operator.py
[2023-11-30T17:56:15.783+0000] {processor.py:839} INFO - DAG(s) dict_keys(['example_bash_operator']) retrieved from /home/airflow/.local/lib/python3.8/site-packages/airflow/example_dags/example_bash_operator.py
[2023-11-30T17:56:15.807+0000] {logging_mixin.py:151} INFO - [2023-11-30T17:56:15.807+0000] {dag.py:2941} INFO - Sync 1 DAGs
[2023-11-30T17:56:15.829+0000] {logging_mixin.py:151} INFO - [2023-11-30T17:56:15.829+0000] {dag.py:3722} INFO - Setting next_dagrun for example_bash_operator to 2023-11-29T00:00:00+00:00, run_after=2023-11-30T00:00:00+00:00
[2023-11-30T17:56:15.843+0000] {processor.py:179} INFO - Processing /home/airflow/.local/lib/python3.8/site-packages/airflow/example_dags/example_bash_operator.py took 0.077 seconds
[2023-11-30T17:56:36.826+0000] {processor.py:157} INFO - Started process (PID=53) to work on /home/airflow/.local/lib/python3.8/site-packages/airflow/example_dags/example_bash_operator.py
[2023-11-30T17:56:36.827+0000] {processor.py:829} INFO - Processing file /home/airflow/.local/lib/python3.8/site-packages/airflow/example_dags/example_bash_operator.py for tasks to queue
[2023-11-30T17:56:36.829+0000] {logging_mixin.py:151} INFO - [2023-11-30T17:56:36.829+0000] {dagbag.py:536} INFO - Filling up the DagBag from /home/airflow/.local/lib/python3.8/site-packages/airflow/example_dags/example_bash_operator.py
[2023-11-30T17:56:36.843+0000] {processor.py:839} INFO - DAG(s) dict_keys(['example_bash_operator']) retrieved from /home/airflow/.local/lib/python3.8/site-packages/airflow/example_dags/example_bash_operator.py
[2023-11-30T17:56:36.895+0000] {logging_mixin.py:151} INFO - [2023-11-30T17:56:36.895+0000] {dag.py:2941} INFO - Sync 1 DAGs
[2023-11-30T17:56:36.924+0000] {logging_mixin.py:151} INFO - [2023-11-30T17:56:36.924+0000] {dag.py:3722} INFO - Setting next_dagrun for example_bash_operator to 2023-11-29T00:00:00+00:00, run_after=2023-11-30T00:00:00+00:00
[2023-11-30T17:56:36.944+0000] {processor.py:179} INFO - Processing /home/airflow/.local/lib/python3.8/site-packages/airflow/example_dags/example_bash_operator.py took 0.122 seconds
