[2023-11-30T17:54:40.768+0000] {processor.py:157} INFO - Started process (PID=84) to work on /home/airflow/.local/lib/python3.8/site-packages/airflow/example_dags/example_short_circuit_decorator.py
[2023-11-30T17:54:40.769+0000] {processor.py:829} INFO - Processing file /home/airflow/.local/lib/python3.8/site-packages/airflow/example_dags/example_short_circuit_decorator.py for tasks to queue
[2023-11-30T17:54:40.774+0000] {logging_mixin.py:151} INFO - [2023-11-30T17:54:40.774+0000] {dagbag.py:536} INFO - Filling up the DagBag from /home/airflow/.local/lib/python3.8/site-packages/airflow/example_dags/example_short_circuit_decorator.py
[2023-11-30T17:54:40.802+0000] {processor.py:839} INFO - DAG(s) dict_keys(['example_short_circuit_decorator']) retrieved from /home/airflow/.local/lib/python3.8/site-packages/airflow/example_dags/example_short_circuit_decorator.py
[2023-11-30T17:54:40.846+0000] {logging_mixin.py:151} INFO - [2023-11-30T17:54:40.845+0000] {dag.py:2941} INFO - Sync 1 DAGs
[2023-11-30T17:54:40.874+0000] {logging_mixin.py:151} INFO - [2023-11-30T17:54:40.874+0000] {dag.py:3722} INFO - Setting next_dagrun for example_short_circuit_decorator to 2023-11-29T17:54:40.874268+00:00, run_after=2023-11-30T17:54:40.874268+00:00
[2023-11-30T17:54:40.930+0000] {processor.py:179} INFO - Processing /home/airflow/.local/lib/python3.8/site-packages/airflow/example_dags/example_short_circuit_decorator.py took 0.166 seconds
[2023-11-30T17:55:11.712+0000] {processor.py:157} INFO - Started process (PID=141) to work on /home/airflow/.local/lib/python3.8/site-packages/airflow/example_dags/example_short_circuit_decorator.py
[2023-11-30T17:55:11.713+0000] {processor.py:829} INFO - Processing file /home/airflow/.local/lib/python3.8/site-packages/airflow/example_dags/example_short_circuit_decorator.py for tasks to queue
[2023-11-30T17:55:11.715+0000] {logging_mixin.py:151} INFO - [2023-11-30T17:55:11.715+0000] {dagbag.py:536} INFO - Filling up the DagBag from /home/airflow/.local/lib/python3.8/site-packages/airflow/example_dags/example_short_circuit_decorator.py
[2023-11-30T17:55:11.723+0000] {processor.py:839} INFO - DAG(s) dict_keys(['example_short_circuit_decorator']) retrieved from /home/airflow/.local/lib/python3.8/site-packages/airflow/example_dags/example_short_circuit_decorator.py
[2023-11-30T17:55:11.742+0000] {logging_mixin.py:151} INFO - [2023-11-30T17:55:11.742+0000] {dag.py:2941} INFO - Sync 1 DAGs
[2023-11-30T17:55:11.760+0000] {logging_mixin.py:151} INFO - [2023-11-30T17:55:11.760+0000] {dag.py:3722} INFO - Setting next_dagrun for example_short_circuit_decorator to 2023-11-29T17:55:11.760320+00:00, run_after=2023-11-30T17:55:11.760320+00:00
[2023-11-30T17:55:11.774+0000] {processor.py:179} INFO - Processing /home/airflow/.local/lib/python3.8/site-packages/airflow/example_dags/example_short_circuit_decorator.py took 0.065 seconds
[2023-11-30T17:55:42.746+0000] {processor.py:157} INFO - Started process (PID=198) to work on /home/airflow/.local/lib/python3.8/site-packages/airflow/example_dags/example_short_circuit_decorator.py
[2023-11-30T17:55:42.747+0000] {processor.py:829} INFO - Processing file /home/airflow/.local/lib/python3.8/site-packages/airflow/example_dags/example_short_circuit_decorator.py for tasks to queue
[2023-11-30T17:55:42.748+0000] {logging_mixin.py:151} INFO - [2023-11-30T17:55:42.748+0000] {dagbag.py:536} INFO - Filling up the DagBag from /home/airflow/.local/lib/python3.8/site-packages/airflow/example_dags/example_short_circuit_decorator.py
[2023-11-30T17:55:42.753+0000] {processor.py:839} INFO - DAG(s) dict_keys(['example_short_circuit_decorator']) retrieved from /home/airflow/.local/lib/python3.8/site-packages/airflow/example_dags/example_short_circuit_decorator.py
[2023-11-30T17:55:42.768+0000] {logging_mixin.py:151} INFO - [2023-11-30T17:55:42.768+0000] {dag.py:2941} INFO - Sync 1 DAGs
[2023-11-30T17:55:42.782+0000] {logging_mixin.py:151} INFO - [2023-11-30T17:55:42.782+0000] {dag.py:3722} INFO - Setting next_dagrun for example_short_circuit_decorator to 2023-11-29T17:55:42.782617+00:00, run_after=2023-11-30T17:55:42.782617+00:00
[2023-11-30T17:55:42.793+0000] {processor.py:179} INFO - Processing /home/airflow/.local/lib/python3.8/site-packages/airflow/example_dags/example_short_circuit_decorator.py took 0.049 seconds
[2023-11-30T17:56:12.997+0000] {processor.py:157} INFO - Started process (PID=255) to work on /home/airflow/.local/lib/python3.8/site-packages/airflow/example_dags/example_short_circuit_decorator.py
[2023-11-30T17:56:12.997+0000] {processor.py:829} INFO - Processing file /home/airflow/.local/lib/python3.8/site-packages/airflow/example_dags/example_short_circuit_decorator.py for tasks to queue
[2023-11-30T17:56:12.999+0000] {logging_mixin.py:151} INFO - [2023-11-30T17:56:12.998+0000] {dagbag.py:536} INFO - Filling up the DagBag from /home/airflow/.local/lib/python3.8/site-packages/airflow/example_dags/example_short_circuit_decorator.py
[2023-11-30T17:56:13.007+0000] {processor.py:839} INFO - DAG(s) dict_keys(['example_short_circuit_decorator']) retrieved from /home/airflow/.local/lib/python3.8/site-packages/airflow/example_dags/example_short_circuit_decorator.py
[2023-11-30T17:56:13.026+0000] {logging_mixin.py:151} INFO - [2023-11-30T17:56:13.026+0000] {dag.py:2941} INFO - Sync 1 DAGs
[2023-11-30T17:56:13.043+0000] {logging_mixin.py:151} INFO - [2023-11-30T17:56:13.043+0000] {dag.py:3722} INFO - Setting next_dagrun for example_short_circuit_decorator to 2023-11-29T17:56:13.042951+00:00, run_after=2023-11-30T17:56:13.042951+00:00
[2023-11-30T17:56:13.056+0000] {processor.py:179} INFO - Processing /home/airflow/.local/lib/python3.8/site-packages/airflow/example_dags/example_short_circuit_decorator.py took 0.062 seconds
[2023-11-30T17:56:35.586+0000] {processor.py:157} INFO - Started process (PID=34) to work on /home/airflow/.local/lib/python3.8/site-packages/airflow/example_dags/example_short_circuit_decorator.py
[2023-11-30T17:56:35.586+0000] {processor.py:829} INFO - Processing file /home/airflow/.local/lib/python3.8/site-packages/airflow/example_dags/example_short_circuit_decorator.py for tasks to queue
[2023-11-30T17:56:35.588+0000] {logging_mixin.py:151} INFO - [2023-11-30T17:56:35.588+0000] {dagbag.py:536} INFO - Filling up the DagBag from /home/airflow/.local/lib/python3.8/site-packages/airflow/example_dags/example_short_circuit_decorator.py
[2023-11-30T17:56:35.599+0000] {processor.py:839} INFO - DAG(s) dict_keys(['example_short_circuit_decorator']) retrieved from /home/airflow/.local/lib/python3.8/site-packages/airflow/example_dags/example_short_circuit_decorator.py
[2023-11-30T17:56:35.626+0000] {logging_mixin.py:151} INFO - [2023-11-30T17:56:35.626+0000] {dag.py:2941} INFO - Sync 1 DAGs
[2023-11-30T17:56:35.656+0000] {logging_mixin.py:151} INFO - [2023-11-30T17:56:35.655+0000] {dag.py:3722} INFO - Setting next_dagrun for example_short_circuit_decorator to 2023-11-29T17:56:35.655498+00:00, run_after=2023-11-30T17:56:35.655498+00:00
[2023-11-30T17:56:35.679+0000] {processor.py:179} INFO - Processing /home/airflow/.local/lib/python3.8/site-packages/airflow/example_dags/example_short_circuit_decorator.py took 0.097 seconds
