[2023-11-30T17:54:44.479+0000] {processor.py:157} INFO - Started process (PID=111) to work on /home/airflow/.local/lib/python3.8/site-packages/airflow/example_dags/example_branch_datetime_operator.py
[2023-11-30T17:54:44.480+0000] {processor.py:829} INFO - Processing file /home/airflow/.local/lib/python3.8/site-packages/airflow/example_dags/example_branch_datetime_operator.py for tasks to queue
[2023-11-30T17:54:44.482+0000] {logging_mixin.py:151} INFO - [2023-11-30T17:54:44.481+0000] {dagbag.py:536} INFO - Filling up the DagBag from /home/airflow/.local/lib/python3.8/site-packages/airflow/example_dags/example_branch_datetime_operator.py
[2023-11-30T17:54:44.494+0000] {processor.py:839} INFO - DAG(s) dict_keys(['example_branch_datetime_operator_3', 'example_branch_datetime_operator', 'example_branch_datetime_operator_2']) retrieved from /home/airflow/.local/lib/python3.8/site-packages/airflow/example_dags/example_branch_datetime_operator.py
[2023-11-30T17:54:44.615+0000] {logging_mixin.py:151} INFO - [2023-11-30T17:54:44.615+0000] {dag.py:2941} INFO - Sync 3 DAGs
[2023-11-30T17:54:44.715+0000] {logging_mixin.py:151} INFO - [2023-11-30T17:54:44.714+0000] {dag.py:3722} INFO - Setting next_dagrun for example_branch_datetime_operator to 2023-11-29T00:00:00+00:00, run_after=2023-11-30T00:00:00+00:00
[2023-11-30T17:54:44.747+0000] {logging_mixin.py:151} INFO - [2023-11-30T17:54:44.747+0000] {dag.py:3722} INFO - Setting next_dagrun for example_branch_datetime_operator_2 to 2023-11-29T00:00:00+00:00, run_after=2023-11-30T00:00:00+00:00
[2023-11-30T17:54:44.754+0000] {logging_mixin.py:151} INFO - [2023-11-30T17:54:44.754+0000] {dag.py:3722} INFO - Setting next_dagrun for example_branch_datetime_operator_3 to 2023-11-29T00:00:00+00:00, run_after=2023-11-30T00:00:00+00:00
[2023-11-30T17:54:44.840+0000] {processor.py:179} INFO - Processing /home/airflow/.local/lib/python3.8/site-packages/airflow/example_dags/example_branch_datetime_operator.py took 0.355 seconds
[2023-11-30T17:55:15.870+0000] {processor.py:157} INFO - Started process (PID=175) to work on /home/airflow/.local/lib/python3.8/site-packages/airflow/example_dags/example_branch_datetime_operator.py
[2023-11-30T17:55:15.871+0000] {processor.py:829} INFO - Processing file /home/airflow/.local/lib/python3.8/site-packages/airflow/example_dags/example_branch_datetime_operator.py for tasks to queue
[2023-11-30T17:55:15.872+0000] {logging_mixin.py:151} INFO - [2023-11-30T17:55:15.872+0000] {dagbag.py:536} INFO - Filling up the DagBag from /home/airflow/.local/lib/python3.8/site-packages/airflow/example_dags/example_branch_datetime_operator.py
[2023-11-30T17:55:15.879+0000] {processor.py:839} INFO - DAG(s) dict_keys(['example_branch_datetime_operator_3', 'example_branch_datetime_operator', 'example_branch_datetime_operator_2']) retrieved from /home/airflow/.local/lib/python3.8/site-packages/airflow/example_dags/example_branch_datetime_operator.py
[2023-11-30T17:55:15.901+0000] {logging_mixin.py:151} INFO - [2023-11-30T17:55:15.901+0000] {dag.py:2941} INFO - Sync 3 DAGs
[2023-11-30T17:55:15.920+0000] {logging_mixin.py:151} INFO - [2023-11-30T17:55:15.919+0000] {dag.py:3722} INFO - Setting next_dagrun for example_branch_datetime_operator to 2023-11-29T00:00:00+00:00, run_after=2023-11-30T00:00:00+00:00
[2023-11-30T17:55:15.924+0000] {logging_mixin.py:151} INFO - [2023-11-30T17:55:15.924+0000] {dag.py:3722} INFO - Setting next_dagrun for example_branch_datetime_operator_2 to 2023-11-29T00:00:00+00:00, run_after=2023-11-30T00:00:00+00:00
[2023-11-30T17:55:15.926+0000] {logging_mixin.py:151} INFO - [2023-11-30T17:55:15.926+0000] {dag.py:3722} INFO - Setting next_dagrun for example_branch_datetime_operator_3 to 2023-11-29T00:00:00+00:00, run_after=2023-11-30T00:00:00+00:00
[2023-11-30T17:55:15.941+0000] {processor.py:179} INFO - Processing /home/airflow/.local/lib/python3.8/site-packages/airflow/example_dags/example_branch_datetime_operator.py took 0.075 seconds
[2023-11-30T17:55:46.811+0000] {processor.py:157} INFO - Started process (PID=232) to work on /home/airflow/.local/lib/python3.8/site-packages/airflow/example_dags/example_branch_datetime_operator.py
[2023-11-30T17:55:46.811+0000] {processor.py:829} INFO - Processing file /home/airflow/.local/lib/python3.8/site-packages/airflow/example_dags/example_branch_datetime_operator.py for tasks to queue
[2023-11-30T17:55:46.813+0000] {logging_mixin.py:151} INFO - [2023-11-30T17:55:46.813+0000] {dagbag.py:536} INFO - Filling up the DagBag from /home/airflow/.local/lib/python3.8/site-packages/airflow/example_dags/example_branch_datetime_operator.py
[2023-11-30T17:55:46.822+0000] {processor.py:839} INFO - DAG(s) dict_keys(['example_branch_datetime_operator_3', 'example_branch_datetime_operator', 'example_branch_datetime_operator_2']) retrieved from /home/airflow/.local/lib/python3.8/site-packages/airflow/example_dags/example_branch_datetime_operator.py
[2023-11-30T17:55:46.848+0000] {logging_mixin.py:151} INFO - [2023-11-30T17:55:46.848+0000] {dag.py:2941} INFO - Sync 3 DAGs
[2023-11-30T17:55:46.869+0000] {logging_mixin.py:151} INFO - [2023-11-30T17:55:46.869+0000] {dag.py:3722} INFO - Setting next_dagrun for example_branch_datetime_operator to 2023-11-29T00:00:00+00:00, run_after=2023-11-30T00:00:00+00:00
[2023-11-30T17:55:46.874+0000] {logging_mixin.py:151} INFO - [2023-11-30T17:55:46.874+0000] {dag.py:3722} INFO - Setting next_dagrun for example_branch_datetime_operator_2 to 2023-11-29T00:00:00+00:00, run_after=2023-11-30T00:00:00+00:00
[2023-11-30T17:55:46.876+0000] {logging_mixin.py:151} INFO - [2023-11-30T17:55:46.876+0000] {dag.py:3722} INFO - Setting next_dagrun for example_branch_datetime_operator_3 to 2023-11-29T00:00:00+00:00, run_after=2023-11-30T00:00:00+00:00
[2023-11-30T17:55:46.892+0000] {processor.py:179} INFO - Processing /home/airflow/.local/lib/python3.8/site-packages/airflow/example_dags/example_branch_datetime_operator.py took 0.084 seconds
[2023-11-30T17:56:17.111+0000] {processor.py:157} INFO - Started process (PID=290) to work on /home/airflow/.local/lib/python3.8/site-packages/airflow/example_dags/example_branch_datetime_operator.py
[2023-11-30T17:56:17.112+0000] {processor.py:829} INFO - Processing file /home/airflow/.local/lib/python3.8/site-packages/airflow/example_dags/example_branch_datetime_operator.py for tasks to queue
[2023-11-30T17:56:17.114+0000] {logging_mixin.py:151} INFO - [2023-11-30T17:56:17.114+0000] {dagbag.py:536} INFO - Filling up the DagBag from /home/airflow/.local/lib/python3.8/site-packages/airflow/example_dags/example_branch_datetime_operator.py
[2023-11-30T17:56:17.123+0000] {processor.py:839} INFO - DAG(s) dict_keys(['example_branch_datetime_operator_2', 'example_branch_datetime_operator', 'example_branch_datetime_operator_3']) retrieved from /home/airflow/.local/lib/python3.8/site-packages/airflow/example_dags/example_branch_datetime_operator.py
[2023-11-30T17:56:17.148+0000] {logging_mixin.py:151} INFO - [2023-11-30T17:56:17.147+0000] {dag.py:2941} INFO - Sync 3 DAGs
[2023-11-30T17:56:17.169+0000] {logging_mixin.py:151} INFO - [2023-11-30T17:56:17.169+0000] {dag.py:3722} INFO - Setting next_dagrun for example_branch_datetime_operator to 2023-11-29T00:00:00+00:00, run_after=2023-11-30T00:00:00+00:00
[2023-11-30T17:56:17.173+0000] {logging_mixin.py:151} INFO - [2023-11-30T17:56:17.173+0000] {dag.py:3722} INFO - Setting next_dagrun for example_branch_datetime_operator_2 to 2023-11-29T00:00:00+00:00, run_after=2023-11-30T00:00:00+00:00
[2023-11-30T17:56:17.176+0000] {logging_mixin.py:151} INFO - [2023-11-30T17:56:17.176+0000] {dag.py:3722} INFO - Setting next_dagrun for example_branch_datetime_operator_3 to 2023-11-29T00:00:00+00:00, run_after=2023-11-30T00:00:00+00:00
[2023-11-30T17:56:17.190+0000] {processor.py:179} INFO - Processing /home/airflow/.local/lib/python3.8/site-packages/airflow/example_dags/example_branch_datetime_operator.py took 0.081 seconds
[2023-11-30T17:56:37.300+0000] {processor.py:157} INFO - Started process (PID=61) to work on /home/airflow/.local/lib/python3.8/site-packages/airflow/example_dags/example_branch_datetime_operator.py
[2023-11-30T17:56:37.301+0000] {processor.py:829} INFO - Processing file /home/airflow/.local/lib/python3.8/site-packages/airflow/example_dags/example_branch_datetime_operator.py for tasks to queue
[2023-11-30T17:56:37.303+0000] {logging_mixin.py:151} INFO - [2023-11-30T17:56:37.303+0000] {dagbag.py:536} INFO - Filling up the DagBag from /home/airflow/.local/lib/python3.8/site-packages/airflow/example_dags/example_branch_datetime_operator.py
[2023-11-30T17:56:37.322+0000] {processor.py:839} INFO - DAG(s) dict_keys(['example_branch_datetime_operator_3', 'example_branch_datetime_operator', 'example_branch_datetime_operator_2']) retrieved from /home/airflow/.local/lib/python3.8/site-packages/airflow/example_dags/example_branch_datetime_operator.py
[2023-11-30T17:56:37.352+0000] {logging_mixin.py:151} INFO - [2023-11-30T17:56:37.352+0000] {dag.py:2941} INFO - Sync 3 DAGs
[2023-11-30T17:56:37.380+0000] {logging_mixin.py:151} INFO - [2023-11-30T17:56:37.379+0000] {dag.py:3722} INFO - Setting next_dagrun for example_branch_datetime_operator to 2023-11-29T00:00:00+00:00, run_after=2023-11-30T00:00:00+00:00
[2023-11-30T17:56:37.386+0000] {logging_mixin.py:151} INFO - [2023-11-30T17:56:37.386+0000] {dag.py:3722} INFO - Setting next_dagrun for example_branch_datetime_operator_2 to 2023-11-29T00:00:00+00:00, run_after=2023-11-30T00:00:00+00:00
[2023-11-30T17:56:37.390+0000] {logging_mixin.py:151} INFO - [2023-11-30T17:56:37.389+0000] {dag.py:3722} INFO - Setting next_dagrun for example_branch_datetime_operator_3 to 2023-11-29T00:00:00+00:00, run_after=2023-11-30T00:00:00+00:00
[2023-11-30T17:56:37.421+0000] {processor.py:179} INFO - Processing /home/airflow/.local/lib/python3.8/site-packages/airflow/example_dags/example_branch_datetime_operator.py took 0.124 seconds
