[2023-11-30T17:54:42.816+0000] {processor.py:157} INFO - Started process (PID=99) to work on /home/airflow/.local/lib/python3.8/site-packages/airflow/example_dags/example_setup_teardown.py
[2023-11-30T17:54:42.817+0000] {processor.py:829} INFO - Processing file /home/airflow/.local/lib/python3.8/site-packages/airflow/example_dags/example_setup_teardown.py for tasks to queue
[2023-11-30T17:54:42.821+0000] {logging_mixin.py:151} INFO - [2023-11-30T17:54:42.820+0000] {dagbag.py:536} INFO - Filling up the DagBag from /home/airflow/.local/lib/python3.8/site-packages/airflow/example_dags/example_setup_teardown.py
[2023-11-30T17:54:42.835+0000] {processor.py:839} INFO - DAG(s) dict_keys(['example_setup_teardown']) retrieved from /home/airflow/.local/lib/python3.8/site-packages/airflow/example_dags/example_setup_teardown.py
[2023-11-30T17:54:42.903+0000] {logging_mixin.py:151} INFO - [2023-11-30T17:54:42.903+0000] {dag.py:2941} INFO - Sync 1 DAGs
[2023-11-30T17:54:42.984+0000] {logging_mixin.py:151} INFO - [2023-11-30T17:54:42.984+0000] {dag.py:3722} INFO - Setting next_dagrun for example_setup_teardown to 2023-11-29T17:54:42.983824+00:00, run_after=2023-11-30T17:54:42.983824+00:00
[2023-11-30T17:54:43.041+0000] {processor.py:179} INFO - Processing /home/airflow/.local/lib/python3.8/site-packages/airflow/example_dags/example_setup_teardown.py took 0.245 seconds
[2023-11-30T17:55:13.412+0000] {processor.py:157} INFO - Started process (PID=156) to work on /home/airflow/.local/lib/python3.8/site-packages/airflow/example_dags/example_setup_teardown.py
[2023-11-30T17:55:13.413+0000] {processor.py:829} INFO - Processing file /home/airflow/.local/lib/python3.8/site-packages/airflow/example_dags/example_setup_teardown.py for tasks to queue
[2023-11-30T17:55:13.415+0000] {logging_mixin.py:151} INFO - [2023-11-30T17:55:13.415+0000] {dagbag.py:536} INFO - Filling up the DagBag from /home/airflow/.local/lib/python3.8/site-packages/airflow/example_dags/example_setup_teardown.py
[2023-11-30T17:55:13.420+0000] {processor.py:839} INFO - DAG(s) dict_keys(['example_setup_teardown']) retrieved from /home/airflow/.local/lib/python3.8/site-packages/airflow/example_dags/example_setup_teardown.py
[2023-11-30T17:55:13.437+0000] {logging_mixin.py:151} INFO - [2023-11-30T17:55:13.437+0000] {dag.py:2941} INFO - Sync 1 DAGs
[2023-11-30T17:55:13.457+0000] {logging_mixin.py:151} INFO - [2023-11-30T17:55:13.457+0000] {dag.py:3722} INFO - Setting next_dagrun for example_setup_teardown to 2023-11-29T17:55:13.457482+00:00, run_after=2023-11-30T17:55:13.457482+00:00
[2023-11-30T17:55:13.472+0000] {processor.py:179} INFO - Processing /home/airflow/.local/lib/python3.8/site-packages/airflow/example_dags/example_setup_teardown.py took 0.062 seconds
[2023-11-30T17:55:44.349+0000] {processor.py:157} INFO - Started process (PID=213) to work on /home/airflow/.local/lib/python3.8/site-packages/airflow/example_dags/example_setup_teardown.py
[2023-11-30T17:55:44.350+0000] {processor.py:829} INFO - Processing file /home/airflow/.local/lib/python3.8/site-packages/airflow/example_dags/example_setup_teardown.py for tasks to queue
[2023-11-30T17:55:44.351+0000] {logging_mixin.py:151} INFO - [2023-11-30T17:55:44.351+0000] {dagbag.py:536} INFO - Filling up the DagBag from /home/airflow/.local/lib/python3.8/site-packages/airflow/example_dags/example_setup_teardown.py
[2023-11-30T17:55:44.356+0000] {processor.py:839} INFO - DAG(s) dict_keys(['example_setup_teardown']) retrieved from /home/airflow/.local/lib/python3.8/site-packages/airflow/example_dags/example_setup_teardown.py
[2023-11-30T17:55:44.373+0000] {logging_mixin.py:151} INFO - [2023-11-30T17:55:44.373+0000] {dag.py:2941} INFO - Sync 1 DAGs
[2023-11-30T17:55:44.395+0000] {logging_mixin.py:151} INFO - [2023-11-30T17:55:44.394+0000] {dag.py:3722} INFO - Setting next_dagrun for example_setup_teardown to 2023-11-29T17:55:44.394706+00:00, run_after=2023-11-30T17:55:44.394706+00:00
[2023-11-30T17:55:44.409+0000] {processor.py:179} INFO - Processing /home/airflow/.local/lib/python3.8/site-packages/airflow/example_dags/example_setup_teardown.py took 0.062 seconds
[2023-11-30T17:56:14.612+0000] {processor.py:157} INFO - Started process (PID=270) to work on /home/airflow/.local/lib/python3.8/site-packages/airflow/example_dags/example_setup_teardown.py
[2023-11-30T17:56:14.613+0000] {processor.py:829} INFO - Processing file /home/airflow/.local/lib/python3.8/site-packages/airflow/example_dags/example_setup_teardown.py for tasks to queue
[2023-11-30T17:56:14.614+0000] {logging_mixin.py:151} INFO - [2023-11-30T17:56:14.614+0000] {dagbag.py:536} INFO - Filling up the DagBag from /home/airflow/.local/lib/python3.8/site-packages/airflow/example_dags/example_setup_teardown.py
[2023-11-30T17:56:14.618+0000] {processor.py:839} INFO - DAG(s) dict_keys(['example_setup_teardown']) retrieved from /home/airflow/.local/lib/python3.8/site-packages/airflow/example_dags/example_setup_teardown.py
[2023-11-30T17:56:14.635+0000] {logging_mixin.py:151} INFO - [2023-11-30T17:56:14.635+0000] {dag.py:2941} INFO - Sync 1 DAGs
[2023-11-30T17:56:14.654+0000] {logging_mixin.py:151} INFO - [2023-11-30T17:56:14.654+0000] {dag.py:3722} INFO - Setting next_dagrun for example_setup_teardown to 2023-11-29T17:56:14.654330+00:00, run_after=2023-11-30T17:56:14.654330+00:00
[2023-11-30T17:56:14.669+0000] {processor.py:179} INFO - Processing /home/airflow/.local/lib/python3.8/site-packages/airflow/example_dags/example_setup_teardown.py took 0.059 seconds
[2023-11-30T17:56:36.589+0000] {processor.py:157} INFO - Started process (PID=49) to work on /home/airflow/.local/lib/python3.8/site-packages/airflow/example_dags/example_setup_teardown.py
[2023-11-30T17:56:36.594+0000] {processor.py:829} INFO - Processing file /home/airflow/.local/lib/python3.8/site-packages/airflow/example_dags/example_setup_teardown.py for tasks to queue
[2023-11-30T17:56:36.596+0000] {logging_mixin.py:151} INFO - [2023-11-30T17:56:36.596+0000] {dagbag.py:536} INFO - Filling up the DagBag from /home/airflow/.local/lib/python3.8/site-packages/airflow/example_dags/example_setup_teardown.py
[2023-11-30T17:56:36.608+0000] {processor.py:839} INFO - DAG(s) dict_keys(['example_setup_teardown']) retrieved from /home/airflow/.local/lib/python3.8/site-packages/airflow/example_dags/example_setup_teardown.py
[2023-11-30T17:56:36.630+0000] {logging_mixin.py:151} INFO - [2023-11-30T17:56:36.629+0000] {dag.py:2941} INFO - Sync 1 DAGs
[2023-11-30T17:56:36.655+0000] {logging_mixin.py:151} INFO - [2023-11-30T17:56:36.655+0000] {dag.py:3722} INFO - Setting next_dagrun for example_setup_teardown to 2023-11-29T17:56:36.655336+00:00, run_after=2023-11-30T17:56:36.655336+00:00
[2023-11-30T17:56:36.679+0000] {processor.py:179} INFO - Processing /home/airflow/.local/lib/python3.8/site-packages/airflow/example_dags/example_setup_teardown.py took 0.093 seconds
