[2023-11-30T17:54:45.428+0000] {processor.py:157} INFO - Started process (PID=121) to work on /home/airflow/.local/lib/python3.8/site-packages/airflow/example_dags/example_dynamic_task_mapping_with_no_taskflow_operators.py
[2023-11-30T17:54:45.429+0000] {processor.py:829} INFO - Processing file /home/airflow/.local/lib/python3.8/site-packages/airflow/example_dags/example_dynamic_task_mapping_with_no_taskflow_operators.py for tasks to queue
[2023-11-30T17:54:45.498+0000] {logging_mixin.py:151} INFO - [2023-11-30T17:54:45.498+0000] {dagbag.py:536} INFO - Filling up the DagBag from /home/airflow/.local/lib/python3.8/site-packages/airflow/example_dags/example_dynamic_task_mapping_with_no_taskflow_operators.py
[2023-11-30T17:54:45.544+0000] {processor.py:839} INFO - DAG(s) dict_keys(['example_dynamic_task_mapping_with_no_taskflow_operators']) retrieved from /home/airflow/.local/lib/python3.8/site-packages/airflow/example_dags/example_dynamic_task_mapping_with_no_taskflow_operators.py
[2023-11-30T17:54:45.651+0000] {logging_mixin.py:151} INFO - [2023-11-30T17:54:45.651+0000] {dag.py:2941} INFO - Sync 1 DAGs
[2023-11-30T17:54:45.704+0000] {logging_mixin.py:151} INFO - [2023-11-30T17:54:45.704+0000] {dag.py:3722} INFO - Setting next_dagrun for example_dynamic_task_mapping_with_no_taskflow_operators to 2023-11-29T17:54:45.704215+00:00, run_after=2023-11-30T17:54:45.704215+00:00
[2023-11-30T17:54:45.768+0000] {processor.py:179} INFO - Processing /home/airflow/.local/lib/python3.8/site-packages/airflow/example_dags/example_dynamic_task_mapping_with_no_taskflow_operators.py took 0.344 seconds
[2023-11-30T17:55:15.969+0000] {processor.py:157} INFO - Started process (PID=178) to work on /home/airflow/.local/lib/python3.8/site-packages/airflow/example_dags/example_dynamic_task_mapping_with_no_taskflow_operators.py
[2023-11-30T17:55:15.970+0000] {processor.py:829} INFO - Processing file /home/airflow/.local/lib/python3.8/site-packages/airflow/example_dags/example_dynamic_task_mapping_with_no_taskflow_operators.py for tasks to queue
[2023-11-30T17:55:15.972+0000] {logging_mixin.py:151} INFO - [2023-11-30T17:55:15.971+0000] {dagbag.py:536} INFO - Filling up the DagBag from /home/airflow/.local/lib/python3.8/site-packages/airflow/example_dags/example_dynamic_task_mapping_with_no_taskflow_operators.py
[2023-11-30T17:55:15.977+0000] {processor.py:839} INFO - DAG(s) dict_keys(['example_dynamic_task_mapping_with_no_taskflow_operators']) retrieved from /home/airflow/.local/lib/python3.8/site-packages/airflow/example_dags/example_dynamic_task_mapping_with_no_taskflow_operators.py
[2023-11-30T17:55:15.991+0000] {logging_mixin.py:151} INFO - [2023-11-30T17:55:15.991+0000] {dag.py:2941} INFO - Sync 1 DAGs
[2023-11-30T17:55:16.011+0000] {logging_mixin.py:151} INFO - [2023-11-30T17:55:16.011+0000] {dag.py:3722} INFO - Setting next_dagrun for example_dynamic_task_mapping_with_no_taskflow_operators to 2023-11-29T17:55:16.010961+00:00, run_after=2023-11-30T17:55:16.010961+00:00
[2023-11-30T17:55:16.025+0000] {processor.py:179} INFO - Processing /home/airflow/.local/lib/python3.8/site-packages/airflow/example_dags/example_dynamic_task_mapping_with_no_taskflow_operators.py took 0.059 seconds
[2023-11-30T17:55:46.912+0000] {processor.py:157} INFO - Started process (PID=235) to work on /home/airflow/.local/lib/python3.8/site-packages/airflow/example_dags/example_dynamic_task_mapping_with_no_taskflow_operators.py
[2023-11-30T17:55:46.913+0000] {processor.py:829} INFO - Processing file /home/airflow/.local/lib/python3.8/site-packages/airflow/example_dags/example_dynamic_task_mapping_with_no_taskflow_operators.py for tasks to queue
[2023-11-30T17:55:46.914+0000] {logging_mixin.py:151} INFO - [2023-11-30T17:55:46.914+0000] {dagbag.py:536} INFO - Filling up the DagBag from /home/airflow/.local/lib/python3.8/site-packages/airflow/example_dags/example_dynamic_task_mapping_with_no_taskflow_operators.py
[2023-11-30T17:55:46.919+0000] {processor.py:839} INFO - DAG(s) dict_keys(['example_dynamic_task_mapping_with_no_taskflow_operators']) retrieved from /home/airflow/.local/lib/python3.8/site-packages/airflow/example_dags/example_dynamic_task_mapping_with_no_taskflow_operators.py
[2023-11-30T17:55:46.934+0000] {logging_mixin.py:151} INFO - [2023-11-30T17:55:46.934+0000] {dag.py:2941} INFO - Sync 1 DAGs
[2023-11-30T17:55:46.954+0000] {logging_mixin.py:151} INFO - [2023-11-30T17:55:46.954+0000] {dag.py:3722} INFO - Setting next_dagrun for example_dynamic_task_mapping_with_no_taskflow_operators to 2023-11-29T17:55:46.954539+00:00, run_after=2023-11-30T17:55:46.954539+00:00
[2023-11-30T17:55:46.972+0000] {processor.py:179} INFO - Processing /home/airflow/.local/lib/python3.8/site-packages/airflow/example_dags/example_dynamic_task_mapping_with_no_taskflow_operators.py took 0.063 seconds
[2023-11-30T17:56:17.256+0000] {processor.py:157} INFO - Started process (PID=293) to work on /home/airflow/.local/lib/python3.8/site-packages/airflow/example_dags/example_dynamic_task_mapping_with_no_taskflow_operators.py
[2023-11-30T17:56:17.257+0000] {processor.py:829} INFO - Processing file /home/airflow/.local/lib/python3.8/site-packages/airflow/example_dags/example_dynamic_task_mapping_with_no_taskflow_operators.py for tasks to queue
[2023-11-30T17:56:17.259+0000] {logging_mixin.py:151} INFO - [2023-11-30T17:56:17.259+0000] {dagbag.py:536} INFO - Filling up the DagBag from /home/airflow/.local/lib/python3.8/site-packages/airflow/example_dags/example_dynamic_task_mapping_with_no_taskflow_operators.py
[2023-11-30T17:56:17.264+0000] {processor.py:839} INFO - DAG(s) dict_keys(['example_dynamic_task_mapping_with_no_taskflow_operators']) retrieved from /home/airflow/.local/lib/python3.8/site-packages/airflow/example_dags/example_dynamic_task_mapping_with_no_taskflow_operators.py
[2023-11-30T17:56:17.281+0000] {logging_mixin.py:151} INFO - [2023-11-30T17:56:17.281+0000] {dag.py:2941} INFO - Sync 1 DAGs
[2023-11-30T17:56:17.301+0000] {logging_mixin.py:151} INFO - [2023-11-30T17:56:17.300+0000] {dag.py:3722} INFO - Setting next_dagrun for example_dynamic_task_mapping_with_no_taskflow_operators to 2023-11-29T17:56:17.300652+00:00, run_after=2023-11-30T17:56:17.300652+00:00
[2023-11-30T17:56:17.316+0000] {processor.py:179} INFO - Processing /home/airflow/.local/lib/python3.8/site-packages/airflow/example_dags/example_dynamic_task_mapping_with_no_taskflow_operators.py took 0.062 seconds
[2023-11-30T17:56:37.506+0000] {processor.py:157} INFO - Started process (PID=64) to work on /home/airflow/.local/lib/python3.8/site-packages/airflow/example_dags/example_dynamic_task_mapping_with_no_taskflow_operators.py
[2023-11-30T17:56:37.506+0000] {processor.py:829} INFO - Processing file /home/airflow/.local/lib/python3.8/site-packages/airflow/example_dags/example_dynamic_task_mapping_with_no_taskflow_operators.py for tasks to queue
[2023-11-30T17:56:37.509+0000] {logging_mixin.py:151} INFO - [2023-11-30T17:56:37.509+0000] {dagbag.py:536} INFO - Filling up the DagBag from /home/airflow/.local/lib/python3.8/site-packages/airflow/example_dags/example_dynamic_task_mapping_with_no_taskflow_operators.py
[2023-11-30T17:56:37.514+0000] {processor.py:839} INFO - DAG(s) dict_keys(['example_dynamic_task_mapping_with_no_taskflow_operators']) retrieved from /home/airflow/.local/lib/python3.8/site-packages/airflow/example_dags/example_dynamic_task_mapping_with_no_taskflow_operators.py
[2023-11-30T17:56:37.531+0000] {logging_mixin.py:151} INFO - [2023-11-30T17:56:37.531+0000] {dag.py:2941} INFO - Sync 1 DAGs
[2023-11-30T17:56:37.551+0000] {logging_mixin.py:151} INFO - [2023-11-30T17:56:37.551+0000] {dag.py:3722} INFO - Setting next_dagrun for example_dynamic_task_mapping_with_no_taskflow_operators to 2023-11-29T17:56:37.551054+00:00, run_after=2023-11-30T17:56:37.551054+00:00
[2023-11-30T17:56:37.564+0000] {processor.py:179} INFO - Processing /home/airflow/.local/lib/python3.8/site-packages/airflow/example_dags/example_dynamic_task_mapping_with_no_taskflow_operators.py took 0.061 seconds
