[2023-11-30T17:54:41.696+0000] {processor.py:157} INFO - Started process (PID=92) to work on /home/airflow/.local/lib/python3.8/site-packages/airflow/example_dags/example_sensors.py
[2023-11-30T17:54:41.707+0000] {processor.py:829} INFO - Processing file /home/airflow/.local/lib/python3.8/site-packages/airflow/example_dags/example_sensors.py for tasks to queue
[2023-11-30T17:54:41.709+0000] {logging_mixin.py:151} INFO - [2023-11-30T17:54:41.709+0000] {dagbag.py:536} INFO - Filling up the DagBag from /home/airflow/.local/lib/python3.8/site-packages/airflow/example_dags/example_sensors.py
[2023-11-30T17:54:41.733+0000] {processor.py:839} INFO - DAG(s) dict_keys(['example_sensors']) retrieved from /home/airflow/.local/lib/python3.8/site-packages/airflow/example_dags/example_sensors.py
[2023-11-30T17:54:41.807+0000] {logging_mixin.py:151} INFO - [2023-11-30T17:54:41.807+0000] {dag.py:2941} INFO - Sync 1 DAGs
[2023-11-30T17:54:41.834+0000] {logging_mixin.py:151} INFO - [2023-11-30T17:54:41.833+0000] {dag.py:3722} INFO - Setting next_dagrun for example_sensors to None, run_after=None
[2023-11-30T17:54:41.907+0000] {processor.py:179} INFO - Processing /home/airflow/.local/lib/python3.8/site-packages/airflow/example_dags/example_sensors.py took 0.214 seconds
[2023-11-30T17:55:12.061+0000] {processor.py:157} INFO - Started process (PID=149) to work on /home/airflow/.local/lib/python3.8/site-packages/airflow/example_dags/example_sensors.py
[2023-11-30T17:55:12.062+0000] {processor.py:829} INFO - Processing file /home/airflow/.local/lib/python3.8/site-packages/airflow/example_dags/example_sensors.py for tasks to queue
[2023-11-30T17:55:12.063+0000] {logging_mixin.py:151} INFO - [2023-11-30T17:55:12.063+0000] {dagbag.py:536} INFO - Filling up the DagBag from /home/airflow/.local/lib/python3.8/site-packages/airflow/example_dags/example_sensors.py
[2023-11-30T17:55:12.068+0000] {processor.py:839} INFO - DAG(s) dict_keys(['example_sensors']) retrieved from /home/airflow/.local/lib/python3.8/site-packages/airflow/example_dags/example_sensors.py
[2023-11-30T17:55:12.082+0000] {logging_mixin.py:151} INFO - [2023-11-30T17:55:12.082+0000] {dag.py:2941} INFO - Sync 1 DAGs
[2023-11-30T17:55:12.090+0000] {logging_mixin.py:151} INFO - [2023-11-30T17:55:12.090+0000] {dag.py:3722} INFO - Setting next_dagrun for example_sensors to None, run_after=None
[2023-11-30T17:55:12.101+0000] {processor.py:179} INFO - Processing /home/airflow/.local/lib/python3.8/site-packages/airflow/example_dags/example_sensors.py took 0.042 seconds
[2023-11-30T17:55:43.044+0000] {processor.py:157} INFO - Started process (PID=206) to work on /home/airflow/.local/lib/python3.8/site-packages/airflow/example_dags/example_sensors.py
[2023-11-30T17:55:43.045+0000] {processor.py:829} INFO - Processing file /home/airflow/.local/lib/python3.8/site-packages/airflow/example_dags/example_sensors.py for tasks to queue
[2023-11-30T17:55:43.046+0000] {logging_mixin.py:151} INFO - [2023-11-30T17:55:43.046+0000] {dagbag.py:536} INFO - Filling up the DagBag from /home/airflow/.local/lib/python3.8/site-packages/airflow/example_dags/example_sensors.py
[2023-11-30T17:55:43.053+0000] {processor.py:839} INFO - DAG(s) dict_keys(['example_sensors']) retrieved from /home/airflow/.local/lib/python3.8/site-packages/airflow/example_dags/example_sensors.py
[2023-11-30T17:55:43.074+0000] {logging_mixin.py:151} INFO - [2023-11-30T17:55:43.074+0000] {dag.py:2941} INFO - Sync 1 DAGs
[2023-11-30T17:55:43.086+0000] {logging_mixin.py:151} INFO - [2023-11-30T17:55:43.086+0000] {dag.py:3722} INFO - Setting next_dagrun for example_sensors to None, run_after=None
[2023-11-30T17:55:43.101+0000] {processor.py:179} INFO - Processing /home/airflow/.local/lib/python3.8/site-packages/airflow/example_dags/example_sensors.py took 0.060 seconds
[2023-11-30T17:56:13.324+0000] {processor.py:157} INFO - Started process (PID=263) to work on /home/airflow/.local/lib/python3.8/site-packages/airflow/example_dags/example_sensors.py
[2023-11-30T17:56:13.324+0000] {processor.py:829} INFO - Processing file /home/airflow/.local/lib/python3.8/site-packages/airflow/example_dags/example_sensors.py for tasks to queue
[2023-11-30T17:56:13.325+0000] {logging_mixin.py:151} INFO - [2023-11-30T17:56:13.325+0000] {dagbag.py:536} INFO - Filling up the DagBag from /home/airflow/.local/lib/python3.8/site-packages/airflow/example_dags/example_sensors.py
[2023-11-30T17:56:13.332+0000] {processor.py:839} INFO - DAG(s) dict_keys(['example_sensors']) retrieved from /home/airflow/.local/lib/python3.8/site-packages/airflow/example_dags/example_sensors.py
[2023-11-30T17:56:13.355+0000] {logging_mixin.py:151} INFO - [2023-11-30T17:56:13.355+0000] {dag.py:2941} INFO - Sync 1 DAGs
[2023-11-30T17:56:13.365+0000] {logging_mixin.py:151} INFO - [2023-11-30T17:56:13.365+0000] {dag.py:3722} INFO - Setting next_dagrun for example_sensors to None, run_after=None
[2023-11-30T17:56:13.380+0000] {processor.py:179} INFO - Processing /home/airflow/.local/lib/python3.8/site-packages/airflow/example_dags/example_sensors.py took 0.059 seconds
[2023-11-30T17:56:36.097+0000] {processor.py:157} INFO - Started process (PID=42) to work on /home/airflow/.local/lib/python3.8/site-packages/airflow/example_dags/example_sensors.py
[2023-11-30T17:56:36.098+0000] {processor.py:829} INFO - Processing file /home/airflow/.local/lib/python3.8/site-packages/airflow/example_dags/example_sensors.py for tasks to queue
[2023-11-30T17:56:36.100+0000] {logging_mixin.py:151} INFO - [2023-11-30T17:56:36.099+0000] {dagbag.py:536} INFO - Filling up the DagBag from /home/airflow/.local/lib/python3.8/site-packages/airflow/example_dags/example_sensors.py
[2023-11-30T17:56:36.110+0000] {processor.py:839} INFO - DAG(s) dict_keys(['example_sensors']) retrieved from /home/airflow/.local/lib/python3.8/site-packages/airflow/example_dags/example_sensors.py
[2023-11-30T17:56:36.135+0000] {logging_mixin.py:151} INFO - [2023-11-30T17:56:36.135+0000] {dag.py:2941} INFO - Sync 1 DAGs
[2023-11-30T17:56:36.150+0000] {logging_mixin.py:151} INFO - [2023-11-30T17:56:36.150+0000] {dag.py:3722} INFO - Setting next_dagrun for example_sensors to None, run_after=None
[2023-11-30T17:56:36.176+0000] {processor.py:179} INFO - Processing /home/airflow/.local/lib/python3.8/site-packages/airflow/example_dags/example_sensors.py took 0.082 seconds
