[2023-11-30T17:54:41.585+0000] {processor.py:157} INFO - Started process (PID=91) to work on /home/airflow/.local/lib/python3.8/site-packages/airflow/example_dags/example_external_task_marker_dag.py
[2023-11-30T17:54:41.586+0000] {processor.py:829} INFO - Processing file /home/airflow/.local/lib/python3.8/site-packages/airflow/example_dags/example_external_task_marker_dag.py for tasks to queue
[2023-11-30T17:54:41.589+0000] {logging_mixin.py:151} INFO - [2023-11-30T17:54:41.589+0000] {dagbag.py:536} INFO - Filling up the DagBag from /home/airflow/.local/lib/python3.8/site-packages/airflow/example_dags/example_external_task_marker_dag.py
[2023-11-30T17:54:41.639+0000] {processor.py:839} INFO - DAG(s) dict_keys(['example_external_task_marker_parent', 'example_external_task_marker_child']) retrieved from /home/airflow/.local/lib/python3.8/site-packages/airflow/example_dags/example_external_task_marker_dag.py
[2023-11-30T17:54:41.741+0000] {logging_mixin.py:151} INFO - [2023-11-30T17:54:41.739+0000] {dag.py:2941} INFO - Sync 2 DAGs
[2023-11-30T17:54:41.783+0000] {logging_mixin.py:151} INFO - [2023-11-30T17:54:41.783+0000] {dag.py:3722} INFO - Setting next_dagrun for example_external_task_marker_child to None, run_after=None
[2023-11-30T17:54:41.796+0000] {logging_mixin.py:151} INFO - [2023-11-30T17:54:41.792+0000] {dag.py:3722} INFO - Setting next_dagrun for example_external_task_marker_parent to None, run_after=None
[2023-11-30T17:54:41.841+0000] {processor.py:179} INFO - Processing /home/airflow/.local/lib/python3.8/site-packages/airflow/example_dags/example_external_task_marker_dag.py took 0.273 seconds
[2023-11-30T17:55:11.989+0000] {processor.py:157} INFO - Started process (PID=148) to work on /home/airflow/.local/lib/python3.8/site-packages/airflow/example_dags/example_external_task_marker_dag.py
[2023-11-30T17:55:11.989+0000] {processor.py:829} INFO - Processing file /home/airflow/.local/lib/python3.8/site-packages/airflow/example_dags/example_external_task_marker_dag.py for tasks to queue
[2023-11-30T17:55:11.990+0000] {logging_mixin.py:151} INFO - [2023-11-30T17:55:11.990+0000] {dagbag.py:536} INFO - Filling up the DagBag from /home/airflow/.local/lib/python3.8/site-packages/airflow/example_dags/example_external_task_marker_dag.py
[2023-11-30T17:55:11.995+0000] {processor.py:839} INFO - DAG(s) dict_keys(['example_external_task_marker_parent', 'example_external_task_marker_child']) retrieved from /home/airflow/.local/lib/python3.8/site-packages/airflow/example_dags/example_external_task_marker_dag.py
[2023-11-30T17:55:12.017+0000] {logging_mixin.py:151} INFO - [2023-11-30T17:55:12.017+0000] {dag.py:2941} INFO - Sync 2 DAGs
[2023-11-30T17:55:12.030+0000] {logging_mixin.py:151} INFO - [2023-11-30T17:55:12.030+0000] {dag.py:3722} INFO - Setting next_dagrun for example_external_task_marker_child to None, run_after=None
[2023-11-30T17:55:12.033+0000] {logging_mixin.py:151} INFO - [2023-11-30T17:55:12.032+0000] {dag.py:3722} INFO - Setting next_dagrun for example_external_task_marker_parent to None, run_after=None
[2023-11-30T17:55:12.047+0000] {processor.py:179} INFO - Processing /home/airflow/.local/lib/python3.8/site-packages/airflow/example_dags/example_external_task_marker_dag.py took 0.060 seconds
[2023-11-30T17:55:43.010+0000] {processor.py:157} INFO - Started process (PID=205) to work on /home/airflow/.local/lib/python3.8/site-packages/airflow/example_dags/example_external_task_marker_dag.py
[2023-11-30T17:55:43.011+0000] {processor.py:829} INFO - Processing file /home/airflow/.local/lib/python3.8/site-packages/airflow/example_dags/example_external_task_marker_dag.py for tasks to queue
[2023-11-30T17:55:43.012+0000] {logging_mixin.py:151} INFO - [2023-11-30T17:55:43.012+0000] {dagbag.py:536} INFO - Filling up the DagBag from /home/airflow/.local/lib/python3.8/site-packages/airflow/example_dags/example_external_task_marker_dag.py
[2023-11-30T17:55:43.016+0000] {processor.py:839} INFO - DAG(s) dict_keys(['example_external_task_marker_child', 'example_external_task_marker_parent']) retrieved from /home/airflow/.local/lib/python3.8/site-packages/airflow/example_dags/example_external_task_marker_dag.py
[2023-11-30T17:55:43.037+0000] {logging_mixin.py:151} INFO - [2023-11-30T17:55:43.037+0000] {dag.py:2941} INFO - Sync 2 DAGs
[2023-11-30T17:55:43.047+0000] {logging_mixin.py:151} INFO - [2023-11-30T17:55:43.046+0000] {dag.py:3722} INFO - Setting next_dagrun for example_external_task_marker_child to None, run_after=None
[2023-11-30T17:55:43.049+0000] {logging_mixin.py:151} INFO - [2023-11-30T17:55:43.049+0000] {dag.py:3722} INFO - Setting next_dagrun for example_external_task_marker_parent to None, run_after=None
[2023-11-30T17:55:43.062+0000] {processor.py:179} INFO - Processing /home/airflow/.local/lib/python3.8/site-packages/airflow/example_dags/example_external_task_marker_dag.py took 0.054 seconds
[2023-11-30T17:56:13.272+0000] {processor.py:157} INFO - Started process (PID=262) to work on /home/airflow/.local/lib/python3.8/site-packages/airflow/example_dags/example_external_task_marker_dag.py
[2023-11-30T17:56:13.272+0000] {processor.py:829} INFO - Processing file /home/airflow/.local/lib/python3.8/site-packages/airflow/example_dags/example_external_task_marker_dag.py for tasks to queue
[2023-11-30T17:56:13.273+0000] {logging_mixin.py:151} INFO - [2023-11-30T17:56:13.273+0000] {dagbag.py:536} INFO - Filling up the DagBag from /home/airflow/.local/lib/python3.8/site-packages/airflow/example_dags/example_external_task_marker_dag.py
[2023-11-30T17:56:13.277+0000] {processor.py:839} INFO - DAG(s) dict_keys(['example_external_task_marker_parent', 'example_external_task_marker_child']) retrieved from /home/airflow/.local/lib/python3.8/site-packages/airflow/example_dags/example_external_task_marker_dag.py
[2023-11-30T17:56:13.291+0000] {logging_mixin.py:151} INFO - [2023-11-30T17:56:13.291+0000] {dag.py:2941} INFO - Sync 2 DAGs
[2023-11-30T17:56:13.300+0000] {logging_mixin.py:151} INFO - [2023-11-30T17:56:13.300+0000] {dag.py:3722} INFO - Setting next_dagrun for example_external_task_marker_child to None, run_after=None
[2023-11-30T17:56:13.302+0000] {logging_mixin.py:151} INFO - [2023-11-30T17:56:13.302+0000] {dag.py:3722} INFO - Setting next_dagrun for example_external_task_marker_parent to None, run_after=None
[2023-11-30T17:56:13.311+0000] {processor.py:179} INFO - Processing /home/airflow/.local/lib/python3.8/site-packages/airflow/example_dags/example_external_task_marker_dag.py took 0.041 seconds
[2023-11-30T17:56:36.030+0000] {processor.py:157} INFO - Started process (PID=41) to work on /home/airflow/.local/lib/python3.8/site-packages/airflow/example_dags/example_external_task_marker_dag.py
[2023-11-30T17:56:36.031+0000] {processor.py:829} INFO - Processing file /home/airflow/.local/lib/python3.8/site-packages/airflow/example_dags/example_external_task_marker_dag.py for tasks to queue
[2023-11-30T17:56:36.033+0000] {logging_mixin.py:151} INFO - [2023-11-30T17:56:36.033+0000] {dagbag.py:536} INFO - Filling up the DagBag from /home/airflow/.local/lib/python3.8/site-packages/airflow/example_dags/example_external_task_marker_dag.py
[2023-11-30T17:56:36.042+0000] {processor.py:839} INFO - DAG(s) dict_keys(['example_external_task_marker_child', 'example_external_task_marker_parent']) retrieved from /home/airflow/.local/lib/python3.8/site-packages/airflow/example_dags/example_external_task_marker_dag.py
[2023-11-30T17:56:36.072+0000] {logging_mixin.py:151} INFO - [2023-11-30T17:56:36.071+0000] {dag.py:2941} INFO - Sync 2 DAGs
[2023-11-30T17:56:36.087+0000] {logging_mixin.py:151} INFO - [2023-11-30T17:56:36.087+0000] {dag.py:3722} INFO - Setting next_dagrun for example_external_task_marker_child to None, run_after=None
[2023-11-30T17:56:36.092+0000] {logging_mixin.py:151} INFO - [2023-11-30T17:56:36.091+0000] {dag.py:3722} INFO - Setting next_dagrun for example_external_task_marker_parent to None, run_after=None
[2023-11-30T17:56:36.111+0000] {processor.py:179} INFO - Processing /home/airflow/.local/lib/python3.8/site-packages/airflow/example_dags/example_external_task_marker_dag.py took 0.084 seconds
