[2023-11-30T17:54:45.511+0000] {processor.py:157} INFO - Started process (PID=122) to work on /home/airflow/.local/lib/python3.8/site-packages/airflow/example_dags/example_python_operator.py
[2023-11-30T17:54:45.511+0000] {processor.py:829} INFO - Processing file /home/airflow/.local/lib/python3.8/site-packages/airflow/example_dags/example_python_operator.py for tasks to queue
[2023-11-30T17:54:45.527+0000] {logging_mixin.py:151} INFO - [2023-11-30T17:54:45.527+0000] {dagbag.py:536} INFO - Filling up the DagBag from /home/airflow/.local/lib/python3.8/site-packages/airflow/example_dags/example_python_operator.py
[2023-11-30T17:54:45.564+0000] {processor.py:839} INFO - DAG(s) dict_keys(['example_python_operator']) retrieved from /home/airflow/.local/lib/python3.8/site-packages/airflow/example_dags/example_python_operator.py
[2023-11-30T17:54:45.661+0000] {logging_mixin.py:151} INFO - [2023-11-30T17:54:45.660+0000] {dag.py:2941} INFO - Sync 1 DAGs
[2023-11-30T17:54:45.685+0000] {logging_mixin.py:151} INFO - [2023-11-30T17:54:45.685+0000] {dag.py:3722} INFO - Setting next_dagrun for example_python_operator to None, run_after=None
[2023-11-30T17:54:45.739+0000] {processor.py:179} INFO - Processing /home/airflow/.local/lib/python3.8/site-packages/airflow/example_dags/example_python_operator.py took 0.250 seconds
[2023-11-30T17:55:16.025+0000] {processor.py:157} INFO - Started process (PID=179) to work on /home/airflow/.local/lib/python3.8/site-packages/airflow/example_dags/example_python_operator.py
[2023-11-30T17:55:16.026+0000] {processor.py:829} INFO - Processing file /home/airflow/.local/lib/python3.8/site-packages/airflow/example_dags/example_python_operator.py for tasks to queue
[2023-11-30T17:55:16.028+0000] {logging_mixin.py:151} INFO - [2023-11-30T17:55:16.028+0000] {dagbag.py:536} INFO - Filling up the DagBag from /home/airflow/.local/lib/python3.8/site-packages/airflow/example_dags/example_python_operator.py
[2023-11-30T17:55:16.036+0000] {processor.py:839} INFO - DAG(s) dict_keys(['example_python_operator']) retrieved from /home/airflow/.local/lib/python3.8/site-packages/airflow/example_dags/example_python_operator.py
[2023-11-30T17:55:16.049+0000] {logging_mixin.py:151} INFO - [2023-11-30T17:55:16.049+0000] {dag.py:2941} INFO - Sync 1 DAGs
[2023-11-30T17:55:16.056+0000] {logging_mixin.py:151} INFO - [2023-11-30T17:55:16.056+0000] {dag.py:3722} INFO - Setting next_dagrun for example_python_operator to None, run_after=None
[2023-11-30T17:55:16.066+0000] {processor.py:179} INFO - Processing /home/airflow/.local/lib/python3.8/site-packages/airflow/example_dags/example_python_operator.py took 0.043 seconds
[2023-11-30T17:55:46.972+0000] {processor.py:157} INFO - Started process (PID=236) to work on /home/airflow/.local/lib/python3.8/site-packages/airflow/example_dags/example_python_operator.py
[2023-11-30T17:55:46.973+0000] {processor.py:829} INFO - Processing file /home/airflow/.local/lib/python3.8/site-packages/airflow/example_dags/example_python_operator.py for tasks to queue
[2023-11-30T17:55:46.975+0000] {logging_mixin.py:151} INFO - [2023-11-30T17:55:46.975+0000] {dagbag.py:536} INFO - Filling up the DagBag from /home/airflow/.local/lib/python3.8/site-packages/airflow/example_dags/example_python_operator.py
[2023-11-30T17:55:46.985+0000] {processor.py:839} INFO - DAG(s) dict_keys(['example_python_operator']) retrieved from /home/airflow/.local/lib/python3.8/site-packages/airflow/example_dags/example_python_operator.py
[2023-11-30T17:55:47.003+0000] {logging_mixin.py:151} INFO - [2023-11-30T17:55:47.003+0000] {dag.py:2941} INFO - Sync 1 DAGs
[2023-11-30T17:55:47.013+0000] {logging_mixin.py:151} INFO - [2023-11-30T17:55:47.013+0000] {dag.py:3722} INFO - Setting next_dagrun for example_python_operator to None, run_after=None
[2023-11-30T17:55:47.026+0000] {processor.py:179} INFO - Processing /home/airflow/.local/lib/python3.8/site-packages/airflow/example_dags/example_python_operator.py took 0.056 seconds
[2023-11-30T17:56:17.262+0000] {processor.py:157} INFO - Started process (PID=294) to work on /home/airflow/.local/lib/python3.8/site-packages/airflow/example_dags/example_python_operator.py
[2023-11-30T17:56:17.262+0000] {processor.py:829} INFO - Processing file /home/airflow/.local/lib/python3.8/site-packages/airflow/example_dags/example_python_operator.py for tasks to queue
[2023-11-30T17:56:17.264+0000] {logging_mixin.py:151} INFO - [2023-11-30T17:56:17.264+0000] {dagbag.py:536} INFO - Filling up the DagBag from /home/airflow/.local/lib/python3.8/site-packages/airflow/example_dags/example_python_operator.py
[2023-11-30T17:56:17.273+0000] {processor.py:839} INFO - DAG(s) dict_keys(['example_python_operator']) retrieved from /home/airflow/.local/lib/python3.8/site-packages/airflow/example_dags/example_python_operator.py
[2023-11-30T17:56:17.292+0000] {logging_mixin.py:151} INFO - [2023-11-30T17:56:17.292+0000] {dag.py:2941} INFO - Sync 1 DAGs
[2023-11-30T17:56:17.302+0000] {logging_mixin.py:151} INFO - [2023-11-30T17:56:17.302+0000] {dag.py:3722} INFO - Setting next_dagrun for example_python_operator to None, run_after=None
[2023-11-30T17:56:17.319+0000] {processor.py:179} INFO - Processing /home/airflow/.local/lib/python3.8/site-packages/airflow/example_dags/example_python_operator.py took 0.060 seconds
[2023-11-30T17:56:37.546+0000] {processor.py:157} INFO - Started process (PID=65) to work on /home/airflow/.local/lib/python3.8/site-packages/airflow/example_dags/example_python_operator.py
[2023-11-30T17:56:37.547+0000] {processor.py:829} INFO - Processing file /home/airflow/.local/lib/python3.8/site-packages/airflow/example_dags/example_python_operator.py for tasks to queue
[2023-11-30T17:56:37.549+0000] {logging_mixin.py:151} INFO - [2023-11-30T17:56:37.549+0000] {dagbag.py:536} INFO - Filling up the DagBag from /home/airflow/.local/lib/python3.8/site-packages/airflow/example_dags/example_python_operator.py
[2023-11-30T17:56:37.561+0000] {processor.py:839} INFO - DAG(s) dict_keys(['example_python_operator']) retrieved from /home/airflow/.local/lib/python3.8/site-packages/airflow/example_dags/example_python_operator.py
[2023-11-30T17:56:37.666+0000] {logging_mixin.py:151} INFO - [2023-11-30T17:56:37.665+0000] {dag.py:2941} INFO - Sync 1 DAGs
[2023-11-30T17:56:37.675+0000] {logging_mixin.py:151} INFO - [2023-11-30T17:56:37.674+0000] {dag.py:3722} INFO - Setting next_dagrun for example_python_operator to None, run_after=None
[2023-11-30T17:56:37.695+0000] {processor.py:179} INFO - Processing /home/airflow/.local/lib/python3.8/site-packages/airflow/example_dags/example_python_operator.py took 0.153 seconds
