[2023-11-30T17:54:46.174+0000] {processor.py:157} INFO - Started process (PID=125) to work on /home/airflow/.local/lib/python3.8/site-packages/airflow/example_dags/example_branch_python_dop_operator_3.py
[2023-11-30T17:54:46.175+0000] {processor.py:829} INFO - Processing file /home/airflow/.local/lib/python3.8/site-packages/airflow/example_dags/example_branch_python_dop_operator_3.py for tasks to queue
[2023-11-30T17:54:46.201+0000] {logging_mixin.py:151} INFO - [2023-11-30T17:54:46.200+0000] {dagbag.py:536} INFO - Filling up the DagBag from /home/airflow/.local/lib/python3.8/site-packages/airflow/example_dags/example_branch_python_dop_operator_3.py
[2023-11-30T17:54:46.264+0000] {processor.py:839} INFO - DAG(s) dict_keys(['example_branch_dop_operator_v3']) retrieved from /home/airflow/.local/lib/python3.8/site-packages/airflow/example_dags/example_branch_python_dop_operator_3.py
[2023-11-30T17:54:46.339+0000] {logging_mixin.py:151} INFO - [2023-11-30T17:54:46.339+0000] {dag.py:2941} INFO - Sync 1 DAGs
[2023-11-30T17:54:46.456+0000] {logging_mixin.py:151} INFO - [2023-11-30T17:54:46.456+0000] {dag.py:3722} INFO - Setting next_dagrun for example_branch_dop_operator_v3 to 2023-11-30T17:53:00+00:00, run_after=2023-11-30T17:54:00+00:00
[2023-11-30T17:54:46.535+0000] {processor.py:179} INFO - Processing /home/airflow/.local/lib/python3.8/site-packages/airflow/example_dags/example_branch_python_dop_operator_3.py took 0.370 seconds
[2023-11-30T17:55:17.101+0000] {processor.py:157} INFO - Started process (PID=182) to work on /home/airflow/.local/lib/python3.8/site-packages/airflow/example_dags/example_branch_python_dop_operator_3.py
[2023-11-30T17:55:17.102+0000] {processor.py:829} INFO - Processing file /home/airflow/.local/lib/python3.8/site-packages/airflow/example_dags/example_branch_python_dop_operator_3.py for tasks to queue
[2023-11-30T17:55:17.103+0000] {logging_mixin.py:151} INFO - [2023-11-30T17:55:17.103+0000] {dagbag.py:536} INFO - Filling up the DagBag from /home/airflow/.local/lib/python3.8/site-packages/airflow/example_dags/example_branch_python_dop_operator_3.py
[2023-11-30T17:55:17.108+0000] {processor.py:839} INFO - DAG(s) dict_keys(['example_branch_dop_operator_v3']) retrieved from /home/airflow/.local/lib/python3.8/site-packages/airflow/example_dags/example_branch_python_dop_operator_3.py
[2023-11-30T17:55:17.124+0000] {logging_mixin.py:151} INFO - [2023-11-30T17:55:17.123+0000] {dag.py:2941} INFO - Sync 1 DAGs
[2023-11-30T17:55:17.150+0000] {logging_mixin.py:151} INFO - [2023-11-30T17:55:17.149+0000] {dag.py:3722} INFO - Setting next_dagrun for example_branch_dop_operator_v3 to 2023-11-30T17:54:00+00:00, run_after=2023-11-30T17:55:00+00:00
[2023-11-30T17:55:17.165+0000] {processor.py:179} INFO - Processing /home/airflow/.local/lib/python3.8/site-packages/airflow/example_dags/example_branch_python_dop_operator_3.py took 0.066 seconds
[2023-11-30T17:55:48.058+0000] {processor.py:157} INFO - Started process (PID=239) to work on /home/airflow/.local/lib/python3.8/site-packages/airflow/example_dags/example_branch_python_dop_operator_3.py
[2023-11-30T17:55:48.058+0000] {processor.py:829} INFO - Processing file /home/airflow/.local/lib/python3.8/site-packages/airflow/example_dags/example_branch_python_dop_operator_3.py for tasks to queue
[2023-11-30T17:55:48.060+0000] {logging_mixin.py:151} INFO - [2023-11-30T17:55:48.059+0000] {dagbag.py:536} INFO - Filling up the DagBag from /home/airflow/.local/lib/python3.8/site-packages/airflow/example_dags/example_branch_python_dop_operator_3.py
[2023-11-30T17:55:48.066+0000] {processor.py:839} INFO - DAG(s) dict_keys(['example_branch_dop_operator_v3']) retrieved from /home/airflow/.local/lib/python3.8/site-packages/airflow/example_dags/example_branch_python_dop_operator_3.py
[2023-11-30T17:55:48.080+0000] {logging_mixin.py:151} INFO - [2023-11-30T17:55:48.080+0000] {dag.py:2941} INFO - Sync 1 DAGs
[2023-11-30T17:55:48.105+0000] {logging_mixin.py:151} INFO - [2023-11-30T17:55:48.105+0000] {dag.py:3722} INFO - Setting next_dagrun for example_branch_dop_operator_v3 to 2023-11-30T17:54:00+00:00, run_after=2023-11-30T17:55:00+00:00
[2023-11-30T17:55:48.120+0000] {processor.py:179} INFO - Processing /home/airflow/.local/lib/python3.8/site-packages/airflow/example_dags/example_branch_python_dop_operator_3.py took 0.064 seconds
[2023-11-30T17:56:18.351+0000] {processor.py:157} INFO - Started process (PID=297) to work on /home/airflow/.local/lib/python3.8/site-packages/airflow/example_dags/example_branch_python_dop_operator_3.py
[2023-11-30T17:56:18.352+0000] {processor.py:829} INFO - Processing file /home/airflow/.local/lib/python3.8/site-packages/airflow/example_dags/example_branch_python_dop_operator_3.py for tasks to queue
[2023-11-30T17:56:18.353+0000] {logging_mixin.py:151} INFO - [2023-11-30T17:56:18.353+0000] {dagbag.py:536} INFO - Filling up the DagBag from /home/airflow/.local/lib/python3.8/site-packages/airflow/example_dags/example_branch_python_dop_operator_3.py
[2023-11-30T17:56:18.359+0000] {processor.py:839} INFO - DAG(s) dict_keys(['example_branch_dop_operator_v3']) retrieved from /home/airflow/.local/lib/python3.8/site-packages/airflow/example_dags/example_branch_python_dop_operator_3.py
[2023-11-30T17:56:18.377+0000] {logging_mixin.py:151} INFO - [2023-11-30T17:56:18.376+0000] {dag.py:2941} INFO - Sync 1 DAGs
[2023-11-30T17:56:18.403+0000] {logging_mixin.py:151} INFO - [2023-11-30T17:56:18.403+0000] {dag.py:3722} INFO - Setting next_dagrun for example_branch_dop_operator_v3 to 2023-11-30T17:55:00+00:00, run_after=2023-11-30T17:56:00+00:00
[2023-11-30T17:56:18.419+0000] {processor.py:179} INFO - Processing /home/airflow/.local/lib/python3.8/site-packages/airflow/example_dags/example_branch_python_dop_operator_3.py took 0.070 seconds
[2023-11-30T17:56:37.713+0000] {processor.py:157} INFO - Started process (PID=68) to work on /home/airflow/.local/lib/python3.8/site-packages/airflow/example_dags/example_branch_python_dop_operator_3.py
[2023-11-30T17:56:37.714+0000] {processor.py:829} INFO - Processing file /home/airflow/.local/lib/python3.8/site-packages/airflow/example_dags/example_branch_python_dop_operator_3.py for tasks to queue
[2023-11-30T17:56:37.715+0000] {logging_mixin.py:151} INFO - [2023-11-30T17:56:37.715+0000] {dagbag.py:536} INFO - Filling up the DagBag from /home/airflow/.local/lib/python3.8/site-packages/airflow/example_dags/example_branch_python_dop_operator_3.py
[2023-11-30T17:56:37.722+0000] {processor.py:839} INFO - DAG(s) dict_keys(['example_branch_dop_operator_v3']) retrieved from /home/airflow/.local/lib/python3.8/site-packages/airflow/example_dags/example_branch_python_dop_operator_3.py
[2023-11-30T17:56:37.736+0000] {logging_mixin.py:151} INFO - [2023-11-30T17:56:37.736+0000] {dag.py:2941} INFO - Sync 1 DAGs
[2023-11-30T17:56:37.758+0000] {logging_mixin.py:151} INFO - [2023-11-30T17:56:37.758+0000] {dag.py:3722} INFO - Setting next_dagrun for example_branch_dop_operator_v3 to 2023-11-30T17:55:00+00:00, run_after=2023-11-30T17:56:00+00:00
[2023-11-30T17:56:37.773+0000] {processor.py:179} INFO - Processing /home/airflow/.local/lib/python3.8/site-packages/airflow/example_dags/example_branch_python_dop_operator_3.py took 0.062 seconds
