[2023-11-30T17:54:41.230+0000] {processor.py:157} INFO - Started process (PID=88) to work on /home/airflow/.local/lib/python3.8/site-packages/airflow/example_dags/example_branch_labels.py
[2023-11-30T17:54:41.251+0000] {processor.py:829} INFO - Processing file /home/airflow/.local/lib/python3.8/site-packages/airflow/example_dags/example_branch_labels.py for tasks to queue
[2023-11-30T17:54:41.254+0000] {logging_mixin.py:151} INFO - [2023-11-30T17:54:41.253+0000] {dagbag.py:536} INFO - Filling up the DagBag from /home/airflow/.local/lib/python3.8/site-packages/airflow/example_dags/example_branch_labels.py
[2023-11-30T17:54:41.262+0000] {processor.py:839} INFO - DAG(s) dict_keys(['example_branch_labels']) retrieved from /home/airflow/.local/lib/python3.8/site-packages/airflow/example_dags/example_branch_labels.py
[2023-11-30T17:54:41.287+0000] {logging_mixin.py:151} INFO - [2023-11-30T17:54:41.287+0000] {dag.py:2941} INFO - Sync 1 DAGs
[2023-11-30T17:54:41.319+0000] {logging_mixin.py:151} INFO - [2023-11-30T17:54:41.318+0000] {dag.py:3722} INFO - Setting next_dagrun for example_branch_labels to 2023-11-29T00:00:00+00:00, run_after=2023-11-30T00:00:00+00:00
[2023-11-30T17:54:41.346+0000] {processor.py:179} INFO - Processing /home/airflow/.local/lib/python3.8/site-packages/airflow/example_dags/example_branch_labels.py took 0.120 seconds
[2023-11-30T17:55:11.862+0000] {processor.py:157} INFO - Started process (PID=145) to work on /home/airflow/.local/lib/python3.8/site-packages/airflow/example_dags/example_branch_labels.py
[2023-11-30T17:55:11.863+0000] {processor.py:829} INFO - Processing file /home/airflow/.local/lib/python3.8/site-packages/airflow/example_dags/example_branch_labels.py for tasks to queue
[2023-11-30T17:55:11.864+0000] {logging_mixin.py:151} INFO - [2023-11-30T17:55:11.864+0000] {dagbag.py:536} INFO - Filling up the DagBag from /home/airflow/.local/lib/python3.8/site-packages/airflow/example_dags/example_branch_labels.py
[2023-11-30T17:55:11.868+0000] {processor.py:839} INFO - DAG(s) dict_keys(['example_branch_labels']) retrieved from /home/airflow/.local/lib/python3.8/site-packages/airflow/example_dags/example_branch_labels.py
[2023-11-30T17:55:11.880+0000] {logging_mixin.py:151} INFO - [2023-11-30T17:55:11.880+0000] {dag.py:2941} INFO - Sync 1 DAGs
[2023-11-30T17:55:11.894+0000] {logging_mixin.py:151} INFO - [2023-11-30T17:55:11.894+0000] {dag.py:3722} INFO - Setting next_dagrun for example_branch_labels to 2023-11-29T00:00:00+00:00, run_after=2023-11-30T00:00:00+00:00
[2023-11-30T17:55:11.906+0000] {processor.py:179} INFO - Processing /home/airflow/.local/lib/python3.8/site-packages/airflow/example_dags/example_branch_labels.py took 0.046 seconds
[2023-11-30T17:55:42.891+0000] {processor.py:157} INFO - Started process (PID=202) to work on /home/airflow/.local/lib/python3.8/site-packages/airflow/example_dags/example_branch_labels.py
[2023-11-30T17:55:42.892+0000] {processor.py:829} INFO - Processing file /home/airflow/.local/lib/python3.8/site-packages/airflow/example_dags/example_branch_labels.py for tasks to queue
[2023-11-30T17:55:42.894+0000] {logging_mixin.py:151} INFO - [2023-11-30T17:55:42.894+0000] {dagbag.py:536} INFO - Filling up the DagBag from /home/airflow/.local/lib/python3.8/site-packages/airflow/example_dags/example_branch_labels.py
[2023-11-30T17:55:42.900+0000] {processor.py:839} INFO - DAG(s) dict_keys(['example_branch_labels']) retrieved from /home/airflow/.local/lib/python3.8/site-packages/airflow/example_dags/example_branch_labels.py
[2023-11-30T17:55:42.917+0000] {logging_mixin.py:151} INFO - [2023-11-30T17:55:42.917+0000] {dag.py:2941} INFO - Sync 1 DAGs
[2023-11-30T17:55:42.936+0000] {logging_mixin.py:151} INFO - [2023-11-30T17:55:42.936+0000] {dag.py:3722} INFO - Setting next_dagrun for example_branch_labels to 2023-11-29T00:00:00+00:00, run_after=2023-11-30T00:00:00+00:00
[2023-11-30T17:55:42.951+0000] {processor.py:179} INFO - Processing /home/airflow/.local/lib/python3.8/site-packages/airflow/example_dags/example_branch_labels.py took 0.062 seconds
[2023-11-30T17:56:13.140+0000] {processor.py:157} INFO - Started process (PID=259) to work on /home/airflow/.local/lib/python3.8/site-packages/airflow/example_dags/example_branch_labels.py
[2023-11-30T17:56:13.141+0000] {processor.py:829} INFO - Processing file /home/airflow/.local/lib/python3.8/site-packages/airflow/example_dags/example_branch_labels.py for tasks to queue
[2023-11-30T17:56:13.142+0000] {logging_mixin.py:151} INFO - [2023-11-30T17:56:13.142+0000] {dagbag.py:536} INFO - Filling up the DagBag from /home/airflow/.local/lib/python3.8/site-packages/airflow/example_dags/example_branch_labels.py
[2023-11-30T17:56:13.147+0000] {processor.py:839} INFO - DAG(s) dict_keys(['example_branch_labels']) retrieved from /home/airflow/.local/lib/python3.8/site-packages/airflow/example_dags/example_branch_labels.py
[2023-11-30T17:56:13.159+0000] {logging_mixin.py:151} INFO - [2023-11-30T17:56:13.159+0000] {dag.py:2941} INFO - Sync 1 DAGs
[2023-11-30T17:56:13.174+0000] {logging_mixin.py:151} INFO - [2023-11-30T17:56:13.173+0000] {dag.py:3722} INFO - Setting next_dagrun for example_branch_labels to 2023-11-29T00:00:00+00:00, run_after=2023-11-30T00:00:00+00:00
[2023-11-30T17:56:13.185+0000] {processor.py:179} INFO - Processing /home/airflow/.local/lib/python3.8/site-packages/airflow/example_dags/example_branch_labels.py took 0.046 seconds
[2023-11-30T17:56:35.834+0000] {processor.py:157} INFO - Started process (PID=38) to work on /home/airflow/.local/lib/python3.8/site-packages/airflow/example_dags/example_branch_labels.py
[2023-11-30T17:56:35.834+0000] {processor.py:829} INFO - Processing file /home/airflow/.local/lib/python3.8/site-packages/airflow/example_dags/example_branch_labels.py for tasks to queue
[2023-11-30T17:56:35.837+0000] {logging_mixin.py:151} INFO - [2023-11-30T17:56:35.837+0000] {dagbag.py:536} INFO - Filling up the DagBag from /home/airflow/.local/lib/python3.8/site-packages/airflow/example_dags/example_branch_labels.py
[2023-11-30T17:56:35.847+0000] {processor.py:839} INFO - DAG(s) dict_keys(['example_branch_labels']) retrieved from /home/airflow/.local/lib/python3.8/site-packages/airflow/example_dags/example_branch_labels.py
[2023-11-30T17:56:35.869+0000] {logging_mixin.py:151} INFO - [2023-11-30T17:56:35.869+0000] {dag.py:2941} INFO - Sync 1 DAGs
[2023-11-30T17:56:35.899+0000] {logging_mixin.py:151} INFO - [2023-11-30T17:56:35.898+0000] {dag.py:3722} INFO - Setting next_dagrun for example_branch_labels to 2023-11-29T00:00:00+00:00, run_after=2023-11-30T00:00:00+00:00
[2023-11-30T17:56:35.936+0000] {processor.py:179} INFO - Processing /home/airflow/.local/lib/python3.8/site-packages/airflow/example_dags/example_branch_labels.py took 0.106 seconds
