[2023-11-30T17:54:42.031+0000] {processor.py:157} INFO - Started process (PID=95) to work on /home/airflow/.local/lib/python3.8/site-packages/airflow/example_dags/tutorial_dag.py
[2023-11-30T17:54:42.031+0000] {processor.py:829} INFO - Processing file /home/airflow/.local/lib/python3.8/site-packages/airflow/example_dags/tutorial_dag.py for tasks to queue
[2023-11-30T17:54:42.034+0000] {logging_mixin.py:151} INFO - [2023-11-30T17:54:42.033+0000] {dagbag.py:536} INFO - Filling up the DagBag from /home/airflow/.local/lib/python3.8/site-packages/airflow/example_dags/tutorial_dag.py
[2023-11-30T17:54:42.039+0000] {processor.py:839} INFO - DAG(s) dict_keys(['tutorial_dag']) retrieved from /home/airflow/.local/lib/python3.8/site-packages/airflow/example_dags/tutorial_dag.py
[2023-11-30T17:54:42.062+0000] {logging_mixin.py:151} INFO - [2023-11-30T17:54:42.062+0000] {dag.py:2941} INFO - Sync 1 DAGs
[2023-11-30T17:54:42.078+0000] {logging_mixin.py:151} INFO - [2023-11-30T17:54:42.078+0000] {dag.py:3722} INFO - Setting next_dagrun for tutorial_dag to None, run_after=None
[2023-11-30T17:54:42.114+0000] {processor.py:179} INFO - Processing /home/airflow/.local/lib/python3.8/site-packages/airflow/example_dags/tutorial_dag.py took 0.086 seconds
[2023-11-30T17:55:12.182+0000] {processor.py:157} INFO - Started process (PID=152) to work on /home/airflow/.local/lib/python3.8/site-packages/airflow/example_dags/tutorial_dag.py
[2023-11-30T17:55:12.182+0000] {processor.py:829} INFO - Processing file /home/airflow/.local/lib/python3.8/site-packages/airflow/example_dags/tutorial_dag.py for tasks to queue
[2023-11-30T17:55:12.184+0000] {logging_mixin.py:151} INFO - [2023-11-30T17:55:12.183+0000] {dagbag.py:536} INFO - Filling up the DagBag from /home/airflow/.local/lib/python3.8/site-packages/airflow/example_dags/tutorial_dag.py
[2023-11-30T17:55:12.187+0000] {processor.py:839} INFO - DAG(s) dict_keys(['tutorial_dag']) retrieved from /home/airflow/.local/lib/python3.8/site-packages/airflow/example_dags/tutorial_dag.py
[2023-11-30T17:55:12.202+0000] {logging_mixin.py:151} INFO - [2023-11-30T17:55:12.202+0000] {dag.py:2941} INFO - Sync 1 DAGs
[2023-11-30T17:55:12.218+0000] {logging_mixin.py:151} INFO - [2023-11-30T17:55:12.218+0000] {dag.py:3722} INFO - Setting next_dagrun for tutorial_dag to None, run_after=None
[2023-11-30T17:55:12.251+0000] {processor.py:179} INFO - Processing /home/airflow/.local/lib/python3.8/site-packages/airflow/example_dags/tutorial_dag.py took 0.071 seconds
[2023-11-30T17:55:43.159+0000] {processor.py:157} INFO - Started process (PID=209) to work on /home/airflow/.local/lib/python3.8/site-packages/airflow/example_dags/tutorial_dag.py
[2023-11-30T17:55:43.160+0000] {processor.py:829} INFO - Processing file /home/airflow/.local/lib/python3.8/site-packages/airflow/example_dags/tutorial_dag.py for tasks to queue
[2023-11-30T17:55:43.161+0000] {logging_mixin.py:151} INFO - [2023-11-30T17:55:43.161+0000] {dagbag.py:536} INFO - Filling up the DagBag from /home/airflow/.local/lib/python3.8/site-packages/airflow/example_dags/tutorial_dag.py
[2023-11-30T17:55:43.166+0000] {processor.py:839} INFO - DAG(s) dict_keys(['tutorial_dag']) retrieved from /home/airflow/.local/lib/python3.8/site-packages/airflow/example_dags/tutorial_dag.py
[2023-11-30T17:55:43.184+0000] {logging_mixin.py:151} INFO - [2023-11-30T17:55:43.184+0000] {dag.py:2941} INFO - Sync 1 DAGs
[2023-11-30T17:55:43.197+0000] {logging_mixin.py:151} INFO - [2023-11-30T17:55:43.197+0000] {dag.py:3722} INFO - Setting next_dagrun for tutorial_dag to None, run_after=None
[2023-11-30T17:55:43.210+0000] {processor.py:179} INFO - Processing /home/airflow/.local/lib/python3.8/site-packages/airflow/example_dags/tutorial_dag.py took 0.054 seconds
[2023-11-30T17:56:13.410+0000] {processor.py:157} INFO - Started process (PID=266) to work on /home/airflow/.local/lib/python3.8/site-packages/airflow/example_dags/tutorial_dag.py
[2023-11-30T17:56:13.411+0000] {processor.py:829} INFO - Processing file /home/airflow/.local/lib/python3.8/site-packages/airflow/example_dags/tutorial_dag.py for tasks to queue
[2023-11-30T17:56:13.412+0000] {logging_mixin.py:151} INFO - [2023-11-30T17:56:13.412+0000] {dagbag.py:536} INFO - Filling up the DagBag from /home/airflow/.local/lib/python3.8/site-packages/airflow/example_dags/tutorial_dag.py
[2023-11-30T17:56:13.416+0000] {processor.py:839} INFO - DAG(s) dict_keys(['tutorial_dag']) retrieved from /home/airflow/.local/lib/python3.8/site-packages/airflow/example_dags/tutorial_dag.py
[2023-11-30T17:56:13.433+0000] {logging_mixin.py:151} INFO - [2023-11-30T17:56:13.432+0000] {dag.py:2941} INFO - Sync 1 DAGs
[2023-11-30T17:56:13.442+0000] {logging_mixin.py:151} INFO - [2023-11-30T17:56:13.442+0000] {dag.py:3722} INFO - Setting next_dagrun for tutorial_dag to None, run_after=None
[2023-11-30T17:56:13.457+0000] {processor.py:179} INFO - Processing /home/airflow/.local/lib/python3.8/site-packages/airflow/example_dags/tutorial_dag.py took 0.049 seconds
[2023-11-30T17:56:36.254+0000] {processor.py:157} INFO - Started process (PID=45) to work on /home/airflow/.local/lib/python3.8/site-packages/airflow/example_dags/tutorial_dag.py
[2023-11-30T17:56:36.255+0000] {processor.py:829} INFO - Processing file /home/airflow/.local/lib/python3.8/site-packages/airflow/example_dags/tutorial_dag.py for tasks to queue
[2023-11-30T17:56:36.257+0000] {logging_mixin.py:151} INFO - [2023-11-30T17:56:36.257+0000] {dagbag.py:536} INFO - Filling up the DagBag from /home/airflow/.local/lib/python3.8/site-packages/airflow/example_dags/tutorial_dag.py
[2023-11-30T17:56:36.264+0000] {processor.py:839} INFO - DAG(s) dict_keys(['tutorial_dag']) retrieved from /home/airflow/.local/lib/python3.8/site-packages/airflow/example_dags/tutorial_dag.py
[2023-11-30T17:56:36.286+0000] {logging_mixin.py:151} INFO - [2023-11-30T17:56:36.286+0000] {dag.py:2941} INFO - Sync 1 DAGs
[2023-11-30T17:56:36.300+0000] {logging_mixin.py:151} INFO - [2023-11-30T17:56:36.300+0000] {dag.py:3722} INFO - Setting next_dagrun for tutorial_dag to None, run_after=None
[2023-11-30T17:56:36.329+0000] {processor.py:179} INFO - Processing /home/airflow/.local/lib/python3.8/site-packages/airflow/example_dags/tutorial_dag.py took 0.078 seconds
